[0.098s] Invoking command in '/home/jishnu/project/ros2-project/projects/workspace/build/tutorial_interfaces': CMAKE_PREFIX_PATH=/opt/ros/humble /usr/bin/cmake --build /home/jishnu/project/ros2-project/projects/workspace/build/tutorial_interfaces -- -j8 -l8
[0.589s] [  2%] Built target tutorial_interfaces__cpp
[0.589s] [35m[1mConsolidate compiler generated dependencies of target tutorial_interfaces__rosidl_generator_c[0m
[0.589s] [ 12%] Built target tutorial_interfaces__rosidl_generator_c
[0.589s] [35m[1mConsolidate compiler generated dependencies of target tutorial_interfaces__rosidl_typesupport_cpp[0m
[0.589s] [35m[1mConsolidate compiler generated dependencies of target tutorial_interfaces__rosidl_typesupport_introspection_c[0m
[0.589s] [35m[1mConsolidate compiler generated dependencies of target tutorial_interfaces__rosidl_typesupport_fastrtps_cpp[0m
[0.590s] [35m[1mConsolidate compiler generated dependencies of target tutorial_interfaces__rosidl_typesupport_introspection_cpp[0m
[0.590s] [ 23%] Built target tutorial_interfaces__rosidl_typesupport_cpp
[0.590s] [35m[1mConsolidate compiler generated dependencies of target tutorial_interfaces__rosidl_typesupport_fastrtps_c[0m
[0.590s] [35m[1mConsolidate compiler generated dependencies of target tutorial_interfaces__rosidl_typesupport_c[0m
[0.590s] [ 34%] Built target tutorial_interfaces__rosidl_typesupport_introspection_c
[0.590s] [ 44%] Built target tutorial_interfaces__rosidl_typesupport_introspection_cpp
[0.590s] [ 55%] Built target tutorial_interfaces__rosidl_typesupport_c
[0.590s] [ 65%] Built target tutorial_interfaces__rosidl_typesupport_fastrtps_cpp
[0.590s] [ 76%] Built target tutorial_interfaces__rosidl_typesupport_fastrtps_c
[0.590s] [ 76%] Built target tutorial_interfaces
[0.591s] [ 78%] Built target tutorial_interfaces__py
[0.747s] [35m[1mConsolidate compiler generated dependencies of target tutorial_interfaces__rosidl_generator_py[0m
[0.753s] [ 78%] Built target ament_cmake_python_copy_tutorial_interfaces
[0.758s] [ 87%] Built target tutorial_interfaces__rosidl_generator_py
[0.806s] [35m[1mConsolidate compiler generated dependencies of target tutorial_interfaces__rosidl_typesupport_introspection_c__pyext[0m
[0.806s] [35m[1mConsolidate compiler generated dependencies of target tutorial_interfaces__rosidl_typesupport_fastrtps_c__pyext[0m
[0.816s] [ 91%] Built target tutorial_interfaces__rosidl_typesupport_fastrtps_c__pyext
[0.817s] [ 95%] Built target tutorial_interfaces__rosidl_typesupport_introspection_c__pyext
[0.898s] [35m[1mConsolidate compiler generated dependencies of target tutorial_interfaces__rosidl_typesupport_c__pyext[0m
[0.912s] [100%] Built target tutorial_interfaces__rosidl_typesupport_c__pyext
[1.137s] running egg_info
[1.139s] writing tutorial_interfaces.egg-info/PKG-INFO
[1.139s] writing dependency_links to tutorial_interfaces.egg-info/dependency_links.txt
[1.139s] writing top-level names to tutorial_interfaces.egg-info/top_level.txt
[1.142s] reading manifest file 'tutorial_interfaces.egg-info/SOURCES.txt'
[1.169s] writing manifest file 'tutorial_interfaces.egg-info/SOURCES.txt'
[1.207s] [100%] Built target ament_cmake_python_build_tutorial_interfaces_egg
