[1.582s] Invoking command in '/home/jishnu/project/ros2-project/projects/ros2_ws/build/examples_rclpy_minimal_client': PYTHONPATH=/home/jishnu/project/ros2-project/projects/ros2_ws/install/examples_rclpy_minimal_client/lib/python3.10/site-packages:${PYTHONPATH} /usr/bin/python3 setup.py develop --prefix /home/jishnu/project/ros2-project/projects/ros2_ws/install/examples_rclpy_minimal_client --editable --build-directory /home/jishnu/project/ros2-project/projects/ros2_ws/build/examples_rclpy_minimal_client/build --no-deps install_data --install-dir /home/jishnu/project/ros2-project/projects/ros2_ws/install/examples_rclpy_minimal_client
[2.383s] running develop
[2.383s] running egg_info
[2.383s] creating examples_rclpy_minimal_client.egg-info
[2.384s] writing examples_rclpy_minimal_client.egg-info/PKG-INFO
[2.384s] writing dependency_links to examples_rclpy_minimal_client.egg-info/dependency_links.txt
[2.384s] writing entry points to examples_rclpy_minimal_client.egg-info/entry_points.txt
[2.384s] writing requirements to examples_rclpy_minimal_client.egg-info/requires.txt
[2.384s] writing top-level names to examples_rclpy_minimal_client.egg-info/top_level.txt
[2.384s] writing manifest file 'examples_rclpy_minimal_client.egg-info/SOURCES.txt'
[2.384s] reading manifest file 'examples_rclpy_minimal_client.egg-info/SOURCES.txt'
[2.384s] writing manifest file 'examples_rclpy_minimal_client.egg-info/SOURCES.txt'
[2.385s] running build_ext
[2.385s] Creating /home/jishnu/project/ros2-project/projects/ros2_ws/install/examples_rclpy_minimal_client/lib/python3.10/site-packages/examples-rclpy-minimal-client.egg-link (link to .)
[2.385s] Installing client script to /home/jishnu/project/ros2-project/projects/ros2_ws/install/examples_rclpy_minimal_client/lib/examples_rclpy_minimal_client
[2.385s] Installing client_async script to /home/jishnu/project/ros2-project/projects/ros2_ws/install/examples_rclpy_minimal_client/lib/examples_rclpy_minimal_client
[2.385s] Installing client_async_callback script to /home/jishnu/project/ros2-project/projects/ros2_ws/install/examples_rclpy_minimal_client/lib/examples_rclpy_minimal_client
[2.385s] Installing client_async_member_function script to /home/jishnu/project/ros2-project/projects/ros2_ws/install/examples_rclpy_minimal_client/lib/examples_rclpy_minimal_client
[2.385s] 
[2.385s] Installed /home/jishnu/project/ros2-project/projects/ros2_ws/build/examples_rclpy_minimal_client
[2.385s] running install_data
[2.386s] creating /home/jishnu/project/ros2-project/projects/ros2_ws/install/examples_rclpy_minimal_client/share/ament_index
[2.386s] creating /home/jishnu/project/ros2-project/projects/ros2_ws/install/examples_rclpy_minimal_client/share/ament_index/resource_index
[2.386s] creating /home/jishnu/project/ros2-project/projects/ros2_ws/install/examples_rclpy_minimal_client/share/ament_index/resource_index/packages
[2.386s] copying resource/examples_rclpy_minimal_client -> /home/jishnu/project/ros2-project/projects/ros2_ws/install/examples_rclpy_minimal_client/share/ament_index/resource_index/packages
[2.386s] copying package.xml -> /home/jishnu/project/ros2-project/projects/ros2_ws/install/examples_rclpy_minimal_client/share/examples_rclpy_minimal_client
[2.387s] /usr/lib/python3/dist-packages/setuptools/command/easy_install.py:158: EasyInstallDeprecationWarning: easy_install command is deprecated. Use build and pip and other standards-based tools.
[2.387s]   warnings.warn(
[2.387s] /usr/lib/python3/dist-packages/setuptools/command/install.py:34: SetuptoolsDeprecationWarning: setup.py install is deprecated. Use build and pip and other standards-based tools.
[2.387s]   warnings.warn(
[2.387s] /usr/lib/python3/dist-packages/pkg_resources/__init__.py:116: PkgResourcesDeprecationWarning: 0.1.43ubuntu1 is an invalid version and will not be supported in a future release
[2.387s]   warnings.warn(
[2.387s] /usr/lib/python3/dist-packages/pkg_resources/__init__.py:116: PkgResourcesDeprecationWarning: 1.1build1 is an invalid version and will not be supported in a future release
[2.388s]   warnings.warn(
[2.487s] Invoked command in '/home/jishnu/project/ros2-project/projects/ros2_ws/build/examples_rclpy_minimal_client' returned '0': PYTHONPATH=/home/jishnu/project/ros2-project/projects/ros2_ws/install/examples_rclpy_minimal_client/lib/python3.10/site-packages:${PYTHONPATH} /usr/bin/python3 setup.py develop --prefix /home/jishnu/project/ros2-project/projects/ros2_ws/install/examples_rclpy_minimal_client --editable --build-directory /home/jishnu/project/ros2-project/projects/ros2_ws/build/examples_rclpy_minimal_client/build --no-deps install_data --install-dir /home/jishnu/project/ros2-project/projects/ros2_ws/install/examples_rclpy_minimal_client
