[0.034s] Invoking command in '/home/jishnu/project/ros2-project/projects/workspace/src/build/action_tutorials_interfaces': CMAKE_PREFIX_PATH=${CMAKE_PREFIX_PATH}:/home/jishnu/project/ros2-project/projects/workspace/src/install/py_pubsub:/home/jishnu/project/moveit-projects/ws_moveit2/install/ros2controlcli:/home/jishnu/project/moveit-projects/ws_moveit2/install/moveit_configs_utils:/home/jishnu/ws_moveit2/install/ros2controlcli:/home/jishnu/ws_moveit2/install/moveit_configs_utils:/opt/ros/humble /usr/bin/cmake --build /home/jishnu/project/ros2-project/projects/workspace/src/build/action_tutorials_interfaces -- -j8 -l8
[0.140s] [  9%] Built target action_tutorials_interfaces__cpp
[0.140s] [ 12%] Built target action_tutorials_interfaces__rosidl_generator_c
[0.153s] [ 12%] Built target ament_cmake_python_copy_action_tutorials_interfaces
[0.175s] [ 29%] Built target action_tutorials_interfaces__rosidl_typesupport_introspection_cpp
[0.175s] [ 35%] Built target action_tutorials_interfaces__rosidl_typesupport_cpp
[0.175s] [ 41%] Built target action_tutorials_interfaces__rosidl_typesupport_fastrtps_cpp
[0.186s] [ 51%] Built target action_tutorials_interfaces__rosidl_typesupport_c
[0.189s] [ 61%] Built target action_tutorials_interfaces__rosidl_typesupport_introspection_c
[0.189s] [ 70%] Built target action_tutorials_interfaces__rosidl_typesupport_fastrtps_c
[0.224s] [ 70%] Built target action_tutorials_interfaces
[0.250s] [ 74%] Built target action_tutorials_interfaces__py
[0.276s] [ 80%] Built target action_tutorials_interfaces__rosidl_generator_py
[0.313s] [ 87%] Built target action_tutorials_interfaces__rosidl_typesupport_introspection_c__pyext
[0.314s] [ 93%] Built target action_tutorials_interfaces__rosidl_typesupport_fastrtps_c__pyext
[0.314s] [100%] Built target action_tutorials_interfaces__rosidl_typesupport_c__pyext
[0.399s] running egg_info
[0.400s] writing action_tutorials_interfaces.egg-info/PKG-INFO
[0.400s] writing dependency_links to action_tutorials_interfaces.egg-info/dependency_links.txt
[0.401s] writing top-level names to action_tutorials_interfaces.egg-info/top_level.txt
[0.403s] reading manifest file 'action_tutorials_interfaces.egg-info/SOURCES.txt'
[0.404s] writing manifest file 'action_tutorials_interfaces.egg-info/SOURCES.txt'
[0.434s] [100%] Built target ament_cmake_python_build_action_tutorials_interfaces_egg
[0.448s] Invoked command in '/home/jishnu/project/ros2-project/projects/workspace/src/build/action_tutorials_interfaces' returned '0': CMAKE_PREFIX_PATH=${CMAKE_PREFIX_PATH}:/home/jishnu/project/ros2-project/projects/workspace/src/install/py_pubsub:/home/jishnu/project/moveit-projects/ws_moveit2/install/ros2controlcli:/home/jishnu/project/moveit-projects/ws_moveit2/install/moveit_configs_utils:/home/jishnu/ws_moveit2/install/ros2controlcli:/home/jishnu/ws_moveit2/install/moveit_configs_utils:/opt/ros/humble /usr/bin/cmake --build /home/jishnu/project/ros2-project/projects/workspace/src/build/action_tutorials_interfaces -- -j8 -l8
[0.630s] Invoking command in '/home/jishnu/project/ros2-project/projects/workspace/src/build/action_tutorials_interfaces': CMAKE_PREFIX_PATH=${CMAKE_PREFIX_PATH}:/home/jishnu/project/ros2-project/projects/workspace/src/install/py_pubsub:/home/jishnu/project/moveit-projects/ws_moveit2/install/ros2controlcli:/home/jishnu/project/moveit-projects/ws_moveit2/install/moveit_configs_utils:/home/jishnu/ws_moveit2/install/ros2controlcli:/home/jishnu/ws_moveit2/install/moveit_configs_utils:/opt/ros/humble /usr/bin/cmake --install /home/jishnu/project/ros2-project/projects/workspace/src/build/action_tutorials_interfaces
[0.645s] -- Install configuration: ""
[0.645s] -- Up-to-date: /home/jishnu/project/ros2-project/projects/workspace/src/install/action_tutorials_interfaces/share/ament_index/resource_index/rosidl_interfaces/action_tutorials_interfaces
[0.646s] -- Up-to-date: /home/jishnu/project/ros2-project/projects/workspace/src/install/action_tutorials_interfaces/include/action_tutorials_interfaces/action_tutorials_interfaces
[0.646s] -- Up-to-date: /home/jishnu/project/ros2-project/projects/workspace/src/install/action_tutorials_interfaces/include/action_tutorials_interfaces/action_tutorials_interfaces/msg
[0.646s] -- Up-to-date: /home/jishnu/project/ros2-project/projects/workspace/src/install/action_tutorials_interfaces/include/action_tutorials_interfaces/action_tutorials_interfaces/msg/rosidl_generator_c__visibility_control.h
[0.646s] -- Up-to-date: /home/jishnu/project/ros2-project/projects/workspace/src/install/action_tutorials_interfaces/include/action_tutorials_interfaces/action_tutorials_interfaces/action
[0.646s] -- Up-to-date: /home/jishnu/project/ros2-project/projects/workspace/src/install/action_tutorials_interfaces/include/action_tutorials_interfaces/action_tutorials_interfaces/action/fibonacci.h
[0.646s] -- Up-to-date: /home/jishnu/project/ros2-project/projects/workspace/src/install/action_tutorials_interfaces/include/action_tutorials_interfaces/action_tutorials_interfaces/action/detail
[0.646s] -- Up-to-date: /home/jishnu/project/ros2-project/projects/workspace/src/install/action_tutorials_interfaces/include/action_tutorials_interfaces/action_tutorials_interfaces/action/detail/fibonacci__functions.h
[0.646s] -- Up-to-date: /home/jishnu/project/ros2-project/projects/workspace/src/install/action_tutorials_interfaces/include/action_tutorials_interfaces/action_tutorials_interfaces/action/detail/fibonacci__functions.c
[0.646s] -- Up-to-date: /home/jishnu/project/ros2-project/projects/workspace/src/install/action_tutorials_interfaces/include/action_tutorials_interfaces/action_tutorials_interfaces/action/detail/fibonacci__type_support.h
[0.646s] -- Up-to-date: /home/jishnu/project/ros2-project/projects/workspace/src/install/action_tutorials_interfaces/include/action_tutorials_interfaces/action_tutorials_interfaces/action/detail/fibonacci__struct.h
[0.647s] -- Up-to-date: /home/jishnu/project/ros2-project/projects/workspace/src/install/action_tutorials_interfaces/share/action_tutorials_interfaces/environment/library_path.sh
[0.647s] -- Installing: /home/jishnu/project/ros2-project/projects/workspace/src/install/action_tutorials_interfaces/share/action_tutorials_interfaces/environment/library_path.dsv
[0.647s] -- Up-to-date: /home/jishnu/project/ros2-project/projects/workspace/src/install/action_tutorials_interfaces/lib/libaction_tutorials_interfaces__rosidl_generator_c.so
[0.647s] -- Up-to-date: /home/jishnu/project/ros2-project/projects/workspace/src/install/action_tutorials_interfaces/include/action_tutorials_interfaces/action_tutorials_interfaces
[0.647s] -- Up-to-date: /home/jishnu/project/ros2-project/projects/workspace/src/install/action_tutorials_interfaces/include/action_tutorials_interfaces/action_tutorials_interfaces/msg
[0.647s] -- Up-to-date: /home/jishnu/project/ros2-project/projects/workspace/src/install/action_tutorials_interfaces/include/action_tutorials_interfaces/action_tutorials_interfaces/msg/rosidl_typesupport_fastrtps_c__visibility_control.h
[0.647s] -- Up-to-date: /home/jishnu/project/ros2-project/projects/workspace/src/install/action_tutorials_interfaces/include/action_tutorials_interfaces/action_tutorials_interfaces/action
[0.647s] -- Up-to-date: /home/jishnu/project/ros2-project/projects/workspace/src/install/action_tutorials_interfaces/include/action_tutorials_interfaces/action_tutorials_interfaces/action/detail
[0.647s] -- Up-to-date: /home/jishnu/project/ros2-project/projects/workspace/src/install/action_tutorials_interfaces/include/action_tutorials_interfaces/action_tutorials_interfaces/action/detail/fibonacci__rosidl_typesupport_fastrtps_c.h
[0.647s] -- Up-to-date: /home/jishnu/project/ros2-project/projects/workspace/src/install/action_tutorials_interfaces/lib/libaction_tutorials_interfaces__rosidl_typesupport_fastrtps_c.so
[0.647s] -- Up-to-date: /home/jishnu/project/ros2-project/projects/workspace/src/install/action_tutorials_interfaces/include/action_tutorials_interfaces/action_tutorials_interfaces
[0.647s] -- Up-to-date: /home/jishnu/project/ros2-project/projects/workspace/src/install/action_tutorials_interfaces/include/action_tutorials_interfaces/action_tutorials_interfaces/msg
[0.648s] -- Up-to-date: /home/jishnu/project/ros2-project/projects/workspace/src/install/action_tutorials_interfaces/include/action_tutorials_interfaces/action_tutorials_interfaces/msg/rosidl_typesupport_introspection_c__visibility_control.h
[0.648s] -- Up-to-date: /home/jishnu/project/ros2-project/projects/workspace/src/install/action_tutorials_interfaces/include/action_tutorials_interfaces/action_tutorials_interfaces/action
[0.648s] -- Up-to-date: /home/jishnu/project/ros2-project/projects/workspace/src/install/action_tutorials_interfaces/include/action_tutorials_interfaces/action_tutorials_interfaces/action/detail
[0.648s] -- Up-to-date: /home/jishnu/project/ros2-project/projects/workspace/src/install/action_tutorials_interfaces/include/action_tutorials_interfaces/action_tutorials_interfaces/action/detail/fibonacci__type_support.c
[0.648s] -- Up-to-date: /home/jishnu/project/ros2-project/projects/workspace/src/install/action_tutorials_interfaces/include/action_tutorials_interfaces/action_tutorials_interfaces/action/detail/fibonacci__rosidl_typesupport_introspection_c.h
[0.648s] -- Up-to-date: /home/jishnu/project/ros2-project/projects/workspace/src/install/action_tutorials_interfaces/lib/libaction_tutorials_interfaces__rosidl_typesupport_introspection_c.so
[0.648s] -- Up-to-date: /home/jishnu/project/ros2-project/projects/workspace/src/install/action_tutorials_interfaces/lib/libaction_tutorials_interfaces__rosidl_typesupport_c.so
[0.648s] -- Up-to-date: /home/jishnu/project/ros2-project/projects/workspace/src/install/action_tutorials_interfaces/include/action_tutorials_interfaces/action_tutorials_interfaces
[0.648s] -- Up-to-date: /home/jishnu/project/ros2-project/projects/workspace/src/install/action_tutorials_interfaces/include/action_tutorials_interfaces/action_tutorials_interfaces/action
[0.648s] -- Up-to-date: /home/jishnu/project/ros2-project/projects/workspace/src/install/action_tutorials_interfaces/include/action_tutorials_interfaces/action_tutorials_interfaces/action/fibonacci.hpp
[0.648s] -- Up-to-date: /home/jishnu/project/ros2-project/projects/workspace/src/install/action_tutorials_interfaces/include/action_tutorials_interfaces/action_tutorials_interfaces/action/detail
[0.648s] -- Up-to-date: /home/jishnu/project/ros2-project/projects/workspace/src/install/action_tutorials_interfaces/include/action_tutorials_interfaces/action_tutorials_interfaces/action/detail/fibonacci__builder.hpp
[0.648s] -- Up-to-date: /home/jishnu/project/ros2-project/projects/workspace/src/install/action_tutorials_interfaces/include/action_tutorials_interfaces/action_tutorials_interfaces/action/detail/fibonacci__struct.hpp
[0.648s] -- Up-to-date: /home/jishnu/project/ros2-project/projects/workspace/src/install/action_tutorials_interfaces/include/action_tutorials_interfaces/action_tutorials_interfaces/action/detail/fibonacci__traits.hpp
[0.648s] -- Up-to-date: /home/jishnu/project/ros2-project/projects/workspace/src/install/action_tutorials_interfaces/include/action_tutorials_interfaces/action_tutorials_interfaces
[0.649s] -- Up-to-date: /home/jishnu/project/ros2-project/projects/workspace/src/install/action_tutorials_interfaces/include/action_tutorials_interfaces/action_tutorials_interfaces/msg
[0.649s] -- Up-to-date: /home/jishnu/project/ros2-project/projects/workspace/src/install/action_tutorials_interfaces/include/action_tutorials_interfaces/action_tutorials_interfaces/msg/rosidl_typesupport_fastrtps_cpp__visibility_control.h
[0.649s] -- Up-to-date: /home/jishnu/project/ros2-project/projects/workspace/src/install/action_tutorials_interfaces/include/action_tutorials_interfaces/action_tutorials_interfaces/action
[0.649s] -- Up-to-date: /home/jishnu/project/ros2-project/projects/workspace/src/install/action_tutorials_interfaces/include/action_tutorials_interfaces/action_tutorials_interfaces/action/detail
[0.649s] -- Up-to-date: /home/jishnu/project/ros2-project/projects/workspace/src/install/action_tutorials_interfaces/include/action_tutorials_interfaces/action_tutorials_interfaces/action/detail/fibonacci__rosidl_typesupport_fastrtps_cpp.hpp
[0.649s] -- Up-to-date: /home/jishnu/project/ros2-project/projects/workspace/src/install/action_tutorials_interfaces/include/action_tutorials_interfaces/action_tutorials_interfaces/action/detail/dds_fastrtps
[0.649s] -- Up-to-date: /home/jishnu/project/ros2-project/projects/workspace/src/install/action_tutorials_interfaces/lib/libaction_tutorials_interfaces__rosidl_typesupport_fastrtps_cpp.so
[0.649s] -- Up-to-date: /home/jishnu/project/ros2-project/projects/workspace/src/install/action_tutorials_interfaces/include/action_tutorials_interfaces/action_tutorials_interfaces
[0.649s] -- Up-to-date: /home/jishnu/project/ros2-project/projects/workspace/src/install/action_tutorials_interfaces/include/action_tutorials_interfaces/action_tutorials_interfaces/action
[0.649s] -- Up-to-date: /home/jishnu/project/ros2-project/projects/workspace/src/install/action_tutorials_interfaces/include/action_tutorials_interfaces/action_tutorials_interfaces/action/detail
[0.649s] -- Up-to-date: /home/jishnu/project/ros2-project/projects/workspace/src/install/action_tutorials_interfaces/include/action_tutorials_interfaces/action_tutorials_interfaces/action/detail/fibonacci__rosidl_typesupport_introspection_cpp.hpp
[0.649s] -- Up-to-date: /home/jishnu/project/ros2-project/projects/workspace/src/install/action_tutorials_interfaces/include/action_tutorials_interfaces/action_tutorials_interfaces/action/detail/fibonacci__type_support.cpp
[0.650s] -- Up-to-date: /home/jishnu/project/ros2-project/projects/workspace/src/install/action_tutorials_interfaces/lib/libaction_tutorials_interfaces__rosidl_typesupport_introspection_cpp.so
[0.650s] -- Up-to-date: /home/jishnu/project/ros2-project/projects/workspace/src/install/action_tutorials_interfaces/lib/libaction_tutorials_interfaces__rosidl_typesupport_cpp.so
[0.650s] -- Up-to-date: /home/jishnu/project/ros2-project/projects/workspace/src/install/action_tutorials_interfaces/share/action_tutorials_interfaces/environment/pythonpath.sh
[0.650s] -- Installing: /home/jishnu/project/ros2-project/projects/workspace/src/install/action_tutorials_interfaces/share/action_tutorials_interfaces/environment/pythonpath.dsv
[0.650s] -- Up-to-date: /home/jishnu/project/ros2-project/projects/workspace/src/install/action_tutorials_interfaces/local/lib/python3.10/dist-packages/action_tutorials_interfaces-0.0.0-py3.10.egg-info
[0.650s] -- Installing: /home/jishnu/project/ros2-project/projects/workspace/src/install/action_tutorials_interfaces/local/lib/python3.10/dist-packages/action_tutorials_interfaces-0.0.0-py3.10.egg-info/top_level.txt
[0.650s] -- Installing: /home/jishnu/project/ros2-project/projects/workspace/src/install/action_tutorials_interfaces/local/lib/python3.10/dist-packages/action_tutorials_interfaces-0.0.0-py3.10.egg-info/dependency_links.txt
[0.650s] -- Installing: /home/jishnu/project/ros2-project/projects/workspace/src/install/action_tutorials_interfaces/local/lib/python3.10/dist-packages/action_tutorials_interfaces-0.0.0-py3.10.egg-info/SOURCES.txt
[0.650s] -- Installing: /home/jishnu/project/ros2-project/projects/workspace/src/install/action_tutorials_interfaces/local/lib/python3.10/dist-packages/action_tutorials_interfaces-0.0.0-py3.10.egg-info/PKG-INFO
[0.650s] -- Up-to-date: /home/jishnu/project/ros2-project/projects/workspace/src/install/action_tutorials_interfaces/local/lib/python3.10/dist-packages/action_tutorials_interfaces
[0.650s] -- Up-to-date: /home/jishnu/project/ros2-project/projects/workspace/src/install/action_tutorials_interfaces/local/lib/python3.10/dist-packages/action_tutorials_interfaces/_action_tutorials_interfaces_s.ep.rosidl_typesupport_c.c
[0.650s] -- Up-to-date: /home/jishnu/project/ros2-project/projects/workspace/src/install/action_tutorials_interfaces/local/lib/python3.10/dist-packages/action_tutorials_interfaces/action_tutorials_interfaces_s__rosidl_typesupport_fastrtps_c.cpython-310-x86_64-linux-gnu.so
[0.650s] -- Installing: /home/jishnu/project/ros2-project/projects/workspace/src/install/action_tutorials_interfaces/local/lib/python3.10/dist-packages/action_tutorials_interfaces/__init__.py
[0.650s] -- Up-to-date: /home/jishnu/project/ros2-project/projects/workspace/src/install/action_tutorials_interfaces/local/lib/python3.10/dist-packages/action_tutorials_interfaces/_action_tutorials_interfaces_s.ep.rosidl_typesupport_fastrtps_c.c
[0.650s] -- Up-to-date: /home/jishnu/project/ros2-project/projects/workspace/src/install/action_tutorials_interfaces/local/lib/python3.10/dist-packages/action_tutorials_interfaces/action_tutorials_interfaces_s__rosidl_typesupport_c.cpython-310-x86_64-linux-gnu.so
[0.650s] -- Up-to-date: /home/jishnu/project/ros2-project/projects/workspace/src/install/action_tutorials_interfaces/local/lib/python3.10/dist-packages/action_tutorials_interfaces/action
[0.651s] -- Up-to-date: /home/jishnu/project/ros2-project/projects/workspace/src/install/action_tutorials_interfaces/local/lib/python3.10/dist-packages/action_tutorials_interfaces/action/_fibonacci_s.c
[0.651s] -- Up-to-date: /home/jishnu/project/ros2-project/projects/workspace/src/install/action_tutorials_interfaces/local/lib/python3.10/dist-packages/action_tutorials_interfaces/action/_fibonacci.py
[0.651s] -- Up-to-date: /home/jishnu/project/ros2-project/projects/workspace/src/install/action_tutorials_interfaces/local/lib/python3.10/dist-packages/action_tutorials_interfaces/action/__init__.py
[0.651s] -- Up-to-date: /home/jishnu/project/ros2-project/projects/workspace/src/install/action_tutorials_interfaces/local/lib/python3.10/dist-packages/action_tutorials_interfaces/_action_tutorials_interfaces_s.ep.rosidl_typesupport_introspection_c.c
[0.651s] -- Up-to-date: /home/jishnu/project/ros2-project/projects/workspace/src/install/action_tutorials_interfaces/local/lib/python3.10/dist-packages/action_tutorials_interfaces/action_tutorials_interfaces_s__rosidl_typesupport_introspection_c.cpython-310-x86_64-linux-gnu.so
[0.651s] -- Up-to-date: /home/jishnu/project/ros2-project/projects/workspace/src/install/action_tutorials_interfaces/local/lib/python3.10/dist-packages/action_tutorials_interfaces/libaction_tutorials_interfaces__rosidl_generator_py.so
[0.677s] Listing '/home/jishnu/project/ros2-project/projects/workspace/src/install/action_tutorials_interfaces/local/lib/python3.10/dist-packages/action_tutorials_interfaces'...
[0.677s] Compiling '/home/jishnu/project/ros2-project/projects/workspace/src/install/action_tutorials_interfaces/local/lib/python3.10/dist-packages/action_tutorials_interfaces/__init__.py'...
[0.677s] Listing '/home/jishnu/project/ros2-project/projects/workspace/src/install/action_tutorials_interfaces/local/lib/python3.10/dist-packages/action_tutorials_interfaces/action'...
[0.680s] -- Up-to-date: /home/jishnu/project/ros2-project/projects/workspace/src/install/action_tutorials_interfaces/local/lib/python3.10/dist-packages/action_tutorials_interfaces/action_tutorials_interfaces_s__rosidl_typesupport_fastrtps_c.cpython-310-x86_64-linux-gnu.so
[0.680s] -- Up-to-date: /home/jishnu/project/ros2-project/projects/workspace/src/install/action_tutorials_interfaces/local/lib/python3.10/dist-packages/action_tutorials_interfaces/action_tutorials_interfaces_s__rosidl_typesupport_introspection_c.cpython-310-x86_64-linux-gnu.so
[0.681s] -- Up-to-date: /home/jishnu/project/ros2-project/projects/workspace/src/install/action_tutorials_interfaces/local/lib/python3.10/dist-packages/action_tutorials_interfaces/action_tutorials_interfaces_s__rosidl_typesupport_c.cpython-310-x86_64-linux-gnu.so
[0.681s] -- Up-to-date: /home/jishnu/project/ros2-project/projects/workspace/src/install/action_tutorials_interfaces/lib/libaction_tutorials_interfaces__rosidl_generator_py.so
[0.681s] -- Up-to-date: /home/jishnu/project/ros2-project/projects/workspace/src/install/action_tutorials_interfaces/share/action_tutorials_interfaces/action/Fibonacci.idl
[0.681s] -- Up-to-date: /home/jishnu/project/ros2-project/projects/workspace/src/install/action_tutorials_interfaces/share/action_tutorials_interfaces/action/Fibonacci.action
[0.681s] -- Up-to-date: /home/jishnu/project/ros2-project/projects/workspace/src/install/action_tutorials_interfaces/share/ament_index/resource_index/package_run_dependencies/action_tutorials_interfaces
[0.681s] -- Up-to-date: /home/jishnu/project/ros2-project/projects/workspace/src/install/action_tutorials_interfaces/share/ament_index/resource_index/parent_prefix_path/action_tutorials_interfaces
[0.681s] -- Up-to-date: /home/jishnu/project/ros2-project/projects/workspace/src/install/action_tutorials_interfaces/share/action_tutorials_interfaces/environment/ament_prefix_path.sh
[0.681s] -- Installing: /home/jishnu/project/ros2-project/projects/workspace/src/install/action_tutorials_interfaces/share/action_tutorials_interfaces/environment/ament_prefix_path.dsv
[0.681s] -- Up-to-date: /home/jishnu/project/ros2-project/projects/workspace/src/install/action_tutorials_interfaces/share/action_tutorials_interfaces/environment/path.sh
[0.682s] -- Installing: /home/jishnu/project/ros2-project/projects/workspace/src/install/action_tutorials_interfaces/share/action_tutorials_interfaces/environment/path.dsv
[0.682s] -- Up-to-date: /home/jishnu/project/ros2-project/projects/workspace/src/install/action_tutorials_interfaces/share/action_tutorials_interfaces/local_setup.bash
[0.682s] -- Up-to-date: /home/jishnu/project/ros2-project/projects/workspace/src/install/action_tutorials_interfaces/share/action_tutorials_interfaces/local_setup.sh
[0.682s] -- Up-to-date: /home/jishnu/project/ros2-project/projects/workspace/src/install/action_tutorials_interfaces/share/action_tutorials_interfaces/local_setup.zsh
[0.682s] -- Installing: /home/jishnu/project/ros2-project/projects/workspace/src/install/action_tutorials_interfaces/share/action_tutorials_interfaces/local_setup.dsv
[0.682s] -- Installing: /home/jishnu/project/ros2-project/projects/workspace/src/install/action_tutorials_interfaces/share/action_tutorials_interfaces/package.dsv
[0.682s] -- Up-to-date: /home/jishnu/project/ros2-project/projects/workspace/src/install/action_tutorials_interfaces/share/ament_index/resource_index/packages/action_tutorials_interfaces
[0.682s] -- Up-to-date: /home/jishnu/project/ros2-project/projects/workspace/src/install/action_tutorials_interfaces/share/action_tutorials_interfaces/cmake/export_action_tutorials_interfaces__rosidl_generator_cExport.cmake
[0.682s] -- Up-to-date: /home/jishnu/project/ros2-project/projects/workspace/src/install/action_tutorials_interfaces/share/action_tutorials_interfaces/cmake/export_action_tutorials_interfaces__rosidl_generator_cExport-noconfig.cmake
[0.682s] -- Up-to-date: /home/jishnu/project/ros2-project/projects/workspace/src/install/action_tutorials_interfaces/share/action_tutorials_interfaces/cmake/export_action_tutorials_interfaces__rosidl_typesupport_fastrtps_cExport.cmake
[0.682s] -- Up-to-date: /home/jishnu/project/ros2-project/projects/workspace/src/install/action_tutorials_interfaces/share/action_tutorials_interfaces/cmake/export_action_tutorials_interfaces__rosidl_typesupport_fastrtps_cExport-noconfig.cmake
[0.682s] -- Up-to-date: /home/jishnu/project/ros2-project/projects/workspace/src/install/action_tutorials_interfaces/share/action_tutorials_interfaces/cmake/action_tutorials_interfaces__rosidl_typesupport_introspection_cExport.cmake
[0.682s] -- Up-to-date: /home/jishnu/project/ros2-project/projects/workspace/src/install/action_tutorials_interfaces/share/action_tutorials_interfaces/cmake/action_tutorials_interfaces__rosidl_typesupport_introspection_cExport-noconfig.cmake
[0.683s] -- Up-to-date: /home/jishnu/project/ros2-project/projects/workspace/src/install/action_tutorials_interfaces/share/action_tutorials_interfaces/cmake/action_tutorials_interfaces__rosidl_typesupport_cExport.cmake
[0.683s] -- Up-to-date: /home/jishnu/project/ros2-project/projects/workspace/src/install/action_tutorials_interfaces/share/action_tutorials_interfaces/cmake/action_tutorials_interfaces__rosidl_typesupport_cExport-noconfig.cmake
[0.683s] -- Up-to-date: /home/jishnu/project/ros2-project/projects/workspace/src/install/action_tutorials_interfaces/share/action_tutorials_interfaces/cmake/export_action_tutorials_interfaces__rosidl_generator_cppExport.cmake
[0.683s] -- Up-to-date: /home/jishnu/project/ros2-project/projects/workspace/src/install/action_tutorials_interfaces/share/action_tutorials_interfaces/cmake/export_action_tutorials_interfaces__rosidl_typesupport_fastrtps_cppExport.cmake
[0.683s] -- Up-to-date: /home/jishnu/project/ros2-project/projects/workspace/src/install/action_tutorials_interfaces/share/action_tutorials_interfaces/cmake/export_action_tutorials_interfaces__rosidl_typesupport_fastrtps_cppExport-noconfig.cmake
[0.683s] -- Up-to-date: /home/jishnu/project/ros2-project/projects/workspace/src/install/action_tutorials_interfaces/share/action_tutorials_interfaces/cmake/action_tutorials_interfaces__rosidl_typesupport_introspection_cppExport.cmake
[0.683s] -- Up-to-date: /home/jishnu/project/ros2-project/projects/workspace/src/install/action_tutorials_interfaces/share/action_tutorials_interfaces/cmake/action_tutorials_interfaces__rosidl_typesupport_introspection_cppExport-noconfig.cmake
[0.683s] -- Up-to-date: /home/jishnu/project/ros2-project/projects/workspace/src/install/action_tutorials_interfaces/share/action_tutorials_interfaces/cmake/action_tutorials_interfaces__rosidl_typesupport_cppExport.cmake
[0.683s] -- Up-to-date: /home/jishnu/project/ros2-project/projects/workspace/src/install/action_tutorials_interfaces/share/action_tutorials_interfaces/cmake/action_tutorials_interfaces__rosidl_typesupport_cppExport-noconfig.cmake
[0.683s] -- Up-to-date: /home/jishnu/project/ros2-project/projects/workspace/src/install/action_tutorials_interfaces/share/action_tutorials_interfaces/cmake/export_action_tutorials_interfaces__rosidl_generator_pyExport.cmake
[0.683s] -- Up-to-date: /home/jishnu/project/ros2-project/projects/workspace/src/install/action_tutorials_interfaces/share/action_tutorials_interfaces/cmake/export_action_tutorials_interfaces__rosidl_generator_pyExport-noconfig.cmake
[0.683s] -- Up-to-date: /home/jishnu/project/ros2-project/projects/workspace/src/install/action_tutorials_interfaces/share/action_tutorials_interfaces/cmake/rosidl_cmake-extras.cmake
[0.684s] -- Up-to-date: /home/jishnu/project/ros2-project/projects/workspace/src/install/action_tutorials_interfaces/share/action_tutorials_interfaces/cmake/ament_cmake_export_dependencies-extras.cmake
[0.684s] -- Up-to-date: /home/jishnu/project/ros2-project/projects/workspace/src/install/action_tutorials_interfaces/share/action_tutorials_interfaces/cmake/ament_cmake_export_include_directories-extras.cmake
[0.684s] -- Up-to-date: /home/jishnu/project/ros2-project/projects/workspace/src/install/action_tutorials_interfaces/share/action_tutorials_interfaces/cmake/ament_cmake_export_libraries-extras.cmake
[0.684s] -- Up-to-date: /home/jishnu/project/ros2-project/projects/workspace/src/install/action_tutorials_interfaces/share/action_tutorials_interfaces/cmake/ament_cmake_export_targets-extras.cmake
[0.684s] -- Up-to-date: /home/jishnu/project/ros2-project/projects/workspace/src/install/action_tutorials_interfaces/share/action_tutorials_interfaces/cmake/rosidl_cmake_export_typesupport_targets-extras.cmake
[0.684s] -- Up-to-date: /home/jishnu/project/ros2-project/projects/workspace/src/install/action_tutorials_interfaces/share/action_tutorials_interfaces/cmake/rosidl_cmake_export_typesupport_libraries-extras.cmake
[0.684s] -- Up-to-date: /home/jishnu/project/ros2-project/projects/workspace/src/install/action_tutorials_interfaces/share/action_tutorials_interfaces/cmake/action_tutorials_interfacesConfig.cmake
[0.684s] -- Up-to-date: /home/jishnu/project/ros2-project/projects/workspace/src/install/action_tutorials_interfaces/share/action_tutorials_interfaces/cmake/action_tutorials_interfacesConfig-version.cmake
[0.684s] -- Installing: /home/jishnu/project/ros2-project/projects/workspace/src/install/action_tutorials_interfaces/share/action_tutorials_interfaces/package.xml
[0.686s] Invoked command in '/home/jishnu/project/ros2-project/projects/workspace/src/build/action_tutorials_interfaces' returned '0': CMAKE_PREFIX_PATH=${CMAKE_PREFIX_PATH}:/home/jishnu/project/ros2-project/projects/workspace/src/install/py_pubsub:/home/jishnu/project/moveit-projects/ws_moveit2/install/ros2controlcli:/home/jishnu/project/moveit-projects/ws_moveit2/install/moveit_configs_utils:/home/jishnu/ws_moveit2/install/ros2controlcli:/home/jishnu/ws_moveit2/install/moveit_configs_utils:/opt/ros/humble /usr/bin/cmake --install /home/jishnu/project/ros2-project/projects/workspace/src/build/action_tutorials_interfaces
