[0.017s] Invoking command in '/home/jishnu/project/ros2-project/projects/workspace/build/more_interfaces': CMAKE_PREFIX_PATH=${CMAKE_PREFIX_PATH}:/home/jishnu/project/ros2-project/projects/workspace/install/py_pubsub:/home/jishnu/project/ros2-project/projects/workspace/install/ros_test_package:/home/jishnu/project/ros2-project/projects/workspace/install/py_srvcli:/home/jishnu/project/ros2-project/projects/workspace/install/my_package:/opt/ros/humble /usr/bin/cmake /home/jishnu/project/ros2-project/projects/workspace/src/more_interfaces -DCMAKE_INSTALL_PREFIX=/home/jishnu/project/ros2-project/projects/workspace/install/more_interfaces
[0.033s] -- Found ament_cmake: 1.3.2 (/opt/ros/humble/share/ament_cmake/cmake)
[0.180s] -- Found rosidl_default_generators: 1.2.0 (/opt/ros/humble/share/rosidl_default_generators/cmake)
[0.183s] -- Using all available rosidl_typesupport_c: rosidl_typesupport_fastrtps_c;rosidl_typesupport_introspection_c
[0.186s] -- Found rosidl_adapter: 3.1.3 (/opt/ros/humble/share/rosidl_adapter/cmake)
[0.228s] -- Using all available rosidl_typesupport_cpp: rosidl_typesupport_fastrtps_cpp;rosidl_typesupport_introspection_cpp
[0.250s] -- Found rclcpp: 16.0.1 (/opt/ros/humble/share/rclcpp/cmake)
[0.349s] -- Found rmw_implementation_cmake: 6.1.0 (/opt/ros/humble/share/rmw_implementation_cmake/cmake)
[0.351s] -- Found rmw_fastrtps_cpp: 6.2.1 (/opt/ros/humble/share/rmw_fastrtps_cpp/cmake)
[0.483s] -- Using RMW implementation 'rmw_fastrtps_cpp' as default
[0.718s] -- Found ament_lint_auto: 0.12.4 (/opt/ros/humble/share/ament_lint_auto/cmake)
[0.924s] -- Found ament_cmake_ros: 0.10.0 (/opt/ros/humble/share/ament_cmake_ros/cmake)
[1.080s] -- Using all available rosidl_typesupport_c: rosidl_typesupport_fastrtps_c;rosidl_typesupport_introspection_c
[1.365s] -- Using all available rosidl_typesupport_cpp: rosidl_typesupport_fastrtps_cpp;rosidl_typesupport_introspection_cpp
[1.383s] -- Found python_cmake_module: 0.10.0 (/opt/ros/humble/share/python_cmake_module/cmake)
[1.408s] -- Using PYTHON_EXECUTABLE: /usr/bin/python3
[1.409s] -- Using PYTHON_INCLUDE_DIRS: /usr/include/python3.10
[1.409s] -- Using PYTHON_LIBRARIES: /usr/lib/x86_64-linux-gnu/libpython3.10.so
[1.434s] -- Added test 'cppcheck' to perform static code analysis on C / C++ code
[1.434s] -- Configured cppcheck include dirs: 
[1.434s] -- Configured cppcheck exclude dirs and/or files: 
[1.435s] -- Added test 'lint_cmake' to check CMake code style
[1.436s] -- Added test 'uncrustify' to check C / C++ code style
[1.436s] -- Configured uncrustify additional arguments: 
[1.436s] -- Added test 'xmllint' to check XML markup files
[1.440s] -- Configuring done
[1.575s] -- Generating done
[1.585s] -- Build files have been written to: /home/jishnu/project/ros2-project/projects/workspace/build/more_interfaces
[1.594s] Invoked command in '/home/jishnu/project/ros2-project/projects/workspace/build/more_interfaces' returned '0': CMAKE_PREFIX_PATH=${CMAKE_PREFIX_PATH}:/home/jishnu/project/ros2-project/projects/workspace/install/py_pubsub:/home/jishnu/project/ros2-project/projects/workspace/install/ros_test_package:/home/jishnu/project/ros2-project/projects/workspace/install/py_srvcli:/home/jishnu/project/ros2-project/projects/workspace/install/my_package:/opt/ros/humble /usr/bin/cmake /home/jishnu/project/ros2-project/projects/workspace/src/more_interfaces -DCMAKE_INSTALL_PREFIX=/home/jishnu/project/ros2-project/projects/workspace/install/more_interfaces
[1.596s] Invoking command in '/home/jishnu/project/ros2-project/projects/workspace/build/more_interfaces': CMAKE_PREFIX_PATH=${CMAKE_PREFIX_PATH}:/home/jishnu/project/ros2-project/projects/workspace/install/py_pubsub:/home/jishnu/project/ros2-project/projects/workspace/install/ros_test_package:/home/jishnu/project/ros2-project/projects/workspace/install/py_srvcli:/home/jishnu/project/ros2-project/projects/workspace/install/my_package:/opt/ros/humble /usr/bin/cmake --build /home/jishnu/project/ros2-project/projects/workspace/build/more_interfaces -- -j8 -l8
[1.633s] [  3%] [34m[1mGenerating C code for ROS interfaces[0m
[1.638s] [  6%] [34m[1mGenerating C++ code for ROS interfaces[0m
[1.644s] [  6%] Built target ament_cmake_python_copy_more_interfaces
[1.852s] running egg_info
[1.854s] creating more_interfaces.egg-info
[1.854s] writing more_interfaces.egg-info/PKG-INFO
[1.854s] writing dependency_links to more_interfaces.egg-info/dependency_links.txt
[1.855s] writing top-level names to more_interfaces.egg-info/top_level.txt
[1.855s] writing manifest file 'more_interfaces.egg-info/SOURCES.txt'
[1.856s] reading manifest file 'more_interfaces.egg-info/SOURCES.txt'
[1.857s] writing manifest file 'more_interfaces.egg-info/SOURCES.txt'
[1.860s] [  6%] Built target more_interfaces__cpp
[1.867s] [ 12%] [34m[1mGenerating C++ type support dispatch for ROS interfaces[0m
[1.867s] [ 12%] [34m[1mGenerating C++ type support for eProsima Fast-RTPS[0m
[1.867s] [ 15%] [32mBuilding C object CMakeFiles/more_interfaces__rosidl_generator_c.dir/rosidl_generator_c/more_interfaces/msg/detail/address_book__functions.c.o[0m
[1.868s] [ 18%] [34m[1mGenerating C++ introspection for ROS interfaces[0m
[1.883s] [ 18%] Built target ament_cmake_python_build_more_interfaces_egg
[1.907s] [ 21%] [32m[1mLinking C shared library libmore_interfaces__rosidl_generator_c.so[0m
[1.935s] [ 21%] Built target more_interfaces__rosidl_generator_c
[1.943s] [ 24%] [34m[1mGenerating C type support dispatch for ROS interfaces[0m
[1.944s] [ 27%] [34m[1mGenerating C type support for eProsima Fast-RTPS[0m
[1.945s] [ 30%] [34m[1mGenerating C introspection for ROS interfaces[0m
[2.096s] [ 33%] [32mBuilding CXX object CMakeFiles/more_interfaces__rosidl_typesupport_cpp.dir/rosidl_typesupport_cpp/more_interfaces/msg/address_book__type_support.cpp.o[0m
[2.204s] [ 36%] [32mBuilding CXX object CMakeFiles/more_interfaces__rosidl_typesupport_fastrtps_c.dir/rosidl_typesupport_fastrtps_c/more_interfaces/msg/detail/address_book__type_support_c.cpp.o[0m
[2.250s] [ 39%] [32mBuilding CXX object CMakeFiles/more_interfaces__rosidl_typesupport_introspection_cpp.dir/rosidl_typesupport_introspection_cpp/more_interfaces/msg/detail/address_book__type_support.cpp.o[0m
[2.256s] [ 42%] [32mBuilding CXX object CMakeFiles/more_interfaces__rosidl_typesupport_fastrtps_cpp.dir/rosidl_typesupport_fastrtps_cpp/more_interfaces/msg/detail/dds_fastrtps/address_book__type_support.cpp.o[0m
[2.320s] [ 45%] [32mBuilding CXX object CMakeFiles/more_interfaces__rosidl_typesupport_c.dir/rosidl_typesupport_c/more_interfaces/msg/address_book__type_support.cpp.o[0m
[2.334s] [ 48%] [32mBuilding C object CMakeFiles/more_interfaces__rosidl_typesupport_introspection_c.dir/rosidl_typesupport_introspection_c/more_interfaces/msg/detail/address_book__type_support.c.o[0m
[2.354s] [ 51%] [32m[1mLinking CXX shared library libmore_interfaces__rosidl_typesupport_c.so[0m
[2.367s] [ 54%] [32m[1mLinking C shared library libmore_interfaces__rosidl_typesupport_introspection_c.so[0m
[2.392s] [ 54%] Built target more_interfaces__rosidl_typesupport_c
[2.401s] [ 57%] [32m[1mLinking CXX shared library libmore_interfaces__rosidl_typesupport_cpp.so[0m
[2.401s] [ 57%] Built target more_interfaces__rosidl_typesupport_introspection_c
[2.444s] [ 57%] Built target more_interfaces__rosidl_typesupport_cpp
[2.459s] [ 60%] [32mBuilding CXX object CMakeFiles/publish_address_book.dir/src/publish_address_book.cpp.o[0m
[2.592s] [ 63%] [32m[1mLinking CXX shared library libmore_interfaces__rosidl_typesupport_fastrtps_c.so[0m
[2.636s] [ 66%] [32m[1mLinking CXX shared library libmore_interfaces__rosidl_typesupport_introspection_cpp.so[0m
[2.673s] [ 66%] Built target more_interfaces__rosidl_typesupport_fastrtps_c
[2.693s] [ 66%] Built target more_interfaces__rosidl_typesupport_introspection_cpp
[2.716s] [ 69%] [32m[1mLinking CXX shared library libmore_interfaces__rosidl_typesupport_fastrtps_cpp.so[0m
[2.771s] [ 69%] Built target more_interfaces__rosidl_typesupport_fastrtps_cpp
[2.783s] [ 69%] Built target more_interfaces
[2.795s] [ 72%] [34m[1mGenerating Python code for ROS interfaces[0m
[3.339s] [ 72%] Built target more_interfaces__py
[3.356s] [ 75%] [32mBuilding C object CMakeFiles/more_interfaces__rosidl_generator_py.dir/rosidl_generator_py/more_interfaces/msg/_address_book_s.c.o[0m
[3.456s] [ 78%] [32m[1mLinking C shared library rosidl_generator_py/more_interfaces/libmore_interfaces__rosidl_generator_py.so[0m
[3.497s] [ 78%] Built target more_interfaces__rosidl_generator_py
[3.519s] [ 87%] [32mBuilding C object CMakeFiles/more_interfaces__rosidl_typesupport_introspection_c__pyext.dir/rosidl_generator_py/more_interfaces/_more_interfaces_s.ep.rosidl_typesupport_introspection_c.c.o[0m
[3.520s] [ 87%] [32mBuilding C object CMakeFiles/more_interfaces__rosidl_typesupport_fastrtps_c__pyext.dir/rosidl_generator_py/more_interfaces/_more_interfaces_s.ep.rosidl_typesupport_fastrtps_c.c.o[0m
[3.521s] [ 87%] [32mBuilding C object CMakeFiles/more_interfaces__rosidl_typesupport_c__pyext.dir/rosidl_generator_py/more_interfaces/_more_interfaces_s.ep.rosidl_typesupport_c.c.o[0m
[3.624s] [ 90%] [32m[1mLinking C shared library rosidl_generator_py/more_interfaces/more_interfaces_s__rosidl_typesupport_introspection_c.cpython-310-x86_64-linux-gnu.so[0m
[3.628s] [ 93%] [32m[1mLinking C shared library rosidl_generator_py/more_interfaces/more_interfaces_s__rosidl_typesupport_fastrtps_c.cpython-310-x86_64-linux-gnu.so[0m
[3.630s] [ 96%] [32m[1mLinking C shared library rosidl_generator_py/more_interfaces/more_interfaces_s__rosidl_typesupport_c.cpython-310-x86_64-linux-gnu.so[0m
[3.651s] [ 96%] Built target more_interfaces__rosidl_typesupport_introspection_c__pyext
[3.654s] [ 96%] Built target more_interfaces__rosidl_typesupport_c__pyext
[3.654s] [ 96%] Built target more_interfaces__rosidl_typesupport_fastrtps_c__pyext
[7.314s] [100%] [32m[1mLinking CXX executable publish_address_book[0m
[7.463s] [100%] Built target publish_address_book
[7.471s] Invoked command in '/home/jishnu/project/ros2-project/projects/workspace/build/more_interfaces' returned '0': CMAKE_PREFIX_PATH=${CMAKE_PREFIX_PATH}:/home/jishnu/project/ros2-project/projects/workspace/install/py_pubsub:/home/jishnu/project/ros2-project/projects/workspace/install/ros_test_package:/home/jishnu/project/ros2-project/projects/workspace/install/py_srvcli:/home/jishnu/project/ros2-project/projects/workspace/install/my_package:/opt/ros/humble /usr/bin/cmake --build /home/jishnu/project/ros2-project/projects/workspace/build/more_interfaces -- -j8 -l8
[7.506s] Invoking command in '/home/jishnu/project/ros2-project/projects/workspace/build/more_interfaces': CMAKE_PREFIX_PATH=${CMAKE_PREFIX_PATH}:/home/jishnu/project/ros2-project/projects/workspace/install/py_pubsub:/home/jishnu/project/ros2-project/projects/workspace/install/ros_test_package:/home/jishnu/project/ros2-project/projects/workspace/install/py_srvcli:/home/jishnu/project/ros2-project/projects/workspace/install/my_package:/opt/ros/humble /usr/bin/cmake --install /home/jishnu/project/ros2-project/projects/workspace/build/more_interfaces
[7.511s] -- Install configuration: ""
[7.511s] -- Installing: /home/jishnu/project/ros2-project/projects/workspace/install/more_interfaces/share/ament_index/resource_index/rosidl_interfaces/more_interfaces
[7.511s] -- Installing: /home/jishnu/project/ros2-project/projects/workspace/install/more_interfaces/include/more_interfaces/more_interfaces
[7.511s] -- Installing: /home/jishnu/project/ros2-project/projects/workspace/install/more_interfaces/include/more_interfaces/more_interfaces/msg
[7.512s] -- Installing: /home/jishnu/project/ros2-project/projects/workspace/install/more_interfaces/include/more_interfaces/more_interfaces/msg/rosidl_generator_c__visibility_control.h
[7.512s] -- Installing: /home/jishnu/project/ros2-project/projects/workspace/install/more_interfaces/include/more_interfaces/more_interfaces/msg/address_book.h
[7.512s] -- Installing: /home/jishnu/project/ros2-project/projects/workspace/install/more_interfaces/include/more_interfaces/more_interfaces/msg/detail
[7.512s] -- Installing: /home/jishnu/project/ros2-project/projects/workspace/install/more_interfaces/include/more_interfaces/more_interfaces/msg/detail/address_book__functions.c
[7.512s] -- Installing: /home/jishnu/project/ros2-project/projects/workspace/install/more_interfaces/include/more_interfaces/more_interfaces/msg/detail/address_book__functions.h
[7.512s] -- Installing: /home/jishnu/project/ros2-project/projects/workspace/install/more_interfaces/include/more_interfaces/more_interfaces/msg/detail/address_book__type_support.h
[7.512s] -- Installing: /home/jishnu/project/ros2-project/projects/workspace/install/more_interfaces/include/more_interfaces/more_interfaces/msg/detail/address_book__struct.h
[7.512s] -- Installing: /home/jishnu/project/ros2-project/projects/workspace/install/more_interfaces/share/more_interfaces/environment/library_path.sh
[7.512s] -- Installing: /home/jishnu/project/ros2-project/projects/workspace/install/more_interfaces/share/more_interfaces/environment/library_path.dsv
[7.513s] -- Installing: /home/jishnu/project/ros2-project/projects/workspace/install/more_interfaces/lib/libmore_interfaces__rosidl_generator_c.so
[7.513s] -- Set runtime path of "/home/jishnu/project/ros2-project/projects/workspace/install/more_interfaces/lib/libmore_interfaces__rosidl_generator_c.so" to ""
[7.513s] -- Up-to-date: /home/jishnu/project/ros2-project/projects/workspace/install/more_interfaces/include/more_interfaces/more_interfaces
[7.513s] -- Up-to-date: /home/jishnu/project/ros2-project/projects/workspace/install/more_interfaces/include/more_interfaces/more_interfaces/msg
[7.513s] -- Installing: /home/jishnu/project/ros2-project/projects/workspace/install/more_interfaces/include/more_interfaces/more_interfaces/msg/rosidl_typesupport_fastrtps_c__visibility_control.h
[7.513s] -- Up-to-date: /home/jishnu/project/ros2-project/projects/workspace/install/more_interfaces/include/more_interfaces/more_interfaces/msg/detail
[7.513s] -- Installing: /home/jishnu/project/ros2-project/projects/workspace/install/more_interfaces/include/more_interfaces/more_interfaces/msg/detail/address_book__rosidl_typesupport_fastrtps_c.h
[7.513s] -- Installing: /home/jishnu/project/ros2-project/projects/workspace/install/more_interfaces/lib/libmore_interfaces__rosidl_typesupport_fastrtps_c.so
[7.514s] -- Set runtime path of "/home/jishnu/project/ros2-project/projects/workspace/install/more_interfaces/lib/libmore_interfaces__rosidl_typesupport_fastrtps_c.so" to ""
[7.514s] -- Up-to-date: /home/jishnu/project/ros2-project/projects/workspace/install/more_interfaces/include/more_interfaces/more_interfaces
[7.514s] -- Up-to-date: /home/jishnu/project/ros2-project/projects/workspace/install/more_interfaces/include/more_interfaces/more_interfaces/msg
[7.514s] -- Up-to-date: /home/jishnu/project/ros2-project/projects/workspace/install/more_interfaces/include/more_interfaces/more_interfaces/msg/detail
[7.514s] -- Installing: /home/jishnu/project/ros2-project/projects/workspace/install/more_interfaces/include/more_interfaces/more_interfaces/msg/detail/address_book__type_support.c
[7.514s] -- Installing: /home/jishnu/project/ros2-project/projects/workspace/install/more_interfaces/include/more_interfaces/more_interfaces/msg/detail/address_book__rosidl_typesupport_introspection_c.h
[7.514s] -- Installing: /home/jishnu/project/ros2-project/projects/workspace/install/more_interfaces/include/more_interfaces/more_interfaces/msg/rosidl_typesupport_introspection_c__visibility_control.h
[7.514s] -- Installing: /home/jishnu/project/ros2-project/projects/workspace/install/more_interfaces/lib/libmore_interfaces__rosidl_typesupport_introspection_c.so
[7.514s] -- Set runtime path of "/home/jishnu/project/ros2-project/projects/workspace/install/more_interfaces/lib/libmore_interfaces__rosidl_typesupport_introspection_c.so" to ""
[7.514s] -- Installing: /home/jishnu/project/ros2-project/projects/workspace/install/more_interfaces/lib/libmore_interfaces__rosidl_typesupport_c.so
[7.515s] -- Set runtime path of "/home/jishnu/project/ros2-project/projects/workspace/install/more_interfaces/lib/libmore_interfaces__rosidl_typesupport_c.so" to ""
[7.515s] -- Up-to-date: /home/jishnu/project/ros2-project/projects/workspace/install/more_interfaces/include/more_interfaces/more_interfaces
[7.515s] -- Up-to-date: /home/jishnu/project/ros2-project/projects/workspace/install/more_interfaces/include/more_interfaces/more_interfaces/msg
[7.515s] -- Installing: /home/jishnu/project/ros2-project/projects/workspace/install/more_interfaces/include/more_interfaces/more_interfaces/msg/address_book.hpp
[7.515s] -- Up-to-date: /home/jishnu/project/ros2-project/projects/workspace/install/more_interfaces/include/more_interfaces/more_interfaces/msg/detail
[7.515s] -- Installing: /home/jishnu/project/ros2-project/projects/workspace/install/more_interfaces/include/more_interfaces/more_interfaces/msg/detail/address_book__builder.hpp
[7.515s] -- Installing: /home/jishnu/project/ros2-project/projects/workspace/install/more_interfaces/include/more_interfaces/more_interfaces/msg/detail/address_book__traits.hpp
[7.515s] -- Installing: /home/jishnu/project/ros2-project/projects/workspace/install/more_interfaces/include/more_interfaces/more_interfaces/msg/detail/address_book__struct.hpp
[7.515s] -- Up-to-date: /home/jishnu/project/ros2-project/projects/workspace/install/more_interfaces/include/more_interfaces/more_interfaces
[7.515s] -- Up-to-date: /home/jishnu/project/ros2-project/projects/workspace/install/more_interfaces/include/more_interfaces/more_interfaces/msg
[7.515s] -- Installing: /home/jishnu/project/ros2-project/projects/workspace/install/more_interfaces/include/more_interfaces/more_interfaces/msg/rosidl_typesupport_fastrtps_cpp__visibility_control.h
[7.516s] -- Up-to-date: /home/jishnu/project/ros2-project/projects/workspace/install/more_interfaces/include/more_interfaces/more_interfaces/msg/detail
[7.516s] -- Installing: /home/jishnu/project/ros2-project/projects/workspace/install/more_interfaces/include/more_interfaces/more_interfaces/msg/detail/address_book__rosidl_typesupport_fastrtps_cpp.hpp
[7.516s] -- Installing: /home/jishnu/project/ros2-project/projects/workspace/install/more_interfaces/include/more_interfaces/more_interfaces/msg/detail/dds_fastrtps
[7.516s] -- Installing: /home/jishnu/project/ros2-project/projects/workspace/install/more_interfaces/lib/libmore_interfaces__rosidl_typesupport_fastrtps_cpp.so
[7.516s] -- Set runtime path of "/home/jishnu/project/ros2-project/projects/workspace/install/more_interfaces/lib/libmore_interfaces__rosidl_typesupport_fastrtps_cpp.so" to ""
[7.516s] -- Up-to-date: /home/jishnu/project/ros2-project/projects/workspace/install/more_interfaces/include/more_interfaces/more_interfaces
[7.516s] -- Up-to-date: /home/jishnu/project/ros2-project/projects/workspace/install/more_interfaces/include/more_interfaces/more_interfaces/msg
[7.516s] -- Up-to-date: /home/jishnu/project/ros2-project/projects/workspace/install/more_interfaces/include/more_interfaces/more_interfaces/msg/detail
[7.516s] -- Installing: /home/jishnu/project/ros2-project/projects/workspace/install/more_interfaces/include/more_interfaces/more_interfaces/msg/detail/address_book__type_support.cpp
[7.516s] -- Installing: /home/jishnu/project/ros2-project/projects/workspace/install/more_interfaces/include/more_interfaces/more_interfaces/msg/detail/address_book__rosidl_typesupport_introspection_cpp.hpp
[7.516s] -- Installing: /home/jishnu/project/ros2-project/projects/workspace/install/more_interfaces/lib/libmore_interfaces__rosidl_typesupport_introspection_cpp.so
[7.517s] -- Set runtime path of "/home/jishnu/project/ros2-project/projects/workspace/install/more_interfaces/lib/libmore_interfaces__rosidl_typesupport_introspection_cpp.so" to ""
[7.517s] -- Installing: /home/jishnu/project/ros2-project/projects/workspace/install/more_interfaces/lib/libmore_interfaces__rosidl_typesupport_cpp.so
[7.517s] -- Set runtime path of "/home/jishnu/project/ros2-project/projects/workspace/install/more_interfaces/lib/libmore_interfaces__rosidl_typesupport_cpp.so" to ""
[7.517s] -- Installing: /home/jishnu/project/ros2-project/projects/workspace/install/more_interfaces/share/more_interfaces/environment/pythonpath.sh
[7.517s] -- Installing: /home/jishnu/project/ros2-project/projects/workspace/install/more_interfaces/share/more_interfaces/environment/pythonpath.dsv
[7.517s] -- Installing: /home/jishnu/project/ros2-project/projects/workspace/install/more_interfaces/local/lib/python3.10/dist-packages/more_interfaces-0.0.0-py3.10.egg-info
[7.518s] -- Installing: /home/jishnu/project/ros2-project/projects/workspace/install/more_interfaces/local/lib/python3.10/dist-packages/more_interfaces-0.0.0-py3.10.egg-info/top_level.txt
[7.518s] -- Installing: /home/jishnu/project/ros2-project/projects/workspace/install/more_interfaces/local/lib/python3.10/dist-packages/more_interfaces-0.0.0-py3.10.egg-info/dependency_links.txt
[7.518s] -- Installing: /home/jishnu/project/ros2-project/projects/workspace/install/more_interfaces/local/lib/python3.10/dist-packages/more_interfaces-0.0.0-py3.10.egg-info/SOURCES.txt
[7.518s] -- Installing: /home/jishnu/project/ros2-project/projects/workspace/install/more_interfaces/local/lib/python3.10/dist-packages/more_interfaces-0.0.0-py3.10.egg-info/PKG-INFO
[7.518s] -- Installing: /home/jishnu/project/ros2-project/projects/workspace/install/more_interfaces/local/lib/python3.10/dist-packages/more_interfaces
[7.518s] -- Installing: /home/jishnu/project/ros2-project/projects/workspace/install/more_interfaces/local/lib/python3.10/dist-packages/more_interfaces/libmore_interfaces__rosidl_generator_py.so
[7.518s] -- Installing: /home/jishnu/project/ros2-project/projects/workspace/install/more_interfaces/local/lib/python3.10/dist-packages/more_interfaces/more_interfaces_s__rosidl_typesupport_fastrtps_c.cpython-310-x86_64-linux-gnu.so
[7.518s] -- Installing: /home/jishnu/project/ros2-project/projects/workspace/install/more_interfaces/local/lib/python3.10/dist-packages/more_interfaces/_more_interfaces_s.ep.rosidl_typesupport_introspection_c.c
[7.519s] -- Installing: /home/jishnu/project/ros2-project/projects/workspace/install/more_interfaces/local/lib/python3.10/dist-packages/more_interfaces/more_interfaces_s__rosidl_typesupport_introspection_c.cpython-310-x86_64-linux-gnu.so
[7.519s] -- Installing: /home/jishnu/project/ros2-project/projects/workspace/install/more_interfaces/local/lib/python3.10/dist-packages/more_interfaces/msg
[7.519s] -- Installing: /home/jishnu/project/ros2-project/projects/workspace/install/more_interfaces/local/lib/python3.10/dist-packages/more_interfaces/msg/_address_book_s.c
[7.519s] -- Installing: /home/jishnu/project/ros2-project/projects/workspace/install/more_interfaces/local/lib/python3.10/dist-packages/more_interfaces/msg/__init__.py
[7.519s] -- Installing: /home/jishnu/project/ros2-project/projects/workspace/install/more_interfaces/local/lib/python3.10/dist-packages/more_interfaces/msg/_address_book.py
[7.519s] -- Installing: /home/jishnu/project/ros2-project/projects/workspace/install/more_interfaces/local/lib/python3.10/dist-packages/more_interfaces/__init__.py
[7.519s] -- Installing: /home/jishnu/project/ros2-project/projects/workspace/install/more_interfaces/local/lib/python3.10/dist-packages/more_interfaces/_more_interfaces_s.ep.rosidl_typesupport_c.c
[7.520s] -- Installing: /home/jishnu/project/ros2-project/projects/workspace/install/more_interfaces/local/lib/python3.10/dist-packages/more_interfaces/_more_interfaces_s.ep.rosidl_typesupport_fastrtps_c.c
[7.520s] -- Installing: /home/jishnu/project/ros2-project/projects/workspace/install/more_interfaces/local/lib/python3.10/dist-packages/more_interfaces/more_interfaces_s__rosidl_typesupport_c.cpython-310-x86_64-linux-gnu.so
[7.562s] Listing '/home/jishnu/project/ros2-project/projects/workspace/install/more_interfaces/local/lib/python3.10/dist-packages/more_interfaces'...
[7.562s] Compiling '/home/jishnu/project/ros2-project/projects/workspace/install/more_interfaces/local/lib/python3.10/dist-packages/more_interfaces/__init__.py'...
[7.562s] Listing '/home/jishnu/project/ros2-project/projects/workspace/install/more_interfaces/local/lib/python3.10/dist-packages/more_interfaces/msg'...
[7.562s] Compiling '/home/jishnu/project/ros2-project/projects/workspace/install/more_interfaces/local/lib/python3.10/dist-packages/more_interfaces/msg/__init__.py'...
[7.562s] Compiling '/home/jishnu/project/ros2-project/projects/workspace/install/more_interfaces/local/lib/python3.10/dist-packages/more_interfaces/msg/_address_book.py'...
[7.567s] -- Installing: /home/jishnu/project/ros2-project/projects/workspace/install/more_interfaces/local/lib/python3.10/dist-packages/more_interfaces/more_interfaces_s__rosidl_typesupport_fastrtps_c.cpython-310-x86_64-linux-gnu.so
[7.567s] -- Set runtime path of "/home/jishnu/project/ros2-project/projects/workspace/install/more_interfaces/local/lib/python3.10/dist-packages/more_interfaces/more_interfaces_s__rosidl_typesupport_fastrtps_c.cpython-310-x86_64-linux-gnu.so" to ""
[7.568s] -- Installing: /home/jishnu/project/ros2-project/projects/workspace/install/more_interfaces/local/lib/python3.10/dist-packages/more_interfaces/more_interfaces_s__rosidl_typesupport_introspection_c.cpython-310-x86_64-linux-gnu.so
[7.568s] -- Set runtime path of "/home/jishnu/project/ros2-project/projects/workspace/install/more_interfaces/local/lib/python3.10/dist-packages/more_interfaces/more_interfaces_s__rosidl_typesupport_introspection_c.cpython-310-x86_64-linux-gnu.so" to ""
[7.568s] -- Installing: /home/jishnu/project/ros2-project/projects/workspace/install/more_interfaces/local/lib/python3.10/dist-packages/more_interfaces/more_interfaces_s__rosidl_typesupport_c.cpython-310-x86_64-linux-gnu.so
[7.569s] -- Set runtime path of "/home/jishnu/project/ros2-project/projects/workspace/install/more_interfaces/local/lib/python3.10/dist-packages/more_interfaces/more_interfaces_s__rosidl_typesupport_c.cpython-310-x86_64-linux-gnu.so" to ""
[7.569s] -- Installing: /home/jishnu/project/ros2-project/projects/workspace/install/more_interfaces/lib/libmore_interfaces__rosidl_generator_py.so
[7.569s] -- Set runtime path of "/home/jishnu/project/ros2-project/projects/workspace/install/more_interfaces/lib/libmore_interfaces__rosidl_generator_py.so" to ""
[7.569s] -- Installing: /home/jishnu/project/ros2-project/projects/workspace/install/more_interfaces/share/more_interfaces/msg/AddressBook.idl
[7.569s] -- Installing: /home/jishnu/project/ros2-project/projects/workspace/install/more_interfaces/share/more_interfaces/msg/AddressBook.msg
[7.570s] -- Installing: /home/jishnu/project/ros2-project/projects/workspace/install/more_interfaces/lib/more_interfaces/publish_address_book
[7.571s] -- Set runtime path of "/home/jishnu/project/ros2-project/projects/workspace/install/more_interfaces/lib/more_interfaces/publish_address_book" to ""
[7.571s] -- Installing: /home/jishnu/project/ros2-project/projects/workspace/install/more_interfaces/share/ament_index/resource_index/package_run_dependencies/more_interfaces
[7.572s] -- Installing: /home/jishnu/project/ros2-project/projects/workspace/install/more_interfaces/share/ament_index/resource_index/parent_prefix_path/more_interfaces
[7.572s] -- Installing: /home/jishnu/project/ros2-project/projects/workspace/install/more_interfaces/share/more_interfaces/environment/ament_prefix_path.sh
[7.572s] -- Installing: /home/jishnu/project/ros2-project/projects/workspace/install/more_interfaces/share/more_interfaces/environment/ament_prefix_path.dsv
[7.572s] -- Installing: /home/jishnu/project/ros2-project/projects/workspace/install/more_interfaces/share/more_interfaces/environment/path.sh
[7.572s] -- Installing: /home/jishnu/project/ros2-project/projects/workspace/install/more_interfaces/share/more_interfaces/environment/path.dsv
[7.572s] -- Installing: /home/jishnu/project/ros2-project/projects/workspace/install/more_interfaces/share/more_interfaces/local_setup.bash
[7.573s] -- Installing: /home/jishnu/project/ros2-project/projects/workspace/install/more_interfaces/share/more_interfaces/local_setup.sh
[7.573s] -- Installing: /home/jishnu/project/ros2-project/projects/workspace/install/more_interfaces/share/more_interfaces/local_setup.zsh
[7.573s] -- Installing: /home/jishnu/project/ros2-project/projects/workspace/install/more_interfaces/share/more_interfaces/local_setup.dsv
[7.573s] -- Installing: /home/jishnu/project/ros2-project/projects/workspace/install/more_interfaces/share/more_interfaces/package.dsv
[7.573s] -- Installing: /home/jishnu/project/ros2-project/projects/workspace/install/more_interfaces/share/ament_index/resource_index/packages/more_interfaces
[7.574s] -- Installing: /home/jishnu/project/ros2-project/projects/workspace/install/more_interfaces/share/more_interfaces/cmake/export_more_interfaces__rosidl_generator_cExport.cmake
[7.574s] -- Installing: /home/jishnu/project/ros2-project/projects/workspace/install/more_interfaces/share/more_interfaces/cmake/export_more_interfaces__rosidl_generator_cExport-noconfig.cmake
[7.574s] -- Installing: /home/jishnu/project/ros2-project/projects/workspace/install/more_interfaces/share/more_interfaces/cmake/export_more_interfaces__rosidl_typesupport_fastrtps_cExport.cmake
[7.574s] -- Installing: /home/jishnu/project/ros2-project/projects/workspace/install/more_interfaces/share/more_interfaces/cmake/export_more_interfaces__rosidl_typesupport_fastrtps_cExport-noconfig.cmake
[7.574s] -- Installing: /home/jishnu/project/ros2-project/projects/workspace/install/more_interfaces/share/more_interfaces/cmake/more_interfaces__rosidl_typesupport_introspection_cExport.cmake
[7.574s] -- Installing: /home/jishnu/project/ros2-project/projects/workspace/install/more_interfaces/share/more_interfaces/cmake/more_interfaces__rosidl_typesupport_introspection_cExport-noconfig.cmake
[7.574s] -- Installing: /home/jishnu/project/ros2-project/projects/workspace/install/more_interfaces/share/more_interfaces/cmake/more_interfaces__rosidl_typesupport_cExport.cmake
[7.574s] -- Installing: /home/jishnu/project/ros2-project/projects/workspace/install/more_interfaces/share/more_interfaces/cmake/more_interfaces__rosidl_typesupport_cExport-noconfig.cmake
[7.574s] -- Installing: /home/jishnu/project/ros2-project/projects/workspace/install/more_interfaces/share/more_interfaces/cmake/export_more_interfaces__rosidl_generator_cppExport.cmake
[7.575s] -- Installing: /home/jishnu/project/ros2-project/projects/workspace/install/more_interfaces/share/more_interfaces/cmake/export_more_interfaces__rosidl_typesupport_fastrtps_cppExport.cmake
[7.575s] -- Installing: /home/jishnu/project/ros2-project/projects/workspace/install/more_interfaces/share/more_interfaces/cmake/export_more_interfaces__rosidl_typesupport_fastrtps_cppExport-noconfig.cmake
[7.575s] -- Installing: /home/jishnu/project/ros2-project/projects/workspace/install/more_interfaces/share/more_interfaces/cmake/more_interfaces__rosidl_typesupport_introspection_cppExport.cmake
[7.575s] -- Installing: /home/jishnu/project/ros2-project/projects/workspace/install/more_interfaces/share/more_interfaces/cmake/more_interfaces__rosidl_typesupport_introspection_cppExport-noconfig.cmake
[7.575s] -- Installing: /home/jishnu/project/ros2-project/projects/workspace/install/more_interfaces/share/more_interfaces/cmake/more_interfaces__rosidl_typesupport_cppExport.cmake
[7.575s] -- Installing: /home/jishnu/project/ros2-project/projects/workspace/install/more_interfaces/share/more_interfaces/cmake/more_interfaces__rosidl_typesupport_cppExport-noconfig.cmake
[7.575s] -- Installing: /home/jishnu/project/ros2-project/projects/workspace/install/more_interfaces/share/more_interfaces/cmake/export_more_interfaces__rosidl_generator_pyExport.cmake
[7.575s] -- Installing: /home/jishnu/project/ros2-project/projects/workspace/install/more_interfaces/share/more_interfaces/cmake/export_more_interfaces__rosidl_generator_pyExport-noconfig.cmake
[7.575s] -- Installing: /home/jishnu/project/ros2-project/projects/workspace/install/more_interfaces/share/more_interfaces/cmake/ament_cmake_export_dependencies-extras.cmake
[7.575s] -- Installing: /home/jishnu/project/ros2-project/projects/workspace/install/more_interfaces/share/more_interfaces/cmake/rosidl_cmake-extras.cmake
[7.576s] -- Installing: /home/jishnu/project/ros2-project/projects/workspace/install/more_interfaces/share/more_interfaces/cmake/ament_cmake_export_include_directories-extras.cmake
[7.576s] -- Installing: /home/jishnu/project/ros2-project/projects/workspace/install/more_interfaces/share/more_interfaces/cmake/ament_cmake_export_libraries-extras.cmake
[7.576s] -- Installing: /home/jishnu/project/ros2-project/projects/workspace/install/more_interfaces/share/more_interfaces/cmake/ament_cmake_export_targets-extras.cmake
[7.576s] -- Installing: /home/jishnu/project/ros2-project/projects/workspace/install/more_interfaces/share/more_interfaces/cmake/rosidl_cmake_export_typesupport_targets-extras.cmake
[7.576s] -- Installing: /home/jishnu/project/ros2-project/projects/workspace/install/more_interfaces/share/more_interfaces/cmake/rosidl_cmake_export_typesupport_libraries-extras.cmake
[7.576s] -- Installing: /home/jishnu/project/ros2-project/projects/workspace/install/more_interfaces/share/more_interfaces/cmake/more_interfacesConfig.cmake
[7.576s] -- Installing: /home/jishnu/project/ros2-project/projects/workspace/install/more_interfaces/share/more_interfaces/cmake/more_interfacesConfig-version.cmake
[7.576s] -- Installing: /home/jishnu/project/ros2-project/projects/workspace/install/more_interfaces/share/more_interfaces/package.xml
[7.578s] Invoked command in '/home/jishnu/project/ros2-project/projects/workspace/build/more_interfaces' returned '0': CMAKE_PREFIX_PATH=${CMAKE_PREFIX_PATH}:/home/jishnu/project/ros2-project/projects/workspace/install/py_pubsub:/home/jishnu/project/ros2-project/projects/workspace/install/ros_test_package:/home/jishnu/project/ros2-project/projects/workspace/install/py_srvcli:/home/jishnu/project/ros2-project/projects/workspace/install/my_package:/opt/ros/humble /usr/bin/cmake --install /home/jishnu/project/ros2-project/projects/workspace/build/more_interfaces
