[0.589s] Invoking command in '/home/jishnu/project/ros2-project/projects/workspace/build/more_interfaces': CMAKE_PREFIX_PATH=${CMAKE_PREFIX_PATH}:/home/jishnu/project/moveit-projects/ws_moveit2/install/ros2controlcli:/home/jishnu/project/moveit-projects/ws_moveit2/install/moveit_configs_utils:/home/jishnu/ws_moveit2/install/ros2controlcli:/home/jishnu/ws_moveit2/install/moveit_configs_utils:/opt/ros/humble /usr/bin/cmake --build /home/jishnu/project/ros2-project/projects/workspace/build/more_interfaces -- -j8 -l8
[1.024s] [  3%] Built target more_interfaces__cpp
[1.024s] [ 21%] Built target more_interfaces__rosidl_typesupport_introspection_cpp
[1.024s] [ 21%] Built target more_interfaces__rosidl_generator_c
[1.564s] [ 30%] Built target more_interfaces__rosidl_typesupport_cpp
[1.564s] [ 39%] Built target more_interfaces__rosidl_typesupport_fastrtps_cpp
[2.542s] [ 48%] Built target more_interfaces__rosidl_typesupport_introspection_c
[2.544s] [ 57%] Built target more_interfaces__rosidl_typesupport_c
[2.556s] [ 66%] Built target more_interfaces__rosidl_typesupport_fastrtps_c
[3.059s] [ 66%] Built target more_interfaces
[3.159s] [ 72%] Built target publish_motor_driver
[3.348s] [ 72%] Built target ament_cmake_python_copy_more_interfaces
[3.398s] [ 75%] Built target more_interfaces__py
[3.761s] [ 81%] Built target more_interfaces__rosidl_generator_py
[3.828s] running egg_info
[3.829s] writing more_interfaces.egg-info/PKG-INFO
[3.829s] writing dependency_links to more_interfaces.egg-info/dependency_links.txt
[3.830s] writing top-level names to more_interfaces.egg-info/top_level.txt
[3.832s] reading manifest file 'more_interfaces.egg-info/SOURCES.txt'
[3.891s] writing manifest file 'more_interfaces.egg-info/SOURCES.txt'
[3.924s] [ 81%] Built target ament_cmake_python_build_more_interfaces_egg
[3.948s] [ 87%] Built target more_interfaces__rosidl_typesupport_fastrtps_c__pyext
[3.963s] [ 93%] Built target more_interfaces__rosidl_typesupport_c__pyext
[3.980s] [100%] Built target more_interfaces__rosidl_typesupport_introspection_c__pyext
