[  9%] Built target more_interfaces__rosidl_generator_c
[ 12%] Built target more_interfaces__cpp
[ 12%] Built target ament_cmake_python_copy_more_interfaces
[ 21%] Built target more_interfaces__rosidl_typesupport_fastrtps_c
[ 30%] Built target more_interfaces__rosidl_typesupport_introspection_c
[ 39%] Built target more_interfaces__rosidl_typesupport_c
[ 48%] Built target more_interfaces__rosidl_typesupport_cpp
[ 57%] Built target more_interfaces__rosidl_typesupport_introspection_cpp
[ 66%] Built target more_interfaces__rosidl_typesupport_fastrtps_cpp
[ 72%] Built target publish_motor_driver
[ 72%] Built target more_interfaces
[ 75%] Built target more_interfaces__py
[ 81%] Built target more_interfaces__rosidl_generator_py
[ 87%] Built target more_interfaces__rosidl_typesupport_fastrtps_c__pyext
[ 93%] Built target more_interfaces__rosidl_typesupport_introspection_c__pyext
[100%] Built target more_interfaces__rosidl_typesupport_c__pyext
running egg_info
writing more_interfaces.egg-info/PKG-INFO
writing dependency_links to more_interfaces.egg-info/dependency_links.txt
writing top-level names to more_interfaces.egg-info/top_level.txt
reading manifest file 'more_interfaces.egg-info/SOURCES.txt'
writing manifest file 'more_interfaces.egg-info/SOURCES.txt'
[100%] Built target ament_cmake_python_build_more_interfaces_egg
-- Install configuration: ""
-- Up-to-date: /home/jishnu/project/ros2-project/projects/workspace/src/install/more_interfaces/share/ament_index/resource_index/rosidl_interfaces/more_interfaces
-- Up-to-date: /home/jishnu/project/ros2-project/projects/workspace/src/install/more_interfaces/include/more_interfaces/more_interfaces
-- Up-to-date: /home/jishnu/project/ros2-project/projects/workspace/src/install/more_interfaces/include/more_interfaces/more_interfaces/msg
-- Up-to-date: /home/jishnu/project/ros2-project/projects/workspace/src/install/more_interfaces/include/more_interfaces/more_interfaces/msg/rosidl_generator_c__visibility_control.h
-- Up-to-date: /home/jishnu/project/ros2-project/projects/workspace/src/install/more_interfaces/include/more_interfaces/more_interfaces/msg/motor_driver.h
-- Up-to-date: /home/jishnu/project/ros2-project/projects/workspace/src/install/more_interfaces/include/more_interfaces/more_interfaces/msg/detail
-- Up-to-date: /home/jishnu/project/ros2-project/projects/workspace/src/install/more_interfaces/include/more_interfaces/more_interfaces/msg/detail/motor_driver__type_support.h
-- Up-to-date: /home/jishnu/project/ros2-project/projects/workspace/src/install/more_interfaces/include/more_interfaces/more_interfaces/msg/detail/motor_driver__functions.h
-- Up-to-date: /home/jishnu/project/ros2-project/projects/workspace/src/install/more_interfaces/include/more_interfaces/more_interfaces/msg/detail/motor_driver__struct.h
-- Up-to-date: /home/jishnu/project/ros2-project/projects/workspace/src/install/more_interfaces/include/more_interfaces/more_interfaces/msg/detail/motor_driver__functions.c
-- Up-to-date: /home/jishnu/project/ros2-project/projects/workspace/src/install/more_interfaces/share/more_interfaces/environment/library_path.sh
-- Up-to-date: /home/jishnu/project/ros2-project/projects/workspace/src/install/more_interfaces/share/more_interfaces/environment/library_path.dsv
-- Up-to-date: /home/jishnu/project/ros2-project/projects/workspace/src/install/more_interfaces/lib/libmore_interfaces__rosidl_generator_c.so
-- Up-to-date: /home/jishnu/project/ros2-project/projects/workspace/src/install/more_interfaces/include/more_interfaces/more_interfaces
-- Up-to-date: /home/jishnu/project/ros2-project/projects/workspace/src/install/more_interfaces/include/more_interfaces/more_interfaces/msg
-- Up-to-date: /home/jishnu/project/ros2-project/projects/workspace/src/install/more_interfaces/include/more_interfaces/more_interfaces/msg/rosidl_typesupport_fastrtps_c__visibility_control.h
-- Up-to-date: /home/jishnu/project/ros2-project/projects/workspace/src/install/more_interfaces/include/more_interfaces/more_interfaces/msg/detail
-- Up-to-date: /home/jishnu/project/ros2-project/projects/workspace/src/install/more_interfaces/include/more_interfaces/more_interfaces/msg/detail/motor_driver__rosidl_typesupport_fastrtps_c.h
-- Up-to-date: /home/jishnu/project/ros2-project/projects/workspace/src/install/more_interfaces/lib/libmore_interfaces__rosidl_typesupport_fastrtps_c.so
-- Up-to-date: /home/jishnu/project/ros2-project/projects/workspace/src/install/more_interfaces/include/more_interfaces/more_interfaces
-- Up-to-date: /home/jishnu/project/ros2-project/projects/workspace/src/install/more_interfaces/include/more_interfaces/more_interfaces/msg
-- Up-to-date: /home/jishnu/project/ros2-project/projects/workspace/src/install/more_interfaces/include/more_interfaces/more_interfaces/msg/detail
-- Up-to-date: /home/jishnu/project/ros2-project/projects/workspace/src/install/more_interfaces/include/more_interfaces/more_interfaces/msg/detail/motor_driver__rosidl_typesupport_introspection_c.h
-- Up-to-date: /home/jishnu/project/ros2-project/projects/workspace/src/install/more_interfaces/include/more_interfaces/more_interfaces/msg/detail/motor_driver__type_support.c
-- Up-to-date: /home/jishnu/project/ros2-project/projects/workspace/src/install/more_interfaces/include/more_interfaces/more_interfaces/msg/rosidl_typesupport_introspection_c__visibility_control.h
-- Up-to-date: /home/jishnu/project/ros2-project/projects/workspace/src/install/more_interfaces/lib/libmore_interfaces__rosidl_typesupport_introspection_c.so
-- Up-to-date: /home/jishnu/project/ros2-project/projects/workspace/src/install/more_interfaces/lib/libmore_interfaces__rosidl_typesupport_c.so
-- Up-to-date: /home/jishnu/project/ros2-project/projects/workspace/src/install/more_interfaces/include/more_interfaces/more_interfaces
-- Up-to-date: /home/jishnu/project/ros2-project/projects/workspace/src/install/more_interfaces/include/more_interfaces/more_interfaces/msg
-- Up-to-date: /home/jishnu/project/ros2-project/projects/workspace/src/install/more_interfaces/include/more_interfaces/more_interfaces/msg/motor_driver.hpp
-- Up-to-date: /home/jishnu/project/ros2-project/projects/workspace/src/install/more_interfaces/include/more_interfaces/more_interfaces/msg/detail
-- Up-to-date: /home/jishnu/project/ros2-project/projects/workspace/src/install/more_interfaces/include/more_interfaces/more_interfaces/msg/detail/motor_driver__traits.hpp
-- Up-to-date: /home/jishnu/project/ros2-project/projects/workspace/src/install/more_interfaces/include/more_interfaces/more_interfaces/msg/detail/motor_driver__builder.hpp
-- Up-to-date: /home/jishnu/project/ros2-project/projects/workspace/src/install/more_interfaces/include/more_interfaces/more_interfaces/msg/detail/motor_driver__struct.hpp
-- Up-to-date: /home/jishnu/project/ros2-project/projects/workspace/src/install/more_interfaces/include/more_interfaces/more_interfaces
-- Up-to-date: /home/jishnu/project/ros2-project/projects/workspace/src/install/more_interfaces/include/more_interfaces/more_interfaces/msg
-- Up-to-date: /home/jishnu/project/ros2-project/projects/workspace/src/install/more_interfaces/include/more_interfaces/more_interfaces/msg/rosidl_typesupport_fastrtps_cpp__visibility_control.h
-- Up-to-date: /home/jishnu/project/ros2-project/projects/workspace/src/install/more_interfaces/include/more_interfaces/more_interfaces/msg/detail
-- Up-to-date: /home/jishnu/project/ros2-project/projects/workspace/src/install/more_interfaces/include/more_interfaces/more_interfaces/msg/detail/dds_fastrtps
-- Up-to-date: /home/jishnu/project/ros2-project/projects/workspace/src/install/more_interfaces/include/more_interfaces/more_interfaces/msg/detail/motor_driver__rosidl_typesupport_fastrtps_cpp.hpp
-- Up-to-date: /home/jishnu/project/ros2-project/projects/workspace/src/install/more_interfaces/lib/libmore_interfaces__rosidl_typesupport_fastrtps_cpp.so
-- Up-to-date: /home/jishnu/project/ros2-project/projects/workspace/src/install/more_interfaces/include/more_interfaces/more_interfaces
-- Up-to-date: /home/jishnu/project/ros2-project/projects/workspace/src/install/more_interfaces/include/more_interfaces/more_interfaces/msg
-- Up-to-date: /home/jishnu/project/ros2-project/projects/workspace/src/install/more_interfaces/include/more_interfaces/more_interfaces/msg/detail
-- Up-to-date: /home/jishnu/project/ros2-project/projects/workspace/src/install/more_interfaces/include/more_interfaces/more_interfaces/msg/detail/motor_driver__type_support.cpp
-- Up-to-date: /home/jishnu/project/ros2-project/projects/workspace/src/install/more_interfaces/include/more_interfaces/more_interfaces/msg/detail/motor_driver__rosidl_typesupport_introspection_cpp.hpp
-- Up-to-date: /home/jishnu/project/ros2-project/projects/workspace/src/install/more_interfaces/lib/libmore_interfaces__rosidl_typesupport_introspection_cpp.so
-- Up-to-date: /home/jishnu/project/ros2-project/projects/workspace/src/install/more_interfaces/lib/libmore_interfaces__rosidl_typesupport_cpp.so
-- Up-to-date: /home/jishnu/project/ros2-project/projects/workspace/src/install/more_interfaces/share/more_interfaces/environment/pythonpath.sh
-- Up-to-date: /home/jishnu/project/ros2-project/projects/workspace/src/install/more_interfaces/share/more_interfaces/environment/pythonpath.dsv
-- Up-to-date: /home/jishnu/project/ros2-project/projects/workspace/src/install/more_interfaces/local/lib/python3.10/dist-packages/more_interfaces-0.0.0-py3.10.egg-info
-- Installing: /home/jishnu/project/ros2-project/projects/workspace/src/install/more_interfaces/local/lib/python3.10/dist-packages/more_interfaces-0.0.0-py3.10.egg-info/top_level.txt
-- Installing: /home/jishnu/project/ros2-project/projects/workspace/src/install/more_interfaces/local/lib/python3.10/dist-packages/more_interfaces-0.0.0-py3.10.egg-info/dependency_links.txt
-- Installing: /home/jishnu/project/ros2-project/projects/workspace/src/install/more_interfaces/local/lib/python3.10/dist-packages/more_interfaces-0.0.0-py3.10.egg-info/SOURCES.txt
-- Installing: /home/jishnu/project/ros2-project/projects/workspace/src/install/more_interfaces/local/lib/python3.10/dist-packages/more_interfaces-0.0.0-py3.10.egg-info/PKG-INFO
-- Up-to-date: /home/jishnu/project/ros2-project/projects/workspace/src/install/more_interfaces/local/lib/python3.10/dist-packages/more_interfaces
-- Up-to-date: /home/jishnu/project/ros2-project/projects/workspace/src/install/more_interfaces/local/lib/python3.10/dist-packages/more_interfaces/libmore_interfaces__rosidl_generator_py.so
-- Up-to-date: /home/jishnu/project/ros2-project/projects/workspace/src/install/more_interfaces/local/lib/python3.10/dist-packages/more_interfaces/more_interfaces_s__rosidl_typesupport_fastrtps_c.cpython-310-x86_64-linux-gnu.so
-- Up-to-date: /home/jishnu/project/ros2-project/projects/workspace/src/install/more_interfaces/local/lib/python3.10/dist-packages/more_interfaces/_more_interfaces_s.ep.rosidl_typesupport_introspection_c.c
-- Up-to-date: /home/jishnu/project/ros2-project/projects/workspace/src/install/more_interfaces/local/lib/python3.10/dist-packages/more_interfaces/more_interfaces_s__rosidl_typesupport_introspection_c.cpython-310-x86_64-linux-gnu.so
-- Up-to-date: /home/jishnu/project/ros2-project/projects/workspace/src/install/more_interfaces/local/lib/python3.10/dist-packages/more_interfaces/msg
-- Up-to-date: /home/jishnu/project/ros2-project/projects/workspace/src/install/more_interfaces/local/lib/python3.10/dist-packages/more_interfaces/msg/_motor_driver.py
-- Up-to-date: /home/jishnu/project/ros2-project/projects/workspace/src/install/more_interfaces/local/lib/python3.10/dist-packages/more_interfaces/msg/__init__.py
-- Up-to-date: /home/jishnu/project/ros2-project/projects/workspace/src/install/more_interfaces/local/lib/python3.10/dist-packages/more_interfaces/msg/_motor_driver_s.c
-- Up-to-date: /home/jishnu/project/ros2-project/projects/workspace/src/install/more_interfaces/local/lib/python3.10/dist-packages/more_interfaces/__init__.py
-- Up-to-date: /home/jishnu/project/ros2-project/projects/workspace/src/install/more_interfaces/local/lib/python3.10/dist-packages/more_interfaces/_more_interfaces_s.ep.rosidl_typesupport_c.c
-- Up-to-date: /home/jishnu/project/ros2-project/projects/workspace/src/install/more_interfaces/local/lib/python3.10/dist-packages/more_interfaces/_more_interfaces_s.ep.rosidl_typesupport_fastrtps_c.c
-- Up-to-date: /home/jishnu/project/ros2-project/projects/workspace/src/install/more_interfaces/local/lib/python3.10/dist-packages/more_interfaces/more_interfaces_s__rosidl_typesupport_c.cpython-310-x86_64-linux-gnu.so
Listing '/home/jishnu/project/ros2-project/projects/workspace/src/install/more_interfaces/local/lib/python3.10/dist-packages/more_interfaces'...
Listing '/home/jishnu/project/ros2-project/projects/workspace/src/install/more_interfaces/local/lib/python3.10/dist-packages/more_interfaces/msg'...
-- Up-to-date: /home/jishnu/project/ros2-project/projects/workspace/src/install/more_interfaces/local/lib/python3.10/dist-packages/more_interfaces/more_interfaces_s__rosidl_typesupport_fastrtps_c.cpython-310-x86_64-linux-gnu.so
-- Up-to-date: /home/jishnu/project/ros2-project/projects/workspace/src/install/more_interfaces/local/lib/python3.10/dist-packages/more_interfaces/more_interfaces_s__rosidl_typesupport_introspection_c.cpython-310-x86_64-linux-gnu.so
-- Up-to-date: /home/jishnu/project/ros2-project/projects/workspace/src/install/more_interfaces/local/lib/python3.10/dist-packages/more_interfaces/more_interfaces_s__rosidl_typesupport_c.cpython-310-x86_64-linux-gnu.so
-- Up-to-date: /home/jishnu/project/ros2-project/projects/workspace/src/install/more_interfaces/lib/libmore_interfaces__rosidl_generator_py.so
-- Up-to-date: /home/jishnu/project/ros2-project/projects/workspace/src/install/more_interfaces/share/more_interfaces/msg/MotorDriver.idl
-- Up-to-date: /home/jishnu/project/ros2-project/projects/workspace/src/install/more_interfaces/share/more_interfaces/msg/MotorDriver.msg
-- Up-to-date: /home/jishnu/project/ros2-project/projects/workspace/src/install/more_interfaces/lib/more_interfaces/publish_motor_driver
-- Up-to-date: /home/jishnu/project/ros2-project/projects/workspace/src/install/more_interfaces/share/ament_index/resource_index/package_run_dependencies/more_interfaces
-- Up-to-date: /home/jishnu/project/ros2-project/projects/workspace/src/install/more_interfaces/share/ament_index/resource_index/parent_prefix_path/more_interfaces
-- Up-to-date: /home/jishnu/project/ros2-project/projects/workspace/src/install/more_interfaces/share/more_interfaces/environment/ament_prefix_path.sh
-- Up-to-date: /home/jishnu/project/ros2-project/projects/workspace/src/install/more_interfaces/share/more_interfaces/environment/ament_prefix_path.dsv
-- Up-to-date: /home/jishnu/project/ros2-project/projects/workspace/src/install/more_interfaces/share/more_interfaces/environment/path.sh
-- Up-to-date: /home/jishnu/project/ros2-project/projects/workspace/src/install/more_interfaces/share/more_interfaces/environment/path.dsv
-- Up-to-date: /home/jishnu/project/ros2-project/projects/workspace/src/install/more_interfaces/share/more_interfaces/local_setup.bash
-- Up-to-date: /home/jishnu/project/ros2-project/projects/workspace/src/install/more_interfaces/share/more_interfaces/local_setup.sh
-- Up-to-date: /home/jishnu/project/ros2-project/projects/workspace/src/install/more_interfaces/share/more_interfaces/local_setup.zsh
-- Up-to-date: /home/jishnu/project/ros2-project/projects/workspace/src/install/more_interfaces/share/more_interfaces/local_setup.dsv
-- Installing: /home/jishnu/project/ros2-project/projects/workspace/src/install/more_interfaces/share/more_interfaces/package.dsv
-- Up-to-date: /home/jishnu/project/ros2-project/projects/workspace/src/install/more_interfaces/share/ament_index/resource_index/packages/more_interfaces
-- Up-to-date: /home/jishnu/project/ros2-project/projects/workspace/src/install/more_interfaces/share/more_interfaces/cmake/export_more_interfaces__rosidl_generator_cExport.cmake
-- Up-to-date: /home/jishnu/project/ros2-project/projects/workspace/src/install/more_interfaces/share/more_interfaces/cmake/export_more_interfaces__rosidl_generator_cExport-noconfig.cmake
-- Up-to-date: /home/jishnu/project/ros2-project/projects/workspace/src/install/more_interfaces/share/more_interfaces/cmake/export_more_interfaces__rosidl_typesupport_fastrtps_cExport.cmake
-- Up-to-date: /home/jishnu/project/ros2-project/projects/workspace/src/install/more_interfaces/share/more_interfaces/cmake/export_more_interfaces__rosidl_typesupport_fastrtps_cExport-noconfig.cmake
-- Up-to-date: /home/jishnu/project/ros2-project/projects/workspace/src/install/more_interfaces/share/more_interfaces/cmake/more_interfaces__rosidl_typesupport_introspection_cExport.cmake
-- Up-to-date: /home/jishnu/project/ros2-project/projects/workspace/src/install/more_interfaces/share/more_interfaces/cmake/more_interfaces__rosidl_typesupport_introspection_cExport-noconfig.cmake
-- Up-to-date: /home/jishnu/project/ros2-project/projects/workspace/src/install/more_interfaces/share/more_interfaces/cmake/more_interfaces__rosidl_typesupport_cExport.cmake
-- Up-to-date: /home/jishnu/project/ros2-project/projects/workspace/src/install/more_interfaces/share/more_interfaces/cmake/more_interfaces__rosidl_typesupport_cExport-noconfig.cmake
-- Up-to-date: /home/jishnu/project/ros2-project/projects/workspace/src/install/more_interfaces/share/more_interfaces/cmake/export_more_interfaces__rosidl_generator_cppExport.cmake
-- Up-to-date: /home/jishnu/project/ros2-project/projects/workspace/src/install/more_interfaces/share/more_interfaces/cmake/export_more_interfaces__rosidl_typesupport_fastrtps_cppExport.cmake
-- Up-to-date: /home/jishnu/project/ros2-project/projects/workspace/src/install/more_interfaces/share/more_interfaces/cmake/export_more_interfaces__rosidl_typesupport_fastrtps_cppExport-noconfig.cmake
-- Up-to-date: /home/jishnu/project/ros2-project/projects/workspace/src/install/more_interfaces/share/more_interfaces/cmake/more_interfaces__rosidl_typesupport_introspection_cppExport.cmake
-- Up-to-date: /home/jishnu/project/ros2-project/projects/workspace/src/install/more_interfaces/share/more_interfaces/cmake/more_interfaces__rosidl_typesupport_introspection_cppExport-noconfig.cmake
-- Up-to-date: /home/jishnu/project/ros2-project/projects/workspace/src/install/more_interfaces/share/more_interfaces/cmake/more_interfaces__rosidl_typesupport_cppExport.cmake
-- Up-to-date: /home/jishnu/project/ros2-project/projects/workspace/src/install/more_interfaces/share/more_interfaces/cmake/more_interfaces__rosidl_typesupport_cppExport-noconfig.cmake
-- Up-to-date: /home/jishnu/project/ros2-project/projects/workspace/src/install/more_interfaces/share/more_interfaces/cmake/export_more_interfaces__rosidl_generator_pyExport.cmake
-- Up-to-date: /home/jishnu/project/ros2-project/projects/workspace/src/install/more_interfaces/share/more_interfaces/cmake/export_more_interfaces__rosidl_generator_pyExport-noconfig.cmake
-- Up-to-date: /home/jishnu/project/ros2-project/projects/workspace/src/install/more_interfaces/share/more_interfaces/cmake/ament_cmake_export_dependencies-extras.cmake
-- Up-to-date: /home/jishnu/project/ros2-project/projects/workspace/src/install/more_interfaces/share/more_interfaces/cmake/rosidl_cmake-extras.cmake
-- Up-to-date: /home/jishnu/project/ros2-project/projects/workspace/src/install/more_interfaces/share/more_interfaces/cmake/ament_cmake_export_include_directories-extras.cmake
-- Up-to-date: /home/jishnu/project/ros2-project/projects/workspace/src/install/more_interfaces/share/more_interfaces/cmake/ament_cmake_export_libraries-extras.cmake
-- Up-to-date: /home/jishnu/project/ros2-project/projects/workspace/src/install/more_interfaces/share/more_interfaces/cmake/ament_cmake_export_targets-extras.cmake
-- Up-to-date: /home/jishnu/project/ros2-project/projects/workspace/src/install/more_interfaces/share/more_interfaces/cmake/rosidl_cmake_export_typesupport_targets-extras.cmake
-- Up-to-date: /home/jishnu/project/ros2-project/projects/workspace/src/install/more_interfaces/share/more_interfaces/cmake/rosidl_cmake_export_typesupport_libraries-extras.cmake
-- Up-to-date: /home/jishnu/project/ros2-project/projects/workspace/src/install/more_interfaces/share/more_interfaces/cmake/more_interfacesConfig.cmake
-- Up-to-date: /home/jishnu/project/ros2-project/projects/workspace/src/install/more_interfaces/share/more_interfaces/cmake/more_interfacesConfig-version.cmake
-- Up-to-date: /home/jishnu/project/ros2-project/projects/workspace/src/install/more_interfaces/share/more_interfaces/package.xml
