[0.111s] Invoking command in '/home/jishnu/project/ros2-project/projects/workspace/src/build/more_interfaces': CMAKE_PREFIX_PATH=${CMAKE_PREFIX_PATH}:/home/jishnu/project/moveit-projects/ws_moveit2/install/ros2controlcli:/home/jishnu/project/moveit-projects/ws_moveit2/install/moveit_configs_utils:/home/jishnu/ws_moveit2/install/ros2controlcli:/home/jishnu/ws_moveit2/install/moveit_configs_utils:/opt/ros/humble /usr/bin/cmake --build /home/jishnu/project/ros2-project/projects/workspace/src/build/more_interfaces -- -j8 -l8
[0.646s] [  9%] Built target more_interfaces__rosidl_generator_c
[0.646s] [ 12%] Built target more_interfaces__cpp
[0.646s] [ 12%] Built target ament_cmake_python_copy_more_interfaces
[0.646s] [ 21%] Built target more_interfaces__rosidl_typesupport_fastrtps_c
[0.646s] [ 30%] Built target more_interfaces__rosidl_typesupport_introspection_c
[0.646s] [ 39%] Built target more_interfaces__rosidl_typesupport_c
[0.647s] [ 48%] Built target more_interfaces__rosidl_typesupport_cpp
[0.647s] [ 57%] Built target more_interfaces__rosidl_typesupport_introspection_cpp
[0.647s] [ 66%] Built target more_interfaces__rosidl_typesupport_fastrtps_cpp
[0.647s] [ 72%] Built target publish_motor_driver
[0.647s] [ 72%] Built target more_interfaces
[0.647s] [ 75%] Built target more_interfaces__py
[0.660s] [ 81%] Built target more_interfaces__rosidl_generator_py
[0.759s] [ 87%] Built target more_interfaces__rosidl_typesupport_fastrtps_c__pyext
[0.819s] [ 93%] Built target more_interfaces__rosidl_typesupport_introspection_c__pyext
[0.819s] [100%] Built target more_interfaces__rosidl_typesupport_c__pyext
[0.869s] running egg_info
[0.869s] writing more_interfaces.egg-info/PKG-INFO
[0.869s] writing dependency_links to more_interfaces.egg-info/dependency_links.txt
[0.869s] writing top-level names to more_interfaces.egg-info/top_level.txt
[0.871s] reading manifest file 'more_interfaces.egg-info/SOURCES.txt'
[0.872s] writing manifest file 'more_interfaces.egg-info/SOURCES.txt'
[0.947s] [100%] Built target ament_cmake_python_build_more_interfaces_egg
[1.014s] Invoked command in '/home/jishnu/project/ros2-project/projects/workspace/src/build/more_interfaces' returned '0': CMAKE_PREFIX_PATH=${CMAKE_PREFIX_PATH}:/home/jishnu/project/moveit-projects/ws_moveit2/install/ros2controlcli:/home/jishnu/project/moveit-projects/ws_moveit2/install/moveit_configs_utils:/home/jishnu/ws_moveit2/install/ros2controlcli:/home/jishnu/ws_moveit2/install/moveit_configs_utils:/opt/ros/humble /usr/bin/cmake --build /home/jishnu/project/ros2-project/projects/workspace/src/build/more_interfaces -- -j8 -l8
[1.547s] Invoking command in '/home/jishnu/project/ros2-project/projects/workspace/src/build/more_interfaces': CMAKE_PREFIX_PATH=${CMAKE_PREFIX_PATH}:/home/jishnu/project/moveit-projects/ws_moveit2/install/ros2controlcli:/home/jishnu/project/moveit-projects/ws_moveit2/install/moveit_configs_utils:/home/jishnu/ws_moveit2/install/ros2controlcli:/home/jishnu/ws_moveit2/install/moveit_configs_utils:/opt/ros/humble /usr/bin/cmake --install /home/jishnu/project/ros2-project/projects/workspace/src/build/more_interfaces
[2.164s] -- Install configuration: ""
[2.164s] -- Up-to-date: /home/jishnu/project/ros2-project/projects/workspace/src/install/more_interfaces/share/ament_index/resource_index/rosidl_interfaces/more_interfaces
[2.164s] -- Up-to-date: /home/jishnu/project/ros2-project/projects/workspace/src/install/more_interfaces/include/more_interfaces/more_interfaces
[2.164s] -- Up-to-date: /home/jishnu/project/ros2-project/projects/workspace/src/install/more_interfaces/include/more_interfaces/more_interfaces/msg
[2.164s] -- Up-to-date: /home/jishnu/project/ros2-project/projects/workspace/src/install/more_interfaces/include/more_interfaces/more_interfaces/msg/rosidl_generator_c__visibility_control.h
[2.164s] -- Up-to-date: /home/jishnu/project/ros2-project/projects/workspace/src/install/more_interfaces/include/more_interfaces/more_interfaces/msg/motor_driver.h
[2.164s] -- Up-to-date: /home/jishnu/project/ros2-project/projects/workspace/src/install/more_interfaces/include/more_interfaces/more_interfaces/msg/detail
[2.164s] -- Up-to-date: /home/jishnu/project/ros2-project/projects/workspace/src/install/more_interfaces/include/more_interfaces/more_interfaces/msg/detail/motor_driver__type_support.h
[2.164s] -- Up-to-date: /home/jishnu/project/ros2-project/projects/workspace/src/install/more_interfaces/include/more_interfaces/more_interfaces/msg/detail/motor_driver__functions.h
[2.165s] -- Up-to-date: /home/jishnu/project/ros2-project/projects/workspace/src/install/more_interfaces/include/more_interfaces/more_interfaces/msg/detail/motor_driver__struct.h
[2.165s] -- Up-to-date: /home/jishnu/project/ros2-project/projects/workspace/src/install/more_interfaces/include/more_interfaces/more_interfaces/msg/detail/motor_driver__functions.c
[2.165s] -- Up-to-date: /home/jishnu/project/ros2-project/projects/workspace/src/install/more_interfaces/share/more_interfaces/environment/library_path.sh
[2.165s] -- Up-to-date: /home/jishnu/project/ros2-project/projects/workspace/src/install/more_interfaces/share/more_interfaces/environment/library_path.dsv
[2.165s] -- Up-to-date: /home/jishnu/project/ros2-project/projects/workspace/src/install/more_interfaces/lib/libmore_interfaces__rosidl_generator_c.so
[2.165s] -- Up-to-date: /home/jishnu/project/ros2-project/projects/workspace/src/install/more_interfaces/include/more_interfaces/more_interfaces
[2.165s] -- Up-to-date: /home/jishnu/project/ros2-project/projects/workspace/src/install/more_interfaces/include/more_interfaces/more_interfaces/msg
[2.165s] -- Up-to-date: /home/jishnu/project/ros2-project/projects/workspace/src/install/more_interfaces/include/more_interfaces/more_interfaces/msg/rosidl_typesupport_fastrtps_c__visibility_control.h
[2.165s] -- Up-to-date: /home/jishnu/project/ros2-project/projects/workspace/src/install/more_interfaces/include/more_interfaces/more_interfaces/msg/detail
[2.166s] -- Up-to-date: /home/jishnu/project/ros2-project/projects/workspace/src/install/more_interfaces/include/more_interfaces/more_interfaces/msg/detail/motor_driver__rosidl_typesupport_fastrtps_c.h
[2.166s] -- Up-to-date: /home/jishnu/project/ros2-project/projects/workspace/src/install/more_interfaces/lib/libmore_interfaces__rosidl_typesupport_fastrtps_c.so
[2.166s] -- Up-to-date: /home/jishnu/project/ros2-project/projects/workspace/src/install/more_interfaces/include/more_interfaces/more_interfaces
[2.166s] -- Up-to-date: /home/jishnu/project/ros2-project/projects/workspace/src/install/more_interfaces/include/more_interfaces/more_interfaces/msg
[2.166s] -- Up-to-date: /home/jishnu/project/ros2-project/projects/workspace/src/install/more_interfaces/include/more_interfaces/more_interfaces/msg/detail
[2.166s] -- Up-to-date: /home/jishnu/project/ros2-project/projects/workspace/src/install/more_interfaces/include/more_interfaces/more_interfaces/msg/detail/motor_driver__rosidl_typesupport_introspection_c.h
[2.166s] -- Up-to-date: /home/jishnu/project/ros2-project/projects/workspace/src/install/more_interfaces/include/more_interfaces/more_interfaces/msg/detail/motor_driver__type_support.c
[2.166s] -- Up-to-date: /home/jishnu/project/ros2-project/projects/workspace/src/install/more_interfaces/include/more_interfaces/more_interfaces/msg/rosidl_typesupport_introspection_c__visibility_control.h
[2.166s] -- Up-to-date: /home/jishnu/project/ros2-project/projects/workspace/src/install/more_interfaces/lib/libmore_interfaces__rosidl_typesupport_introspection_c.so
[2.166s] -- Up-to-date: /home/jishnu/project/ros2-project/projects/workspace/src/install/more_interfaces/lib/libmore_interfaces__rosidl_typesupport_c.so
[2.166s] -- Up-to-date: /home/jishnu/project/ros2-project/projects/workspace/src/install/more_interfaces/include/more_interfaces/more_interfaces
[2.166s] -- Up-to-date: /home/jishnu/project/ros2-project/projects/workspace/src/install/more_interfaces/include/more_interfaces/more_interfaces/msg
[2.167s] -- Up-to-date: /home/jishnu/project/ros2-project/projects/workspace/src/install/more_interfaces/include/more_interfaces/more_interfaces/msg/motor_driver.hpp
[2.167s] -- Up-to-date: /home/jishnu/project/ros2-project/projects/workspace/src/install/more_interfaces/include/more_interfaces/more_interfaces/msg/detail
[2.167s] -- Up-to-date: /home/jishnu/project/ros2-project/projects/workspace/src/install/more_interfaces/include/more_interfaces/more_interfaces/msg/detail/motor_driver__traits.hpp
[2.168s] -- Up-to-date: /home/jishnu/project/ros2-project/projects/workspace/src/install/more_interfaces/include/more_interfaces/more_interfaces/msg/detail/motor_driver__builder.hpp
[2.168s] -- Up-to-date: /home/jishnu/project/ros2-project/projects/workspace/src/install/more_interfaces/include/more_interfaces/more_interfaces/msg/detail/motor_driver__struct.hpp
[2.168s] -- Up-to-date: /home/jishnu/project/ros2-project/projects/workspace/src/install/more_interfaces/include/more_interfaces/more_interfaces
[2.168s] -- Up-to-date: /home/jishnu/project/ros2-project/projects/workspace/src/install/more_interfaces/include/more_interfaces/more_interfaces/msg
[2.169s] -- Up-to-date: /home/jishnu/project/ros2-project/projects/workspace/src/install/more_interfaces/include/more_interfaces/more_interfaces/msg/rosidl_typesupport_fastrtps_cpp__visibility_control.h
[2.169s] -- Up-to-date: /home/jishnu/project/ros2-project/projects/workspace/src/install/more_interfaces/include/more_interfaces/more_interfaces/msg/detail
[2.169s] -- Up-to-date: /home/jishnu/project/ros2-project/projects/workspace/src/install/more_interfaces/include/more_interfaces/more_interfaces/msg/detail/dds_fastrtps
[2.169s] -- Up-to-date: /home/jishnu/project/ros2-project/projects/workspace/src/install/more_interfaces/include/more_interfaces/more_interfaces/msg/detail/motor_driver__rosidl_typesupport_fastrtps_cpp.hpp
[2.170s] -- Up-to-date: /home/jishnu/project/ros2-project/projects/workspace/src/install/more_interfaces/lib/libmore_interfaces__rosidl_typesupport_fastrtps_cpp.so
[2.170s] -- Up-to-date: /home/jishnu/project/ros2-project/projects/workspace/src/install/more_interfaces/include/more_interfaces/more_interfaces
[2.170s] -- Up-to-date: /home/jishnu/project/ros2-project/projects/workspace/src/install/more_interfaces/include/more_interfaces/more_interfaces/msg
[2.170s] -- Up-to-date: /home/jishnu/project/ros2-project/projects/workspace/src/install/more_interfaces/include/more_interfaces/more_interfaces/msg/detail
[2.170s] -- Up-to-date: /home/jishnu/project/ros2-project/projects/workspace/src/install/more_interfaces/include/more_interfaces/more_interfaces/msg/detail/motor_driver__type_support.cpp
[2.170s] -- Up-to-date: /home/jishnu/project/ros2-project/projects/workspace/src/install/more_interfaces/include/more_interfaces/more_interfaces/msg/detail/motor_driver__rosidl_typesupport_introspection_cpp.hpp
[2.170s] -- Up-to-date: /home/jishnu/project/ros2-project/projects/workspace/src/install/more_interfaces/lib/libmore_interfaces__rosidl_typesupport_introspection_cpp.so
[2.170s] -- Up-to-date: /home/jishnu/project/ros2-project/projects/workspace/src/install/more_interfaces/lib/libmore_interfaces__rosidl_typesupport_cpp.so
[2.170s] -- Up-to-date: /home/jishnu/project/ros2-project/projects/workspace/src/install/more_interfaces/share/more_interfaces/environment/pythonpath.sh
[2.171s] -- Up-to-date: /home/jishnu/project/ros2-project/projects/workspace/src/install/more_interfaces/share/more_interfaces/environment/pythonpath.dsv
[2.171s] -- Up-to-date: /home/jishnu/project/ros2-project/projects/workspace/src/install/more_interfaces/local/lib/python3.10/dist-packages/more_interfaces-0.0.0-py3.10.egg-info
[2.171s] -- Installing: /home/jishnu/project/ros2-project/projects/workspace/src/install/more_interfaces/local/lib/python3.10/dist-packages/more_interfaces-0.0.0-py3.10.egg-info/top_level.txt
[2.171s] -- Installing: /home/jishnu/project/ros2-project/projects/workspace/src/install/more_interfaces/local/lib/python3.10/dist-packages/more_interfaces-0.0.0-py3.10.egg-info/dependency_links.txt
[2.171s] -- Installing: /home/jishnu/project/ros2-project/projects/workspace/src/install/more_interfaces/local/lib/python3.10/dist-packages/more_interfaces-0.0.0-py3.10.egg-info/SOURCES.txt
[2.171s] -- Installing: /home/jishnu/project/ros2-project/projects/workspace/src/install/more_interfaces/local/lib/python3.10/dist-packages/more_interfaces-0.0.0-py3.10.egg-info/PKG-INFO
[2.171s] -- Up-to-date: /home/jishnu/project/ros2-project/projects/workspace/src/install/more_interfaces/local/lib/python3.10/dist-packages/more_interfaces
[2.171s] -- Up-to-date: /home/jishnu/project/ros2-project/projects/workspace/src/install/more_interfaces/local/lib/python3.10/dist-packages/more_interfaces/libmore_interfaces__rosidl_generator_py.so
[2.171s] -- Up-to-date: /home/jishnu/project/ros2-project/projects/workspace/src/install/more_interfaces/local/lib/python3.10/dist-packages/more_interfaces/more_interfaces_s__rosidl_typesupport_fastrtps_c.cpython-310-x86_64-linux-gnu.so
[2.171s] -- Up-to-date: /home/jishnu/project/ros2-project/projects/workspace/src/install/more_interfaces/local/lib/python3.10/dist-packages/more_interfaces/_more_interfaces_s.ep.rosidl_typesupport_introspection_c.c
[2.171s] -- Up-to-date: /home/jishnu/project/ros2-project/projects/workspace/src/install/more_interfaces/local/lib/python3.10/dist-packages/more_interfaces/more_interfaces_s__rosidl_typesupport_introspection_c.cpython-310-x86_64-linux-gnu.so
[2.172s] -- Up-to-date: /home/jishnu/project/ros2-project/projects/workspace/src/install/more_interfaces/local/lib/python3.10/dist-packages/more_interfaces/msg
[2.172s] -- Up-to-date: /home/jishnu/project/ros2-project/projects/workspace/src/install/more_interfaces/local/lib/python3.10/dist-packages/more_interfaces/msg/_motor_driver.py
[2.172s] -- Up-to-date: /home/jishnu/project/ros2-project/projects/workspace/src/install/more_interfaces/local/lib/python3.10/dist-packages/more_interfaces/msg/__init__.py
[2.172s] -- Up-to-date: /home/jishnu/project/ros2-project/projects/workspace/src/install/more_interfaces/local/lib/python3.10/dist-packages/more_interfaces/msg/_motor_driver_s.c
[2.172s] -- Up-to-date: /home/jishnu/project/ros2-project/projects/workspace/src/install/more_interfaces/local/lib/python3.10/dist-packages/more_interfaces/__init__.py
[2.172s] -- Up-to-date: /home/jishnu/project/ros2-project/projects/workspace/src/install/more_interfaces/local/lib/python3.10/dist-packages/more_interfaces/_more_interfaces_s.ep.rosidl_typesupport_c.c
[2.172s] -- Up-to-date: /home/jishnu/project/ros2-project/projects/workspace/src/install/more_interfaces/local/lib/python3.10/dist-packages/more_interfaces/_more_interfaces_s.ep.rosidl_typesupport_fastrtps_c.c
[2.172s] -- Up-to-date: /home/jishnu/project/ros2-project/projects/workspace/src/install/more_interfaces/local/lib/python3.10/dist-packages/more_interfaces/more_interfaces_s__rosidl_typesupport_c.cpython-310-x86_64-linux-gnu.so
[2.172s] Listing '/home/jishnu/project/ros2-project/projects/workspace/src/install/more_interfaces/local/lib/python3.10/dist-packages/more_interfaces'...
[2.173s] Listing '/home/jishnu/project/ros2-project/projects/workspace/src/install/more_interfaces/local/lib/python3.10/dist-packages/more_interfaces/msg'...
[2.173s] -- Up-to-date: /home/jishnu/project/ros2-project/projects/workspace/src/install/more_interfaces/local/lib/python3.10/dist-packages/more_interfaces/more_interfaces_s__rosidl_typesupport_fastrtps_c.cpython-310-x86_64-linux-gnu.so
[2.173s] -- Up-to-date: /home/jishnu/project/ros2-project/projects/workspace/src/install/more_interfaces/local/lib/python3.10/dist-packages/more_interfaces/more_interfaces_s__rosidl_typesupport_introspection_c.cpython-310-x86_64-linux-gnu.so
[2.188s] -- Up-to-date: /home/jishnu/project/ros2-project/projects/workspace/src/install/more_interfaces/local/lib/python3.10/dist-packages/more_interfaces/more_interfaces_s__rosidl_typesupport_c.cpython-310-x86_64-linux-gnu.so
[2.188s] -- Up-to-date: /home/jishnu/project/ros2-project/projects/workspace/src/install/more_interfaces/lib/libmore_interfaces__rosidl_generator_py.so
[2.188s] -- Up-to-date: /home/jishnu/project/ros2-project/projects/workspace/src/install/more_interfaces/share/more_interfaces/msg/MotorDriver.idl
[2.188s] -- Up-to-date: /home/jishnu/project/ros2-project/projects/workspace/src/install/more_interfaces/share/more_interfaces/msg/MotorDriver.msg
[2.188s] -- Up-to-date: /home/jishnu/project/ros2-project/projects/workspace/src/install/more_interfaces/lib/more_interfaces/publish_motor_driver
[2.203s] -- Up-to-date: /home/jishnu/project/ros2-project/projects/workspace/src/install/more_interfaces/share/ament_index/resource_index/package_run_dependencies/more_interfaces
[2.203s] -- Up-to-date: /home/jishnu/project/ros2-project/projects/workspace/src/install/more_interfaces/share/ament_index/resource_index/parent_prefix_path/more_interfaces
[2.203s] -- Up-to-date: /home/jishnu/project/ros2-project/projects/workspace/src/install/more_interfaces/share/more_interfaces/environment/ament_prefix_path.sh
[2.203s] -- Up-to-date: /home/jishnu/project/ros2-project/projects/workspace/src/install/more_interfaces/share/more_interfaces/environment/ament_prefix_path.dsv
[2.203s] -- Up-to-date: /home/jishnu/project/ros2-project/projects/workspace/src/install/more_interfaces/share/more_interfaces/environment/path.sh
[2.203s] -- Up-to-date: /home/jishnu/project/ros2-project/projects/workspace/src/install/more_interfaces/share/more_interfaces/environment/path.dsv
[2.204s] -- Up-to-date: /home/jishnu/project/ros2-project/projects/workspace/src/install/more_interfaces/share/more_interfaces/local_setup.bash
[2.204s] -- Up-to-date: /home/jishnu/project/ros2-project/projects/workspace/src/install/more_interfaces/share/more_interfaces/local_setup.sh
[2.204s] -- Up-to-date: /home/jishnu/project/ros2-project/projects/workspace/src/install/more_interfaces/share/more_interfaces/local_setup.zsh
[2.204s] -- Up-to-date: /home/jishnu/project/ros2-project/projects/workspace/src/install/more_interfaces/share/more_interfaces/local_setup.dsv
[2.204s] -- Installing: /home/jishnu/project/ros2-project/projects/workspace/src/install/more_interfaces/share/more_interfaces/package.dsv
[2.204s] -- Up-to-date: /home/jishnu/project/ros2-project/projects/workspace/src/install/more_interfaces/share/ament_index/resource_index/packages/more_interfaces
[2.204s] -- Up-to-date: /home/jishnu/project/ros2-project/projects/workspace/src/install/more_interfaces/share/more_interfaces/cmake/export_more_interfaces__rosidl_generator_cExport.cmake
[2.204s] -- Up-to-date: /home/jishnu/project/ros2-project/projects/workspace/src/install/more_interfaces/share/more_interfaces/cmake/export_more_interfaces__rosidl_generator_cExport-noconfig.cmake
[2.205s] -- Up-to-date: /home/jishnu/project/ros2-project/projects/workspace/src/install/more_interfaces/share/more_interfaces/cmake/export_more_interfaces__rosidl_typesupport_fastrtps_cExport.cmake
[2.205s] -- Up-to-date: /home/jishnu/project/ros2-project/projects/workspace/src/install/more_interfaces/share/more_interfaces/cmake/export_more_interfaces__rosidl_typesupport_fastrtps_cExport-noconfig.cmake
[2.205s] -- Up-to-date: /home/jishnu/project/ros2-project/projects/workspace/src/install/more_interfaces/share/more_interfaces/cmake/more_interfaces__rosidl_typesupport_introspection_cExport.cmake
[2.205s] -- Up-to-date: /home/jishnu/project/ros2-project/projects/workspace/src/install/more_interfaces/share/more_interfaces/cmake/more_interfaces__rosidl_typesupport_introspection_cExport-noconfig.cmake
[2.205s] -- Up-to-date: /home/jishnu/project/ros2-project/projects/workspace/src/install/more_interfaces/share/more_interfaces/cmake/more_interfaces__rosidl_typesupport_cExport.cmake
[2.205s] -- Up-to-date: /home/jishnu/project/ros2-project/projects/workspace/src/install/more_interfaces/share/more_interfaces/cmake/more_interfaces__rosidl_typesupport_cExport-noconfig.cmake
[2.205s] -- Up-to-date: /home/jishnu/project/ros2-project/projects/workspace/src/install/more_interfaces/share/more_interfaces/cmake/export_more_interfaces__rosidl_generator_cppExport.cmake
[2.205s] -- Up-to-date: /home/jishnu/project/ros2-project/projects/workspace/src/install/more_interfaces/share/more_interfaces/cmake/export_more_interfaces__rosidl_typesupport_fastrtps_cppExport.cmake
[2.205s] -- Up-to-date: /home/jishnu/project/ros2-project/projects/workspace/src/install/more_interfaces/share/more_interfaces/cmake/export_more_interfaces__rosidl_typesupport_fastrtps_cppExport-noconfig.cmake
[2.206s] -- Up-to-date: /home/jishnu/project/ros2-project/projects/workspace/src/install/more_interfaces/share/more_interfaces/cmake/more_interfaces__rosidl_typesupport_introspection_cppExport.cmake
[2.206s] -- Up-to-date: /home/jishnu/project/ros2-project/projects/workspace/src/install/more_interfaces/share/more_interfaces/cmake/more_interfaces__rosidl_typesupport_introspection_cppExport-noconfig.cmake
[2.206s] -- Up-to-date: /home/jishnu/project/ros2-project/projects/workspace/src/install/more_interfaces/share/more_interfaces/cmake/more_interfaces__rosidl_typesupport_cppExport.cmake
[2.206s] -- Up-to-date: /home/jishnu/project/ros2-project/projects/workspace/src/install/more_interfaces/share/more_interfaces/cmake/more_interfaces__rosidl_typesupport_cppExport-noconfig.cmake
[2.206s] -- Up-to-date: /home/jishnu/project/ros2-project/projects/workspace/src/install/more_interfaces/share/more_interfaces/cmake/export_more_interfaces__rosidl_generator_pyExport.cmake
[2.206s] -- Up-to-date: /home/jishnu/project/ros2-project/projects/workspace/src/install/more_interfaces/share/more_interfaces/cmake/export_more_interfaces__rosidl_generator_pyExport-noconfig.cmake
[2.206s] -- Up-to-date: /home/jishnu/project/ros2-project/projects/workspace/src/install/more_interfaces/share/more_interfaces/cmake/ament_cmake_export_dependencies-extras.cmake
[2.206s] -- Up-to-date: /home/jishnu/project/ros2-project/projects/workspace/src/install/more_interfaces/share/more_interfaces/cmake/rosidl_cmake-extras.cmake
[2.207s] -- Up-to-date: /home/jishnu/project/ros2-project/projects/workspace/src/install/more_interfaces/share/more_interfaces/cmake/ament_cmake_export_include_directories-extras.cmake
[2.207s] -- Up-to-date: /home/jishnu/project/ros2-project/projects/workspace/src/install/more_interfaces/share/more_interfaces/cmake/ament_cmake_export_libraries-extras.cmake
[2.207s] -- Up-to-date: /home/jishnu/project/ros2-project/projects/workspace/src/install/more_interfaces/share/more_interfaces/cmake/ament_cmake_export_targets-extras.cmake
[2.207s] -- Up-to-date: /home/jishnu/project/ros2-project/projects/workspace/src/install/more_interfaces/share/more_interfaces/cmake/rosidl_cmake_export_typesupport_targets-extras.cmake
[2.207s] -- Up-to-date: /home/jishnu/project/ros2-project/projects/workspace/src/install/more_interfaces/share/more_interfaces/cmake/rosidl_cmake_export_typesupport_libraries-extras.cmake
[2.207s] -- Up-to-date: /home/jishnu/project/ros2-project/projects/workspace/src/install/more_interfaces/share/more_interfaces/cmake/more_interfacesConfig.cmake
[2.207s] -- Up-to-date: /home/jishnu/project/ros2-project/projects/workspace/src/install/more_interfaces/share/more_interfaces/cmake/more_interfacesConfig-version.cmake
[2.210s] -- Up-to-date: /home/jishnu/project/ros2-project/projects/workspace/src/install/more_interfaces/share/more_interfaces/package.xml
[2.278s] Invoked command in '/home/jishnu/project/ros2-project/projects/workspace/src/build/more_interfaces' returned '0': CMAKE_PREFIX_PATH=${CMAKE_PREFIX_PATH}:/home/jishnu/project/moveit-projects/ws_moveit2/install/ros2controlcli:/home/jishnu/project/moveit-projects/ws_moveit2/install/moveit_configs_utils:/home/jishnu/ws_moveit2/install/ros2controlcli:/home/jishnu/ws_moveit2/install/moveit_configs_utils:/opt/ros/humble /usr/bin/cmake --install /home/jishnu/project/ros2-project/projects/workspace/src/build/more_interfaces
