[1.835s] Invoking command in '/home/jishnu/project/ros2-project/projects/ros2_ws/build/examples_rclpy_minimal_service': PYTHONPATH=/home/jishnu/project/ros2-project/projects/ros2_ws/install/examples_rclpy_minimal_service/lib/python3.10/site-packages:${PYTHONPATH} /usr/bin/python3 setup.py develop --prefix /home/jishnu/project/ros2-project/projects/ros2_ws/install/examples_rclpy_minimal_service --editable --build-directory /home/jishnu/project/ros2-project/projects/ros2_ws/build/examples_rclpy_minimal_service/build --no-deps install_data --install-dir /home/jishnu/project/ros2-project/projects/ros2_ws/install/examples_rclpy_minimal_service
[2.636s] running develop
[2.637s] running egg_info
[2.637s] creating examples_rclpy_minimal_service.egg-info
[2.637s] writing examples_rclpy_minimal_service.egg-info/PKG-INFO
[2.637s] writing dependency_links to examples_rclpy_minimal_service.egg-info/dependency_links.txt
[2.637s] writing entry points to examples_rclpy_minimal_service.egg-info/entry_points.txt
[2.637s] writing requirements to examples_rclpy_minimal_service.egg-info/requires.txt
[2.637s] writing top-level names to examples_rclpy_minimal_service.egg-info/top_level.txt
[2.637s] writing manifest file 'examples_rclpy_minimal_service.egg-info/SOURCES.txt'
[2.637s] reading manifest file 'examples_rclpy_minimal_service.egg-info/SOURCES.txt'
[2.637s] writing manifest file 'examples_rclpy_minimal_service.egg-info/SOURCES.txt'
[2.638s] running build_ext
[2.638s] Creating /home/jishnu/project/ros2-project/projects/ros2_ws/install/examples_rclpy_minimal_service/lib/python3.10/site-packages/examples-rclpy-minimal-service.egg-link (link to .)
[2.638s] Installing service script to /home/jishnu/project/ros2-project/projects/ros2_ws/install/examples_rclpy_minimal_service/lib/examples_rclpy_minimal_service
[2.638s] Installing service_member_function script to /home/jishnu/project/ros2-project/projects/ros2_ws/install/examples_rclpy_minimal_service/lib/examples_rclpy_minimal_service
[2.638s] 
[2.638s] Installed /home/jishnu/project/ros2-project/projects/ros2_ws/build/examples_rclpy_minimal_service
[2.638s] running install_data
[2.638s] creating /home/jishnu/project/ros2-project/projects/ros2_ws/install/examples_rclpy_minimal_service/share/ament_index
[2.638s] creating /home/jishnu/project/ros2-project/projects/ros2_ws/install/examples_rclpy_minimal_service/share/ament_index/resource_index
[2.638s] creating /home/jishnu/project/ros2-project/projects/ros2_ws/install/examples_rclpy_minimal_service/share/ament_index/resource_index/packages
[2.639s] copying resource/examples_rclpy_minimal_service -> /home/jishnu/project/ros2-project/projects/ros2_ws/install/examples_rclpy_minimal_service/share/ament_index/resource_index/packages
[2.639s] copying package.xml -> /home/jishnu/project/ros2-project/projects/ros2_ws/install/examples_rclpy_minimal_service/share/examples_rclpy_minimal_service
[2.642s] /usr/lib/python3/dist-packages/setuptools/command/easy_install.py:158: EasyInstallDeprecationWarning: easy_install command is deprecated. Use build and pip and other standards-based tools.
[2.643s]   warnings.warn(
[2.643s] /usr/lib/python3/dist-packages/setuptools/command/install.py:34: SetuptoolsDeprecationWarning: setup.py install is deprecated. Use build and pip and other standards-based tools.
[2.643s]   warnings.warn(
[2.643s] /usr/lib/python3/dist-packages/pkg_resources/__init__.py:116: PkgResourcesDeprecationWarning: 0.1.43ubuntu1 is an invalid version and will not be supported in a future release
[2.643s]   warnings.warn(
[2.643s] /usr/lib/python3/dist-packages/pkg_resources/__init__.py:116: PkgResourcesDeprecationWarning: 1.1build1 is an invalid version and will not be supported in a future release
[2.643s]   warnings.warn(
[2.709s] Invoked command in '/home/jishnu/project/ros2-project/projects/ros2_ws/build/examples_rclpy_minimal_service' returned '0': PYTHONPATH=/home/jishnu/project/ros2-project/projects/ros2_ws/install/examples_rclpy_minimal_service/lib/python3.10/site-packages:${PYTHONPATH} /usr/bin/python3 setup.py develop --prefix /home/jishnu/project/ros2-project/projects/ros2_ws/install/examples_rclpy_minimal_service --editable --build-directory /home/jishnu/project/ros2-project/projects/ros2_ws/build/examples_rclpy_minimal_service/build --no-deps install_data --install-dir /home/jishnu/project/ros2-project/projects/ros2_ws/install/examples_rclpy_minimal_service
