[1.132s] Invoking command in '/home/jishnu/project/ros2-project/projects/workspace/src/python_parameters': PYTHONPATH=/home/jishnu/project/ros2-project/projects/workspace/install/python_parameters/lib/python3.10/site-packages:${PYTHONPATH} /usr/bin/python3 setup.py egg_info --egg-base ../../build/python_parameters build --build-base /home/jishnu/project/ros2-project/projects/workspace/build/python_parameters/build install --prefix /home/jishnu/project/ros2-project/projects/workspace/install/python_parameters --record /home/jishnu/project/ros2-project/projects/workspace/build/python_parameters/install.log --single-version-externally-managed
[1.504s] running egg_info
[1.505s] writing ../../build/python_parameters/python_parameters.egg-info/PKG-INFO
[1.506s] writing dependency_links to ../../build/python_parameters/python_parameters.egg-info/dependency_links.txt
[1.506s] writing entry points to ../../build/python_parameters/python_parameters.egg-info/entry_points.txt
[1.506s] writing requirements to ../../build/python_parameters/python_parameters.egg-info/requires.txt
[1.506s] writing top-level names to ../../build/python_parameters/python_parameters.egg-info/top_level.txt
[1.509s] reading manifest file '../../build/python_parameters/python_parameters.egg-info/SOURCES.txt'
[1.510s] writing manifest file '../../build/python_parameters/python_parameters.egg-info/SOURCES.txt'
[1.510s] running build
[1.511s] running build_py
[1.511s] running install
[1.511s] /usr/lib/python3/dist-packages/setuptools/command/install.py:34: SetuptoolsDeprecationWarning: setup.py install is deprecated. Use build and pip and other standards-based tools.
[1.511s]   warnings.warn(
[1.512s] running install_lib
[1.515s] running install_data
[1.515s] running install_egg_info
[1.518s] removing '/home/jishnu/project/ros2-project/projects/workspace/install/python_parameters/lib/python3.10/site-packages/python_parameters-0.0.0-py3.10.egg-info' (and everything under it)
[1.518s] Copying ../../build/python_parameters/python_parameters.egg-info to /home/jishnu/project/ros2-project/projects/workspace/install/python_parameters/lib/python3.10/site-packages/python_parameters-0.0.0-py3.10.egg-info
[1.519s] running install_scripts
[1.558s] Installing param_talker script to /home/jishnu/project/ros2-project/projects/workspace/install/python_parameters/lib/python_parameters
[1.559s] writing list of installed files to '/home/jishnu/project/ros2-project/projects/workspace/build/python_parameters/install.log'
[1.588s] Invoked command in '/home/jishnu/project/ros2-project/projects/workspace/src/python_parameters' returned '0': PYTHONPATH=/home/jishnu/project/ros2-project/projects/workspace/install/python_parameters/lib/python3.10/site-packages:${PYTHONPATH} /usr/bin/python3 setup.py egg_info --egg-base ../../build/python_parameters build --build-base /home/jishnu/project/ros2-project/projects/workspace/build/python_parameters/build install --prefix /home/jishnu/project/ros2-project/projects/workspace/install/python_parameters --record /home/jishnu/project/ros2-project/projects/workspace/build/python_parameters/install.log --single-version-externally-managed
