[1.604s] Invoking command in '/home/jishnu/project/ros2-project/projects/workspace/src/my_package': PYTHONPATH=/home/jishnu/project/ros2-project/projects/workspace/src/build/my_package/prefix_override:/home/jishnu/project/ros2-project/projects/workspace/src/install/my_package/lib/python3.10/site-packages:${PYTHONPATH} /usr/bin/python3 setup.py egg_info --egg-base ../build/my_package build --build-base /home/jishnu/project/ros2-project/projects/workspace/src/build/my_package/build install --record /home/jishnu/project/ros2-project/projects/workspace/src/build/my_package/install.log --single-version-externally-managed
[1.855s] running egg_info
[1.855s] writing ../build/my_package/my_package.egg-info/PKG-INFO
[1.856s] writing dependency_links to ../build/my_package/my_package.egg-info/dependency_links.txt
[1.856s] writing entry points to ../build/my_package/my_package.egg-info/entry_points.txt
[1.856s] writing requirements to ../build/my_package/my_package.egg-info/requires.txt
[1.856s] writing top-level names to ../build/my_package/my_package.egg-info/top_level.txt
[1.856s] reading manifest file '../build/my_package/my_package.egg-info/SOURCES.txt'
[1.856s] writing manifest file '../build/my_package/my_package.egg-info/SOURCES.txt'
[1.856s] running build
[1.856s] running build_py
[1.856s] running install
[1.856s] running install_lib
[1.856s] running install_data
[1.856s] running install_egg_info
[1.856s] removing '/home/jishnu/project/ros2-project/projects/workspace/src/install/my_package/lib/python3.10/site-packages/my_package-0.0.0-py3.10.egg-info' (and everything under it)
[1.856s] Copying ../build/my_package/my_package.egg-info to /home/jishnu/project/ros2-project/projects/workspace/src/install/my_package/lib/python3.10/site-packages/my_package-0.0.0-py3.10.egg-info
[1.856s] running install_scripts
[1.856s] Installing my_node script to /home/jishnu/project/ros2-project/projects/workspace/src/install/my_package/lib/my_package
[1.856s] writing list of installed files to '/home/jishnu/project/ros2-project/projects/workspace/src/build/my_package/install.log'
[1.856s] /usr/lib/python3/dist-packages/setuptools/command/install.py:34: SetuptoolsDeprecationWarning: setup.py install is deprecated. Use build and pip and other standards-based tools.
[1.856s]   warnings.warn(
[2.178s] Invoked command in '/home/jishnu/project/ros2-project/projects/workspace/src/my_package' returned '0': PYTHONPATH=/home/jishnu/project/ros2-project/projects/workspace/src/build/my_package/prefix_override:/home/jishnu/project/ros2-project/projects/workspace/src/install/my_package/lib/python3.10/site-packages:${PYTHONPATH} /usr/bin/python3 setup.py egg_info --egg-base ../build/my_package build --build-base /home/jishnu/project/ros2-project/projects/workspace/src/build/my_package/build install --record /home/jishnu/project/ros2-project/projects/workspace/src/build/my_package/install.log --single-version-externally-managed
