[0.800s] Invoking command in '/home/jishnu/project/ros2-project/projects/workspace/src/py_pubsub': AMENT_PREFIX_PATH=/home/jishnu/project/ros2-project/projects/workspace/src/install/tutorial_interfaces:${AMENT_PREFIX_PATH} CMAKE_PREFIX_PATH=/home/jishnu/project/ros2-project/projects/workspace/src/install/tutorial_interfaces:${CMAKE_PREFIX_PATH} LD_LIBRARY_PATH=/home/jishnu/project/ros2-project/projects/workspace/src/install/tutorial_interfaces/lib:${LD_LIBRARY_PATH} PYTHONPATH=/home/jishnu/project/ros2-project/projects/workspace/src/build/py_pubsub/prefix_override:/home/jishnu/project/ros2-project/projects/workspace/src/install/py_pubsub/lib/python3.10/site-packages:/home/jishnu/project/ros2-project/projects/workspace/src/install/tutorial_interfaces/local/lib/python3.10/dist-packages:${PYTHONPATH} /usr/bin/python3 setup.py egg_info --egg-base ../build/py_pubsub build --build-base /home/jishnu/project/ros2-project/projects/workspace/src/build/py_pubsub/build install --record /home/jishnu/project/ros2-project/projects/workspace/src/build/py_pubsub/install.log --single-version-externally-managed
[1.004s] running egg_info
[1.004s] writing ../build/py_pubsub/py_pubsub.egg-info/PKG-INFO
[1.005s] writing dependency_links to ../build/py_pubsub/py_pubsub.egg-info/dependency_links.txt
[1.005s] writing entry points to ../build/py_pubsub/py_pubsub.egg-info/entry_points.txt
[1.005s] writing requirements to ../build/py_pubsub/py_pubsub.egg-info/requires.txt
[1.005s] writing top-level names to ../build/py_pubsub/py_pubsub.egg-info/top_level.txt
[1.007s] reading manifest file '../build/py_pubsub/py_pubsub.egg-info/SOURCES.txt'
[1.007s] writing manifest file '../build/py_pubsub/py_pubsub.egg-info/SOURCES.txt'
[1.007s] running build
[1.007s] running build_py
[1.008s] running install
[1.008s] /usr/lib/python3/dist-packages/setuptools/command/install.py:34: SetuptoolsDeprecationWarning: setup.py install is deprecated. Use build and pip and other standards-based tools.
[1.008s]   warnings.warn(
[1.008s] running install_lib
[1.009s] running install_data
[1.010s] running install_egg_info
[1.011s] removing '/home/jishnu/project/ros2-project/projects/workspace/src/install/py_pubsub/lib/python3.10/site-packages/py_pubsub-0.0.0-py3.10.egg-info' (and everything under it)
[1.011s] Copying ../build/py_pubsub/py_pubsub.egg-info to /home/jishnu/project/ros2-project/projects/workspace/src/install/py_pubsub/lib/python3.10/site-packages/py_pubsub-0.0.0-py3.10.egg-info
[1.011s] running install_scripts
[1.035s] Installing listener_py script to /home/jishnu/project/ros2-project/projects/workspace/src/install/py_pubsub/lib/py_pubsub
[1.035s] Installing talker_py script to /home/jishnu/project/ros2-project/projects/workspace/src/install/py_pubsub/lib/py_pubsub
[1.035s] writing list of installed files to '/home/jishnu/project/ros2-project/projects/workspace/src/build/py_pubsub/install.log'
[1.065s] Invoked command in '/home/jishnu/project/ros2-project/projects/workspace/src/py_pubsub' returned '0': AMENT_PREFIX_PATH=/home/jishnu/project/ros2-project/projects/workspace/src/install/tutorial_interfaces:${AMENT_PREFIX_PATH} CMAKE_PREFIX_PATH=/home/jishnu/project/ros2-project/projects/workspace/src/install/tutorial_interfaces:${CMAKE_PREFIX_PATH} LD_LIBRARY_PATH=/home/jishnu/project/ros2-project/projects/workspace/src/install/tutorial_interfaces/lib:${LD_LIBRARY_PATH} PYTHONPATH=/home/jishnu/project/ros2-project/projects/workspace/src/build/py_pubsub/prefix_override:/home/jishnu/project/ros2-project/projects/workspace/src/install/py_pubsub/lib/python3.10/site-packages:/home/jishnu/project/ros2-project/projects/workspace/src/install/tutorial_interfaces/local/lib/python3.10/dist-packages:${PYTHONPATH} /usr/bin/python3 setup.py egg_info --egg-base ../build/py_pubsub build --build-base /home/jishnu/project/ros2-project/projects/workspace/src/build/py_pubsub/build install --record /home/jishnu/project/ros2-project/projects/workspace/src/build/py_pubsub/install.log --single-version-externally-managed
