[0.151s] Invoking command in '/home/jishnu/project/ros2-project/projects/workspace/src/build/more_interfaces': CMAKE_PREFIX_PATH=${CMAKE_PREFIX_PATH}:/home/jishnu/project/ros2-project/projects/workspace/src/install/py_pubsub:/home/jishnu/project/moveit-projects/ws_moveit2/install/ros2controlcli:/home/jishnu/project/moveit-projects/ws_moveit2/install/moveit_configs_utils:/home/jishnu/ws_moveit2/install/ros2controlcli:/home/jishnu/ws_moveit2/install/moveit_configs_utils:/opt/ros/humble /usr/bin/cmake --build /home/jishnu/project/ros2-project/projects/workspace/src/build/more_interfaces -- -j8 -l8
[0.762s] [  9%] Built target more_interfaces__rosidl_generator_c
[0.763s] [ 12%] Built target more_interfaces__cpp
[0.764s] [ 12%] Built target ament_cmake_python_copy_more_interfaces
[0.764s] [ 24%] Built target more_interfaces__rosidl_typesupport_introspection_c
[0.768s] [ 30%] Built target more_interfaces__rosidl_typesupport_c
[0.769s] [ 39%] Built target more_interfaces__rosidl_typesupport_fastrtps_c
[0.769s] [ 48%] Built target more_interfaces__rosidl_typesupport_cpp
[0.769s] [ 57%] Built target more_interfaces__rosidl_typesupport_fastrtps_cpp
[0.769s] [ 63%] Built target publish_motor_driver
[0.769s] [ 72%] Built target more_interfaces__rosidl_typesupport_introspection_cpp
[0.769s] [ 72%] Built target more_interfaces
[0.830s] [ 75%] Built target more_interfaces__py
[0.925s] [ 81%] Built target more_interfaces__rosidl_generator_py
[1.042s] [ 87%] Built target more_interfaces__rosidl_typesupport_c__pyext
[1.051s] [ 93%] Built target more_interfaces__rosidl_typesupport_fastrtps_c__pyext
[1.056s] [100%] Built target more_interfaces__rosidl_typesupport_introspection_c__pyext
[1.100s] running egg_info
[1.102s] writing more_interfaces.egg-info/PKG-INFO
[1.103s] writing dependency_links to more_interfaces.egg-info/dependency_links.txt
[1.109s] writing top-level names to more_interfaces.egg-info/top_level.txt
[1.111s] reading manifest file 'more_interfaces.egg-info/SOURCES.txt'
[1.111s] writing manifest file 'more_interfaces.egg-info/SOURCES.txt'
[1.159s] [100%] Built target ament_cmake_python_build_more_interfaces_egg
[1.213s] Invoked command in '/home/jishnu/project/ros2-project/projects/workspace/src/build/more_interfaces' returned '0': CMAKE_PREFIX_PATH=${CMAKE_PREFIX_PATH}:/home/jishnu/project/ros2-project/projects/workspace/src/install/py_pubsub:/home/jishnu/project/moveit-projects/ws_moveit2/install/ros2controlcli:/home/jishnu/project/moveit-projects/ws_moveit2/install/moveit_configs_utils:/home/jishnu/ws_moveit2/install/ros2controlcli:/home/jishnu/ws_moveit2/install/moveit_configs_utils:/opt/ros/humble /usr/bin/cmake --build /home/jishnu/project/ros2-project/projects/workspace/src/build/more_interfaces -- -j8 -l8
[2.000s] Invoking command in '/home/jishnu/project/ros2-project/projects/workspace/src/build/more_interfaces': CMAKE_PREFIX_PATH=${CMAKE_PREFIX_PATH}:/home/jishnu/project/ros2-project/projects/workspace/src/install/py_pubsub:/home/jishnu/project/moveit-projects/ws_moveit2/install/ros2controlcli:/home/jishnu/project/moveit-projects/ws_moveit2/install/moveit_configs_utils:/home/jishnu/ws_moveit2/install/ros2controlcli:/home/jishnu/ws_moveit2/install/moveit_configs_utils:/opt/ros/humble /usr/bin/cmake --install /home/jishnu/project/ros2-project/projects/workspace/src/build/more_interfaces
[2.018s] -- Install configuration: ""
[2.018s] -- Up-to-date: /home/jishnu/project/ros2-project/projects/workspace/src/install/more_interfaces/share/ament_index/resource_index/rosidl_interfaces/more_interfaces
[2.018s] -- Up-to-date: /home/jishnu/project/ros2-project/projects/workspace/src/install/more_interfaces/include/more_interfaces/more_interfaces
[2.019s] -- Up-to-date: /home/jishnu/project/ros2-project/projects/workspace/src/install/more_interfaces/include/more_interfaces/more_interfaces/msg
[2.019s] -- Up-to-date: /home/jishnu/project/ros2-project/projects/workspace/src/install/more_interfaces/include/more_interfaces/more_interfaces/msg/rosidl_generator_c__visibility_control.h
[2.019s] -- Up-to-date: /home/jishnu/project/ros2-project/projects/workspace/src/install/more_interfaces/include/more_interfaces/more_interfaces/msg/motor_driver.h
[2.019s] -- Up-to-date: /home/jishnu/project/ros2-project/projects/workspace/src/install/more_interfaces/include/more_interfaces/more_interfaces/msg/detail
[2.019s] -- Up-to-date: /home/jishnu/project/ros2-project/projects/workspace/src/install/more_interfaces/include/more_interfaces/more_interfaces/msg/detail/motor_driver__type_support.h
[2.019s] -- Up-to-date: /home/jishnu/project/ros2-project/projects/workspace/src/install/more_interfaces/include/more_interfaces/more_interfaces/msg/detail/motor_driver__functions.h
[2.019s] -- Up-to-date: /home/jishnu/project/ros2-project/projects/workspace/src/install/more_interfaces/include/more_interfaces/more_interfaces/msg/detail/motor_driver__struct.h
[2.019s] -- Up-to-date: /home/jishnu/project/ros2-project/projects/workspace/src/install/more_interfaces/include/more_interfaces/more_interfaces/msg/detail/motor_driver__functions.c
[2.020s] -- Up-to-date: /home/jishnu/project/ros2-project/projects/workspace/src/install/more_interfaces/share/more_interfaces/environment/library_path.sh
[2.020s] -- Up-to-date: /home/jishnu/project/ros2-project/projects/workspace/src/install/more_interfaces/share/more_interfaces/environment/library_path.dsv
[2.020s] -- Up-to-date: /home/jishnu/project/ros2-project/projects/workspace/src/install/more_interfaces/lib/libmore_interfaces__rosidl_generator_c.so
[2.020s] -- Up-to-date: /home/jishnu/project/ros2-project/projects/workspace/src/install/more_interfaces/include/more_interfaces/more_interfaces
[2.020s] -- Up-to-date: /home/jishnu/project/ros2-project/projects/workspace/src/install/more_interfaces/include/more_interfaces/more_interfaces/msg
[2.021s] -- Up-to-date: /home/jishnu/project/ros2-project/projects/workspace/src/install/more_interfaces/include/more_interfaces/more_interfaces/msg/rosidl_typesupport_fastrtps_c__visibility_control.h
[2.021s] -- Up-to-date: /home/jishnu/project/ros2-project/projects/workspace/src/install/more_interfaces/include/more_interfaces/more_interfaces/msg/detail
[2.021s] -- Up-to-date: /home/jishnu/project/ros2-project/projects/workspace/src/install/more_interfaces/include/more_interfaces/more_interfaces/msg/detail/motor_driver__rosidl_typesupport_fastrtps_c.h
[2.024s] -- Up-to-date: /home/jishnu/project/ros2-project/projects/workspace/src/install/more_interfaces/lib/libmore_interfaces__rosidl_typesupport_fastrtps_c.so
[2.024s] -- Up-to-date: /home/jishnu/project/ros2-project/projects/workspace/src/install/more_interfaces/include/more_interfaces/more_interfaces
[2.024s] -- Up-to-date: /home/jishnu/project/ros2-project/projects/workspace/src/install/more_interfaces/include/more_interfaces/more_interfaces/msg
[2.025s] -- Up-to-date: /home/jishnu/project/ros2-project/projects/workspace/src/install/more_interfaces/include/more_interfaces/more_interfaces/msg/detail
[2.027s] -- Up-to-date: /home/jishnu/project/ros2-project/projects/workspace/src/install/more_interfaces/include/more_interfaces/more_interfaces/msg/detail/motor_driver__rosidl_typesupport_introspection_c.h
[2.027s] -- Up-to-date: /home/jishnu/project/ros2-project/projects/workspace/src/install/more_interfaces/include/more_interfaces/more_interfaces/msg/detail/motor_driver__type_support.c
[2.027s] -- Up-to-date: /home/jishnu/project/ros2-project/projects/workspace/src/install/more_interfaces/include/more_interfaces/more_interfaces/msg/rosidl_typesupport_introspection_c__visibility_control.h
[2.027s] -- Up-to-date: /home/jishnu/project/ros2-project/projects/workspace/src/install/more_interfaces/lib/libmore_interfaces__rosidl_typesupport_introspection_c.so
[2.027s] -- Up-to-date: /home/jishnu/project/ros2-project/projects/workspace/src/install/more_interfaces/lib/libmore_interfaces__rosidl_typesupport_c.so
[2.027s] -- Up-to-date: /home/jishnu/project/ros2-project/projects/workspace/src/install/more_interfaces/include/more_interfaces/more_interfaces
[2.028s] -- Up-to-date: /home/jishnu/project/ros2-project/projects/workspace/src/install/more_interfaces/include/more_interfaces/more_interfaces/msg
[2.028s] -- Up-to-date: /home/jishnu/project/ros2-project/projects/workspace/src/install/more_interfaces/include/more_interfaces/more_interfaces/msg/motor_driver.hpp
[2.028s] -- Up-to-date: /home/jishnu/project/ros2-project/projects/workspace/src/install/more_interfaces/include/more_interfaces/more_interfaces/msg/detail
[2.028s] -- Up-to-date: /home/jishnu/project/ros2-project/projects/workspace/src/install/more_interfaces/include/more_interfaces/more_interfaces/msg/detail/motor_driver__traits.hpp
[2.028s] -- Up-to-date: /home/jishnu/project/ros2-project/projects/workspace/src/install/more_interfaces/include/more_interfaces/more_interfaces/msg/detail/motor_driver__builder.hpp
[2.028s] -- Up-to-date: /home/jishnu/project/ros2-project/projects/workspace/src/install/more_interfaces/include/more_interfaces/more_interfaces/msg/detail/motor_driver__struct.hpp
[2.028s] -- Up-to-date: /home/jishnu/project/ros2-project/projects/workspace/src/install/more_interfaces/include/more_interfaces/more_interfaces
[2.028s] -- Up-to-date: /home/jishnu/project/ros2-project/projects/workspace/src/install/more_interfaces/include/more_interfaces/more_interfaces/msg
[2.029s] -- Up-to-date: /home/jishnu/project/ros2-project/projects/workspace/src/install/more_interfaces/include/more_interfaces/more_interfaces/msg/rosidl_typesupport_fastrtps_cpp__visibility_control.h
[2.029s] -- Up-to-date: /home/jishnu/project/ros2-project/projects/workspace/src/install/more_interfaces/include/more_interfaces/more_interfaces/msg/detail
[2.030s] -- Up-to-date: /home/jishnu/project/ros2-project/projects/workspace/src/install/more_interfaces/include/more_interfaces/more_interfaces/msg/detail/dds_fastrtps
[2.030s] -- Up-to-date: /home/jishnu/project/ros2-project/projects/workspace/src/install/more_interfaces/include/more_interfaces/more_interfaces/msg/detail/motor_driver__rosidl_typesupport_fastrtps_cpp.hpp
[2.030s] -- Up-to-date: /home/jishnu/project/ros2-project/projects/workspace/src/install/more_interfaces/lib/libmore_interfaces__rosidl_typesupport_fastrtps_cpp.so
[2.030s] -- Up-to-date: /home/jishnu/project/ros2-project/projects/workspace/src/install/more_interfaces/include/more_interfaces/more_interfaces
[2.030s] -- Up-to-date: /home/jishnu/project/ros2-project/projects/workspace/src/install/more_interfaces/include/more_interfaces/more_interfaces/msg
[2.030s] -- Up-to-date: /home/jishnu/project/ros2-project/projects/workspace/src/install/more_interfaces/include/more_interfaces/more_interfaces/msg/detail
[2.030s] -- Up-to-date: /home/jishnu/project/ros2-project/projects/workspace/src/install/more_interfaces/include/more_interfaces/more_interfaces/msg/detail/motor_driver__type_support.cpp
[2.030s] -- Up-to-date: /home/jishnu/project/ros2-project/projects/workspace/src/install/more_interfaces/include/more_interfaces/more_interfaces/msg/detail/motor_driver__rosidl_typesupport_introspection_cpp.hpp
[2.030s] -- Up-to-date: /home/jishnu/project/ros2-project/projects/workspace/src/install/more_interfaces/lib/libmore_interfaces__rosidl_typesupport_introspection_cpp.so
[2.030s] -- Up-to-date: /home/jishnu/project/ros2-project/projects/workspace/src/install/more_interfaces/lib/libmore_interfaces__rosidl_typesupport_cpp.so
[2.030s] -- Up-to-date: /home/jishnu/project/ros2-project/projects/workspace/src/install/more_interfaces/share/more_interfaces/environment/pythonpath.sh
[2.031s] -- Up-to-date: /home/jishnu/project/ros2-project/projects/workspace/src/install/more_interfaces/share/more_interfaces/environment/pythonpath.dsv
[2.031s] -- Up-to-date: /home/jishnu/project/ros2-project/projects/workspace/src/install/more_interfaces/local/lib/python3.10/dist-packages/more_interfaces-0.0.0-py3.10.egg-info
[2.031s] -- Installing: /home/jishnu/project/ros2-project/projects/workspace/src/install/more_interfaces/local/lib/python3.10/dist-packages/more_interfaces-0.0.0-py3.10.egg-info/top_level.txt
[2.031s] -- Installing: /home/jishnu/project/ros2-project/projects/workspace/src/install/more_interfaces/local/lib/python3.10/dist-packages/more_interfaces-0.0.0-py3.10.egg-info/dependency_links.txt
[2.031s] -- Installing: /home/jishnu/project/ros2-project/projects/workspace/src/install/more_interfaces/local/lib/python3.10/dist-packages/more_interfaces-0.0.0-py3.10.egg-info/SOURCES.txt
[2.031s] -- Installing: /home/jishnu/project/ros2-project/projects/workspace/src/install/more_interfaces/local/lib/python3.10/dist-packages/more_interfaces-0.0.0-py3.10.egg-info/PKG-INFO
[2.031s] -- Up-to-date: /home/jishnu/project/ros2-project/projects/workspace/src/install/more_interfaces/local/lib/python3.10/dist-packages/more_interfaces
[2.031s] -- Up-to-date: /home/jishnu/project/ros2-project/projects/workspace/src/install/more_interfaces/local/lib/python3.10/dist-packages/more_interfaces/libmore_interfaces__rosidl_generator_py.so
[2.031s] -- Up-to-date: /home/jishnu/project/ros2-project/projects/workspace/src/install/more_interfaces/local/lib/python3.10/dist-packages/more_interfaces/more_interfaces_s__rosidl_typesupport_fastrtps_c.cpython-310-x86_64-linux-gnu.so
[2.031s] -- Up-to-date: /home/jishnu/project/ros2-project/projects/workspace/src/install/more_interfaces/local/lib/python3.10/dist-packages/more_interfaces/_more_interfaces_s.ep.rosidl_typesupport_introspection_c.c
[2.031s] -- Up-to-date: /home/jishnu/project/ros2-project/projects/workspace/src/install/more_interfaces/local/lib/python3.10/dist-packages/more_interfaces/more_interfaces_s__rosidl_typesupport_introspection_c.cpython-310-x86_64-linux-gnu.so
[2.031s] -- Up-to-date: /home/jishnu/project/ros2-project/projects/workspace/src/install/more_interfaces/local/lib/python3.10/dist-packages/more_interfaces/msg
[2.031s] -- Up-to-date: /home/jishnu/project/ros2-project/projects/workspace/src/install/more_interfaces/local/lib/python3.10/dist-packages/more_interfaces/msg/_motor_driver.py
[2.031s] -- Up-to-date: /home/jishnu/project/ros2-project/projects/workspace/src/install/more_interfaces/local/lib/python3.10/dist-packages/more_interfaces/msg/__init__.py
[2.032s] -- Up-to-date: /home/jishnu/project/ros2-project/projects/workspace/src/install/more_interfaces/local/lib/python3.10/dist-packages/more_interfaces/msg/_motor_driver_s.c
[2.032s] -- Up-to-date: /home/jishnu/project/ros2-project/projects/workspace/src/install/more_interfaces/local/lib/python3.10/dist-packages/more_interfaces/__init__.py
[2.032s] -- Up-to-date: /home/jishnu/project/ros2-project/projects/workspace/src/install/more_interfaces/local/lib/python3.10/dist-packages/more_interfaces/_more_interfaces_s.ep.rosidl_typesupport_c.c
[2.032s] -- Up-to-date: /home/jishnu/project/ros2-project/projects/workspace/src/install/more_interfaces/local/lib/python3.10/dist-packages/more_interfaces/_more_interfaces_s.ep.rosidl_typesupport_fastrtps_c.c
[2.032s] -- Up-to-date: /home/jishnu/project/ros2-project/projects/workspace/src/install/more_interfaces/local/lib/python3.10/dist-packages/more_interfaces/more_interfaces_s__rosidl_typesupport_c.cpython-310-x86_64-linux-gnu.so
[2.097s] Listing '/home/jishnu/project/ros2-project/projects/workspace/src/install/more_interfaces/local/lib/python3.10/dist-packages/more_interfaces'...
[2.098s] Listing '/home/jishnu/project/ros2-project/projects/workspace/src/install/more_interfaces/local/lib/python3.10/dist-packages/more_interfaces/msg'...
[2.098s] -- Up-to-date: /home/jishnu/project/ros2-project/projects/workspace/src/install/more_interfaces/local/lib/python3.10/dist-packages/more_interfaces/more_interfaces_s__rosidl_typesupport_fastrtps_c.cpython-310-x86_64-linux-gnu.so
[2.098s] -- Up-to-date: /home/jishnu/project/ros2-project/projects/workspace/src/install/more_interfaces/local/lib/python3.10/dist-packages/more_interfaces/more_interfaces_s__rosidl_typesupport_introspection_c.cpython-310-x86_64-linux-gnu.so
[2.099s] -- Up-to-date: /home/jishnu/project/ros2-project/projects/workspace/src/install/more_interfaces/local/lib/python3.10/dist-packages/more_interfaces/more_interfaces_s__rosidl_typesupport_c.cpython-310-x86_64-linux-gnu.so
[2.099s] -- Up-to-date: /home/jishnu/project/ros2-project/projects/workspace/src/install/more_interfaces/lib/libmore_interfaces__rosidl_generator_py.so
[2.099s] -- Up-to-date: /home/jishnu/project/ros2-project/projects/workspace/src/install/more_interfaces/share/more_interfaces/msg/MotorDriver.idl
[2.099s] -- Up-to-date: /home/jishnu/project/ros2-project/projects/workspace/src/install/more_interfaces/share/more_interfaces/msg/MotorDriver.msg
[2.100s] -- Up-to-date: /home/jishnu/project/ros2-project/projects/workspace/src/install/more_interfaces/lib/more_interfaces/publish_motor_driver
[2.100s] -- Up-to-date: /home/jishnu/project/ros2-project/projects/workspace/src/install/more_interfaces/share/ament_index/resource_index/package_run_dependencies/more_interfaces
[2.100s] -- Up-to-date: /home/jishnu/project/ros2-project/projects/workspace/src/install/more_interfaces/share/ament_index/resource_index/parent_prefix_path/more_interfaces
[2.100s] -- Up-to-date: /home/jishnu/project/ros2-project/projects/workspace/src/install/more_interfaces/share/more_interfaces/environment/ament_prefix_path.sh
[2.100s] -- Up-to-date: /home/jishnu/project/ros2-project/projects/workspace/src/install/more_interfaces/share/more_interfaces/environment/ament_prefix_path.dsv
[2.100s] -- Up-to-date: /home/jishnu/project/ros2-project/projects/workspace/src/install/more_interfaces/share/more_interfaces/environment/path.sh
[2.100s] -- Up-to-date: /home/jishnu/project/ros2-project/projects/workspace/src/install/more_interfaces/share/more_interfaces/environment/path.dsv
[2.100s] -- Up-to-date: /home/jishnu/project/ros2-project/projects/workspace/src/install/more_interfaces/share/more_interfaces/local_setup.bash
[2.100s] -- Up-to-date: /home/jishnu/project/ros2-project/projects/workspace/src/install/more_interfaces/share/more_interfaces/local_setup.sh
[2.100s] -- Up-to-date: /home/jishnu/project/ros2-project/projects/workspace/src/install/more_interfaces/share/more_interfaces/local_setup.zsh
[2.100s] -- Up-to-date: /home/jishnu/project/ros2-project/projects/workspace/src/install/more_interfaces/share/more_interfaces/local_setup.dsv
[2.101s] -- Installing: /home/jishnu/project/ros2-project/projects/workspace/src/install/more_interfaces/share/more_interfaces/package.dsv
[2.101s] -- Up-to-date: /home/jishnu/project/ros2-project/projects/workspace/src/install/more_interfaces/share/ament_index/resource_index/packages/more_interfaces
[2.115s] -- Up-to-date: /home/jishnu/project/ros2-project/projects/workspace/src/install/more_interfaces/share/more_interfaces/cmake/export_more_interfaces__rosidl_generator_cExport.cmake
[2.115s] -- Up-to-date: /home/jishnu/project/ros2-project/projects/workspace/src/install/more_interfaces/share/more_interfaces/cmake/export_more_interfaces__rosidl_generator_cExport-noconfig.cmake
[2.131s] -- Up-to-date: /home/jishnu/project/ros2-project/projects/workspace/src/install/more_interfaces/share/more_interfaces/cmake/export_more_interfaces__rosidl_typesupport_fastrtps_cExport.cmake
[2.132s] -- Up-to-date: /home/jishnu/project/ros2-project/projects/workspace/src/install/more_interfaces/share/more_interfaces/cmake/export_more_interfaces__rosidl_typesupport_fastrtps_cExport-noconfig.cmake
[2.132s] -- Up-to-date: /home/jishnu/project/ros2-project/projects/workspace/src/install/more_interfaces/share/more_interfaces/cmake/more_interfaces__rosidl_typesupport_introspection_cExport.cmake
[2.132s] -- Up-to-date: /home/jishnu/project/ros2-project/projects/workspace/src/install/more_interfaces/share/more_interfaces/cmake/more_interfaces__rosidl_typesupport_introspection_cExport-noconfig.cmake
[2.151s] -- Up-to-date: /home/jishnu/project/ros2-project/projects/workspace/src/install/more_interfaces/share/more_interfaces/cmake/more_interfaces__rosidl_typesupport_cExport.cmake
[2.152s] -- Up-to-date: /home/jishnu/project/ros2-project/projects/workspace/src/install/more_interfaces/share/more_interfaces/cmake/more_interfaces__rosidl_typesupport_cExport-noconfig.cmake
[2.152s] -- Up-to-date: /home/jishnu/project/ros2-project/projects/workspace/src/install/more_interfaces/share/more_interfaces/cmake/export_more_interfaces__rosidl_generator_cppExport.cmake
[2.152s] -- Up-to-date: /home/jishnu/project/ros2-project/projects/workspace/src/install/more_interfaces/share/more_interfaces/cmake/export_more_interfaces__rosidl_typesupport_fastrtps_cppExport.cmake
[2.152s] -- Up-to-date: /home/jishnu/project/ros2-project/projects/workspace/src/install/more_interfaces/share/more_interfaces/cmake/export_more_interfaces__rosidl_typesupport_fastrtps_cppExport-noconfig.cmake
[2.174s] -- Up-to-date: /home/jishnu/project/ros2-project/projects/workspace/src/install/more_interfaces/share/more_interfaces/cmake/more_interfaces__rosidl_typesupport_introspection_cppExport.cmake
[2.174s] -- Up-to-date: /home/jishnu/project/ros2-project/projects/workspace/src/install/more_interfaces/share/more_interfaces/cmake/more_interfaces__rosidl_typesupport_introspection_cppExport-noconfig.cmake
[2.182s] -- Up-to-date: /home/jishnu/project/ros2-project/projects/workspace/src/install/more_interfaces/share/more_interfaces/cmake/more_interfaces__rosidl_typesupport_cppExport.cmake
[2.182s] -- Up-to-date: /home/jishnu/project/ros2-project/projects/workspace/src/install/more_interfaces/share/more_interfaces/cmake/more_interfaces__rosidl_typesupport_cppExport-noconfig.cmake
[2.182s] -- Up-to-date: /home/jishnu/project/ros2-project/projects/workspace/src/install/more_interfaces/share/more_interfaces/cmake/export_more_interfaces__rosidl_generator_pyExport.cmake
[2.182s] -- Up-to-date: /home/jishnu/project/ros2-project/projects/workspace/src/install/more_interfaces/share/more_interfaces/cmake/export_more_interfaces__rosidl_generator_pyExport-noconfig.cmake
[2.182s] -- Up-to-date: /home/jishnu/project/ros2-project/projects/workspace/src/install/more_interfaces/share/more_interfaces/cmake/ament_cmake_export_dependencies-extras.cmake
[2.183s] -- Up-to-date: /home/jishnu/project/ros2-project/projects/workspace/src/install/more_interfaces/share/more_interfaces/cmake/rosidl_cmake-extras.cmake
[2.183s] -- Up-to-date: /home/jishnu/project/ros2-project/projects/workspace/src/install/more_interfaces/share/more_interfaces/cmake/ament_cmake_export_include_directories-extras.cmake
[2.183s] -- Up-to-date: /home/jishnu/project/ros2-project/projects/workspace/src/install/more_interfaces/share/more_interfaces/cmake/ament_cmake_export_libraries-extras.cmake
[2.183s] -- Up-to-date: /home/jishnu/project/ros2-project/projects/workspace/src/install/more_interfaces/share/more_interfaces/cmake/ament_cmake_export_targets-extras.cmake
[2.183s] -- Up-to-date: /home/jishnu/project/ros2-project/projects/workspace/src/install/more_interfaces/share/more_interfaces/cmake/rosidl_cmake_export_typesupport_targets-extras.cmake
[2.183s] -- Up-to-date: /home/jishnu/project/ros2-project/projects/workspace/src/install/more_interfaces/share/more_interfaces/cmake/rosidl_cmake_export_typesupport_libraries-extras.cmake
[2.183s] -- Up-to-date: /home/jishnu/project/ros2-project/projects/workspace/src/install/more_interfaces/share/more_interfaces/cmake/more_interfacesConfig.cmake
[2.183s] -- Up-to-date: /home/jishnu/project/ros2-project/projects/workspace/src/install/more_interfaces/share/more_interfaces/cmake/more_interfacesConfig-version.cmake
[2.183s] -- Up-to-date: /home/jishnu/project/ros2-project/projects/workspace/src/install/more_interfaces/share/more_interfaces/package.xml
[2.359s] Invoked command in '/home/jishnu/project/ros2-project/projects/workspace/src/build/more_interfaces' returned '0': CMAKE_PREFIX_PATH=${CMAKE_PREFIX_PATH}:/home/jishnu/project/ros2-project/projects/workspace/src/install/py_pubsub:/home/jishnu/project/moveit-projects/ws_moveit2/install/ros2controlcli:/home/jishnu/project/moveit-projects/ws_moveit2/install/moveit_configs_utils:/home/jishnu/ws_moveit2/install/ros2controlcli:/home/jishnu/ws_moveit2/install/moveit_configs_utils:/opt/ros/humble /usr/bin/cmake --install /home/jishnu/project/ros2-project/projects/workspace/src/build/more_interfaces
