[0.135s] Invoking command in '/home/jishnu/project/ros2-project/projects/workspace/src/build/more_interfaces': CMAKE_PREFIX_PATH=${CMAKE_PREFIX_PATH}:/home/jishnu/project/moveit-projects/ws_moveit2/install/ros2controlcli:/home/jishnu/project/moveit-projects/ws_moveit2/install/moveit_configs_utils:/home/jishnu/ws_moveit2/install/ros2controlcli:/home/jishnu/ws_moveit2/install/moveit_configs_utils:/opt/ros/humble /usr/bin/cmake --build /home/jishnu/project/ros2-project/projects/workspace/src/build/more_interfaces -- -j8 -l8
[0.754s] [  3%] Built target more_interfaces__cpp
[0.754s] [  3%] Built target ament_cmake_python_copy_more_interfaces
[0.755s] [ 12%] Built target more_interfaces__rosidl_generator_c
[0.755s] [ 21%] Built target more_interfaces__rosidl_typesupport_cpp
[0.755s] [ 30%] Built target more_interfaces__rosidl_typesupport_fastrtps_cpp
[0.755s] [ 39%] Built target more_interfaces__rosidl_typesupport_fastrtps_c
[0.755s] [ 54%] Built target more_interfaces__rosidl_typesupport_c
[0.755s] [ 63%] Built target more_interfaces__rosidl_typesupport_introspection_c
[0.755s] [ 66%] Built target more_interfaces__rosidl_typesupport_introspection_cpp
[0.755s] [ 72%] Built target publish_motor_driver
[0.755s] [ 72%] Built target more_interfaces
[0.756s] [ 75%] Built target more_interfaces__py
[0.756s] [ 81%] Built target more_interfaces__rosidl_generator_py
[0.813s] [ 87%] Built target more_interfaces__rosidl_typesupport_introspection_c__pyext
[0.842s] [ 93%] Built target more_interfaces__rosidl_typesupport_c__pyext
[0.851s] [100%] Built target more_interfaces__rosidl_typesupport_fastrtps_c__pyext
[0.921s] running egg_info
[0.922s] writing more_interfaces.egg-info/PKG-INFO
[0.922s] writing dependency_links to more_interfaces.egg-info/dependency_links.txt
[0.923s] writing top-level names to more_interfaces.egg-info/top_level.txt
[0.927s] reading manifest file 'more_interfaces.egg-info/SOURCES.txt'
[0.929s] writing manifest file 'more_interfaces.egg-info/SOURCES.txt'
[0.980s] [100%] Built target ament_cmake_python_build_more_interfaces_egg
[1.030s] Invoked command in '/home/jishnu/project/ros2-project/projects/workspace/src/build/more_interfaces' returned '0': CMAKE_PREFIX_PATH=${CMAKE_PREFIX_PATH}:/home/jishnu/project/moveit-projects/ws_moveit2/install/ros2controlcli:/home/jishnu/project/moveit-projects/ws_moveit2/install/moveit_configs_utils:/home/jishnu/ws_moveit2/install/ros2controlcli:/home/jishnu/ws_moveit2/install/moveit_configs_utils:/opt/ros/humble /usr/bin/cmake --build /home/jishnu/project/ros2-project/projects/workspace/src/build/more_interfaces -- -j8 -l8
[1.612s] Invoking command in '/home/jishnu/project/ros2-project/projects/workspace/src/build/more_interfaces': CMAKE_PREFIX_PATH=${CMAKE_PREFIX_PATH}:/home/jishnu/project/moveit-projects/ws_moveit2/install/ros2controlcli:/home/jishnu/project/moveit-projects/ws_moveit2/install/moveit_configs_utils:/home/jishnu/ws_moveit2/install/ros2controlcli:/home/jishnu/ws_moveit2/install/moveit_configs_utils:/opt/ros/humble /usr/bin/cmake --install /home/jishnu/project/ros2-project/projects/workspace/src/build/more_interfaces
[1.859s] -- Install configuration: ""
[1.859s] -- Up-to-date: /home/jishnu/project/ros2-project/projects/workspace/src/install/more_interfaces/share/ament_index/resource_index/rosidl_interfaces/more_interfaces
[1.860s] -- Up-to-date: /home/jishnu/project/ros2-project/projects/workspace/src/install/more_interfaces/include/more_interfaces/more_interfaces
[1.860s] -- Up-to-date: /home/jishnu/project/ros2-project/projects/workspace/src/install/more_interfaces/include/more_interfaces/more_interfaces/msg
[1.860s] -- Up-to-date: /home/jishnu/project/ros2-project/projects/workspace/src/install/more_interfaces/include/more_interfaces/more_interfaces/msg/rosidl_generator_c__visibility_control.h
[1.860s] -- Up-to-date: /home/jishnu/project/ros2-project/projects/workspace/src/install/more_interfaces/include/more_interfaces/more_interfaces/msg/motor_driver.h
[1.860s] -- Up-to-date: /home/jishnu/project/ros2-project/projects/workspace/src/install/more_interfaces/include/more_interfaces/more_interfaces/msg/detail
[1.860s] -- Up-to-date: /home/jishnu/project/ros2-project/projects/workspace/src/install/more_interfaces/include/more_interfaces/more_interfaces/msg/detail/motor_driver__type_support.h
[1.861s] -- Up-to-date: /home/jishnu/project/ros2-project/projects/workspace/src/install/more_interfaces/include/more_interfaces/more_interfaces/msg/detail/motor_driver__functions.h
[1.861s] -- Up-to-date: /home/jishnu/project/ros2-project/projects/workspace/src/install/more_interfaces/include/more_interfaces/more_interfaces/msg/detail/motor_driver__struct.h
[1.861s] -- Up-to-date: /home/jishnu/project/ros2-project/projects/workspace/src/install/more_interfaces/include/more_interfaces/more_interfaces/msg/detail/motor_driver__functions.c
[1.861s] -- Up-to-date: /home/jishnu/project/ros2-project/projects/workspace/src/install/more_interfaces/share/more_interfaces/environment/library_path.sh
[1.861s] -- Up-to-date: /home/jishnu/project/ros2-project/projects/workspace/src/install/more_interfaces/share/more_interfaces/environment/library_path.dsv
[1.861s] -- Up-to-date: /home/jishnu/project/ros2-project/projects/workspace/src/install/more_interfaces/lib/libmore_interfaces__rosidl_generator_c.so
[1.861s] -- Up-to-date: /home/jishnu/project/ros2-project/projects/workspace/src/install/more_interfaces/include/more_interfaces/more_interfaces
[1.861s] -- Up-to-date: /home/jishnu/project/ros2-project/projects/workspace/src/install/more_interfaces/include/more_interfaces/more_interfaces/msg
[1.861s] -- Up-to-date: /home/jishnu/project/ros2-project/projects/workspace/src/install/more_interfaces/include/more_interfaces/more_interfaces/msg/rosidl_typesupport_fastrtps_c__visibility_control.h
[1.861s] -- Up-to-date: /home/jishnu/project/ros2-project/projects/workspace/src/install/more_interfaces/include/more_interfaces/more_interfaces/msg/detail
[1.861s] -- Up-to-date: /home/jishnu/project/ros2-project/projects/workspace/src/install/more_interfaces/include/more_interfaces/more_interfaces/msg/detail/motor_driver__rosidl_typesupport_fastrtps_c.h
[1.861s] -- Up-to-date: /home/jishnu/project/ros2-project/projects/workspace/src/install/more_interfaces/lib/libmore_interfaces__rosidl_typesupport_fastrtps_c.so
[1.861s] -- Up-to-date: /home/jishnu/project/ros2-project/projects/workspace/src/install/more_interfaces/include/more_interfaces/more_interfaces
[1.861s] -- Up-to-date: /home/jishnu/project/ros2-project/projects/workspace/src/install/more_interfaces/include/more_interfaces/more_interfaces/msg
[1.861s] -- Up-to-date: /home/jishnu/project/ros2-project/projects/workspace/src/install/more_interfaces/include/more_interfaces/more_interfaces/msg/detail
[1.861s] -- Up-to-date: /home/jishnu/project/ros2-project/projects/workspace/src/install/more_interfaces/include/more_interfaces/more_interfaces/msg/detail/motor_driver__rosidl_typesupport_introspection_c.h
[1.861s] -- Up-to-date: /home/jishnu/project/ros2-project/projects/workspace/src/install/more_interfaces/include/more_interfaces/more_interfaces/msg/detail/motor_driver__type_support.c
[1.861s] -- Up-to-date: /home/jishnu/project/ros2-project/projects/workspace/src/install/more_interfaces/include/more_interfaces/more_interfaces/msg/rosidl_typesupport_introspection_c__visibility_control.h
[1.862s] -- Up-to-date: /home/jishnu/project/ros2-project/projects/workspace/src/install/more_interfaces/lib/libmore_interfaces__rosidl_typesupport_introspection_c.so
[1.862s] -- Up-to-date: /home/jishnu/project/ros2-project/projects/workspace/src/install/more_interfaces/lib/libmore_interfaces__rosidl_typesupport_c.so
[1.862s] -- Up-to-date: /home/jishnu/project/ros2-project/projects/workspace/src/install/more_interfaces/include/more_interfaces/more_interfaces
[1.862s] -- Up-to-date: /home/jishnu/project/ros2-project/projects/workspace/src/install/more_interfaces/include/more_interfaces/more_interfaces/msg
[1.862s] -- Up-to-date: /home/jishnu/project/ros2-project/projects/workspace/src/install/more_interfaces/include/more_interfaces/more_interfaces/msg/motor_driver.hpp
[1.862s] -- Up-to-date: /home/jishnu/project/ros2-project/projects/workspace/src/install/more_interfaces/include/more_interfaces/more_interfaces/msg/detail
[1.862s] -- Up-to-date: /home/jishnu/project/ros2-project/projects/workspace/src/install/more_interfaces/include/more_interfaces/more_interfaces/msg/detail/motor_driver__traits.hpp
[1.862s] -- Up-to-date: /home/jishnu/project/ros2-project/projects/workspace/src/install/more_interfaces/include/more_interfaces/more_interfaces/msg/detail/motor_driver__builder.hpp
[1.862s] -- Up-to-date: /home/jishnu/project/ros2-project/projects/workspace/src/install/more_interfaces/include/more_interfaces/more_interfaces/msg/detail/motor_driver__struct.hpp
[1.862s] -- Up-to-date: /home/jishnu/project/ros2-project/projects/workspace/src/install/more_interfaces/include/more_interfaces/more_interfaces
[1.862s] -- Up-to-date: /home/jishnu/project/ros2-project/projects/workspace/src/install/more_interfaces/include/more_interfaces/more_interfaces/msg
[1.862s] -- Up-to-date: /home/jishnu/project/ros2-project/projects/workspace/src/install/more_interfaces/include/more_interfaces/more_interfaces/msg/rosidl_typesupport_fastrtps_cpp__visibility_control.h
[1.862s] -- Up-to-date: /home/jishnu/project/ros2-project/projects/workspace/src/install/more_interfaces/include/more_interfaces/more_interfaces/msg/detail
[1.862s] -- Up-to-date: /home/jishnu/project/ros2-project/projects/workspace/src/install/more_interfaces/include/more_interfaces/more_interfaces/msg/detail/dds_fastrtps
[1.862s] -- Up-to-date: /home/jishnu/project/ros2-project/projects/workspace/src/install/more_interfaces/include/more_interfaces/more_interfaces/msg/detail/motor_driver__rosidl_typesupport_fastrtps_cpp.hpp
[1.862s] -- Up-to-date: /home/jishnu/project/ros2-project/projects/workspace/src/install/more_interfaces/lib/libmore_interfaces__rosidl_typesupport_fastrtps_cpp.so
[1.862s] -- Up-to-date: /home/jishnu/project/ros2-project/projects/workspace/src/install/more_interfaces/include/more_interfaces/more_interfaces
[1.862s] -- Up-to-date: /home/jishnu/project/ros2-project/projects/workspace/src/install/more_interfaces/include/more_interfaces/more_interfaces/msg
[1.862s] -- Up-to-date: /home/jishnu/project/ros2-project/projects/workspace/src/install/more_interfaces/include/more_interfaces/more_interfaces/msg/detail
[1.862s] -- Up-to-date: /home/jishnu/project/ros2-project/projects/workspace/src/install/more_interfaces/include/more_interfaces/more_interfaces/msg/detail/motor_driver__type_support.cpp
[1.863s] -- Up-to-date: /home/jishnu/project/ros2-project/projects/workspace/src/install/more_interfaces/include/more_interfaces/more_interfaces/msg/detail/motor_driver__rosidl_typesupport_introspection_cpp.hpp
[1.863s] -- Up-to-date: /home/jishnu/project/ros2-project/projects/workspace/src/install/more_interfaces/lib/libmore_interfaces__rosidl_typesupport_introspection_cpp.so
[1.863s] -- Up-to-date: /home/jishnu/project/ros2-project/projects/workspace/src/install/more_interfaces/lib/libmore_interfaces__rosidl_typesupport_cpp.so
[1.863s] -- Up-to-date: /home/jishnu/project/ros2-project/projects/workspace/src/install/more_interfaces/share/more_interfaces/environment/pythonpath.sh
[1.863s] -- Up-to-date: /home/jishnu/project/ros2-project/projects/workspace/src/install/more_interfaces/share/more_interfaces/environment/pythonpath.dsv
[1.863s] -- Up-to-date: /home/jishnu/project/ros2-project/projects/workspace/src/install/more_interfaces/local/lib/python3.10/dist-packages/more_interfaces-0.0.0-py3.10.egg-info
[1.863s] -- Installing: /home/jishnu/project/ros2-project/projects/workspace/src/install/more_interfaces/local/lib/python3.10/dist-packages/more_interfaces-0.0.0-py3.10.egg-info/top_level.txt
[1.863s] -- Installing: /home/jishnu/project/ros2-project/projects/workspace/src/install/more_interfaces/local/lib/python3.10/dist-packages/more_interfaces-0.0.0-py3.10.egg-info/dependency_links.txt
[1.863s] -- Installing: /home/jishnu/project/ros2-project/projects/workspace/src/install/more_interfaces/local/lib/python3.10/dist-packages/more_interfaces-0.0.0-py3.10.egg-info/SOURCES.txt
[1.863s] -- Installing: /home/jishnu/project/ros2-project/projects/workspace/src/install/more_interfaces/local/lib/python3.10/dist-packages/more_interfaces-0.0.0-py3.10.egg-info/PKG-INFO
[1.863s] -- Up-to-date: /home/jishnu/project/ros2-project/projects/workspace/src/install/more_interfaces/local/lib/python3.10/dist-packages/more_interfaces
[1.863s] -- Up-to-date: /home/jishnu/project/ros2-project/projects/workspace/src/install/more_interfaces/local/lib/python3.10/dist-packages/more_interfaces/libmore_interfaces__rosidl_generator_py.so
[1.863s] -- Up-to-date: /home/jishnu/project/ros2-project/projects/workspace/src/install/more_interfaces/local/lib/python3.10/dist-packages/more_interfaces/more_interfaces_s__rosidl_typesupport_fastrtps_c.cpython-310-x86_64-linux-gnu.so
[1.863s] -- Up-to-date: /home/jishnu/project/ros2-project/projects/workspace/src/install/more_interfaces/local/lib/python3.10/dist-packages/more_interfaces/_more_interfaces_s.ep.rosidl_typesupport_introspection_c.c
[1.863s] -- Up-to-date: /home/jishnu/project/ros2-project/projects/workspace/src/install/more_interfaces/local/lib/python3.10/dist-packages/more_interfaces/more_interfaces_s__rosidl_typesupport_introspection_c.cpython-310-x86_64-linux-gnu.so
[1.863s] -- Up-to-date: /home/jishnu/project/ros2-project/projects/workspace/src/install/more_interfaces/local/lib/python3.10/dist-packages/more_interfaces/msg
[1.863s] -- Up-to-date: /home/jishnu/project/ros2-project/projects/workspace/src/install/more_interfaces/local/lib/python3.10/dist-packages/more_interfaces/msg/_motor_driver.py
[1.863s] -- Up-to-date: /home/jishnu/project/ros2-project/projects/workspace/src/install/more_interfaces/local/lib/python3.10/dist-packages/more_interfaces/msg/__init__.py
[1.863s] -- Up-to-date: /home/jishnu/project/ros2-project/projects/workspace/src/install/more_interfaces/local/lib/python3.10/dist-packages/more_interfaces/msg/_motor_driver_s.c
[1.863s] -- Up-to-date: /home/jishnu/project/ros2-project/projects/workspace/src/install/more_interfaces/local/lib/python3.10/dist-packages/more_interfaces/__init__.py
[1.864s] -- Up-to-date: /home/jishnu/project/ros2-project/projects/workspace/src/install/more_interfaces/local/lib/python3.10/dist-packages/more_interfaces/_more_interfaces_s.ep.rosidl_typesupport_c.c
[1.864s] -- Up-to-date: /home/jishnu/project/ros2-project/projects/workspace/src/install/more_interfaces/local/lib/python3.10/dist-packages/more_interfaces/_more_interfaces_s.ep.rosidl_typesupport_fastrtps_c.c
[1.864s] -- Up-to-date: /home/jishnu/project/ros2-project/projects/workspace/src/install/more_interfaces/local/lib/python3.10/dist-packages/more_interfaces/more_interfaces_s__rosidl_typesupport_c.cpython-310-x86_64-linux-gnu.so
[1.864s] Listing '/home/jishnu/project/ros2-project/projects/workspace/src/install/more_interfaces/local/lib/python3.10/dist-packages/more_interfaces'...
[1.864s] Listing '/home/jishnu/project/ros2-project/projects/workspace/src/install/more_interfaces/local/lib/python3.10/dist-packages/more_interfaces/msg'...
[1.864s] -- Up-to-date: /home/jishnu/project/ros2-project/projects/workspace/src/install/more_interfaces/local/lib/python3.10/dist-packages/more_interfaces/more_interfaces_s__rosidl_typesupport_fastrtps_c.cpython-310-x86_64-linux-gnu.so
[1.864s] -- Up-to-date: /home/jishnu/project/ros2-project/projects/workspace/src/install/more_interfaces/local/lib/python3.10/dist-packages/more_interfaces/more_interfaces_s__rosidl_typesupport_introspection_c.cpython-310-x86_64-linux-gnu.so
[1.864s] -- Up-to-date: /home/jishnu/project/ros2-project/projects/workspace/src/install/more_interfaces/local/lib/python3.10/dist-packages/more_interfaces/more_interfaces_s__rosidl_typesupport_c.cpython-310-x86_64-linux-gnu.so
[1.864s] -- Up-to-date: /home/jishnu/project/ros2-project/projects/workspace/src/install/more_interfaces/lib/libmore_interfaces__rosidl_generator_py.so
[1.864s] -- Up-to-date: /home/jishnu/project/ros2-project/projects/workspace/src/install/more_interfaces/share/more_interfaces/msg/MotorDriver.idl
[1.864s] -- Up-to-date: /home/jishnu/project/ros2-project/projects/workspace/src/install/more_interfaces/share/more_interfaces/msg/MotorDriver.msg
[1.864s] -- Up-to-date: /home/jishnu/project/ros2-project/projects/workspace/src/install/more_interfaces/lib/more_interfaces/publish_motor_driver
[1.864s] -- Up-to-date: /home/jishnu/project/ros2-project/projects/workspace/src/install/more_interfaces/share/ament_index/resource_index/package_run_dependencies/more_interfaces
[1.864s] -- Up-to-date: /home/jishnu/project/ros2-project/projects/workspace/src/install/more_interfaces/share/ament_index/resource_index/parent_prefix_path/more_interfaces
[1.864s] -- Up-to-date: /home/jishnu/project/ros2-project/projects/workspace/src/install/more_interfaces/share/more_interfaces/environment/ament_prefix_path.sh
[1.864s] -- Up-to-date: /home/jishnu/project/ros2-project/projects/workspace/src/install/more_interfaces/share/more_interfaces/environment/ament_prefix_path.dsv
[1.864s] -- Up-to-date: /home/jishnu/project/ros2-project/projects/workspace/src/install/more_interfaces/share/more_interfaces/environment/path.sh
[1.864s] -- Up-to-date: /home/jishnu/project/ros2-project/projects/workspace/src/install/more_interfaces/share/more_interfaces/environment/path.dsv
[1.864s] -- Up-to-date: /home/jishnu/project/ros2-project/projects/workspace/src/install/more_interfaces/share/more_interfaces/local_setup.bash
[1.865s] -- Up-to-date: /home/jishnu/project/ros2-project/projects/workspace/src/install/more_interfaces/share/more_interfaces/local_setup.sh
[1.865s] -- Up-to-date: /home/jishnu/project/ros2-project/projects/workspace/src/install/more_interfaces/share/more_interfaces/local_setup.zsh
[1.865s] -- Up-to-date: /home/jishnu/project/ros2-project/projects/workspace/src/install/more_interfaces/share/more_interfaces/local_setup.dsv
[1.865s] -- Installing: /home/jishnu/project/ros2-project/projects/workspace/src/install/more_interfaces/share/more_interfaces/package.dsv
[1.865s] -- Up-to-date: /home/jishnu/project/ros2-project/projects/workspace/src/install/more_interfaces/share/ament_index/resource_index/packages/more_interfaces
[1.865s] -- Up-to-date: /home/jishnu/project/ros2-project/projects/workspace/src/install/more_interfaces/share/more_interfaces/cmake/export_more_interfaces__rosidl_generator_cExport.cmake
[1.865s] -- Up-to-date: /home/jishnu/project/ros2-project/projects/workspace/src/install/more_interfaces/share/more_interfaces/cmake/export_more_interfaces__rosidl_generator_cExport-noconfig.cmake
[1.865s] -- Up-to-date: /home/jishnu/project/ros2-project/projects/workspace/src/install/more_interfaces/share/more_interfaces/cmake/export_more_interfaces__rosidl_typesupport_fastrtps_cExport.cmake
[1.865s] -- Up-to-date: /home/jishnu/project/ros2-project/projects/workspace/src/install/more_interfaces/share/more_interfaces/cmake/export_more_interfaces__rosidl_typesupport_fastrtps_cExport-noconfig.cmake
[1.865s] -- Up-to-date: /home/jishnu/project/ros2-project/projects/workspace/src/install/more_interfaces/share/more_interfaces/cmake/more_interfaces__rosidl_typesupport_introspection_cExport.cmake
[1.865s] -- Up-to-date: /home/jishnu/project/ros2-project/projects/workspace/src/install/more_interfaces/share/more_interfaces/cmake/more_interfaces__rosidl_typesupport_introspection_cExport-noconfig.cmake
[1.865s] -- Up-to-date: /home/jishnu/project/ros2-project/projects/workspace/src/install/more_interfaces/share/more_interfaces/cmake/more_interfaces__rosidl_typesupport_cExport.cmake
[1.865s] -- Up-to-date: /home/jishnu/project/ros2-project/projects/workspace/src/install/more_interfaces/share/more_interfaces/cmake/more_interfaces__rosidl_typesupport_cExport-noconfig.cmake
[1.865s] -- Up-to-date: /home/jishnu/project/ros2-project/projects/workspace/src/install/more_interfaces/share/more_interfaces/cmake/export_more_interfaces__rosidl_generator_cppExport.cmake
[1.865s] -- Up-to-date: /home/jishnu/project/ros2-project/projects/workspace/src/install/more_interfaces/share/more_interfaces/cmake/export_more_interfaces__rosidl_typesupport_fastrtps_cppExport.cmake
[1.865s] -- Up-to-date: /home/jishnu/project/ros2-project/projects/workspace/src/install/more_interfaces/share/more_interfaces/cmake/export_more_interfaces__rosidl_typesupport_fastrtps_cppExport-noconfig.cmake
[1.865s] -- Up-to-date: /home/jishnu/project/ros2-project/projects/workspace/src/install/more_interfaces/share/more_interfaces/cmake/more_interfaces__rosidl_typesupport_introspection_cppExport.cmake
[1.865s] -- Up-to-date: /home/jishnu/project/ros2-project/projects/workspace/src/install/more_interfaces/share/more_interfaces/cmake/more_interfaces__rosidl_typesupport_introspection_cppExport-noconfig.cmake
[1.865s] -- Up-to-date: /home/jishnu/project/ros2-project/projects/workspace/src/install/more_interfaces/share/more_interfaces/cmake/more_interfaces__rosidl_typesupport_cppExport.cmake
[1.865s] -- Up-to-date: /home/jishnu/project/ros2-project/projects/workspace/src/install/more_interfaces/share/more_interfaces/cmake/more_interfaces__rosidl_typesupport_cppExport-noconfig.cmake
[1.866s] -- Up-to-date: /home/jishnu/project/ros2-project/projects/workspace/src/install/more_interfaces/share/more_interfaces/cmake/export_more_interfaces__rosidl_generator_pyExport.cmake
[1.866s] -- Up-to-date: /home/jishnu/project/ros2-project/projects/workspace/src/install/more_interfaces/share/more_interfaces/cmake/export_more_interfaces__rosidl_generator_pyExport-noconfig.cmake
[1.866s] -- Up-to-date: /home/jishnu/project/ros2-project/projects/workspace/src/install/more_interfaces/share/more_interfaces/cmake/ament_cmake_export_dependencies-extras.cmake
[1.866s] -- Up-to-date: /home/jishnu/project/ros2-project/projects/workspace/src/install/more_interfaces/share/more_interfaces/cmake/rosidl_cmake-extras.cmake
[1.866s] -- Up-to-date: /home/jishnu/project/ros2-project/projects/workspace/src/install/more_interfaces/share/more_interfaces/cmake/ament_cmake_export_include_directories-extras.cmake
[1.866s] -- Up-to-date: /home/jishnu/project/ros2-project/projects/workspace/src/install/more_interfaces/share/more_interfaces/cmake/ament_cmake_export_libraries-extras.cmake
[1.866s] -- Up-to-date: /home/jishnu/project/ros2-project/projects/workspace/src/install/more_interfaces/share/more_interfaces/cmake/ament_cmake_export_targets-extras.cmake
[1.866s] -- Up-to-date: /home/jishnu/project/ros2-project/projects/workspace/src/install/more_interfaces/share/more_interfaces/cmake/rosidl_cmake_export_typesupport_targets-extras.cmake
[1.866s] -- Up-to-date: /home/jishnu/project/ros2-project/projects/workspace/src/install/more_interfaces/share/more_interfaces/cmake/rosidl_cmake_export_typesupport_libraries-extras.cmake
[1.866s] -- Up-to-date: /home/jishnu/project/ros2-project/projects/workspace/src/install/more_interfaces/share/more_interfaces/cmake/more_interfacesConfig.cmake
[1.866s] -- Up-to-date: /home/jishnu/project/ros2-project/projects/workspace/src/install/more_interfaces/share/more_interfaces/cmake/more_interfacesConfig-version.cmake
[1.866s] -- Up-to-date: /home/jishnu/project/ros2-project/projects/workspace/src/install/more_interfaces/share/more_interfaces/package.xml
[2.170s] Invoked command in '/home/jishnu/project/ros2-project/projects/workspace/src/build/more_interfaces' returned '0': CMAKE_PREFIX_PATH=${CMAKE_PREFIX_PATH}:/home/jishnu/project/moveit-projects/ws_moveit2/install/ros2controlcli:/home/jishnu/project/moveit-projects/ws_moveit2/install/moveit_configs_utils:/home/jishnu/ws_moveit2/install/ros2controlcli:/home/jishnu/ws_moveit2/install/moveit_configs_utils:/opt/ros/humble /usr/bin/cmake --install /home/jishnu/project/ros2-project/projects/workspace/src/build/more_interfaces
