[0.027s] Invoking command in '/home/jishnu/project/ros2-project/projects/ros2_ws/build/examples_rclcpp_minimal_client': CMAKE_PREFIX_PATH=/opt/ros/humble /usr/bin/cmake /home/jishnu/project/ros2-project/projects/ros2_ws/src/examples/rclcpp/services/minimal_client -DAMENT_CMAKE_SYMLINK_INSTALL=1 -DCMAKE_INSTALL_PREFIX=/home/jishnu/project/ros2-project/projects/ros2_ws/install/examples_rclcpp_minimal_client
[0.112s] -- The C compiler identification is GNU 11.2.0
[0.225s] -- The CXX compiler identification is GNU 11.2.0
[0.231s] -- Detecting C compiler ABI info
[0.312s] -- Detecting C compiler ABI info - done
[0.329s] -- Check for working C compiler: /usr/bin/cc - skipped
[0.329s] -- Detecting C compile features
[0.329s] -- Detecting C compile features - done
[0.332s] -- Detecting CXX compiler ABI info
[0.447s] -- Detecting CXX compiler ABI info - done
[0.461s] -- Check for working CXX compiler: /usr/bin/c++ - skipped
[0.462s] -- Detecting CXX compile features
[0.462s] -- Detecting CXX compile features - done
[0.475s] -- Found ament_cmake: 1.3.2 (/opt/ros/humble/share/ament_cmake/cmake)
[0.702s] -- Found Python3: /usr/bin/python3.10 (found version "3.10.4") found components: Interpreter 
[0.791s] -- Override CMake install command with custom implementation using symlinks instead of copying resources
[0.814s] -- Found example_interfaces: 0.9.3 (/opt/ros/humble/share/example_interfaces/cmake)
[0.861s] -- Found rosidl_generator_c: 3.1.3 (/opt/ros/humble/share/rosidl_generator_c/cmake)
[0.868s] -- Found rosidl_adapter: 3.1.3 (/opt/ros/humble/share/rosidl_adapter/cmake)
[0.881s] -- Found rosidl_generator_cpp: 3.1.3 (/opt/ros/humble/share/rosidl_generator_cpp/cmake)
[0.905s] -- Using all available rosidl_typesupport_c: rosidl_typesupport_fastrtps_c;rosidl_typesupport_introspection_c
[0.937s] -- Using all available rosidl_typesupport_cpp: rosidl_typesupport_fastrtps_cpp;rosidl_typesupport_introspection_cpp
[1.215s] -- Found rclcpp: 16.0.1 (/opt/ros/humble/share/rclcpp/cmake)
[1.303s] -- Found rmw_implementation_cmake: 6.1.0 (/opt/ros/humble/share/rmw_implementation_cmake/cmake)
[1.306s] -- Found rmw_fastrtps_cpp: 6.2.1 (/opt/ros/humble/share/rmw_fastrtps_cpp/cmake)
[1.423s] -- Found OpenSSL: /usr/lib/x86_64-linux-gnu/libcrypto.so (found version "3.0.2")  
[1.461s] -- Found FastRTPS: /opt/ros/humble/include  
[1.525s] -- Using RMW implementation 'rmw_fastrtps_cpp' as default
[1.798s] -- Found ament_lint_auto: 0.12.4 (/opt/ros/humble/share/ament_lint_auto/cmake)
[1.932s] -- Added test 'copyright' to check source files copyright and LICENSE
[1.933s] -- Added test 'cppcheck' to perform static code analysis on C / C++ code
[1.933s] -- Configured cppcheck include dirs: 
[1.933s] -- Configured cppcheck exclude dirs and/or files: 
[1.934s] -- Added test 'cpplint' to check C / C++ code against the Google style
[1.934s] -- Configured cpplint exclude dirs and/or files: 
[1.937s] -- Added test 'lint_cmake' to check CMake code style
[1.938s] -- Added test 'uncrustify' to check C / C++ code style
[1.938s] -- Configured uncrustify additional arguments: 
[1.938s] -- Added test 'xmllint' to check XML markup files
[1.938s] -- Configuring done
[2.005s] -- Generating done
[2.011s] -- Build files have been written to: /home/jishnu/project/ros2-project/projects/ros2_ws/build/examples_rclcpp_minimal_client
[2.063s] Invoked command in '/home/jishnu/project/ros2-project/projects/ros2_ws/build/examples_rclcpp_minimal_client' returned '0': CMAKE_PREFIX_PATH=/opt/ros/humble /usr/bin/cmake /home/jishnu/project/ros2-project/projects/ros2_ws/src/examples/rclcpp/services/minimal_client -DAMENT_CMAKE_SYMLINK_INSTALL=1 -DCMAKE_INSTALL_PREFIX=/home/jishnu/project/ros2-project/projects/ros2_ws/install/examples_rclcpp_minimal_client
[2.063s] Invoking command in '/home/jishnu/project/ros2-project/projects/ros2_ws/build/examples_rclcpp_minimal_client': CMAKE_PREFIX_PATH=/opt/ros/humble /usr/bin/cmake --build /home/jishnu/project/ros2-project/projects/ros2_ws/build/examples_rclcpp_minimal_client -- -j8 -l8
[2.294s] [ 50%] [32mBuilding CXX object CMakeFiles/client_main.dir/main.cpp.o[0m
[17.396s] [100%] [32m[1mLinking CXX executable client_main[0m
[18.038s] [100%] Built target client_main
[18.073s] Invoked command in '/home/jishnu/project/ros2-project/projects/ros2_ws/build/examples_rclcpp_minimal_client' returned '0': CMAKE_PREFIX_PATH=/opt/ros/humble /usr/bin/cmake --build /home/jishnu/project/ros2-project/projects/ros2_ws/build/examples_rclcpp_minimal_client -- -j8 -l8
[18.367s] Invoking command in '/home/jishnu/project/ros2-project/projects/ros2_ws/build/examples_rclcpp_minimal_client': CMAKE_PREFIX_PATH=/opt/ros/humble /usr/bin/cmake --install /home/jishnu/project/ros2-project/projects/ros2_ws/build/examples_rclcpp_minimal_client
[20.548s] -- Install configuration: ""
[20.548s] -- Execute custom install script
[20.548s] -- Symlinking: /home/jishnu/project/ros2-project/projects/ros2_ws/install/examples_rclcpp_minimal_client/lib/examples_rclcpp_minimal_client/client_main
[20.548s] -- Symlinking: /home/jishnu/project/ros2-project/projects/ros2_ws/install/examples_rclcpp_minimal_client/share/ament_index/resource_index/package_run_dependencies/examples_rclcpp_minimal_client
[20.548s] -- Symlinking: /home/jishnu/project/ros2-project/projects/ros2_ws/install/examples_rclcpp_minimal_client/share/ament_index/resource_index/parent_prefix_path/examples_rclcpp_minimal_client
[20.549s] -- Symlinking: /home/jishnu/project/ros2-project/projects/ros2_ws/install/examples_rclcpp_minimal_client/share/examples_rclcpp_minimal_client/environment/ament_prefix_path.sh
[20.549s] -- Symlinking: /home/jishnu/project/ros2-project/projects/ros2_ws/install/examples_rclcpp_minimal_client/share/examples_rclcpp_minimal_client/environment/ament_prefix_path.dsv
[20.549s] -- Symlinking: /home/jishnu/project/ros2-project/projects/ros2_ws/install/examples_rclcpp_minimal_client/share/examples_rclcpp_minimal_client/environment/path.sh
[20.549s] -- Symlinking: /home/jishnu/project/ros2-project/projects/ros2_ws/install/examples_rclcpp_minimal_client/share/examples_rclcpp_minimal_client/environment/path.dsv
[20.549s] -- Symlinking: /home/jishnu/project/ros2-project/projects/ros2_ws/install/examples_rclcpp_minimal_client/share/examples_rclcpp_minimal_client/local_setup.bash
[20.549s] -- Symlinking: /home/jishnu/project/ros2-project/projects/ros2_ws/install/examples_rclcpp_minimal_client/share/examples_rclcpp_minimal_client/local_setup.sh
[20.549s] -- Symlinking: /home/jishnu/project/ros2-project/projects/ros2_ws/install/examples_rclcpp_minimal_client/share/examples_rclcpp_minimal_client/local_setup.zsh
[20.549s] -- Symlinking: /home/jishnu/project/ros2-project/projects/ros2_ws/install/examples_rclcpp_minimal_client/share/examples_rclcpp_minimal_client/local_setup.dsv
[20.550s] -- Symlinking: /home/jishnu/project/ros2-project/projects/ros2_ws/install/examples_rclcpp_minimal_client/share/examples_rclcpp_minimal_client/package.dsv
[20.550s] -- Symlinking: /home/jishnu/project/ros2-project/projects/ros2_ws/install/examples_rclcpp_minimal_client/share/ament_index/resource_index/packages/examples_rclcpp_minimal_client
[20.550s] -- Symlinking: /home/jishnu/project/ros2-project/projects/ros2_ws/install/examples_rclcpp_minimal_client/share/examples_rclcpp_minimal_client/cmake/examples_rclcpp_minimal_clientConfig.cmake
[20.550s] -- Symlinking: /home/jishnu/project/ros2-project/projects/ros2_ws/install/examples_rclcpp_minimal_client/share/examples_rclcpp_minimal_client/cmake/examples_rclcpp_minimal_clientConfig-version.cmake
[20.550s] -- Symlinking: /home/jishnu/project/ros2-project/projects/ros2_ws/install/examples_rclcpp_minimal_client/share/examples_rclcpp_minimal_client/package.xml
[20.655s] Invoked command in '/home/jishnu/project/ros2-project/projects/ros2_ws/build/examples_rclcpp_minimal_client' returned '0': CMAKE_PREFIX_PATH=/opt/ros/humble /usr/bin/cmake --install /home/jishnu/project/ros2-project/projects/ros2_ws/build/examples_rclcpp_minimal_client
