[0.610s] Invoking command in '/home/jishnu/project/ros2-project/projects/workspace/build/more_interfaces': CMAKE_PREFIX_PATH=/opt/ros/humble /usr/bin/cmake --build /home/jishnu/project/ros2-project/projects/workspace/build/more_interfaces -- -j8 -l8
[1.354s] [  3%] Built target more_interfaces__cpp
[1.354s] [ 12%] Built target more_interfaces__rosidl_generator_c
[1.354s] [ 21%] Built target more_interfaces__rosidl_typesupport_cpp
[1.355s] [ 30%] Built target more_interfaces__rosidl_typesupport_introspection_cpp
[1.355s] [ 39%] Built target more_interfaces__rosidl_typesupport_c
[1.355s] [ 48%] Built target more_interfaces__rosidl_typesupport_fastrtps_c
[1.355s] [ 57%] Built target more_interfaces__rosidl_typesupport_fastrtps_cpp
[1.355s] [ 66%] Built target more_interfaces__rosidl_typesupport_introspection_c
[1.355s] [ 66%] Built target more_interfaces
[1.389s] [ 69%] Built target more_interfaces__py
[1.392s] [ 75%] Built target publish_motor_driver
[1.412s] [ 81%] Built target more_interfaces__rosidl_generator_py
[1.470s] [ 87%] Built target more_interfaces__rosidl_typesupport_introspection_c__pyext
[1.475s] [ 93%] Built target more_interfaces__rosidl_typesupport_fastrtps_c__pyext
[1.481s] [100%] Built target more_interfaces__rosidl_typesupport_c__pyext
[1.493s] [100%] Built target ament_cmake_python_copy_more_interfaces
[1.879s] running egg_info
[1.880s] writing more_interfaces.egg-info/PKG-INFO
[1.880s] writing dependency_links to more_interfaces.egg-info/dependency_links.txt
[1.881s] writing top-level names to more_interfaces.egg-info/top_level.txt
[1.884s] reading manifest file 'more_interfaces.egg-info/SOURCES.txt'
[1.899s] writing manifest file 'more_interfaces.egg-info/SOURCES.txt'
[1.938s] [100%] Built target ament_cmake_python_build_more_interfaces_egg
