[0.618s] Invoking command in '/home/jishnu/project/ros2-project/projects/workspace/build/tutorial_interfaces': CMAKE_PREFIX_PATH=/opt/ros/humble /usr/bin/cmake --build /home/jishnu/project/ros2-project/projects/workspace/build/tutorial_interfaces -- -j8 -l8
[2.125s] [  2%] Built target tutorial_interfaces__cpp
[2.126s] [ 12%] Built target tutorial_interfaces__rosidl_generator_c
[2.126s] [ 23%] Built target tutorial_interfaces__rosidl_typesupport_introspection_cpp
[2.127s] [ 34%] Built target tutorial_interfaces__rosidl_typesupport_fastrtps_cpp
[2.127s] [ 44%] Built target tutorial_interfaces__rosidl_typesupport_cpp
[2.128s] [ 61%] Built target tutorial_interfaces__rosidl_typesupport_fastrtps_c
[2.129s] [ 65%] Built target tutorial_interfaces__rosidl_typesupport_c
[2.129s] [ 76%] Built target tutorial_interfaces__rosidl_typesupport_introspection_c
[2.129s] [ 76%] Built target ament_cmake_python_copy_tutorial_interfaces
[2.129s] [ 76%] Built target tutorial_interfaces
[2.129s] [ 78%] Built target tutorial_interfaces__py
[2.130s] [ 87%] Built target tutorial_interfaces__rosidl_generator_py
[2.130s] [ 91%] Built target tutorial_interfaces__rosidl_typesupport_c__pyext
[2.130s] [ 95%] Built target tutorial_interfaces__rosidl_typesupport_introspection_c__pyext
[2.130s] [100%] Built target tutorial_interfaces__rosidl_typesupport_fastrtps_c__pyext
[2.130s] running egg_info
[2.130s] writing tutorial_interfaces.egg-info/PKG-INFO
[2.130s] writing dependency_links to tutorial_interfaces.egg-info/dependency_links.txt
[2.131s] writing top-level names to tutorial_interfaces.egg-info/top_level.txt
[2.131s] reading manifest file 'tutorial_interfaces.egg-info/SOURCES.txt'
[2.131s] writing manifest file 'tutorial_interfaces.egg-info/SOURCES.txt'
[2.131s] [100%] Built target ament_cmake_python_build_tutorial_interfaces_egg
[2.138s] Invoked command in '/home/jishnu/project/ros2-project/projects/workspace/build/tutorial_interfaces' returned '0': CMAKE_PREFIX_PATH=/opt/ros/humble /usr/bin/cmake --build /home/jishnu/project/ros2-project/projects/workspace/build/tutorial_interfaces -- -j8 -l8
