[0.034s] Invoking command in '/home/jishnu/project/ros2-project/projects/workspace/src/build/action_tutorials_interfaces': CMAKE_PREFIX_PATH=${CMAKE_PREFIX_PATH}:/home/jishnu/project/ros2-project/projects/workspace/src/install/py_pubsub:/home/jishnu/project/moveit-projects/ws_moveit2/install/ros2controlcli:/home/jishnu/project/moveit-projects/ws_moveit2/install/moveit_configs_utils:/home/jishnu/ws_moveit2/install/ros2controlcli:/home/jishnu/ws_moveit2/install/moveit_configs_utils:/opt/ros/humble /usr/bin/cmake --build /home/jishnu/project/ros2-project/projects/workspace/src/build/action_tutorials_interfaces -- -j8 -l8
[0.070s] -- Found ament_cmake: 1.3.3 (/opt/ros/humble/share/ament_cmake/cmake)
[0.221s] -- Found ament_lint_auto: 0.12.4 (/opt/ros/humble/share/ament_lint_auto/cmake)
[0.286s] -- Found rosidl_default_generators: 1.2.0 (/opt/ros/humble/share/rosidl_default_generators/cmake)
[0.329s] -- Using all available rosidl_typesupport_c: rosidl_typesupport_fastrtps_c;rosidl_typesupport_introspection_c
[0.356s] -- Found rosidl_adapter: 3.1.4 (/opt/ros/humble/share/rosidl_adapter/cmake)
[0.473s] -- Using all available rosidl_typesupport_cpp: rosidl_typesupport_fastrtps_cpp;rosidl_typesupport_introspection_cpp
[0.898s] -- Found ament_cmake_ros: 0.10.0 (/opt/ros/humble/share/ament_cmake_ros/cmake)
[1.124s] -- Using all available rosidl_typesupport_c: rosidl_typesupport_fastrtps_c;rosidl_typesupport_introspection_c
[1.358s] -- Using all available rosidl_typesupport_cpp: rosidl_typesupport_fastrtps_cpp;rosidl_typesupport_introspection_cpp
[1.380s] -- Found PythonInterp: /usr/bin/python3 (found suitable version "3.10.6", minimum required is "3.6") 
[1.388s] -- Found python_cmake_module: 0.10.0 (/opt/ros/humble/share/python_cmake_module/cmake)
[1.425s] -- Found PythonLibs: /usr/lib/x86_64-linux-gnu/libpython3.10.so (found suitable version "3.10.6", minimum required is "3.5") 
[1.425s] -- Using PYTHON_EXECUTABLE: /usr/bin/python3
[1.425s] -- Using PYTHON_INCLUDE_DIRS: /usr/include/python3.10
[1.425s] -- Using PYTHON_LIBRARIES: /usr/lib/x86_64-linux-gnu/libpython3.10.so
[1.446s] -- Found PythonExtra: .so  
[1.596s] -- Added test 'lint_cmake' to check CMake code style
[1.597s] -- Added test 'xmllint' to check XML markup files
[1.601s] -- Configuring done
[1.821s] -- Generating done
[1.824s] -- Build files have been written to: /home/jishnu/project/ros2-project/projects/workspace/src/build/action_tutorials_interfaces
[1.855s] [  3%] [34m[1mGenerating C code for ROS interfaces[0m
[1.867s] [  6%] [34m[1mGenerating C++ code for ROS interfaces[0m
[1.897s] [  6%] Built target ament_cmake_python_copy_action_tutorials_interfaces
[2.165s] running egg_info
[2.165s] creating action_tutorials_interfaces.egg-info
[2.165s] writing action_tutorials_interfaces.egg-info/PKG-INFO
[2.166s] writing dependency_links to action_tutorials_interfaces.egg-info/dependency_links.txt
[2.166s] writing top-level names to action_tutorials_interfaces.egg-info/top_level.txt
[2.166s] writing manifest file 'action_tutorials_interfaces.egg-info/SOURCES.txt'
[2.168s] reading manifest file 'action_tutorials_interfaces.egg-info/SOURCES.txt'
[2.168s] writing manifest file 'action_tutorials_interfaces.egg-info/SOURCES.txt'
[2.194s] [  6%] Built target ament_cmake_python_build_action_tutorials_interfaces_egg
[2.295s] [  6%] Built target action_tutorials_interfaces__cpp
[2.310s] [ 12%] [34m[1mGenerating C++ type support dispatch for ROS interfaces[0m
[2.311s] [ 12%] [34m[1mGenerating C++ type support for eProsima Fast-RTPS[0m
[2.314s] [ 16%] [34m[1mGenerating C++ introspection for ROS interfaces[0m
[2.338s] [ 19%] [32mBuilding C object CMakeFiles/action_tutorials_interfaces__rosidl_generator_c.dir/rosidl_generator_c/action_tutorials_interfaces/action/detail/fibonacci__functions.c.o[0m
[2.469s] [ 22%] [32m[1mLinking C shared library libaction_tutorials_interfaces__rosidl_generator_c.so[0m
[2.519s] [ 22%] Built target action_tutorials_interfaces__rosidl_generator_c
[2.557s] [ 25%] [34m[1mGenerating C type support dispatch for ROS interfaces[0m
[2.560s] [ 29%] [34m[1mGenerating C type support for eProsima Fast-RTPS[0m
[2.564s] [ 32%] [34m[1mGenerating C introspection for ROS interfaces[0m
[2.665s] [ 35%] [32mBuilding CXX object CMakeFiles/action_tutorials_interfaces__rosidl_typesupport_cpp.dir/rosidl_typesupport_cpp/action_tutorials_interfaces/action/fibonacci__type_support.cpp.o[0m
[2.824s] [ 38%] [32mBuilding CXX object CMakeFiles/action_tutorials_interfaces__rosidl_typesupport_introspection_cpp.dir/rosidl_typesupport_introspection_cpp/action_tutorials_interfaces/action/detail/fibonacci__type_support.cpp.o[0m
[2.875s] [ 41%] [32mBuilding CXX object CMakeFiles/action_tutorials_interfaces__rosidl_typesupport_fastrtps_cpp.dir/rosidl_typesupport_fastrtps_cpp/action_tutorials_interfaces/action/detail/dds_fastrtps/fibonacci__type_support.cpp.o[0m
[3.032s] [ 45%] [32mBuilding CXX object CMakeFiles/action_tutorials_interfaces__rosidl_typesupport_c.dir/rosidl_typesupport_c/action_tutorials_interfaces/action/fibonacci__type_support.cpp.o[0m
[3.117s] [ 48%] [32m[1mLinking CXX shared library libaction_tutorials_interfaces__rosidl_typesupport_c.so[0m
[3.163s] [ 51%] [32mBuilding C object CMakeFiles/action_tutorials_interfaces__rosidl_typesupport_introspection_c.dir/rosidl_typesupport_introspection_c/action_tutorials_interfaces/action/detail/fibonacci__type_support.c.o[0m
[3.184s] [ 54%] [32mBuilding CXX object CMakeFiles/action_tutorials_interfaces__rosidl_typesupport_fastrtps_c.dir/rosidl_typesupport_fastrtps_c/action_tutorials_interfaces/action/detail/fibonacci__type_support_c.cpp.o[0m
[3.196s] [ 54%] Built target action_tutorials_interfaces__rosidl_typesupport_c
[3.256s] [ 58%] [32m[1mLinking C shared library libaction_tutorials_interfaces__rosidl_typesupport_introspection_c.so[0m
[3.295s] [ 58%] Built target action_tutorials_interfaces__rosidl_typesupport_introspection_c
[3.315s] [ 61%] [32m[1mLinking CXX shared library libaction_tutorials_interfaces__rosidl_typesupport_cpp.so[0m
[3.381s] [ 61%] Built target action_tutorials_interfaces__rosidl_typesupport_cpp
[3.570s] [ 64%] [32m[1mLinking CXX shared library libaction_tutorials_interfaces__rosidl_typesupport_fastrtps_cpp.so[0m
[3.584s] [ 67%] [32m[1mLinking CXX shared library libaction_tutorials_interfaces__rosidl_typesupport_fastrtps_c.so[0m
[3.592s] [ 70%] [32m[1mLinking CXX shared library libaction_tutorials_interfaces__rosidl_typesupport_introspection_cpp.so[0m
[3.666s] [ 70%] Built target action_tutorials_interfaces__rosidl_typesupport_fastrtps_cpp
[3.683s] [ 70%] Built target action_tutorials_interfaces__rosidl_typesupport_fastrtps_c
[3.690s] [ 70%] Built target action_tutorials_interfaces__rosidl_typesupport_introspection_cpp
[3.723s] [ 70%] Built target action_tutorials_interfaces
[3.757s] [ 74%] [34m[1mGenerating Python code for ROS interfaces[0m
[4.475s] [ 74%] Built target action_tutorials_interfaces__py
[4.500s] [ 77%] [32mBuilding C object CMakeFiles/action_tutorials_interfaces__rosidl_generator_py.dir/rosidl_generator_py/action_tutorials_interfaces/action/_fibonacci_s.c.o[0m
[4.667s] [ 80%] [32m[1mLinking C shared library rosidl_generator_py/action_tutorials_interfaces/libaction_tutorials_interfaces__rosidl_generator_py.so[0m
[4.707s] [ 80%] Built target action_tutorials_interfaces__rosidl_generator_py
[4.748s] [ 83%] [32mBuilding C object CMakeFiles/action_tutorials_interfaces__rosidl_typesupport_fastrtps_c__pyext.dir/rosidl_generator_py/action_tutorials_interfaces/_action_tutorials_interfaces_s.ep.rosidl_typesupport_fastrtps_c.c.o[0m
[4.752s] [ 87%] [32mBuilding C object CMakeFiles/action_tutorials_interfaces__rosidl_typesupport_c__pyext.dir/rosidl_generator_py/action_tutorials_interfaces/_action_tutorials_interfaces_s.ep.rosidl_typesupport_c.c.o[0m
[4.752s] [ 90%] [32mBuilding C object CMakeFiles/action_tutorials_interfaces__rosidl_typesupport_introspection_c__pyext.dir/rosidl_generator_py/action_tutorials_interfaces/_action_tutorials_interfaces_s.ep.rosidl_typesupport_introspection_c.c.o[0m
[4.865s] [ 93%] [32m[1mLinking C shared library rosidl_generator_py/action_tutorials_interfaces/action_tutorials_interfaces_s__rosidl_typesupport_introspection_c.cpython-310-x86_64-linux-gnu.so[0m
[4.870s] [ 96%] [32m[1mLinking C shared library rosidl_generator_py/action_tutorials_interfaces/action_tutorials_interfaces_s__rosidl_typesupport_fastrtps_c.cpython-310-x86_64-linux-gnu.so[0m
[4.878s] [100%] [32m[1mLinking C shared library rosidl_generator_py/action_tutorials_interfaces/action_tutorials_interfaces_s__rosidl_typesupport_c.cpython-310-x86_64-linux-gnu.so[0m
[4.908s] [100%] Built target action_tutorials_interfaces__rosidl_typesupport_introspection_c__pyext
[4.914s] [100%] Built target action_tutorials_interfaces__rosidl_typesupport_fastrtps_c__pyext
[4.933s] [100%] Built target action_tutorials_interfaces__rosidl_typesupport_c__pyext
[4.945s] Invoked command in '/home/jishnu/project/ros2-project/projects/workspace/src/build/action_tutorials_interfaces' returned '0': CMAKE_PREFIX_PATH=${CMAKE_PREFIX_PATH}:/home/jishnu/project/ros2-project/projects/workspace/src/install/py_pubsub:/home/jishnu/project/moveit-projects/ws_moveit2/install/ros2controlcli:/home/jishnu/project/moveit-projects/ws_moveit2/install/moveit_configs_utils:/home/jishnu/ws_moveit2/install/ros2controlcli:/home/jishnu/ws_moveit2/install/moveit_configs_utils:/opt/ros/humble /usr/bin/cmake --build /home/jishnu/project/ros2-project/projects/workspace/src/build/action_tutorials_interfaces -- -j8 -l8
[5.069s] Invoking command in '/home/jishnu/project/ros2-project/projects/workspace/src/build/action_tutorials_interfaces': CMAKE_PREFIX_PATH=${CMAKE_PREFIX_PATH}:/home/jishnu/project/ros2-project/projects/workspace/src/install/py_pubsub:/home/jishnu/project/moveit-projects/ws_moveit2/install/ros2controlcli:/home/jishnu/project/moveit-projects/ws_moveit2/install/moveit_configs_utils:/home/jishnu/ws_moveit2/install/ros2controlcli:/home/jishnu/ws_moveit2/install/moveit_configs_utils:/opt/ros/humble /usr/bin/cmake --install /home/jishnu/project/ros2-project/projects/workspace/src/build/action_tutorials_interfaces
[5.078s] -- Install configuration: ""
[5.078s] -- Installing: /home/jishnu/project/ros2-project/projects/workspace/src/install/action_tutorials_interfaces/share/ament_index/resource_index/rosidl_interfaces/action_tutorials_interfaces
[5.078s] -- Installing: /home/jishnu/project/ros2-project/projects/workspace/src/install/action_tutorials_interfaces/include/action_tutorials_interfaces/action_tutorials_interfaces
[5.078s] -- Installing: /home/jishnu/project/ros2-project/projects/workspace/src/install/action_tutorials_interfaces/include/action_tutorials_interfaces/action_tutorials_interfaces/msg
[5.079s] -- Installing: /home/jishnu/project/ros2-project/projects/workspace/src/install/action_tutorials_interfaces/include/action_tutorials_interfaces/action_tutorials_interfaces/msg/rosidl_generator_c__visibility_control.h
[5.079s] -- Installing: /home/jishnu/project/ros2-project/projects/workspace/src/install/action_tutorials_interfaces/include/action_tutorials_interfaces/action_tutorials_interfaces/action
[5.079s] -- Installing: /home/jishnu/project/ros2-project/projects/workspace/src/install/action_tutorials_interfaces/include/action_tutorials_interfaces/action_tutorials_interfaces/action/fibonacci.h
[5.079s] -- Installing: /home/jishnu/project/ros2-project/projects/workspace/src/install/action_tutorials_interfaces/include/action_tutorials_interfaces/action_tutorials_interfaces/action/detail
[5.079s] -- Installing: /home/jishnu/project/ros2-project/projects/workspace/src/install/action_tutorials_interfaces/include/action_tutorials_interfaces/action_tutorials_interfaces/action/detail/fibonacci__functions.h
[5.079s] -- Installing: /home/jishnu/project/ros2-project/projects/workspace/src/install/action_tutorials_interfaces/include/action_tutorials_interfaces/action_tutorials_interfaces/action/detail/fibonacci__functions.c
[5.080s] -- Installing: /home/jishnu/project/ros2-project/projects/workspace/src/install/action_tutorials_interfaces/include/action_tutorials_interfaces/action_tutorials_interfaces/action/detail/fibonacci__type_support.h
[5.080s] -- Installing: /home/jishnu/project/ros2-project/projects/workspace/src/install/action_tutorials_interfaces/include/action_tutorials_interfaces/action_tutorials_interfaces/action/detail/fibonacci__struct.h
[5.080s] -- Installing: /home/jishnu/project/ros2-project/projects/workspace/src/install/action_tutorials_interfaces/share/action_tutorials_interfaces/environment/library_path.sh
[5.080s] -- Installing: /home/jishnu/project/ros2-project/projects/workspace/src/install/action_tutorials_interfaces/share/action_tutorials_interfaces/environment/library_path.dsv
[5.080s] -- Installing: /home/jishnu/project/ros2-project/projects/workspace/src/install/action_tutorials_interfaces/lib/libaction_tutorials_interfaces__rosidl_generator_c.so
[5.081s] -- Set runtime path of "/home/jishnu/project/ros2-project/projects/workspace/src/install/action_tutorials_interfaces/lib/libaction_tutorials_interfaces__rosidl_generator_c.so" to ""
[5.081s] -- Up-to-date: /home/jishnu/project/ros2-project/projects/workspace/src/install/action_tutorials_interfaces/include/action_tutorials_interfaces/action_tutorials_interfaces
[5.081s] -- Up-to-date: /home/jishnu/project/ros2-project/projects/workspace/src/install/action_tutorials_interfaces/include/action_tutorials_interfaces/action_tutorials_interfaces/msg
[5.081s] -- Installing: /home/jishnu/project/ros2-project/projects/workspace/src/install/action_tutorials_interfaces/include/action_tutorials_interfaces/action_tutorials_interfaces/msg/rosidl_typesupport_fastrtps_c__visibility_control.h
[5.081s] -- Up-to-date: /home/jishnu/project/ros2-project/projects/workspace/src/install/action_tutorials_interfaces/include/action_tutorials_interfaces/action_tutorials_interfaces/action
[5.081s] -- Up-to-date: /home/jishnu/project/ros2-project/projects/workspace/src/install/action_tutorials_interfaces/include/action_tutorials_interfaces/action_tutorials_interfaces/action/detail
[5.081s] -- Installing: /home/jishnu/project/ros2-project/projects/workspace/src/install/action_tutorials_interfaces/include/action_tutorials_interfaces/action_tutorials_interfaces/action/detail/fibonacci__rosidl_typesupport_fastrtps_c.h
[5.081s] -- Installing: /home/jishnu/project/ros2-project/projects/workspace/src/install/action_tutorials_interfaces/lib/libaction_tutorials_interfaces__rosidl_typesupport_fastrtps_c.so
[5.081s] -- Set runtime path of "/home/jishnu/project/ros2-project/projects/workspace/src/install/action_tutorials_interfaces/lib/libaction_tutorials_interfaces__rosidl_typesupport_fastrtps_c.so" to ""
[5.082s] -- Up-to-date: /home/jishnu/project/ros2-project/projects/workspace/src/install/action_tutorials_interfaces/include/action_tutorials_interfaces/action_tutorials_interfaces
[5.082s] -- Up-to-date: /home/jishnu/project/ros2-project/projects/workspace/src/install/action_tutorials_interfaces/include/action_tutorials_interfaces/action_tutorials_interfaces/msg
[5.082s] -- Installing: /home/jishnu/project/ros2-project/projects/workspace/src/install/action_tutorials_interfaces/include/action_tutorials_interfaces/action_tutorials_interfaces/msg/rosidl_typesupport_introspection_c__visibility_control.h
[5.082s] -- Up-to-date: /home/jishnu/project/ros2-project/projects/workspace/src/install/action_tutorials_interfaces/include/action_tutorials_interfaces/action_tutorials_interfaces/action
[5.082s] -- Up-to-date: /home/jishnu/project/ros2-project/projects/workspace/src/install/action_tutorials_interfaces/include/action_tutorials_interfaces/action_tutorials_interfaces/action/detail
[5.082s] -- Installing: /home/jishnu/project/ros2-project/projects/workspace/src/install/action_tutorials_interfaces/include/action_tutorials_interfaces/action_tutorials_interfaces/action/detail/fibonacci__type_support.c
[5.082s] -- Installing: /home/jishnu/project/ros2-project/projects/workspace/src/install/action_tutorials_interfaces/include/action_tutorials_interfaces/action_tutorials_interfaces/action/detail/fibonacci__rosidl_typesupport_introspection_c.h
[5.082s] -- Installing: /home/jishnu/project/ros2-project/projects/workspace/src/install/action_tutorials_interfaces/lib/libaction_tutorials_interfaces__rosidl_typesupport_introspection_c.so
[5.083s] -- Set runtime path of "/home/jishnu/project/ros2-project/projects/workspace/src/install/action_tutorials_interfaces/lib/libaction_tutorials_interfaces__rosidl_typesupport_introspection_c.so" to ""
[5.083s] -- Installing: /home/jishnu/project/ros2-project/projects/workspace/src/install/action_tutorials_interfaces/lib/libaction_tutorials_interfaces__rosidl_typesupport_c.so
[5.083s] -- Set runtime path of "/home/jishnu/project/ros2-project/projects/workspace/src/install/action_tutorials_interfaces/lib/libaction_tutorials_interfaces__rosidl_typesupport_c.so" to ""
[5.083s] -- Up-to-date: /home/jishnu/project/ros2-project/projects/workspace/src/install/action_tutorials_interfaces/include/action_tutorials_interfaces/action_tutorials_interfaces
[5.083s] -- Up-to-date: /home/jishnu/project/ros2-project/projects/workspace/src/install/action_tutorials_interfaces/include/action_tutorials_interfaces/action_tutorials_interfaces/action
[5.083s] -- Installing: /home/jishnu/project/ros2-project/projects/workspace/src/install/action_tutorials_interfaces/include/action_tutorials_interfaces/action_tutorials_interfaces/action/fibonacci.hpp
[5.083s] -- Up-to-date: /home/jishnu/project/ros2-project/projects/workspace/src/install/action_tutorials_interfaces/include/action_tutorials_interfaces/action_tutorials_interfaces/action/detail
[5.083s] -- Installing: /home/jishnu/project/ros2-project/projects/workspace/src/install/action_tutorials_interfaces/include/action_tutorials_interfaces/action_tutorials_interfaces/action/detail/fibonacci__builder.hpp
[5.083s] -- Installing: /home/jishnu/project/ros2-project/projects/workspace/src/install/action_tutorials_interfaces/include/action_tutorials_interfaces/action_tutorials_interfaces/action/detail/fibonacci__struct.hpp
[5.084s] -- Installing: /home/jishnu/project/ros2-project/projects/workspace/src/install/action_tutorials_interfaces/include/action_tutorials_interfaces/action_tutorials_interfaces/action/detail/fibonacci__traits.hpp
[5.084s] -- Up-to-date: /home/jishnu/project/ros2-project/projects/workspace/src/install/action_tutorials_interfaces/include/action_tutorials_interfaces/action_tutorials_interfaces
[5.084s] -- Up-to-date: /home/jishnu/project/ros2-project/projects/workspace/src/install/action_tutorials_interfaces/include/action_tutorials_interfaces/action_tutorials_interfaces/msg
[5.084s] -- Installing: /home/jishnu/project/ros2-project/projects/workspace/src/install/action_tutorials_interfaces/include/action_tutorials_interfaces/action_tutorials_interfaces/msg/rosidl_typesupport_fastrtps_cpp__visibility_control.h
[5.084s] -- Up-to-date: /home/jishnu/project/ros2-project/projects/workspace/src/install/action_tutorials_interfaces/include/action_tutorials_interfaces/action_tutorials_interfaces/action
[5.084s] -- Up-to-date: /home/jishnu/project/ros2-project/projects/workspace/src/install/action_tutorials_interfaces/include/action_tutorials_interfaces/action_tutorials_interfaces/action/detail
[5.084s] -- Installing: /home/jishnu/project/ros2-project/projects/workspace/src/install/action_tutorials_interfaces/include/action_tutorials_interfaces/action_tutorials_interfaces/action/detail/fibonacci__rosidl_typesupport_fastrtps_cpp.hpp
[5.084s] -- Installing: /home/jishnu/project/ros2-project/projects/workspace/src/install/action_tutorials_interfaces/include/action_tutorials_interfaces/action_tutorials_interfaces/action/detail/dds_fastrtps
[5.084s] -- Installing: /home/jishnu/project/ros2-project/projects/workspace/src/install/action_tutorials_interfaces/lib/libaction_tutorials_interfaces__rosidl_typesupport_fastrtps_cpp.so
[5.085s] -- Set runtime path of "/home/jishnu/project/ros2-project/projects/workspace/src/install/action_tutorials_interfaces/lib/libaction_tutorials_interfaces__rosidl_typesupport_fastrtps_cpp.so" to ""
[5.085s] -- Up-to-date: /home/jishnu/project/ros2-project/projects/workspace/src/install/action_tutorials_interfaces/include/action_tutorials_interfaces/action_tutorials_interfaces
[5.085s] -- Up-to-date: /home/jishnu/project/ros2-project/projects/workspace/src/install/action_tutorials_interfaces/include/action_tutorials_interfaces/action_tutorials_interfaces/action
[5.085s] -- Up-to-date: /home/jishnu/project/ros2-project/projects/workspace/src/install/action_tutorials_interfaces/include/action_tutorials_interfaces/action_tutorials_interfaces/action/detail
[5.085s] -- Installing: /home/jishnu/project/ros2-project/projects/workspace/src/install/action_tutorials_interfaces/include/action_tutorials_interfaces/action_tutorials_interfaces/action/detail/fibonacci__rosidl_typesupport_introspection_cpp.hpp
[5.085s] -- Installing: /home/jishnu/project/ros2-project/projects/workspace/src/install/action_tutorials_interfaces/include/action_tutorials_interfaces/action_tutorials_interfaces/action/detail/fibonacci__type_support.cpp
[5.085s] -- Installing: /home/jishnu/project/ros2-project/projects/workspace/src/install/action_tutorials_interfaces/lib/libaction_tutorials_interfaces__rosidl_typesupport_introspection_cpp.so
[5.086s] -- Set runtime path of "/home/jishnu/project/ros2-project/projects/workspace/src/install/action_tutorials_interfaces/lib/libaction_tutorials_interfaces__rosidl_typesupport_introspection_cpp.so" to ""
[5.086s] -- Installing: /home/jishnu/project/ros2-project/projects/workspace/src/install/action_tutorials_interfaces/lib/libaction_tutorials_interfaces__rosidl_typesupport_cpp.so
[5.086s] -- Set runtime path of "/home/jishnu/project/ros2-project/projects/workspace/src/install/action_tutorials_interfaces/lib/libaction_tutorials_interfaces__rosidl_typesupport_cpp.so" to ""
[5.086s] -- Installing: /home/jishnu/project/ros2-project/projects/workspace/src/install/action_tutorials_interfaces/share/action_tutorials_interfaces/environment/pythonpath.sh
[5.086s] -- Installing: /home/jishnu/project/ros2-project/projects/workspace/src/install/action_tutorials_interfaces/share/action_tutorials_interfaces/environment/pythonpath.dsv
[5.086s] -- Installing: /home/jishnu/project/ros2-project/projects/workspace/src/install/action_tutorials_interfaces/local/lib/python3.10/dist-packages/action_tutorials_interfaces-0.0.0-py3.10.egg-info
[5.086s] -- Installing: /home/jishnu/project/ros2-project/projects/workspace/src/install/action_tutorials_interfaces/local/lib/python3.10/dist-packages/action_tutorials_interfaces-0.0.0-py3.10.egg-info/top_level.txt
[5.087s] -- Installing: /home/jishnu/project/ros2-project/projects/workspace/src/install/action_tutorials_interfaces/local/lib/python3.10/dist-packages/action_tutorials_interfaces-0.0.0-py3.10.egg-info/dependency_links.txt
[5.087s] -- Installing: /home/jishnu/project/ros2-project/projects/workspace/src/install/action_tutorials_interfaces/local/lib/python3.10/dist-packages/action_tutorials_interfaces-0.0.0-py3.10.egg-info/SOURCES.txt
[5.087s] -- Installing: /home/jishnu/project/ros2-project/projects/workspace/src/install/action_tutorials_interfaces/local/lib/python3.10/dist-packages/action_tutorials_interfaces-0.0.0-py3.10.egg-info/PKG-INFO
[5.087s] -- Installing: /home/jishnu/project/ros2-project/projects/workspace/src/install/action_tutorials_interfaces/local/lib/python3.10/dist-packages/action_tutorials_interfaces
[5.087s] -- Installing: /home/jishnu/project/ros2-project/projects/workspace/src/install/action_tutorials_interfaces/local/lib/python3.10/dist-packages/action_tutorials_interfaces/_action_tutorials_interfaces_s.ep.rosidl_typesupport_c.c
[5.087s] -- Installing: /home/jishnu/project/ros2-project/projects/workspace/src/install/action_tutorials_interfaces/local/lib/python3.10/dist-packages/action_tutorials_interfaces/action_tutorials_interfaces_s__rosidl_typesupport_fastrtps_c.cpython-310-x86_64-linux-gnu.so
[5.087s] -- Installing: /home/jishnu/project/ros2-project/projects/workspace/src/install/action_tutorials_interfaces/local/lib/python3.10/dist-packages/action_tutorials_interfaces/__init__.py
[5.087s] -- Installing: /home/jishnu/project/ros2-project/projects/workspace/src/install/action_tutorials_interfaces/local/lib/python3.10/dist-packages/action_tutorials_interfaces/_action_tutorials_interfaces_s.ep.rosidl_typesupport_fastrtps_c.c
[5.088s] -- Installing: /home/jishnu/project/ros2-project/projects/workspace/src/install/action_tutorials_interfaces/local/lib/python3.10/dist-packages/action_tutorials_interfaces/action_tutorials_interfaces_s__rosidl_typesupport_c.cpython-310-x86_64-linux-gnu.so
[5.088s] -- Installing: /home/jishnu/project/ros2-project/projects/workspace/src/install/action_tutorials_interfaces/local/lib/python3.10/dist-packages/action_tutorials_interfaces/action
[5.088s] -- Installing: /home/jishnu/project/ros2-project/projects/workspace/src/install/action_tutorials_interfaces/local/lib/python3.10/dist-packages/action_tutorials_interfaces/action/_fibonacci_s.c
[5.088s] -- Installing: /home/jishnu/project/ros2-project/projects/workspace/src/install/action_tutorials_interfaces/local/lib/python3.10/dist-packages/action_tutorials_interfaces/action/_fibonacci.py
[5.088s] -- Installing: /home/jishnu/project/ros2-project/projects/workspace/src/install/action_tutorials_interfaces/local/lib/python3.10/dist-packages/action_tutorials_interfaces/action/__init__.py
[5.088s] -- Installing: /home/jishnu/project/ros2-project/projects/workspace/src/install/action_tutorials_interfaces/local/lib/python3.10/dist-packages/action_tutorials_interfaces/_action_tutorials_interfaces_s.ep.rosidl_typesupport_introspection_c.c
[5.088s] -- Installing: /home/jishnu/project/ros2-project/projects/workspace/src/install/action_tutorials_interfaces/local/lib/python3.10/dist-packages/action_tutorials_interfaces/action_tutorials_interfaces_s__rosidl_typesupport_introspection_c.cpython-310-x86_64-linux-gnu.so
[5.089s] -- Installing: /home/jishnu/project/ros2-project/projects/workspace/src/install/action_tutorials_interfaces/local/lib/python3.10/dist-packages/action_tutorials_interfaces/libaction_tutorials_interfaces__rosidl_generator_py.so
[5.132s] Listing '/home/jishnu/project/ros2-project/projects/workspace/src/install/action_tutorials_interfaces/local/lib/python3.10/dist-packages/action_tutorials_interfaces'...
[5.132s] Compiling '/home/jishnu/project/ros2-project/projects/workspace/src/install/action_tutorials_interfaces/local/lib/python3.10/dist-packages/action_tutorials_interfaces/__init__.py'...
[5.132s] Listing '/home/jishnu/project/ros2-project/projects/workspace/src/install/action_tutorials_interfaces/local/lib/python3.10/dist-packages/action_tutorials_interfaces/action'...
[5.132s] Compiling '/home/jishnu/project/ros2-project/projects/workspace/src/install/action_tutorials_interfaces/local/lib/python3.10/dist-packages/action_tutorials_interfaces/action/__init__.py'...
[5.132s] Compiling '/home/jishnu/project/ros2-project/projects/workspace/src/install/action_tutorials_interfaces/local/lib/python3.10/dist-packages/action_tutorials_interfaces/action/_fibonacci.py'...
[5.136s] -- Installing: /home/jishnu/project/ros2-project/projects/workspace/src/install/action_tutorials_interfaces/local/lib/python3.10/dist-packages/action_tutorials_interfaces/action_tutorials_interfaces_s__rosidl_typesupport_fastrtps_c.cpython-310-x86_64-linux-gnu.so
[5.136s] -- Set runtime path of "/home/jishnu/project/ros2-project/projects/workspace/src/install/action_tutorials_interfaces/local/lib/python3.10/dist-packages/action_tutorials_interfaces/action_tutorials_interfaces_s__rosidl_typesupport_fastrtps_c.cpython-310-x86_64-linux-gnu.so" to ""
[5.136s] -- Installing: /home/jishnu/project/ros2-project/projects/workspace/src/install/action_tutorials_interfaces/local/lib/python3.10/dist-packages/action_tutorials_interfaces/action_tutorials_interfaces_s__rosidl_typesupport_introspection_c.cpython-310-x86_64-linux-gnu.so
[5.137s] -- Set runtime path of "/home/jishnu/project/ros2-project/projects/workspace/src/install/action_tutorials_interfaces/local/lib/python3.10/dist-packages/action_tutorials_interfaces/action_tutorials_interfaces_s__rosidl_typesupport_introspection_c.cpython-310-x86_64-linux-gnu.so" to ""
[5.137s] -- Installing: /home/jishnu/project/ros2-project/projects/workspace/src/install/action_tutorials_interfaces/local/lib/python3.10/dist-packages/action_tutorials_interfaces/action_tutorials_interfaces_s__rosidl_typesupport_c.cpython-310-x86_64-linux-gnu.so
[5.137s] -- Set runtime path of "/home/jishnu/project/ros2-project/projects/workspace/src/install/action_tutorials_interfaces/local/lib/python3.10/dist-packages/action_tutorials_interfaces/action_tutorials_interfaces_s__rosidl_typesupport_c.cpython-310-x86_64-linux-gnu.so" to ""
[5.137s] -- Installing: /home/jishnu/project/ros2-project/projects/workspace/src/install/action_tutorials_interfaces/lib/libaction_tutorials_interfaces__rosidl_generator_py.so
[5.137s] -- Set runtime path of "/home/jishnu/project/ros2-project/projects/workspace/src/install/action_tutorials_interfaces/lib/libaction_tutorials_interfaces__rosidl_generator_py.so" to ""
[5.137s] -- Installing: /home/jishnu/project/ros2-project/projects/workspace/src/install/action_tutorials_interfaces/share/action_tutorials_interfaces/action/Fibonacci.idl
[5.138s] -- Installing: /home/jishnu/project/ros2-project/projects/workspace/src/install/action_tutorials_interfaces/share/action_tutorials_interfaces/action/Fibonacci.action
[5.138s] -- Installing: /home/jishnu/project/ros2-project/projects/workspace/src/install/action_tutorials_interfaces/share/ament_index/resource_index/package_run_dependencies/action_tutorials_interfaces
[5.138s] -- Up-to-date: /home/jishnu/project/ros2-project/projects/workspace/src/install/action_tutorials_interfaces/share/ament_index/resource_index/parent_prefix_path/action_tutorials_interfaces
[5.138s] -- Up-to-date: /home/jishnu/project/ros2-project/projects/workspace/src/install/action_tutorials_interfaces/share/action_tutorials_interfaces/environment/ament_prefix_path.sh
[5.138s] -- Installing: /home/jishnu/project/ros2-project/projects/workspace/src/install/action_tutorials_interfaces/share/action_tutorials_interfaces/environment/ament_prefix_path.dsv
[5.138s] -- Up-to-date: /home/jishnu/project/ros2-project/projects/workspace/src/install/action_tutorials_interfaces/share/action_tutorials_interfaces/environment/path.sh
[5.138s] -- Installing: /home/jishnu/project/ros2-project/projects/workspace/src/install/action_tutorials_interfaces/share/action_tutorials_interfaces/environment/path.dsv
[5.138s] -- Up-to-date: /home/jishnu/project/ros2-project/projects/workspace/src/install/action_tutorials_interfaces/share/action_tutorials_interfaces/local_setup.bash
[5.138s] -- Installing: /home/jishnu/project/ros2-project/projects/workspace/src/install/action_tutorials_interfaces/share/action_tutorials_interfaces/local_setup.sh
[5.138s] -- Up-to-date: /home/jishnu/project/ros2-project/projects/workspace/src/install/action_tutorials_interfaces/share/action_tutorials_interfaces/local_setup.zsh
[5.138s] -- Installing: /home/jishnu/project/ros2-project/projects/workspace/src/install/action_tutorials_interfaces/share/action_tutorials_interfaces/local_setup.dsv
[5.139s] -- Installing: /home/jishnu/project/ros2-project/projects/workspace/src/install/action_tutorials_interfaces/share/action_tutorials_interfaces/package.dsv
[5.139s] -- Up-to-date: /home/jishnu/project/ros2-project/projects/workspace/src/install/action_tutorials_interfaces/share/ament_index/resource_index/packages/action_tutorials_interfaces
[5.139s] -- Installing: /home/jishnu/project/ros2-project/projects/workspace/src/install/action_tutorials_interfaces/share/action_tutorials_interfaces/cmake/export_action_tutorials_interfaces__rosidl_generator_cExport.cmake
[5.139s] -- Installing: /home/jishnu/project/ros2-project/projects/workspace/src/install/action_tutorials_interfaces/share/action_tutorials_interfaces/cmake/export_action_tutorials_interfaces__rosidl_generator_cExport-noconfig.cmake
[5.139s] -- Installing: /home/jishnu/project/ros2-project/projects/workspace/src/install/action_tutorials_interfaces/share/action_tutorials_interfaces/cmake/export_action_tutorials_interfaces__rosidl_typesupport_fastrtps_cExport.cmake
[5.139s] -- Installing: /home/jishnu/project/ros2-project/projects/workspace/src/install/action_tutorials_interfaces/share/action_tutorials_interfaces/cmake/export_action_tutorials_interfaces__rosidl_typesupport_fastrtps_cExport-noconfig.cmake
[5.139s] -- Installing: /home/jishnu/project/ros2-project/projects/workspace/src/install/action_tutorials_interfaces/share/action_tutorials_interfaces/cmake/action_tutorials_interfaces__rosidl_typesupport_introspection_cExport.cmake
[5.139s] -- Installing: /home/jishnu/project/ros2-project/projects/workspace/src/install/action_tutorials_interfaces/share/action_tutorials_interfaces/cmake/action_tutorials_interfaces__rosidl_typesupport_introspection_cExport-noconfig.cmake
[5.139s] -- Installing: /home/jishnu/project/ros2-project/projects/workspace/src/install/action_tutorials_interfaces/share/action_tutorials_interfaces/cmake/action_tutorials_interfaces__rosidl_typesupport_cExport.cmake
[5.140s] -- Installing: /home/jishnu/project/ros2-project/projects/workspace/src/install/action_tutorials_interfaces/share/action_tutorials_interfaces/cmake/action_tutorials_interfaces__rosidl_typesupport_cExport-noconfig.cmake
[5.140s] -- Installing: /home/jishnu/project/ros2-project/projects/workspace/src/install/action_tutorials_interfaces/share/action_tutorials_interfaces/cmake/export_action_tutorials_interfaces__rosidl_generator_cppExport.cmake
[5.140s] -- Installing: /home/jishnu/project/ros2-project/projects/workspace/src/install/action_tutorials_interfaces/share/action_tutorials_interfaces/cmake/export_action_tutorials_interfaces__rosidl_typesupport_fastrtps_cppExport.cmake
[5.140s] -- Installing: /home/jishnu/project/ros2-project/projects/workspace/src/install/action_tutorials_interfaces/share/action_tutorials_interfaces/cmake/export_action_tutorials_interfaces__rosidl_typesupport_fastrtps_cppExport-noconfig.cmake
[5.140s] -- Installing: /home/jishnu/project/ros2-project/projects/workspace/src/install/action_tutorials_interfaces/share/action_tutorials_interfaces/cmake/action_tutorials_interfaces__rosidl_typesupport_introspection_cppExport.cmake
[5.140s] -- Installing: /home/jishnu/project/ros2-project/projects/workspace/src/install/action_tutorials_interfaces/share/action_tutorials_interfaces/cmake/action_tutorials_interfaces__rosidl_typesupport_introspection_cppExport-noconfig.cmake
[5.140s] -- Installing: /home/jishnu/project/ros2-project/projects/workspace/src/install/action_tutorials_interfaces/share/action_tutorials_interfaces/cmake/action_tutorials_interfaces__rosidl_typesupport_cppExport.cmake
[5.140s] -- Installing: /home/jishnu/project/ros2-project/projects/workspace/src/install/action_tutorials_interfaces/share/action_tutorials_interfaces/cmake/action_tutorials_interfaces__rosidl_typesupport_cppExport-noconfig.cmake
[5.141s] -- Installing: /home/jishnu/project/ros2-project/projects/workspace/src/install/action_tutorials_interfaces/share/action_tutorials_interfaces/cmake/export_action_tutorials_interfaces__rosidl_generator_pyExport.cmake
[5.141s] -- Installing: /home/jishnu/project/ros2-project/projects/workspace/src/install/action_tutorials_interfaces/share/action_tutorials_interfaces/cmake/export_action_tutorials_interfaces__rosidl_generator_pyExport-noconfig.cmake
[5.141s] -- Installing: /home/jishnu/project/ros2-project/projects/workspace/src/install/action_tutorials_interfaces/share/action_tutorials_interfaces/cmake/rosidl_cmake-extras.cmake
[5.141s] -- Installing: /home/jishnu/project/ros2-project/projects/workspace/src/install/action_tutorials_interfaces/share/action_tutorials_interfaces/cmake/ament_cmake_export_dependencies-extras.cmake
[5.141s] -- Installing: /home/jishnu/project/ros2-project/projects/workspace/src/install/action_tutorials_interfaces/share/action_tutorials_interfaces/cmake/ament_cmake_export_include_directories-extras.cmake
[5.141s] -- Installing: /home/jishnu/project/ros2-project/projects/workspace/src/install/action_tutorials_interfaces/share/action_tutorials_interfaces/cmake/ament_cmake_export_libraries-extras.cmake
[5.141s] -- Installing: /home/jishnu/project/ros2-project/projects/workspace/src/install/action_tutorials_interfaces/share/action_tutorials_interfaces/cmake/ament_cmake_export_targets-extras.cmake
[5.141s] -- Installing: /home/jishnu/project/ros2-project/projects/workspace/src/install/action_tutorials_interfaces/share/action_tutorials_interfaces/cmake/rosidl_cmake_export_typesupport_targets-extras.cmake
[5.142s] -- Installing: /home/jishnu/project/ros2-project/projects/workspace/src/install/action_tutorials_interfaces/share/action_tutorials_interfaces/cmake/rosidl_cmake_export_typesupport_libraries-extras.cmake
[5.142s] -- Installing: /home/jishnu/project/ros2-project/projects/workspace/src/install/action_tutorials_interfaces/share/action_tutorials_interfaces/cmake/action_tutorials_interfacesConfig.cmake
[5.142s] -- Up-to-date: /home/jishnu/project/ros2-project/projects/workspace/src/install/action_tutorials_interfaces/share/action_tutorials_interfaces/cmake/action_tutorials_interfacesConfig-version.cmake
[5.142s] -- Installing: /home/jishnu/project/ros2-project/projects/workspace/src/install/action_tutorials_interfaces/share/action_tutorials_interfaces/package.xml
[5.145s] Invoked command in '/home/jishnu/project/ros2-project/projects/workspace/src/build/action_tutorials_interfaces' returned '0': CMAKE_PREFIX_PATH=${CMAKE_PREFIX_PATH}:/home/jishnu/project/ros2-project/projects/workspace/src/install/py_pubsub:/home/jishnu/project/moveit-projects/ws_moveit2/install/ros2controlcli:/home/jishnu/project/moveit-projects/ws_moveit2/install/moveit_configs_utils:/home/jishnu/ws_moveit2/install/ros2controlcli:/home/jishnu/ws_moveit2/install/moveit_configs_utils:/opt/ros/humble /usr/bin/cmake --install /home/jishnu/project/ros2-project/projects/workspace/src/build/action_tutorials_interfaces
