[0.024s] Invoking command in '/home/jishnu/project/ros2-project/projects/workspace/build/more_interfaces': CMAKE_PREFIX_PATH=/opt/ros/humble /usr/bin/cmake --build /home/jishnu/project/ros2-project/projects/workspace/build/more_interfaces -- -j8 -l8
[0.053s] -- Found ament_cmake: 1.3.2 (/opt/ros/humble/share/ament_cmake/cmake)
[0.230s] -- Found rosidl_default_generators: 1.2.0 (/opt/ros/humble/share/rosidl_default_generators/cmake)
[0.232s] -- Using all available rosidl_typesupport_c: rosidl_typesupport_fastrtps_c;rosidl_typesupport_introspection_c
[0.235s] -- Found rosidl_adapter: 3.1.3 (/opt/ros/humble/share/rosidl_adapter/cmake)
[0.275s] -- Using all available rosidl_typesupport_cpp: rosidl_typesupport_fastrtps_cpp;rosidl_typesupport_introspection_cpp
[0.317s] -- Found rclcpp: 16.0.1 (/opt/ros/humble/share/rclcpp/cmake)
[0.425s] -- Found rmw_implementation_cmake: 6.1.0 (/opt/ros/humble/share/rmw_implementation_cmake/cmake)
[0.427s] -- Found rmw_fastrtps_cpp: 6.2.1 (/opt/ros/humble/share/rmw_fastrtps_cpp/cmake)
[0.581s] -- Using RMW implementation 'rmw_fastrtps_cpp' as default
[0.807s] -- Found ament_lint_auto: 0.12.4 (/opt/ros/humble/share/ament_lint_auto/cmake)
[1.148s] -- Found ament_cmake_ros: 0.10.0 (/opt/ros/humble/share/ament_cmake_ros/cmake)
[1.396s] -- Using all available rosidl_typesupport_c: rosidl_typesupport_fastrtps_c;rosidl_typesupport_introspection_c
[1.695s] -- Using all available rosidl_typesupport_cpp: rosidl_typesupport_fastrtps_cpp;rosidl_typesupport_introspection_cpp
[1.734s] -- Found PythonInterp: /usr/bin/python3 (found suitable version "3.10.6", minimum required is "3.6") 
[1.734s] -- Found python_cmake_module: 0.10.0 (/opt/ros/humble/share/python_cmake_module/cmake)
[1.762s] -- Found PythonLibs: /usr/lib/x86_64-linux-gnu/libpython3.10.so (found suitable version "3.10.6", minimum required is "3.5") 
[1.762s] -- Using PYTHON_EXECUTABLE: /usr/bin/python3
[1.762s] -- Using PYTHON_INCLUDE_DIRS: /usr/include/python3.10
[1.762s] -- Using PYTHON_LIBRARIES: /usr/lib/x86_64-linux-gnu/libpython3.10.so
[1.920s] -- Added test 'cppcheck' to perform static code analysis on C / C++ code
[1.924s] -- Configured cppcheck include dirs: 
[1.925s] -- Configured cppcheck exclude dirs and/or files: 
[1.929s] -- Added test 'lint_cmake' to check CMake code style
[1.933s] -- Added test 'uncrustify' to check C / C++ code style
[1.933s] -- Configured uncrustify additional arguments: 
[1.934s] -- Added test 'xmllint' to check XML markup files
[1.976s] -- Configuring done
[2.313s] -- Generating done
[2.334s] -- Build files have been written to: /home/jishnu/project/ros2-project/projects/workspace/build/more_interfaces
[2.380s] [  3%] [34m[1mGenerating C code for ROS interfaces[0m
[2.395s] [  6%] [34m[1mGenerating C++ code for ROS interfaces[0m
[2.448s] [  6%] Built target ament_cmake_python_copy_more_interfaces
[2.802s] [  6%] Built target more_interfaces__cpp
[2.812s] [ 12%] [34m[1mGenerating C++ type support dispatch for ROS interfaces[0m
[2.812s] [ 12%] [34m[1mGenerating C++ type support for eProsima Fast-RTPS[0m
[2.832s] [ 15%] [34m[1mGenerating C++ introspection for ROS interfaces[0m
[2.844s] running egg_info
[2.845s] writing more_interfaces.egg-info/PKG-INFO
[2.845s] writing dependency_links to more_interfaces.egg-info/dependency_links.txt
[2.846s] writing top-level names to more_interfaces.egg-info/top_level.txt
[2.851s] reading manifest file 'more_interfaces.egg-info/SOURCES.txt'
[2.860s] [ 18%] [32mBuilding C object CMakeFiles/more_interfaces__rosidl_generator_c.dir/rosidl_generator_c/more_interfaces/msg/detail/motor_driver__functions.c.o[0m
[2.874s] writing manifest file 'more_interfaces.egg-info/SOURCES.txt'
[2.929s] [ 18%] Built target ament_cmake_python_build_more_interfaces_egg
[2.944s] [ 21%] [32m[1mLinking C shared library libmore_interfaces__rosidl_generator_c.so[0m
[2.986s] [ 21%] Built target more_interfaces__rosidl_generator_c
[2.996s] [ 27%] [34m[1mGenerating C type support for eProsima Fast-RTPS[0m
[2.996s] [ 27%] [34m[1mGenerating C introspection for ROS interfaces[0m
[2.999s] [ 30%] [34m[1mGenerating C type support dispatch for ROS interfaces[0m
[3.177s] [ 33%] [32mBuilding CXX object CMakeFiles/more_interfaces__rosidl_typesupport_cpp.dir/rosidl_typesupport_cpp/more_interfaces/msg/motor_driver__type_support.cpp.o[0m
[3.364s] [ 36%] [32mBuilding CXX object CMakeFiles/more_interfaces__rosidl_typesupport_introspection_cpp.dir/rosidl_typesupport_introspection_cpp/more_interfaces/msg/detail/motor_driver__type_support.cpp.o[0m
[3.366s] [ 39%] [32mBuilding CXX object CMakeFiles/more_interfaces__rosidl_typesupport_fastrtps_cpp.dir/rosidl_typesupport_fastrtps_cpp/more_interfaces/msg/detail/dds_fastrtps/motor_driver__type_support.cpp.o[0m
[3.460s] [ 42%] [32mBuilding C object CMakeFiles/more_interfaces__rosidl_typesupport_introspection_c.dir/rosidl_typesupport_introspection_c/more_interfaces/msg/detail/motor_driver__type_support.c.o[0m
[3.515s] [ 45%] [32m[1mLinking C shared library libmore_interfaces__rosidl_typesupport_introspection_c.so[0m
[3.523s] [ 48%] [32mBuilding CXX object CMakeFiles/more_interfaces__rosidl_typesupport_c.dir/rosidl_typesupport_c/more_interfaces/msg/motor_driver__type_support.cpp.o[0m
[3.537s] [ 51%] [32mBuilding CXX object CMakeFiles/more_interfaces__rosidl_typesupport_fastrtps_c.dir/rosidl_typesupport_fastrtps_c/more_interfaces/msg/detail/motor_driver__type_support_c.cpp.o[0m
[3.568s] [ 51%] Built target more_interfaces__rosidl_typesupport_introspection_c
[3.574s] [ 54%] [32m[1mLinking CXX shared library libmore_interfaces__rosidl_typesupport_c.so[0m
[3.630s] [ 54%] Built target more_interfaces__rosidl_typesupport_c
[3.633s] [ 57%] [32m[1mLinking CXX shared library libmore_interfaces__rosidl_typesupport_cpp.so[0m
[3.679s] [ 57%] Built target more_interfaces__rosidl_typesupport_cpp
[3.690s] [35m[1mConsolidate compiler generated dependencies of target publish_address_book[0m
[3.723s] [ 60%] [32mBuilding CXX object CMakeFiles/publish_address_book.dir/src/publish_address_book.cpp.o[0m
[3.989s] [ 63%] [32m[1mLinking CXX shared library libmore_interfaces__rosidl_typesupport_fastrtps_cpp.so[0m
[4.079s] [ 66%] [32m[1mLinking CXX shared library libmore_interfaces__rosidl_typesupport_introspection_cpp.so[0m
[4.085s] [ 66%] Built target more_interfaces__rosidl_typesupport_fastrtps_cpp
[4.137s] [ 69%] [32m[1mLinking CXX shared library libmore_interfaces__rosidl_typesupport_fastrtps_c.so[0m
[4.157s] [ 69%] Built target more_interfaces__rosidl_typesupport_introspection_cpp
[4.220s] [ 69%] Built target more_interfaces__rosidl_typesupport_fastrtps_c
[4.241s] [ 69%] Built target more_interfaces
[4.260s] [ 72%] [34m[1mGenerating Python code for ROS interfaces[0m
[4.889s] [ 72%] Built target more_interfaces__py
[4.907s] [ 75%] [32mBuilding C object CMakeFiles/more_interfaces__rosidl_generator_py.dir/rosidl_generator_py/more_interfaces/msg/_motor_driver_s.c.o[0m
[5.038s] [ 78%] [32m[1mLinking C shared library rosidl_generator_py/more_interfaces/libmore_interfaces__rosidl_generator_py.so[0m
[5.079s] [ 78%] Built target more_interfaces__rosidl_generator_py
[5.089s] [35m[1mConsolidate compiler generated dependencies of target more_interfaces__rosidl_typesupport_c__pyext[0m
[5.101s] [ 81%] [32mBuilding C object CMakeFiles/more_interfaces__rosidl_typesupport_c__pyext.dir/rosidl_generator_py/more_interfaces/_more_interfaces_s.ep.rosidl_typesupport_c.c.o[0m
[5.118s] [35m[1mConsolidate compiler generated dependencies of target more_interfaces__rosidl_typesupport_introspection_c__pyext[0m
[5.123s] [35m[1mConsolidate compiler generated dependencies of target more_interfaces__rosidl_typesupport_fastrtps_c__pyext[0m
[5.136s] [ 84%] [32mBuilding C object CMakeFiles/more_interfaces__rosidl_typesupport_introspection_c__pyext.dir/rosidl_generator_py/more_interfaces/_more_interfaces_s.ep.rosidl_typesupport_introspection_c.c.o[0m
[5.139s] [ 87%] [32mBuilding C object CMakeFiles/more_interfaces__rosidl_typesupport_fastrtps_c__pyext.dir/rosidl_generator_py/more_interfaces/_more_interfaces_s.ep.rosidl_typesupport_fastrtps_c.c.o[0m
[5.227s] [ 90%] [32m[1mLinking C shared library rosidl_generator_py/more_interfaces/more_interfaces_s__rosidl_typesupport_c.cpython-310-x86_64-linux-gnu.so[0m
[5.251s] [ 93%] [32m[1mLinking C shared library rosidl_generator_py/more_interfaces/more_interfaces_s__rosidl_typesupport_introspection_c.cpython-310-x86_64-linux-gnu.so[0m
[5.259s] [ 96%] [32m[1mLinking C shared library rosidl_generator_py/more_interfaces/more_interfaces_s__rosidl_typesupport_fastrtps_c.cpython-310-x86_64-linux-gnu.so[0m
[5.268s] [ 96%] Built target more_interfaces__rosidl_typesupport_c__pyext
[5.285s] [ 96%] Built target more_interfaces__rosidl_typesupport_introspection_c__pyext
[5.293s] [ 96%] Built target more_interfaces__rosidl_typesupport_fastrtps_c__pyext
[9.364s] [100%] [32m[1mLinking CXX executable publish_address_book[0m
[9.589s] /usr/bin/ld: CMakeFiles/publish_address_book.dir/src/publish_address_book.cpp.o: in function `std::enable_if<rosidl_generator_traits::is_message<more_interfaces::msg::AddressBook_<std::allocator<void> > >::value, rosidl_message_type_support_t const&>::type rclcpp::get_message_type_support_handle<more_interfaces::msg::AddressBook_<std::allocator<void> > >()':
[9.590s] publish_address_book.cpp:(.text._ZN6rclcpp31get_message_type_support_handleIN15more_interfaces3msg12AddressBook_ISaIvEEEEENSt9enable_ifIXsrN23rosidl_generator_traits10is_messageIT_EE5valueERK29rosidl_message_type_support_tE4typeEv[_ZN6rclcpp31get_message_type_support_handleIN15more_interfaces3msg12AddressBook_ISaIvEEEEENSt9enable_ifIXsrN23rosidl_generator_traits10is_messageIT_EE5valueERK29rosidl_message_type_support_tE4typeEv]+0x10): undefined reference to `rosidl_message_type_support_t const* rosidl_typesupport_cpp::get_message_type_support_handle<more_interfaces::msg::AddressBook_<std::allocator<void> > >()'
[9.606s] collect2: error: ld returned 1 exit status
[9.607s] gmake[2]: *** [CMakeFiles/publish_address_book.dir/build.make:152: publish_address_book] Error 1
[9.607s] gmake[1]: *** [CMakeFiles/Makefile2:593: CMakeFiles/publish_address_book.dir/all] Error 2
[9.607s] gmake: *** [Makefile:146: all] Error 2
[9.609s] Invoked command in '/home/jishnu/project/ros2-project/projects/workspace/build/more_interfaces' returned '2': CMAKE_PREFIX_PATH=/opt/ros/humble /usr/bin/cmake --build /home/jishnu/project/ros2-project/projects/workspace/build/more_interfaces -- -j8 -l8
