[0.062s] Invoking command in '/home/jishnu/project/ros2-project/projects/workspace/src/build/action_tutorials_cpp': CMAKE_PREFIX_PATH=${CMAKE_PREFIX_PATH}:/home/jishnu/project/ros2-project/projects/workspace/src/install/py_pubsub:/home/jishnu/project/moveit-projects/ws_moveit2/install/ros2controlcli:/home/jishnu/project/moveit-projects/ws_moveit2/install/moveit_configs_utils:/home/jishnu/ws_moveit2/install/ros2controlcli:/home/jishnu/ws_moveit2/install/moveit_configs_utils:/opt/ros/humble /usr/bin/cmake /home/jishnu/project/ros2-project/projects/workspace/src/action_tutorials_cpp -DCMAKE_INSTALL_PREFIX=/home/jishnu/project/ros2-project/projects/workspace/src/install/action_tutorials_cpp
[0.082s] -- Found ament_cmake: 1.3.3 (/opt/ros/humble/share/ament_cmake/cmake)
[0.300s] [31mCMake Error at CMakeLists.txt:10 (find_package):
[0.300s]   By not providing "Findaction_tutorials_interfaces/.cmake" in
[0.300s]   CMAKE_MODULE_PATH this project has asked CMake to find a package
[0.300s]   configuration file provided by "action_tutorials_interfaces/", but CMake
[0.300s]   did not find one.
[0.300s] 
[0.300s]   Could not find a package configuration file provided by
[0.300s]   "action_tutorials_interfaces/" with any of the following names:
[0.301s] 
[0.301s]     action_tutorials_interfaces/Config.cmake
[0.301s]     action_tutorials_interfaces/-config.cmake
[0.301s] 
[0.301s]   Add the installation prefix of "action_tutorials_interfaces/" to
[0.301s]   CMAKE_PREFIX_PATH or set "action_tutorials_interfaces/_DIR" to a directory
[0.301s]   containing one of the above files.  If "action_tutorials_interfaces/"
[0.301s]   provides a separate development package or SDK, be sure it has been
[0.301s]   installed.
[0.301s] 
[0.301s] [0m
[0.301s] -- Configuring incomplete, errors occurred!
[0.302s] See also "/home/jishnu/project/ros2-project/projects/workspace/src/build/action_tutorials_cpp/CMakeFiles/CMakeOutput.log".
[0.309s] Invoked command in '/home/jishnu/project/ros2-project/projects/workspace/src/build/action_tutorials_cpp' returned '1': CMAKE_PREFIX_PATH=${CMAKE_PREFIX_PATH}:/home/jishnu/project/ros2-project/projects/workspace/src/install/py_pubsub:/home/jishnu/project/moveit-projects/ws_moveit2/install/ros2controlcli:/home/jishnu/project/moveit-projects/ws_moveit2/install/moveit_configs_utils:/home/jishnu/ws_moveit2/install/ros2controlcli:/home/jishnu/ws_moveit2/install/moveit_configs_utils:/opt/ros/humble /usr/bin/cmake /home/jishnu/project/ros2-project/projects/workspace/src/action_tutorials_cpp -DCMAKE_INSTALL_PREFIX=/home/jishnu/project/ros2-project/projects/workspace/src/install/action_tutorials_cpp
