[0.136s] Invoking command in '/home/jishnu/project/ros2-project/projects/workspace/src/build/cpp_pubsub': CMAKE_PREFIX_PATH=${CMAKE_PREFIX_PATH}:/home/jishnu/project/ros2-project/projects/workspace/src/install/py_pubsub:/home/jishnu/project/moveit-projects/ws_moveit2/install/ros2controlcli:/home/jishnu/project/moveit-projects/ws_moveit2/install/moveit_configs_utils:/home/jishnu/ws_moveit2/install/ros2controlcli:/home/jishnu/ws_moveit2/install/moveit_configs_utils:/opt/ros/humble /usr/bin/cmake /home/jishnu/project/ros2-project/projects/workspace/src/cpp_pubsub -DCMAKE_INSTALL_PREFIX=/home/jishnu/project/ros2-project/projects/workspace/src/install/cpp_pubsub
[0.376s] -- The C compiler identification is GNU 11.3.0
[0.564s] -- The CXX compiler identification is GNU 11.3.0
[0.576s] -- Detecting C compiler ABI info
[0.763s] -- Detecting C compiler ABI info - done
[0.775s] -- Check for working C compiler: /usr/bin/cc - skipped
[0.775s] -- Detecting C compile features
[0.775s] -- Detecting C compile features - done
[0.779s] -- Detecting CXX compiler ABI info
[1.062s] -- Detecting CXX compiler ABI info - done
[1.076s] -- Check for working CXX compiler: /usr/bin/c++ - skipped
[1.076s] -- Detecting CXX compile features
[1.077s] -- Detecting CXX compile features - done
[1.093s] -- Found ament_cmake: 1.3.3 (/opt/ros/humble/share/ament_cmake/cmake)
[1.660s] -- Found Python3: /usr/bin/python3.10 (found version "3.10.6") found components: Interpreter 
[2.086s] -- Found rclcpp: 16.0.2 (/opt/ros/humble/share/rclcpp/cmake)
[2.373s] -- Found rosidl_generator_c: 3.1.4 (/opt/ros/humble/share/rosidl_generator_c/cmake)
[2.410s] -- Found rosidl_adapter: 3.1.4 (/opt/ros/humble/share/rosidl_adapter/cmake)
[2.453s] -- Found rosidl_generator_cpp: 3.1.4 (/opt/ros/humble/share/rosidl_generator_cpp/cmake)
[2.518s] -- Using all available rosidl_typesupport_c: rosidl_typesupport_fastrtps_c;rosidl_typesupport_introspection_c
[2.616s] -- Using all available rosidl_typesupport_cpp: rosidl_typesupport_fastrtps_cpp;rosidl_typesupport_introspection_cpp
[2.863s] -- Found rmw_implementation_cmake: 6.1.1 (/opt/ros/humble/share/rmw_implementation_cmake/cmake)
[2.896s] -- Found rmw_fastrtps_cpp: 6.2.2 (/opt/ros/humble/share/rmw_fastrtps_cpp/cmake)
[3.366s] -- Found OpenSSL: /usr/lib/x86_64-linux-gnu/libcrypto.so (found version "3.0.2")  
[3.435s] -- Found FastRTPS: /opt/ros/humble/include  
[3.547s] -- Using RMW implementation 'rmw_fastrtps_cpp' as default
[3.610s] -- Looking for pthread.h
[3.799s] -- Looking for pthread.h - found
[3.800s] -- Performing Test CMAKE_HAVE_LIBC_PTHREAD
[3.980s] -- Performing Test CMAKE_HAVE_LIBC_PTHREAD - Success
[3.982s] -- Found Threads: TRUE  
[4.501s] -- Configuring done
[4.587s] -- Generating done
[4.589s] -- Build files have been written to: /home/jishnu/project/ros2-project/projects/workspace/src/build/cpp_pubsub
[4.606s] Invoked command in '/home/jishnu/project/ros2-project/projects/workspace/src/build/cpp_pubsub' returned '0': CMAKE_PREFIX_PATH=${CMAKE_PREFIX_PATH}:/home/jishnu/project/ros2-project/projects/workspace/src/install/py_pubsub:/home/jishnu/project/moveit-projects/ws_moveit2/install/ros2controlcli:/home/jishnu/project/moveit-projects/ws_moveit2/install/moveit_configs_utils:/home/jishnu/ws_moveit2/install/ros2controlcli:/home/jishnu/ws_moveit2/install/moveit_configs_utils:/opt/ros/humble /usr/bin/cmake /home/jishnu/project/ros2-project/projects/workspace/src/cpp_pubsub -DCMAKE_INSTALL_PREFIX=/home/jishnu/project/ros2-project/projects/workspace/src/install/cpp_pubsub
[4.623s] Invoking command in '/home/jishnu/project/ros2-project/projects/workspace/src/build/cpp_pubsub': CMAKE_PREFIX_PATH=${CMAKE_PREFIX_PATH}:/home/jishnu/project/ros2-project/projects/workspace/src/install/py_pubsub:/home/jishnu/project/moveit-projects/ws_moveit2/install/ros2controlcli:/home/jishnu/project/moveit-projects/ws_moveit2/install/moveit_configs_utils:/home/jishnu/ws_moveit2/install/ros2controlcli:/home/jishnu/ws_moveit2/install/moveit_configs_utils:/opt/ros/humble /usr/bin/cmake --build /home/jishnu/project/ros2-project/projects/workspace/src/build/cpp_pubsub -- -j8 -l8
[4.747s] [ 25%] [32mBuilding CXX object CMakeFiles/listener.dir/src/subscriber_member_function.cpp.o[0m
[4.754s] [ 50%] [32mBuilding CXX object CMakeFiles/talker.dir/src/publisher_member_function.cpp.o[0m
[15.712s] [ 75%] [32m[1mLinking CXX executable talker[0m
[16.058s] [ 75%] Built target talker
[20.707s] [100%] [32m[1mLinking CXX executable listener[0m
[21.025s] [100%] Built target listener
[21.040s] Invoked command in '/home/jishnu/project/ros2-project/projects/workspace/src/build/cpp_pubsub' returned '0': CMAKE_PREFIX_PATH=${CMAKE_PREFIX_PATH}:/home/jishnu/project/ros2-project/projects/workspace/src/install/py_pubsub:/home/jishnu/project/moveit-projects/ws_moveit2/install/ros2controlcli:/home/jishnu/project/moveit-projects/ws_moveit2/install/moveit_configs_utils:/home/jishnu/ws_moveit2/install/ros2controlcli:/home/jishnu/ws_moveit2/install/moveit_configs_utils:/opt/ros/humble /usr/bin/cmake --build /home/jishnu/project/ros2-project/projects/workspace/src/build/cpp_pubsub -- -j8 -l8
[21.089s] Invoking command in '/home/jishnu/project/ros2-project/projects/workspace/src/build/cpp_pubsub': CMAKE_PREFIX_PATH=${CMAKE_PREFIX_PATH}:/home/jishnu/project/ros2-project/projects/workspace/src/install/py_pubsub:/home/jishnu/project/moveit-projects/ws_moveit2/install/ros2controlcli:/home/jishnu/project/moveit-projects/ws_moveit2/install/moveit_configs_utils:/home/jishnu/ws_moveit2/install/ros2controlcli:/home/jishnu/ws_moveit2/install/moveit_configs_utils:/opt/ros/humble /usr/bin/cmake --install /home/jishnu/project/ros2-project/projects/workspace/src/build/cpp_pubsub
[21.098s] -- Install configuration: ""
[21.098s] -- Installing: /home/jishnu/project/ros2-project/projects/workspace/src/install/cpp_pubsub/lib/cpp_pubsub/talker
[21.099s] -- Set runtime path of "/home/jishnu/project/ros2-project/projects/workspace/src/install/cpp_pubsub/lib/cpp_pubsub/talker" to ""
[21.099s] -- Installing: /home/jishnu/project/ros2-project/projects/workspace/src/install/cpp_pubsub/lib/cpp_pubsub/listener
[21.100s] -- Set runtime path of "/home/jishnu/project/ros2-project/projects/workspace/src/install/cpp_pubsub/lib/cpp_pubsub/listener" to ""
[21.101s] -- Installing: /home/jishnu/project/ros2-project/projects/workspace/src/install/cpp_pubsub/share/ament_index/resource_index/package_run_dependencies/cpp_pubsub
[21.101s] -- Installing: /home/jishnu/project/ros2-project/projects/workspace/src/install/cpp_pubsub/share/ament_index/resource_index/parent_prefix_path/cpp_pubsub
[21.101s] -- Installing: /home/jishnu/project/ros2-project/projects/workspace/src/install/cpp_pubsub/share/cpp_pubsub/environment/ament_prefix_path.sh
[21.101s] -- Installing: /home/jishnu/project/ros2-project/projects/workspace/src/install/cpp_pubsub/share/cpp_pubsub/environment/ament_prefix_path.dsv
[21.101s] -- Installing: /home/jishnu/project/ros2-project/projects/workspace/src/install/cpp_pubsub/share/cpp_pubsub/environment/path.sh
[21.101s] -- Installing: /home/jishnu/project/ros2-project/projects/workspace/src/install/cpp_pubsub/share/cpp_pubsub/environment/path.dsv
[21.101s] -- Installing: /home/jishnu/project/ros2-project/projects/workspace/src/install/cpp_pubsub/share/cpp_pubsub/local_setup.bash
[21.101s] -- Installing: /home/jishnu/project/ros2-project/projects/workspace/src/install/cpp_pubsub/share/cpp_pubsub/local_setup.sh
[21.101s] -- Installing: /home/jishnu/project/ros2-project/projects/workspace/src/install/cpp_pubsub/share/cpp_pubsub/local_setup.zsh
[21.102s] -- Installing: /home/jishnu/project/ros2-project/projects/workspace/src/install/cpp_pubsub/share/cpp_pubsub/local_setup.dsv
[21.102s] -- Installing: /home/jishnu/project/ros2-project/projects/workspace/src/install/cpp_pubsub/share/cpp_pubsub/package.dsv
[21.102s] -- Installing: /home/jishnu/project/ros2-project/projects/workspace/src/install/cpp_pubsub/share/ament_index/resource_index/packages/cpp_pubsub
[21.102s] -- Installing: /home/jishnu/project/ros2-project/projects/workspace/src/install/cpp_pubsub/share/cpp_pubsub/cmake/cpp_pubsubConfig.cmake
[21.102s] -- Installing: /home/jishnu/project/ros2-project/projects/workspace/src/install/cpp_pubsub/share/cpp_pubsub/cmake/cpp_pubsubConfig-version.cmake
[21.103s] -- Installing: /home/jishnu/project/ros2-project/projects/workspace/src/install/cpp_pubsub/share/cpp_pubsub/package.xml
[21.107s] Invoked command in '/home/jishnu/project/ros2-project/projects/workspace/src/build/cpp_pubsub' returned '0': CMAKE_PREFIX_PATH=${CMAKE_PREFIX_PATH}:/home/jishnu/project/ros2-project/projects/workspace/src/install/py_pubsub:/home/jishnu/project/moveit-projects/ws_moveit2/install/ros2controlcli:/home/jishnu/project/moveit-projects/ws_moveit2/install/moveit_configs_utils:/home/jishnu/ws_moveit2/install/ros2controlcli:/home/jishnu/ws_moveit2/install/moveit_configs_utils:/opt/ros/humble /usr/bin/cmake --install /home/jishnu/project/ros2-project/projects/workspace/src/build/cpp_pubsub
