[1.801s] Invoking command in '/home/jishnu/project/ros2-project/projects/ros2_ws/build/examples_rclpy_guard_conditions': PYTHONPATH=/home/jishnu/project/ros2-project/projects/ros2_ws/install/examples_rclpy_guard_conditions/lib/python3.10/site-packages:${PYTHONPATH} /usr/bin/python3 setup.py develop --prefix /home/jishnu/project/ros2-project/projects/ros2_ws/install/examples_rclpy_guard_conditions --editable --build-directory /home/jishnu/project/ros2-project/projects/ros2_ws/build/examples_rclpy_guard_conditions/build --no-deps install_data --install-dir /home/jishnu/project/ros2-project/projects/ros2_ws/install/examples_rclpy_guard_conditions
[4.745s] /usr/lib/python3/dist-packages/setuptools/command/easy_install.py:158: EasyInstallDeprecationWarning: easy_install command is deprecated. Use build and pip and other standards-based tools.
[4.746s]   warnings.warn(
[4.746s] /usr/lib/python3/dist-packages/setuptools/command/install.py:34: SetuptoolsDeprecationWarning: setup.py install is deprecated. Use build and pip and other standards-based tools.
[4.746s]   warnings.warn(
[4.746s] /usr/lib/python3/dist-packages/pkg_resources/__init__.py:116: PkgResourcesDeprecationWarning: 0.1.43ubuntu1 is an invalid version and will not be supported in a future release
[4.746s]   warnings.warn(
[4.746s] /usr/lib/python3/dist-packages/pkg_resources/__init__.py:116: PkgResourcesDeprecationWarning: 1.1build1 is an invalid version and will not be supported in a future release
[4.746s]   warnings.warn(
[4.746s] running develop
[4.746s] running egg_info
[4.747s] creating examples_rclpy_guard_conditions.egg-info
[4.747s] writing examples_rclpy_guard_conditions.egg-info/PKG-INFO
[4.747s] writing dependency_links to examples_rclpy_guard_conditions.egg-info/dependency_links.txt
[4.747s] writing entry points to examples_rclpy_guard_conditions.egg-info/entry_points.txt
[4.747s] writing requirements to examples_rclpy_guard_conditions.egg-info/requires.txt
[4.747s] writing top-level names to examples_rclpy_guard_conditions.egg-info/top_level.txt
[4.747s] writing manifest file 'examples_rclpy_guard_conditions.egg-info/SOURCES.txt'
[4.747s] reading manifest file 'examples_rclpy_guard_conditions.egg-info/SOURCES.txt'
[4.747s] writing manifest file 'examples_rclpy_guard_conditions.egg-info/SOURCES.txt'
[4.747s] running build_ext
[4.748s] Creating /home/jishnu/project/ros2-project/projects/ros2_ws/install/examples_rclpy_guard_conditions/lib/python3.10/site-packages/examples-rclpy-guard-conditions.egg-link (link to .)
[4.748s] Installing trigger_guard_condition script to /home/jishnu/project/ros2-project/projects/ros2_ws/install/examples_rclpy_guard_conditions/lib/examples_rclpy_guard_conditions
[4.748s] 
[4.748s] Installed /home/jishnu/project/ros2-project/projects/ros2_ws/build/examples_rclpy_guard_conditions
[4.748s] running install_data
[4.748s] creating /home/jishnu/project/ros2-project/projects/ros2_ws/install/examples_rclpy_guard_conditions/share/ament_index
[4.748s] creating /home/jishnu/project/ros2-project/projects/ros2_ws/install/examples_rclpy_guard_conditions/share/ament_index/resource_index
[4.748s] creating /home/jishnu/project/ros2-project/projects/ros2_ws/install/examples_rclpy_guard_conditions/share/ament_index/resource_index/packages
[4.748s] copying resource/examples_rclpy_guard_conditions -> /home/jishnu/project/ros2-project/projects/ros2_ws/install/examples_rclpy_guard_conditions/share/ament_index/resource_index/packages
[4.748s] copying package.xml -> /home/jishnu/project/ros2-project/projects/ros2_ws/install/examples_rclpy_guard_conditions/share/examples_rclpy_guard_conditions
[4.756s] Invoked command in '/home/jishnu/project/ros2-project/projects/ros2_ws/build/examples_rclpy_guard_conditions' returned '0': PYTHONPATH=/home/jishnu/project/ros2-project/projects/ros2_ws/install/examples_rclpy_guard_conditions/lib/python3.10/site-packages:${PYTHONPATH} /usr/bin/python3 setup.py develop --prefix /home/jishnu/project/ros2-project/projects/ros2_ws/install/examples_rclpy_guard_conditions --editable --build-directory /home/jishnu/project/ros2-project/projects/ros2_ws/build/examples_rclpy_guard_conditions/build --no-deps install_data --install-dir /home/jishnu/project/ros2-project/projects/ros2_ws/install/examples_rclpy_guard_conditions
