[0.926s] Invoking command in '/home/jishnu/project/ros2-project/projects/ros2_ws/build/examples_rclpy_minimal_publisher': PYTHONPATH=/home/jishnu/project/ros2-project/projects/ros2_ws/install/examples_rclpy_minimal_publisher/lib/python3.10/site-packages:${PYTHONPATH} /usr/bin/python3 setup.py develop --prefix /home/jishnu/project/ros2-project/projects/ros2_ws/install/examples_rclpy_minimal_publisher --editable --build-directory /home/jishnu/project/ros2-project/projects/ros2_ws/build/examples_rclpy_minimal_publisher/build --no-deps install_data --install-dir /home/jishnu/project/ros2-project/projects/ros2_ws/install/examples_rclpy_minimal_publisher
[1.385s] running develop
[1.385s] /usr/lib/python3/dist-packages/setuptools/command/easy_install.py:158: EasyInstallDeprecationWarning: easy_install command is deprecated. Use build and pip and other standards-based tools.
[1.385s]   warnings.warn(
[1.388s] /usr/lib/python3/dist-packages/setuptools/command/install.py:34: SetuptoolsDeprecationWarning: setup.py install is deprecated. Use build and pip and other standards-based tools.
[1.388s]   warnings.warn(
[1.484s] /usr/lib/python3/dist-packages/pkg_resources/__init__.py:116: PkgResourcesDeprecationWarning: 0.1.43ubuntu1 is an invalid version and will not be supported in a future release
[1.485s]   warnings.warn(
[1.485s] /usr/lib/python3/dist-packages/pkg_resources/__init__.py:116: PkgResourcesDeprecationWarning: 1.1build1 is an invalid version and will not be supported in a future release
[1.485s]   warnings.warn(
[1.668s] running egg_info
[1.668s] creating examples_rclpy_minimal_publisher.egg-info
[1.668s] writing examples_rclpy_minimal_publisher.egg-info/PKG-INFO
[1.668s] writing dependency_links to examples_rclpy_minimal_publisher.egg-info/dependency_links.txt
[1.668s] writing entry points to examples_rclpy_minimal_publisher.egg-info/entry_points.txt
[1.669s] writing requirements to examples_rclpy_minimal_publisher.egg-info/requires.txt
[1.669s] writing top-level names to examples_rclpy_minimal_publisher.egg-info/top_level.txt
[1.669s] writing manifest file 'examples_rclpy_minimal_publisher.egg-info/SOURCES.txt'
[1.669s] reading manifest file 'examples_rclpy_minimal_publisher.egg-info/SOURCES.txt'
[1.670s] writing manifest file 'examples_rclpy_minimal_publisher.egg-info/SOURCES.txt'
[1.673s] running build_ext
[1.673s] Creating /home/jishnu/project/ros2-project/projects/ros2_ws/install/examples_rclpy_minimal_publisher/lib/python3.10/site-packages/examples-rclpy-minimal-publisher.egg-link (link to .)
[1.675s] Installing publisher_local_function script to /home/jishnu/project/ros2-project/projects/ros2_ws/install/examples_rclpy_minimal_publisher/lib/examples_rclpy_minimal_publisher
[1.686s] Installing publisher_member_function script to /home/jishnu/project/ros2-project/projects/ros2_ws/install/examples_rclpy_minimal_publisher/lib/examples_rclpy_minimal_publisher
[1.687s] Installing publisher_old_school script to /home/jishnu/project/ros2-project/projects/ros2_ws/install/examples_rclpy_minimal_publisher/lib/examples_rclpy_minimal_publisher
[1.687s] 
[1.688s] Installed /home/jishnu/project/ros2-project/projects/ros2_ws/build/examples_rclpy_minimal_publisher
[1.688s] running install_data
[1.688s] creating /home/jishnu/project/ros2-project/projects/ros2_ws/install/examples_rclpy_minimal_publisher/share/ament_index
[1.689s] creating /home/jishnu/project/ros2-project/projects/ros2_ws/install/examples_rclpy_minimal_publisher/share/ament_index/resource_index
[1.689s] creating /home/jishnu/project/ros2-project/projects/ros2_ws/install/examples_rclpy_minimal_publisher/share/ament_index/resource_index/packages
[1.689s] copying resource/examples_rclpy_minimal_publisher -> /home/jishnu/project/ros2-project/projects/ros2_ws/install/examples_rclpy_minimal_publisher/share/ament_index/resource_index/packages
[1.690s] copying package.xml -> /home/jishnu/project/ros2-project/projects/ros2_ws/install/examples_rclpy_minimal_publisher/share/examples_rclpy_minimal_publisher
[2.333s] Invoked command in '/home/jishnu/project/ros2-project/projects/ros2_ws/build/examples_rclpy_minimal_publisher' returned '0': PYTHONPATH=/home/jishnu/project/ros2-project/projects/ros2_ws/install/examples_rclpy_minimal_publisher/lib/python3.10/site-packages:${PYTHONPATH} /usr/bin/python3 setup.py develop --prefix /home/jishnu/project/ros2-project/projects/ros2_ws/install/examples_rclpy_minimal_publisher --editable --build-directory /home/jishnu/project/ros2-project/projects/ros2_ws/build/examples_rclpy_minimal_publisher/build --no-deps install_data --install-dir /home/jishnu/project/ros2-project/projects/ros2_ws/install/examples_rclpy_minimal_publisher
