[0.033s] Invoking command in '/home/jishnu/project/ros2-project/projects/workspace/build/cpp_pubsub': CMAKE_PREFIX_PATH=/home/jishnu/project/ros2-project/projects/workspace/install/ros_test_package:/home/jishnu/project/ros2-project/projects/workspace/install/my_package:/opt/ros/humble /usr/bin/cmake --build /home/jishnu/project/ros2-project/projects/workspace/build/cpp_pubsub -- -j8 -l8
[0.462s] -- Found ament_cmake: 1.3.2 (/opt/ros/humble/share/ament_cmake/cmake)
[0.463s] -- Found rclcpp: 16.0.1 (/opt/ros/humble/share/rclcpp/cmake)
[0.463s] -- Found rosidl_generator_c: 3.1.3 (/opt/ros/humble/share/rosidl_generator_c/cmake)
[0.463s] -- Found rosidl_adapter: 3.1.3 (/opt/ros/humble/share/rosidl_adapter/cmake)
[0.463s] -- Found rosidl_generator_cpp: 3.1.3 (/opt/ros/humble/share/rosidl_generator_cpp/cmake)
[0.464s] -- Using all available rosidl_typesupport_c: rosidl_typesupport_fastrtps_c;rosidl_typesupport_introspection_c
[0.464s] -- Using all available rosidl_typesupport_cpp: rosidl_typesupport_fastrtps_cpp;rosidl_typesupport_introspection_cpp
[0.465s] -- Found rmw_implementation_cmake: 6.1.0 (/opt/ros/humble/share/rmw_implementation_cmake/cmake)
[0.465s] -- Found rmw_fastrtps_cpp: 6.2.1 (/opt/ros/humble/share/rmw_fastrtps_cpp/cmake)
[0.466s] -- Using RMW implementation 'rmw_fastrtps_cpp' as default
[0.580s] -- Configuring done
[0.589s] -- Generating done
[0.591s] -- Build files have been written to: /home/jishnu/project/ros2-project/projects/workspace/build/cpp_pubsub
[0.608s] [35m[1mConsolidate compiler generated dependencies of target talker[0m
[0.617s] [ 25%] [32mBuilding CXX object CMakeFiles/listener.dir/src/subscriber_member_function.cpp.o[0m
[0.629s] [ 50%] [32mBuilding CXX object CMakeFiles/talker.dir/src/publisher_member_function.cpp.o[0m
[4.297s] [ 75%] [32m[1mLinking CXX executable talker[0m
[4.459s] [ 75%] Built target talker
[7.440s] [100%] [32m[1mLinking CXX executable listener[0m
[7.745s] [100%] Built target listener
[7.751s] Invoked command in '/home/jishnu/project/ros2-project/projects/workspace/build/cpp_pubsub' returned '0': CMAKE_PREFIX_PATH=/home/jishnu/project/ros2-project/projects/workspace/install/ros_test_package:/home/jishnu/project/ros2-project/projects/workspace/install/my_package:/opt/ros/humble /usr/bin/cmake --build /home/jishnu/project/ros2-project/projects/workspace/build/cpp_pubsub -- -j8 -l8
[7.771s] Invoking command in '/home/jishnu/project/ros2-project/projects/workspace/build/cpp_pubsub': CMAKE_PREFIX_PATH=/home/jishnu/project/ros2-project/projects/workspace/install/ros_test_package:/home/jishnu/project/ros2-project/projects/workspace/install/my_package:/opt/ros/humble /usr/bin/cmake --install /home/jishnu/project/ros2-project/projects/workspace/build/cpp_pubsub
[7.777s] -- Install configuration: ""
[7.777s] -- Installing: /home/jishnu/project/ros2-project/projects/workspace/install/cpp_pubsub/lib/cpp_pubsub/talker
[7.778s] -- Set runtime path of "/home/jishnu/project/ros2-project/projects/workspace/install/cpp_pubsub/lib/cpp_pubsub/talker" to ""
[7.778s] -- Installing: /home/jishnu/project/ros2-project/projects/workspace/install/cpp_pubsub/lib/cpp_pubsub/listener
[7.781s] -- Set runtime path of "/home/jishnu/project/ros2-project/projects/workspace/install/cpp_pubsub/lib/cpp_pubsub/listener" to ""
[7.781s] -- Up-to-date: /home/jishnu/project/ros2-project/projects/workspace/install/cpp_pubsub/share/ament_index/resource_index/package_run_dependencies/cpp_pubsub
[7.781s] -- Up-to-date: /home/jishnu/project/ros2-project/projects/workspace/install/cpp_pubsub/share/ament_index/resource_index/parent_prefix_path/cpp_pubsub
[7.781s] -- Up-to-date: /home/jishnu/project/ros2-project/projects/workspace/install/cpp_pubsub/share/cpp_pubsub/environment/ament_prefix_path.sh
[7.781s] -- Installing: /home/jishnu/project/ros2-project/projects/workspace/install/cpp_pubsub/share/cpp_pubsub/environment/ament_prefix_path.dsv
[7.781s] -- Up-to-date: /home/jishnu/project/ros2-project/projects/workspace/install/cpp_pubsub/share/cpp_pubsub/environment/path.sh
[7.781s] -- Installing: /home/jishnu/project/ros2-project/projects/workspace/install/cpp_pubsub/share/cpp_pubsub/environment/path.dsv
[7.782s] -- Up-to-date: /home/jishnu/project/ros2-project/projects/workspace/install/cpp_pubsub/share/cpp_pubsub/local_setup.bash
[7.782s] -- Up-to-date: /home/jishnu/project/ros2-project/projects/workspace/install/cpp_pubsub/share/cpp_pubsub/local_setup.sh
[7.782s] -- Up-to-date: /home/jishnu/project/ros2-project/projects/workspace/install/cpp_pubsub/share/cpp_pubsub/local_setup.zsh
[7.782s] -- Installing: /home/jishnu/project/ros2-project/projects/workspace/install/cpp_pubsub/share/cpp_pubsub/local_setup.dsv
[7.782s] -- Installing: /home/jishnu/project/ros2-project/projects/workspace/install/cpp_pubsub/share/cpp_pubsub/package.dsv
[7.782s] -- Up-to-date: /home/jishnu/project/ros2-project/projects/workspace/install/cpp_pubsub/share/ament_index/resource_index/packages/cpp_pubsub
[7.782s] -- Up-to-date: /home/jishnu/project/ros2-project/projects/workspace/install/cpp_pubsub/share/cpp_pubsub/cmake/cpp_pubsubConfig.cmake
[7.782s] -- Up-to-date: /home/jishnu/project/ros2-project/projects/workspace/install/cpp_pubsub/share/cpp_pubsub/cmake/cpp_pubsubConfig-version.cmake
[7.782s] -- Up-to-date: /home/jishnu/project/ros2-project/projects/workspace/install/cpp_pubsub/share/cpp_pubsub/package.xml
[7.785s] Invoked command in '/home/jishnu/project/ros2-project/projects/workspace/build/cpp_pubsub' returned '0': CMAKE_PREFIX_PATH=/home/jishnu/project/ros2-project/projects/workspace/install/ros_test_package:/home/jishnu/project/ros2-project/projects/workspace/install/my_package:/opt/ros/humble /usr/bin/cmake --install /home/jishnu/project/ros2-project/projects/workspace/build/cpp_pubsub
