[0.684s] Invoking command in '/home/jishnu/robotics/ros-git/ros2-for-beginners-udemy-course/ros2_ws/src/my_py_pkg': PYTHONPATH=/home/jishnu/robotics/ros-git/ros2-for-beginners-udemy-course/ros2_ws/src/build/my_py_pkg/prefix_override:/home/jishnu/robotics/ros-git/ros2-for-beginners-udemy-course/ros2_ws/src/install/my_py_pkg/lib/python3.10/site-packages:${PYTHONPATH} /usr/bin/python3 setup.py egg_info --egg-base ../build/my_py_pkg build --build-base /home/jishnu/robotics/ros-git/ros2-for-beginners-udemy-course/ros2_ws/src/build/my_py_pkg/build install --record /home/jishnu/robotics/ros-git/ros2-for-beginners-udemy-course/ros2_ws/src/build/my_py_pkg/install.log --single-version-externally-managed
[0.889s] running egg_info
[0.890s] creating ../build/my_py_pkg/my_py_pkg.egg-info
[0.890s] writing ../build/my_py_pkg/my_py_pkg.egg-info/PKG-INFO
[0.890s] writing dependency_links to ../build/my_py_pkg/my_py_pkg.egg-info/dependency_links.txt
[0.890s] writing entry points to ../build/my_py_pkg/my_py_pkg.egg-info/entry_points.txt
[0.890s] writing requirements to ../build/my_py_pkg/my_py_pkg.egg-info/requires.txt
[0.890s] writing top-level names to ../build/my_py_pkg/my_py_pkg.egg-info/top_level.txt
[0.890s] writing manifest file '../build/my_py_pkg/my_py_pkg.egg-info/SOURCES.txt'
[0.891s] reading manifest file '../build/my_py_pkg/my_py_pkg.egg-info/SOURCES.txt'
[0.892s] writing manifest file '../build/my_py_pkg/my_py_pkg.egg-info/SOURCES.txt'
[0.892s] running build
[0.892s] running build_py
[0.892s] creating /home/jishnu/robotics/ros-git/ros2-for-beginners-udemy-course/ros2_ws/src/build/my_py_pkg/build
[0.892s] creating /home/jishnu/robotics/ros-git/ros2-for-beginners-udemy-course/ros2_ws/src/build/my_py_pkg/build/lib
[0.892s] creating /home/jishnu/robotics/ros-git/ros2-for-beginners-udemy-course/ros2_ws/src/build/my_py_pkg/build/lib/my_py_pkg
[0.893s] copying my_py_pkg/__init__.py -> /home/jishnu/robotics/ros-git/ros2-for-beginners-udemy-course/ros2_ws/src/build/my_py_pkg/build/lib/my_py_pkg
[0.893s] running install
[0.899s] /usr/lib/python3/dist-packages/setuptools/command/install.py:34: SetuptoolsDeprecationWarning: setup.py install is deprecated. Use build and pip and other standards-based tools.
[0.899s]   warnings.warn(
[0.900s] running install_lib
[0.900s] creating /home/jishnu/robotics/ros-git/ros2-for-beginners-udemy-course/ros2_ws/src/install/my_py_pkg/lib/python3.10/site-packages/my_py_pkg
[0.900s] copying /home/jishnu/robotics/ros-git/ros2-for-beginners-udemy-course/ros2_ws/src/build/my_py_pkg/build/lib/my_py_pkg/__init__.py -> /home/jishnu/robotics/ros-git/ros2-for-beginners-udemy-course/ros2_ws/src/install/my_py_pkg/lib/python3.10/site-packages/my_py_pkg
[0.901s] byte-compiling /home/jishnu/robotics/ros-git/ros2-for-beginners-udemy-course/ros2_ws/src/install/my_py_pkg/lib/python3.10/site-packages/my_py_pkg/__init__.py to __init__.cpython-310.pyc
[0.901s] running install_data
[0.901s] creating /home/jishnu/robotics/ros-git/ros2-for-beginners-udemy-course/ros2_ws/src/install/my_py_pkg/share/ament_index
[0.901s] creating /home/jishnu/robotics/ros-git/ros2-for-beginners-udemy-course/ros2_ws/src/install/my_py_pkg/share/ament_index/resource_index
[0.902s] creating /home/jishnu/robotics/ros-git/ros2-for-beginners-udemy-course/ros2_ws/src/install/my_py_pkg/share/ament_index/resource_index/packages
[0.902s] copying resource/my_py_pkg -> /home/jishnu/robotics/ros-git/ros2-for-beginners-udemy-course/ros2_ws/src/install/my_py_pkg/share/ament_index/resource_index/packages
[0.902s] copying package.xml -> /home/jishnu/robotics/ros-git/ros2-for-beginners-udemy-course/ros2_ws/src/install/my_py_pkg/share/my_py_pkg
[0.902s] running install_egg_info
[0.903s] Copying ../build/my_py_pkg/my_py_pkg.egg-info to /home/jishnu/robotics/ros-git/ros2-for-beginners-udemy-course/ros2_ws/src/install/my_py_pkg/lib/python3.10/site-packages/my_py_pkg-0.0.0-py3.10.egg-info
[0.903s] running install_scripts
[0.925s] writing list of installed files to '/home/jishnu/robotics/ros-git/ros2-for-beginners-udemy-course/ros2_ws/src/build/my_py_pkg/install.log'
[0.947s] Invoked command in '/home/jishnu/robotics/ros-git/ros2-for-beginners-udemy-course/ros2_ws/src/my_py_pkg' returned '0': PYTHONPATH=/home/jishnu/robotics/ros-git/ros2-for-beginners-udemy-course/ros2_ws/src/build/my_py_pkg/prefix_override:/home/jishnu/robotics/ros-git/ros2-for-beginners-udemy-course/ros2_ws/src/install/my_py_pkg/lib/python3.10/site-packages:${PYTHONPATH} /usr/bin/python3 setup.py egg_info --egg-base ../build/my_py_pkg build --build-base /home/jishnu/robotics/ros-git/ros2-for-beginners-udemy-course/ros2_ws/src/build/my_py_pkg/build install --record /home/jishnu/robotics/ros-git/ros2-for-beginners-udemy-course/ros2_ws/src/build/my_py_pkg/install.log --single-version-externally-managed
