[0.351s] DEBUG:colcon:Command line arguments: ['/usr/bin/colcon', 'build', '--packages-select', 'py_launch_example']
[0.351s] DEBUG:colcon:Parsed command line arguments: Namespace(log_base=None, log_level=None, verb_name='build', build_base='build', install_base='install', merge_install=False, symlink_install=False, test_result_base=None, continue_on_error=False, executor='parallel', parallel_workers=8, event_handlers=None, ignore_user_meta=False, metas=['./colcon.meta'], base_paths=['.'], packages_ignore=None, packages_ignore_regex=None, paths=None, packages_up_to=None, packages_up_to_regex=None, packages_above=None, packages_above_and_dependencies=None, packages_above_depth=None, packages_select_by_dep=None, packages_skip_by_dep=None, packages_skip_up_to=None, packages_select_build_failed=False, packages_skip_build_finished=False, packages_select_test_failures=False, packages_skip_test_passed=False, packages_select=['py_launch_example'], packages_skip=None, packages_select_regex=None, packages_skip_regex=None, packages_start=None, packages_end=None, allow_overriding=[], cmake_args=None, cmake_target=None, cmake_target_skip_unavailable=False, cmake_clean_cache=False, cmake_clean_first=False, cmake_force_configure=False, ament_cmake_args=None, catkin_cmake_args=None, catkin_skip_building_tests=False, mixin_files=None, mixin=None, verb_parser=<colcon_mixin.mixin.mixin_argument.MixinArgumentDecorator object at 0x7f6e750caa40>, verb_extension=<colcon_core.verb.build.BuildVerb object at 0x7f6e75a42fe0>, main=<bound method BuildVerb.main of <colcon_core.verb.build.BuildVerb object at 0x7f6e75a42fe0>>, mixin_verb=('build',))
[0.453s] Level 1:colcon.colcon_core.package_discovery:discover_packages(colcon_meta) check parameters
[0.453s] Level 1:colcon.colcon_core.package_discovery:discover_packages(recursive) check parameters
[0.453s] Level 1:colcon.colcon_core.package_discovery:discover_packages(ignore) check parameters
[0.453s] Level 1:colcon.colcon_core.package_discovery:discover_packages(path) check parameters
[0.453s] Level 1:colcon.colcon_core.package_discovery:discover_packages(colcon_meta) discover
[0.453s] Level 1:colcon.colcon_core.package_discovery:discover_packages(recursive) discover
[0.453s] INFO:colcon.colcon_core.package_discovery:Crawling recursively for packages in '/home/jishnu/robotics/ros-git/workspace/ros2_launch_workspace/src'
[0.453s] Level 1:colcon.colcon_core.package_identification:_identify(.) by extensions ['ignore', 'ignore_ament_install']
[0.453s] Level 1:colcon.colcon_core.package_identification:_identify(.) by extension 'ignore'
[0.453s] Level 1:colcon.colcon_core.package_identification:_identify(.) by extension 'ignore_ament_install'
[0.453s] Level 1:colcon.colcon_core.package_identification:_identify(.) by extensions ['colcon_pkg']
[0.454s] Level 1:colcon.colcon_core.package_identification:_identify(.) by extension 'colcon_pkg'
[0.454s] Level 1:colcon.colcon_core.package_identification:_identify(.) by extensions ['colcon_meta']
[0.454s] Level 1:colcon.colcon_core.package_identification:_identify(.) by extension 'colcon_meta'
[0.454s] Level 1:colcon.colcon_core.package_identification:_identify(.) by extensions ['ros']
[0.454s] Level 1:colcon.colcon_core.package_identification:_identify(.) by extension 'ros'
[0.464s] Level 1:colcon.colcon_core.package_identification:_identify(.) by extensions ['cmake', 'python']
[0.464s] Level 1:colcon.colcon_core.package_identification:_identify(.) by extension 'cmake'
[0.464s] Level 1:colcon.colcon_core.package_identification:_identify(.) by extension 'python'
[0.464s] Level 1:colcon.colcon_core.package_identification:_identify(.) by extensions ['python_setup_py']
[0.464s] Level 1:colcon.colcon_core.package_identification:_identify(.) by extension 'python_setup_py'
[0.465s] Level 1:colcon.colcon_core.package_identification:_identify(build) by extensions ['ignore', 'ignore_ament_install']
[0.465s] Level 1:colcon.colcon_core.package_identification:_identify(build) by extension 'ignore'
[0.465s] Level 1:colcon.colcon_core.package_identification:_identify(build) ignored
[0.465s] Level 1:colcon.colcon_core.package_identification:_identify(install) by extensions ['ignore', 'ignore_ament_install']
[0.465s] Level 1:colcon.colcon_core.package_identification:_identify(install) by extension 'ignore'
[0.465s] Level 1:colcon.colcon_core.package_identification:_identify(install) ignored
[0.465s] Level 1:colcon.colcon_core.package_identification:_identify(log) by extensions ['ignore', 'ignore_ament_install']
[0.465s] Level 1:colcon.colcon_core.package_identification:_identify(log) by extension 'ignore'
[0.465s] Level 1:colcon.colcon_core.package_identification:_identify(log) ignored
[0.465s] Level 1:colcon.colcon_core.package_identification:_identify(py_launch_example) by extensions ['ignore', 'ignore_ament_install']
[0.465s] Level 1:colcon.colcon_core.package_identification:_identify(py_launch_example) by extension 'ignore'
[0.465s] Level 1:colcon.colcon_core.package_identification:_identify(py_launch_example) by extension 'ignore_ament_install'
[0.465s] Level 1:colcon.colcon_core.package_identification:_identify(py_launch_example) by extensions ['colcon_pkg']
[0.465s] Level 1:colcon.colcon_core.package_identification:_identify(py_launch_example) by extension 'colcon_pkg'
[0.465s] Level 1:colcon.colcon_core.package_identification:_identify(py_launch_example) by extensions ['colcon_meta']
[0.465s] Level 1:colcon.colcon_core.package_identification:_identify(py_launch_example) by extension 'colcon_meta'
[0.465s] Level 1:colcon.colcon_core.package_identification:_identify(py_launch_example) by extensions ['ros']
[0.465s] Level 1:colcon.colcon_core.package_identification:_identify(py_launch_example) by extension 'ros'
[0.467s] DEBUG:colcon.colcon_core.package_identification:Package 'py_launch_example' with type 'ros.ament_python' and name 'py_launch_example'
[0.467s] Level 1:colcon.colcon_core.package_identification:_identify(test) by extensions ['ignore', 'ignore_ament_install']
[0.467s] Level 1:colcon.colcon_core.package_identification:_identify(test) by extension 'ignore'
[0.467s] Level 1:colcon.colcon_core.package_identification:_identify(test) by extension 'ignore_ament_install'
[0.468s] Level 1:colcon.colcon_core.package_identification:_identify(test) by extensions ['colcon_pkg']
[0.468s] Level 1:colcon.colcon_core.package_identification:_identify(test) by extension 'colcon_pkg'
[0.468s] Level 1:colcon.colcon_core.package_identification:_identify(test) by extensions ['colcon_meta']
[0.468s] Level 1:colcon.colcon_core.package_identification:_identify(test) by extension 'colcon_meta'
[0.468s] Level 1:colcon.colcon_core.package_identification:_identify(test) by extensions ['ros']
[0.468s] Level 1:colcon.colcon_core.package_identification:_identify(test) by extension 'ros'
[0.468s] Level 1:colcon.colcon_core.package_identification:_identify(test) by extensions ['cmake', 'python']
[0.468s] Level 1:colcon.colcon_core.package_identification:_identify(test) by extension 'cmake'
[0.468s] Level 1:colcon.colcon_core.package_identification:_identify(test) by extension 'python'
[0.468s] Level 1:colcon.colcon_core.package_identification:_identify(test) by extensions ['python_setup_py']
[0.468s] Level 1:colcon.colcon_core.package_identification:_identify(test) by extension 'python_setup_py'
[0.468s] Level 1:colcon.colcon_core.package_discovery:discover_packages(recursive) using defaults
[0.468s] Level 1:colcon.colcon_core.package_discovery:discover_packages(ignore) discover
[0.468s] Level 1:colcon.colcon_core.package_discovery:discover_packages(ignore) using defaults
[0.468s] Level 1:colcon.colcon_core.package_discovery:discover_packages(path) discover
[0.468s] Level 1:colcon.colcon_core.package_discovery:discover_packages(path) using defaults
[0.561s] Level 1:colcon.colcon_core.package_discovery:discover_packages(prefix_path) check parameters
[0.561s] Level 1:colcon.colcon_core.package_discovery:discover_packages(prefix_path) discover
[1.520s] DEBUG:colcon.colcon_installed_package_information.package_discovery:Found 63 installed packages in /home/jishnu/project/moveit-projects/ws_moveit2/install
[1.523s] DEBUG:colcon.colcon_installed_package_information.package_discovery:Found 53 installed packages in /home/jishnu/ws_moveit2/install
[1.527s] DEBUG:colcon.colcon_installed_package_information.package_discovery:Found 331 installed packages in /opt/ros/humble
[1.530s] Level 1:colcon.colcon_core.package_discovery:discover_packages(prefix_path) using defaults
[3.381s] Level 5:colcon.colcon_core.verb:set package 'py_launch_example' build argument 'cmake_args' from command line to 'None'
[3.381s] Level 5:colcon.colcon_core.verb:set package 'py_launch_example' build argument 'cmake_target' from command line to 'None'
[3.381s] Level 5:colcon.colcon_core.verb:set package 'py_launch_example' build argument 'cmake_target_skip_unavailable' from command line to 'False'
[3.381s] Level 5:colcon.colcon_core.verb:set package 'py_launch_example' build argument 'cmake_clean_cache' from command line to 'False'
[3.381s] Level 5:colcon.colcon_core.verb:set package 'py_launch_example' build argument 'cmake_clean_first' from command line to 'False'
[3.381s] Level 5:colcon.colcon_core.verb:set package 'py_launch_example' build argument 'cmake_force_configure' from command line to 'False'
[3.381s] Level 5:colcon.colcon_core.verb:set package 'py_launch_example' build argument 'ament_cmake_args' from command line to 'None'
[3.382s] Level 5:colcon.colcon_core.verb:set package 'py_launch_example' build argument 'catkin_cmake_args' from command line to 'None'
[3.382s] Level 5:colcon.colcon_core.verb:set package 'py_launch_example' build argument 'catkin_skip_building_tests' from command line to 'False'
[3.382s] DEBUG:colcon.colcon_core.verb:Building package 'py_launch_example' with the following arguments: {'ament_cmake_args': None, 'build_base': '/home/jishnu/robotics/ros-git/workspace/ros2_launch_workspace/src/build/py_launch_example', 'catkin_cmake_args': None, 'catkin_skip_building_tests': False, 'cmake_args': None, 'cmake_clean_cache': False, 'cmake_clean_first': False, 'cmake_force_configure': False, 'cmake_target': None, 'cmake_target_skip_unavailable': False, 'install_base': '/home/jishnu/robotics/ros-git/workspace/ros2_launch_workspace/src/install/py_launch_example', 'merge_install': False, 'path': '/home/jishnu/robotics/ros-git/workspace/ros2_launch_workspace/src/py_launch_example', 'symlink_install': False, 'test_result_base': None}
[3.383s] INFO:colcon.colcon_core.executor:Executing jobs using 'parallel' executor
[3.389s] DEBUG:colcon.colcon_parallel_executor.executor.parallel:run_until_complete
[3.389s] INFO:colcon.colcon_ros.task.ament_python.build:Building ROS package in '/home/jishnu/robotics/ros-git/workspace/ros2_launch_workspace/src/py_launch_example' with build type 'ament_python'
[3.390s] Level 1:colcon.colcon_core.shell:create_environment_hook('py_launch_example', 'ament_prefix_path')
[3.409s] INFO:colcon.colcon_core.plugin_system:Skipping extension 'colcon_core.shell.bat': Not used on non-Windows systems
[3.410s] INFO:colcon.colcon_core.shell:Creating environment hook '/home/jishnu/robotics/ros-git/workspace/ros2_launch_workspace/src/install/py_launch_example/share/py_launch_example/hook/ament_prefix_path.ps1'
[3.433s] INFO:colcon.colcon_core.shell:Creating environment descriptor '/home/jishnu/robotics/ros-git/workspace/ros2_launch_workspace/src/install/py_launch_example/share/py_launch_example/hook/ament_prefix_path.dsv'
[3.434s] INFO:colcon.colcon_core.shell:Creating environment hook '/home/jishnu/robotics/ros-git/workspace/ros2_launch_workspace/src/install/py_launch_example/share/py_launch_example/hook/ament_prefix_path.sh'
[3.441s] INFO:colcon.colcon_core.shell:Skip shell extension 'powershell' for command environment: Not usable outside of PowerShell
[3.441s] DEBUG:colcon.colcon_core.shell:Skip shell extension 'dsv' for command environment
[3.759s] WARNING:colcon.colcon_ros.task.ament_python.build:Package 'py_launch_example' doesn't explicitly install a marker in the package index (colcon-ros currently does it implicitly but that fallback will be removed in the future)
[3.793s] WARNING:colcon.colcon_ros.task.ament_python.build:Package 'py_launch_example' doesn't explicitly install the 'package.xml' file (colcon-ros currently does it implicitly but that fallback will be removed in the future)
[3.794s] INFO:colcon.colcon_core.task.python.build:Building Python package in '/home/jishnu/robotics/ros-git/workspace/ros2_launch_workspace/src/py_launch_example'
[3.796s] INFO:colcon.colcon_core.shell:Skip shell extension 'powershell' for command environment: Not usable outside of PowerShell
[3.796s] DEBUG:colcon.colcon_core.shell:Skip shell extension 'dsv' for command environment
[4.334s] DEBUG:colcon.colcon_core.event_handler.log_command:Invoking command in '/home/jishnu/robotics/ros-git/workspace/ros2_launch_workspace/src/py_launch_example': PYTHONPATH=/home/jishnu/robotics/ros-git/workspace/ros2_launch_workspace/src/build/py_launch_example/prefix_override:/home/jishnu/robotics/ros-git/workspace/ros2_launch_workspace/src/install/py_launch_example/lib/python3.10/site-packages:${PYTHONPATH} /usr/bin/python3 setup.py egg_info --egg-base ../build/py_launch_example build --build-base /home/jishnu/robotics/ros-git/workspace/ros2_launch_workspace/src/build/py_launch_example/build install --record /home/jishnu/robotics/ros-git/workspace/ros2_launch_workspace/src/build/py_launch_example/install.log --single-version-externally-managed
[4.588s] DEBUG:colcon.colcon_core.event_handler.log_command:Invoked command in '/home/jishnu/robotics/ros-git/workspace/ros2_launch_workspace/src/py_launch_example' returned '0': PYTHONPATH=/home/jishnu/robotics/ros-git/workspace/ros2_launch_workspace/src/build/py_launch_example/prefix_override:/home/jishnu/robotics/ros-git/workspace/ros2_launch_workspace/src/install/py_launch_example/lib/python3.10/site-packages:${PYTHONPATH} /usr/bin/python3 setup.py egg_info --egg-base ../build/py_launch_example build --build-base /home/jishnu/robotics/ros-git/workspace/ros2_launch_workspace/src/build/py_launch_example/build install --record /home/jishnu/robotics/ros-git/workspace/ros2_launch_workspace/src/build/py_launch_example/install.log --single-version-externally-managed
[4.603s] Level 1:colcon.colcon_core.environment:checking '/home/jishnu/robotics/ros-git/workspace/ros2_launch_workspace/src/install/py_launch_example' for CMake module files
[4.603s] Level 1:colcon.colcon_core.environment:checking '/home/jishnu/robotics/ros-git/workspace/ros2_launch_workspace/src/install/py_launch_example' for CMake config files
[4.604s] Level 1:colcon.colcon_core.environment:checking '/home/jishnu/robotics/ros-git/workspace/ros2_launch_workspace/src/install/py_launch_example/lib'
[4.605s] Level 1:colcon.colcon_core.environment:checking '/home/jishnu/robotics/ros-git/workspace/ros2_launch_workspace/src/install/py_launch_example/bin'
[4.605s] Level 1:colcon.colcon_core.environment:checking '/home/jishnu/robotics/ros-git/workspace/ros2_launch_workspace/src/install/py_launch_example/lib/pkgconfig/py_launch_example.pc'
[4.605s] Level 1:colcon.colcon_core.environment:checking '/home/jishnu/robotics/ros-git/workspace/ros2_launch_workspace/src/install/py_launch_example/lib/python3.10/site-packages'
[4.605s] Level 1:colcon.colcon_core.shell:create_environment_hook('py_launch_example', 'pythonpath')
[4.609s] INFO:colcon.colcon_core.shell:Creating environment hook '/home/jishnu/robotics/ros-git/workspace/ros2_launch_workspace/src/install/py_launch_example/share/py_launch_example/hook/pythonpath.ps1'
[4.610s] INFO:colcon.colcon_core.shell:Creating environment descriptor '/home/jishnu/robotics/ros-git/workspace/ros2_launch_workspace/src/install/py_launch_example/share/py_launch_example/hook/pythonpath.dsv'
[4.610s] INFO:colcon.colcon_core.shell:Creating environment hook '/home/jishnu/robotics/ros-git/workspace/ros2_launch_workspace/src/install/py_launch_example/share/py_launch_example/hook/pythonpath.sh'
[4.611s] Level 1:colcon.colcon_core.environment:checking '/home/jishnu/robotics/ros-git/workspace/ros2_launch_workspace/src/install/py_launch_example/bin'
[4.611s] Level 1:colcon.colcon_core.environment:create_environment_scripts_only(py_launch_example)
[4.616s] INFO:colcon.colcon_core.shell:Creating package script '/home/jishnu/robotics/ros-git/workspace/ros2_launch_workspace/src/install/py_launch_example/share/py_launch_example/package.ps1'
[4.617s] INFO:colcon.colcon_core.shell:Creating package descriptor '/home/jishnu/robotics/ros-git/workspace/ros2_launch_workspace/src/install/py_launch_example/share/py_launch_example/package.dsv'
[4.618s] INFO:colcon.colcon_core.shell:Creating package script '/home/jishnu/robotics/ros-git/workspace/ros2_launch_workspace/src/install/py_launch_example/share/py_launch_example/package.sh'
[4.619s] INFO:colcon.colcon_core.shell:Creating package script '/home/jishnu/robotics/ros-git/workspace/ros2_launch_workspace/src/install/py_launch_example/share/py_launch_example/package.bash'
[4.619s] INFO:colcon.colcon_core.shell:Creating package script '/home/jishnu/robotics/ros-git/workspace/ros2_launch_workspace/src/install/py_launch_example/share/py_launch_example/package.zsh'
[4.620s] Level 1:colcon.colcon_core.environment:create_file_with_runtime_dependencies(/home/jishnu/robotics/ros-git/workspace/ros2_launch_workspace/src/install/py_launch_example/share/colcon-core/packages/py_launch_example)
[4.620s] DEBUG:colcon.colcon_parallel_executor.executor.parallel:closing loop
[4.621s] DEBUG:colcon.colcon_parallel_executor.executor.parallel:loop closed
[4.621s] DEBUG:colcon.colcon_parallel_executor.executor.parallel:run_until_complete finished with '0'
[4.621s] DEBUG:colcon.colcon_core.event_reactor:joining thread
[4.632s] INFO:colcon.colcon_core.plugin_system:Skipping extension 'colcon_notification.desktop_notification.terminal_notifier': Not used on non-Darwin systems
[4.632s] INFO:colcon.colcon_core.plugin_system:Skipping extension 'colcon_notification.desktop_notification.win32': Not used on non-Windows systems
[4.632s] INFO:colcon.colcon_notification.desktop_notification:Sending desktop notification using 'notify2'
[4.643s] DEBUG:colcon.colcon_core.event_reactor:joined thread
[4.648s] INFO:colcon.colcon_core.shell:Creating prefix script '/home/jishnu/robotics/ros-git/workspace/ros2_launch_workspace/src/install/local_setup.ps1'
[4.650s] INFO:colcon.colcon_core.shell:Creating prefix util module '/home/jishnu/robotics/ros-git/workspace/ros2_launch_workspace/src/install/_local_setup_util_ps1.py'
[4.652s] INFO:colcon.colcon_core.shell:Creating prefix chain script '/home/jishnu/robotics/ros-git/workspace/ros2_launch_workspace/src/install/setup.ps1'
[4.661s] INFO:colcon.colcon_core.shell:Creating prefix script '/home/jishnu/robotics/ros-git/workspace/ros2_launch_workspace/src/install/local_setup.sh'
[4.662s] INFO:colcon.colcon_core.shell:Creating prefix util module '/home/jishnu/robotics/ros-git/workspace/ros2_launch_workspace/src/install/_local_setup_util_sh.py'
[4.662s] INFO:colcon.colcon_core.shell:Creating prefix chain script '/home/jishnu/robotics/ros-git/workspace/ros2_launch_workspace/src/install/setup.sh'
[4.667s] INFO:colcon.colcon_core.shell:Creating prefix script '/home/jishnu/robotics/ros-git/workspace/ros2_launch_workspace/src/install/local_setup.bash'
[4.668s] INFO:colcon.colcon_core.shell:Creating prefix chain script '/home/jishnu/robotics/ros-git/workspace/ros2_launch_workspace/src/install/setup.bash'
[4.673s] INFO:colcon.colcon_core.shell:Creating prefix script '/home/jishnu/robotics/ros-git/workspace/ros2_launch_workspace/src/install/local_setup.zsh'
[4.674s] INFO:colcon.colcon_core.shell:Creating prefix chain script '/home/jishnu/robotics/ros-git/workspace/ros2_launch_workspace/src/install/setup.zsh'
