[1.667s] Invoking command in '/home/jishnu/project/ros2-project/projects/ros2_ws/build/examples_rclpy_minimal_action_client': PYTHONPATH=/home/jishnu/project/ros2-project/projects/ros2_ws/install/examples_rclpy_minimal_action_client/lib/python3.10/site-packages:${PYTHONPATH} /usr/bin/python3 setup.py develop --prefix /home/jishnu/project/ros2-project/projects/ros2_ws/install/examples_rclpy_minimal_action_client --editable --build-directory /home/jishnu/project/ros2-project/projects/ros2_ws/build/examples_rclpy_minimal_action_client/build --no-deps install_data --install-dir /home/jishnu/project/ros2-project/projects/ros2_ws/install/examples_rclpy_minimal_action_client
[3.846s] /usr/lib/python3/dist-packages/setuptools/command/easy_install.py:158: EasyInstallDeprecationWarning: easy_install command is deprecated. Use build and pip and other standards-based tools.
[3.846s]   warnings.warn(
[3.846s] /usr/lib/python3/dist-packages/setuptools/command/install.py:34: SetuptoolsDeprecationWarning: setup.py install is deprecated. Use build and pip and other standards-based tools.
[3.846s]   warnings.warn(
[3.846s] /usr/lib/python3/dist-packages/pkg_resources/__init__.py:116: PkgResourcesDeprecationWarning: 0.1.43ubuntu1 is an invalid version and will not be supported in a future release
[3.846s]   warnings.warn(
[3.846s] /usr/lib/python3/dist-packages/pkg_resources/__init__.py:116: PkgResourcesDeprecationWarning: 1.1build1 is an invalid version and will not be supported in a future release
[3.846s]   warnings.warn(
[3.846s] running develop
[3.846s] running egg_info
[3.846s] creating examples_rclpy_minimal_action_client.egg-info
[3.847s] writing examples_rclpy_minimal_action_client.egg-info/PKG-INFO
[3.847s] writing dependency_links to examples_rclpy_minimal_action_client.egg-info/dependency_links.txt
[3.847s] writing entry points to examples_rclpy_minimal_action_client.egg-info/entry_points.txt
[3.847s] writing requirements to examples_rclpy_minimal_action_client.egg-info/requires.txt
[3.847s] writing top-level names to examples_rclpy_minimal_action_client.egg-info/top_level.txt
[3.847s] writing manifest file 'examples_rclpy_minimal_action_client.egg-info/SOURCES.txt'
[3.847s] reading manifest file 'examples_rclpy_minimal_action_client.egg-info/SOURCES.txt'
[3.847s] writing manifest file 'examples_rclpy_minimal_action_client.egg-info/SOURCES.txt'
[3.847s] running build_ext
[3.847s] Creating /home/jishnu/project/ros2-project/projects/ros2_ws/install/examples_rclpy_minimal_action_client/lib/python3.10/site-packages/examples-rclpy-minimal-action-client.egg-link (link to .)
[3.848s] Installing client script to /home/jishnu/project/ros2-project/projects/ros2_ws/install/examples_rclpy_minimal_action_client/lib/examples_rclpy_minimal_action_client
[3.848s] Installing client_asyncio script to /home/jishnu/project/ros2-project/projects/ros2_ws/install/examples_rclpy_minimal_action_client/lib/examples_rclpy_minimal_action_client
[3.848s] Installing client_cancel script to /home/jishnu/project/ros2-project/projects/ros2_ws/install/examples_rclpy_minimal_action_client/lib/examples_rclpy_minimal_action_client
[3.848s] Installing client_not_composable script to /home/jishnu/project/ros2-project/projects/ros2_ws/install/examples_rclpy_minimal_action_client/lib/examples_rclpy_minimal_action_client
[3.848s] 
[3.848s] Installed /home/jishnu/project/ros2-project/projects/ros2_ws/build/examples_rclpy_minimal_action_client
[3.848s] running install_data
[3.848s] creating /home/jishnu/project/ros2-project/projects/ros2_ws/install/examples_rclpy_minimal_action_client/share/ament_index
[3.848s] creating /home/jishnu/project/ros2-project/projects/ros2_ws/install/examples_rclpy_minimal_action_client/share/ament_index/resource_index
[3.848s] creating /home/jishnu/project/ros2-project/projects/ros2_ws/install/examples_rclpy_minimal_action_client/share/ament_index/resource_index/packages
[3.848s] copying resource/examples_rclpy_minimal_action_client -> /home/jishnu/project/ros2-project/projects/ros2_ws/install/examples_rclpy_minimal_action_client/share/ament_index/resource_index/packages
[3.849s] copying package.xml -> /home/jishnu/project/ros2-project/projects/ros2_ws/install/examples_rclpy_minimal_action_client/share/examples_rclpy_minimal_action_client
[3.967s] Invoked command in '/home/jishnu/project/ros2-project/projects/ros2_ws/build/examples_rclpy_minimal_action_client' returned '0': PYTHONPATH=/home/jishnu/project/ros2-project/projects/ros2_ws/install/examples_rclpy_minimal_action_client/lib/python3.10/site-packages:${PYTHONPATH} /usr/bin/python3 setup.py develop --prefix /home/jishnu/project/ros2-project/projects/ros2_ws/install/examples_rclpy_minimal_action_client --editable --build-directory /home/jishnu/project/ros2-project/projects/ros2_ws/build/examples_rclpy_minimal_action_client/build --no-deps install_data --install-dir /home/jishnu/project/ros2-project/projects/ros2_ws/install/examples_rclpy_minimal_action_client
