[0.551s] DEBUG:colcon:Command line arguments: ['/usr/bin/colcon', 'build']
[0.551s] DEBUG:colcon:Parsed command line arguments: Namespace(log_base=None, log_level=None, verb_name='build', build_base='build', install_base='install', merge_install=False, symlink_install=False, test_result_base=None, continue_on_error=False, executor='parallel', parallel_workers=8, event_handlers=None, ignore_user_meta=False, metas=['./colcon.meta'], base_paths=['.'], packages_ignore=None, packages_ignore_regex=None, paths=None, packages_up_to=None, packages_up_to_regex=None, packages_above=None, packages_above_and_dependencies=None, packages_above_depth=None, packages_select_by_dep=None, packages_skip_by_dep=None, packages_skip_up_to=None, packages_select_build_failed=False, packages_skip_build_finished=False, packages_select_test_failures=False, packages_skip_test_passed=False, packages_select=None, packages_skip=None, packages_select_regex=None, packages_skip_regex=None, packages_start=None, packages_end=None, allow_overriding=[], cmake_args=None, cmake_target=None, cmake_target_skip_unavailable=False, cmake_clean_cache=False, cmake_clean_first=False, cmake_force_configure=False, ament_cmake_args=None, catkin_cmake_args=None, catkin_skip_building_tests=False, mixin_files=None, mixin=None, verb_parser=<colcon_mixin.mixin.mixin_argument.MixinArgumentDecorator object at 0x7fd9961eed40>, verb_extension=<colcon_core.verb.build.BuildVerb object at 0x7fd996b6ee30>, main=<bound method BuildVerb.main of <colcon_core.verb.build.BuildVerb object at 0x7fd996b6ee30>>, mixin_verb=('build',))
[0.585s] Level 1:colcon.colcon_core.package_discovery:discover_packages(colcon_meta) check parameters
[0.585s] Level 1:colcon.colcon_core.package_discovery:discover_packages(recursive) check parameters
[0.585s] Level 1:colcon.colcon_core.package_discovery:discover_packages(ignore) check parameters
[0.585s] Level 1:colcon.colcon_core.package_discovery:discover_packages(path) check parameters
[0.585s] Level 1:colcon.colcon_core.package_discovery:discover_packages(colcon_meta) discover
[0.585s] Level 1:colcon.colcon_core.package_discovery:discover_packages(recursive) discover
[0.585s] INFO:colcon.colcon_core.package_discovery:Crawling recursively for packages in '/home/jishnu/robotics/ros-git/ros2-for-beginners-udemy-course/ros2_ws/src'
[0.585s] Level 1:colcon.colcon_core.package_identification:_identify(.) by extensions ['ignore', 'ignore_ament_install']
[0.585s] Level 1:colcon.colcon_core.package_identification:_identify(.) by extension 'ignore'
[0.585s] Level 1:colcon.colcon_core.package_identification:_identify(.) by extension 'ignore_ament_install'
[0.586s] Level 1:colcon.colcon_core.package_identification:_identify(.) by extensions ['colcon_pkg']
[0.586s] Level 1:colcon.colcon_core.package_identification:_identify(.) by extension 'colcon_pkg'
[0.586s] Level 1:colcon.colcon_core.package_identification:_identify(.) by extensions ['colcon_meta']
[0.586s] Level 1:colcon.colcon_core.package_identification:_identify(.) by extension 'colcon_meta'
[0.586s] Level 1:colcon.colcon_core.package_identification:_identify(.) by extensions ['ros']
[0.586s] Level 1:colcon.colcon_core.package_identification:_identify(.) by extension 'ros'
[0.601s] Level 1:colcon.colcon_core.package_identification:_identify(.) by extensions ['cmake', 'python']
[0.602s] Level 1:colcon.colcon_core.package_identification:_identify(.) by extension 'cmake'
[0.602s] Level 1:colcon.colcon_core.package_identification:_identify(.) by extension 'python'
[0.602s] Level 1:colcon.colcon_core.package_identification:_identify(.) by extensions ['python_setup_py']
[0.602s] Level 1:colcon.colcon_core.package_identification:_identify(.) by extension 'python_setup_py'
[0.602s] Level 1:colcon.colcon_core.package_identification:_identify(build) by extensions ['ignore', 'ignore_ament_install']
[0.602s] Level 1:colcon.colcon_core.package_identification:_identify(build) by extension 'ignore'
[0.602s] Level 1:colcon.colcon_core.package_identification:_identify(build) ignored
[0.602s] Level 1:colcon.colcon_core.package_identification:_identify(install) by extensions ['ignore', 'ignore_ament_install']
[0.602s] Level 1:colcon.colcon_core.package_identification:_identify(install) by extension 'ignore'
[0.602s] Level 1:colcon.colcon_core.package_identification:_identify(install) ignored
[0.603s] Level 1:colcon.colcon_core.package_identification:_identify(log) by extensions ['ignore', 'ignore_ament_install']
[0.603s] Level 1:colcon.colcon_core.package_identification:_identify(log) by extension 'ignore'
[0.603s] Level 1:colcon.colcon_core.package_identification:_identify(log) ignored
[0.603s] Level 1:colcon.colcon_core.package_identification:_identify(my_cpp_pkg) by extensions ['ignore', 'ignore_ament_install']
[0.603s] Level 1:colcon.colcon_core.package_identification:_identify(my_cpp_pkg) by extension 'ignore'
[0.603s] Level 1:colcon.colcon_core.package_identification:_identify(my_cpp_pkg) by extension 'ignore_ament_install'
[0.603s] Level 1:colcon.colcon_core.package_identification:_identify(my_cpp_pkg) by extensions ['colcon_pkg']
[0.603s] Level 1:colcon.colcon_core.package_identification:_identify(my_cpp_pkg) by extension 'colcon_pkg'
[0.603s] Level 1:colcon.colcon_core.package_identification:_identify(my_cpp_pkg) by extensions ['colcon_meta']
[0.603s] Level 1:colcon.colcon_core.package_identification:_identify(my_cpp_pkg) by extension 'colcon_meta'
[0.603s] Level 1:colcon.colcon_core.package_identification:_identify(my_cpp_pkg) by extensions ['ros']
[0.603s] Level 1:colcon.colcon_core.package_identification:_identify(my_cpp_pkg) by extension 'ros'
[0.607s] DEBUG:colcon.colcon_core.package_identification:Package 'my_cpp_pkg' with type 'ros.ament_cmake' and name 'my_cpp_pkg'
[0.607s] Level 1:colcon.colcon_core.package_identification:_identify(my_py_pkg) by extensions ['ignore', 'ignore_ament_install']
[0.607s] Level 1:colcon.colcon_core.package_identification:_identify(my_py_pkg) by extension 'ignore'
[0.607s] Level 1:colcon.colcon_core.package_identification:_identify(my_py_pkg) by extension 'ignore_ament_install'
[0.607s] Level 1:colcon.colcon_core.package_identification:_identify(my_py_pkg) by extensions ['colcon_pkg']
[0.607s] Level 1:colcon.colcon_core.package_identification:_identify(my_py_pkg) by extension 'colcon_pkg'
[0.607s] Level 1:colcon.colcon_core.package_identification:_identify(my_py_pkg) by extensions ['colcon_meta']
[0.607s] Level 1:colcon.colcon_core.package_identification:_identify(my_py_pkg) by extension 'colcon_meta'
[0.607s] Level 1:colcon.colcon_core.package_identification:_identify(my_py_pkg) by extensions ['ros']
[0.607s] Level 1:colcon.colcon_core.package_identification:_identify(my_py_pkg) by extension 'ros'
[0.608s] DEBUG:colcon.colcon_core.package_identification:Package 'my_py_pkg' with type 'ros.ament_python' and name 'my_py_pkg'
[0.608s] Level 1:colcon.colcon_core.package_identification:_identify(test_py_pkg) by extensions ['ignore', 'ignore_ament_install']
[0.608s] Level 1:colcon.colcon_core.package_identification:_identify(test_py_pkg) by extension 'ignore'
[0.608s] Level 1:colcon.colcon_core.package_identification:_identify(test_py_pkg) by extension 'ignore_ament_install'
[0.608s] Level 1:colcon.colcon_core.package_identification:_identify(test_py_pkg) by extensions ['colcon_pkg']
[0.608s] Level 1:colcon.colcon_core.package_identification:_identify(test_py_pkg) by extension 'colcon_pkg'
[0.609s] Level 1:colcon.colcon_core.package_identification:_identify(test_py_pkg) by extensions ['colcon_meta']
[0.609s] Level 1:colcon.colcon_core.package_identification:_identify(test_py_pkg) by extension 'colcon_meta'
[0.609s] Level 1:colcon.colcon_core.package_identification:_identify(test_py_pkg) by extensions ['ros']
[0.609s] Level 1:colcon.colcon_core.package_identification:_identify(test_py_pkg) by extension 'ros'
[0.609s] DEBUG:colcon.colcon_core.package_identification:Package 'test_py_pkg' with type 'ros.ament_python' and name 'test_py_pkg'
[0.609s] Level 1:colcon.colcon_core.package_discovery:discover_packages(recursive) using defaults
[0.609s] Level 1:colcon.colcon_core.package_discovery:discover_packages(ignore) discover
[0.610s] Level 1:colcon.colcon_core.package_discovery:discover_packages(ignore) using defaults
[0.610s] Level 1:colcon.colcon_core.package_discovery:discover_packages(path) discover
[0.610s] Level 1:colcon.colcon_core.package_discovery:discover_packages(path) using defaults
[0.648s] Level 1:colcon.colcon_core.package_discovery:discover_packages(prefix_path) check parameters
[0.648s] Level 1:colcon.colcon_core.package_discovery:discover_packages(prefix_path) discover
[0.650s] WARNING:colcon.colcon_ros.prefix_path.ament:The path '/home/jishnu/robotics/ros-git/ros2-for-beginners-udemy-course/ros2_ws/src/install/test_py_pkg' in the environment variable AMENT_PREFIX_PATH doesn't exist
[0.650s] WARNING:colcon.colcon_ros.prefix_path.ament:The path '/home/jishnu/robotics/ros-git/ros2-for-beginners-udemy-course/ros2_ws/src/install/my_py_pkg' in the environment variable AMENT_PREFIX_PATH doesn't exist
[0.658s] DEBUG:colcon.colcon_installed_package_information.package_discovery:Found 0 installed packages in /home/jishnu/robotics/ros-git/ros2-for-beginners-udemy-course/ros2_ws/src/install
[0.663s] DEBUG:colcon.colcon_installed_package_information.package_discovery:Found 63 installed packages in /home/jishnu/project/moveit-projects/ws_moveit2/install
[0.667s] DEBUG:colcon.colcon_installed_package_information.package_discovery:Found 53 installed packages in /home/jishnu/ws_moveit2/install
[0.681s] DEBUG:colcon.colcon_installed_package_information.package_discovery:Found 331 installed packages in /opt/ros/humble
[0.688s] Level 1:colcon.colcon_core.package_discovery:discover_packages(prefix_path) using defaults
[0.796s] Level 5:colcon.colcon_core.verb:set package 'my_cpp_pkg' build argument 'cmake_args' from command line to 'None'
[0.796s] Level 5:colcon.colcon_core.verb:set package 'my_cpp_pkg' build argument 'cmake_target' from command line to 'None'
[0.796s] Level 5:colcon.colcon_core.verb:set package 'my_cpp_pkg' build argument 'cmake_target_skip_unavailable' from command line to 'False'
[0.796s] Level 5:colcon.colcon_core.verb:set package 'my_cpp_pkg' build argument 'cmake_clean_cache' from command line to 'False'
[0.796s] Level 5:colcon.colcon_core.verb:set package 'my_cpp_pkg' build argument 'cmake_clean_first' from command line to 'False'
[0.796s] Level 5:colcon.colcon_core.verb:set package 'my_cpp_pkg' build argument 'cmake_force_configure' from command line to 'False'
[0.796s] Level 5:colcon.colcon_core.verb:set package 'my_cpp_pkg' build argument 'ament_cmake_args' from command line to 'None'
[0.796s] Level 5:colcon.colcon_core.verb:set package 'my_cpp_pkg' build argument 'catkin_cmake_args' from command line to 'None'
[0.796s] Level 5:colcon.colcon_core.verb:set package 'my_cpp_pkg' build argument 'catkin_skip_building_tests' from command line to 'False'
[0.796s] DEBUG:colcon.colcon_core.verb:Building package 'my_cpp_pkg' with the following arguments: {'ament_cmake_args': None, 'build_base': '/home/jishnu/robotics/ros-git/ros2-for-beginners-udemy-course/ros2_ws/src/build/my_cpp_pkg', 'catkin_cmake_args': None, 'catkin_skip_building_tests': False, 'cmake_args': None, 'cmake_clean_cache': False, 'cmake_clean_first': False, 'cmake_force_configure': False, 'cmake_target': None, 'cmake_target_skip_unavailable': False, 'install_base': '/home/jishnu/robotics/ros-git/ros2-for-beginners-udemy-course/ros2_ws/src/install/my_cpp_pkg', 'merge_install': False, 'path': '/home/jishnu/robotics/ros-git/ros2-for-beginners-udemy-course/ros2_ws/src/my_cpp_pkg', 'symlink_install': False, 'test_result_base': None}
[0.798s] Level 5:colcon.colcon_core.verb:set package 'my_py_pkg' build argument 'cmake_args' from command line to 'None'
[0.798s] Level 5:colcon.colcon_core.verb:set package 'my_py_pkg' build argument 'cmake_target' from command line to 'None'
[0.799s] Level 5:colcon.colcon_core.verb:set package 'my_py_pkg' build argument 'cmake_target_skip_unavailable' from command line to 'False'
[0.799s] Level 5:colcon.colcon_core.verb:set package 'my_py_pkg' build argument 'cmake_clean_cache' from command line to 'False'
[0.799s] Level 5:colcon.colcon_core.verb:set package 'my_py_pkg' build argument 'cmake_clean_first' from command line to 'False'
[0.799s] Level 5:colcon.colcon_core.verb:set package 'my_py_pkg' build argument 'cmake_force_configure' from command line to 'False'
[0.799s] Level 5:colcon.colcon_core.verb:set package 'my_py_pkg' build argument 'ament_cmake_args' from command line to 'None'
[0.799s] Level 5:colcon.colcon_core.verb:set package 'my_py_pkg' build argument 'catkin_cmake_args' from command line to 'None'
[0.799s] Level 5:colcon.colcon_core.verb:set package 'my_py_pkg' build argument 'catkin_skip_building_tests' from command line to 'False'
[0.799s] DEBUG:colcon.colcon_core.verb:Building package 'my_py_pkg' with the following arguments: {'ament_cmake_args': None, 'build_base': '/home/jishnu/robotics/ros-git/ros2-for-beginners-udemy-course/ros2_ws/src/build/my_py_pkg', 'catkin_cmake_args': None, 'catkin_skip_building_tests': False, 'cmake_args': None, 'cmake_clean_cache': False, 'cmake_clean_first': False, 'cmake_force_configure': False, 'cmake_target': None, 'cmake_target_skip_unavailable': False, 'install_base': '/home/jishnu/robotics/ros-git/ros2-for-beginners-udemy-course/ros2_ws/src/install/my_py_pkg', 'merge_install': False, 'path': '/home/jishnu/robotics/ros-git/ros2-for-beginners-udemy-course/ros2_ws/src/my_py_pkg', 'symlink_install': False, 'test_result_base': None}
[0.801s] Level 5:colcon.colcon_core.verb:set package 'test_py_pkg' build argument 'cmake_args' from command line to 'None'
[0.801s] Level 5:colcon.colcon_core.verb:set package 'test_py_pkg' build argument 'cmake_target' from command line to 'None'
[0.801s] Level 5:colcon.colcon_core.verb:set package 'test_py_pkg' build argument 'cmake_target_skip_unavailable' from command line to 'False'
[0.801s] Level 5:colcon.colcon_core.verb:set package 'test_py_pkg' build argument 'cmake_clean_cache' from command line to 'False'
[0.801s] Level 5:colcon.colcon_core.verb:set package 'test_py_pkg' build argument 'cmake_clean_first' from command line to 'False'
[0.801s] Level 5:colcon.colcon_core.verb:set package 'test_py_pkg' build argument 'cmake_force_configure' from command line to 'False'
[0.801s] Level 5:colcon.colcon_core.verb:set package 'test_py_pkg' build argument 'ament_cmake_args' from command line to 'None'
[0.801s] Level 5:colcon.colcon_core.verb:set package 'test_py_pkg' build argument 'catkin_cmake_args' from command line to 'None'
[0.801s] Level 5:colcon.colcon_core.verb:set package 'test_py_pkg' build argument 'catkin_skip_building_tests' from command line to 'False'
[0.801s] DEBUG:colcon.colcon_core.verb:Building package 'test_py_pkg' with the following arguments: {'ament_cmake_args': None, 'build_base': '/home/jishnu/robotics/ros-git/ros2-for-beginners-udemy-course/ros2_ws/src/build/test_py_pkg', 'catkin_cmake_args': None, 'catkin_skip_building_tests': False, 'cmake_args': None, 'cmake_clean_cache': False, 'cmake_clean_first': False, 'cmake_force_configure': False, 'cmake_target': None, 'cmake_target_skip_unavailable': False, 'install_base': '/home/jishnu/robotics/ros-git/ros2-for-beginners-udemy-course/ros2_ws/src/install/test_py_pkg', 'merge_install': False, 'path': '/home/jishnu/robotics/ros-git/ros2-for-beginners-udemy-course/ros2_ws/src/test_py_pkg', 'symlink_install': False, 'test_result_base': None}
[0.803s] INFO:colcon.colcon_core.executor:Executing jobs using 'parallel' executor
[0.814s] DEBUG:colcon.colcon_parallel_executor.executor.parallel:run_until_complete
[0.814s] INFO:colcon.colcon_ros.task.ament_cmake.build:Building ROS package in '/home/jishnu/robotics/ros-git/ros2-for-beginners-udemy-course/ros2_ws/src/my_cpp_pkg' with build type 'ament_cmake'
[0.814s] INFO:colcon.colcon_cmake.task.cmake.build:Building CMake package in '/home/jishnu/robotics/ros-git/ros2-for-beginners-udemy-course/ros2_ws/src/my_cpp_pkg'
[0.823s] INFO:colcon.colcon_core.plugin_system:Skipping extension 'colcon_core.shell.bat': Not used on non-Windows systems
[0.823s] INFO:colcon.colcon_core.shell:Skip shell extension 'powershell' for command environment: Not usable outside of PowerShell
[0.823s] DEBUG:colcon.colcon_core.shell:Skip shell extension 'dsv' for command environment
[0.857s] INFO:colcon.colcon_ros.task.ament_python.build:Building ROS package in '/home/jishnu/robotics/ros-git/ros2-for-beginners-udemy-course/ros2_ws/src/my_py_pkg' with build type 'ament_python'
[0.858s] Level 1:colcon.colcon_core.shell:create_environment_hook('my_py_pkg', 'ament_prefix_path')
[0.864s] INFO:colcon.colcon_core.shell:Creating environment hook '/home/jishnu/robotics/ros-git/ros2-for-beginners-udemy-course/ros2_ws/src/install/my_py_pkg/share/my_py_pkg/hook/ament_prefix_path.ps1'
[0.865s] INFO:colcon.colcon_core.shell:Creating environment descriptor '/home/jishnu/robotics/ros-git/ros2-for-beginners-udemy-course/ros2_ws/src/install/my_py_pkg/share/my_py_pkg/hook/ament_prefix_path.dsv'
[0.865s] INFO:colcon.colcon_core.shell:Creating environment hook '/home/jishnu/robotics/ros-git/ros2-for-beginners-udemy-course/ros2_ws/src/install/my_py_pkg/share/my_py_pkg/hook/ament_prefix_path.sh'
[0.871s] INFO:colcon.colcon_core.shell:Skip shell extension 'powershell' for command environment: Not usable outside of PowerShell
[0.871s] DEBUG:colcon.colcon_core.shell:Skip shell extension 'dsv' for command environment
[0.901s] INFO:colcon.colcon_ros.task.ament_python.build:Building ROS package in '/home/jishnu/robotics/ros-git/ros2-for-beginners-udemy-course/ros2_ws/src/test_py_pkg' with build type 'ament_python'
[0.901s] Level 1:colcon.colcon_core.shell:create_environment_hook('test_py_pkg', 'ament_prefix_path')
[0.905s] INFO:colcon.colcon_core.shell:Creating environment hook '/home/jishnu/robotics/ros-git/ros2-for-beginners-udemy-course/ros2_ws/src/install/test_py_pkg/share/test_py_pkg/hook/ament_prefix_path.ps1'
[0.906s] INFO:colcon.colcon_core.shell:Creating environment descriptor '/home/jishnu/robotics/ros-git/ros2-for-beginners-udemy-course/ros2_ws/src/install/test_py_pkg/share/test_py_pkg/hook/ament_prefix_path.dsv'
[0.907s] INFO:colcon.colcon_core.shell:Creating environment hook '/home/jishnu/robotics/ros-git/ros2-for-beginners-udemy-course/ros2_ws/src/install/test_py_pkg/share/test_py_pkg/hook/ament_prefix_path.sh'
[0.912s] INFO:colcon.colcon_core.shell:Skip shell extension 'powershell' for command environment: Not usable outside of PowerShell
[0.912s] DEBUG:colcon.colcon_core.shell:Skip shell extension 'dsv' for command environment
[0.951s] DEBUG:colcon.colcon_core.event_handler.log_command:Invoking command in '/home/jishnu/robotics/ros-git/ros2-for-beginners-udemy-course/ros2_ws/src/build/my_cpp_pkg': CMAKE_PREFIX_PATH=${CMAKE_PREFIX_PATH}:/home/jishnu/robotics/ros-git/ros2-for-beginners-udemy-course/ros2_ws/src/install/test_py_pkg:/home/jishnu/robotics/ros-git/ros2-for-beginners-udemy-course/ros2_ws/src/install/my_py_pkg:/home/jishnu/project/moveit-projects/ws_moveit2/install/ros2controlcli:/home/jishnu/project/moveit-projects/ws_moveit2/install/moveit_configs_utils:/home/jishnu/ws_moveit2/install/ros2controlcli:/home/jishnu/ws_moveit2/install/moveit_configs_utils:/opt/ros/humble /usr/bin/cmake /home/jishnu/robotics/ros-git/ros2-for-beginners-udemy-course/ros2_ws/src/my_cpp_pkg -DCMAKE_INSTALL_PREFIX=/home/jishnu/robotics/ros-git/ros2-for-beginners-udemy-course/ros2_ws/src/install/my_cpp_pkg
[1.413s] INFO:colcon.colcon_core.task.python.build:Building Python package in '/home/jishnu/robotics/ros-git/ros2-for-beginners-udemy-course/ros2_ws/src/my_py_pkg'
[1.417s] INFO:colcon.colcon_core.shell:Skip shell extension 'powershell' for command environment: Not usable outside of PowerShell
[1.417s] DEBUG:colcon.colcon_core.shell:Skip shell extension 'dsv' for command environment
[1.944s] INFO:colcon.colcon_core.task.python.build:Building Python package in '/home/jishnu/robotics/ros-git/ros2-for-beginners-udemy-course/ros2_ws/src/test_py_pkg'
[1.951s] INFO:colcon.colcon_core.shell:Skip shell extension 'powershell' for command environment: Not usable outside of PowerShell
[1.951s] DEBUG:colcon.colcon_core.shell:Skip shell extension 'dsv' for command environment
[2.634s] DEBUG:colcon.colcon_core.event_handler.log_command:Invoking command in '/home/jishnu/robotics/ros-git/ros2-for-beginners-udemy-course/ros2_ws/src/test_py_pkg': PYTHONPATH=/home/jishnu/robotics/ros-git/ros2-for-beginners-udemy-course/ros2_ws/src/build/test_py_pkg/prefix_override:/home/jishnu/robotics/ros-git/ros2-for-beginners-udemy-course/ros2_ws/src/install/test_py_pkg/lib/python3.10/site-packages:${PYTHONPATH} /usr/bin/python3 setup.py egg_info --egg-base ../build/test_py_pkg build --build-base /home/jishnu/robotics/ros-git/ros2-for-beginners-udemy-course/ros2_ws/src/build/test_py_pkg/build install --record /home/jishnu/robotics/ros-git/ros2-for-beginners-udemy-course/ros2_ws/src/build/test_py_pkg/install.log --single-version-externally-managed
[2.646s] DEBUG:colcon.colcon_core.event_handler.log_command:Invoking command in '/home/jishnu/robotics/ros-git/ros2-for-beginners-udemy-course/ros2_ws/src/my_py_pkg': PYTHONPATH=/home/jishnu/robotics/ros-git/ros2-for-beginners-udemy-course/ros2_ws/src/build/my_py_pkg/prefix_override:/home/jishnu/robotics/ros-git/ros2-for-beginners-udemy-course/ros2_ws/src/install/my_py_pkg/lib/python3.10/site-packages:${PYTHONPATH} /usr/bin/python3 setup.py egg_info --egg-base ../build/my_py_pkg build --build-base /home/jishnu/robotics/ros-git/ros2-for-beginners-udemy-course/ros2_ws/src/build/my_py_pkg/build install --record /home/jishnu/robotics/ros-git/ros2-for-beginners-udemy-course/ros2_ws/src/build/my_py_pkg/install.log --single-version-externally-managed
[3.123s] DEBUG:colcon.colcon_core.event_handler.log_command:Invoked command in '/home/jishnu/robotics/ros-git/ros2-for-beginners-udemy-course/ros2_ws/src/test_py_pkg' returned '0': PYTHONPATH=/home/jishnu/robotics/ros-git/ros2-for-beginners-udemy-course/ros2_ws/src/build/test_py_pkg/prefix_override:/home/jishnu/robotics/ros-git/ros2-for-beginners-udemy-course/ros2_ws/src/install/test_py_pkg/lib/python3.10/site-packages:${PYTHONPATH} /usr/bin/python3 setup.py egg_info --egg-base ../build/test_py_pkg build --build-base /home/jishnu/robotics/ros-git/ros2-for-beginners-udemy-course/ros2_ws/src/build/test_py_pkg/build install --record /home/jishnu/robotics/ros-git/ros2-for-beginners-udemy-course/ros2_ws/src/build/test_py_pkg/install.log --single-version-externally-managed
[3.132s] Level 1:colcon.colcon_core.environment:checking '/home/jishnu/robotics/ros-git/ros2-for-beginners-udemy-course/ros2_ws/src/install/test_py_pkg' for CMake module files
[3.133s] Level 1:colcon.colcon_core.environment:checking '/home/jishnu/robotics/ros-git/ros2-for-beginners-udemy-course/ros2_ws/src/install/test_py_pkg' for CMake config files
[3.133s] Level 1:colcon.colcon_core.environment:checking '/home/jishnu/robotics/ros-git/ros2-for-beginners-udemy-course/ros2_ws/src/install/test_py_pkg/lib'
[3.134s] Level 1:colcon.colcon_core.environment:checking '/home/jishnu/robotics/ros-git/ros2-for-beginners-udemy-course/ros2_ws/src/install/test_py_pkg/bin'
[3.134s] Level 1:colcon.colcon_core.environment:checking '/home/jishnu/robotics/ros-git/ros2-for-beginners-udemy-course/ros2_ws/src/install/test_py_pkg/lib/pkgconfig/test_py_pkg.pc'
[3.134s] Level 1:colcon.colcon_core.environment:checking '/home/jishnu/robotics/ros-git/ros2-for-beginners-udemy-course/ros2_ws/src/install/test_py_pkg/lib/python3.10/site-packages'
[3.134s] Level 1:colcon.colcon_core.shell:create_environment_hook('test_py_pkg', 'pythonpath')
[3.140s] INFO:colcon.colcon_core.shell:Creating environment hook '/home/jishnu/robotics/ros-git/ros2-for-beginners-udemy-course/ros2_ws/src/install/test_py_pkg/share/test_py_pkg/hook/pythonpath.ps1'
[3.141s] INFO:colcon.colcon_core.shell:Creating environment descriptor '/home/jishnu/robotics/ros-git/ros2-for-beginners-udemy-course/ros2_ws/src/install/test_py_pkg/share/test_py_pkg/hook/pythonpath.dsv'
[3.141s] INFO:colcon.colcon_core.shell:Creating environment hook '/home/jishnu/robotics/ros-git/ros2-for-beginners-udemy-course/ros2_ws/src/install/test_py_pkg/share/test_py_pkg/hook/pythonpath.sh'
[3.142s] Level 1:colcon.colcon_core.environment:checking '/home/jishnu/robotics/ros-git/ros2-for-beginners-udemy-course/ros2_ws/src/install/test_py_pkg/bin'
[3.142s] Level 1:colcon.colcon_core.environment:create_environment_scripts_only(test_py_pkg)
[3.148s] INFO:colcon.colcon_core.shell:Creating package script '/home/jishnu/robotics/ros-git/ros2-for-beginners-udemy-course/ros2_ws/src/install/test_py_pkg/share/test_py_pkg/package.ps1'
[3.150s] INFO:colcon.colcon_core.shell:Creating package descriptor '/home/jishnu/robotics/ros-git/ros2-for-beginners-udemy-course/ros2_ws/src/install/test_py_pkg/share/test_py_pkg/package.dsv'
[3.151s] INFO:colcon.colcon_core.shell:Creating package script '/home/jishnu/robotics/ros-git/ros2-for-beginners-udemy-course/ros2_ws/src/install/test_py_pkg/share/test_py_pkg/package.sh'
[3.152s] INFO:colcon.colcon_core.shell:Creating package script '/home/jishnu/robotics/ros-git/ros2-for-beginners-udemy-course/ros2_ws/src/install/test_py_pkg/share/test_py_pkg/package.bash'
[3.154s] INFO:colcon.colcon_core.shell:Creating package script '/home/jishnu/robotics/ros-git/ros2-for-beginners-udemy-course/ros2_ws/src/install/test_py_pkg/share/test_py_pkg/package.zsh'
[3.155s] Level 1:colcon.colcon_core.environment:create_file_with_runtime_dependencies(/home/jishnu/robotics/ros-git/ros2-for-beginners-udemy-course/ros2_ws/src/install/test_py_pkg/share/colcon-core/packages/test_py_pkg)
[3.347s] Level 1:colcon.colcon_core.environment:checking '/home/jishnu/robotics/ros-git/ros2-for-beginners-udemy-course/ros2_ws/src/install/my_py_pkg' for CMake module files
[3.348s] DEBUG:colcon.colcon_core.event_handler.log_command:Invoked command in '/home/jishnu/robotics/ros-git/ros2-for-beginners-udemy-course/ros2_ws/src/my_py_pkg' returned '0': PYTHONPATH=/home/jishnu/robotics/ros-git/ros2-for-beginners-udemy-course/ros2_ws/src/build/my_py_pkg/prefix_override:/home/jishnu/robotics/ros-git/ros2-for-beginners-udemy-course/ros2_ws/src/install/my_py_pkg/lib/python3.10/site-packages:${PYTHONPATH} /usr/bin/python3 setup.py egg_info --egg-base ../build/my_py_pkg build --build-base /home/jishnu/robotics/ros-git/ros2-for-beginners-udemy-course/ros2_ws/src/build/my_py_pkg/build install --record /home/jishnu/robotics/ros-git/ros2-for-beginners-udemy-course/ros2_ws/src/build/my_py_pkg/install.log --single-version-externally-managed
[3.348s] Level 1:colcon.colcon_core.environment:checking '/home/jishnu/robotics/ros-git/ros2-for-beginners-udemy-course/ros2_ws/src/install/my_py_pkg' for CMake config files
[3.349s] Level 1:colcon.colcon_core.environment:checking '/home/jishnu/robotics/ros-git/ros2-for-beginners-udemy-course/ros2_ws/src/install/my_py_pkg/lib'
[3.350s] Level 1:colcon.colcon_core.environment:checking '/home/jishnu/robotics/ros-git/ros2-for-beginners-udemy-course/ros2_ws/src/install/my_py_pkg/bin'
[3.350s] Level 1:colcon.colcon_core.environment:checking '/home/jishnu/robotics/ros-git/ros2-for-beginners-udemy-course/ros2_ws/src/install/my_py_pkg/lib/pkgconfig/my_py_pkg.pc'
[3.350s] Level 1:colcon.colcon_core.environment:checking '/home/jishnu/robotics/ros-git/ros2-for-beginners-udemy-course/ros2_ws/src/install/my_py_pkg/lib/python3.10/site-packages'
[3.350s] Level 1:colcon.colcon_core.shell:create_environment_hook('my_py_pkg', 'pythonpath')
[3.357s] INFO:colcon.colcon_core.shell:Creating environment hook '/home/jishnu/robotics/ros-git/ros2-for-beginners-udemy-course/ros2_ws/src/install/my_py_pkg/share/my_py_pkg/hook/pythonpath.ps1'
[3.358s] INFO:colcon.colcon_core.shell:Creating environment descriptor '/home/jishnu/robotics/ros-git/ros2-for-beginners-udemy-course/ros2_ws/src/install/my_py_pkg/share/my_py_pkg/hook/pythonpath.dsv'
[3.358s] INFO:colcon.colcon_core.shell:Creating environment hook '/home/jishnu/robotics/ros-git/ros2-for-beginners-udemy-course/ros2_ws/src/install/my_py_pkg/share/my_py_pkg/hook/pythonpath.sh'
[3.359s] Level 1:colcon.colcon_core.environment:checking '/home/jishnu/robotics/ros-git/ros2-for-beginners-udemy-course/ros2_ws/src/install/my_py_pkg/bin'
[3.359s] Level 1:colcon.colcon_core.environment:create_environment_scripts_only(my_py_pkg)
[3.366s] INFO:colcon.colcon_core.shell:Creating package script '/home/jishnu/robotics/ros-git/ros2-for-beginners-udemy-course/ros2_ws/src/install/my_py_pkg/share/my_py_pkg/package.ps1'
[3.367s] INFO:colcon.colcon_core.shell:Creating package descriptor '/home/jishnu/robotics/ros-git/ros2-for-beginners-udemy-course/ros2_ws/src/install/my_py_pkg/share/my_py_pkg/package.dsv'
[3.368s] INFO:colcon.colcon_core.shell:Creating package script '/home/jishnu/robotics/ros-git/ros2-for-beginners-udemy-course/ros2_ws/src/install/my_py_pkg/share/my_py_pkg/package.sh'
[3.369s] INFO:colcon.colcon_core.shell:Creating package script '/home/jishnu/robotics/ros-git/ros2-for-beginners-udemy-course/ros2_ws/src/install/my_py_pkg/share/my_py_pkg/package.bash'
[3.370s] INFO:colcon.colcon_core.shell:Creating package script '/home/jishnu/robotics/ros-git/ros2-for-beginners-udemy-course/ros2_ws/src/install/my_py_pkg/share/my_py_pkg/package.zsh'
[3.370s] Level 1:colcon.colcon_core.environment:create_file_with_runtime_dependencies(/home/jishnu/robotics/ros-git/ros2-for-beginners-udemy-course/ros2_ws/src/install/my_py_pkg/share/colcon-core/packages/my_py_pkg)
[4.979s] DEBUG:colcon.colcon_core.event_handler.log_command:Invoked command in '/home/jishnu/robotics/ros-git/ros2-for-beginners-udemy-course/ros2_ws/src/build/my_cpp_pkg' returned '0': CMAKE_PREFIX_PATH=${CMAKE_PREFIX_PATH}:/home/jishnu/robotics/ros-git/ros2-for-beginners-udemy-course/ros2_ws/src/install/test_py_pkg:/home/jishnu/robotics/ros-git/ros2-for-beginners-udemy-course/ros2_ws/src/install/my_py_pkg:/home/jishnu/project/moveit-projects/ws_moveit2/install/ros2controlcli:/home/jishnu/project/moveit-projects/ws_moveit2/install/moveit_configs_utils:/home/jishnu/ws_moveit2/install/ros2controlcli:/home/jishnu/ws_moveit2/install/moveit_configs_utils:/opt/ros/humble /usr/bin/cmake /home/jishnu/robotics/ros-git/ros2-for-beginners-udemy-course/ros2_ws/src/my_cpp_pkg -DCMAKE_INSTALL_PREFIX=/home/jishnu/robotics/ros-git/ros2-for-beginners-udemy-course/ros2_ws/src/install/my_cpp_pkg
[4.982s] DEBUG:colcon.colcon_core.event_handler.log_command:Invoking command in '/home/jishnu/robotics/ros-git/ros2-for-beginners-udemy-course/ros2_ws/src/build/my_cpp_pkg': CMAKE_PREFIX_PATH=${CMAKE_PREFIX_PATH}:/home/jishnu/robotics/ros-git/ros2-for-beginners-udemy-course/ros2_ws/src/install/test_py_pkg:/home/jishnu/robotics/ros-git/ros2-for-beginners-udemy-course/ros2_ws/src/install/my_py_pkg:/home/jishnu/project/moveit-projects/ws_moveit2/install/ros2controlcli:/home/jishnu/project/moveit-projects/ws_moveit2/install/moveit_configs_utils:/home/jishnu/ws_moveit2/install/ros2controlcli:/home/jishnu/ws_moveit2/install/moveit_configs_utils:/opt/ros/humble /usr/bin/cmake --build /home/jishnu/robotics/ros-git/ros2-for-beginners-udemy-course/ros2_ws/src/build/my_cpp_pkg -- -j8 -l8
[9.718s] DEBUG:colcon.colcon_core.event_handler.log_command:Invoked command in '/home/jishnu/robotics/ros-git/ros2-for-beginners-udemy-course/ros2_ws/src/build/my_cpp_pkg' returned '0': CMAKE_PREFIX_PATH=${CMAKE_PREFIX_PATH}:/home/jishnu/robotics/ros-git/ros2-for-beginners-udemy-course/ros2_ws/src/install/test_py_pkg:/home/jishnu/robotics/ros-git/ros2-for-beginners-udemy-course/ros2_ws/src/install/my_py_pkg:/home/jishnu/project/moveit-projects/ws_moveit2/install/ros2controlcli:/home/jishnu/project/moveit-projects/ws_moveit2/install/moveit_configs_utils:/home/jishnu/ws_moveit2/install/ros2controlcli:/home/jishnu/ws_moveit2/install/moveit_configs_utils:/opt/ros/humble /usr/bin/cmake --build /home/jishnu/robotics/ros-git/ros2-for-beginners-udemy-course/ros2_ws/src/build/my_cpp_pkg -- -j8 -l8
[9.824s] DEBUG:colcon.colcon_core.event_handler.log_command:Invoking command in '/home/jishnu/robotics/ros-git/ros2-for-beginners-udemy-course/ros2_ws/src/build/my_cpp_pkg': CMAKE_PREFIX_PATH=${CMAKE_PREFIX_PATH}:/home/jishnu/robotics/ros-git/ros2-for-beginners-udemy-course/ros2_ws/src/install/test_py_pkg:/home/jishnu/robotics/ros-git/ros2-for-beginners-udemy-course/ros2_ws/src/install/my_py_pkg:/home/jishnu/project/moveit-projects/ws_moveit2/install/ros2controlcli:/home/jishnu/project/moveit-projects/ws_moveit2/install/moveit_configs_utils:/home/jishnu/ws_moveit2/install/ros2controlcli:/home/jishnu/ws_moveit2/install/moveit_configs_utils:/opt/ros/humble /usr/bin/cmake --install /home/jishnu/robotics/ros-git/ros2-for-beginners-udemy-course/ros2_ws/src/build/my_cpp_pkg
[9.845s] Level 1:colcon.colcon_core.environment:create_environment_scripts_only(my_cpp_pkg)
[9.851s] Level 1:colcon.colcon_core.environment:checking '/home/jishnu/robotics/ros-git/ros2-for-beginners-udemy-course/ros2_ws/src/install/my_cpp_pkg' for CMake module files
[9.851s] DEBUG:colcon.colcon_core.event_handler.log_command:Invoked command in '/home/jishnu/robotics/ros-git/ros2-for-beginners-udemy-course/ros2_ws/src/build/my_cpp_pkg' returned '0': CMAKE_PREFIX_PATH=${CMAKE_PREFIX_PATH}:/home/jishnu/robotics/ros-git/ros2-for-beginners-udemy-course/ros2_ws/src/install/test_py_pkg:/home/jishnu/robotics/ros-git/ros2-for-beginners-udemy-course/ros2_ws/src/install/my_py_pkg:/home/jishnu/project/moveit-projects/ws_moveit2/install/ros2controlcli:/home/jishnu/project/moveit-projects/ws_moveit2/install/moveit_configs_utils:/home/jishnu/ws_moveit2/install/ros2controlcli:/home/jishnu/ws_moveit2/install/moveit_configs_utils:/opt/ros/humble /usr/bin/cmake --install /home/jishnu/robotics/ros-git/ros2-for-beginners-udemy-course/ros2_ws/src/build/my_cpp_pkg
[9.852s] Level 1:colcon.colcon_core.environment:checking '/home/jishnu/robotics/ros-git/ros2-for-beginners-udemy-course/ros2_ws/src/install/my_cpp_pkg' for CMake config files
[9.852s] Level 1:colcon.colcon_core.shell:create_environment_hook('my_cpp_pkg', 'cmake_prefix_path')
[9.857s] INFO:colcon.colcon_core.shell:Creating environment hook '/home/jishnu/robotics/ros-git/ros2-for-beginners-udemy-course/ros2_ws/src/install/my_cpp_pkg/share/my_cpp_pkg/hook/cmake_prefix_path.ps1'
[9.857s] INFO:colcon.colcon_core.shell:Creating environment descriptor '/home/jishnu/robotics/ros-git/ros2-for-beginners-udemy-course/ros2_ws/src/install/my_cpp_pkg/share/my_cpp_pkg/hook/cmake_prefix_path.dsv'
[9.858s] INFO:colcon.colcon_core.shell:Creating environment hook '/home/jishnu/robotics/ros-git/ros2-for-beginners-udemy-course/ros2_ws/src/install/my_cpp_pkg/share/my_cpp_pkg/hook/cmake_prefix_path.sh'
[9.858s] Level 1:colcon.colcon_core.environment:checking '/home/jishnu/robotics/ros-git/ros2-for-beginners-udemy-course/ros2_ws/src/install/my_cpp_pkg/lib'
[9.859s] Level 1:colcon.colcon_core.environment:checking '/home/jishnu/robotics/ros-git/ros2-for-beginners-udemy-course/ros2_ws/src/install/my_cpp_pkg/bin'
[9.859s] Level 1:colcon.colcon_core.environment:checking '/home/jishnu/robotics/ros-git/ros2-for-beginners-udemy-course/ros2_ws/src/install/my_cpp_pkg/lib/pkgconfig/my_cpp_pkg.pc'
[9.859s] Level 1:colcon.colcon_core.environment:checking '/home/jishnu/robotics/ros-git/ros2-for-beginners-udemy-course/ros2_ws/src/install/my_cpp_pkg/lib/python3.10/site-packages'
[9.860s] Level 1:colcon.colcon_core.environment:checking '/home/jishnu/robotics/ros-git/ros2-for-beginners-udemy-course/ros2_ws/src/install/my_cpp_pkg/bin'
[9.866s] INFO:colcon.colcon_core.shell:Creating package script '/home/jishnu/robotics/ros-git/ros2-for-beginners-udemy-course/ros2_ws/src/install/my_cpp_pkg/share/my_cpp_pkg/package.ps1'
[9.867s] INFO:colcon.colcon_core.shell:Creating package descriptor '/home/jishnu/robotics/ros-git/ros2-for-beginners-udemy-course/ros2_ws/src/install/my_cpp_pkg/share/my_cpp_pkg/package.dsv'
[9.867s] INFO:colcon.colcon_core.shell:Creating package script '/home/jishnu/robotics/ros-git/ros2-for-beginners-udemy-course/ros2_ws/src/install/my_cpp_pkg/share/my_cpp_pkg/package.sh'
[9.868s] INFO:colcon.colcon_core.shell:Creating package script '/home/jishnu/robotics/ros-git/ros2-for-beginners-udemy-course/ros2_ws/src/install/my_cpp_pkg/share/my_cpp_pkg/package.bash'
[9.868s] INFO:colcon.colcon_core.shell:Creating package script '/home/jishnu/robotics/ros-git/ros2-for-beginners-udemy-course/ros2_ws/src/install/my_cpp_pkg/share/my_cpp_pkg/package.zsh'
[9.869s] Level 1:colcon.colcon_core.environment:create_file_with_runtime_dependencies(/home/jishnu/robotics/ros-git/ros2-for-beginners-udemy-course/ros2_ws/src/install/my_cpp_pkg/share/colcon-core/packages/my_cpp_pkg)
[10.030s] Level 1:colcon.colcon_core.environment:create_environment_scripts_only(my_cpp_pkg)
[10.037s] Level 1:colcon.colcon_core.environment:checking '/home/jishnu/robotics/ros-git/ros2-for-beginners-udemy-course/ros2_ws/src/install/my_cpp_pkg' for CMake module files
[10.038s] Level 1:colcon.colcon_core.environment:checking '/home/jishnu/robotics/ros-git/ros2-for-beginners-udemy-course/ros2_ws/src/install/my_cpp_pkg' for CMake config files
[10.038s] Level 1:colcon.colcon_core.shell:create_environment_hook('my_cpp_pkg', 'cmake_prefix_path')
[10.042s] INFO:colcon.colcon_core.shell:Creating environment hook '/home/jishnu/robotics/ros-git/ros2-for-beginners-udemy-course/ros2_ws/src/install/my_cpp_pkg/share/my_cpp_pkg/hook/cmake_prefix_path.ps1'
[10.043s] INFO:colcon.colcon_core.shell:Creating environment descriptor '/home/jishnu/robotics/ros-git/ros2-for-beginners-udemy-course/ros2_ws/src/install/my_cpp_pkg/share/my_cpp_pkg/hook/cmake_prefix_path.dsv'
[10.043s] INFO:colcon.colcon_core.shell:Creating environment hook '/home/jishnu/robotics/ros-git/ros2-for-beginners-udemy-course/ros2_ws/src/install/my_cpp_pkg/share/my_cpp_pkg/hook/cmake_prefix_path.sh'
[10.044s] Level 1:colcon.colcon_core.environment:checking '/home/jishnu/robotics/ros-git/ros2-for-beginners-udemy-course/ros2_ws/src/install/my_cpp_pkg/lib'
[10.044s] Level 1:colcon.colcon_core.environment:checking '/home/jishnu/robotics/ros-git/ros2-for-beginners-udemy-course/ros2_ws/src/install/my_cpp_pkg/bin'
[10.044s] Level 1:colcon.colcon_core.environment:checking '/home/jishnu/robotics/ros-git/ros2-for-beginners-udemy-course/ros2_ws/src/install/my_cpp_pkg/lib/pkgconfig/my_cpp_pkg.pc'
[10.044s] Level 1:colcon.colcon_core.environment:checking '/home/jishnu/robotics/ros-git/ros2-for-beginners-udemy-course/ros2_ws/src/install/my_cpp_pkg/lib/python3.10/site-packages'
[10.044s] Level 1:colcon.colcon_core.environment:checking '/home/jishnu/robotics/ros-git/ros2-for-beginners-udemy-course/ros2_ws/src/install/my_cpp_pkg/bin'
[10.048s] INFO:colcon.colcon_core.shell:Creating package script '/home/jishnu/robotics/ros-git/ros2-for-beginners-udemy-course/ros2_ws/src/install/my_cpp_pkg/share/my_cpp_pkg/package.ps1'
[10.049s] INFO:colcon.colcon_core.shell:Creating package descriptor '/home/jishnu/robotics/ros-git/ros2-for-beginners-udemy-course/ros2_ws/src/install/my_cpp_pkg/share/my_cpp_pkg/package.dsv'
[10.050s] INFO:colcon.colcon_core.shell:Creating package script '/home/jishnu/robotics/ros-git/ros2-for-beginners-udemy-course/ros2_ws/src/install/my_cpp_pkg/share/my_cpp_pkg/package.sh'
[10.050s] INFO:colcon.colcon_core.shell:Creating package script '/home/jishnu/robotics/ros-git/ros2-for-beginners-udemy-course/ros2_ws/src/install/my_cpp_pkg/share/my_cpp_pkg/package.bash'
[10.051s] INFO:colcon.colcon_core.shell:Creating package script '/home/jishnu/robotics/ros-git/ros2-for-beginners-udemy-course/ros2_ws/src/install/my_cpp_pkg/share/my_cpp_pkg/package.zsh'
[10.051s] Level 1:colcon.colcon_core.environment:create_file_with_runtime_dependencies(/home/jishnu/robotics/ros-git/ros2-for-beginners-udemy-course/ros2_ws/src/install/my_cpp_pkg/share/colcon-core/packages/my_cpp_pkg)
[10.051s] DEBUG:colcon.colcon_parallel_executor.executor.parallel:closing loop
[10.052s] DEBUG:colcon.colcon_parallel_executor.executor.parallel:loop closed
[10.052s] DEBUG:colcon.colcon_parallel_executor.executor.parallel:run_until_complete finished with '0'
[10.052s] DEBUG:colcon.colcon_core.event_reactor:joining thread
[10.067s] INFO:colcon.colcon_core.plugin_system:Skipping extension 'colcon_notification.desktop_notification.terminal_notifier': Not used on non-Darwin systems
[10.067s] INFO:colcon.colcon_core.plugin_system:Skipping extension 'colcon_notification.desktop_notification.win32': Not used on non-Windows systems
[10.067s] INFO:colcon.colcon_notification.desktop_notification:Sending desktop notification using 'notify2'
[10.079s] DEBUG:colcon.colcon_core.event_reactor:joined thread
[10.085s] INFO:colcon.colcon_core.shell:Creating prefix script '/home/jishnu/robotics/ros-git/ros2-for-beginners-udemy-course/ros2_ws/src/install/local_setup.ps1'
[10.087s] INFO:colcon.colcon_core.shell:Creating prefix util module '/home/jishnu/robotics/ros-git/ros2-for-beginners-udemy-course/ros2_ws/src/install/_local_setup_util_ps1.py'
[10.090s] INFO:colcon.colcon_core.shell:Creating prefix chain script '/home/jishnu/robotics/ros-git/ros2-for-beginners-udemy-course/ros2_ws/src/install/setup.ps1'
[10.099s] INFO:colcon.colcon_core.shell:Creating prefix script '/home/jishnu/robotics/ros-git/ros2-for-beginners-udemy-course/ros2_ws/src/install/local_setup.sh'
[10.100s] INFO:colcon.colcon_core.shell:Creating prefix util module '/home/jishnu/robotics/ros-git/ros2-for-beginners-udemy-course/ros2_ws/src/install/_local_setup_util_sh.py'
[10.101s] INFO:colcon.colcon_core.shell:Creating prefix chain script '/home/jishnu/robotics/ros-git/ros2-for-beginners-udemy-course/ros2_ws/src/install/setup.sh'
[10.109s] INFO:colcon.colcon_core.shell:Creating prefix script '/home/jishnu/robotics/ros-git/ros2-for-beginners-udemy-course/ros2_ws/src/install/local_setup.bash'
[10.110s] INFO:colcon.colcon_core.shell:Creating prefix chain script '/home/jishnu/robotics/ros-git/ros2-for-beginners-udemy-course/ros2_ws/src/install/setup.bash'
[10.118s] INFO:colcon.colcon_core.shell:Creating prefix script '/home/jishnu/robotics/ros-git/ros2-for-beginners-udemy-course/ros2_ws/src/install/local_setup.zsh'
[10.119s] INFO:colcon.colcon_core.shell:Creating prefix chain script '/home/jishnu/robotics/ros-git/ros2-for-beginners-udemy-course/ros2_ws/src/install/setup.zsh'
