[0.193s] Invoking command in '/home/jishnu/project/ros2-project/projects/workspace/src/build/tutorial_interfaces': CMAKE_PREFIX_PATH=${CMAKE_PREFIX_PATH}:/home/jishnu/project/ros2-project/projects/workspace/src/install/py_pubsub:/home/jishnu/project/moveit-projects/ws_moveit2/install/ros2controlcli:/home/jishnu/project/moveit-projects/ws_moveit2/install/moveit_configs_utils:/home/jishnu/ws_moveit2/install/ros2controlcli:/home/jishnu/ws_moveit2/install/moveit_configs_utils:/opt/ros/humble /usr/bin/cmake /home/jishnu/project/ros2-project/projects/workspace/src/tutorial_interfaces -DCMAKE_INSTALL_PREFIX=/home/jishnu/project/ros2-project/projects/workspace/src/install/tutorial_interfaces
[0.457s] -- The C compiler identification is GNU 11.3.0
[0.612s] -- The CXX compiler identification is GNU 11.3.0
[0.625s] -- Detecting C compiler ABI info
[0.872s] -- Detecting C compiler ABI info - done
[0.891s] -- Check for working C compiler: /usr/bin/cc - skipped
[0.891s] -- Detecting C compile features
[0.892s] -- Detecting C compile features - done
[0.892s] -- Detecting CXX compiler ABI info
[1.118s] -- Detecting CXX compiler ABI info - done
[1.131s] -- Check for working CXX compiler: /usr/bin/c++ - skipped
[1.132s] -- Detecting CXX compile features
[1.133s] -- Detecting CXX compile features - done
[1.157s] -- Found ament_cmake: 1.3.3 (/opt/ros/humble/share/ament_cmake/cmake)
[1.667s] -- Found Python3: /usr/bin/python3.10 (found version "3.10.6") found components: Interpreter 
[2.232s] -- Found geometry_msgs: 4.2.2 (/opt/ros/humble/share/geometry_msgs/cmake)
[2.480s] -- Found rosidl_generator_c: 3.1.4 (/opt/ros/humble/share/rosidl_generator_c/cmake)
[2.523s] -- Found rosidl_adapter: 3.1.4 (/opt/ros/humble/share/rosidl_adapter/cmake)
[2.564s] -- Found rosidl_generator_cpp: 3.1.4 (/opt/ros/humble/share/rosidl_generator_cpp/cmake)
[2.627s] -- Using all available rosidl_typesupport_c: rosidl_typesupport_fastrtps_c;rosidl_typesupport_introspection_c
[2.732s] -- Using all available rosidl_typesupport_cpp: rosidl_typesupport_fastrtps_cpp;rosidl_typesupport_introspection_cpp
[2.991s] -- Found rosidl_default_generators: 1.2.0 (/opt/ros/humble/share/rosidl_default_generators/cmake)
[3.772s] -- Found ament_cmake_ros: 0.10.0 (/opt/ros/humble/share/ament_cmake_ros/cmake)
[4.587s] -- Using all available rosidl_typesupport_c: rosidl_typesupport_fastrtps_c;rosidl_typesupport_introspection_c
[4.938s] -- Using all available rosidl_typesupport_cpp: rosidl_typesupport_fastrtps_cpp;rosidl_typesupport_introspection_cpp
[4.989s] -- Found PythonInterp: /usr/bin/python3 (found suitable version "3.10.6", minimum required is "3.6") 
[5.010s] -- Found python_cmake_module: 0.10.0 (/opt/ros/humble/share/python_cmake_module/cmake)
[5.070s] -- Found PythonLibs: /usr/lib/x86_64-linux-gnu/libpython3.10.so (found suitable version "3.10.6", minimum required is "3.5") 
[5.070s] -- Using PYTHON_EXECUTABLE: /usr/bin/python3
[5.070s] -- Using PYTHON_INCLUDE_DIRS: /usr/include/python3.10
[5.070s] -- Using PYTHON_LIBRARIES: /usr/lib/x86_64-linux-gnu/libpython3.10.so
[5.106s] -- Found PythonExtra: .so  
[5.462s] -- Found ament_lint_auto: 0.12.4 (/opt/ros/humble/share/ament_lint_auto/cmake)
[5.669s] -- Added test 'lint_cmake' to check CMake code style
[5.672s] -- Added test 'xmllint' to check XML markup files
[5.710s] -- Configuring done
[5.817s] -- Generating done
[5.833s] -- Build files have been written to: /home/jishnu/project/ros2-project/projects/workspace/src/build/tutorial_interfaces
[6.821s] Invoked command in '/home/jishnu/project/ros2-project/projects/workspace/src/build/tutorial_interfaces' returned '0': CMAKE_PREFIX_PATH=${CMAKE_PREFIX_PATH}:/home/jishnu/project/ros2-project/projects/workspace/src/install/py_pubsub:/home/jishnu/project/moveit-projects/ws_moveit2/install/ros2controlcli:/home/jishnu/project/moveit-projects/ws_moveit2/install/moveit_configs_utils:/home/jishnu/ws_moveit2/install/ros2controlcli:/home/jishnu/ws_moveit2/install/moveit_configs_utils:/opt/ros/humble /usr/bin/cmake /home/jishnu/project/ros2-project/projects/workspace/src/tutorial_interfaces -DCMAKE_INSTALL_PREFIX=/home/jishnu/project/ros2-project/projects/workspace/src/install/tutorial_interfaces
[6.841s] Invoking command in '/home/jishnu/project/ros2-project/projects/workspace/src/build/tutorial_interfaces': CMAKE_PREFIX_PATH=${CMAKE_PREFIX_PATH}:/home/jishnu/project/ros2-project/projects/workspace/src/install/py_pubsub:/home/jishnu/project/moveit-projects/ws_moveit2/install/ros2controlcli:/home/jishnu/project/moveit-projects/ws_moveit2/install/moveit_configs_utils:/home/jishnu/ws_moveit2/install/ros2controlcli:/home/jishnu/ws_moveit2/install/moveit_configs_utils:/opt/ros/humble /usr/bin/cmake --build /home/jishnu/project/ros2-project/projects/workspace/src/build/tutorial_interfaces -- -j8 -l8
[7.105s] [  2%] [34m[1mGenerating C code for ROS interfaces[0m
[7.174s] [  4%] [34m[1mGenerating C++ code for ROS interfaces[0m
[7.241s] [  4%] Built target ament_cmake_python_copy_tutorial_interfaces
[7.958s] running egg_info
[7.961s] creating tutorial_interfaces.egg-info
[7.961s] writing tutorial_interfaces.egg-info/PKG-INFO
[7.961s] writing dependency_links to tutorial_interfaces.egg-info/dependency_links.txt
[7.961s] writing top-level names to tutorial_interfaces.egg-info/top_level.txt
[7.962s] writing manifest file 'tutorial_interfaces.egg-info/SOURCES.txt'
[7.968s] reading manifest file 'tutorial_interfaces.egg-info/SOURCES.txt'
[7.972s] writing manifest file 'tutorial_interfaces.egg-info/SOURCES.txt'
[8.036s] [  4%] Built target ament_cmake_python_build_tutorial_interfaces_egg
[8.546s] [  6%] [32mBuilding C object CMakeFiles/tutorial_interfaces__rosidl_generator_c.dir/rosidl_generator_c/tutorial_interfaces/msg/detail/num__functions.c.o[0m
[8.569s] [  8%] [32mBuilding C object CMakeFiles/tutorial_interfaces__rosidl_generator_c.dir/rosidl_generator_c/tutorial_interfaces/msg/detail/sphere__functions.c.o[0m
[8.584s] [ 10%] [32mBuilding C object CMakeFiles/tutorial_interfaces__rosidl_generator_c.dir/rosidl_generator_c/tutorial_interfaces/srv/detail/add_three_ints__functions.c.o[0m
[8.915s] [ 10%] Built target tutorial_interfaces__cpp
[9.096s] [ 12%] [34m[1mGenerating C++ introspection for ROS interfaces[0m
[9.097s] [ 14%] [34m[1mGenerating C++ type support for eProsima Fast-RTPS[0m
[9.100s] [ 17%] [32m[1mLinking C shared library libtutorial_interfaces__rosidl_generator_c.so[0m
[9.106s] [ 19%] [34m[1mGenerating C++ type support dispatch for ROS interfaces[0m
[9.392s] [ 19%] Built target tutorial_interfaces__rosidl_generator_c
[9.452s] [ 21%] [34m[1mGenerating C type support for eProsima Fast-RTPS[0m
[9.515s] [ 23%] [34m[1mGenerating C type support dispatch for ROS interfaces[0m
[9.542s] [ 25%] [34m[1mGenerating C introspection for ROS interfaces[0m
[9.932s] [ 27%] [32mBuilding CXX object CMakeFiles/tutorial_interfaces__rosidl_typesupport_introspection_cpp.dir/rosidl_typesupport_introspection_cpp/tutorial_interfaces/msg/detail/num__type_support.cpp.o[0m
[9.936s] [ 31%] [32mBuilding CXX object CMakeFiles/tutorial_interfaces__rosidl_typesupport_introspection_cpp.dir/rosidl_typesupport_introspection_cpp/tutorial_interfaces/srv/detail/add_three_ints__type_support.cpp.o[0m
[9.936s] [ 31%] [32mBuilding CXX object CMakeFiles/tutorial_interfaces__rosidl_typesupport_introspection_cpp.dir/rosidl_typesupport_introspection_cpp/tutorial_interfaces/msg/detail/sphere__type_support.cpp.o[0m
[10.312s] [ 34%] [32mBuilding CXX object CMakeFiles/tutorial_interfaces__rosidl_typesupport_cpp.dir/rosidl_typesupport_cpp/tutorial_interfaces/msg/num__type_support.cpp.o[0m
[11.032s] [ 36%] [32mBuilding CXX object CMakeFiles/tutorial_interfaces__rosidl_typesupport_fastrtps_c.dir/rosidl_typesupport_fastrtps_c/tutorial_interfaces/msg/detail/num__type_support_c.cpp.o[0m
[11.066s] [ 38%] [32mBuilding CXX object CMakeFiles/tutorial_interfaces__rosidl_typesupport_fastrtps_cpp.dir/rosidl_typesupport_fastrtps_cpp/tutorial_interfaces/msg/detail/dds_fastrtps/num__type_support.cpp.o[0m
[11.116s] [ 40%] [32mBuilding CXX object CMakeFiles/tutorial_interfaces__rosidl_typesupport_c.dir/rosidl_typesupport_c/tutorial_interfaces/msg/num__type_support.cpp.o[0m
[11.262s] [ 42%] [32mBuilding CXX object CMakeFiles/tutorial_interfaces__rosidl_typesupport_c.dir/rosidl_typesupport_c/tutorial_interfaces/msg/sphere__type_support.cpp.o[0m
[11.532s] [ 44%] [32mBuilding CXX object CMakeFiles/tutorial_interfaces__rosidl_typesupport_c.dir/rosidl_typesupport_c/tutorial_interfaces/srv/add_three_ints__type_support.cpp.o[0m
[11.627s] [ 46%] [32mBuilding C object CMakeFiles/tutorial_interfaces__rosidl_typesupport_introspection_c.dir/rosidl_typesupport_introspection_c/tutorial_interfaces/msg/detail/num__type_support.c.o[0m
[11.734s] [ 48%] [32mBuilding CXX object CMakeFiles/tutorial_interfaces__rosidl_typesupport_cpp.dir/rosidl_typesupport_cpp/tutorial_interfaces/msg/sphere__type_support.cpp.o[0m
[11.768s] [ 51%] [32m[1mLinking CXX shared library libtutorial_interfaces__rosidl_typesupport_c.so[0m
[11.858s] [ 53%] [32mBuilding C object CMakeFiles/tutorial_interfaces__rosidl_typesupport_introspection_c.dir/rosidl_typesupport_introspection_c/tutorial_interfaces/msg/detail/sphere__type_support.c.o[0m
[11.901s] [ 55%] [32mBuilding C object CMakeFiles/tutorial_interfaces__rosidl_typesupport_introspection_c.dir/rosidl_typesupport_introspection_c/tutorial_interfaces/srv/detail/add_three_ints__type_support.c.o[0m
[11.991s] [ 57%] [32mBuilding CXX object CMakeFiles/tutorial_interfaces__rosidl_typesupport_cpp.dir/rosidl_typesupport_cpp/tutorial_interfaces/srv/add_three_ints__type_support.cpp.o[0m
[12.134s] [ 59%] [32m[1mLinking C shared library libtutorial_interfaces__rosidl_typesupport_introspection_c.so[0m
[12.166s] [ 59%] Built target tutorial_interfaces__rosidl_typesupport_c
[12.230s] [ 61%] [32mBuilding CXX object CMakeFiles/tutorial_interfaces__rosidl_typesupport_fastrtps_cpp.dir/rosidl_typesupport_fastrtps_cpp/tutorial_interfaces/msg/detail/dds_fastrtps/sphere__type_support.cpp.o[0m
[12.465s] [ 61%] Built target tutorial_interfaces__rosidl_typesupport_introspection_c
[12.478s] [ 63%] [32mBuilding CXX object CMakeFiles/tutorial_interfaces__rosidl_typesupport_fastrtps_cpp.dir/rosidl_typesupport_fastrtps_cpp/tutorial_interfaces/srv/detail/dds_fastrtps/add_three_ints__type_support.cpp.o[0m
[12.553s] [ 65%] [32mBuilding CXX object CMakeFiles/tutorial_interfaces__rosidl_typesupport_fastrtps_c.dir/rosidl_typesupport_fastrtps_c/tutorial_interfaces/msg/detail/sphere__type_support_c.cpp.o[0m
[12.565s] [ 68%] [32m[1mLinking CXX shared library libtutorial_interfaces__rosidl_typesupport_introspection_cpp.so[0m
[12.648s] [ 70%] [32mBuilding CXX object CMakeFiles/tutorial_interfaces__rosidl_typesupport_fastrtps_c.dir/rosidl_typesupport_fastrtps_c/tutorial_interfaces/srv/detail/add_three_ints__type_support_c.cpp.o[0m
[12.984s] [ 70%] Built target tutorial_interfaces__rosidl_typesupport_introspection_cpp
[13.041s] [ 72%] [32m[1mLinking CXX shared library libtutorial_interfaces__rosidl_typesupport_cpp.so[0m
[13.459s] [ 72%] Built target tutorial_interfaces__rosidl_typesupport_cpp
[13.634s] [ 74%] [32m[1mLinking CXX shared library libtutorial_interfaces__rosidl_typesupport_fastrtps_cpp.so[0m
[13.777s] [ 76%] [32m[1mLinking CXX shared library libtutorial_interfaces__rosidl_typesupport_fastrtps_c.so[0m
[13.923s] [ 76%] Built target tutorial_interfaces__rosidl_typesupport_fastrtps_cpp
[14.058s] [ 76%] Built target tutorial_interfaces__rosidl_typesupport_fastrtps_c
[14.213s] [ 76%] Built target tutorial_interfaces
[14.401s] [ 78%] [34m[1mGenerating Python code for ROS interfaces[0m
[15.774s] [ 78%] Built target tutorial_interfaces__py
[15.827s] [ 80%] [32mBuilding C object CMakeFiles/tutorial_interfaces__rosidl_generator_py.dir/rosidl_generator_py/tutorial_interfaces/msg/_num_s.c.o[0m
[15.866s] [ 82%] [32mBuilding C object CMakeFiles/tutorial_interfaces__rosidl_generator_py.dir/rosidl_generator_py/tutorial_interfaces/msg/_sphere_s.c.o[0m
[15.885s] [ 85%] [32mBuilding C object CMakeFiles/tutorial_interfaces__rosidl_generator_py.dir/rosidl_generator_py/tutorial_interfaces/srv/_add_three_ints_s.c.o[0m
[16.191s] [ 87%] [32m[1mLinking C shared library rosidl_generator_py/tutorial_interfaces/libtutorial_interfaces__rosidl_generator_py.so[0m
[16.271s] [ 87%] Built target tutorial_interfaces__rosidl_generator_py
[16.338s] [ 89%] [32mBuilding C object CMakeFiles/tutorial_interfaces__rosidl_typesupport_fastrtps_c__pyext.dir/rosidl_generator_py/tutorial_interfaces/_tutorial_interfaces_s.ep.rosidl_typesupport_fastrtps_c.c.o[0m
[16.340s] [ 91%] [32mBuilding C object CMakeFiles/tutorial_interfaces__rosidl_typesupport_introspection_c__pyext.dir/rosidl_generator_py/tutorial_interfaces/_tutorial_interfaces_s.ep.rosidl_typesupport_introspection_c.c.o[0m
[16.348s] [ 93%] [32mBuilding C object CMakeFiles/tutorial_interfaces__rosidl_typesupport_c__pyext.dir/rosidl_generator_py/tutorial_interfaces/_tutorial_interfaces_s.ep.rosidl_typesupport_c.c.o[0m
[16.505s] [ 95%] [32m[1mLinking C shared library rosidl_generator_py/tutorial_interfaces/tutorial_interfaces_s__rosidl_typesupport_fastrtps_c.cpython-310-x86_64-linux-gnu.so[0m
[16.521s] [ 97%] [32m[1mLinking C shared library rosidl_generator_py/tutorial_interfaces/tutorial_interfaces_s__rosidl_typesupport_introspection_c.cpython-310-x86_64-linux-gnu.so[0m
[16.558s] [100%] [32m[1mLinking C shared library rosidl_generator_py/tutorial_interfaces/tutorial_interfaces_s__rosidl_typesupport_c.cpython-310-x86_64-linux-gnu.so[0m
[16.583s] [100%] Built target tutorial_interfaces__rosidl_typesupport_fastrtps_c__pyext
[16.614s] [100%] Built target tutorial_interfaces__rosidl_typesupport_introspection_c__pyext
[16.628s] [100%] Built target tutorial_interfaces__rosidl_typesupport_c__pyext
[16.648s] Invoked command in '/home/jishnu/project/ros2-project/projects/workspace/src/build/tutorial_interfaces' returned '0': CMAKE_PREFIX_PATH=${CMAKE_PREFIX_PATH}:/home/jishnu/project/ros2-project/projects/workspace/src/install/py_pubsub:/home/jishnu/project/moveit-projects/ws_moveit2/install/ros2controlcli:/home/jishnu/project/moveit-projects/ws_moveit2/install/moveit_configs_utils:/home/jishnu/ws_moveit2/install/ros2controlcli:/home/jishnu/ws_moveit2/install/moveit_configs_utils:/opt/ros/humble /usr/bin/cmake --build /home/jishnu/project/ros2-project/projects/workspace/src/build/tutorial_interfaces -- -j8 -l8
[16.990s] Invoking command in '/home/jishnu/project/ros2-project/projects/workspace/src/build/tutorial_interfaces': CMAKE_PREFIX_PATH=${CMAKE_PREFIX_PATH}:/home/jishnu/project/ros2-project/projects/workspace/src/install/py_pubsub:/home/jishnu/project/moveit-projects/ws_moveit2/install/ros2controlcli:/home/jishnu/project/moveit-projects/ws_moveit2/install/moveit_configs_utils:/home/jishnu/ws_moveit2/install/ros2controlcli:/home/jishnu/ws_moveit2/install/moveit_configs_utils:/opt/ros/humble /usr/bin/cmake --install /home/jishnu/project/ros2-project/projects/workspace/src/build/tutorial_interfaces
[17.000s] -- Install configuration: ""
[17.000s] -- Installing: /home/jishnu/project/ros2-project/projects/workspace/src/install/tutorial_interfaces/share/ament_index/resource_index/rosidl_interfaces/tutorial_interfaces
[17.000s] -- Installing: /home/jishnu/project/ros2-project/projects/workspace/src/install/tutorial_interfaces/include/tutorial_interfaces/tutorial_interfaces
[17.000s] -- Installing: /home/jishnu/project/ros2-project/projects/workspace/src/install/tutorial_interfaces/include/tutorial_interfaces/tutorial_interfaces/srv
[17.000s] -- Installing: /home/jishnu/project/ros2-project/projects/workspace/src/install/tutorial_interfaces/include/tutorial_interfaces/tutorial_interfaces/srv/detail
[17.000s] -- Installing: /home/jishnu/project/ros2-project/projects/workspace/src/install/tutorial_interfaces/include/tutorial_interfaces/tutorial_interfaces/srv/detail/add_three_ints__functions.h
[17.000s] -- Installing: /home/jishnu/project/ros2-project/projects/workspace/src/install/tutorial_interfaces/include/tutorial_interfaces/tutorial_interfaces/srv/detail/add_three_ints__type_support.h
[17.000s] -- Installing: /home/jishnu/project/ros2-project/projects/workspace/src/install/tutorial_interfaces/include/tutorial_interfaces/tutorial_interfaces/srv/detail/add_three_ints__functions.c
[17.001s] -- Installing: /home/jishnu/project/ros2-project/projects/workspace/src/install/tutorial_interfaces/include/tutorial_interfaces/tutorial_interfaces/srv/detail/add_three_ints__struct.h
[17.001s] -- Installing: /home/jishnu/project/ros2-project/projects/workspace/src/install/tutorial_interfaces/include/tutorial_interfaces/tutorial_interfaces/srv/add_three_ints.h
[17.001s] -- Installing: /home/jishnu/project/ros2-project/projects/workspace/src/install/tutorial_interfaces/include/tutorial_interfaces/tutorial_interfaces/msg
[17.001s] -- Installing: /home/jishnu/project/ros2-project/projects/workspace/src/install/tutorial_interfaces/include/tutorial_interfaces/tutorial_interfaces/msg/rosidl_generator_c__visibility_control.h
[17.001s] -- Installing: /home/jishnu/project/ros2-project/projects/workspace/src/install/tutorial_interfaces/include/tutorial_interfaces/tutorial_interfaces/msg/num.h
[17.001s] -- Installing: /home/jishnu/project/ros2-project/projects/workspace/src/install/tutorial_interfaces/include/tutorial_interfaces/tutorial_interfaces/msg/detail
[17.001s] -- Installing: /home/jishnu/project/ros2-project/projects/workspace/src/install/tutorial_interfaces/include/tutorial_interfaces/tutorial_interfaces/msg/detail/num__functions.h
[17.002s] -- Installing: /home/jishnu/project/ros2-project/projects/workspace/src/install/tutorial_interfaces/include/tutorial_interfaces/tutorial_interfaces/msg/detail/sphere__struct.h
[17.002s] -- Installing: /home/jishnu/project/ros2-project/projects/workspace/src/install/tutorial_interfaces/include/tutorial_interfaces/tutorial_interfaces/msg/detail/sphere__functions.c
[17.002s] -- Installing: /home/jishnu/project/ros2-project/projects/workspace/src/install/tutorial_interfaces/include/tutorial_interfaces/tutorial_interfaces/msg/detail/num__struct.h
[17.002s] -- Installing: /home/jishnu/project/ros2-project/projects/workspace/src/install/tutorial_interfaces/include/tutorial_interfaces/tutorial_interfaces/msg/detail/num__type_support.h
[17.002s] -- Installing: /home/jishnu/project/ros2-project/projects/workspace/src/install/tutorial_interfaces/include/tutorial_interfaces/tutorial_interfaces/msg/detail/sphere__functions.h
[17.002s] -- Installing: /home/jishnu/project/ros2-project/projects/workspace/src/install/tutorial_interfaces/include/tutorial_interfaces/tutorial_interfaces/msg/detail/sphere__type_support.h
[17.002s] -- Installing: /home/jishnu/project/ros2-project/projects/workspace/src/install/tutorial_interfaces/include/tutorial_interfaces/tutorial_interfaces/msg/detail/num__functions.c
[17.002s] -- Installing: /home/jishnu/project/ros2-project/projects/workspace/src/install/tutorial_interfaces/include/tutorial_interfaces/tutorial_interfaces/msg/sphere.h
[17.003s] -- Installing: /home/jishnu/project/ros2-project/projects/workspace/src/install/tutorial_interfaces/share/tutorial_interfaces/environment/library_path.sh
[17.003s] -- Installing: /home/jishnu/project/ros2-project/projects/workspace/src/install/tutorial_interfaces/share/tutorial_interfaces/environment/library_path.dsv
[17.006s] -- Installing: /home/jishnu/project/ros2-project/projects/workspace/src/install/tutorial_interfaces/lib/libtutorial_interfaces__rosidl_generator_c.so
[17.006s] -- Set runtime path of "/home/jishnu/project/ros2-project/projects/workspace/src/install/tutorial_interfaces/lib/libtutorial_interfaces__rosidl_generator_c.so" to ""
[17.007s] -- Up-to-date: /home/jishnu/project/ros2-project/projects/workspace/src/install/tutorial_interfaces/include/tutorial_interfaces/tutorial_interfaces
[17.007s] -- Up-to-date: /home/jishnu/project/ros2-project/projects/workspace/src/install/tutorial_interfaces/include/tutorial_interfaces/tutorial_interfaces/srv
[17.007s] -- Up-to-date: /home/jishnu/project/ros2-project/projects/workspace/src/install/tutorial_interfaces/include/tutorial_interfaces/tutorial_interfaces/srv/detail
[17.007s] -- Installing: /home/jishnu/project/ros2-project/projects/workspace/src/install/tutorial_interfaces/include/tutorial_interfaces/tutorial_interfaces/srv/detail/add_three_ints__rosidl_typesupport_fastrtps_c.h
[17.007s] -- Up-to-date: /home/jishnu/project/ros2-project/projects/workspace/src/install/tutorial_interfaces/include/tutorial_interfaces/tutorial_interfaces/msg
[17.008s] -- Installing: /home/jishnu/project/ros2-project/projects/workspace/src/install/tutorial_interfaces/include/tutorial_interfaces/tutorial_interfaces/msg/rosidl_typesupport_fastrtps_c__visibility_control.h
[17.008s] -- Up-to-date: /home/jishnu/project/ros2-project/projects/workspace/src/install/tutorial_interfaces/include/tutorial_interfaces/tutorial_interfaces/msg/detail
[17.008s] -- Installing: /home/jishnu/project/ros2-project/projects/workspace/src/install/tutorial_interfaces/include/tutorial_interfaces/tutorial_interfaces/msg/detail/sphere__rosidl_typesupport_fastrtps_c.h
[17.008s] -- Installing: /home/jishnu/project/ros2-project/projects/workspace/src/install/tutorial_interfaces/include/tutorial_interfaces/tutorial_interfaces/msg/detail/num__rosidl_typesupport_fastrtps_c.h
[17.008s] -- Installing: /home/jishnu/project/ros2-project/projects/workspace/src/install/tutorial_interfaces/lib/libtutorial_interfaces__rosidl_typesupport_fastrtps_c.so
[17.008s] -- Set runtime path of "/home/jishnu/project/ros2-project/projects/workspace/src/install/tutorial_interfaces/lib/libtutorial_interfaces__rosidl_typesupport_fastrtps_c.so" to ""
[17.008s] -- Up-to-date: /home/jishnu/project/ros2-project/projects/workspace/src/install/tutorial_interfaces/include/tutorial_interfaces/tutorial_interfaces
[17.008s] -- Up-to-date: /home/jishnu/project/ros2-project/projects/workspace/src/install/tutorial_interfaces/include/tutorial_interfaces/tutorial_interfaces/srv
[17.009s] -- Installing: /home/jishnu/project/ros2-project/projects/workspace/src/install/tutorial_interfaces/include/tutorial_interfaces/tutorial_interfaces/srv/add_three_ints.hpp
[17.009s] -- Up-to-date: /home/jishnu/project/ros2-project/projects/workspace/src/install/tutorial_interfaces/include/tutorial_interfaces/tutorial_interfaces/srv/detail
[17.009s] -- Installing: /home/jishnu/project/ros2-project/projects/workspace/src/install/tutorial_interfaces/include/tutorial_interfaces/tutorial_interfaces/srv/detail/add_three_ints__traits.hpp
[17.009s] -- Installing: /home/jishnu/project/ros2-project/projects/workspace/src/install/tutorial_interfaces/include/tutorial_interfaces/tutorial_interfaces/srv/detail/add_three_ints__builder.hpp
[17.010s] -- Installing: /home/jishnu/project/ros2-project/projects/workspace/src/install/tutorial_interfaces/include/tutorial_interfaces/tutorial_interfaces/srv/detail/add_three_ints__struct.hpp
[17.010s] -- Up-to-date: /home/jishnu/project/ros2-project/projects/workspace/src/install/tutorial_interfaces/include/tutorial_interfaces/tutorial_interfaces/msg
[17.010s] -- Installing: /home/jishnu/project/ros2-project/projects/workspace/src/install/tutorial_interfaces/include/tutorial_interfaces/tutorial_interfaces/msg/num.hpp
[17.010s] -- Installing: /home/jishnu/project/ros2-project/projects/workspace/src/install/tutorial_interfaces/include/tutorial_interfaces/tutorial_interfaces/msg/sphere.hpp
[17.011s] -- Up-to-date: /home/jishnu/project/ros2-project/projects/workspace/src/install/tutorial_interfaces/include/tutorial_interfaces/tutorial_interfaces/msg/detail
[17.011s] -- Installing: /home/jishnu/project/ros2-project/projects/workspace/src/install/tutorial_interfaces/include/tutorial_interfaces/tutorial_interfaces/msg/detail/sphere__builder.hpp
[17.011s] -- Installing: /home/jishnu/project/ros2-project/projects/workspace/src/install/tutorial_interfaces/include/tutorial_interfaces/tutorial_interfaces/msg/detail/num__traits.hpp
[17.011s] -- Installing: /home/jishnu/project/ros2-project/projects/workspace/src/install/tutorial_interfaces/include/tutorial_interfaces/tutorial_interfaces/msg/detail/sphere__traits.hpp
[17.011s] -- Installing: /home/jishnu/project/ros2-project/projects/workspace/src/install/tutorial_interfaces/include/tutorial_interfaces/tutorial_interfaces/msg/detail/sphere__struct.hpp
[17.011s] -- Installing: /home/jishnu/project/ros2-project/projects/workspace/src/install/tutorial_interfaces/include/tutorial_interfaces/tutorial_interfaces/msg/detail/num__builder.hpp
[17.011s] -- Installing: /home/jishnu/project/ros2-project/projects/workspace/src/install/tutorial_interfaces/include/tutorial_interfaces/tutorial_interfaces/msg/detail/num__struct.hpp
[17.011s] -- Up-to-date: /home/jishnu/project/ros2-project/projects/workspace/src/install/tutorial_interfaces/include/tutorial_interfaces/tutorial_interfaces
[17.012s] -- Up-to-date: /home/jishnu/project/ros2-project/projects/workspace/src/install/tutorial_interfaces/include/tutorial_interfaces/tutorial_interfaces/srv
[17.012s] -- Up-to-date: /home/jishnu/project/ros2-project/projects/workspace/src/install/tutorial_interfaces/include/tutorial_interfaces/tutorial_interfaces/srv/detail
[17.012s] -- Installing: /home/jishnu/project/ros2-project/projects/workspace/src/install/tutorial_interfaces/include/tutorial_interfaces/tutorial_interfaces/srv/detail/add_three_ints__rosidl_typesupport_fastrtps_cpp.hpp
[17.012s] -- Installing: /home/jishnu/project/ros2-project/projects/workspace/src/install/tutorial_interfaces/include/tutorial_interfaces/tutorial_interfaces/srv/detail/dds_fastrtps
[17.013s] -- Up-to-date: /home/jishnu/project/ros2-project/projects/workspace/src/install/tutorial_interfaces/include/tutorial_interfaces/tutorial_interfaces/msg
[17.013s] -- Installing: /home/jishnu/project/ros2-project/projects/workspace/src/install/tutorial_interfaces/include/tutorial_interfaces/tutorial_interfaces/msg/rosidl_typesupport_fastrtps_cpp__visibility_control.h
[17.013s] -- Up-to-date: /home/jishnu/project/ros2-project/projects/workspace/src/install/tutorial_interfaces/include/tutorial_interfaces/tutorial_interfaces/msg/detail
[17.014s] -- Installing: /home/jishnu/project/ros2-project/projects/workspace/src/install/tutorial_interfaces/include/tutorial_interfaces/tutorial_interfaces/msg/detail/num__rosidl_typesupport_fastrtps_cpp.hpp
[17.014s] -- Installing: /home/jishnu/project/ros2-project/projects/workspace/src/install/tutorial_interfaces/include/tutorial_interfaces/tutorial_interfaces/msg/detail/sphere__rosidl_typesupport_fastrtps_cpp.hpp
[17.014s] -- Installing: /home/jishnu/project/ros2-project/projects/workspace/src/install/tutorial_interfaces/include/tutorial_interfaces/tutorial_interfaces/msg/detail/dds_fastrtps
[17.014s] -- Installing: /home/jishnu/project/ros2-project/projects/workspace/src/install/tutorial_interfaces/lib/libtutorial_interfaces__rosidl_typesupport_fastrtps_cpp.so
[17.015s] -- Set runtime path of "/home/jishnu/project/ros2-project/projects/workspace/src/install/tutorial_interfaces/lib/libtutorial_interfaces__rosidl_typesupport_fastrtps_cpp.so" to ""
[17.015s] -- Up-to-date: /home/jishnu/project/ros2-project/projects/workspace/src/install/tutorial_interfaces/include/tutorial_interfaces/tutorial_interfaces
[17.015s] -- Up-to-date: /home/jishnu/project/ros2-project/projects/workspace/src/install/tutorial_interfaces/include/tutorial_interfaces/tutorial_interfaces/srv
[17.015s] -- Up-to-date: /home/jishnu/project/ros2-project/projects/workspace/src/install/tutorial_interfaces/include/tutorial_interfaces/tutorial_interfaces/srv/detail
[17.016s] -- Installing: /home/jishnu/project/ros2-project/projects/workspace/src/install/tutorial_interfaces/include/tutorial_interfaces/tutorial_interfaces/srv/detail/add_three_ints__type_support.c
[17.016s] -- Installing: /home/jishnu/project/ros2-project/projects/workspace/src/install/tutorial_interfaces/include/tutorial_interfaces/tutorial_interfaces/srv/detail/add_three_ints__rosidl_typesupport_introspection_c.h
[17.016s] -- Up-to-date: /home/jishnu/project/ros2-project/projects/workspace/src/install/tutorial_interfaces/include/tutorial_interfaces/tutorial_interfaces/msg
[17.017s] -- Up-to-date: /home/jishnu/project/ros2-project/projects/workspace/src/install/tutorial_interfaces/include/tutorial_interfaces/tutorial_interfaces/msg/detail
[17.017s] -- Installing: /home/jishnu/project/ros2-project/projects/workspace/src/install/tutorial_interfaces/include/tutorial_interfaces/tutorial_interfaces/msg/detail/num__type_support.c
[17.017s] -- Installing: /home/jishnu/project/ros2-project/projects/workspace/src/install/tutorial_interfaces/include/tutorial_interfaces/tutorial_interfaces/msg/detail/num__rosidl_typesupport_introspection_c.h
[17.017s] -- Installing: /home/jishnu/project/ros2-project/projects/workspace/src/install/tutorial_interfaces/include/tutorial_interfaces/tutorial_interfaces/msg/detail/sphere__rosidl_typesupport_introspection_c.h
[17.018s] -- Installing: /home/jishnu/project/ros2-project/projects/workspace/src/install/tutorial_interfaces/include/tutorial_interfaces/tutorial_interfaces/msg/detail/sphere__type_support.c
[17.018s] -- Installing: /home/jishnu/project/ros2-project/projects/workspace/src/install/tutorial_interfaces/include/tutorial_interfaces/tutorial_interfaces/msg/rosidl_typesupport_introspection_c__visibility_control.h
[17.018s] -- Installing: /home/jishnu/project/ros2-project/projects/workspace/src/install/tutorial_interfaces/lib/libtutorial_interfaces__rosidl_typesupport_introspection_c.so
[17.018s] -- Set runtime path of "/home/jishnu/project/ros2-project/projects/workspace/src/install/tutorial_interfaces/lib/libtutorial_interfaces__rosidl_typesupport_introspection_c.so" to ""
[17.018s] -- Installing: /home/jishnu/project/ros2-project/projects/workspace/src/install/tutorial_interfaces/lib/libtutorial_interfaces__rosidl_typesupport_c.so
[17.018s] -- Set runtime path of "/home/jishnu/project/ros2-project/projects/workspace/src/install/tutorial_interfaces/lib/libtutorial_interfaces__rosidl_typesupport_c.so" to ""
[17.019s] -- Up-to-date: /home/jishnu/project/ros2-project/projects/workspace/src/install/tutorial_interfaces/include/tutorial_interfaces/tutorial_interfaces
[17.019s] -- Up-to-date: /home/jishnu/project/ros2-project/projects/workspace/src/install/tutorial_interfaces/include/tutorial_interfaces/tutorial_interfaces/srv
[17.019s] -- Up-to-date: /home/jishnu/project/ros2-project/projects/workspace/src/install/tutorial_interfaces/include/tutorial_interfaces/tutorial_interfaces/srv/detail
[17.019s] -- Installing: /home/jishnu/project/ros2-project/projects/workspace/src/install/tutorial_interfaces/include/tutorial_interfaces/tutorial_interfaces/srv/detail/add_three_ints__type_support.cpp
[17.019s] -- Installing: /home/jishnu/project/ros2-project/projects/workspace/src/install/tutorial_interfaces/include/tutorial_interfaces/tutorial_interfaces/srv/detail/add_three_ints__rosidl_typesupport_introspection_cpp.hpp
[17.019s] -- Up-to-date: /home/jishnu/project/ros2-project/projects/workspace/src/install/tutorial_interfaces/include/tutorial_interfaces/tutorial_interfaces/msg
[17.019s] -- Up-to-date: /home/jishnu/project/ros2-project/projects/workspace/src/install/tutorial_interfaces/include/tutorial_interfaces/tutorial_interfaces/msg/detail
[17.019s] -- Installing: /home/jishnu/project/ros2-project/projects/workspace/src/install/tutorial_interfaces/include/tutorial_interfaces/tutorial_interfaces/msg/detail/sphere__type_support.cpp
[17.020s] -- Installing: /home/jishnu/project/ros2-project/projects/workspace/src/install/tutorial_interfaces/include/tutorial_interfaces/tutorial_interfaces/msg/detail/num__type_support.cpp
[17.020s] -- Installing: /home/jishnu/project/ros2-project/projects/workspace/src/install/tutorial_interfaces/include/tutorial_interfaces/tutorial_interfaces/msg/detail/num__rosidl_typesupport_introspection_cpp.hpp
[17.020s] -- Installing: /home/jishnu/project/ros2-project/projects/workspace/src/install/tutorial_interfaces/include/tutorial_interfaces/tutorial_interfaces/msg/detail/sphere__rosidl_typesupport_introspection_cpp.hpp
[17.020s] -- Installing: /home/jishnu/project/ros2-project/projects/workspace/src/install/tutorial_interfaces/lib/libtutorial_interfaces__rosidl_typesupport_introspection_cpp.so
[17.020s] -- Set runtime path of "/home/jishnu/project/ros2-project/projects/workspace/src/install/tutorial_interfaces/lib/libtutorial_interfaces__rosidl_typesupport_introspection_cpp.so" to ""
[17.020s] -- Installing: /home/jishnu/project/ros2-project/projects/workspace/src/install/tutorial_interfaces/lib/libtutorial_interfaces__rosidl_typesupport_cpp.so
[17.020s] -- Set runtime path of "/home/jishnu/project/ros2-project/projects/workspace/src/install/tutorial_interfaces/lib/libtutorial_interfaces__rosidl_typesupport_cpp.so" to ""
[17.020s] -- Installing: /home/jishnu/project/ros2-project/projects/workspace/src/install/tutorial_interfaces/share/tutorial_interfaces/environment/pythonpath.sh
[17.020s] -- Installing: /home/jishnu/project/ros2-project/projects/workspace/src/install/tutorial_interfaces/share/tutorial_interfaces/environment/pythonpath.dsv
[17.020s] -- Installing: /home/jishnu/project/ros2-project/projects/workspace/src/install/tutorial_interfaces/local/lib/python3.10/dist-packages/tutorial_interfaces-0.0.0-py3.10.egg-info
[17.065s] -- Installing: /home/jishnu/project/ros2-project/projects/workspace/src/install/tutorial_interfaces/local/lib/python3.10/dist-packages/tutorial_interfaces-0.0.0-py3.10.egg-info/top_level.txt
[17.065s] -- Installing: /home/jishnu/project/ros2-project/projects/workspace/src/install/tutorial_interfaces/local/lib/python3.10/dist-packages/tutorial_interfaces-0.0.0-py3.10.egg-info/dependency_links.txt
[17.065s] -- Installing: /home/jishnu/project/ros2-project/projects/workspace/src/install/tutorial_interfaces/local/lib/python3.10/dist-packages/tutorial_interfaces-0.0.0-py3.10.egg-info/SOURCES.txt
[17.066s] -- Installing: /home/jishnu/project/ros2-project/projects/workspace/src/install/tutorial_interfaces/local/lib/python3.10/dist-packages/tutorial_interfaces-0.0.0-py3.10.egg-info/PKG-INFO
[17.066s] -- Installing: /home/jishnu/project/ros2-project/projects/workspace/src/install/tutorial_interfaces/local/lib/python3.10/dist-packages/tutorial_interfaces
[17.067s] -- Installing: /home/jishnu/project/ros2-project/projects/workspace/src/install/tutorial_interfaces/local/lib/python3.10/dist-packages/tutorial_interfaces/srv
[17.067s] -- Installing: /home/jishnu/project/ros2-project/projects/workspace/src/install/tutorial_interfaces/local/lib/python3.10/dist-packages/tutorial_interfaces/srv/__init__.py
[17.068s] -- Installing: /home/jishnu/project/ros2-project/projects/workspace/src/install/tutorial_interfaces/local/lib/python3.10/dist-packages/tutorial_interfaces/srv/_add_three_ints.py
[17.068s] -- Installing: /home/jishnu/project/ros2-project/projects/workspace/src/install/tutorial_interfaces/local/lib/python3.10/dist-packages/tutorial_interfaces/srv/_add_three_ints_s.c
[17.068s] -- Installing: /home/jishnu/project/ros2-project/projects/workspace/src/install/tutorial_interfaces/local/lib/python3.10/dist-packages/tutorial_interfaces/msg
[17.068s] -- Installing: /home/jishnu/project/ros2-project/projects/workspace/src/install/tutorial_interfaces/local/lib/python3.10/dist-packages/tutorial_interfaces/msg/_sphere.py
[17.068s] -- Installing: /home/jishnu/project/ros2-project/projects/workspace/src/install/tutorial_interfaces/local/lib/python3.10/dist-packages/tutorial_interfaces/msg/_num.py
[17.068s] -- Installing: /home/jishnu/project/ros2-project/projects/workspace/src/install/tutorial_interfaces/local/lib/python3.10/dist-packages/tutorial_interfaces/msg/__init__.py
[17.068s] -- Installing: /home/jishnu/project/ros2-project/projects/workspace/src/install/tutorial_interfaces/local/lib/python3.10/dist-packages/tutorial_interfaces/msg/_num_s.c
[17.068s] -- Installing: /home/jishnu/project/ros2-project/projects/workspace/src/install/tutorial_interfaces/local/lib/python3.10/dist-packages/tutorial_interfaces/msg/_sphere_s.c
[17.068s] -- Installing: /home/jishnu/project/ros2-project/projects/workspace/src/install/tutorial_interfaces/local/lib/python3.10/dist-packages/tutorial_interfaces/tutorial_interfaces_s__rosidl_typesupport_introspection_c.cpython-310-x86_64-linux-gnu.so
[17.068s] -- Installing: /home/jishnu/project/ros2-project/projects/workspace/src/install/tutorial_interfaces/local/lib/python3.10/dist-packages/tutorial_interfaces/__init__.py
[17.069s] -- Installing: /home/jishnu/project/ros2-project/projects/workspace/src/install/tutorial_interfaces/local/lib/python3.10/dist-packages/tutorial_interfaces/libtutorial_interfaces__rosidl_generator_py.so
[17.069s] -- Installing: /home/jishnu/project/ros2-project/projects/workspace/src/install/tutorial_interfaces/local/lib/python3.10/dist-packages/tutorial_interfaces/tutorial_interfaces_s__rosidl_typesupport_c.cpython-310-x86_64-linux-gnu.so
[17.069s] -- Installing: /home/jishnu/project/ros2-project/projects/workspace/src/install/tutorial_interfaces/local/lib/python3.10/dist-packages/tutorial_interfaces/_tutorial_interfaces_s.ep.rosidl_typesupport_introspection_c.c
[17.069s] -- Installing: /home/jishnu/project/ros2-project/projects/workspace/src/install/tutorial_interfaces/local/lib/python3.10/dist-packages/tutorial_interfaces/tutorial_interfaces_s__rosidl_typesupport_fastrtps_c.cpython-310-x86_64-linux-gnu.so
[17.069s] -- Installing: /home/jishnu/project/ros2-project/projects/workspace/src/install/tutorial_interfaces/local/lib/python3.10/dist-packages/tutorial_interfaces/_tutorial_interfaces_s.ep.rosidl_typesupport_fastrtps_c.c
[17.069s] -- Installing: /home/jishnu/project/ros2-project/projects/workspace/src/install/tutorial_interfaces/local/lib/python3.10/dist-packages/tutorial_interfaces/_tutorial_interfaces_s.ep.rosidl_typesupport_c.c
[17.119s] Listing '/home/jishnu/project/ros2-project/projects/workspace/src/install/tutorial_interfaces/local/lib/python3.10/dist-packages/tutorial_interfaces'...
[17.119s] Compiling '/home/jishnu/project/ros2-project/projects/workspace/src/install/tutorial_interfaces/local/lib/python3.10/dist-packages/tutorial_interfaces/__init__.py'...
[17.119s] Listing '/home/jishnu/project/ros2-project/projects/workspace/src/install/tutorial_interfaces/local/lib/python3.10/dist-packages/tutorial_interfaces/msg'...
[17.119s] Compiling '/home/jishnu/project/ros2-project/projects/workspace/src/install/tutorial_interfaces/local/lib/python3.10/dist-packages/tutorial_interfaces/msg/__init__.py'...
[17.119s] Compiling '/home/jishnu/project/ros2-project/projects/workspace/src/install/tutorial_interfaces/local/lib/python3.10/dist-packages/tutorial_interfaces/msg/_num.py'...
[17.119s] Compiling '/home/jishnu/project/ros2-project/projects/workspace/src/install/tutorial_interfaces/local/lib/python3.10/dist-packages/tutorial_interfaces/msg/_sphere.py'...
[17.119s] Listing '/home/jishnu/project/ros2-project/projects/workspace/src/install/tutorial_interfaces/local/lib/python3.10/dist-packages/tutorial_interfaces/srv'...
[17.119s] Compiling '/home/jishnu/project/ros2-project/projects/workspace/src/install/tutorial_interfaces/local/lib/python3.10/dist-packages/tutorial_interfaces/srv/__init__.py'...
[17.120s] Compiling '/home/jishnu/project/ros2-project/projects/workspace/src/install/tutorial_interfaces/local/lib/python3.10/dist-packages/tutorial_interfaces/srv/_add_three_ints.py'...
[17.125s] -- Installing: /home/jishnu/project/ros2-project/projects/workspace/src/install/tutorial_interfaces/local/lib/python3.10/dist-packages/tutorial_interfaces/tutorial_interfaces_s__rosidl_typesupport_fastrtps_c.cpython-310-x86_64-linux-gnu.so
[17.125s] -- Set runtime path of "/home/jishnu/project/ros2-project/projects/workspace/src/install/tutorial_interfaces/local/lib/python3.10/dist-packages/tutorial_interfaces/tutorial_interfaces_s__rosidl_typesupport_fastrtps_c.cpython-310-x86_64-linux-gnu.so" to ""
[17.126s] -- Installing: /home/jishnu/project/ros2-project/projects/workspace/src/install/tutorial_interfaces/local/lib/python3.10/dist-packages/tutorial_interfaces/tutorial_interfaces_s__rosidl_typesupport_introspection_c.cpython-310-x86_64-linux-gnu.so
[17.126s] -- Set runtime path of "/home/jishnu/project/ros2-project/projects/workspace/src/install/tutorial_interfaces/local/lib/python3.10/dist-packages/tutorial_interfaces/tutorial_interfaces_s__rosidl_typesupport_introspection_c.cpython-310-x86_64-linux-gnu.so" to ""
[17.126s] -- Installing: /home/jishnu/project/ros2-project/projects/workspace/src/install/tutorial_interfaces/local/lib/python3.10/dist-packages/tutorial_interfaces/tutorial_interfaces_s__rosidl_typesupport_c.cpython-310-x86_64-linux-gnu.so
[17.127s] -- Set runtime path of "/home/jishnu/project/ros2-project/projects/workspace/src/install/tutorial_interfaces/local/lib/python3.10/dist-packages/tutorial_interfaces/tutorial_interfaces_s__rosidl_typesupport_c.cpython-310-x86_64-linux-gnu.so" to ""
[17.127s] -- Installing: /home/jishnu/project/ros2-project/projects/workspace/src/install/tutorial_interfaces/lib/libtutorial_interfaces__rosidl_generator_py.so
[17.127s] -- Set runtime path of "/home/jishnu/project/ros2-project/projects/workspace/src/install/tutorial_interfaces/lib/libtutorial_interfaces__rosidl_generator_py.so" to ""
[17.165s] -- Installing: /home/jishnu/project/ros2-project/projects/workspace/src/install/tutorial_interfaces/share/tutorial_interfaces/msg/Num.idl
[17.165s] -- Installing: /home/jishnu/project/ros2-project/projects/workspace/src/install/tutorial_interfaces/share/tutorial_interfaces/msg/Sphere.idl
[17.165s] -- Installing: /home/jishnu/project/ros2-project/projects/workspace/src/install/tutorial_interfaces/share/tutorial_interfaces/srv/AddThreeInts.idl
[17.165s] -- Installing: /home/jishnu/project/ros2-project/projects/workspace/src/install/tutorial_interfaces/share/tutorial_interfaces/msg/Num.msg
[17.165s] -- Installing: /home/jishnu/project/ros2-project/projects/workspace/src/install/tutorial_interfaces/share/tutorial_interfaces/msg/Sphere.msg
[17.165s] -- Installing: /home/jishnu/project/ros2-project/projects/workspace/src/install/tutorial_interfaces/share/tutorial_interfaces/srv/AddThreeInts.srv
[17.166s] -- Installing: /home/jishnu/project/ros2-project/projects/workspace/src/install/tutorial_interfaces/share/tutorial_interfaces/srv/AddThreeInts_Request.msg
[17.166s] -- Installing: /home/jishnu/project/ros2-project/projects/workspace/src/install/tutorial_interfaces/share/tutorial_interfaces/srv/AddThreeInts_Response.msg
[17.166s] -- Installing: /home/jishnu/project/ros2-project/projects/workspace/src/install/tutorial_interfaces/share/ament_index/resource_index/package_run_dependencies/tutorial_interfaces
[17.166s] -- Installing: /home/jishnu/project/ros2-project/projects/workspace/src/install/tutorial_interfaces/share/ament_index/resource_index/parent_prefix_path/tutorial_interfaces
[17.166s] -- Installing: /home/jishnu/project/ros2-project/projects/workspace/src/install/tutorial_interfaces/share/tutorial_interfaces/environment/ament_prefix_path.sh
[17.166s] -- Installing: /home/jishnu/project/ros2-project/projects/workspace/src/install/tutorial_interfaces/share/tutorial_interfaces/environment/ament_prefix_path.dsv
[17.166s] -- Installing: /home/jishnu/project/ros2-project/projects/workspace/src/install/tutorial_interfaces/share/tutorial_interfaces/environment/path.sh
[17.166s] -- Installing: /home/jishnu/project/ros2-project/projects/workspace/src/install/tutorial_interfaces/share/tutorial_interfaces/environment/path.dsv
[17.166s] -- Installing: /home/jishnu/project/ros2-project/projects/workspace/src/install/tutorial_interfaces/share/tutorial_interfaces/local_setup.bash
[17.167s] -- Installing: /home/jishnu/project/ros2-project/projects/workspace/src/install/tutorial_interfaces/share/tutorial_interfaces/local_setup.sh
[17.167s] -- Installing: /home/jishnu/project/ros2-project/projects/workspace/src/install/tutorial_interfaces/share/tutorial_interfaces/local_setup.zsh
[17.167s] -- Installing: /home/jishnu/project/ros2-project/projects/workspace/src/install/tutorial_interfaces/share/tutorial_interfaces/local_setup.dsv
[17.167s] -- Installing: /home/jishnu/project/ros2-project/projects/workspace/src/install/tutorial_interfaces/share/tutorial_interfaces/package.dsv
[17.167s] -- Installing: /home/jishnu/project/ros2-project/projects/workspace/src/install/tutorial_interfaces/share/ament_index/resource_index/packages/tutorial_interfaces
[17.167s] -- Installing: /home/jishnu/project/ros2-project/projects/workspace/src/install/tutorial_interfaces/share/tutorial_interfaces/cmake/export_tutorial_interfaces__rosidl_generator_cExport.cmake
[17.167s] -- Installing: /home/jishnu/project/ros2-project/projects/workspace/src/install/tutorial_interfaces/share/tutorial_interfaces/cmake/export_tutorial_interfaces__rosidl_generator_cExport-noconfig.cmake
[17.168s] -- Installing: /home/jishnu/project/ros2-project/projects/workspace/src/install/tutorial_interfaces/share/tutorial_interfaces/cmake/export_tutorial_interfaces__rosidl_typesupport_fastrtps_cExport.cmake
[17.168s] -- Installing: /home/jishnu/project/ros2-project/projects/workspace/src/install/tutorial_interfaces/share/tutorial_interfaces/cmake/export_tutorial_interfaces__rosidl_typesupport_fastrtps_cExport-noconfig.cmake
[17.168s] -- Installing: /home/jishnu/project/ros2-project/projects/workspace/src/install/tutorial_interfaces/share/tutorial_interfaces/cmake/export_tutorial_interfaces__rosidl_generator_cppExport.cmake
[17.168s] -- Installing: /home/jishnu/project/ros2-project/projects/workspace/src/install/tutorial_interfaces/share/tutorial_interfaces/cmake/export_tutorial_interfaces__rosidl_typesupport_fastrtps_cppExport.cmake
[17.168s] -- Installing: /home/jishnu/project/ros2-project/projects/workspace/src/install/tutorial_interfaces/share/tutorial_interfaces/cmake/export_tutorial_interfaces__rosidl_typesupport_fastrtps_cppExport-noconfig.cmake
[17.168s] -- Installing: /home/jishnu/project/ros2-project/projects/workspace/src/install/tutorial_interfaces/share/tutorial_interfaces/cmake/tutorial_interfaces__rosidl_typesupport_introspection_cExport.cmake
[17.168s] -- Installing: /home/jishnu/project/ros2-project/projects/workspace/src/install/tutorial_interfaces/share/tutorial_interfaces/cmake/tutorial_interfaces__rosidl_typesupport_introspection_cExport-noconfig.cmake
[17.168s] -- Installing: /home/jishnu/project/ros2-project/projects/workspace/src/install/tutorial_interfaces/share/tutorial_interfaces/cmake/tutorial_interfaces__rosidl_typesupport_cExport.cmake
[17.168s] -- Installing: /home/jishnu/project/ros2-project/projects/workspace/src/install/tutorial_interfaces/share/tutorial_interfaces/cmake/tutorial_interfaces__rosidl_typesupport_cExport-noconfig.cmake
[17.169s] -- Installing: /home/jishnu/project/ros2-project/projects/workspace/src/install/tutorial_interfaces/share/tutorial_interfaces/cmake/tutorial_interfaces__rosidl_typesupport_introspection_cppExport.cmake
[17.169s] -- Installing: /home/jishnu/project/ros2-project/projects/workspace/src/install/tutorial_interfaces/share/tutorial_interfaces/cmake/tutorial_interfaces__rosidl_typesupport_introspection_cppExport-noconfig.cmake
[17.169s] -- Installing: /home/jishnu/project/ros2-project/projects/workspace/src/install/tutorial_interfaces/share/tutorial_interfaces/cmake/tutorial_interfaces__rosidl_typesupport_cppExport.cmake
[17.169s] -- Installing: /home/jishnu/project/ros2-project/projects/workspace/src/install/tutorial_interfaces/share/tutorial_interfaces/cmake/tutorial_interfaces__rosidl_typesupport_cppExport-noconfig.cmake
[17.169s] -- Installing: /home/jishnu/project/ros2-project/projects/workspace/src/install/tutorial_interfaces/share/tutorial_interfaces/cmake/export_tutorial_interfaces__rosidl_generator_pyExport.cmake
[17.169s] -- Installing: /home/jishnu/project/ros2-project/projects/workspace/src/install/tutorial_interfaces/share/tutorial_interfaces/cmake/export_tutorial_interfaces__rosidl_generator_pyExport-noconfig.cmake
[17.169s] -- Installing: /home/jishnu/project/ros2-project/projects/workspace/src/install/tutorial_interfaces/share/tutorial_interfaces/cmake/rosidl_cmake-extras.cmake
[17.169s] -- Installing: /home/jishnu/project/ros2-project/projects/workspace/src/install/tutorial_interfaces/share/tutorial_interfaces/cmake/ament_cmake_export_dependencies-extras.cmake
[17.170s] -- Installing: /home/jishnu/project/ros2-project/projects/workspace/src/install/tutorial_interfaces/share/tutorial_interfaces/cmake/ament_cmake_export_include_directories-extras.cmake
[17.170s] -- Installing: /home/jishnu/project/ros2-project/projects/workspace/src/install/tutorial_interfaces/share/tutorial_interfaces/cmake/ament_cmake_export_libraries-extras.cmake
[17.170s] -- Installing: /home/jishnu/project/ros2-project/projects/workspace/src/install/tutorial_interfaces/share/tutorial_interfaces/cmake/ament_cmake_export_targets-extras.cmake
[17.170s] -- Installing: /home/jishnu/project/ros2-project/projects/workspace/src/install/tutorial_interfaces/share/tutorial_interfaces/cmake/rosidl_cmake_export_typesupport_targets-extras.cmake
[17.170s] -- Installing: /home/jishnu/project/ros2-project/projects/workspace/src/install/tutorial_interfaces/share/tutorial_interfaces/cmake/rosidl_cmake_export_typesupport_libraries-extras.cmake
[17.170s] -- Installing: /home/jishnu/project/ros2-project/projects/workspace/src/install/tutorial_interfaces/share/tutorial_interfaces/cmake/tutorial_interfacesConfig.cmake
[17.170s] -- Installing: /home/jishnu/project/ros2-project/projects/workspace/src/install/tutorial_interfaces/share/tutorial_interfaces/cmake/tutorial_interfacesConfig-version.cmake
[17.170s] -- Installing: /home/jishnu/project/ros2-project/projects/workspace/src/install/tutorial_interfaces/share/tutorial_interfaces/package.xml
[17.178s] Invoked command in '/home/jishnu/project/ros2-project/projects/workspace/src/build/tutorial_interfaces' returned '0': CMAKE_PREFIX_PATH=${CMAKE_PREFIX_PATH}:/home/jishnu/project/ros2-project/projects/workspace/src/install/py_pubsub:/home/jishnu/project/moveit-projects/ws_moveit2/install/ros2controlcli:/home/jishnu/project/moveit-projects/ws_moveit2/install/moveit_configs_utils:/home/jishnu/ws_moveit2/install/ros2controlcli:/home/jishnu/ws_moveit2/install/moveit_configs_utils:/opt/ros/humble /usr/bin/cmake --install /home/jishnu/project/ros2-project/projects/workspace/src/build/tutorial_interfaces
