running egg_info
writing ../build/my_py_pkg/my_py_pkg.egg-info/PKG-INFO
writing dependency_links to ../build/my_py_pkg/my_py_pkg.egg-info/dependency_links.txt
writing entry points to ../build/my_py_pkg/my_py_pkg.egg-info/entry_points.txt
writing requirements to ../build/my_py_pkg/my_py_pkg.egg-info/requires.txt
writing top-level names to ../build/my_py_pkg/my_py_pkg.egg-info/top_level.txt
reading manifest file '../build/my_py_pkg/my_py_pkg.egg-info/SOURCES.txt'
writing manifest file '../build/my_py_pkg/my_py_pkg.egg-info/SOURCES.txt'
running build
running build_py
running install
/usr/lib/python3/dist-packages/setuptools/command/install.py:34: SetuptoolsDeprecationWarning: setup.py install is deprecated. Use build and pip and other standards-based tools.
  warnings.warn(
running install_lib
running install_data
running install_egg_info
removing '/home/jishnu/robotics/ros-git/ros2-for-beginners-udemy-course/ros2_ws/src/install/my_py_pkg/lib/python3.10/site-packages/my_py_pkg-0.0.0-py3.10.egg-info' (and everything under it)
Copying ../build/my_py_pkg/my_py_pkg.egg-info to /home/jishnu/robotics/ros-git/ros2-for-beginners-udemy-course/ros2_ws/src/install/my_py_pkg/lib/python3.10/site-packages/my_py_pkg-0.0.0-py3.10.egg-info
running install_scripts
Installing my_node script to /home/jishnu/robotics/ros-git/ros2-for-beginners-udemy-course/ros2_ws/src/install/my_py_pkg/lib/my_py_pkg
writing list of installed files to '/home/jishnu/robotics/ros-git/ros2-for-beginners-udemy-course/ros2_ws/src/build/my_py_pkg/install.log'
