[0.978s] Invoking command in '/home/jishnu/robotics/ros-git/ros2-for-beginners-udemy-course/ros2_ws/src/my_py_pkg': PYTHONPATH=/home/jishnu/robotics/ros-git/ros2-for-beginners-udemy-course/ros2_ws/src/build/my_py_pkg/prefix_override:/home/jishnu/robotics/ros-git/ros2-for-beginners-udemy-course/ros2_ws/src/install/my_py_pkg/lib/python3.10/site-packages:${PYTHONPATH} /usr/bin/python3 setup.py egg_info --egg-base ../build/my_py_pkg build --build-base /home/jishnu/robotics/ros-git/ros2-for-beginners-udemy-course/ros2_ws/src/build/my_py_pkg/build install --record /home/jishnu/robotics/ros-git/ros2-for-beginners-udemy-course/ros2_ws/src/build/my_py_pkg/install.log --single-version-externally-managed
[1.322s] running egg_info
[1.323s] writing ../build/my_py_pkg/my_py_pkg.egg-info/PKG-INFO
[1.323s] writing dependency_links to ../build/my_py_pkg/my_py_pkg.egg-info/dependency_links.txt
[1.323s] writing entry points to ../build/my_py_pkg/my_py_pkg.egg-info/entry_points.txt
[1.324s] writing requirements to ../build/my_py_pkg/my_py_pkg.egg-info/requires.txt
[1.324s] writing top-level names to ../build/my_py_pkg/my_py_pkg.egg-info/top_level.txt
[1.326s] reading manifest file '../build/my_py_pkg/my_py_pkg.egg-info/SOURCES.txt'
[1.327s] writing manifest file '../build/my_py_pkg/my_py_pkg.egg-info/SOURCES.txt'
[1.327s] running build
[1.327s] running build_py
[1.327s] running install
[1.328s] /usr/lib/python3/dist-packages/setuptools/command/install.py:34: SetuptoolsDeprecationWarning: setup.py install is deprecated. Use build and pip and other standards-based tools.
[1.328s]   warnings.warn(
[1.328s] running install_lib
[1.330s] running install_data
[1.330s] running install_egg_info
[1.332s] removing '/home/jishnu/robotics/ros-git/ros2-for-beginners-udemy-course/ros2_ws/src/install/my_py_pkg/lib/python3.10/site-packages/my_py_pkg-0.0.0-py3.10.egg-info' (and everything under it)
[1.332s] Copying ../build/my_py_pkg/my_py_pkg.egg-info to /home/jishnu/robotics/ros-git/ros2-for-beginners-udemy-course/ros2_ws/src/install/my_py_pkg/lib/python3.10/site-packages/my_py_pkg-0.0.0-py3.10.egg-info
[1.333s] running install_scripts
[1.360s] Installing my_node script to /home/jishnu/robotics/ros-git/ros2-for-beginners-udemy-course/ros2_ws/src/install/my_py_pkg/lib/my_py_pkg
[1.360s] writing list of installed files to '/home/jishnu/robotics/ros-git/ros2-for-beginners-udemy-course/ros2_ws/src/build/my_py_pkg/install.log'
[1.385s] Invoked command in '/home/jishnu/robotics/ros-git/ros2-for-beginners-udemy-course/ros2_ws/src/my_py_pkg' returned '0': PYTHONPATH=/home/jishnu/robotics/ros-git/ros2-for-beginners-udemy-course/ros2_ws/src/build/my_py_pkg/prefix_override:/home/jishnu/robotics/ros-git/ros2-for-beginners-udemy-course/ros2_ws/src/install/my_py_pkg/lib/python3.10/site-packages:${PYTHONPATH} /usr/bin/python3 setup.py egg_info --egg-base ../build/my_py_pkg build --build-base /home/jishnu/robotics/ros-git/ros2-for-beginners-udemy-course/ros2_ws/src/build/my_py_pkg/build install --record /home/jishnu/robotics/ros-git/ros2-for-beginners-udemy-course/ros2_ws/src/build/my_py_pkg/install.log --single-version-externally-managed
