[0.011s] Invoking command in '/home/jishnu/project/ros2-project/projects/workspace/build/cpp_pubsub': CMAKE_PREFIX_PATH=/home/jishnu/project/ros2-project/projects/workspace/install/ros_test_package:/home/jishnu/project/ros2-project/projects/workspace/install/my_package:/opt/ros/humble /usr/bin/cmake --build /home/jishnu/project/ros2-project/projects/workspace/build/cpp_pubsub -- -j8 -l8
[0.048s] [35m[1mConsolidate compiler generated dependencies of target listener[0m
[0.056s] [35m[1mConsolidate compiler generated dependencies of target talker[0m
[0.068s] [ 50%] Built target talker
[0.070s] [100%] Built target listener
[0.080s] Invoked command in '/home/jishnu/project/ros2-project/projects/workspace/build/cpp_pubsub' returned '0': CMAKE_PREFIX_PATH=/home/jishnu/project/ros2-project/projects/workspace/install/ros_test_package:/home/jishnu/project/ros2-project/projects/workspace/install/my_package:/opt/ros/humble /usr/bin/cmake --build /home/jishnu/project/ros2-project/projects/workspace/build/cpp_pubsub -- -j8 -l8
[0.113s] Invoking command in '/home/jishnu/project/ros2-project/projects/workspace/build/cpp_pubsub': CMAKE_PREFIX_PATH=/home/jishnu/project/ros2-project/projects/workspace/install/ros_test_package:/home/jishnu/project/ros2-project/projects/workspace/install/my_package:/opt/ros/humble /usr/bin/cmake --install /home/jishnu/project/ros2-project/projects/workspace/build/cpp_pubsub
[0.119s] -- Install configuration: ""
[0.119s] -- Up-to-date: /home/jishnu/project/ros2-project/projects/workspace/install/cpp_pubsub/lib/cpp_pubsub/talker
[0.119s] -- Up-to-date: /home/jishnu/project/ros2-project/projects/workspace/install/cpp_pubsub/lib/cpp_pubsub/listener
[0.119s] -- Up-to-date: /home/jishnu/project/ros2-project/projects/workspace/install/cpp_pubsub/share/ament_index/resource_index/package_run_dependencies/cpp_pubsub
[0.119s] -- Up-to-date: /home/jishnu/project/ros2-project/projects/workspace/install/cpp_pubsub/share/ament_index/resource_index/parent_prefix_path/cpp_pubsub
[0.120s] -- Up-to-date: /home/jishnu/project/ros2-project/projects/workspace/install/cpp_pubsub/share/cpp_pubsub/environment/ament_prefix_path.sh
[0.120s] -- Up-to-date: /home/jishnu/project/ros2-project/projects/workspace/install/cpp_pubsub/share/cpp_pubsub/environment/ament_prefix_path.dsv
[0.120s] -- Up-to-date: /home/jishnu/project/ros2-project/projects/workspace/install/cpp_pubsub/share/cpp_pubsub/environment/path.sh
[0.120s] -- Up-to-date: /home/jishnu/project/ros2-project/projects/workspace/install/cpp_pubsub/share/cpp_pubsub/environment/path.dsv
[0.120s] -- Up-to-date: /home/jishnu/project/ros2-project/projects/workspace/install/cpp_pubsub/share/cpp_pubsub/local_setup.bash
[0.120s] -- Up-to-date: /home/jishnu/project/ros2-project/projects/workspace/install/cpp_pubsub/share/cpp_pubsub/local_setup.sh
[0.120s] -- Up-to-date: /home/jishnu/project/ros2-project/projects/workspace/install/cpp_pubsub/share/cpp_pubsub/local_setup.zsh
[0.120s] -- Up-to-date: /home/jishnu/project/ros2-project/projects/workspace/install/cpp_pubsub/share/cpp_pubsub/local_setup.dsv
[0.120s] -- Installing: /home/jishnu/project/ros2-project/projects/workspace/install/cpp_pubsub/share/cpp_pubsub/package.dsv
[0.120s] -- Up-to-date: /home/jishnu/project/ros2-project/projects/workspace/install/cpp_pubsub/share/ament_index/resource_index/packages/cpp_pubsub
[0.121s] -- Up-to-date: /home/jishnu/project/ros2-project/projects/workspace/install/cpp_pubsub/share/cpp_pubsub/cmake/cpp_pubsubConfig.cmake
[0.121s] -- Up-to-date: /home/jishnu/project/ros2-project/projects/workspace/install/cpp_pubsub/share/cpp_pubsub/cmake/cpp_pubsubConfig-version.cmake
[0.121s] -- Up-to-date: /home/jishnu/project/ros2-project/projects/workspace/install/cpp_pubsub/share/cpp_pubsub/package.xml
[0.132s] Invoked command in '/home/jishnu/project/ros2-project/projects/workspace/build/cpp_pubsub' returned '0': CMAKE_PREFIX_PATH=/home/jishnu/project/ros2-project/projects/workspace/install/ros_test_package:/home/jishnu/project/ros2-project/projects/workspace/install/my_package:/opt/ros/humble /usr/bin/cmake --install /home/jishnu/project/ros2-project/projects/workspace/build/cpp_pubsub
