[0.192s] Invoking command in '/home/jishnu/project/ros2-project/projects/workspace/build/tutorial_interfaces': CMAKE_PREFIX_PATH=${CMAKE_PREFIX_PATH}:/home/jishnu/project/moveit-projects/ws_moveit2/install/ros2controlcli:/home/jishnu/project/moveit-projects/ws_moveit2/install/moveit_configs_utils:/home/jishnu/ws_moveit2/install/ros2controlcli:/home/jishnu/ws_moveit2/install/moveit_configs_utils:/opt/ros/humble /usr/bin/cmake --build /home/jishnu/project/ros2-project/projects/workspace/build/tutorial_interfaces -- -j8 -l8
[1.115s] [  2%] Built target tutorial_interfaces__cpp
[1.116s] [ 12%] Built target tutorial_interfaces__rosidl_generator_c
[1.116s] [ 34%] Built target tutorial_interfaces__rosidl_typesupport_cpp
[1.116s] [ 34%] Built target tutorial_interfaces__rosidl_typesupport_fastrtps_cpp
[1.117s] [ 44%] Built target tutorial_interfaces__rosidl_typesupport_introspection_cpp
[1.117s] [ 55%] Built target tutorial_interfaces__rosidl_typesupport_c
[1.117s] [ 65%] Built target tutorial_interfaces__rosidl_typesupport_fastrtps_c
[1.117s] [ 76%] Built target tutorial_interfaces__rosidl_typesupport_introspection_c
[1.117s] [ 76%] Built target tutorial_interfaces
[1.118s] [ 78%] Built target tutorial_interfaces__py
[1.594s] [ 87%] Built target tutorial_interfaces__rosidl_generator_py
[1.662s] [ 87%] Built target ament_cmake_python_copy_tutorial_interfaces
[1.663s] [ 91%] Built target tutorial_interfaces__rosidl_typesupport_c__pyext
[1.729s] [ 95%] Built target tutorial_interfaces__rosidl_typesupport_introspection_c__pyext
[1.783s] [100%] Built target tutorial_interfaces__rosidl_typesupport_fastrtps_c__pyext
[2.007s] running egg_info
[2.008s] writing tutorial_interfaces.egg-info/PKG-INFO
[2.008s] writing dependency_links to tutorial_interfaces.egg-info/dependency_links.txt
[2.008s] writing top-level names to tutorial_interfaces.egg-info/top_level.txt
[2.012s] reading manifest file 'tutorial_interfaces.egg-info/SOURCES.txt'
[2.013s] writing manifest file 'tutorial_interfaces.egg-info/SOURCES.txt'
[2.048s] [100%] Built target ament_cmake_python_build_tutorial_interfaces_egg
