[0.023s] Invoking command in '/home/jishnu/project/ros2-project/projects/workspace/build/cpp_parameters': CMAKE_PREFIX_PATH=${CMAKE_PREFIX_PATH}:/home/jishnu/project/ros2-project/projects/workspace/install/py_pubsub:/home/jishnu/project/ros2-project/projects/workspace/install/ros_test_package:/home/jishnu/project/ros2-project/projects/workspace/install/py_srvcli:/home/jishnu/project/ros2-project/projects/workspace/install/my_package:/opt/ros/humble /usr/bin/cmake --build /home/jishnu/project/ros2-project/projects/workspace/build/cpp_parameters -- -j8 -l8
[0.064s] [35m[1mConsolidate compiler generated dependencies of target parameter_node[0m
[0.082s] [100%] Built target parameter_node
[0.093s] Invoked command in '/home/jishnu/project/ros2-project/projects/workspace/build/cpp_parameters' returned '0': CMAKE_PREFIX_PATH=${CMAKE_PREFIX_PATH}:/home/jishnu/project/ros2-project/projects/workspace/install/py_pubsub:/home/jishnu/project/ros2-project/projects/workspace/install/ros_test_package:/home/jishnu/project/ros2-project/projects/workspace/install/py_srvcli:/home/jishnu/project/ros2-project/projects/workspace/install/my_package:/opt/ros/humble /usr/bin/cmake --build /home/jishnu/project/ros2-project/projects/workspace/build/cpp_parameters -- -j8 -l8
[0.131s] Invoking command in '/home/jishnu/project/ros2-project/projects/workspace/build/cpp_parameters': CMAKE_PREFIX_PATH=${CMAKE_PREFIX_PATH}:/home/jishnu/project/ros2-project/projects/workspace/install/py_pubsub:/home/jishnu/project/ros2-project/projects/workspace/install/ros_test_package:/home/jishnu/project/ros2-project/projects/workspace/install/py_srvcli:/home/jishnu/project/ros2-project/projects/workspace/install/my_package:/opt/ros/humble /usr/bin/cmake --install /home/jishnu/project/ros2-project/projects/workspace/build/cpp_parameters
[0.138s] -- Install configuration: ""
[0.138s] -- Up-to-date: /home/jishnu/project/ros2-project/projects/workspace/install/cpp_parameters/lib/cpp_parameters/parameter_node
[0.139s] -- Up-to-date: /home/jishnu/project/ros2-project/projects/workspace/install/cpp_parameters/share/cpp_parameters/launch
[0.139s] -- Installing: /home/jishnu/project/ros2-project/projects/workspace/install/cpp_parameters/share/cpp_parameters/launch/cpp_parameters_launch.py
[0.139s] -- Up-to-date: /home/jishnu/project/ros2-project/projects/workspace/install/cpp_parameters/share/ament_index/resource_index/package_run_dependencies/cpp_parameters
[0.139s] -- Up-to-date: /home/jishnu/project/ros2-project/projects/workspace/install/cpp_parameters/share/ament_index/resource_index/parent_prefix_path/cpp_parameters
[0.139s] -- Up-to-date: /home/jishnu/project/ros2-project/projects/workspace/install/cpp_parameters/share/cpp_parameters/environment/ament_prefix_path.sh
[0.139s] -- Up-to-date: /home/jishnu/project/ros2-project/projects/workspace/install/cpp_parameters/share/cpp_parameters/environment/ament_prefix_path.dsv
[0.139s] -- Up-to-date: /home/jishnu/project/ros2-project/projects/workspace/install/cpp_parameters/share/cpp_parameters/environment/path.sh
[0.139s] -- Up-to-date: /home/jishnu/project/ros2-project/projects/workspace/install/cpp_parameters/share/cpp_parameters/environment/path.dsv
[0.140s] -- Up-to-date: /home/jishnu/project/ros2-project/projects/workspace/install/cpp_parameters/share/cpp_parameters/local_setup.bash
[0.140s] -- Up-to-date: /home/jishnu/project/ros2-project/projects/workspace/install/cpp_parameters/share/cpp_parameters/local_setup.sh
[0.140s] -- Up-to-date: /home/jishnu/project/ros2-project/projects/workspace/install/cpp_parameters/share/cpp_parameters/local_setup.zsh
[0.140s] -- Up-to-date: /home/jishnu/project/ros2-project/projects/workspace/install/cpp_parameters/share/cpp_parameters/local_setup.dsv
[0.140s] -- Installing: /home/jishnu/project/ros2-project/projects/workspace/install/cpp_parameters/share/cpp_parameters/package.dsv
[0.140s] -- Up-to-date: /home/jishnu/project/ros2-project/projects/workspace/install/cpp_parameters/share/ament_index/resource_index/packages/cpp_parameters
[0.140s] -- Up-to-date: /home/jishnu/project/ros2-project/projects/workspace/install/cpp_parameters/share/cpp_parameters/cmake/cpp_parametersConfig.cmake
[0.140s] -- Up-to-date: /home/jishnu/project/ros2-project/projects/workspace/install/cpp_parameters/share/cpp_parameters/cmake/cpp_parametersConfig-version.cmake
[0.140s] -- Up-to-date: /home/jishnu/project/ros2-project/projects/workspace/install/cpp_parameters/share/cpp_parameters/package.xml
[0.142s] Invoked command in '/home/jishnu/project/ros2-project/projects/workspace/build/cpp_parameters' returned '0': CMAKE_PREFIX_PATH=${CMAKE_PREFIX_PATH}:/home/jishnu/project/ros2-project/projects/workspace/install/py_pubsub:/home/jishnu/project/ros2-project/projects/workspace/install/ros_test_package:/home/jishnu/project/ros2-project/projects/workspace/install/py_srvcli:/home/jishnu/project/ros2-project/projects/workspace/install/my_package:/opt/ros/humble /usr/bin/cmake --install /home/jishnu/project/ros2-project/projects/workspace/build/cpp_parameters
