[35m[1mConsolidate compiler generated dependencies of target more_interfaces__rosidl_generator_c[0m
[  9%] Built target more_interfaces__rosidl_generator_c
[ 12%] Built target more_interfaces__cpp
[ 12%] Built target ament_cmake_python_copy_more_interfaces
[35m[1mConsolidate compiler generated dependencies of target more_interfaces__rosidl_typesupport_cpp[0m
[35m[1mConsolidate compiler generated dependencies of target more_interfaces__rosidl_typesupport_fastrtps_c[0m
[35m[1mConsolidate compiler generated dependencies of target more_interfaces__rosidl_typesupport_introspection_c[0m
[35m[1mConsolidate compiler generated dependencies of target more_interfaces__rosidl_typesupport_c[0m
[35m[1mConsolidate compiler generated dependencies of target more_interfaces__rosidl_typesupport_introspection_cpp[0m
[35m[1mConsolidate compiler generated dependencies of target more_interfaces__rosidl_typesupport_fastrtps_cpp[0m
[ 21%] Built target more_interfaces__rosidl_typesupport_cpp
[ 30%] Built target more_interfaces__rosidl_typesupport_fastrtps_c
[ 39%] Built target more_interfaces__rosidl_typesupport_introspection_c
[ 48%] Built target more_interfaces__rosidl_typesupport_fastrtps_cpp
[ 57%] Built target more_interfaces__rosidl_typesupport_c
[ 66%] Built target more_interfaces__rosidl_typesupport_introspection_cpp
[35m[1mConsolidate compiler generated dependencies of target publish_motor_driver[0m
[ 66%] Built target more_interfaces
[ 72%] Built target publish_motor_driver
[ 75%] Built target more_interfaces__py
[35m[1mConsolidate compiler generated dependencies of target more_interfaces__rosidl_generator_py[0m
[ 81%] Built target more_interfaces__rosidl_generator_py
[35m[1mConsolidate compiler generated dependencies of target more_interfaces__rosidl_typesupport_introspection_c__pyext[0m
[35m[1mConsolidate compiler generated dependencies of target more_interfaces__rosidl_typesupport_c__pyext[0m
[35m[1mConsolidate compiler generated dependencies of target more_interfaces__rosidl_typesupport_fastrtps_c__pyext[0m
[ 87%] Built target more_interfaces__rosidl_typesupport_c__pyext
[ 93%] Built target more_interfaces__rosidl_typesupport_fastrtps_c__pyext
[100%] Built target more_interfaces__rosidl_typesupport_introspection_c__pyext
running egg_info
writing more_interfaces.egg-info/PKG-INFO
writing dependency_links to more_interfaces.egg-info/dependency_links.txt
writing top-level names to more_interfaces.egg-info/top_level.txt
reading manifest file 'more_interfaces.egg-info/SOURCES.txt'
writing manifest file 'more_interfaces.egg-info/SOURCES.txt'
[100%] Built target ament_cmake_python_build_more_interfaces_egg
