[0.713s] Invoking command in '/home/jishnu/project/ros2-project/projects/workspace/src/build/more_interfaces': CMAKE_PREFIX_PATH=${CMAKE_PREFIX_PATH}:/home/jishnu/project/ros2-project/projects/workspace/src/install/py_pubsub:/home/jishnu/project/moveit-projects/ws_moveit2/install/ros2controlcli:/home/jishnu/project/moveit-projects/ws_moveit2/install/moveit_configs_utils:/home/jishnu/ws_moveit2/install/ros2controlcli:/home/jishnu/ws_moveit2/install/moveit_configs_utils:/opt/ros/humble /usr/bin/cmake --build /home/jishnu/project/ros2-project/projects/workspace/src/build/more_interfaces -- -j8 -l8
[0.762s] [35m[1mConsolidate compiler generated dependencies of target more_interfaces__rosidl_generator_c[0m
[0.821s] [  9%] Built target more_interfaces__rosidl_generator_c
[0.827s] [ 12%] Built target more_interfaces__cpp
[0.853s] [ 12%] Built target ament_cmake_python_copy_more_interfaces
[0.857s] [35m[1mConsolidate compiler generated dependencies of target more_interfaces__rosidl_typesupport_cpp[0m
[0.859s] [35m[1mConsolidate compiler generated dependencies of target more_interfaces__rosidl_typesupport_fastrtps_c[0m
[0.867s] [35m[1mConsolidate compiler generated dependencies of target more_interfaces__rosidl_typesupport_introspection_c[0m
[0.872s] [35m[1mConsolidate compiler generated dependencies of target more_interfaces__rosidl_typesupport_c[0m
[0.902s] [35m[1mConsolidate compiler generated dependencies of target more_interfaces__rosidl_typesupport_introspection_cpp[0m
[0.902s] [35m[1mConsolidate compiler generated dependencies of target more_interfaces__rosidl_typesupport_fastrtps_cpp[0m
[0.936s] [ 21%] Built target more_interfaces__rosidl_typesupport_cpp
[0.944s] [ 30%] Built target more_interfaces__rosidl_typesupport_fastrtps_c
[0.946s] [ 39%] Built target more_interfaces__rosidl_typesupport_introspection_c
[0.960s] [ 48%] Built target more_interfaces__rosidl_typesupport_fastrtps_cpp
[0.963s] [ 57%] Built target more_interfaces__rosidl_typesupport_c
[0.973s] [ 66%] Built target more_interfaces__rosidl_typesupport_introspection_cpp
[0.993s] [35m[1mConsolidate compiler generated dependencies of target publish_motor_driver[0m
[1.043s] [ 66%] Built target more_interfaces
[1.052s] [ 72%] Built target publish_motor_driver
[1.106s] [ 75%] Built target more_interfaces__py
[1.130s] [35m[1mConsolidate compiler generated dependencies of target more_interfaces__rosidl_generator_py[0m
[1.173s] [ 81%] Built target more_interfaces__rosidl_generator_py
[1.234s] [35m[1mConsolidate compiler generated dependencies of target more_interfaces__rosidl_typesupport_introspection_c__pyext[0m
[1.245s] [35m[1mConsolidate compiler generated dependencies of target more_interfaces__rosidl_typesupport_c__pyext[0m
[1.257s] [35m[1mConsolidate compiler generated dependencies of target more_interfaces__rosidl_typesupport_fastrtps_c__pyext[0m
[1.290s] [ 87%] Built target more_interfaces__rosidl_typesupport_c__pyext
[1.308s] [ 93%] Built target more_interfaces__rosidl_typesupport_fastrtps_c__pyext
[1.308s] [100%] Built target more_interfaces__rosidl_typesupport_introspection_c__pyext
[1.371s] running egg_info
[1.372s] writing more_interfaces.egg-info/PKG-INFO
[1.373s] writing dependency_links to more_interfaces.egg-info/dependency_links.txt
[1.373s] writing top-level names to more_interfaces.egg-info/top_level.txt
[1.376s] reading manifest file 'more_interfaces.egg-info/SOURCES.txt'
[1.377s] writing manifest file 'more_interfaces.egg-info/SOURCES.txt'
[1.421s] [100%] Built target ament_cmake_python_build_more_interfaces_egg
