[0.022s] Invoking command in '/home/jishnu/project/ros2-project/projects/workspace/build/more_interfaces': CMAKE_PREFIX_PATH=/opt/ros/humble /usr/bin/cmake --build /home/jishnu/project/ros2-project/projects/workspace/build/more_interfaces -- -j8 -l8
[0.069s] [  3%] Built target more_interfaces__cpp
[0.069s] [ 12%] Built target more_interfaces__rosidl_generator_c
[0.078s] [ 12%] Built target ament_cmake_python_copy_more_interfaces
[0.092s] [ 24%] Built target more_interfaces__rosidl_typesupport_cpp
[0.092s] [ 36%] Built target more_interfaces__rosidl_typesupport_introspection_cpp
[0.093s] [ 39%] Built target more_interfaces__rosidl_typesupport_fastrtps_cpp
[0.102s] [ 51%] Built target more_interfaces__rosidl_typesupport_introspection_c
[0.102s] [ 57%] Built target more_interfaces__rosidl_typesupport_c
[0.105s] [35m[1mConsolidate compiler generated dependencies of target publish_motor_driver[0m
[0.107s] [ 66%] Built target more_interfaces__rosidl_typesupport_fastrtps_c
[0.133s] [ 69%] [32mBuilding CXX object CMakeFiles/publish_motor_driver.dir/src/publish_motor_driver.cpp.o[0m
[0.133s] [ 69%] Built target more_interfaces
[0.154s] [ 72%] Built target more_interfaces__py
[0.175s] [ 78%] Built target more_interfaces__rosidl_generator_py
[0.196s] [ 87%] Built target more_interfaces__rosidl_typesupport_introspection_c__pyext
[0.197s] [ 90%] Built target more_interfaces__rosidl_typesupport_c__pyext
[0.202s] [ 96%] Built target more_interfaces__rosidl_typesupport_fastrtps_c__pyext
[0.405s] running egg_info
[0.407s] writing more_interfaces.egg-info/PKG-INFO
[0.407s] writing dependency_links to more_interfaces.egg-info/dependency_links.txt
[0.407s] writing top-level names to more_interfaces.egg-info/top_level.txt
[0.411s] reading manifest file 'more_interfaces.egg-info/SOURCES.txt'
[0.412s] writing manifest file 'more_interfaces.egg-info/SOURCES.txt'
[0.449s] [ 96%] Built target ament_cmake_python_build_more_interfaces_egg
[3.024s] [01m[K/home/jishnu/project/ros2-project/projects/workspace/src/more_interfaces/src/publish_motor_driver.cpp:7:37:[m[K [01;31m[Kerror: [m[Kexpected ‘[01m[K;[m[K’ before ‘[01m[Kclass[m[K’
[3.024s]     7 | using namespace std::chrono_literals
[3.024s]       |                                     [01;31m[K^[m[K
[3.024s]       |                                     [32m[K;[m[K
[3.025s]     8 | 
[3.025s]     9 |     [32m[Kclass[m[K MotorDriverPublisher : public rclcpp::Node
[3.025s]       |     [32m[K~~~~~[m[K                            
[3.030s] [01m[K/home/jishnu/project/ros2-project/projects/workspace/src/more_interfaces/src/publish_motor_driver.cpp:37:2:[m[K [01;31m[Kerror: [m[Kexpected ‘[01m[K;[m[K’ after class definition
[3.030s]    37 | }
[3.031s]       |  [01;31m[K^[m[K
[3.031s]       |  [32m[K;[m[K
[4.087s] gmake[2]: *** [CMakeFiles/publish_motor_driver.dir/build.make:76: CMakeFiles/publish_motor_driver.dir/src/publish_motor_driver.cpp.o] Error 1
[4.087s] gmake[1]: *** [CMakeFiles/Makefile2:593: CMakeFiles/publish_motor_driver.dir/all] Error 2
[4.088s] gmake: *** [Makefile:146: all] Error 2
[4.090s] Invoked command in '/home/jishnu/project/ros2-project/projects/workspace/build/more_interfaces' returned '2': CMAKE_PREFIX_PATH=/opt/ros/humble /usr/bin/cmake --build /home/jishnu/project/ros2-project/projects/workspace/build/more_interfaces -- -j8 -l8
