[0.181s] Invoking command in '/home/jishnu/project/ros2-project/projects/workspace/build/tutorial_interfaces': CMAKE_PREFIX_PATH=${CMAKE_PREFIX_PATH}:/home/jishnu/project/moveit-projects/ws_moveit2/install/ros2controlcli:/home/jishnu/project/moveit-projects/ws_moveit2/install/moveit_configs_utils:/home/jishnu/ws_moveit2/install/ros2controlcli:/home/jishnu/ws_moveit2/install/moveit_configs_utils:/opt/ros/humble /usr/bin/cmake --build /home/jishnu/project/ros2-project/projects/workspace/build/tutorial_interfaces -- -j8 -l8
[1.088s] [  2%] Built target tutorial_interfaces__cpp
[1.089s] [ 12%] Built target tutorial_interfaces__rosidl_generator_c
[1.089s] [ 23%] Built target tutorial_interfaces__rosidl_typesupport_cpp
[1.090s] [ 34%] Built target tutorial_interfaces__rosidl_typesupport_introspection_cpp
[1.090s] [ 44%] Built target tutorial_interfaces__rosidl_typesupport_fastrtps_cpp
[1.090s] [ 44%] Built target ament_cmake_python_copy_tutorial_interfaces
[1.090s] [ 55%] Built target tutorial_interfaces__rosidl_typesupport_c
[1.091s] [ 65%] Built target tutorial_interfaces__rosidl_typesupport_introspection_c
[1.091s] [ 76%] Built target tutorial_interfaces__rosidl_typesupport_fastrtps_c
[1.091s] [ 76%] Built target tutorial_interfaces
[1.092s] running egg_info
[1.092s] writing tutorial_interfaces.egg-info/PKG-INFO
[1.092s] writing dependency_links to tutorial_interfaces.egg-info/dependency_links.txt
[1.092s] writing top-level names to tutorial_interfaces.egg-info/top_level.txt
[1.092s] reading manifest file 'tutorial_interfaces.egg-info/SOURCES.txt'
[1.092s] [ 78%] Built target tutorial_interfaces__py
[1.092s] writing manifest file 'tutorial_interfaces.egg-info/SOURCES.txt'
[1.092s] [ 78%] Built target ament_cmake_python_build_tutorial_interfaces_egg
[2.163s] [ 87%] Built target tutorial_interfaces__rosidl_generator_py
[2.892s] [ 91%] Built target tutorial_interfaces__rosidl_typesupport_introspection_c__pyext
[3.094s] [ 95%] Built target tutorial_interfaces__rosidl_typesupport_c__pyext
[3.095s] [100%] Built target tutorial_interfaces__rosidl_typesupport_fastrtps_c__pyext
