[0.301s] Invoking command in '/home/jishnu/project/ros2-project/projects/workspace/build/tutorial_interfaces': CMAKE_PREFIX_PATH=${CMAKE_PREFIX_PATH}:/home/jishnu/project/moveit-projects/ws_moveit2/install/ros2controlcli:/home/jishnu/project/moveit-projects/ws_moveit2/install/moveit_configs_utils:/home/jishnu/ws_moveit2/install/ros2controlcli:/home/jishnu/ws_moveit2/install/moveit_configs_utils:/opt/ros/humble /usr/bin/cmake --build /home/jishnu/project/ros2-project/projects/workspace/build/tutorial_interfaces -- -j8 -l8
[1.064s] [  2%] Built target tutorial_interfaces__cpp
[1.064s] [ 12%] Built target tutorial_interfaces__rosidl_generator_c
[1.064s] [ 23%] Built target tutorial_interfaces__rosidl_typesupport_cpp
[1.064s] [ 34%] Built target tutorial_interfaces__rosidl_typesupport_fastrtps_cpp
[1.065s] [ 44%] Built target tutorial_interfaces__rosidl_typesupport_c
[1.065s] [ 55%] Built target tutorial_interfaces__rosidl_typesupport_introspection_c
[1.066s] [ 65%] Built target tutorial_interfaces__rosidl_typesupport_introspection_cpp
[1.066s] [ 65%] Built target ament_cmake_python_copy_tutorial_interfaces
[1.066s] [ 76%] Built target tutorial_interfaces__rosidl_typesupport_fastrtps_c
[1.066s] [ 76%] Built target tutorial_interfaces
[1.066s] [ 78%] Built target tutorial_interfaces__py
[1.147s] [ 87%] Built target tutorial_interfaces__rosidl_generator_py
[1.343s] [ 91%] Built target tutorial_interfaces__rosidl_typesupport_introspection_c__pyext
[1.365s] [ 95%] Built target tutorial_interfaces__rosidl_typesupport_c__pyext
[1.396s] [100%] Built target tutorial_interfaces__rosidl_typesupport_fastrtps_c__pyext
[1.599s] running egg_info
[1.601s] writing tutorial_interfaces.egg-info/PKG-INFO
[1.695s] writing dependency_links to tutorial_interfaces.egg-info/dependency_links.txt
[1.696s] writing top-level names to tutorial_interfaces.egg-info/top_level.txt
[1.699s] reading manifest file 'tutorial_interfaces.egg-info/SOURCES.txt'
[1.937s] writing manifest file 'tutorial_interfaces.egg-info/SOURCES.txt'
[2.024s] [100%] Built target ament_cmake_python_build_tutorial_interfaces_egg
[2.062s] Invoked command in '/home/jishnu/project/ros2-project/projects/workspace/build/tutorial_interfaces' returned '0': CMAKE_PREFIX_PATH=${CMAKE_PREFIX_PATH}:/home/jishnu/project/moveit-projects/ws_moveit2/install/ros2controlcli:/home/jishnu/project/moveit-projects/ws_moveit2/install/moveit_configs_utils:/home/jishnu/ws_moveit2/install/ros2controlcli:/home/jishnu/ws_moveit2/install/moveit_configs_utils:/opt/ros/humble /usr/bin/cmake --build /home/jishnu/project/ros2-project/projects/workspace/build/tutorial_interfaces -- -j8 -l8
