[1.599s] Invoking command in '/home/jishnu/project/ros2-project/projects/workspace/src/py_srvcli': PYTHONPATH=/home/jishnu/project/ros2-project/projects/workspace/src/build/py_srvcli/prefix_override:/home/jishnu/project/ros2-project/projects/workspace/src/install/py_srvcli/lib/python3.10/site-packages:${PYTHONPATH} /usr/bin/python3 setup.py egg_info --egg-base ../build/py_srvcli build --build-base /home/jishnu/project/ros2-project/projects/workspace/src/build/py_srvcli/build install --record /home/jishnu/project/ros2-project/projects/workspace/src/build/py_srvcli/install.log --single-version-externally-managed
[2.043s] running egg_info
[2.044s] writing ../build/py_srvcli/py_srvcli.egg-info/PKG-INFO
[2.045s] writing dependency_links to ../build/py_srvcli/py_srvcli.egg-info/dependency_links.txt
[2.045s] writing entry points to ../build/py_srvcli/py_srvcli.egg-info/entry_points.txt
[2.045s] writing requirements to ../build/py_srvcli/py_srvcli.egg-info/requires.txt
[2.045s] writing top-level names to ../build/py_srvcli/py_srvcli.egg-info/top_level.txt
[2.048s] reading manifest file '../build/py_srvcli/py_srvcli.egg-info/SOURCES.txt'
[2.049s] writing manifest file '../build/py_srvcli/py_srvcli.egg-info/SOURCES.txt'
[2.049s] running build
[2.049s] running build_py
[2.050s] running install
[2.050s] /usr/lib/python3/dist-packages/setuptools/command/install.py:34: SetuptoolsDeprecationWarning: setup.py install is deprecated. Use build and pip and other standards-based tools.
[2.050s]   warnings.warn(
[2.050s] running install_lib
[2.053s] running install_data
[2.053s] running install_egg_info
[2.056s] removing '/home/jishnu/project/ros2-project/projects/workspace/src/install/py_srvcli/lib/python3.10/site-packages/py_srvcli-0.0.0-py3.10.egg-info' (and everything under it)
[2.056s] Copying ../build/py_srvcli/py_srvcli.egg-info to /home/jishnu/project/ros2-project/projects/workspace/src/install/py_srvcli/lib/python3.10/site-packages/py_srvcli-0.0.0-py3.10.egg-info
[2.057s] running install_scripts
[2.096s] Installing client script to /home/jishnu/project/ros2-project/projects/workspace/src/install/py_srvcli/lib/py_srvcli
[2.097s] Installing server script to /home/jishnu/project/ros2-project/projects/workspace/src/install/py_srvcli/lib/py_srvcli
[2.097s] writing list of installed files to '/home/jishnu/project/ros2-project/projects/workspace/src/build/py_srvcli/install.log'
[2.415s] Invoked command in '/home/jishnu/project/ros2-project/projects/workspace/src/py_srvcli' returned '0': PYTHONPATH=/home/jishnu/project/ros2-project/projects/workspace/src/build/py_srvcli/prefix_override:/home/jishnu/project/ros2-project/projects/workspace/src/install/py_srvcli/lib/python3.10/site-packages:${PYTHONPATH} /usr/bin/python3 setup.py egg_info --egg-base ../build/py_srvcli build --build-base /home/jishnu/project/ros2-project/projects/workspace/src/build/py_srvcli/build install --record /home/jishnu/project/ros2-project/projects/workspace/src/build/py_srvcli/install.log --single-version-externally-managed
