[0.010s] Invoking command in '/home/jishnu/project/ros2-project/projects/workspace/build/turtorial_interfaces': CMAKE_PREFIX_PATH=/opt/ros/humble /usr/bin/cmake /home/jishnu/project/ros2-project/projects/workspace/src/turtorial_interfaces -DCMAKE_INSTALL_PREFIX=/home/jishnu/project/ros2-project/projects/workspace/install/turtorial_interfaces
[0.021s] -- Found ament_cmake: 1.3.2 (/opt/ros/humble/share/ament_cmake/cmake)
[0.125s] -- Found geometry_msgs: 4.2.2 (/opt/ros/humble/share/geometry_msgs/cmake)
[0.144s] -- Found rosidl_generator_c: 3.1.3 (/opt/ros/humble/share/rosidl_generator_c/cmake)
[0.146s] -- Found rosidl_adapter: 3.1.3 (/opt/ros/humble/share/rosidl_adapter/cmake)
[0.151s] -- Found rosidl_generator_cpp: 3.1.3 (/opt/ros/humble/share/rosidl_generator_cpp/cmake)
[0.160s] -- Using all available rosidl_typesupport_c: rosidl_typesupport_fastrtps_c;rosidl_typesupport_introspection_c
[0.172s] -- Using all available rosidl_typesupport_cpp: rosidl_typesupport_fastrtps_cpp;rosidl_typesupport_introspection_cpp
[0.271s] -- Found rosidl_default_generators: 1.2.0 (/opt/ros/humble/share/rosidl_default_generators/cmake)
[0.522s] -- Found ament_cmake_ros: 0.10.0 (/opt/ros/humble/share/ament_cmake_ros/cmake)
[0.869s] -- Using all available rosidl_typesupport_c: rosidl_typesupport_fastrtps_c;rosidl_typesupport_introspection_c
[1.014s] -- Using all available rosidl_typesupport_cpp: rosidl_typesupport_fastrtps_cpp;rosidl_typesupport_introspection_cpp
[1.031s] -- Found PythonInterp: /usr/bin/python3 (found suitable version "3.10.4", minimum required is "3.6") 
[1.033s] -- Found python_cmake_module: 0.10.0 (/opt/ros/humble/share/python_cmake_module/cmake)
[1.051s] -- Found PythonLibs: /usr/lib/x86_64-linux-gnu/libpython3.10.so (found suitable version "3.10.4", minimum required is "3.5") 
[1.051s] -- Using PYTHON_EXECUTABLE: /usr/bin/python3
[1.052s] -- Using PYTHON_INCLUDE_DIRS: /usr/include/python3.10
[1.052s] -- Using PYTHON_LIBRARIES: /usr/lib/x86_64-linux-gnu/libpython3.10.so
[1.066s] -- Found PythonExtra: .so  
[1.112s] -- Found ament_lint_auto: 0.12.4 (/opt/ros/humble/share/ament_lint_auto/cmake)
[1.126s] -- Added test 'lint_cmake' to check CMake code style
[1.127s] -- Added test 'xmllint' to check XML markup files
[1.129s] -- Configuring done
[1.158s] -- Generating done
[1.160s] -- Build files have been written to: /home/jishnu/project/ros2-project/projects/workspace/build/turtorial_interfaces
[1.165s] Invoked command in '/home/jishnu/project/ros2-project/projects/workspace/build/turtorial_interfaces' returned '0': CMAKE_PREFIX_PATH=/opt/ros/humble /usr/bin/cmake /home/jishnu/project/ros2-project/projects/workspace/src/turtorial_interfaces -DCMAKE_INSTALL_PREFIX=/home/jishnu/project/ros2-project/projects/workspace/install/turtorial_interfaces
[1.166s] Invoking command in '/home/jishnu/project/ros2-project/projects/workspace/build/turtorial_interfaces': CMAKE_PREFIX_PATH=/opt/ros/humble /usr/bin/cmake --build /home/jishnu/project/ros2-project/projects/workspace/build/turtorial_interfaces -- -j8 -l8
[1.190s] [  2%] [34m[1mGenerating C code for ROS interfaces[0m
[1.196s] [  4%] [34m[1mGenerating C++ code for ROS interfaces[0m
[1.201s] [  4%] Built target ament_cmake_python_copy_turtorial_interfaces
[1.426s] running egg_info
[1.426s] creating turtorial_interfaces.egg-info
[1.426s] writing turtorial_interfaces.egg-info/PKG-INFO
[1.427s] writing dependency_links to turtorial_interfaces.egg-info/dependency_links.txt
[1.427s] writing top-level names to turtorial_interfaces.egg-info/top_level.txt
[1.427s] writing manifest file 'turtorial_interfaces.egg-info/SOURCES.txt'
[1.428s] reading manifest file 'turtorial_interfaces.egg-info/SOURCES.txt'
[1.429s] writing manifest file 'turtorial_interfaces.egg-info/SOURCES.txt'
[1.447s] [  4%] Built target ament_cmake_python_build_turtorial_interfaces_egg
[1.592s] [  4%] Built target turtorial_interfaces__cpp
[1.602s] [  6%] [34m[1mGenerating C++ type support dispatch for ROS interfaces[0m
[1.603s] [ 10%] [34m[1mGenerating C++ type support for eProsima Fast-RTPS[0m
[1.603s] [ 10%] [34m[1mGenerating C++ introspection for ROS interfaces[0m
[1.635s] [ 14%] [32mBuilding C object CMakeFiles/turtorial_interfaces__rosidl_generator_c.dir/rosidl_generator_c/turtorial_interfaces/msg/detail/num__functions.c.o[0m
[1.635s] [ 14%] [32mBuilding C object CMakeFiles/turtorial_interfaces__rosidl_generator_c.dir/rosidl_generator_c/turtorial_interfaces/srv/detail/add_three_ints__functions.c.o[0m
[1.636s] [ 17%] [32mBuilding C object CMakeFiles/turtorial_interfaces__rosidl_generator_c.dir/rosidl_generator_c/turtorial_interfaces/msg/detail/sphere__functions.c.o[0m
[1.698s] [ 19%] [32m[1mLinking C shared library libturtorial_interfaces__rosidl_generator_c.so[0m
[1.730s] [ 19%] Built target turtorial_interfaces__rosidl_generator_c
[1.737s] [ 21%] [34m[1mGenerating C introspection for ROS interfaces[0m
[1.737s] [ 23%] [34m[1mGenerating C type support for eProsima Fast-RTPS[0m
[1.740s] [ 25%] [34m[1mGenerating C type support dispatch for ROS interfaces[0m
[1.945s] [ 27%] [32mBuilding CXX object CMakeFiles/turtorial_interfaces__rosidl_typesupport_introspection_cpp.dir/rosidl_typesupport_introspection_cpp/turtorial_interfaces/msg/detail/num__type_support.cpp.o[0m
[1.947s] [ 29%] [32mBuilding CXX object CMakeFiles/turtorial_interfaces__rosidl_typesupport_introspection_cpp.dir/rosidl_typesupport_introspection_cpp/turtorial_interfaces/msg/detail/sphere__type_support.cpp.o[0m
[1.952s] [ 31%] [32mBuilding CXX object CMakeFiles/turtorial_interfaces__rosidl_typesupport_introspection_cpp.dir/rosidl_typesupport_introspection_cpp/turtorial_interfaces/srv/detail/add_three_ints__type_support.cpp.o[0m
[2.039s] [ 34%] [32mBuilding CXX object CMakeFiles/turtorial_interfaces__rosidl_typesupport_cpp.dir/rosidl_typesupport_cpp/turtorial_interfaces/msg/num__type_support.cpp.o[0m
[2.186s] [ 36%] [32mBuilding CXX object CMakeFiles/turtorial_interfaces__rosidl_typesupport_fastrtps_cpp.dir/rosidl_typesupport_fastrtps_cpp/turtorial_interfaces/msg/detail/dds_fastrtps/num__type_support.cpp.o[0m
[2.193s] [ 38%] [32mBuilding CXX object CMakeFiles/turtorial_interfaces__rosidl_typesupport_c.dir/rosidl_typesupport_c/turtorial_interfaces/msg/num__type_support.cpp.o[0m
[2.225s] [ 40%] [32mBuilding CXX object CMakeFiles/turtorial_interfaces__rosidl_typesupport_fastrtps_c.dir/rosidl_typesupport_fastrtps_c/turtorial_interfaces/msg/detail/num__type_support_c.cpp.o[0m
[2.238s] [ 42%] [32mBuilding CXX object CMakeFiles/turtorial_interfaces__rosidl_typesupport_c.dir/rosidl_typesupport_c/turtorial_interfaces/msg/sphere__type_support.cpp.o[0m
[2.272s] [ 44%] [32mBuilding CXX object CMakeFiles/turtorial_interfaces__rosidl_typesupport_c.dir/rosidl_typesupport_c/turtorial_interfaces/srv/add_three_ints__type_support.cpp.o[0m
[2.315s] [ 46%] [32m[1mLinking CXX shared library libturtorial_interfaces__rosidl_typesupport_c.so[0m
[2.318s] [ 48%] [32mBuilding C object CMakeFiles/turtorial_interfaces__rosidl_typesupport_introspection_c.dir/rosidl_typesupport_introspection_c/turtorial_interfaces/msg/detail/num__type_support.c.o[0m
[2.359s] [ 51%] [32mBuilding C object CMakeFiles/turtorial_interfaces__rosidl_typesupport_introspection_c.dir/rosidl_typesupport_introspection_c/turtorial_interfaces/msg/detail/sphere__type_support.c.o[0m
[2.390s] [ 51%] Built target turtorial_interfaces__rosidl_typesupport_c
[2.399s] [ 53%] [32mBuilding CXX object CMakeFiles/turtorial_interfaces__rosidl_typesupport_fastrtps_c.dir/rosidl_typesupport_fastrtps_c/turtorial_interfaces/msg/detail/sphere__type_support_c.cpp.o[0m
[2.404s] [ 55%] [32mBuilding C object CMakeFiles/turtorial_interfaces__rosidl_typesupport_introspection_c.dir/rosidl_typesupport_introspection_c/turtorial_interfaces/srv/detail/add_three_ints__type_support.c.o[0m
[2.430s] [ 57%] [32mBuilding CXX object CMakeFiles/turtorial_interfaces__rosidl_typesupport_cpp.dir/rosidl_typesupport_cpp/turtorial_interfaces/msg/sphere__type_support.cpp.o[0m
[2.453s] [ 59%] [32m[1mLinking C shared library libturtorial_interfaces__rosidl_typesupport_introspection_c.so[0m
[2.493s] [ 59%] Built target turtorial_interfaces__rosidl_typesupport_introspection_c
[2.497s] [ 61%] [32mBuilding CXX object CMakeFiles/turtorial_interfaces__rosidl_typesupport_fastrtps_c.dir/rosidl_typesupport_fastrtps_c/turtorial_interfaces/srv/detail/add_three_ints__type_support_c.cpp.o[0m
[2.503s] [ 63%] [32mBuilding CXX object CMakeFiles/turtorial_interfaces__rosidl_typesupport_fastrtps_cpp.dir/rosidl_typesupport_fastrtps_cpp/turtorial_interfaces/msg/detail/dds_fastrtps/sphere__type_support.cpp.o[0m
[2.545s] [ 65%] [32mBuilding CXX object CMakeFiles/turtorial_interfaces__rosidl_typesupport_fastrtps_cpp.dir/rosidl_typesupport_fastrtps_cpp/turtorial_interfaces/srv/detail/dds_fastrtps/add_three_ints__type_support.cpp.o[0m
[2.567s] [ 68%] [32m[1mLinking CXX shared library libturtorial_interfaces__rosidl_typesupport_introspection_cpp.so[0m
[2.745s] [ 68%] Built target turtorial_interfaces__rosidl_typesupport_introspection_cpp
[2.787s] [ 70%] [32mBuilding CXX object CMakeFiles/turtorial_interfaces__rosidl_typesupport_cpp.dir/rosidl_typesupport_cpp/turtorial_interfaces/srv/add_three_ints__type_support.cpp.o[0m
[2.981s] [ 72%] [32m[1mLinking CXX shared library libturtorial_interfaces__rosidl_typesupport_fastrtps_c.so[0m
[3.052s] [ 74%] [32m[1mLinking CXX shared library libturtorial_interfaces__rosidl_typesupport_fastrtps_cpp.so[0m
[3.053s] [ 74%] Built target turtorial_interfaces__rosidl_typesupport_fastrtps_c
[3.082s] [ 76%] [32m[1mLinking CXX shared library libturtorial_interfaces__rosidl_typesupport_cpp.so[0m
[3.114s] [ 76%] Built target turtorial_interfaces__rosidl_typesupport_fastrtps_cpp
[3.114s] [ 76%] Built target turtorial_interfaces__rosidl_typesupport_cpp
[3.127s] [ 76%] Built target turtorial_interfaces
[3.139s] [ 78%] [34m[1mGenerating Python code for ROS interfaces[0m
[3.660s] [ 78%] Built target turtorial_interfaces__py
[3.672s] [ 85%] [32mBuilding C object CMakeFiles/turtorial_interfaces__rosidl_generator_py.dir/rosidl_generator_py/turtorial_interfaces/srv/_add_three_ints_s.c.o[0m
[3.673s] [ 85%] [32mBuilding C object CMakeFiles/turtorial_interfaces__rosidl_generator_py.dir/rosidl_generator_py/turtorial_interfaces/msg/_sphere_s.c.o[0m
[3.673s] [ 85%] [32mBuilding C object CMakeFiles/turtorial_interfaces__rosidl_generator_py.dir/rosidl_generator_py/turtorial_interfaces/msg/_num_s.c.o[0m
[3.757s] [ 87%] [32m[1mLinking C shared library rosidl_generator_py/turtorial_interfaces/libturtorial_interfaces__rosidl_generator_py.so[0m
[3.783s] [ 87%] Built target turtorial_interfaces__rosidl_generator_py
[3.795s] [ 93%] [32mBuilding C object CMakeFiles/turtorial_interfaces__rosidl_typesupport_fastrtps_c__pyext.dir/rosidl_generator_py/turtorial_interfaces/_turtorial_interfaces_s.ep.rosidl_typesupport_fastrtps_c.c.o[0m
[3.795s] [ 93%] [32mBuilding C object CMakeFiles/turtorial_interfaces__rosidl_typesupport_c__pyext.dir/rosidl_generator_py/turtorial_interfaces/_turtorial_interfaces_s.ep.rosidl_typesupport_c.c.o[0m
[3.795s] [ 93%] [32mBuilding C object CMakeFiles/turtorial_interfaces__rosidl_typesupport_introspection_c__pyext.dir/rosidl_generator_py/turtorial_interfaces/_turtorial_interfaces_s.ep.rosidl_typesupport_introspection_c.c.o[0m
[3.880s] [ 97%] [32m[1mLinking C shared library rosidl_generator_py/turtorial_interfaces/turtorial_interfaces_s__rosidl_typesupport_introspection_c.cpython-310-x86_64-linux-gnu.so[0m
[3.880s] [ 97%] [32m[1mLinking C shared library rosidl_generator_py/turtorial_interfaces/turtorial_interfaces_s__rosidl_typesupport_c.cpython-310-x86_64-linux-gnu.so[0m
[3.880s] [100%] [32m[1mLinking C shared library rosidl_generator_py/turtorial_interfaces/turtorial_interfaces_s__rosidl_typesupport_fastrtps_c.cpython-310-x86_64-linux-gnu.so[0m
[3.907s] [100%] Built target turtorial_interfaces__rosidl_typesupport_c__pyext
[3.907s] [100%] Built target turtorial_interfaces__rosidl_typesupport_introspection_c__pyext
[3.907s] [100%] Built target turtorial_interfaces__rosidl_typesupport_fastrtps_c__pyext
[3.919s] Invoked command in '/home/jishnu/project/ros2-project/projects/workspace/build/turtorial_interfaces' returned '0': CMAKE_PREFIX_PATH=/opt/ros/humble /usr/bin/cmake --build /home/jishnu/project/ros2-project/projects/workspace/build/turtorial_interfaces -- -j8 -l8
[3.981s] Invoking command in '/home/jishnu/project/ros2-project/projects/workspace/build/turtorial_interfaces': CMAKE_PREFIX_PATH=/opt/ros/humble /usr/bin/cmake --install /home/jishnu/project/ros2-project/projects/workspace/build/turtorial_interfaces
[3.986s] -- Install configuration: ""
[3.986s] -- Installing: /home/jishnu/project/ros2-project/projects/workspace/install/turtorial_interfaces/share/ament_index/resource_index/rosidl_interfaces/turtorial_interfaces
[3.986s] -- Installing: /home/jishnu/project/ros2-project/projects/workspace/install/turtorial_interfaces/include/turtorial_interfaces/turtorial_interfaces
[3.986s] -- Installing: /home/jishnu/project/ros2-project/projects/workspace/install/turtorial_interfaces/include/turtorial_interfaces/turtorial_interfaces/srv
[3.986s] -- Installing: /home/jishnu/project/ros2-project/projects/workspace/install/turtorial_interfaces/include/turtorial_interfaces/turtorial_interfaces/srv/detail
[3.986s] -- Installing: /home/jishnu/project/ros2-project/projects/workspace/install/turtorial_interfaces/include/turtorial_interfaces/turtorial_interfaces/srv/detail/add_three_ints__functions.h
[3.987s] -- Installing: /home/jishnu/project/ros2-project/projects/workspace/install/turtorial_interfaces/include/turtorial_interfaces/turtorial_interfaces/srv/detail/add_three_ints__type_support.h
[3.987s] -- Installing: /home/jishnu/project/ros2-project/projects/workspace/install/turtorial_interfaces/include/turtorial_interfaces/turtorial_interfaces/srv/detail/add_three_ints__functions.c
[3.987s] -- Installing: /home/jishnu/project/ros2-project/projects/workspace/install/turtorial_interfaces/include/turtorial_interfaces/turtorial_interfaces/srv/detail/add_three_ints__struct.h
[3.987s] -- Installing: /home/jishnu/project/ros2-project/projects/workspace/install/turtorial_interfaces/include/turtorial_interfaces/turtorial_interfaces/srv/add_three_ints.h
[3.987s] -- Installing: /home/jishnu/project/ros2-project/projects/workspace/install/turtorial_interfaces/include/turtorial_interfaces/turtorial_interfaces/msg
[3.987s] -- Installing: /home/jishnu/project/ros2-project/projects/workspace/install/turtorial_interfaces/include/turtorial_interfaces/turtorial_interfaces/msg/rosidl_generator_c__visibility_control.h
[3.987s] -- Installing: /home/jishnu/project/ros2-project/projects/workspace/install/turtorial_interfaces/include/turtorial_interfaces/turtorial_interfaces/msg/num.h
[3.987s] -- Installing: /home/jishnu/project/ros2-project/projects/workspace/install/turtorial_interfaces/include/turtorial_interfaces/turtorial_interfaces/msg/detail
[3.987s] -- Installing: /home/jishnu/project/ros2-project/projects/workspace/install/turtorial_interfaces/include/turtorial_interfaces/turtorial_interfaces/msg/detail/num__functions.h
[3.988s] -- Installing: /home/jishnu/project/ros2-project/projects/workspace/install/turtorial_interfaces/include/turtorial_interfaces/turtorial_interfaces/msg/detail/sphere__struct.h
[3.988s] -- Installing: /home/jishnu/project/ros2-project/projects/workspace/install/turtorial_interfaces/include/turtorial_interfaces/turtorial_interfaces/msg/detail/sphere__functions.c
[3.988s] -- Installing: /home/jishnu/project/ros2-project/projects/workspace/install/turtorial_interfaces/include/turtorial_interfaces/turtorial_interfaces/msg/detail/num__struct.h
[3.988s] -- Installing: /home/jishnu/project/ros2-project/projects/workspace/install/turtorial_interfaces/include/turtorial_interfaces/turtorial_interfaces/msg/detail/num__type_support.h
[3.988s] -- Installing: /home/jishnu/project/ros2-project/projects/workspace/install/turtorial_interfaces/include/turtorial_interfaces/turtorial_interfaces/msg/detail/sphere__functions.h
[3.988s] -- Installing: /home/jishnu/project/ros2-project/projects/workspace/install/turtorial_interfaces/include/turtorial_interfaces/turtorial_interfaces/msg/detail/sphere__type_support.h
[3.988s] -- Installing: /home/jishnu/project/ros2-project/projects/workspace/install/turtorial_interfaces/include/turtorial_interfaces/turtorial_interfaces/msg/detail/num__functions.c
[3.988s] -- Installing: /home/jishnu/project/ros2-project/projects/workspace/install/turtorial_interfaces/include/turtorial_interfaces/turtorial_interfaces/msg/sphere.h
[3.988s] -- Installing: /home/jishnu/project/ros2-project/projects/workspace/install/turtorial_interfaces/share/turtorial_interfaces/environment/library_path.sh
[3.988s] -- Installing: /home/jishnu/project/ros2-project/projects/workspace/install/turtorial_interfaces/share/turtorial_interfaces/environment/library_path.dsv
[3.988s] -- Installing: /home/jishnu/project/ros2-project/projects/workspace/install/turtorial_interfaces/lib/libturtorial_interfaces__rosidl_generator_c.so
[3.989s] -- Set runtime path of "/home/jishnu/project/ros2-project/projects/workspace/install/turtorial_interfaces/lib/libturtorial_interfaces__rosidl_generator_c.so" to ""
[3.989s] -- Up-to-date: /home/jishnu/project/ros2-project/projects/workspace/install/turtorial_interfaces/include/turtorial_interfaces/turtorial_interfaces
[3.989s] -- Up-to-date: /home/jishnu/project/ros2-project/projects/workspace/install/turtorial_interfaces/include/turtorial_interfaces/turtorial_interfaces/srv
[3.989s] -- Up-to-date: /home/jishnu/project/ros2-project/projects/workspace/install/turtorial_interfaces/include/turtorial_interfaces/turtorial_interfaces/srv/detail
[3.989s] -- Installing: /home/jishnu/project/ros2-project/projects/workspace/install/turtorial_interfaces/include/turtorial_interfaces/turtorial_interfaces/srv/detail/add_three_ints__rosidl_typesupport_fastrtps_c.h
[3.989s] -- Up-to-date: /home/jishnu/project/ros2-project/projects/workspace/install/turtorial_interfaces/include/turtorial_interfaces/turtorial_interfaces/msg
[3.989s] -- Installing: /home/jishnu/project/ros2-project/projects/workspace/install/turtorial_interfaces/include/turtorial_interfaces/turtorial_interfaces/msg/rosidl_typesupport_fastrtps_c__visibility_control.h
[3.990s] -- Up-to-date: /home/jishnu/project/ros2-project/projects/workspace/install/turtorial_interfaces/include/turtorial_interfaces/turtorial_interfaces/msg/detail
[3.990s] -- Installing: /home/jishnu/project/ros2-project/projects/workspace/install/turtorial_interfaces/include/turtorial_interfaces/turtorial_interfaces/msg/detail/sphere__rosidl_typesupport_fastrtps_c.h
[3.990s] -- Installing: /home/jishnu/project/ros2-project/projects/workspace/install/turtorial_interfaces/include/turtorial_interfaces/turtorial_interfaces/msg/detail/num__rosidl_typesupport_fastrtps_c.h
[3.990s] -- Installing: /home/jishnu/project/ros2-project/projects/workspace/install/turtorial_interfaces/lib/libturtorial_interfaces__rosidl_typesupport_fastrtps_c.so
[3.990s] -- Set runtime path of "/home/jishnu/project/ros2-project/projects/workspace/install/turtorial_interfaces/lib/libturtorial_interfaces__rosidl_typesupport_fastrtps_c.so" to ""
[3.990s] -- Up-to-date: /home/jishnu/project/ros2-project/projects/workspace/install/turtorial_interfaces/include/turtorial_interfaces/turtorial_interfaces
[3.990s] -- Up-to-date: /home/jishnu/project/ros2-project/projects/workspace/install/turtorial_interfaces/include/turtorial_interfaces/turtorial_interfaces/srv
[3.990s] -- Installing: /home/jishnu/project/ros2-project/projects/workspace/install/turtorial_interfaces/include/turtorial_interfaces/turtorial_interfaces/srv/add_three_ints.hpp
[3.990s] -- Up-to-date: /home/jishnu/project/ros2-project/projects/workspace/install/turtorial_interfaces/include/turtorial_interfaces/turtorial_interfaces/srv/detail
[3.991s] -- Installing: /home/jishnu/project/ros2-project/projects/workspace/install/turtorial_interfaces/include/turtorial_interfaces/turtorial_interfaces/srv/detail/add_three_ints__traits.hpp
[3.991s] -- Installing: /home/jishnu/project/ros2-project/projects/workspace/install/turtorial_interfaces/include/turtorial_interfaces/turtorial_interfaces/srv/detail/add_three_ints__builder.hpp
[3.991s] -- Installing: /home/jishnu/project/ros2-project/projects/workspace/install/turtorial_interfaces/include/turtorial_interfaces/turtorial_interfaces/srv/detail/add_three_ints__struct.hpp
[3.991s] -- Up-to-date: /home/jishnu/project/ros2-project/projects/workspace/install/turtorial_interfaces/include/turtorial_interfaces/turtorial_interfaces/msg
[3.991s] -- Installing: /home/jishnu/project/ros2-project/projects/workspace/install/turtorial_interfaces/include/turtorial_interfaces/turtorial_interfaces/msg/num.hpp
[3.991s] -- Installing: /home/jishnu/project/ros2-project/projects/workspace/install/turtorial_interfaces/include/turtorial_interfaces/turtorial_interfaces/msg/sphere.hpp
[3.991s] -- Up-to-date: /home/jishnu/project/ros2-project/projects/workspace/install/turtorial_interfaces/include/turtorial_interfaces/turtorial_interfaces/msg/detail
[3.991s] -- Installing: /home/jishnu/project/ros2-project/projects/workspace/install/turtorial_interfaces/include/turtorial_interfaces/turtorial_interfaces/msg/detail/sphere__builder.hpp
[3.991s] -- Installing: /home/jishnu/project/ros2-project/projects/workspace/install/turtorial_interfaces/include/turtorial_interfaces/turtorial_interfaces/msg/detail/num__traits.hpp
[3.991s] -- Installing: /home/jishnu/project/ros2-project/projects/workspace/install/turtorial_interfaces/include/turtorial_interfaces/turtorial_interfaces/msg/detail/sphere__traits.hpp
[3.992s] -- Installing: /home/jishnu/project/ros2-project/projects/workspace/install/turtorial_interfaces/include/turtorial_interfaces/turtorial_interfaces/msg/detail/sphere__struct.hpp
[3.992s] -- Installing: /home/jishnu/project/ros2-project/projects/workspace/install/turtorial_interfaces/include/turtorial_interfaces/turtorial_interfaces/msg/detail/num__builder.hpp
[3.992s] -- Installing: /home/jishnu/project/ros2-project/projects/workspace/install/turtorial_interfaces/include/turtorial_interfaces/turtorial_interfaces/msg/detail/num__struct.hpp
[3.992s] -- Up-to-date: /home/jishnu/project/ros2-project/projects/workspace/install/turtorial_interfaces/include/turtorial_interfaces/turtorial_interfaces
[3.992s] -- Up-to-date: /home/jishnu/project/ros2-project/projects/workspace/install/turtorial_interfaces/include/turtorial_interfaces/turtorial_interfaces/srv
[3.992s] -- Up-to-date: /home/jishnu/project/ros2-project/projects/workspace/install/turtorial_interfaces/include/turtorial_interfaces/turtorial_interfaces/srv/detail
[3.992s] -- Installing: /home/jishnu/project/ros2-project/projects/workspace/install/turtorial_interfaces/include/turtorial_interfaces/turtorial_interfaces/srv/detail/add_three_ints__rosidl_typesupport_fastrtps_cpp.hpp
[3.992s] -- Installing: /home/jishnu/project/ros2-project/projects/workspace/install/turtorial_interfaces/include/turtorial_interfaces/turtorial_interfaces/srv/detail/dds_fastrtps
[3.992s] -- Up-to-date: /home/jishnu/project/ros2-project/projects/workspace/install/turtorial_interfaces/include/turtorial_interfaces/turtorial_interfaces/msg
[3.992s] -- Installing: /home/jishnu/project/ros2-project/projects/workspace/install/turtorial_interfaces/include/turtorial_interfaces/turtorial_interfaces/msg/rosidl_typesupport_fastrtps_cpp__visibility_control.h
[3.993s] -- Up-to-date: /home/jishnu/project/ros2-project/projects/workspace/install/turtorial_interfaces/include/turtorial_interfaces/turtorial_interfaces/msg/detail
[3.993s] -- Installing: /home/jishnu/project/ros2-project/projects/workspace/install/turtorial_interfaces/include/turtorial_interfaces/turtorial_interfaces/msg/detail/num__rosidl_typesupport_fastrtps_cpp.hpp
[3.993s] -- Installing: /home/jishnu/project/ros2-project/projects/workspace/install/turtorial_interfaces/include/turtorial_interfaces/turtorial_interfaces/msg/detail/sphere__rosidl_typesupport_fastrtps_cpp.hpp
[3.993s] -- Installing: /home/jishnu/project/ros2-project/projects/workspace/install/turtorial_interfaces/include/turtorial_interfaces/turtorial_interfaces/msg/detail/dds_fastrtps
[3.993s] -- Installing: /home/jishnu/project/ros2-project/projects/workspace/install/turtorial_interfaces/lib/libturtorial_interfaces__rosidl_typesupport_fastrtps_cpp.so
[3.993s] -- Set runtime path of "/home/jishnu/project/ros2-project/projects/workspace/install/turtorial_interfaces/lib/libturtorial_interfaces__rosidl_typesupport_fastrtps_cpp.so" to ""
[3.993s] -- Up-to-date: /home/jishnu/project/ros2-project/projects/workspace/install/turtorial_interfaces/include/turtorial_interfaces/turtorial_interfaces
[3.993s] -- Up-to-date: /home/jishnu/project/ros2-project/projects/workspace/install/turtorial_interfaces/include/turtorial_interfaces/turtorial_interfaces/srv
[3.993s] -- Up-to-date: /home/jishnu/project/ros2-project/projects/workspace/install/turtorial_interfaces/include/turtorial_interfaces/turtorial_interfaces/srv/detail
[3.993s] -- Installing: /home/jishnu/project/ros2-project/projects/workspace/install/turtorial_interfaces/include/turtorial_interfaces/turtorial_interfaces/srv/detail/add_three_ints__type_support.c
[3.993s] -- Installing: /home/jishnu/project/ros2-project/projects/workspace/install/turtorial_interfaces/include/turtorial_interfaces/turtorial_interfaces/srv/detail/add_three_ints__rosidl_typesupport_introspection_c.h
[3.994s] -- Up-to-date: /home/jishnu/project/ros2-project/projects/workspace/install/turtorial_interfaces/include/turtorial_interfaces/turtorial_interfaces/msg
[3.994s] -- Up-to-date: /home/jishnu/project/ros2-project/projects/workspace/install/turtorial_interfaces/include/turtorial_interfaces/turtorial_interfaces/msg/detail
[3.994s] -- Installing: /home/jishnu/project/ros2-project/projects/workspace/install/turtorial_interfaces/include/turtorial_interfaces/turtorial_interfaces/msg/detail/num__type_support.c
[3.994s] -- Installing: /home/jishnu/project/ros2-project/projects/workspace/install/turtorial_interfaces/include/turtorial_interfaces/turtorial_interfaces/msg/detail/num__rosidl_typesupport_introspection_c.h
[3.994s] -- Installing: /home/jishnu/project/ros2-project/projects/workspace/install/turtorial_interfaces/include/turtorial_interfaces/turtorial_interfaces/msg/detail/sphere__rosidl_typesupport_introspection_c.h
[3.994s] -- Installing: /home/jishnu/project/ros2-project/projects/workspace/install/turtorial_interfaces/include/turtorial_interfaces/turtorial_interfaces/msg/detail/sphere__type_support.c
[3.994s] -- Installing: /home/jishnu/project/ros2-project/projects/workspace/install/turtorial_interfaces/include/turtorial_interfaces/turtorial_interfaces/msg/rosidl_typesupport_introspection_c__visibility_control.h
[3.994s] -- Installing: /home/jishnu/project/ros2-project/projects/workspace/install/turtorial_interfaces/lib/libturtorial_interfaces__rosidl_typesupport_introspection_c.so
[3.994s] -- Set runtime path of "/home/jishnu/project/ros2-project/projects/workspace/install/turtorial_interfaces/lib/libturtorial_interfaces__rosidl_typesupport_introspection_c.so" to ""
[3.994s] -- Installing: /home/jishnu/project/ros2-project/projects/workspace/install/turtorial_interfaces/lib/libturtorial_interfaces__rosidl_typesupport_c.so
[3.994s] -- Set runtime path of "/home/jishnu/project/ros2-project/projects/workspace/install/turtorial_interfaces/lib/libturtorial_interfaces__rosidl_typesupport_c.so" to ""
[3.994s] -- Up-to-date: /home/jishnu/project/ros2-project/projects/workspace/install/turtorial_interfaces/include/turtorial_interfaces/turtorial_interfaces
[3.995s] -- Up-to-date: /home/jishnu/project/ros2-project/projects/workspace/install/turtorial_interfaces/include/turtorial_interfaces/turtorial_interfaces/srv
[3.995s] -- Up-to-date: /home/jishnu/project/ros2-project/projects/workspace/install/turtorial_interfaces/include/turtorial_interfaces/turtorial_interfaces/srv/detail
[3.995s] -- Installing: /home/jishnu/project/ros2-project/projects/workspace/install/turtorial_interfaces/include/turtorial_interfaces/turtorial_interfaces/srv/detail/add_three_ints__type_support.cpp
[3.995s] -- Installing: /home/jishnu/project/ros2-project/projects/workspace/install/turtorial_interfaces/include/turtorial_interfaces/turtorial_interfaces/srv/detail/add_three_ints__rosidl_typesupport_introspection_cpp.hpp
[3.995s] -- Up-to-date: /home/jishnu/project/ros2-project/projects/workspace/install/turtorial_interfaces/include/turtorial_interfaces/turtorial_interfaces/msg
[3.995s] -- Up-to-date: /home/jishnu/project/ros2-project/projects/workspace/install/turtorial_interfaces/include/turtorial_interfaces/turtorial_interfaces/msg/detail
[3.995s] -- Installing: /home/jishnu/project/ros2-project/projects/workspace/install/turtorial_interfaces/include/turtorial_interfaces/turtorial_interfaces/msg/detail/sphere__type_support.cpp
[3.995s] -- Installing: /home/jishnu/project/ros2-project/projects/workspace/install/turtorial_interfaces/include/turtorial_interfaces/turtorial_interfaces/msg/detail/num__type_support.cpp
[3.995s] -- Installing: /home/jishnu/project/ros2-project/projects/workspace/install/turtorial_interfaces/include/turtorial_interfaces/turtorial_interfaces/msg/detail/num__rosidl_typesupport_introspection_cpp.hpp
[3.995s] -- Installing: /home/jishnu/project/ros2-project/projects/workspace/install/turtorial_interfaces/include/turtorial_interfaces/turtorial_interfaces/msg/detail/sphere__rosidl_typesupport_introspection_cpp.hpp
[3.995s] -- Installing: /home/jishnu/project/ros2-project/projects/workspace/install/turtorial_interfaces/lib/libturtorial_interfaces__rosidl_typesupport_introspection_cpp.so
[3.995s] -- Set runtime path of "/home/jishnu/project/ros2-project/projects/workspace/install/turtorial_interfaces/lib/libturtorial_interfaces__rosidl_typesupport_introspection_cpp.so" to ""
[3.996s] -- Installing: /home/jishnu/project/ros2-project/projects/workspace/install/turtorial_interfaces/lib/libturtorial_interfaces__rosidl_typesupport_cpp.so
[3.996s] -- Set runtime path of "/home/jishnu/project/ros2-project/projects/workspace/install/turtorial_interfaces/lib/libturtorial_interfaces__rosidl_typesupport_cpp.so" to ""
[3.996s] -- Installing: /home/jishnu/project/ros2-project/projects/workspace/install/turtorial_interfaces/share/turtorial_interfaces/environment/pythonpath.sh
[3.996s] -- Installing: /home/jishnu/project/ros2-project/projects/workspace/install/turtorial_interfaces/share/turtorial_interfaces/environment/pythonpath.dsv
[3.996s] -- Installing: /home/jishnu/project/ros2-project/projects/workspace/install/turtorial_interfaces/local/lib/python3.10/dist-packages/turtorial_interfaces-0.0.0-py3.10.egg-info
[3.996s] -- Installing: /home/jishnu/project/ros2-project/projects/workspace/install/turtorial_interfaces/local/lib/python3.10/dist-packages/turtorial_interfaces-0.0.0-py3.10.egg-info/top_level.txt
[3.996s] -- Installing: /home/jishnu/project/ros2-project/projects/workspace/install/turtorial_interfaces/local/lib/python3.10/dist-packages/turtorial_interfaces-0.0.0-py3.10.egg-info/dependency_links.txt
[3.996s] -- Installing: /home/jishnu/project/ros2-project/projects/workspace/install/turtorial_interfaces/local/lib/python3.10/dist-packages/turtorial_interfaces-0.0.0-py3.10.egg-info/SOURCES.txt
[3.996s] -- Installing: /home/jishnu/project/ros2-project/projects/workspace/install/turtorial_interfaces/local/lib/python3.10/dist-packages/turtorial_interfaces-0.0.0-py3.10.egg-info/PKG-INFO
[3.996s] -- Installing: /home/jishnu/project/ros2-project/projects/workspace/install/turtorial_interfaces/local/lib/python3.10/dist-packages/turtorial_interfaces
[3.997s] -- Installing: /home/jishnu/project/ros2-project/projects/workspace/install/turtorial_interfaces/local/lib/python3.10/dist-packages/turtorial_interfaces/_turtorial_interfaces_s.ep.rosidl_typesupport_fastrtps_c.c
[3.997s] -- Installing: /home/jishnu/project/ros2-project/projects/workspace/install/turtorial_interfaces/local/lib/python3.10/dist-packages/turtorial_interfaces/turtorial_interfaces_s__rosidl_typesupport_fastrtps_c.cpython-310-x86_64-linux-gnu.so
[3.997s] -- Installing: /home/jishnu/project/ros2-project/projects/workspace/install/turtorial_interfaces/local/lib/python3.10/dist-packages/turtorial_interfaces/_turtorial_interfaces_s.ep.rosidl_typesupport_c.c
[3.997s] -- Installing: /home/jishnu/project/ros2-project/projects/workspace/install/turtorial_interfaces/local/lib/python3.10/dist-packages/turtorial_interfaces/_turtorial_interfaces_s.ep.rosidl_typesupport_introspection_c.c
[3.997s] -- Installing: /home/jishnu/project/ros2-project/projects/workspace/install/turtorial_interfaces/local/lib/python3.10/dist-packages/turtorial_interfaces/srv
[3.997s] -- Installing: /home/jishnu/project/ros2-project/projects/workspace/install/turtorial_interfaces/local/lib/python3.10/dist-packages/turtorial_interfaces/srv/__init__.py
[3.997s] -- Installing: /home/jishnu/project/ros2-project/projects/workspace/install/turtorial_interfaces/local/lib/python3.10/dist-packages/turtorial_interfaces/srv/_add_three_ints.py
[3.997s] -- Installing: /home/jishnu/project/ros2-project/projects/workspace/install/turtorial_interfaces/local/lib/python3.10/dist-packages/turtorial_interfaces/srv/_add_three_ints_s.c
[3.997s] -- Installing: /home/jishnu/project/ros2-project/projects/workspace/install/turtorial_interfaces/local/lib/python3.10/dist-packages/turtorial_interfaces/msg
[3.997s] -- Installing: /home/jishnu/project/ros2-project/projects/workspace/install/turtorial_interfaces/local/lib/python3.10/dist-packages/turtorial_interfaces/msg/_sphere.py
[3.998s] -- Installing: /home/jishnu/project/ros2-project/projects/workspace/install/turtorial_interfaces/local/lib/python3.10/dist-packages/turtorial_interfaces/msg/_num.py
[3.998s] -- Installing: /home/jishnu/project/ros2-project/projects/workspace/install/turtorial_interfaces/local/lib/python3.10/dist-packages/turtorial_interfaces/msg/__init__.py
[3.998s] -- Installing: /home/jishnu/project/ros2-project/projects/workspace/install/turtorial_interfaces/local/lib/python3.10/dist-packages/turtorial_interfaces/msg/_num_s.c
[3.998s] -- Installing: /home/jishnu/project/ros2-project/projects/workspace/install/turtorial_interfaces/local/lib/python3.10/dist-packages/turtorial_interfaces/msg/_sphere_s.c
[3.998s] -- Installing: /home/jishnu/project/ros2-project/projects/workspace/install/turtorial_interfaces/local/lib/python3.10/dist-packages/turtorial_interfaces/__init__.py
[3.998s] -- Installing: /home/jishnu/project/ros2-project/projects/workspace/install/turtorial_interfaces/local/lib/python3.10/dist-packages/turtorial_interfaces/turtorial_interfaces_s__rosidl_typesupport_introspection_c.cpython-310-x86_64-linux-gnu.so
[3.998s] -- Installing: /home/jishnu/project/ros2-project/projects/workspace/install/turtorial_interfaces/local/lib/python3.10/dist-packages/turtorial_interfaces/turtorial_interfaces_s__rosidl_typesupport_c.cpython-310-x86_64-linux-gnu.so
[3.998s] -- Installing: /home/jishnu/project/ros2-project/projects/workspace/install/turtorial_interfaces/local/lib/python3.10/dist-packages/turtorial_interfaces/libturtorial_interfaces__rosidl_generator_py.so
[4.028s] Listing '/home/jishnu/project/ros2-project/projects/workspace/install/turtorial_interfaces/local/lib/python3.10/dist-packages/turtorial_interfaces'...
[4.028s] Compiling '/home/jishnu/project/ros2-project/projects/workspace/install/turtorial_interfaces/local/lib/python3.10/dist-packages/turtorial_interfaces/__init__.py'...
[4.028s] Listing '/home/jishnu/project/ros2-project/projects/workspace/install/turtorial_interfaces/local/lib/python3.10/dist-packages/turtorial_interfaces/msg'...
[4.028s] Compiling '/home/jishnu/project/ros2-project/projects/workspace/install/turtorial_interfaces/local/lib/python3.10/dist-packages/turtorial_interfaces/msg/__init__.py'...
[4.028s] Compiling '/home/jishnu/project/ros2-project/projects/workspace/install/turtorial_interfaces/local/lib/python3.10/dist-packages/turtorial_interfaces/msg/_num.py'...
[4.028s] Compiling '/home/jishnu/project/ros2-project/projects/workspace/install/turtorial_interfaces/local/lib/python3.10/dist-packages/turtorial_interfaces/msg/_sphere.py'...
[4.028s] Listing '/home/jishnu/project/ros2-project/projects/workspace/install/turtorial_interfaces/local/lib/python3.10/dist-packages/turtorial_interfaces/srv'...
[4.029s] Compiling '/home/jishnu/project/ros2-project/projects/workspace/install/turtorial_interfaces/local/lib/python3.10/dist-packages/turtorial_interfaces/srv/__init__.py'...
[4.029s] Compiling '/home/jishnu/project/ros2-project/projects/workspace/install/turtorial_interfaces/local/lib/python3.10/dist-packages/turtorial_interfaces/srv/_add_three_ints.py'...
[4.032s] -- Installing: /home/jishnu/project/ros2-project/projects/workspace/install/turtorial_interfaces/local/lib/python3.10/dist-packages/turtorial_interfaces/turtorial_interfaces_s__rosidl_typesupport_fastrtps_c.cpython-310-x86_64-linux-gnu.so
[4.032s] -- Set runtime path of "/home/jishnu/project/ros2-project/projects/workspace/install/turtorial_interfaces/local/lib/python3.10/dist-packages/turtorial_interfaces/turtorial_interfaces_s__rosidl_typesupport_fastrtps_c.cpython-310-x86_64-linux-gnu.so" to ""
[4.032s] -- Installing: /home/jishnu/project/ros2-project/projects/workspace/install/turtorial_interfaces/local/lib/python3.10/dist-packages/turtorial_interfaces/turtorial_interfaces_s__rosidl_typesupport_introspection_c.cpython-310-x86_64-linux-gnu.so
[4.032s] -- Set runtime path of "/home/jishnu/project/ros2-project/projects/workspace/install/turtorial_interfaces/local/lib/python3.10/dist-packages/turtorial_interfaces/turtorial_interfaces_s__rosidl_typesupport_introspection_c.cpython-310-x86_64-linux-gnu.so" to ""
[4.033s] -- Installing: /home/jishnu/project/ros2-project/projects/workspace/install/turtorial_interfaces/local/lib/python3.10/dist-packages/turtorial_interfaces/turtorial_interfaces_s__rosidl_typesupport_c.cpython-310-x86_64-linux-gnu.so
[4.033s] -- Set runtime path of "/home/jishnu/project/ros2-project/projects/workspace/install/turtorial_interfaces/local/lib/python3.10/dist-packages/turtorial_interfaces/turtorial_interfaces_s__rosidl_typesupport_c.cpython-310-x86_64-linux-gnu.so" to ""
[4.033s] -- Installing: /home/jishnu/project/ros2-project/projects/workspace/install/turtorial_interfaces/lib/libturtorial_interfaces__rosidl_generator_py.so
[4.033s] -- Set runtime path of "/home/jishnu/project/ros2-project/projects/workspace/install/turtorial_interfaces/lib/libturtorial_interfaces__rosidl_generator_py.so" to ""
[4.033s] -- Installing: /home/jishnu/project/ros2-project/projects/workspace/install/turtorial_interfaces/share/turtorial_interfaces/msg/Num.idl
[4.033s] -- Installing: /home/jishnu/project/ros2-project/projects/workspace/install/turtorial_interfaces/share/turtorial_interfaces/msg/Sphere.idl
[4.034s] -- Installing: /home/jishnu/project/ros2-project/projects/workspace/install/turtorial_interfaces/share/turtorial_interfaces/srv/AddThreeInts.idl
[4.034s] -- Installing: /home/jishnu/project/ros2-project/projects/workspace/install/turtorial_interfaces/share/turtorial_interfaces/msg/Num.msg
[4.034s] -- Installing: /home/jishnu/project/ros2-project/projects/workspace/install/turtorial_interfaces/share/turtorial_interfaces/msg/Sphere.msg
[4.034s] -- Installing: /home/jishnu/project/ros2-project/projects/workspace/install/turtorial_interfaces/share/turtorial_interfaces/srv/AddThreeInts.srv
[4.034s] -- Installing: /home/jishnu/project/ros2-project/projects/workspace/install/turtorial_interfaces/share/turtorial_interfaces/srv/AddThreeInts_Request.msg
[4.034s] -- Installing: /home/jishnu/project/ros2-project/projects/workspace/install/turtorial_interfaces/share/turtorial_interfaces/srv/AddThreeInts_Response.msg
[4.034s] -- Installing: /home/jishnu/project/ros2-project/projects/workspace/install/turtorial_interfaces/share/ament_index/resource_index/package_run_dependencies/turtorial_interfaces
[4.034s] -- Installing: /home/jishnu/project/ros2-project/projects/workspace/install/turtorial_interfaces/share/ament_index/resource_index/parent_prefix_path/turtorial_interfaces
[4.035s] -- Installing: /home/jishnu/project/ros2-project/projects/workspace/install/turtorial_interfaces/share/turtorial_interfaces/environment/ament_prefix_path.sh
[4.035s] -- Installing: /home/jishnu/project/ros2-project/projects/workspace/install/turtorial_interfaces/share/turtorial_interfaces/environment/ament_prefix_path.dsv
[4.035s] -- Installing: /home/jishnu/project/ros2-project/projects/workspace/install/turtorial_interfaces/share/turtorial_interfaces/environment/path.sh
[4.035s] -- Installing: /home/jishnu/project/ros2-project/projects/workspace/install/turtorial_interfaces/share/turtorial_interfaces/environment/path.dsv
[4.035s] -- Installing: /home/jishnu/project/ros2-project/projects/workspace/install/turtorial_interfaces/share/turtorial_interfaces/local_setup.bash
[4.035s] -- Installing: /home/jishnu/project/ros2-project/projects/workspace/install/turtorial_interfaces/share/turtorial_interfaces/local_setup.sh
[4.035s] -- Installing: /home/jishnu/project/ros2-project/projects/workspace/install/turtorial_interfaces/share/turtorial_interfaces/local_setup.zsh
[4.035s] -- Installing: /home/jishnu/project/ros2-project/projects/workspace/install/turtorial_interfaces/share/turtorial_interfaces/local_setup.dsv
[4.035s] -- Installing: /home/jishnu/project/ros2-project/projects/workspace/install/turtorial_interfaces/share/turtorial_interfaces/package.dsv
[4.036s] -- Installing: /home/jishnu/project/ros2-project/projects/workspace/install/turtorial_interfaces/share/ament_index/resource_index/packages/turtorial_interfaces
[4.036s] -- Installing: /home/jishnu/project/ros2-project/projects/workspace/install/turtorial_interfaces/share/turtorial_interfaces/cmake/export_turtorial_interfaces__rosidl_generator_cExport.cmake
[4.036s] -- Installing: /home/jishnu/project/ros2-project/projects/workspace/install/turtorial_interfaces/share/turtorial_interfaces/cmake/export_turtorial_interfaces__rosidl_generator_cExport-noconfig.cmake
[4.036s] -- Installing: /home/jishnu/project/ros2-project/projects/workspace/install/turtorial_interfaces/share/turtorial_interfaces/cmake/export_turtorial_interfaces__rosidl_typesupport_fastrtps_cExport.cmake
[4.036s] -- Installing: /home/jishnu/project/ros2-project/projects/workspace/install/turtorial_interfaces/share/turtorial_interfaces/cmake/export_turtorial_interfaces__rosidl_typesupport_fastrtps_cExport-noconfig.cmake
[4.036s] -- Installing: /home/jishnu/project/ros2-project/projects/workspace/install/turtorial_interfaces/share/turtorial_interfaces/cmake/export_turtorial_interfaces__rosidl_generator_cppExport.cmake
[4.036s] -- Installing: /home/jishnu/project/ros2-project/projects/workspace/install/turtorial_interfaces/share/turtorial_interfaces/cmake/export_turtorial_interfaces__rosidl_typesupport_fastrtps_cppExport.cmake
[4.037s] -- Installing: /home/jishnu/project/ros2-project/projects/workspace/install/turtorial_interfaces/share/turtorial_interfaces/cmake/export_turtorial_interfaces__rosidl_typesupport_fastrtps_cppExport-noconfig.cmake
[4.037s] -- Installing: /home/jishnu/project/ros2-project/projects/workspace/install/turtorial_interfaces/share/turtorial_interfaces/cmake/turtorial_interfaces__rosidl_typesupport_introspection_cExport.cmake
[4.037s] -- Installing: /home/jishnu/project/ros2-project/projects/workspace/install/turtorial_interfaces/share/turtorial_interfaces/cmake/turtorial_interfaces__rosidl_typesupport_introspection_cExport-noconfig.cmake
[4.037s] -- Installing: /home/jishnu/project/ros2-project/projects/workspace/install/turtorial_interfaces/share/turtorial_interfaces/cmake/turtorial_interfaces__rosidl_typesupport_cExport.cmake
[4.037s] -- Installing: /home/jishnu/project/ros2-project/projects/workspace/install/turtorial_interfaces/share/turtorial_interfaces/cmake/turtorial_interfaces__rosidl_typesupport_cExport-noconfig.cmake
[4.037s] -- Installing: /home/jishnu/project/ros2-project/projects/workspace/install/turtorial_interfaces/share/turtorial_interfaces/cmake/turtorial_interfaces__rosidl_typesupport_introspection_cppExport.cmake
[4.037s] -- Installing: /home/jishnu/project/ros2-project/projects/workspace/install/turtorial_interfaces/share/turtorial_interfaces/cmake/turtorial_interfaces__rosidl_typesupport_introspection_cppExport-noconfig.cmake
[4.037s] -- Installing: /home/jishnu/project/ros2-project/projects/workspace/install/turtorial_interfaces/share/turtorial_interfaces/cmake/turtorial_interfaces__rosidl_typesupport_cppExport.cmake
[4.038s] -- Installing: /home/jishnu/project/ros2-project/projects/workspace/install/turtorial_interfaces/share/turtorial_interfaces/cmake/turtorial_interfaces__rosidl_typesupport_cppExport-noconfig.cmake
[4.038s] -- Installing: /home/jishnu/project/ros2-project/projects/workspace/install/turtorial_interfaces/share/turtorial_interfaces/cmake/export_turtorial_interfaces__rosidl_generator_pyExport.cmake
[4.038s] -- Installing: /home/jishnu/project/ros2-project/projects/workspace/install/turtorial_interfaces/share/turtorial_interfaces/cmake/export_turtorial_interfaces__rosidl_generator_pyExport-noconfig.cmake
[4.038s] -- Installing: /home/jishnu/project/ros2-project/projects/workspace/install/turtorial_interfaces/share/turtorial_interfaces/cmake/rosidl_cmake-extras.cmake
[4.038s] -- Installing: /home/jishnu/project/ros2-project/projects/workspace/install/turtorial_interfaces/share/turtorial_interfaces/cmake/ament_cmake_export_dependencies-extras.cmake
[4.038s] -- Installing: /home/jishnu/project/ros2-project/projects/workspace/install/turtorial_interfaces/share/turtorial_interfaces/cmake/ament_cmake_export_include_directories-extras.cmake
[4.038s] -- Installing: /home/jishnu/project/ros2-project/projects/workspace/install/turtorial_interfaces/share/turtorial_interfaces/cmake/ament_cmake_export_libraries-extras.cmake
[4.038s] -- Installing: /home/jishnu/project/ros2-project/projects/workspace/install/turtorial_interfaces/share/turtorial_interfaces/cmake/ament_cmake_export_targets-extras.cmake
[4.039s] -- Installing: /home/jishnu/project/ros2-project/projects/workspace/install/turtorial_interfaces/share/turtorial_interfaces/cmake/rosidl_cmake_export_typesupport_targets-extras.cmake
[4.039s] -- Installing: /home/jishnu/project/ros2-project/projects/workspace/install/turtorial_interfaces/share/turtorial_interfaces/cmake/rosidl_cmake_export_typesupport_libraries-extras.cmake
[4.039s] -- Installing: /home/jishnu/project/ros2-project/projects/workspace/install/turtorial_interfaces/share/turtorial_interfaces/cmake/turtorial_interfacesConfig.cmake
[4.039s] -- Installing: /home/jishnu/project/ros2-project/projects/workspace/install/turtorial_interfaces/share/turtorial_interfaces/cmake/turtorial_interfacesConfig-version.cmake
[4.039s] -- Installing: /home/jishnu/project/ros2-project/projects/workspace/install/turtorial_interfaces/share/turtorial_interfaces/package.xml
[4.041s] Invoked command in '/home/jishnu/project/ros2-project/projects/workspace/build/turtorial_interfaces' returned '0': CMAKE_PREFIX_PATH=/opt/ros/humble /usr/bin/cmake --install /home/jishnu/project/ros2-project/projects/workspace/build/turtorial_interfaces
