-- Found ament_cmake: 1.3.3 (/opt/ros/humble/share/ament_cmake/cmake)
-- Found action_tutorials_interfaces: 0.0.0 (/home/jishnu/project/ros2-project/projects/workspace/src/install/action_tutorials_interfaces/share/action_tutorials_interfaces/cmake)
-- Found rosidl_generator_c: 3.1.4 (/opt/ros/humble/share/rosidl_generator_c/cmake)
-- Found rosidl_adapter: 3.1.4 (/opt/ros/humble/share/rosidl_adapter/cmake)
-- Found rosidl_generator_cpp: 3.1.4 (/opt/ros/humble/share/rosidl_generator_cpp/cmake)
-- Using all available rosidl_typesupport_c: rosidl_typesupport_fastrtps_c;rosidl_typesupport_introspection_c
-- Using all available rosidl_typesupport_cpp: rosidl_typesupport_fastrtps_cpp;rosidl_typesupport_introspection_cpp
-- Found rclcpp: 16.0.2 (/opt/ros/humble/share/rclcpp/cmake)
-- Found rmw_implementation_cmake: 6.1.1 (/opt/ros/humble/share/rmw_implementation_cmake/cmake)
-- Found rmw_fastrtps_cpp: 6.2.2 (/opt/ros/humble/share/rmw_fastrtps_cpp/cmake)
-- Found OpenSSL: /usr/lib/x86_64-linux-gnu/libcrypto.so (found version "3.0.2")  
-- Found FastRTPS: /opt/ros/humble/include  
-- Using RMW implementation 'rmw_fastrtps_cpp' as default
-- Looking for pthread.h
-- Looking for pthread.h - found
-- Performing Test CMAKE_HAVE_LIBC_PTHREAD
-- Performing Test CMAKE_HAVE_LIBC_PTHREAD - Success
-- Found Threads: TRUE  
-- Found rclcpp_action: 16.0.2 (/opt/ros/humble/share/rclcpp_action/cmake)
-- Found rclcpp_components: 16.0.2 (/opt/ros/humble/share/rclcpp_components/cmake)
-- Found ament_lint_auto: 0.12.4 (/opt/ros/humble/share/ament_lint_auto/cmake)
-- Added test 'cppcheck' to perform static code analysis on C / C++ code
-- Configured cppcheck include dirs: $<BUILD_INTERFACE:/home/jishnu/project/ros2-project/projects/workspace/src/action_tutorials_cpp/include>
-- Configured cppcheck exclude dirs and/or files: 
-- Added test 'lint_cmake' to check CMake code style
-- Added test 'uncrustify' to check C / C++ code style
-- Configured uncrustify additional arguments: 
-- Added test 'xmllint' to check XML markup files
-- Configuring done
-- Generating done
-- Build files have been written to: /home/jishnu/project/ros2-project/projects/workspace/src/build/action_tutorials_cpp
[ 25%] [32mBuilding CXX object CMakeFiles/action_server.dir/src/fibonacci_action_server.cpp.o[0m
[ 50%] [32mBuilding CXX object CMakeFiles/fibonacci_action_server.dir/rclcpp_components/node_main_fibonacci_action_server.cpp.o[0m
[ 75%] [32m[1mLinking CXX executable fibonacci_action_server[0m
[ 75%] Built target fibonacci_action_server
[100%] [32m[1mLinking CXX shared library libaction_server.so[0m
[100%] Built target action_server
-- Install configuration: ""
-- Installing: /home/jishnu/project/ros2-project/projects/workspace/src/install/action_tutorials_cpp/lib/action_tutorials_cpp/fibonacci_action_server
-- Set runtime path of "/home/jishnu/project/ros2-project/projects/workspace/src/install/action_tutorials_cpp/lib/action_tutorials_cpp/fibonacci_action_server" to ""
-- Installing: /home/jishnu/project/ros2-project/projects/workspace/src/install/action_tutorials_cpp/lib/libaction_server.so
-- Set runtime path of "/home/jishnu/project/ros2-project/projects/workspace/src/install/action_tutorials_cpp/lib/libaction_server.so" to ""
-- Installing: /home/jishnu/project/ros2-project/projects/workspace/src/install/action_tutorials_cpp/share/ament_index/resource_index/package_run_dependencies/action_tutorials_cpp
-- Installing: /home/jishnu/project/ros2-project/projects/workspace/src/install/action_tutorials_cpp/share/ament_index/resource_index/parent_prefix_path/action_tutorials_cpp
-- Installing: /home/jishnu/project/ros2-project/projects/workspace/src/install/action_tutorials_cpp/share/action_tutorials_cpp/environment/ament_prefix_path.sh
-- Installing: /home/jishnu/project/ros2-project/projects/workspace/src/install/action_tutorials_cpp/share/action_tutorials_cpp/environment/ament_prefix_path.dsv
-- Installing: /home/jishnu/project/ros2-project/projects/workspace/src/install/action_tutorials_cpp/share/action_tutorials_cpp/environment/path.sh
-- Installing: /home/jishnu/project/ros2-project/projects/workspace/src/install/action_tutorials_cpp/share/action_tutorials_cpp/environment/path.dsv
-- Installing: /home/jishnu/project/ros2-project/projects/workspace/src/install/action_tutorials_cpp/share/action_tutorials_cpp/local_setup.bash
-- Installing: /home/jishnu/project/ros2-project/projects/workspace/src/install/action_tutorials_cpp/share/action_tutorials_cpp/local_setup.sh
-- Installing: /home/jishnu/project/ros2-project/projects/workspace/src/install/action_tutorials_cpp/share/action_tutorials_cpp/local_setup.zsh
-- Installing: /home/jishnu/project/ros2-project/projects/workspace/src/install/action_tutorials_cpp/share/action_tutorials_cpp/local_setup.dsv
-- Installing: /home/jishnu/project/ros2-project/projects/workspace/src/install/action_tutorials_cpp/share/action_tutorials_cpp/package.dsv
-- Installing: /home/jishnu/project/ros2-project/projects/workspace/src/install/action_tutorials_cpp/share/ament_index/resource_index/packages/action_tutorials_cpp
-- Installing: /home/jishnu/project/ros2-project/projects/workspace/src/install/action_tutorials_cpp/share/ament_index/resource_index/rclcpp_components/action_tutorials_cpp
-- Installing: /home/jishnu/project/ros2-project/projects/workspace/src/install/action_tutorials_cpp/share/action_tutorials_cpp/cmake/action_tutorials_cppConfig.cmake
-- Installing: /home/jishnu/project/ros2-project/projects/workspace/src/install/action_tutorials_cpp/share/action_tutorials_cpp/cmake/action_tutorials_cppConfig-version.cmake
-- Installing: /home/jishnu/project/ros2-project/projects/workspace/src/install/action_tutorials_cpp/share/action_tutorials_cpp/package.xml
