[0.047s] Invoking command in '/home/jishnu/project/ros2-project/projects/workspace/src/build/polygon_base': CMAKE_PREFIX_PATH=${CMAKE_PREFIX_PATH}:/home/jishnu/project/moveit-projects/ws_moveit2/install/ros2controlcli:/home/jishnu/project/moveit-projects/ws_moveit2/install/moveit_configs_utils:/home/jishnu/ws_moveit2/install/ros2controlcli:/home/jishnu/ws_moveit2/install/moveit_configs_utils:/opt/ros/humble /usr/bin/cmake /home/jishnu/project/ros2-project/projects/workspace/src/polygon_base -DCMAKE_INSTALL_PREFIX=/home/jishnu/project/ros2-project/projects/workspace/src/install/polygon_base
[0.171s] -- The C compiler identification is GNU 11.3.0
[0.263s] -- The CXX compiler identification is GNU 11.3.0
[0.273s] -- Detecting C compiler ABI info
[0.357s] -- Detecting C compiler ABI info - done
[0.364s] -- Check for working C compiler: /usr/bin/cc - skipped
[0.366s] -- Detecting C compile features
[0.367s] -- Detecting C compile features - done
[0.377s] -- Detecting CXX compiler ABI info
[0.471s] -- Detecting CXX compiler ABI info - done
[0.478s] -- Check for working CXX compiler: /usr/bin/c++ - skipped
[0.478s] -- Detecting CXX compile features
[0.479s] -- Detecting CXX compile features - done
[0.549s] -- Found ament_cmake: 1.3.3 (/opt/ros/humble/share/ament_cmake/cmake)
[0.772s] -- Found Python3: /usr/bin/python3.10 (found version "3.10.6") found components: Interpreter 
[0.975s] -- Found pluginlib: 5.1.0 (/opt/ros/humble/share/pluginlib/cmake)
[1.509s] -- Found ament_lint_auto: 0.12.4 (/opt/ros/humble/share/ament_lint_auto/cmake)
[1.661s] -- Added test 'cppcheck' to perform static code analysis on C / C++ code
[1.662s] -- Configured cppcheck include dirs: $<BUILD_INTERFACE:/home/jishnu/project/ros2-project/projects/workspace/src/polygon_base/include>
[1.662s] -- Configured cppcheck exclude dirs and/or files: 
[1.664s] -- Added test 'lint_cmake' to check CMake code style
[1.666s] -- Added test 'uncrustify' to check C / C++ code style
[1.666s] -- Configured uncrustify additional arguments: 
[1.668s] -- Added test 'xmllint' to check XML markup files
[1.672s] -- Configuring done
[1.803s] -- Generating done
[1.806s] -- Build files have been written to: /home/jishnu/project/ros2-project/projects/workspace/src/build/polygon_base
[1.814s] Invoked command in '/home/jishnu/project/ros2-project/projects/workspace/src/build/polygon_base' returned '0': CMAKE_PREFIX_PATH=${CMAKE_PREFIX_PATH}:/home/jishnu/project/moveit-projects/ws_moveit2/install/ros2controlcli:/home/jishnu/project/moveit-projects/ws_moveit2/install/moveit_configs_utils:/home/jishnu/ws_moveit2/install/ros2controlcli:/home/jishnu/ws_moveit2/install/moveit_configs_utils:/opt/ros/humble /usr/bin/cmake /home/jishnu/project/ros2-project/projects/workspace/src/polygon_base -DCMAKE_INSTALL_PREFIX=/home/jishnu/project/ros2-project/projects/workspace/src/install/polygon_base
[1.815s] Invoking command in '/home/jishnu/project/ros2-project/projects/workspace/src/build/polygon_base': CMAKE_PREFIX_PATH=${CMAKE_PREFIX_PATH}:/home/jishnu/project/moveit-projects/ws_moveit2/install/ros2controlcli:/home/jishnu/project/moveit-projects/ws_moveit2/install/moveit_configs_utils:/home/jishnu/ws_moveit2/install/ros2controlcli:/home/jishnu/ws_moveit2/install/moveit_configs_utils:/opt/ros/humble /usr/bin/cmake --build /home/jishnu/project/ros2-project/projects/workspace/src/build/polygon_base -- -j8 -l8
[1.875s] [ 50%] [32mBuilding CXX object CMakeFiles/area_node.dir/src/area_node.cpp.o[0m
[4.264s] [100%] [32m[1mLinking CXX executable area_node[0m
[4.421s] [100%] Built target area_node
[4.438s] Invoked command in '/home/jishnu/project/ros2-project/projects/workspace/src/build/polygon_base' returned '0': CMAKE_PREFIX_PATH=${CMAKE_PREFIX_PATH}:/home/jishnu/project/moveit-projects/ws_moveit2/install/ros2controlcli:/home/jishnu/project/moveit-projects/ws_moveit2/install/moveit_configs_utils:/home/jishnu/ws_moveit2/install/ros2controlcli:/home/jishnu/ws_moveit2/install/moveit_configs_utils:/opt/ros/humble /usr/bin/cmake --build /home/jishnu/project/ros2-project/projects/workspace/src/build/polygon_base -- -j8 -l8
[4.485s] Invoking command in '/home/jishnu/project/ros2-project/projects/workspace/src/build/polygon_base': CMAKE_PREFIX_PATH=${CMAKE_PREFIX_PATH}:/home/jishnu/project/moveit-projects/ws_moveit2/install/ros2controlcli:/home/jishnu/project/moveit-projects/ws_moveit2/install/moveit_configs_utils:/home/jishnu/ws_moveit2/install/ros2controlcli:/home/jishnu/ws_moveit2/install/moveit_configs_utils:/opt/ros/humble /usr/bin/cmake --install /home/jishnu/project/ros2-project/projects/workspace/src/build/polygon_base
[4.494s] -- Install configuration: ""
[4.494s] -- Installing: /home/jishnu/project/ros2-project/projects/workspace/src/install/polygon_base/include
[4.599s] -- Installing: /home/jishnu/project/ros2-project/projects/workspace/src/install/polygon_base/include/polygon_base
[4.599s] -- Installing: /home/jishnu/project/ros2-project/projects/workspace/src/install/polygon_base/include/polygon_base/regular_polygon.hpp
[4.600s] -- Installing: /home/jishnu/project/ros2-project/projects/workspace/src/install/polygon_base/lib/polygon_base/area_node
[4.601s] -- Set runtime path of "/home/jishnu/project/ros2-project/projects/workspace/src/install/polygon_base/lib/polygon_base/area_node" to ""
[4.601s] -- Installing: /home/jishnu/project/ros2-project/projects/workspace/src/install/polygon_base/share/ament_index/resource_index/package_run_dependencies/polygon_base
[4.601s] -- Installing: /home/jishnu/project/ros2-project/projects/workspace/src/install/polygon_base/share/ament_index/resource_index/parent_prefix_path/polygon_base
[4.601s] -- Installing: /home/jishnu/project/ros2-project/projects/workspace/src/install/polygon_base/share/polygon_base/environment/ament_prefix_path.sh
[4.601s] -- Installing: /home/jishnu/project/ros2-project/projects/workspace/src/install/polygon_base/share/polygon_base/environment/ament_prefix_path.dsv
[4.601s] -- Installing: /home/jishnu/project/ros2-project/projects/workspace/src/install/polygon_base/share/polygon_base/environment/path.sh
[4.601s] -- Installing: /home/jishnu/project/ros2-project/projects/workspace/src/install/polygon_base/share/polygon_base/environment/path.dsv
[4.601s] -- Installing: /home/jishnu/project/ros2-project/projects/workspace/src/install/polygon_base/share/polygon_base/local_setup.bash
[4.602s] -- Installing: /home/jishnu/project/ros2-project/projects/workspace/src/install/polygon_base/share/polygon_base/local_setup.sh
[4.602s] -- Installing: /home/jishnu/project/ros2-project/projects/workspace/src/install/polygon_base/share/polygon_base/local_setup.zsh
[4.602s] -- Installing: /home/jishnu/project/ros2-project/projects/workspace/src/install/polygon_base/share/polygon_base/local_setup.dsv
[4.602s] -- Installing: /home/jishnu/project/ros2-project/projects/workspace/src/install/polygon_base/share/polygon_base/package.dsv
[4.602s] -- Installing: /home/jishnu/project/ros2-project/projects/workspace/src/install/polygon_base/share/ament_index/resource_index/packages/polygon_base
[4.602s] -- Installing: /home/jishnu/project/ros2-project/projects/workspace/src/install/polygon_base/share/polygon_base/cmake/ament_cmake_export_include_directories-extras.cmake
[4.602s] -- Installing: /home/jishnu/project/ros2-project/projects/workspace/src/install/polygon_base/share/polygon_base/cmake/polygon_baseConfig.cmake
[4.602s] -- Installing: /home/jishnu/project/ros2-project/projects/workspace/src/install/polygon_base/share/polygon_base/cmake/polygon_baseConfig-version.cmake
[4.602s] -- Installing: /home/jishnu/project/ros2-project/projects/workspace/src/install/polygon_base/share/polygon_base/package.xml
[4.605s] Invoked command in '/home/jishnu/project/ros2-project/projects/workspace/src/build/polygon_base' returned '0': CMAKE_PREFIX_PATH=${CMAKE_PREFIX_PATH}:/home/jishnu/project/moveit-projects/ws_moveit2/install/ros2controlcli:/home/jishnu/project/moveit-projects/ws_moveit2/install/moveit_configs_utils:/home/jishnu/ws_moveit2/install/ros2controlcli:/home/jishnu/ws_moveit2/install/moveit_configs_utils:/opt/ros/humble /usr/bin/cmake --install /home/jishnu/project/ros2-project/projects/workspace/src/build/polygon_base
