[  3%] Built target action_tutorials_interfaces__cpp
[  3%] Built target ament_cmake_python_copy_action_tutorials_interfaces
[ 12%] Built target action_tutorials_interfaces__rosidl_generator_c
[ 22%] Built target action_tutorials_interfaces__rosidl_typesupport_cpp
[ 32%] Built target action_tutorials_interfaces__rosidl_typesupport_fastrtps_cpp
[ 41%] Built target action_tutorials_interfaces__rosidl_typesupport_introspection_cpp
[ 51%] Built target action_tutorials_interfaces__rosidl_typesupport_fastrtps_c
[ 61%] Built target action_tutorials_interfaces__rosidl_typesupport_introspection_c
[ 70%] Built target action_tutorials_interfaces__rosidl_typesupport_c
[ 70%] Built target action_tutorials_interfaces
[ 74%] Built target action_tutorials_interfaces__py
[ 80%] Built target action_tutorials_interfaces__rosidl_generator_py
[ 87%] Built target action_tutorials_interfaces__rosidl_typesupport_fastrtps_c__pyext
[ 93%] Built target action_tutorials_interfaces__rosidl_typesupport_c__pyext
[100%] Built target action_tutorials_interfaces__rosidl_typesupport_introspection_c__pyext
running egg_info
writing action_tutorials_interfaces.egg-info/PKG-INFO
writing dependency_links to action_tutorials_interfaces.egg-info/dependency_links.txt
writing top-level names to action_tutorials_interfaces.egg-info/top_level.txt
reading manifest file 'action_tutorials_interfaces.egg-info/SOURCES.txt'
writing manifest file 'action_tutorials_interfaces.egg-info/SOURCES.txt'
[100%] Built target ament_cmake_python_build_action_tutorials_interfaces_egg
-- Install configuration: ""
-- Up-to-date: /home/jishnu/project/ros2-project/projects/workspace/src/install/action_tutorials_interfaces/share/ament_index/resource_index/rosidl_interfaces/action_tutorials_interfaces
-- Up-to-date: /home/jishnu/project/ros2-project/projects/workspace/src/install/action_tutorials_interfaces/include/action_tutorials_interfaces/action_tutorials_interfaces
-- Up-to-date: /home/jishnu/project/ros2-project/projects/workspace/src/install/action_tutorials_interfaces/include/action_tutorials_interfaces/action_tutorials_interfaces/msg
-- Up-to-date: /home/jishnu/project/ros2-project/projects/workspace/src/install/action_tutorials_interfaces/include/action_tutorials_interfaces/action_tutorials_interfaces/msg/rosidl_generator_c__visibility_control.h
-- Up-to-date: /home/jishnu/project/ros2-project/projects/workspace/src/install/action_tutorials_interfaces/include/action_tutorials_interfaces/action_tutorials_interfaces/action
-- Up-to-date: /home/jishnu/project/ros2-project/projects/workspace/src/install/action_tutorials_interfaces/include/action_tutorials_interfaces/action_tutorials_interfaces/action/fibonacci.h
-- Up-to-date: /home/jishnu/project/ros2-project/projects/workspace/src/install/action_tutorials_interfaces/include/action_tutorials_interfaces/action_tutorials_interfaces/action/detail
-- Up-to-date: /home/jishnu/project/ros2-project/projects/workspace/src/install/action_tutorials_interfaces/include/action_tutorials_interfaces/action_tutorials_interfaces/action/detail/fibonacci__functions.h
-- Up-to-date: /home/jishnu/project/ros2-project/projects/workspace/src/install/action_tutorials_interfaces/include/action_tutorials_interfaces/action_tutorials_interfaces/action/detail/fibonacci__functions.c
-- Up-to-date: /home/jishnu/project/ros2-project/projects/workspace/src/install/action_tutorials_interfaces/include/action_tutorials_interfaces/action_tutorials_interfaces/action/detail/fibonacci__type_support.h
-- Up-to-date: /home/jishnu/project/ros2-project/projects/workspace/src/install/action_tutorials_interfaces/include/action_tutorials_interfaces/action_tutorials_interfaces/action/detail/fibonacci__struct.h
-- Up-to-date: /home/jishnu/project/ros2-project/projects/workspace/src/install/action_tutorials_interfaces/share/action_tutorials_interfaces/environment/library_path.sh
-- Up-to-date: /home/jishnu/project/ros2-project/projects/workspace/src/install/action_tutorials_interfaces/share/action_tutorials_interfaces/environment/library_path.dsv
-- Up-to-date: /home/jishnu/project/ros2-project/projects/workspace/src/install/action_tutorials_interfaces/lib/libaction_tutorials_interfaces__rosidl_generator_c.so
-- Up-to-date: /home/jishnu/project/ros2-project/projects/workspace/src/install/action_tutorials_interfaces/include/action_tutorials_interfaces/action_tutorials_interfaces
-- Up-to-date: /home/jishnu/project/ros2-project/projects/workspace/src/install/action_tutorials_interfaces/include/action_tutorials_interfaces/action_tutorials_interfaces/msg
-- Up-to-date: /home/jishnu/project/ros2-project/projects/workspace/src/install/action_tutorials_interfaces/include/action_tutorials_interfaces/action_tutorials_interfaces/msg/rosidl_typesupport_fastrtps_c__visibility_control.h
-- Up-to-date: /home/jishnu/project/ros2-project/projects/workspace/src/install/action_tutorials_interfaces/include/action_tutorials_interfaces/action_tutorials_interfaces/action
-- Up-to-date: /home/jishnu/project/ros2-project/projects/workspace/src/install/action_tutorials_interfaces/include/action_tutorials_interfaces/action_tutorials_interfaces/action/detail
-- Up-to-date: /home/jishnu/project/ros2-project/projects/workspace/src/install/action_tutorials_interfaces/include/action_tutorials_interfaces/action_tutorials_interfaces/action/detail/fibonacci__rosidl_typesupport_fastrtps_c.h
-- Up-to-date: /home/jishnu/project/ros2-project/projects/workspace/src/install/action_tutorials_interfaces/lib/libaction_tutorials_interfaces__rosidl_typesupport_fastrtps_c.so
-- Up-to-date: /home/jishnu/project/ros2-project/projects/workspace/src/install/action_tutorials_interfaces/include/action_tutorials_interfaces/action_tutorials_interfaces
-- Up-to-date: /home/jishnu/project/ros2-project/projects/workspace/src/install/action_tutorials_interfaces/include/action_tutorials_interfaces/action_tutorials_interfaces/msg
-- Up-to-date: /home/jishnu/project/ros2-project/projects/workspace/src/install/action_tutorials_interfaces/include/action_tutorials_interfaces/action_tutorials_interfaces/msg/rosidl_typesupport_introspection_c__visibility_control.h
-- Up-to-date: /home/jishnu/project/ros2-project/projects/workspace/src/install/action_tutorials_interfaces/include/action_tutorials_interfaces/action_tutorials_interfaces/action
-- Up-to-date: /home/jishnu/project/ros2-project/projects/workspace/src/install/action_tutorials_interfaces/include/action_tutorials_interfaces/action_tutorials_interfaces/action/detail
-- Up-to-date: /home/jishnu/project/ros2-project/projects/workspace/src/install/action_tutorials_interfaces/include/action_tutorials_interfaces/action_tutorials_interfaces/action/detail/fibonacci__type_support.c
-- Up-to-date: /home/jishnu/project/ros2-project/projects/workspace/src/install/action_tutorials_interfaces/include/action_tutorials_interfaces/action_tutorials_interfaces/action/detail/fibonacci__rosidl_typesupport_introspection_c.h
-- Up-to-date: /home/jishnu/project/ros2-project/projects/workspace/src/install/action_tutorials_interfaces/lib/libaction_tutorials_interfaces__rosidl_typesupport_introspection_c.so
-- Up-to-date: /home/jishnu/project/ros2-project/projects/workspace/src/install/action_tutorials_interfaces/lib/libaction_tutorials_interfaces__rosidl_typesupport_c.so
-- Up-to-date: /home/jishnu/project/ros2-project/projects/workspace/src/install/action_tutorials_interfaces/include/action_tutorials_interfaces/action_tutorials_interfaces
-- Up-to-date: /home/jishnu/project/ros2-project/projects/workspace/src/install/action_tutorials_interfaces/include/action_tutorials_interfaces/action_tutorials_interfaces/action
-- Up-to-date: /home/jishnu/project/ros2-project/projects/workspace/src/install/action_tutorials_interfaces/include/action_tutorials_interfaces/action_tutorials_interfaces/action/fibonacci.hpp
-- Up-to-date: /home/jishnu/project/ros2-project/projects/workspace/src/install/action_tutorials_interfaces/include/action_tutorials_interfaces/action_tutorials_interfaces/action/detail
-- Up-to-date: /home/jishnu/project/ros2-project/projects/workspace/src/install/action_tutorials_interfaces/include/action_tutorials_interfaces/action_tutorials_interfaces/action/detail/fibonacci__builder.hpp
-- Up-to-date: /home/jishnu/project/ros2-project/projects/workspace/src/install/action_tutorials_interfaces/include/action_tutorials_interfaces/action_tutorials_interfaces/action/detail/fibonacci__struct.hpp
-- Up-to-date: /home/jishnu/project/ros2-project/projects/workspace/src/install/action_tutorials_interfaces/include/action_tutorials_interfaces/action_tutorials_interfaces/action/detail/fibonacci__traits.hpp
-- Up-to-date: /home/jishnu/project/ros2-project/projects/workspace/src/install/action_tutorials_interfaces/include/action_tutorials_interfaces/action_tutorials_interfaces
-- Up-to-date: /home/jishnu/project/ros2-project/projects/workspace/src/install/action_tutorials_interfaces/include/action_tutorials_interfaces/action_tutorials_interfaces/msg
-- Up-to-date: /home/jishnu/project/ros2-project/projects/workspace/src/install/action_tutorials_interfaces/include/action_tutorials_interfaces/action_tutorials_interfaces/msg/rosidl_typesupport_fastrtps_cpp__visibility_control.h
-- Up-to-date: /home/jishnu/project/ros2-project/projects/workspace/src/install/action_tutorials_interfaces/include/action_tutorials_interfaces/action_tutorials_interfaces/action
-- Up-to-date: /home/jishnu/project/ros2-project/projects/workspace/src/install/action_tutorials_interfaces/include/action_tutorials_interfaces/action_tutorials_interfaces/action/detail
-- Up-to-date: /home/jishnu/project/ros2-project/projects/workspace/src/install/action_tutorials_interfaces/include/action_tutorials_interfaces/action_tutorials_interfaces/action/detail/fibonacci__rosidl_typesupport_fastrtps_cpp.hpp
-- Up-to-date: /home/jishnu/project/ros2-project/projects/workspace/src/install/action_tutorials_interfaces/include/action_tutorials_interfaces/action_tutorials_interfaces/action/detail/dds_fastrtps
-- Up-to-date: /home/jishnu/project/ros2-project/projects/workspace/src/install/action_tutorials_interfaces/lib/libaction_tutorials_interfaces__rosidl_typesupport_fastrtps_cpp.so
-- Up-to-date: /home/jishnu/project/ros2-project/projects/workspace/src/install/action_tutorials_interfaces/include/action_tutorials_interfaces/action_tutorials_interfaces
-- Up-to-date: /home/jishnu/project/ros2-project/projects/workspace/src/install/action_tutorials_interfaces/include/action_tutorials_interfaces/action_tutorials_interfaces/action
-- Up-to-date: /home/jishnu/project/ros2-project/projects/workspace/src/install/action_tutorials_interfaces/include/action_tutorials_interfaces/action_tutorials_interfaces/action/detail
-- Up-to-date: /home/jishnu/project/ros2-project/projects/workspace/src/install/action_tutorials_interfaces/include/action_tutorials_interfaces/action_tutorials_interfaces/action/detail/fibonacci__rosidl_typesupport_introspection_cpp.hpp
-- Up-to-date: /home/jishnu/project/ros2-project/projects/workspace/src/install/action_tutorials_interfaces/include/action_tutorials_interfaces/action_tutorials_interfaces/action/detail/fibonacci__type_support.cpp
-- Up-to-date: /home/jishnu/project/ros2-project/projects/workspace/src/install/action_tutorials_interfaces/lib/libaction_tutorials_interfaces__rosidl_typesupport_introspection_cpp.so
-- Up-to-date: /home/jishnu/project/ros2-project/projects/workspace/src/install/action_tutorials_interfaces/lib/libaction_tutorials_interfaces__rosidl_typesupport_cpp.so
-- Up-to-date: /home/jishnu/project/ros2-project/projects/workspace/src/install/action_tutorials_interfaces/share/action_tutorials_interfaces/environment/pythonpath.sh
-- Up-to-date: /home/jishnu/project/ros2-project/projects/workspace/src/install/action_tutorials_interfaces/share/action_tutorials_interfaces/environment/pythonpath.dsv
-- Up-to-date: /home/jishnu/project/ros2-project/projects/workspace/src/install/action_tutorials_interfaces/local/lib/python3.10/dist-packages/action_tutorials_interfaces-0.0.0-py3.10.egg-info
-- Installing: /home/jishnu/project/ros2-project/projects/workspace/src/install/action_tutorials_interfaces/local/lib/python3.10/dist-packages/action_tutorials_interfaces-0.0.0-py3.10.egg-info/top_level.txt
-- Installing: /home/jishnu/project/ros2-project/projects/workspace/src/install/action_tutorials_interfaces/local/lib/python3.10/dist-packages/action_tutorials_interfaces-0.0.0-py3.10.egg-info/dependency_links.txt
-- Installing: /home/jishnu/project/ros2-project/projects/workspace/src/install/action_tutorials_interfaces/local/lib/python3.10/dist-packages/action_tutorials_interfaces-0.0.0-py3.10.egg-info/SOURCES.txt
-- Installing: /home/jishnu/project/ros2-project/projects/workspace/src/install/action_tutorials_interfaces/local/lib/python3.10/dist-packages/action_tutorials_interfaces-0.0.0-py3.10.egg-info/PKG-INFO
-- Up-to-date: /home/jishnu/project/ros2-project/projects/workspace/src/install/action_tutorials_interfaces/local/lib/python3.10/dist-packages/action_tutorials_interfaces
-- Up-to-date: /home/jishnu/project/ros2-project/projects/workspace/src/install/action_tutorials_interfaces/local/lib/python3.10/dist-packages/action_tutorials_interfaces/_action_tutorials_interfaces_s.ep.rosidl_typesupport_c.c
-- Up-to-date: /home/jishnu/project/ros2-project/projects/workspace/src/install/action_tutorials_interfaces/local/lib/python3.10/dist-packages/action_tutorials_interfaces/action_tutorials_interfaces_s__rosidl_typesupport_fastrtps_c.cpython-310-x86_64-linux-gnu.so
-- Up-to-date: /home/jishnu/project/ros2-project/projects/workspace/src/install/action_tutorials_interfaces/local/lib/python3.10/dist-packages/action_tutorials_interfaces/__init__.py
-- Up-to-date: /home/jishnu/project/ros2-project/projects/workspace/src/install/action_tutorials_interfaces/local/lib/python3.10/dist-packages/action_tutorials_interfaces/_action_tutorials_interfaces_s.ep.rosidl_typesupport_fastrtps_c.c
-- Up-to-date: /home/jishnu/project/ros2-project/projects/workspace/src/install/action_tutorials_interfaces/local/lib/python3.10/dist-packages/action_tutorials_interfaces/action_tutorials_interfaces_s__rosidl_typesupport_c.cpython-310-x86_64-linux-gnu.so
-- Up-to-date: /home/jishnu/project/ros2-project/projects/workspace/src/install/action_tutorials_interfaces/local/lib/python3.10/dist-packages/action_tutorials_interfaces/action
-- Up-to-date: /home/jishnu/project/ros2-project/projects/workspace/src/install/action_tutorials_interfaces/local/lib/python3.10/dist-packages/action_tutorials_interfaces/action/_fibonacci_s.c
-- Up-to-date: /home/jishnu/project/ros2-project/projects/workspace/src/install/action_tutorials_interfaces/local/lib/python3.10/dist-packages/action_tutorials_interfaces/action/_fibonacci.py
-- Up-to-date: /home/jishnu/project/ros2-project/projects/workspace/src/install/action_tutorials_interfaces/local/lib/python3.10/dist-packages/action_tutorials_interfaces/action/__init__.py
-- Up-to-date: /home/jishnu/project/ros2-project/projects/workspace/src/install/action_tutorials_interfaces/local/lib/python3.10/dist-packages/action_tutorials_interfaces/_action_tutorials_interfaces_s.ep.rosidl_typesupport_introspection_c.c
-- Up-to-date: /home/jishnu/project/ros2-project/projects/workspace/src/install/action_tutorials_interfaces/local/lib/python3.10/dist-packages/action_tutorials_interfaces/action_tutorials_interfaces_s__rosidl_typesupport_introspection_c.cpython-310-x86_64-linux-gnu.so
-- Up-to-date: /home/jishnu/project/ros2-project/projects/workspace/src/install/action_tutorials_interfaces/local/lib/python3.10/dist-packages/action_tutorials_interfaces/libaction_tutorials_interfaces__rosidl_generator_py.so
Listing '/home/jishnu/project/ros2-project/projects/workspace/src/install/action_tutorials_interfaces/local/lib/python3.10/dist-packages/action_tutorials_interfaces'...
Listing '/home/jishnu/project/ros2-project/projects/workspace/src/install/action_tutorials_interfaces/local/lib/python3.10/dist-packages/action_tutorials_interfaces/action'...
-- Up-to-date: /home/jishnu/project/ros2-project/projects/workspace/src/install/action_tutorials_interfaces/local/lib/python3.10/dist-packages/action_tutorials_interfaces/action_tutorials_interfaces_s__rosidl_typesupport_fastrtps_c.cpython-310-x86_64-linux-gnu.so
-- Up-to-date: /home/jishnu/project/ros2-project/projects/workspace/src/install/action_tutorials_interfaces/local/lib/python3.10/dist-packages/action_tutorials_interfaces/action_tutorials_interfaces_s__rosidl_typesupport_introspection_c.cpython-310-x86_64-linux-gnu.so
-- Up-to-date: /home/jishnu/project/ros2-project/projects/workspace/src/install/action_tutorials_interfaces/local/lib/python3.10/dist-packages/action_tutorials_interfaces/action_tutorials_interfaces_s__rosidl_typesupport_c.cpython-310-x86_64-linux-gnu.so
-- Up-to-date: /home/jishnu/project/ros2-project/projects/workspace/src/install/action_tutorials_interfaces/lib/libaction_tutorials_interfaces__rosidl_generator_py.so
-- Up-to-date: /home/jishnu/project/ros2-project/projects/workspace/src/install/action_tutorials_interfaces/share/action_tutorials_interfaces/action/Fibonacci.idl
-- Up-to-date: /home/jishnu/project/ros2-project/projects/workspace/src/install/action_tutorials_interfaces/share/action_tutorials_interfaces/action/Fibonacci.action
-- Up-to-date: /home/jishnu/project/ros2-project/projects/workspace/src/install/action_tutorials_interfaces/share/ament_index/resource_index/package_run_dependencies/action_tutorials_interfaces
-- Up-to-date: /home/jishnu/project/ros2-project/projects/workspace/src/install/action_tutorials_interfaces/share/ament_index/resource_index/parent_prefix_path/action_tutorials_interfaces
-- Up-to-date: /home/jishnu/project/ros2-project/projects/workspace/src/install/action_tutorials_interfaces/share/action_tutorials_interfaces/environment/ament_prefix_path.sh
-- Up-to-date: /home/jishnu/project/ros2-project/projects/workspace/src/install/action_tutorials_interfaces/share/action_tutorials_interfaces/environment/ament_prefix_path.dsv
-- Up-to-date: /home/jishnu/project/ros2-project/projects/workspace/src/install/action_tutorials_interfaces/share/action_tutorials_interfaces/environment/path.sh
-- Up-to-date: /home/jishnu/project/ros2-project/projects/workspace/src/install/action_tutorials_interfaces/share/action_tutorials_interfaces/environment/path.dsv
-- Up-to-date: /home/jishnu/project/ros2-project/projects/workspace/src/install/action_tutorials_interfaces/share/action_tutorials_interfaces/local_setup.bash
-- Up-to-date: /home/jishnu/project/ros2-project/projects/workspace/src/install/action_tutorials_interfaces/share/action_tutorials_interfaces/local_setup.sh
-- Up-to-date: /home/jishnu/project/ros2-project/projects/workspace/src/install/action_tutorials_interfaces/share/action_tutorials_interfaces/local_setup.zsh
-- Up-to-date: /home/jishnu/project/ros2-project/projects/workspace/src/install/action_tutorials_interfaces/share/action_tutorials_interfaces/local_setup.dsv
-- Installing: /home/jishnu/project/ros2-project/projects/workspace/src/install/action_tutorials_interfaces/share/action_tutorials_interfaces/package.dsv
-- Up-to-date: /home/jishnu/project/ros2-project/projects/workspace/src/install/action_tutorials_interfaces/share/ament_index/resource_index/packages/action_tutorials_interfaces
-- Up-to-date: /home/jishnu/project/ros2-project/projects/workspace/src/install/action_tutorials_interfaces/share/action_tutorials_interfaces/cmake/export_action_tutorials_interfaces__rosidl_generator_cExport.cmake
-- Up-to-date: /home/jishnu/project/ros2-project/projects/workspace/src/install/action_tutorials_interfaces/share/action_tutorials_interfaces/cmake/export_action_tutorials_interfaces__rosidl_generator_cExport-noconfig.cmake
-- Up-to-date: /home/jishnu/project/ros2-project/projects/workspace/src/install/action_tutorials_interfaces/share/action_tutorials_interfaces/cmake/export_action_tutorials_interfaces__rosidl_typesupport_fastrtps_cExport.cmake
-- Up-to-date: /home/jishnu/project/ros2-project/projects/workspace/src/install/action_tutorials_interfaces/share/action_tutorials_interfaces/cmake/export_action_tutorials_interfaces__rosidl_typesupport_fastrtps_cExport-noconfig.cmake
-- Up-to-date: /home/jishnu/project/ros2-project/projects/workspace/src/install/action_tutorials_interfaces/share/action_tutorials_interfaces/cmake/action_tutorials_interfaces__rosidl_typesupport_introspection_cExport.cmake
-- Up-to-date: /home/jishnu/project/ros2-project/projects/workspace/src/install/action_tutorials_interfaces/share/action_tutorials_interfaces/cmake/action_tutorials_interfaces__rosidl_typesupport_introspection_cExport-noconfig.cmake
-- Up-to-date: /home/jishnu/project/ros2-project/projects/workspace/src/install/action_tutorials_interfaces/share/action_tutorials_interfaces/cmake/action_tutorials_interfaces__rosidl_typesupport_cExport.cmake
-- Up-to-date: /home/jishnu/project/ros2-project/projects/workspace/src/install/action_tutorials_interfaces/share/action_tutorials_interfaces/cmake/action_tutorials_interfaces__rosidl_typesupport_cExport-noconfig.cmake
-- Up-to-date: /home/jishnu/project/ros2-project/projects/workspace/src/install/action_tutorials_interfaces/share/action_tutorials_interfaces/cmake/export_action_tutorials_interfaces__rosidl_generator_cppExport.cmake
-- Up-to-date: /home/jishnu/project/ros2-project/projects/workspace/src/install/action_tutorials_interfaces/share/action_tutorials_interfaces/cmake/export_action_tutorials_interfaces__rosidl_typesupport_fastrtps_cppExport.cmake
-- Up-to-date: /home/jishnu/project/ros2-project/projects/workspace/src/install/action_tutorials_interfaces/share/action_tutorials_interfaces/cmake/export_action_tutorials_interfaces__rosidl_typesupport_fastrtps_cppExport-noconfig.cmake
-- Up-to-date: /home/jishnu/project/ros2-project/projects/workspace/src/install/action_tutorials_interfaces/share/action_tutorials_interfaces/cmake/action_tutorials_interfaces__rosidl_typesupport_introspection_cppExport.cmake
-- Up-to-date: /home/jishnu/project/ros2-project/projects/workspace/src/install/action_tutorials_interfaces/share/action_tutorials_interfaces/cmake/action_tutorials_interfaces__rosidl_typesupport_introspection_cppExport-noconfig.cmake
-- Up-to-date: /home/jishnu/project/ros2-project/projects/workspace/src/install/action_tutorials_interfaces/share/action_tutorials_interfaces/cmake/action_tutorials_interfaces__rosidl_typesupport_cppExport.cmake
-- Up-to-date: /home/jishnu/project/ros2-project/projects/workspace/src/install/action_tutorials_interfaces/share/action_tutorials_interfaces/cmake/action_tutorials_interfaces__rosidl_typesupport_cppExport-noconfig.cmake
-- Up-to-date: /home/jishnu/project/ros2-project/projects/workspace/src/install/action_tutorials_interfaces/share/action_tutorials_interfaces/cmake/export_action_tutorials_interfaces__rosidl_generator_pyExport.cmake
-- Up-to-date: /home/jishnu/project/ros2-project/projects/workspace/src/install/action_tutorials_interfaces/share/action_tutorials_interfaces/cmake/export_action_tutorials_interfaces__rosidl_generator_pyExport-noconfig.cmake
-- Up-to-date: /home/jishnu/project/ros2-project/projects/workspace/src/install/action_tutorials_interfaces/share/action_tutorials_interfaces/cmake/rosidl_cmake-extras.cmake
-- Up-to-date: /home/jishnu/project/ros2-project/projects/workspace/src/install/action_tutorials_interfaces/share/action_tutorials_interfaces/cmake/ament_cmake_export_dependencies-extras.cmake
-- Up-to-date: /home/jishnu/project/ros2-project/projects/workspace/src/install/action_tutorials_interfaces/share/action_tutorials_interfaces/cmake/ament_cmake_export_include_directories-extras.cmake
-- Up-to-date: /home/jishnu/project/ros2-project/projects/workspace/src/install/action_tutorials_interfaces/share/action_tutorials_interfaces/cmake/ament_cmake_export_libraries-extras.cmake
-- Up-to-date: /home/jishnu/project/ros2-project/projects/workspace/src/install/action_tutorials_interfaces/share/action_tutorials_interfaces/cmake/ament_cmake_export_targets-extras.cmake
-- Up-to-date: /home/jishnu/project/ros2-project/projects/workspace/src/install/action_tutorials_interfaces/share/action_tutorials_interfaces/cmake/rosidl_cmake_export_typesupport_targets-extras.cmake
-- Up-to-date: /home/jishnu/project/ros2-project/projects/workspace/src/install/action_tutorials_interfaces/share/action_tutorials_interfaces/cmake/rosidl_cmake_export_typesupport_libraries-extras.cmake
-- Up-to-date: /home/jishnu/project/ros2-project/projects/workspace/src/install/action_tutorials_interfaces/share/action_tutorials_interfaces/cmake/action_tutorials_interfacesConfig.cmake
-- Up-to-date: /home/jishnu/project/ros2-project/projects/workspace/src/install/action_tutorials_interfaces/share/action_tutorials_interfaces/cmake/action_tutorials_interfacesConfig-version.cmake
-- Up-to-date: /home/jishnu/project/ros2-project/projects/workspace/src/install/action_tutorials_interfaces/share/action_tutorials_interfaces/package.xml
