[0.204s] Invoking command in '/home/jishnu/project/ros2-project/projects/workspace/src/build/action_tutorials_interfaces': CMAKE_PREFIX_PATH=${CMAKE_PREFIX_PATH}:/home/jishnu/project/moveit-projects/ws_moveit2/install/ros2controlcli:/home/jishnu/project/moveit-projects/ws_moveit2/install/moveit_configs_utils:/home/jishnu/ws_moveit2/install/ros2controlcli:/home/jishnu/ws_moveit2/install/moveit_configs_utils:/opt/ros/humble /usr/bin/cmake --build /home/jishnu/project/ros2-project/projects/workspace/src/build/action_tutorials_interfaces -- -j8 -l8
[0.371s] [  3%] Built target action_tutorials_interfaces__cpp
[0.395s] [  3%] Built target ament_cmake_python_copy_action_tutorials_interfaces
[0.433s] [ 12%] Built target action_tutorials_interfaces__rosidl_generator_c
[0.530s] [ 22%] Built target action_tutorials_interfaces__rosidl_typesupport_cpp
[0.611s] [ 32%] Built target action_tutorials_interfaces__rosidl_typesupport_fastrtps_cpp
[0.622s] [ 41%] Built target action_tutorials_interfaces__rosidl_typesupport_introspection_cpp
[0.639s] [ 51%] Built target action_tutorials_interfaces__rosidl_typesupport_fastrtps_c
[0.639s] [ 61%] Built target action_tutorials_interfaces__rosidl_typesupport_introspection_c
[0.649s] [ 70%] Built target action_tutorials_interfaces__rosidl_typesupport_c
[0.728s] [ 70%] Built target action_tutorials_interfaces
[0.767s] [ 74%] Built target action_tutorials_interfaces__py
[0.830s] [ 80%] Built target action_tutorials_interfaces__rosidl_generator_py
[0.879s] [ 87%] Built target action_tutorials_interfaces__rosidl_typesupport_fastrtps_c__pyext
[0.903s] [ 93%] Built target action_tutorials_interfaces__rosidl_typesupport_c__pyext
[0.928s] [100%] Built target action_tutorials_interfaces__rosidl_typesupport_introspection_c__pyext
[0.988s] running egg_info
[0.990s] writing action_tutorials_interfaces.egg-info/PKG-INFO
[0.990s] writing dependency_links to action_tutorials_interfaces.egg-info/dependency_links.txt
[0.991s] writing top-level names to action_tutorials_interfaces.egg-info/top_level.txt
[0.995s] reading manifest file 'action_tutorials_interfaces.egg-info/SOURCES.txt'
[0.996s] writing manifest file 'action_tutorials_interfaces.egg-info/SOURCES.txt'
[1.048s] [100%] Built target ament_cmake_python_build_action_tutorials_interfaces_egg
[1.149s] Invoked command in '/home/jishnu/project/ros2-project/projects/workspace/src/build/action_tutorials_interfaces' returned '0': CMAKE_PREFIX_PATH=${CMAKE_PREFIX_PATH}:/home/jishnu/project/moveit-projects/ws_moveit2/install/ros2controlcli:/home/jishnu/project/moveit-projects/ws_moveit2/install/moveit_configs_utils:/home/jishnu/ws_moveit2/install/ros2controlcli:/home/jishnu/ws_moveit2/install/moveit_configs_utils:/opt/ros/humble /usr/bin/cmake --build /home/jishnu/project/ros2-project/projects/workspace/src/build/action_tutorials_interfaces -- -j8 -l8
[1.732s] Invoking command in '/home/jishnu/project/ros2-project/projects/workspace/src/build/action_tutorials_interfaces': CMAKE_PREFIX_PATH=${CMAKE_PREFIX_PATH}:/home/jishnu/project/moveit-projects/ws_moveit2/install/ros2controlcli:/home/jishnu/project/moveit-projects/ws_moveit2/install/moveit_configs_utils:/home/jishnu/ws_moveit2/install/ros2controlcli:/home/jishnu/ws_moveit2/install/moveit_configs_utils:/opt/ros/humble /usr/bin/cmake --install /home/jishnu/project/ros2-project/projects/workspace/src/build/action_tutorials_interfaces
[1.743s] -- Install configuration: ""
[1.743s] -- Up-to-date: /home/jishnu/project/ros2-project/projects/workspace/src/install/action_tutorials_interfaces/share/ament_index/resource_index/rosidl_interfaces/action_tutorials_interfaces
[1.743s] -- Up-to-date: /home/jishnu/project/ros2-project/projects/workspace/src/install/action_tutorials_interfaces/include/action_tutorials_interfaces/action_tutorials_interfaces
[1.743s] -- Up-to-date: /home/jishnu/project/ros2-project/projects/workspace/src/install/action_tutorials_interfaces/include/action_tutorials_interfaces/action_tutorials_interfaces/msg
[1.743s] -- Up-to-date: /home/jishnu/project/ros2-project/projects/workspace/src/install/action_tutorials_interfaces/include/action_tutorials_interfaces/action_tutorials_interfaces/msg/rosidl_generator_c__visibility_control.h
[1.743s] -- Up-to-date: /home/jishnu/project/ros2-project/projects/workspace/src/install/action_tutorials_interfaces/include/action_tutorials_interfaces/action_tutorials_interfaces/action
[1.743s] -- Up-to-date: /home/jishnu/project/ros2-project/projects/workspace/src/install/action_tutorials_interfaces/include/action_tutorials_interfaces/action_tutorials_interfaces/action/fibonacci.h
[1.744s] -- Up-to-date: /home/jishnu/project/ros2-project/projects/workspace/src/install/action_tutorials_interfaces/include/action_tutorials_interfaces/action_tutorials_interfaces/action/detail
[1.744s] -- Up-to-date: /home/jishnu/project/ros2-project/projects/workspace/src/install/action_tutorials_interfaces/include/action_tutorials_interfaces/action_tutorials_interfaces/action/detail/fibonacci__functions.h
[1.744s] -- Up-to-date: /home/jishnu/project/ros2-project/projects/workspace/src/install/action_tutorials_interfaces/include/action_tutorials_interfaces/action_tutorials_interfaces/action/detail/fibonacci__functions.c
[1.744s] -- Up-to-date: /home/jishnu/project/ros2-project/projects/workspace/src/install/action_tutorials_interfaces/include/action_tutorials_interfaces/action_tutorials_interfaces/action/detail/fibonacci__type_support.h
[1.744s] -- Up-to-date: /home/jishnu/project/ros2-project/projects/workspace/src/install/action_tutorials_interfaces/include/action_tutorials_interfaces/action_tutorials_interfaces/action/detail/fibonacci__struct.h
[1.744s] -- Up-to-date: /home/jishnu/project/ros2-project/projects/workspace/src/install/action_tutorials_interfaces/share/action_tutorials_interfaces/environment/library_path.sh
[1.745s] -- Up-to-date: /home/jishnu/project/ros2-project/projects/workspace/src/install/action_tutorials_interfaces/share/action_tutorials_interfaces/environment/library_path.dsv
[1.745s] -- Up-to-date: /home/jishnu/project/ros2-project/projects/workspace/src/install/action_tutorials_interfaces/lib/libaction_tutorials_interfaces__rosidl_generator_c.so
[1.745s] -- Up-to-date: /home/jishnu/project/ros2-project/projects/workspace/src/install/action_tutorials_interfaces/include/action_tutorials_interfaces/action_tutorials_interfaces
[1.745s] -- Up-to-date: /home/jishnu/project/ros2-project/projects/workspace/src/install/action_tutorials_interfaces/include/action_tutorials_interfaces/action_tutorials_interfaces/msg
[1.745s] -- Up-to-date: /home/jishnu/project/ros2-project/projects/workspace/src/install/action_tutorials_interfaces/include/action_tutorials_interfaces/action_tutorials_interfaces/msg/rosidl_typesupport_fastrtps_c__visibility_control.h
[1.745s] -- Up-to-date: /home/jishnu/project/ros2-project/projects/workspace/src/install/action_tutorials_interfaces/include/action_tutorials_interfaces/action_tutorials_interfaces/action
[1.745s] -- Up-to-date: /home/jishnu/project/ros2-project/projects/workspace/src/install/action_tutorials_interfaces/include/action_tutorials_interfaces/action_tutorials_interfaces/action/detail
[1.746s] -- Up-to-date: /home/jishnu/project/ros2-project/projects/workspace/src/install/action_tutorials_interfaces/include/action_tutorials_interfaces/action_tutorials_interfaces/action/detail/fibonacci__rosidl_typesupport_fastrtps_c.h
[1.746s] -- Up-to-date: /home/jishnu/project/ros2-project/projects/workspace/src/install/action_tutorials_interfaces/lib/libaction_tutorials_interfaces__rosidl_typesupport_fastrtps_c.so
[1.746s] -- Up-to-date: /home/jishnu/project/ros2-project/projects/workspace/src/install/action_tutorials_interfaces/include/action_tutorials_interfaces/action_tutorials_interfaces
[1.746s] -- Up-to-date: /home/jishnu/project/ros2-project/projects/workspace/src/install/action_tutorials_interfaces/include/action_tutorials_interfaces/action_tutorials_interfaces/msg
[1.746s] -- Up-to-date: /home/jishnu/project/ros2-project/projects/workspace/src/install/action_tutorials_interfaces/include/action_tutorials_interfaces/action_tutorials_interfaces/msg/rosidl_typesupport_introspection_c__visibility_control.h
[1.746s] -- Up-to-date: /home/jishnu/project/ros2-project/projects/workspace/src/install/action_tutorials_interfaces/include/action_tutorials_interfaces/action_tutorials_interfaces/action
[1.746s] -- Up-to-date: /home/jishnu/project/ros2-project/projects/workspace/src/install/action_tutorials_interfaces/include/action_tutorials_interfaces/action_tutorials_interfaces/action/detail
[1.746s] -- Up-to-date: /home/jishnu/project/ros2-project/projects/workspace/src/install/action_tutorials_interfaces/include/action_tutorials_interfaces/action_tutorials_interfaces/action/detail/fibonacci__type_support.c
[1.747s] -- Up-to-date: /home/jishnu/project/ros2-project/projects/workspace/src/install/action_tutorials_interfaces/include/action_tutorials_interfaces/action_tutorials_interfaces/action/detail/fibonacci__rosidl_typesupport_introspection_c.h
[1.747s] -- Up-to-date: /home/jishnu/project/ros2-project/projects/workspace/src/install/action_tutorials_interfaces/lib/libaction_tutorials_interfaces__rosidl_typesupport_introspection_c.so
[1.747s] -- Up-to-date: /home/jishnu/project/ros2-project/projects/workspace/src/install/action_tutorials_interfaces/lib/libaction_tutorials_interfaces__rosidl_typesupport_c.so
[1.747s] -- Up-to-date: /home/jishnu/project/ros2-project/projects/workspace/src/install/action_tutorials_interfaces/include/action_tutorials_interfaces/action_tutorials_interfaces
[1.747s] -- Up-to-date: /home/jishnu/project/ros2-project/projects/workspace/src/install/action_tutorials_interfaces/include/action_tutorials_interfaces/action_tutorials_interfaces/action
[1.747s] -- Up-to-date: /home/jishnu/project/ros2-project/projects/workspace/src/install/action_tutorials_interfaces/include/action_tutorials_interfaces/action_tutorials_interfaces/action/fibonacci.hpp
[1.748s] -- Up-to-date: /home/jishnu/project/ros2-project/projects/workspace/src/install/action_tutorials_interfaces/include/action_tutorials_interfaces/action_tutorials_interfaces/action/detail
[1.748s] -- Up-to-date: /home/jishnu/project/ros2-project/projects/workspace/src/install/action_tutorials_interfaces/include/action_tutorials_interfaces/action_tutorials_interfaces/action/detail/fibonacci__builder.hpp
[1.748s] -- Up-to-date: /home/jishnu/project/ros2-project/projects/workspace/src/install/action_tutorials_interfaces/include/action_tutorials_interfaces/action_tutorials_interfaces/action/detail/fibonacci__struct.hpp
[1.748s] -- Up-to-date: /home/jishnu/project/ros2-project/projects/workspace/src/install/action_tutorials_interfaces/include/action_tutorials_interfaces/action_tutorials_interfaces/action/detail/fibonacci__traits.hpp
[1.748s] -- Up-to-date: /home/jishnu/project/ros2-project/projects/workspace/src/install/action_tutorials_interfaces/include/action_tutorials_interfaces/action_tutorials_interfaces
[1.748s] -- Up-to-date: /home/jishnu/project/ros2-project/projects/workspace/src/install/action_tutorials_interfaces/include/action_tutorials_interfaces/action_tutorials_interfaces/msg
[1.748s] -- Up-to-date: /home/jishnu/project/ros2-project/projects/workspace/src/install/action_tutorials_interfaces/include/action_tutorials_interfaces/action_tutorials_interfaces/msg/rosidl_typesupport_fastrtps_cpp__visibility_control.h
[1.748s] -- Up-to-date: /home/jishnu/project/ros2-project/projects/workspace/src/install/action_tutorials_interfaces/include/action_tutorials_interfaces/action_tutorials_interfaces/action
[1.748s] -- Up-to-date: /home/jishnu/project/ros2-project/projects/workspace/src/install/action_tutorials_interfaces/include/action_tutorials_interfaces/action_tutorials_interfaces/action/detail
[1.748s] -- Up-to-date: /home/jishnu/project/ros2-project/projects/workspace/src/install/action_tutorials_interfaces/include/action_tutorials_interfaces/action_tutorials_interfaces/action/detail/fibonacci__rosidl_typesupport_fastrtps_cpp.hpp
[1.748s] -- Up-to-date: /home/jishnu/project/ros2-project/projects/workspace/src/install/action_tutorials_interfaces/include/action_tutorials_interfaces/action_tutorials_interfaces/action/detail/dds_fastrtps
[1.749s] -- Up-to-date: /home/jishnu/project/ros2-project/projects/workspace/src/install/action_tutorials_interfaces/lib/libaction_tutorials_interfaces__rosidl_typesupport_fastrtps_cpp.so
[1.749s] -- Up-to-date: /home/jishnu/project/ros2-project/projects/workspace/src/install/action_tutorials_interfaces/include/action_tutorials_interfaces/action_tutorials_interfaces
[1.749s] -- Up-to-date: /home/jishnu/project/ros2-project/projects/workspace/src/install/action_tutorials_interfaces/include/action_tutorials_interfaces/action_tutorials_interfaces/action
[1.749s] -- Up-to-date: /home/jishnu/project/ros2-project/projects/workspace/src/install/action_tutorials_interfaces/include/action_tutorials_interfaces/action_tutorials_interfaces/action/detail
[1.749s] -- Up-to-date: /home/jishnu/project/ros2-project/projects/workspace/src/install/action_tutorials_interfaces/include/action_tutorials_interfaces/action_tutorials_interfaces/action/detail/fibonacci__rosidl_typesupport_introspection_cpp.hpp
[1.749s] -- Up-to-date: /home/jishnu/project/ros2-project/projects/workspace/src/install/action_tutorials_interfaces/include/action_tutorials_interfaces/action_tutorials_interfaces/action/detail/fibonacci__type_support.cpp
[1.749s] -- Up-to-date: /home/jishnu/project/ros2-project/projects/workspace/src/install/action_tutorials_interfaces/lib/libaction_tutorials_interfaces__rosidl_typesupport_introspection_cpp.so
[1.749s] -- Up-to-date: /home/jishnu/project/ros2-project/projects/workspace/src/install/action_tutorials_interfaces/lib/libaction_tutorials_interfaces__rosidl_typesupport_cpp.so
[1.749s] -- Up-to-date: /home/jishnu/project/ros2-project/projects/workspace/src/install/action_tutorials_interfaces/share/action_tutorials_interfaces/environment/pythonpath.sh
[1.750s] -- Up-to-date: /home/jishnu/project/ros2-project/projects/workspace/src/install/action_tutorials_interfaces/share/action_tutorials_interfaces/environment/pythonpath.dsv
[1.750s] -- Up-to-date: /home/jishnu/project/ros2-project/projects/workspace/src/install/action_tutorials_interfaces/local/lib/python3.10/dist-packages/action_tutorials_interfaces-0.0.0-py3.10.egg-info
[1.750s] -- Installing: /home/jishnu/project/ros2-project/projects/workspace/src/install/action_tutorials_interfaces/local/lib/python3.10/dist-packages/action_tutorials_interfaces-0.0.0-py3.10.egg-info/top_level.txt
[1.750s] -- Installing: /home/jishnu/project/ros2-project/projects/workspace/src/install/action_tutorials_interfaces/local/lib/python3.10/dist-packages/action_tutorials_interfaces-0.0.0-py3.10.egg-info/dependency_links.txt
[1.750s] -- Installing: /home/jishnu/project/ros2-project/projects/workspace/src/install/action_tutorials_interfaces/local/lib/python3.10/dist-packages/action_tutorials_interfaces-0.0.0-py3.10.egg-info/SOURCES.txt
[1.750s] -- Installing: /home/jishnu/project/ros2-project/projects/workspace/src/install/action_tutorials_interfaces/local/lib/python3.10/dist-packages/action_tutorials_interfaces-0.0.0-py3.10.egg-info/PKG-INFO
[1.750s] -- Up-to-date: /home/jishnu/project/ros2-project/projects/workspace/src/install/action_tutorials_interfaces/local/lib/python3.10/dist-packages/action_tutorials_interfaces
[1.750s] -- Up-to-date: /home/jishnu/project/ros2-project/projects/workspace/src/install/action_tutorials_interfaces/local/lib/python3.10/dist-packages/action_tutorials_interfaces/_action_tutorials_interfaces_s.ep.rosidl_typesupport_c.c
[1.751s] -- Up-to-date: /home/jishnu/project/ros2-project/projects/workspace/src/install/action_tutorials_interfaces/local/lib/python3.10/dist-packages/action_tutorials_interfaces/action_tutorials_interfaces_s__rosidl_typesupport_fastrtps_c.cpython-310-x86_64-linux-gnu.so
[1.751s] -- Up-to-date: /home/jishnu/project/ros2-project/projects/workspace/src/install/action_tutorials_interfaces/local/lib/python3.10/dist-packages/action_tutorials_interfaces/__init__.py
[1.751s] -- Up-to-date: /home/jishnu/project/ros2-project/projects/workspace/src/install/action_tutorials_interfaces/local/lib/python3.10/dist-packages/action_tutorials_interfaces/_action_tutorials_interfaces_s.ep.rosidl_typesupport_fastrtps_c.c
[1.751s] -- Up-to-date: /home/jishnu/project/ros2-project/projects/workspace/src/install/action_tutorials_interfaces/local/lib/python3.10/dist-packages/action_tutorials_interfaces/action_tutorials_interfaces_s__rosidl_typesupport_c.cpython-310-x86_64-linux-gnu.so
[1.751s] -- Up-to-date: /home/jishnu/project/ros2-project/projects/workspace/src/install/action_tutorials_interfaces/local/lib/python3.10/dist-packages/action_tutorials_interfaces/action
[1.751s] -- Up-to-date: /home/jishnu/project/ros2-project/projects/workspace/src/install/action_tutorials_interfaces/local/lib/python3.10/dist-packages/action_tutorials_interfaces/action/_fibonacci_s.c
[1.751s] -- Up-to-date: /home/jishnu/project/ros2-project/projects/workspace/src/install/action_tutorials_interfaces/local/lib/python3.10/dist-packages/action_tutorials_interfaces/action/_fibonacci.py
[1.751s] -- Up-to-date: /home/jishnu/project/ros2-project/projects/workspace/src/install/action_tutorials_interfaces/local/lib/python3.10/dist-packages/action_tutorials_interfaces/action/__init__.py
[1.751s] -- Up-to-date: /home/jishnu/project/ros2-project/projects/workspace/src/install/action_tutorials_interfaces/local/lib/python3.10/dist-packages/action_tutorials_interfaces/_action_tutorials_interfaces_s.ep.rosidl_typesupport_introspection_c.c
[1.751s] -- Up-to-date: /home/jishnu/project/ros2-project/projects/workspace/src/install/action_tutorials_interfaces/local/lib/python3.10/dist-packages/action_tutorials_interfaces/action_tutorials_interfaces_s__rosidl_typesupport_introspection_c.cpython-310-x86_64-linux-gnu.so
[1.751s] -- Up-to-date: /home/jishnu/project/ros2-project/projects/workspace/src/install/action_tutorials_interfaces/local/lib/python3.10/dist-packages/action_tutorials_interfaces/libaction_tutorials_interfaces__rosidl_generator_py.so
[1.781s] Listing '/home/jishnu/project/ros2-project/projects/workspace/src/install/action_tutorials_interfaces/local/lib/python3.10/dist-packages/action_tutorials_interfaces'...
[1.781s] Listing '/home/jishnu/project/ros2-project/projects/workspace/src/install/action_tutorials_interfaces/local/lib/python3.10/dist-packages/action_tutorials_interfaces/action'...
[1.785s] -- Up-to-date: /home/jishnu/project/ros2-project/projects/workspace/src/install/action_tutorials_interfaces/local/lib/python3.10/dist-packages/action_tutorials_interfaces/action_tutorials_interfaces_s__rosidl_typesupport_fastrtps_c.cpython-310-x86_64-linux-gnu.so
[1.785s] -- Up-to-date: /home/jishnu/project/ros2-project/projects/workspace/src/install/action_tutorials_interfaces/local/lib/python3.10/dist-packages/action_tutorials_interfaces/action_tutorials_interfaces_s__rosidl_typesupport_introspection_c.cpython-310-x86_64-linux-gnu.so
[1.785s] -- Up-to-date: /home/jishnu/project/ros2-project/projects/workspace/src/install/action_tutorials_interfaces/local/lib/python3.10/dist-packages/action_tutorials_interfaces/action_tutorials_interfaces_s__rosidl_typesupport_c.cpython-310-x86_64-linux-gnu.so
[1.785s] -- Up-to-date: /home/jishnu/project/ros2-project/projects/workspace/src/install/action_tutorials_interfaces/lib/libaction_tutorials_interfaces__rosidl_generator_py.so
[1.785s] -- Up-to-date: /home/jishnu/project/ros2-project/projects/workspace/src/install/action_tutorials_interfaces/share/action_tutorials_interfaces/action/Fibonacci.idl
[1.785s] -- Up-to-date: /home/jishnu/project/ros2-project/projects/workspace/src/install/action_tutorials_interfaces/share/action_tutorials_interfaces/action/Fibonacci.action
[1.786s] -- Up-to-date: /home/jishnu/project/ros2-project/projects/workspace/src/install/action_tutorials_interfaces/share/ament_index/resource_index/package_run_dependencies/action_tutorials_interfaces
[1.786s] -- Up-to-date: /home/jishnu/project/ros2-project/projects/workspace/src/install/action_tutorials_interfaces/share/ament_index/resource_index/parent_prefix_path/action_tutorials_interfaces
[1.786s] -- Up-to-date: /home/jishnu/project/ros2-project/projects/workspace/src/install/action_tutorials_interfaces/share/action_tutorials_interfaces/environment/ament_prefix_path.sh
[1.786s] -- Up-to-date: /home/jishnu/project/ros2-project/projects/workspace/src/install/action_tutorials_interfaces/share/action_tutorials_interfaces/environment/ament_prefix_path.dsv
[1.786s] -- Up-to-date: /home/jishnu/project/ros2-project/projects/workspace/src/install/action_tutorials_interfaces/share/action_tutorials_interfaces/environment/path.sh
[1.786s] -- Up-to-date: /home/jishnu/project/ros2-project/projects/workspace/src/install/action_tutorials_interfaces/share/action_tutorials_interfaces/environment/path.dsv
[1.786s] -- Up-to-date: /home/jishnu/project/ros2-project/projects/workspace/src/install/action_tutorials_interfaces/share/action_tutorials_interfaces/local_setup.bash
[1.786s] -- Up-to-date: /home/jishnu/project/ros2-project/projects/workspace/src/install/action_tutorials_interfaces/share/action_tutorials_interfaces/local_setup.sh
[1.786s] -- Up-to-date: /home/jishnu/project/ros2-project/projects/workspace/src/install/action_tutorials_interfaces/share/action_tutorials_interfaces/local_setup.zsh
[1.787s] -- Up-to-date: /home/jishnu/project/ros2-project/projects/workspace/src/install/action_tutorials_interfaces/share/action_tutorials_interfaces/local_setup.dsv
[1.787s] -- Installing: /home/jishnu/project/ros2-project/projects/workspace/src/install/action_tutorials_interfaces/share/action_tutorials_interfaces/package.dsv
[1.787s] -- Up-to-date: /home/jishnu/project/ros2-project/projects/workspace/src/install/action_tutorials_interfaces/share/ament_index/resource_index/packages/action_tutorials_interfaces
[1.787s] -- Up-to-date: /home/jishnu/project/ros2-project/projects/workspace/src/install/action_tutorials_interfaces/share/action_tutorials_interfaces/cmake/export_action_tutorials_interfaces__rosidl_generator_cExport.cmake
[1.787s] -- Up-to-date: /home/jishnu/project/ros2-project/projects/workspace/src/install/action_tutorials_interfaces/share/action_tutorials_interfaces/cmake/export_action_tutorials_interfaces__rosidl_generator_cExport-noconfig.cmake
[1.787s] -- Up-to-date: /home/jishnu/project/ros2-project/projects/workspace/src/install/action_tutorials_interfaces/share/action_tutorials_interfaces/cmake/export_action_tutorials_interfaces__rosidl_typesupport_fastrtps_cExport.cmake
[1.787s] -- Up-to-date: /home/jishnu/project/ros2-project/projects/workspace/src/install/action_tutorials_interfaces/share/action_tutorials_interfaces/cmake/export_action_tutorials_interfaces__rosidl_typesupport_fastrtps_cExport-noconfig.cmake
[1.787s] -- Up-to-date: /home/jishnu/project/ros2-project/projects/workspace/src/install/action_tutorials_interfaces/share/action_tutorials_interfaces/cmake/action_tutorials_interfaces__rosidl_typesupport_introspection_cExport.cmake
[1.787s] -- Up-to-date: /home/jishnu/project/ros2-project/projects/workspace/src/install/action_tutorials_interfaces/share/action_tutorials_interfaces/cmake/action_tutorials_interfaces__rosidl_typesupport_introspection_cExport-noconfig.cmake
[1.787s] -- Up-to-date: /home/jishnu/project/ros2-project/projects/workspace/src/install/action_tutorials_interfaces/share/action_tutorials_interfaces/cmake/action_tutorials_interfaces__rosidl_typesupport_cExport.cmake
[1.788s] -- Up-to-date: /home/jishnu/project/ros2-project/projects/workspace/src/install/action_tutorials_interfaces/share/action_tutorials_interfaces/cmake/action_tutorials_interfaces__rosidl_typesupport_cExport-noconfig.cmake
[1.788s] -- Up-to-date: /home/jishnu/project/ros2-project/projects/workspace/src/install/action_tutorials_interfaces/share/action_tutorials_interfaces/cmake/export_action_tutorials_interfaces__rosidl_generator_cppExport.cmake
[1.788s] -- Up-to-date: /home/jishnu/project/ros2-project/projects/workspace/src/install/action_tutorials_interfaces/share/action_tutorials_interfaces/cmake/export_action_tutorials_interfaces__rosidl_typesupport_fastrtps_cppExport.cmake
[1.788s] -- Up-to-date: /home/jishnu/project/ros2-project/projects/workspace/src/install/action_tutorials_interfaces/share/action_tutorials_interfaces/cmake/export_action_tutorials_interfaces__rosidl_typesupport_fastrtps_cppExport-noconfig.cmake
[1.788s] -- Up-to-date: /home/jishnu/project/ros2-project/projects/workspace/src/install/action_tutorials_interfaces/share/action_tutorials_interfaces/cmake/action_tutorials_interfaces__rosidl_typesupport_introspection_cppExport.cmake
[1.788s] -- Up-to-date: /home/jishnu/project/ros2-project/projects/workspace/src/install/action_tutorials_interfaces/share/action_tutorials_interfaces/cmake/action_tutorials_interfaces__rosidl_typesupport_introspection_cppExport-noconfig.cmake
[1.788s] -- Up-to-date: /home/jishnu/project/ros2-project/projects/workspace/src/install/action_tutorials_interfaces/share/action_tutorials_interfaces/cmake/action_tutorials_interfaces__rosidl_typesupport_cppExport.cmake
[1.788s] -- Up-to-date: /home/jishnu/project/ros2-project/projects/workspace/src/install/action_tutorials_interfaces/share/action_tutorials_interfaces/cmake/action_tutorials_interfaces__rosidl_typesupport_cppExport-noconfig.cmake
[1.788s] -- Up-to-date: /home/jishnu/project/ros2-project/projects/workspace/src/install/action_tutorials_interfaces/share/action_tutorials_interfaces/cmake/export_action_tutorials_interfaces__rosidl_generator_pyExport.cmake
[1.788s] -- Up-to-date: /home/jishnu/project/ros2-project/projects/workspace/src/install/action_tutorials_interfaces/share/action_tutorials_interfaces/cmake/export_action_tutorials_interfaces__rosidl_generator_pyExport-noconfig.cmake
[1.788s] -- Up-to-date: /home/jishnu/project/ros2-project/projects/workspace/src/install/action_tutorials_interfaces/share/action_tutorials_interfaces/cmake/rosidl_cmake-extras.cmake
[1.788s] -- Up-to-date: /home/jishnu/project/ros2-project/projects/workspace/src/install/action_tutorials_interfaces/share/action_tutorials_interfaces/cmake/ament_cmake_export_dependencies-extras.cmake
[1.788s] -- Up-to-date: /home/jishnu/project/ros2-project/projects/workspace/src/install/action_tutorials_interfaces/share/action_tutorials_interfaces/cmake/ament_cmake_export_include_directories-extras.cmake
[1.788s] -- Up-to-date: /home/jishnu/project/ros2-project/projects/workspace/src/install/action_tutorials_interfaces/share/action_tutorials_interfaces/cmake/ament_cmake_export_libraries-extras.cmake
[1.789s] -- Up-to-date: /home/jishnu/project/ros2-project/projects/workspace/src/install/action_tutorials_interfaces/share/action_tutorials_interfaces/cmake/ament_cmake_export_targets-extras.cmake
[1.789s] -- Up-to-date: /home/jishnu/project/ros2-project/projects/workspace/src/install/action_tutorials_interfaces/share/action_tutorials_interfaces/cmake/rosidl_cmake_export_typesupport_targets-extras.cmake
[1.789s] -- Up-to-date: /home/jishnu/project/ros2-project/projects/workspace/src/install/action_tutorials_interfaces/share/action_tutorials_interfaces/cmake/rosidl_cmake_export_typesupport_libraries-extras.cmake
[1.789s] -- Up-to-date: /home/jishnu/project/ros2-project/projects/workspace/src/install/action_tutorials_interfaces/share/action_tutorials_interfaces/cmake/action_tutorials_interfacesConfig.cmake
[1.789s] -- Up-to-date: /home/jishnu/project/ros2-project/projects/workspace/src/install/action_tutorials_interfaces/share/action_tutorials_interfaces/cmake/action_tutorials_interfacesConfig-version.cmake
[1.789s] -- Up-to-date: /home/jishnu/project/ros2-project/projects/workspace/src/install/action_tutorials_interfaces/share/action_tutorials_interfaces/package.xml
[2.249s] Invoked command in '/home/jishnu/project/ros2-project/projects/workspace/src/build/action_tutorials_interfaces' returned '0': CMAKE_PREFIX_PATH=${CMAKE_PREFIX_PATH}:/home/jishnu/project/moveit-projects/ws_moveit2/install/ros2controlcli:/home/jishnu/project/moveit-projects/ws_moveit2/install/moveit_configs_utils:/home/jishnu/ws_moveit2/install/ros2controlcli:/home/jishnu/ws_moveit2/install/moveit_configs_utils:/opt/ros/humble /usr/bin/cmake --install /home/jishnu/project/ros2-project/projects/workspace/src/build/action_tutorials_interfaces
