[0.424s] DEBUG:colcon:Command line arguments: ['/usr/bin/colcon', 'build']
[0.425s] DEBUG:colcon:Parsed command line arguments: Namespace(log_base=None, log_level=None, verb_name='build', build_base='build', install_base='install', merge_install=False, symlink_install=False, test_result_base=None, continue_on_error=False, executor='parallel', parallel_workers=8, event_handlers=None, ignore_user_meta=False, metas=['./colcon.meta'], base_paths=['.'], packages_ignore=None, packages_ignore_regex=None, paths=None, packages_up_to=None, packages_up_to_regex=None, packages_above=None, packages_above_and_dependencies=None, packages_above_depth=None, packages_select_by_dep=None, packages_skip_by_dep=None, packages_skip_up_to=None, packages_select_build_failed=False, packages_skip_build_finished=False, packages_select_test_failures=False, packages_skip_test_passed=False, packages_select=None, packages_skip=None, packages_select_regex=None, packages_skip_regex=None, packages_start=None, packages_end=None, allow_overriding=[], cmake_args=None, cmake_target=None, cmake_target_skip_unavailable=False, cmake_clean_cache=False, cmake_clean_first=False, cmake_force_configure=False, ament_cmake_args=None, catkin_cmake_args=None, catkin_skip_building_tests=False, verb_parser=<colcon_defaults.argument_parser.defaults.DefaultArgumentsDecorator object at 0x7fc339af7070>, verb_extension=<colcon_core.verb.build.BuildVerb object at 0x7fc33a4b5ab0>, main=<bound method BuildVerb.main of <colcon_core.verb.build.BuildVerb object at 0x7fc33a4b5ab0>>)
[0.448s] Level 1:colcon.colcon_core.package_discovery:discover_packages(colcon_meta) check parameters
[0.448s] Level 1:colcon.colcon_core.package_discovery:discover_packages(recursive) check parameters
[0.448s] Level 1:colcon.colcon_core.package_discovery:discover_packages(ignore) check parameters
[0.448s] Level 1:colcon.colcon_core.package_discovery:discover_packages(path) check parameters
[0.448s] Level 1:colcon.colcon_core.package_discovery:discover_packages(colcon_meta) discover
[0.448s] Level 1:colcon.colcon_core.package_discovery:discover_packages(recursive) discover
[0.448s] INFO:colcon.colcon_core.package_discovery:Crawling recursively for packages in '/home/jishnu/project/ros2-project/projects/workspace'
[0.448s] Level 1:colcon.colcon_core.package_identification:_identify(.) by extensions ['ignore', 'ignore_ament_install']
[0.448s] Level 1:colcon.colcon_core.package_identification:_identify(.) by extension 'ignore'
[0.448s] Level 1:colcon.colcon_core.package_identification:_identify(.) by extension 'ignore_ament_install'
[0.449s] Level 1:colcon.colcon_core.package_identification:_identify(.) by extensions ['colcon_pkg']
[0.449s] Level 1:colcon.colcon_core.package_identification:_identify(.) by extension 'colcon_pkg'
[0.449s] Level 1:colcon.colcon_core.package_identification:_identify(.) by extensions ['colcon_meta']
[0.449s] Level 1:colcon.colcon_core.package_identification:_identify(.) by extension 'colcon_meta'
[0.449s] Level 1:colcon.colcon_core.package_identification:_identify(.) by extensions ['ros']
[0.449s] Level 1:colcon.colcon_core.package_identification:_identify(.) by extension 'ros'
[0.465s] Level 1:colcon.colcon_core.package_identification:_identify(.) by extensions ['cmake', 'python']
[0.465s] Level 1:colcon.colcon_core.package_identification:_identify(.) by extension 'cmake'
[0.465s] Level 1:colcon.colcon_core.package_identification:_identify(.) by extension 'python'
[0.465s] Level 1:colcon.colcon_core.package_identification:_identify(.) by extensions ['python_setup_py']
[0.465s] Level 1:colcon.colcon_core.package_identification:_identify(.) by extension 'python_setup_py'
[0.465s] Level 1:colcon.colcon_core.package_identification:_identify(build) by extensions ['ignore', 'ignore_ament_install']
[0.465s] Level 1:colcon.colcon_core.package_identification:_identify(build) by extension 'ignore'
[0.465s] Level 1:colcon.colcon_core.package_identification:_identify(build) ignored
[0.553s] Level 1:colcon.colcon_core.package_identification:_identify(install) by extensions ['ignore', 'ignore_ament_install']
[0.554s] Level 1:colcon.colcon_core.package_identification:_identify(install) by extension 'ignore'
[0.554s] Level 1:colcon.colcon_core.package_identification:_identify(install) ignored
[0.554s] Level 1:colcon.colcon_core.package_identification:_identify(log) by extensions ['ignore', 'ignore_ament_install']
[0.555s] Level 1:colcon.colcon_core.package_identification:_identify(log) by extension 'ignore'
[0.555s] Level 1:colcon.colcon_core.package_identification:_identify(log) ignored
[0.555s] Level 1:colcon.colcon_core.package_identification:_identify(src) by extensions ['ignore', 'ignore_ament_install']
[0.556s] Level 1:colcon.colcon_core.package_identification:_identify(src) by extension 'ignore'
[0.556s] Level 1:colcon.colcon_core.package_identification:_identify(src) by extension 'ignore_ament_install'
[0.556s] Level 1:colcon.colcon_core.package_identification:_identify(src) by extensions ['colcon_pkg']
[0.556s] Level 1:colcon.colcon_core.package_identification:_identify(src) by extension 'colcon_pkg'
[0.557s] Level 1:colcon.colcon_core.package_identification:_identify(src) by extensions ['colcon_meta']
[0.557s] Level 1:colcon.colcon_core.package_identification:_identify(src) by extension 'colcon_meta'
[0.557s] Level 1:colcon.colcon_core.package_identification:_identify(src) by extensions ['ros']
[0.557s] Level 1:colcon.colcon_core.package_identification:_identify(src) by extension 'ros'
[0.558s] Level 1:colcon.colcon_core.package_identification:_identify(src) by extensions ['cmake', 'python']
[0.558s] Level 1:colcon.colcon_core.package_identification:_identify(src) by extension 'cmake'
[0.558s] Level 1:colcon.colcon_core.package_identification:_identify(src) by extension 'python'
[0.558s] Level 1:colcon.colcon_core.package_identification:_identify(src) by extensions ['python_setup_py']
[0.559s] Level 1:colcon.colcon_core.package_identification:_identify(src) by extension 'python_setup_py'
[0.559s] Level 1:colcon.colcon_core.package_identification:_identify(src/build) by extensions ['ignore', 'ignore_ament_install']
[0.559s] Level 1:colcon.colcon_core.package_identification:_identify(src/build) by extension 'ignore'
[0.560s] Level 1:colcon.colcon_core.package_identification:_identify(src/build) ignored
[0.560s] Level 1:colcon.colcon_core.package_identification:_identify(src/cpp_parameters) by extensions ['ignore', 'ignore_ament_install']
[0.560s] Level 1:colcon.colcon_core.package_identification:_identify(src/cpp_parameters) by extension 'ignore'
[0.560s] Level 1:colcon.colcon_core.package_identification:_identify(src/cpp_parameters) by extension 'ignore_ament_install'
[0.560s] Level 1:colcon.colcon_core.package_identification:_identify(src/cpp_parameters) by extensions ['colcon_pkg']
[0.560s] Level 1:colcon.colcon_core.package_identification:_identify(src/cpp_parameters) by extension 'colcon_pkg'
[0.561s] Level 1:colcon.colcon_core.package_identification:_identify(src/cpp_parameters) by extensions ['colcon_meta']
[0.561s] Level 1:colcon.colcon_core.package_identification:_identify(src/cpp_parameters) by extension 'colcon_meta'
[0.561s] Level 1:colcon.colcon_core.package_identification:_identify(src/cpp_parameters) by extensions ['ros']
[0.561s] Level 1:colcon.colcon_core.package_identification:_identify(src/cpp_parameters) by extension 'ros'
[0.763s] DEBUG:colcon.colcon_core.package_identification:Package 'src/cpp_parameters' with type 'ros.ament_cmake' and name 'cpp_parameters'
[0.764s] Level 1:colcon.colcon_core.package_identification:_identify(src/cpp_pubsub) by extensions ['ignore', 'ignore_ament_install']
[0.765s] Level 1:colcon.colcon_core.package_identification:_identify(src/cpp_pubsub) by extension 'ignore'
[0.765s] Level 1:colcon.colcon_core.package_identification:_identify(src/cpp_pubsub) by extension 'ignore_ament_install'
[0.765s] Level 1:colcon.colcon_core.package_identification:_identify(src/cpp_pubsub) by extensions ['colcon_pkg']
[0.765s] Level 1:colcon.colcon_core.package_identification:_identify(src/cpp_pubsub) by extension 'colcon_pkg'
[0.766s] Level 1:colcon.colcon_core.package_identification:_identify(src/cpp_pubsub) by extensions ['colcon_meta']
[0.766s] Level 1:colcon.colcon_core.package_identification:_identify(src/cpp_pubsub) by extension 'colcon_meta'
[0.766s] Level 1:colcon.colcon_core.package_identification:_identify(src/cpp_pubsub) by extensions ['ros']
[0.766s] Level 1:colcon.colcon_core.package_identification:_identify(src/cpp_pubsub) by extension 'ros'
[0.769s] DEBUG:colcon.colcon_core.package_identification:Package 'src/cpp_pubsub' with type 'ros.ament_cmake' and name 'cpp_pubsub'
[0.905s] Level 1:colcon.colcon_core.package_identification:_identify(src/cpp_srvcli) by extensions ['ignore', 'ignore_ament_install']
[0.905s] Level 1:colcon.colcon_core.package_identification:_identify(src/cpp_srvcli) by extension 'ignore'
[0.906s] Level 1:colcon.colcon_core.package_identification:_identify(src/cpp_srvcli) by extension 'ignore_ament_install'
[0.906s] Level 1:colcon.colcon_core.package_identification:_identify(src/cpp_srvcli) by extensions ['colcon_pkg']
[0.906s] Level 1:colcon.colcon_core.package_identification:_identify(src/cpp_srvcli) by extension 'colcon_pkg'
[0.907s] Level 1:colcon.colcon_core.package_identification:_identify(src/cpp_srvcli) by extensions ['colcon_meta']
[0.907s] Level 1:colcon.colcon_core.package_identification:_identify(src/cpp_srvcli) by extension 'colcon_meta'
[0.907s] Level 1:colcon.colcon_core.package_identification:_identify(src/cpp_srvcli) by extensions ['ros']
[0.907s] Level 1:colcon.colcon_core.package_identification:_identify(src/cpp_srvcli) by extension 'ros'
[1.070s] DEBUG:colcon.colcon_core.package_identification:Package 'src/cpp_srvcli' with type 'ros.ament_cmake' and name 'cpp_srvcli'
[1.070s] Level 1:colcon.colcon_core.package_identification:_identify(src/install) by extensions ['ignore', 'ignore_ament_install']
[1.070s] Level 1:colcon.colcon_core.package_identification:_identify(src/install) by extension 'ignore'
[1.070s] Level 1:colcon.colcon_core.package_identification:_identify(src/install) ignored
[1.070s] Level 1:colcon.colcon_core.package_identification:_identify(src/log) by extensions ['ignore', 'ignore_ament_install']
[1.070s] Level 1:colcon.colcon_core.package_identification:_identify(src/log) by extension 'ignore'
[1.070s] Level 1:colcon.colcon_core.package_identification:_identify(src/log) ignored
[1.071s] Level 1:colcon.colcon_core.package_identification:_identify(src/more_interfaces) by extensions ['ignore', 'ignore_ament_install']
[1.071s] Level 1:colcon.colcon_core.package_identification:_identify(src/more_interfaces) by extension 'ignore'
[1.071s] Level 1:colcon.colcon_core.package_identification:_identify(src/more_interfaces) by extension 'ignore_ament_install'
[1.071s] Level 1:colcon.colcon_core.package_identification:_identify(src/more_interfaces) by extensions ['colcon_pkg']
[1.071s] Level 1:colcon.colcon_core.package_identification:_identify(src/more_interfaces) by extension 'colcon_pkg'
[1.071s] Level 1:colcon.colcon_core.package_identification:_identify(src/more_interfaces) by extensions ['colcon_meta']
[1.071s] Level 1:colcon.colcon_core.package_identification:_identify(src/more_interfaces) by extension 'colcon_meta'
[1.071s] Level 1:colcon.colcon_core.package_identification:_identify(src/more_interfaces) by extensions ['ros']
[1.071s] Level 1:colcon.colcon_core.package_identification:_identify(src/more_interfaces) by extension 'ros'
[1.335s] DEBUG:colcon.colcon_core.package_identification:Package 'src/more_interfaces' with type 'ros.ament_cmake' and name 'more_interfaces'
[1.336s] Level 1:colcon.colcon_core.package_identification:_identify(src/my_package) by extensions ['ignore', 'ignore_ament_install']
[1.336s] Level 1:colcon.colcon_core.package_identification:_identify(src/my_package) by extension 'ignore'
[1.337s] Level 1:colcon.colcon_core.package_identification:_identify(src/my_package) by extension 'ignore_ament_install'
[1.337s] Level 1:colcon.colcon_core.package_identification:_identify(src/my_package) by extensions ['colcon_pkg']
[1.337s] Level 1:colcon.colcon_core.package_identification:_identify(src/my_package) by extension 'colcon_pkg'
[1.337s] Level 1:colcon.colcon_core.package_identification:_identify(src/my_package) by extensions ['colcon_meta']
[1.337s] Level 1:colcon.colcon_core.package_identification:_identify(src/my_package) by extension 'colcon_meta'
[1.338s] Level 1:colcon.colcon_core.package_identification:_identify(src/my_package) by extensions ['ros']
[1.338s] Level 1:colcon.colcon_core.package_identification:_identify(src/my_package) by extension 'ros'
[1.491s] DEBUG:colcon.colcon_core.package_identification:Package 'src/my_package' with type 'ros.ament_python' and name 'my_package'
[1.491s] Level 1:colcon.colcon_core.package_identification:_identify(src/polygon_base) by extensions ['ignore', 'ignore_ament_install']
[1.491s] Level 1:colcon.colcon_core.package_identification:_identify(src/polygon_base) by extension 'ignore'
[1.491s] Level 1:colcon.colcon_core.package_identification:_identify(src/polygon_base) by extension 'ignore_ament_install'
[1.491s] Level 1:colcon.colcon_core.package_identification:_identify(src/polygon_base) by extensions ['colcon_pkg']
[1.491s] Level 1:colcon.colcon_core.package_identification:_identify(src/polygon_base) by extension 'colcon_pkg'
[1.491s] Level 1:colcon.colcon_core.package_identification:_identify(src/polygon_base) by extensions ['colcon_meta']
[1.491s] Level 1:colcon.colcon_core.package_identification:_identify(src/polygon_base) by extension 'colcon_meta'
[1.491s] Level 1:colcon.colcon_core.package_identification:_identify(src/polygon_base) by extensions ['ros']
[1.491s] Level 1:colcon.colcon_core.package_identification:_identify(src/polygon_base) by extension 'ros'
[1.492s] DEBUG:colcon.colcon_core.package_identification:Package 'src/polygon_base' with type 'ros.ament_cmake' and name 'polygon_base'
[1.492s] Level 1:colcon.colcon_core.package_identification:_identify(src/polygon_plugins) by extensions ['ignore', 'ignore_ament_install']
[1.492s] Level 1:colcon.colcon_core.package_identification:_identify(src/polygon_plugins) by extension 'ignore'
[1.492s] Level 1:colcon.colcon_core.package_identification:_identify(src/polygon_plugins) by extension 'ignore_ament_install'
[1.492s] Level 1:colcon.colcon_core.package_identification:_identify(src/polygon_plugins) by extensions ['colcon_pkg']
[1.493s] Level 1:colcon.colcon_core.package_identification:_identify(src/polygon_plugins) by extension 'colcon_pkg'
[1.493s] Level 1:colcon.colcon_core.package_identification:_identify(src/polygon_plugins) by extensions ['colcon_meta']
[1.493s] Level 1:colcon.colcon_core.package_identification:_identify(src/polygon_plugins) by extension 'colcon_meta'
[1.493s] Level 1:colcon.colcon_core.package_identification:_identify(src/polygon_plugins) by extensions ['ros']
[1.493s] Level 1:colcon.colcon_core.package_identification:_identify(src/polygon_plugins) by extension 'ros'
[1.494s] DEBUG:colcon.colcon_core.package_identification:Package 'src/polygon_plugins' with type 'ros.ament_cmake' and name 'polygon_plugins'
[1.494s] Level 1:colcon.colcon_core.package_identification:_identify(src/py_pubsub) by extensions ['ignore', 'ignore_ament_install']
[1.494s] Level 1:colcon.colcon_core.package_identification:_identify(src/py_pubsub) by extension 'ignore'
[1.494s] Level 1:colcon.colcon_core.package_identification:_identify(src/py_pubsub) by extension 'ignore_ament_install'
[1.494s] Level 1:colcon.colcon_core.package_identification:_identify(src/py_pubsub) by extensions ['colcon_pkg']
[1.494s] Level 1:colcon.colcon_core.package_identification:_identify(src/py_pubsub) by extension 'colcon_pkg'
[1.494s] Level 1:colcon.colcon_core.package_identification:_identify(src/py_pubsub) by extensions ['colcon_meta']
[1.494s] Level 1:colcon.colcon_core.package_identification:_identify(src/py_pubsub) by extension 'colcon_meta'
[1.494s] Level 1:colcon.colcon_core.package_identification:_identify(src/py_pubsub) by extensions ['ros']
[1.494s] Level 1:colcon.colcon_core.package_identification:_identify(src/py_pubsub) by extension 'ros'
[1.495s] DEBUG:colcon.colcon_core.package_identification:Package 'src/py_pubsub' with type 'ros.ament_python' and name 'py_pubsub'
[1.495s] Level 1:colcon.colcon_core.package_identification:_identify(src/py_srvcli) by extensions ['ignore', 'ignore_ament_install']
[1.495s] Level 1:colcon.colcon_core.package_identification:_identify(src/py_srvcli) by extension 'ignore'
[1.495s] Level 1:colcon.colcon_core.package_identification:_identify(src/py_srvcli) by extension 'ignore_ament_install'
[1.495s] Level 1:colcon.colcon_core.package_identification:_identify(src/py_srvcli) by extensions ['colcon_pkg']
[1.495s] Level 1:colcon.colcon_core.package_identification:_identify(src/py_srvcli) by extension 'colcon_pkg'
[1.495s] Level 1:colcon.colcon_core.package_identification:_identify(src/py_srvcli) by extensions ['colcon_meta']
[1.495s] Level 1:colcon.colcon_core.package_identification:_identify(src/py_srvcli) by extension 'colcon_meta'
[1.495s] Level 1:colcon.colcon_core.package_identification:_identify(src/py_srvcli) by extensions ['ros']
[1.495s] Level 1:colcon.colcon_core.package_identification:_identify(src/py_srvcli) by extension 'ros'
[1.496s] DEBUG:colcon.colcon_core.package_identification:Package 'src/py_srvcli' with type 'ros.ament_python' and name 'py_srvcli'
[1.496s] Level 1:colcon.colcon_core.package_identification:_identify(src/python_parameters) by extensions ['ignore', 'ignore_ament_install']
[1.496s] Level 1:colcon.colcon_core.package_identification:_identify(src/python_parameters) by extension 'ignore'
[1.496s] Level 1:colcon.colcon_core.package_identification:_identify(src/python_parameters) by extension 'ignore_ament_install'
[1.496s] Level 1:colcon.colcon_core.package_identification:_identify(src/python_parameters) by extensions ['colcon_pkg']
[1.496s] Level 1:colcon.colcon_core.package_identification:_identify(src/python_parameters) by extension 'colcon_pkg'
[1.496s] Level 1:colcon.colcon_core.package_identification:_identify(src/python_parameters) by extensions ['colcon_meta']
[1.496s] Level 1:colcon.colcon_core.package_identification:_identify(src/python_parameters) by extension 'colcon_meta'
[1.496s] Level 1:colcon.colcon_core.package_identification:_identify(src/python_parameters) by extensions ['ros']
[1.496s] Level 1:colcon.colcon_core.package_identification:_identify(src/python_parameters) by extension 'ros'
[1.516s] DEBUG:colcon.colcon_core.package_identification:Package 'src/python_parameters' with type 'ros.ament_python' and name 'python_parameters'
[1.516s] Level 1:colcon.colcon_core.package_identification:_identify(src/ros_test_package) by extensions ['ignore', 'ignore_ament_install']
[1.516s] Level 1:colcon.colcon_core.package_identification:_identify(src/ros_test_package) by extension 'ignore'
[1.516s] Level 1:colcon.colcon_core.package_identification:_identify(src/ros_test_package) by extension 'ignore_ament_install'
[1.516s] Level 1:colcon.colcon_core.package_identification:_identify(src/ros_test_package) by extensions ['colcon_pkg']
[1.516s] Level 1:colcon.colcon_core.package_identification:_identify(src/ros_test_package) by extension 'colcon_pkg'
[1.516s] Level 1:colcon.colcon_core.package_identification:_identify(src/ros_test_package) by extensions ['colcon_meta']
[1.516s] Level 1:colcon.colcon_core.package_identification:_identify(src/ros_test_package) by extension 'colcon_meta'
[1.516s] Level 1:colcon.colcon_core.package_identification:_identify(src/ros_test_package) by extensions ['ros']
[1.516s] Level 1:colcon.colcon_core.package_identification:_identify(src/ros_test_package) by extension 'ros'
[1.516s] DEBUG:colcon.colcon_core.package_identification:Package 'src/ros_test_package' with type 'ros.ament_python' and name 'ros_test_package'
[1.516s] Level 1:colcon.colcon_core.package_identification:_identify(src/tutorial_interfaces) by extensions ['ignore', 'ignore_ament_install']
[1.517s] Level 1:colcon.colcon_core.package_identification:_identify(src/tutorial_interfaces) by extension 'ignore'
[1.517s] Level 1:colcon.colcon_core.package_identification:_identify(src/tutorial_interfaces) by extension 'ignore_ament_install'
[1.517s] Level 1:colcon.colcon_core.package_identification:_identify(src/tutorial_interfaces) by extensions ['colcon_pkg']
[1.517s] Level 1:colcon.colcon_core.package_identification:_identify(src/tutorial_interfaces) by extension 'colcon_pkg'
[1.517s] Level 1:colcon.colcon_core.package_identification:_identify(src/tutorial_interfaces) by extensions ['colcon_meta']
[1.517s] Level 1:colcon.colcon_core.package_identification:_identify(src/tutorial_interfaces) by extension 'colcon_meta'
[1.517s] Level 1:colcon.colcon_core.package_identification:_identify(src/tutorial_interfaces) by extensions ['ros']
[1.517s] Level 1:colcon.colcon_core.package_identification:_identify(src/tutorial_interfaces) by extension 'ros'
[1.534s] DEBUG:colcon.colcon_core.package_identification:Package 'src/tutorial_interfaces' with type 'ros.ament_cmake' and name 'tutorial_interfaces'
[1.534s] Level 1:colcon.colcon_core.package_discovery:discover_packages(recursive) using defaults
[1.534s] Level 1:colcon.colcon_core.package_discovery:discover_packages(ignore) discover
[1.534s] Level 1:colcon.colcon_core.package_discovery:discover_packages(ignore) using defaults
[1.534s] Level 1:colcon.colcon_core.package_discovery:discover_packages(path) discover
[1.534s] Level 1:colcon.colcon_core.package_discovery:discover_packages(path) using defaults
[1.646s] Level 1:colcon.colcon_core.package_discovery:discover_packages(prefix_path) check parameters
[1.646s] Level 1:colcon.colcon_core.package_discovery:discover_packages(prefix_path) discover
[1.658s] DEBUG:colcon.colcon_installed_package_information.package_discovery:Found 310 installed packages in /opt/ros/humble
[1.663s] Level 1:colcon.colcon_core.package_discovery:discover_packages(prefix_path) using defaults
[1.726s] Level 5:colcon.colcon_core.verb:set package 'cpp_parameters' build argument 'cmake_args' from command line to 'None'
[1.726s] Level 5:colcon.colcon_core.verb:set package 'cpp_parameters' build argument 'cmake_target' from command line to 'None'
[1.726s] Level 5:colcon.colcon_core.verb:set package 'cpp_parameters' build argument 'cmake_target_skip_unavailable' from command line to 'False'
[1.726s] Level 5:colcon.colcon_core.verb:set package 'cpp_parameters' build argument 'cmake_clean_cache' from command line to 'False'
[1.726s] Level 5:colcon.colcon_core.verb:set package 'cpp_parameters' build argument 'cmake_clean_first' from command line to 'False'
[1.726s] Level 5:colcon.colcon_core.verb:set package 'cpp_parameters' build argument 'cmake_force_configure' from command line to 'False'
[1.726s] Level 5:colcon.colcon_core.verb:set package 'cpp_parameters' build argument 'ament_cmake_args' from command line to 'None'
[1.726s] Level 5:colcon.colcon_core.verb:set package 'cpp_parameters' build argument 'catkin_cmake_args' from command line to 'None'
[1.726s] Level 5:colcon.colcon_core.verb:set package 'cpp_parameters' build argument 'catkin_skip_building_tests' from command line to 'False'
[1.727s] DEBUG:colcon.colcon_core.verb:Building package 'cpp_parameters' with the following arguments: {'ament_cmake_args': None, 'build_base': '/home/jishnu/project/ros2-project/projects/workspace/build/cpp_parameters', 'catkin_cmake_args': None, 'catkin_skip_building_tests': False, 'cmake_args': None, 'cmake_clean_cache': False, 'cmake_clean_first': False, 'cmake_force_configure': False, 'cmake_target': None, 'cmake_target_skip_unavailable': False, 'install_base': '/home/jishnu/project/ros2-project/projects/workspace/install/cpp_parameters', 'merge_install': False, 'path': '/home/jishnu/project/ros2-project/projects/workspace/src/cpp_parameters', 'symlink_install': False, 'test_result_base': None}
[1.727s] Level 5:colcon.colcon_core.verb:set package 'cpp_pubsub' build argument 'cmake_args' from command line to 'None'
[1.727s] Level 5:colcon.colcon_core.verb:set package 'cpp_pubsub' build argument 'cmake_target' from command line to 'None'
[1.727s] Level 5:colcon.colcon_core.verb:set package 'cpp_pubsub' build argument 'cmake_target_skip_unavailable' from command line to 'False'
[1.727s] Level 5:colcon.colcon_core.verb:set package 'cpp_pubsub' build argument 'cmake_clean_cache' from command line to 'False'
[1.727s] Level 5:colcon.colcon_core.verb:set package 'cpp_pubsub' build argument 'cmake_clean_first' from command line to 'False'
[1.727s] Level 5:colcon.colcon_core.verb:set package 'cpp_pubsub' build argument 'cmake_force_configure' from command line to 'False'
[1.727s] Level 5:colcon.colcon_core.verb:set package 'cpp_pubsub' build argument 'ament_cmake_args' from command line to 'None'
[1.727s] Level 5:colcon.colcon_core.verb:set package 'cpp_pubsub' build argument 'catkin_cmake_args' from command line to 'None'
[1.727s] Level 5:colcon.colcon_core.verb:set package 'cpp_pubsub' build argument 'catkin_skip_building_tests' from command line to 'False'
[1.727s] DEBUG:colcon.colcon_core.verb:Building package 'cpp_pubsub' with the following arguments: {'ament_cmake_args': None, 'build_base': '/home/jishnu/project/ros2-project/projects/workspace/build/cpp_pubsub', 'catkin_cmake_args': None, 'catkin_skip_building_tests': False, 'cmake_args': None, 'cmake_clean_cache': False, 'cmake_clean_first': False, 'cmake_force_configure': False, 'cmake_target': None, 'cmake_target_skip_unavailable': False, 'install_base': '/home/jishnu/project/ros2-project/projects/workspace/install/cpp_pubsub', 'merge_install': False, 'path': '/home/jishnu/project/ros2-project/projects/workspace/src/cpp_pubsub', 'symlink_install': False, 'test_result_base': None}
[1.728s] Level 5:colcon.colcon_core.verb:set package 'cpp_srvcli' build argument 'cmake_args' from command line to 'None'
[1.728s] Level 5:colcon.colcon_core.verb:set package 'cpp_srvcli' build argument 'cmake_target' from command line to 'None'
[1.728s] Level 5:colcon.colcon_core.verb:set package 'cpp_srvcli' build argument 'cmake_target_skip_unavailable' from command line to 'False'
[1.728s] Level 5:colcon.colcon_core.verb:set package 'cpp_srvcli' build argument 'cmake_clean_cache' from command line to 'False'
[1.728s] Level 5:colcon.colcon_core.verb:set package 'cpp_srvcli' build argument 'cmake_clean_first' from command line to 'False'
[1.728s] Level 5:colcon.colcon_core.verb:set package 'cpp_srvcli' build argument 'cmake_force_configure' from command line to 'False'
[1.728s] Level 5:colcon.colcon_core.verb:set package 'cpp_srvcli' build argument 'ament_cmake_args' from command line to 'None'
[1.728s] Level 5:colcon.colcon_core.verb:set package 'cpp_srvcli' build argument 'catkin_cmake_args' from command line to 'None'
[1.728s] Level 5:colcon.colcon_core.verb:set package 'cpp_srvcli' build argument 'catkin_skip_building_tests' from command line to 'False'
[1.728s] DEBUG:colcon.colcon_core.verb:Building package 'cpp_srvcli' with the following arguments: {'ament_cmake_args': None, 'build_base': '/home/jishnu/project/ros2-project/projects/workspace/build/cpp_srvcli', 'catkin_cmake_args': None, 'catkin_skip_building_tests': False, 'cmake_args': None, 'cmake_clean_cache': False, 'cmake_clean_first': False, 'cmake_force_configure': False, 'cmake_target': None, 'cmake_target_skip_unavailable': False, 'install_base': '/home/jishnu/project/ros2-project/projects/workspace/install/cpp_srvcli', 'merge_install': False, 'path': '/home/jishnu/project/ros2-project/projects/workspace/src/cpp_srvcli', 'symlink_install': False, 'test_result_base': None}
[1.729s] Level 5:colcon.colcon_core.verb:set package 'more_interfaces' build argument 'cmake_args' from command line to 'None'
[1.729s] Level 5:colcon.colcon_core.verb:set package 'more_interfaces' build argument 'cmake_target' from command line to 'None'
[1.729s] Level 5:colcon.colcon_core.verb:set package 'more_interfaces' build argument 'cmake_target_skip_unavailable' from command line to 'False'
[1.729s] Level 5:colcon.colcon_core.verb:set package 'more_interfaces' build argument 'cmake_clean_cache' from command line to 'False'
[1.729s] Level 5:colcon.colcon_core.verb:set package 'more_interfaces' build argument 'cmake_clean_first' from command line to 'False'
[1.729s] Level 5:colcon.colcon_core.verb:set package 'more_interfaces' build argument 'cmake_force_configure' from command line to 'False'
[1.729s] Level 5:colcon.colcon_core.verb:set package 'more_interfaces' build argument 'ament_cmake_args' from command line to 'None'
[1.729s] Level 5:colcon.colcon_core.verb:set package 'more_interfaces' build argument 'catkin_cmake_args' from command line to 'None'
[1.729s] Level 5:colcon.colcon_core.verb:set package 'more_interfaces' build argument 'catkin_skip_building_tests' from command line to 'False'
[1.729s] DEBUG:colcon.colcon_core.verb:Building package 'more_interfaces' with the following arguments: {'ament_cmake_args': None, 'build_base': '/home/jishnu/project/ros2-project/projects/workspace/build/more_interfaces', 'catkin_cmake_args': None, 'catkin_skip_building_tests': False, 'cmake_args': None, 'cmake_clean_cache': False, 'cmake_clean_first': False, 'cmake_force_configure': False, 'cmake_target': None, 'cmake_target_skip_unavailable': False, 'install_base': '/home/jishnu/project/ros2-project/projects/workspace/install/more_interfaces', 'merge_install': False, 'path': '/home/jishnu/project/ros2-project/projects/workspace/src/more_interfaces', 'symlink_install': False, 'test_result_base': None}
[1.730s] Level 5:colcon.colcon_core.verb:set package 'my_package' build argument 'cmake_args' from command line to 'None'
[1.730s] Level 5:colcon.colcon_core.verb:set package 'my_package' build argument 'cmake_target' from command line to 'None'
[1.730s] Level 5:colcon.colcon_core.verb:set package 'my_package' build argument 'cmake_target_skip_unavailable' from command line to 'False'
[1.730s] Level 5:colcon.colcon_core.verb:set package 'my_package' build argument 'cmake_clean_cache' from command line to 'False'
[1.730s] Level 5:colcon.colcon_core.verb:set package 'my_package' build argument 'cmake_clean_first' from command line to 'False'
[1.730s] Level 5:colcon.colcon_core.verb:set package 'my_package' build argument 'cmake_force_configure' from command line to 'False'
[1.730s] Level 5:colcon.colcon_core.verb:set package 'my_package' build argument 'ament_cmake_args' from command line to 'None'
[1.730s] Level 5:colcon.colcon_core.verb:set package 'my_package' build argument 'catkin_cmake_args' from command line to 'None'
[1.730s] Level 5:colcon.colcon_core.verb:set package 'my_package' build argument 'catkin_skip_building_tests' from command line to 'False'
[1.730s] DEBUG:colcon.colcon_core.verb:Building package 'my_package' with the following arguments: {'ament_cmake_args': None, 'build_base': '/home/jishnu/project/ros2-project/projects/workspace/build/my_package', 'catkin_cmake_args': None, 'catkin_skip_building_tests': False, 'cmake_args': None, 'cmake_clean_cache': False, 'cmake_clean_first': False, 'cmake_force_configure': False, 'cmake_target': None, 'cmake_target_skip_unavailable': False, 'install_base': '/home/jishnu/project/ros2-project/projects/workspace/install/my_package', 'merge_install': False, 'path': '/home/jishnu/project/ros2-project/projects/workspace/src/my_package', 'symlink_install': False, 'test_result_base': None}
[1.731s] Level 5:colcon.colcon_core.verb:set package 'polygon_base' build argument 'cmake_args' from command line to 'None'
[1.731s] Level 5:colcon.colcon_core.verb:set package 'polygon_base' build argument 'cmake_target' from command line to 'None'
[1.731s] Level 5:colcon.colcon_core.verb:set package 'polygon_base' build argument 'cmake_target_skip_unavailable' from command line to 'False'
[1.731s] Level 5:colcon.colcon_core.verb:set package 'polygon_base' build argument 'cmake_clean_cache' from command line to 'False'
[1.731s] Level 5:colcon.colcon_core.verb:set package 'polygon_base' build argument 'cmake_clean_first' from command line to 'False'
[1.731s] Level 5:colcon.colcon_core.verb:set package 'polygon_base' build argument 'cmake_force_configure' from command line to 'False'
[1.731s] Level 5:colcon.colcon_core.verb:set package 'polygon_base' build argument 'ament_cmake_args' from command line to 'None'
[1.731s] Level 5:colcon.colcon_core.verb:set package 'polygon_base' build argument 'catkin_cmake_args' from command line to 'None'
[1.731s] Level 5:colcon.colcon_core.verb:set package 'polygon_base' build argument 'catkin_skip_building_tests' from command line to 'False'
[1.731s] DEBUG:colcon.colcon_core.verb:Building package 'polygon_base' with the following arguments: {'ament_cmake_args': None, 'build_base': '/home/jishnu/project/ros2-project/projects/workspace/build/polygon_base', 'catkin_cmake_args': None, 'catkin_skip_building_tests': False, 'cmake_args': None, 'cmake_clean_cache': False, 'cmake_clean_first': False, 'cmake_force_configure': False, 'cmake_target': None, 'cmake_target_skip_unavailable': False, 'install_base': '/home/jishnu/project/ros2-project/projects/workspace/install/polygon_base', 'merge_install': False, 'path': '/home/jishnu/project/ros2-project/projects/workspace/src/polygon_base', 'symlink_install': False, 'test_result_base': None}
[1.732s] Level 5:colcon.colcon_core.verb:set package 'py_srvcli' build argument 'cmake_args' from command line to 'None'
[1.732s] Level 5:colcon.colcon_core.verb:set package 'py_srvcli' build argument 'cmake_target' from command line to 'None'
[1.732s] Level 5:colcon.colcon_core.verb:set package 'py_srvcli' build argument 'cmake_target_skip_unavailable' from command line to 'False'
[1.732s] Level 5:colcon.colcon_core.verb:set package 'py_srvcli' build argument 'cmake_clean_cache' from command line to 'False'
[1.732s] Level 5:colcon.colcon_core.verb:set package 'py_srvcli' build argument 'cmake_clean_first' from command line to 'False'
[1.732s] Level 5:colcon.colcon_core.verb:set package 'py_srvcli' build argument 'cmake_force_configure' from command line to 'False'
[1.732s] Level 5:colcon.colcon_core.verb:set package 'py_srvcli' build argument 'ament_cmake_args' from command line to 'None'
[1.732s] Level 5:colcon.colcon_core.verb:set package 'py_srvcli' build argument 'catkin_cmake_args' from command line to 'None'
[1.732s] Level 5:colcon.colcon_core.verb:set package 'py_srvcli' build argument 'catkin_skip_building_tests' from command line to 'False'
[1.732s] DEBUG:colcon.colcon_core.verb:Building package 'py_srvcli' with the following arguments: {'ament_cmake_args': None, 'build_base': '/home/jishnu/project/ros2-project/projects/workspace/build/py_srvcli', 'catkin_cmake_args': None, 'catkin_skip_building_tests': False, 'cmake_args': None, 'cmake_clean_cache': False, 'cmake_clean_first': False, 'cmake_force_configure': False, 'cmake_target': None, 'cmake_target_skip_unavailable': False, 'install_base': '/home/jishnu/project/ros2-project/projects/workspace/install/py_srvcli', 'merge_install': False, 'path': '/home/jishnu/project/ros2-project/projects/workspace/src/py_srvcli', 'symlink_install': False, 'test_result_base': None}
[1.733s] Level 5:colcon.colcon_core.verb:set package 'python_parameters' build argument 'cmake_args' from command line to 'None'
[1.733s] Level 5:colcon.colcon_core.verb:set package 'python_parameters' build argument 'cmake_target' from command line to 'None'
[1.733s] Level 5:colcon.colcon_core.verb:set package 'python_parameters' build argument 'cmake_target_skip_unavailable' from command line to 'False'
[1.733s] Level 5:colcon.colcon_core.verb:set package 'python_parameters' build argument 'cmake_clean_cache' from command line to 'False'
[1.733s] Level 5:colcon.colcon_core.verb:set package 'python_parameters' build argument 'cmake_clean_first' from command line to 'False'
[1.733s] Level 5:colcon.colcon_core.verb:set package 'python_parameters' build argument 'cmake_force_configure' from command line to 'False'
[1.733s] Level 5:colcon.colcon_core.verb:set package 'python_parameters' build argument 'ament_cmake_args' from command line to 'None'
[1.733s] Level 5:colcon.colcon_core.verb:set package 'python_parameters' build argument 'catkin_cmake_args' from command line to 'None'
[1.733s] Level 5:colcon.colcon_core.verb:set package 'python_parameters' build argument 'catkin_skip_building_tests' from command line to 'False'
[1.733s] DEBUG:colcon.colcon_core.verb:Building package 'python_parameters' with the following arguments: {'ament_cmake_args': None, 'build_base': '/home/jishnu/project/ros2-project/projects/workspace/build/python_parameters', 'catkin_cmake_args': None, 'catkin_skip_building_tests': False, 'cmake_args': None, 'cmake_clean_cache': False, 'cmake_clean_first': False, 'cmake_force_configure': False, 'cmake_target': None, 'cmake_target_skip_unavailable': False, 'install_base': '/home/jishnu/project/ros2-project/projects/workspace/install/python_parameters', 'merge_install': False, 'path': '/home/jishnu/project/ros2-project/projects/workspace/src/python_parameters', 'symlink_install': False, 'test_result_base': None}
[1.734s] Level 5:colcon.colcon_core.verb:set package 'ros_test_package' build argument 'cmake_args' from command line to 'None'
[1.734s] Level 5:colcon.colcon_core.verb:set package 'ros_test_package' build argument 'cmake_target' from command line to 'None'
[1.734s] Level 5:colcon.colcon_core.verb:set package 'ros_test_package' build argument 'cmake_target_skip_unavailable' from command line to 'False'
[1.734s] Level 5:colcon.colcon_core.verb:set package 'ros_test_package' build argument 'cmake_clean_cache' from command line to 'False'
[1.734s] Level 5:colcon.colcon_core.verb:set package 'ros_test_package' build argument 'cmake_clean_first' from command line to 'False'
[1.734s] Level 5:colcon.colcon_core.verb:set package 'ros_test_package' build argument 'cmake_force_configure' from command line to 'False'
[1.734s] Level 5:colcon.colcon_core.verb:set package 'ros_test_package' build argument 'ament_cmake_args' from command line to 'None'
[1.734s] Level 5:colcon.colcon_core.verb:set package 'ros_test_package' build argument 'catkin_cmake_args' from command line to 'None'
[1.734s] Level 5:colcon.colcon_core.verb:set package 'ros_test_package' build argument 'catkin_skip_building_tests' from command line to 'False'
[1.734s] DEBUG:colcon.colcon_core.verb:Building package 'ros_test_package' with the following arguments: {'ament_cmake_args': None, 'build_base': '/home/jishnu/project/ros2-project/projects/workspace/build/ros_test_package', 'catkin_cmake_args': None, 'catkin_skip_building_tests': False, 'cmake_args': None, 'cmake_clean_cache': False, 'cmake_clean_first': False, 'cmake_force_configure': False, 'cmake_target': None, 'cmake_target_skip_unavailable': False, 'install_base': '/home/jishnu/project/ros2-project/projects/workspace/install/ros_test_package', 'merge_install': False, 'path': '/home/jishnu/project/ros2-project/projects/workspace/src/ros_test_package', 'symlink_install': False, 'test_result_base': None}
[1.735s] Level 5:colcon.colcon_core.verb:set package 'tutorial_interfaces' build argument 'cmake_args' from command line to 'None'
[1.735s] Level 5:colcon.colcon_core.verb:set package 'tutorial_interfaces' build argument 'cmake_target' from command line to 'None'
[1.735s] Level 5:colcon.colcon_core.verb:set package 'tutorial_interfaces' build argument 'cmake_target_skip_unavailable' from command line to 'False'
[1.735s] Level 5:colcon.colcon_core.verb:set package 'tutorial_interfaces' build argument 'cmake_clean_cache' from command line to 'False'
[1.735s] Level 5:colcon.colcon_core.verb:set package 'tutorial_interfaces' build argument 'cmake_clean_first' from command line to 'False'
[1.735s] Level 5:colcon.colcon_core.verb:set package 'tutorial_interfaces' build argument 'cmake_force_configure' from command line to 'False'
[1.735s] Level 5:colcon.colcon_core.verb:set package 'tutorial_interfaces' build argument 'ament_cmake_args' from command line to 'None'
[1.735s] Level 5:colcon.colcon_core.verb:set package 'tutorial_interfaces' build argument 'catkin_cmake_args' from command line to 'None'
[1.735s] Level 5:colcon.colcon_core.verb:set package 'tutorial_interfaces' build argument 'catkin_skip_building_tests' from command line to 'False'
[1.735s] DEBUG:colcon.colcon_core.verb:Building package 'tutorial_interfaces' with the following arguments: {'ament_cmake_args': None, 'build_base': '/home/jishnu/project/ros2-project/projects/workspace/build/tutorial_interfaces', 'catkin_cmake_args': None, 'catkin_skip_building_tests': False, 'cmake_args': None, 'cmake_clean_cache': False, 'cmake_clean_first': False, 'cmake_force_configure': False, 'cmake_target': None, 'cmake_target_skip_unavailable': False, 'install_base': '/home/jishnu/project/ros2-project/projects/workspace/install/tutorial_interfaces', 'merge_install': False, 'path': '/home/jishnu/project/ros2-project/projects/workspace/src/tutorial_interfaces', 'symlink_install': False, 'test_result_base': None}
[1.736s] Level 5:colcon.colcon_core.verb:set package 'polygon_plugins' build argument 'cmake_args' from command line to 'None'
[1.736s] Level 5:colcon.colcon_core.verb:set package 'polygon_plugins' build argument 'cmake_target' from command line to 'None'
[1.736s] Level 5:colcon.colcon_core.verb:set package 'polygon_plugins' build argument 'cmake_target_skip_unavailable' from command line to 'False'
[1.736s] Level 5:colcon.colcon_core.verb:set package 'polygon_plugins' build argument 'cmake_clean_cache' from command line to 'False'
[1.736s] Level 5:colcon.colcon_core.verb:set package 'polygon_plugins' build argument 'cmake_clean_first' from command line to 'False'
[1.736s] Level 5:colcon.colcon_core.verb:set package 'polygon_plugins' build argument 'cmake_force_configure' from command line to 'False'
[1.736s] Level 5:colcon.colcon_core.verb:set package 'polygon_plugins' build argument 'ament_cmake_args' from command line to 'None'
[1.736s] Level 5:colcon.colcon_core.verb:set package 'polygon_plugins' build argument 'catkin_cmake_args' from command line to 'None'
[1.736s] Level 5:colcon.colcon_core.verb:set package 'polygon_plugins' build argument 'catkin_skip_building_tests' from command line to 'False'
[1.736s] DEBUG:colcon.colcon_core.verb:Building package 'polygon_plugins' with the following arguments: {'ament_cmake_args': None, 'build_base': '/home/jishnu/project/ros2-project/projects/workspace/build/polygon_plugins', 'catkin_cmake_args': None, 'catkin_skip_building_tests': False, 'cmake_args': None, 'cmake_clean_cache': False, 'cmake_clean_first': False, 'cmake_force_configure': False, 'cmake_target': None, 'cmake_target_skip_unavailable': False, 'install_base': '/home/jishnu/project/ros2-project/projects/workspace/install/polygon_plugins', 'merge_install': False, 'path': '/home/jishnu/project/ros2-project/projects/workspace/src/polygon_plugins', 'symlink_install': False, 'test_result_base': None}
[1.737s] Level 5:colcon.colcon_core.verb:set package 'py_pubsub' build argument 'cmake_args' from command line to 'None'
[1.737s] Level 5:colcon.colcon_core.verb:set package 'py_pubsub' build argument 'cmake_target' from command line to 'None'
[1.737s] Level 5:colcon.colcon_core.verb:set package 'py_pubsub' build argument 'cmake_target_skip_unavailable' from command line to 'False'
[1.737s] Level 5:colcon.colcon_core.verb:set package 'py_pubsub' build argument 'cmake_clean_cache' from command line to 'False'
[1.737s] Level 5:colcon.colcon_core.verb:set package 'py_pubsub' build argument 'cmake_clean_first' from command line to 'False'
[1.737s] Level 5:colcon.colcon_core.verb:set package 'py_pubsub' build argument 'cmake_force_configure' from command line to 'False'
[1.737s] Level 5:colcon.colcon_core.verb:set package 'py_pubsub' build argument 'ament_cmake_args' from command line to 'None'
[1.737s] Level 5:colcon.colcon_core.verb:set package 'py_pubsub' build argument 'catkin_cmake_args' from command line to 'None'
[1.737s] Level 5:colcon.colcon_core.verb:set package 'py_pubsub' build argument 'catkin_skip_building_tests' from command line to 'False'
[1.737s] DEBUG:colcon.colcon_core.verb:Building package 'py_pubsub' with the following arguments: {'ament_cmake_args': None, 'build_base': '/home/jishnu/project/ros2-project/projects/workspace/build/py_pubsub', 'catkin_cmake_args': None, 'catkin_skip_building_tests': False, 'cmake_args': None, 'cmake_clean_cache': False, 'cmake_clean_first': False, 'cmake_force_configure': False, 'cmake_target': None, 'cmake_target_skip_unavailable': False, 'install_base': '/home/jishnu/project/ros2-project/projects/workspace/install/py_pubsub', 'merge_install': False, 'path': '/home/jishnu/project/ros2-project/projects/workspace/src/py_pubsub', 'symlink_install': False, 'test_result_base': None}
[1.738s] INFO:colcon.colcon_core.executor:Executing jobs using 'parallel' executor
[1.741s] DEBUG:colcon.colcon_parallel_executor.executor.parallel:run_until_complete
[1.741s] INFO:colcon.colcon_ros.task.ament_cmake.build:Building ROS package in '/home/jishnu/project/ros2-project/projects/workspace/src/polygon_base' with build type 'ament_cmake'
[1.741s] INFO:colcon.colcon_cmake.task.cmake.build:Building CMake package in '/home/jishnu/project/ros2-project/projects/workspace/src/polygon_base'
[1.745s] INFO:colcon.colcon_core.plugin_system:Skipping extension 'colcon_core.shell.bat': Not used on non-Windows systems
[1.745s] INFO:colcon.colcon_core.shell:Skip shell extension 'powershell' for command environment: Not usable outside of PowerShell
[1.745s] DEBUG:colcon.colcon_core.shell:Skip shell extension 'dsv' for command environment
[1.748s] INFO:colcon.colcon_ros.task.ament_cmake.build:Building ROS package in '/home/jishnu/project/ros2-project/projects/workspace/src/tutorial_interfaces' with build type 'ament_cmake'
[1.748s] INFO:colcon.colcon_cmake.task.cmake.build:Building CMake package in '/home/jishnu/project/ros2-project/projects/workspace/src/tutorial_interfaces'
[1.749s] INFO:colcon.colcon_core.shell:Skip shell extension 'powershell' for command environment: Not usable outside of PowerShell
[1.749s] DEBUG:colcon.colcon_core.shell:Skip shell extension 'dsv' for command environment
[1.752s] INFO:colcon.colcon_ros.task.ament_cmake.build:Building ROS package in '/home/jishnu/project/ros2-project/projects/workspace/src/cpp_parameters' with build type 'ament_cmake'
[1.752s] INFO:colcon.colcon_cmake.task.cmake.build:Building CMake package in '/home/jishnu/project/ros2-project/projects/workspace/src/cpp_parameters'
[1.753s] INFO:colcon.colcon_core.shell:Skip shell extension 'powershell' for command environment: Not usable outside of PowerShell
[1.753s] DEBUG:colcon.colcon_core.shell:Skip shell extension 'dsv' for command environment
[1.756s] INFO:colcon.colcon_ros.task.ament_cmake.build:Building ROS package in '/home/jishnu/project/ros2-project/projects/workspace/src/cpp_pubsub' with build type 'ament_cmake'
[1.756s] INFO:colcon.colcon_cmake.task.cmake.build:Building CMake package in '/home/jishnu/project/ros2-project/projects/workspace/src/cpp_pubsub'
[1.758s] INFO:colcon.colcon_core.shell:Skip shell extension 'powershell' for command environment: Not usable outside of PowerShell
[1.758s] DEBUG:colcon.colcon_core.shell:Skip shell extension 'dsv' for command environment
[1.760s] INFO:colcon.colcon_ros.task.ament_cmake.build:Building ROS package in '/home/jishnu/project/ros2-project/projects/workspace/src/cpp_srvcli' with build type 'ament_cmake'
[1.760s] INFO:colcon.colcon_cmake.task.cmake.build:Building CMake package in '/home/jishnu/project/ros2-project/projects/workspace/src/cpp_srvcli'
[1.761s] INFO:colcon.colcon_core.shell:Skip shell extension 'powershell' for command environment: Not usable outside of PowerShell
[1.761s] DEBUG:colcon.colcon_core.shell:Skip shell extension 'dsv' for command environment
[1.768s] INFO:colcon.colcon_ros.task.ament_cmake.build:Building ROS package in '/home/jishnu/project/ros2-project/projects/workspace/src/more_interfaces' with build type 'ament_cmake'
[1.768s] INFO:colcon.colcon_cmake.task.cmake.build:Building CMake package in '/home/jishnu/project/ros2-project/projects/workspace/src/more_interfaces'
[1.770s] INFO:colcon.colcon_core.shell:Skip shell extension 'powershell' for command environment: Not usable outside of PowerShell
[1.770s] DEBUG:colcon.colcon_core.shell:Skip shell extension 'dsv' for command environment
[1.792s] INFO:colcon.colcon_ros.task.ament_python.build:Building ROS package in '/home/jishnu/project/ros2-project/projects/workspace/src/my_package' with build type 'ament_python'
[1.792s] Level 1:colcon.colcon_core.shell:create_environment_hook('my_package', 'ament_prefix_path')
[1.797s] INFO:colcon.colcon_core.shell:Creating environment hook '/home/jishnu/project/ros2-project/projects/workspace/install/my_package/share/my_package/hook/ament_prefix_path.ps1'
[1.813s] INFO:colcon.colcon_core.shell:Creating environment descriptor '/home/jishnu/project/ros2-project/projects/workspace/install/my_package/share/my_package/hook/ament_prefix_path.dsv'
[1.813s] INFO:colcon.colcon_core.shell:Creating environment hook '/home/jishnu/project/ros2-project/projects/workspace/install/my_package/share/my_package/hook/ament_prefix_path.sh'
[1.815s] INFO:colcon.colcon_core.shell:Skip shell extension 'powershell' for command environment: Not usable outside of PowerShell
[1.815s] DEBUG:colcon.colcon_core.shell:Skip shell extension 'dsv' for command environment
[1.820s] INFO:colcon.colcon_ros.task.ament_python.build:Building ROS package in '/home/jishnu/project/ros2-project/projects/workspace/src/py_srvcli' with build type 'ament_python'
[1.820s] Level 1:colcon.colcon_core.shell:create_environment_hook('py_srvcli', 'ament_prefix_path')
[1.823s] INFO:colcon.colcon_core.shell:Creating environment hook '/home/jishnu/project/ros2-project/projects/workspace/install/py_srvcli/share/py_srvcli/hook/ament_prefix_path.ps1'
[1.823s] INFO:colcon.colcon_core.shell:Creating environment descriptor '/home/jishnu/project/ros2-project/projects/workspace/install/py_srvcli/share/py_srvcli/hook/ament_prefix_path.dsv'
[1.824s] INFO:colcon.colcon_core.shell:Creating environment hook '/home/jishnu/project/ros2-project/projects/workspace/install/py_srvcli/share/py_srvcli/hook/ament_prefix_path.sh'
[1.826s] INFO:colcon.colcon_core.shell:Skip shell extension 'powershell' for command environment: Not usable outside of PowerShell
[1.826s] DEBUG:colcon.colcon_core.shell:Skip shell extension 'dsv' for command environment
[1.833s] DEBUG:colcon.colcon_core.event_handler.log_command:Invoking command in '/home/jishnu/project/ros2-project/projects/workspace/build/polygon_base': CMAKE_PREFIX_PATH=/opt/ros/humble /usr/bin/cmake /home/jishnu/project/ros2-project/projects/workspace/src/polygon_base -DCMAKE_INSTALL_PREFIX=/home/jishnu/project/ros2-project/projects/workspace/install/polygon_base
[1.848s] DEBUG:colcon.colcon_core.event_handler.log_command:Invoking command in '/home/jishnu/project/ros2-project/projects/workspace/build/tutorial_interfaces': CMAKE_PREFIX_PATH=/opt/ros/humble /usr/bin/cmake --build /home/jishnu/project/ros2-project/projects/workspace/build/tutorial_interfaces -- -j8 -l8
[1.919s] DEBUG:colcon.colcon_core.event_handler.log_command:Invoking command in '/home/jishnu/project/ros2-project/projects/workspace/build/cpp_parameters': CMAKE_PREFIX_PATH=/opt/ros/humble /usr/bin/cmake --build /home/jishnu/project/ros2-project/projects/workspace/build/cpp_parameters -- -j8 -l8
[1.923s] DEBUG:colcon.colcon_core.event_handler.log_command:Invoking command in '/home/jishnu/project/ros2-project/projects/workspace/build/cpp_pubsub': CMAKE_PREFIX_PATH=/opt/ros/humble /usr/bin/cmake --build /home/jishnu/project/ros2-project/projects/workspace/build/cpp_pubsub -- -j8 -l8
[2.230s] DEBUG:colcon.colcon_core.event_handler.log_command:Invoking command in '/home/jishnu/project/ros2-project/projects/workspace/build/cpp_srvcli': CMAKE_PREFIX_PATH=/opt/ros/humble /usr/bin/cmake --build /home/jishnu/project/ros2-project/projects/workspace/build/cpp_srvcli -- -j8 -l8
[2.378s] DEBUG:colcon.colcon_core.event_handler.log_command:Invoking command in '/home/jishnu/project/ros2-project/projects/workspace/build/more_interfaces': CMAKE_PREFIX_PATH=/opt/ros/humble /usr/bin/cmake --build /home/jishnu/project/ros2-project/projects/workspace/build/more_interfaces -- -j8 -l8
[2.798s] INFO:colcon.colcon_core.task.python.build:Building Python package in '/home/jishnu/project/ros2-project/projects/workspace/src/my_package'
[2.799s] INFO:colcon.colcon_core.shell:Skip shell extension 'powershell' for command environment: Not usable outside of PowerShell
[2.799s] DEBUG:colcon.colcon_core.shell:Skip shell extension 'dsv' for command environment
[3.089s] INFO:colcon.colcon_core.task.python.build:Building Python package in '/home/jishnu/project/ros2-project/projects/workspace/src/py_srvcli'
[3.094s] INFO:colcon.colcon_core.shell:Skip shell extension 'powershell' for command environment: Not usable outside of PowerShell
[3.094s] DEBUG:colcon.colcon_core.shell:Skip shell extension 'dsv' for command environment
[3.125s] DEBUG:colcon.colcon_core.event_handler.log_command:Invoked command in '/home/jishnu/project/ros2-project/projects/workspace/build/polygon_base' returned '1': CMAKE_PREFIX_PATH=/opt/ros/humble /usr/bin/cmake /home/jishnu/project/ros2-project/projects/workspace/src/polygon_base -DCMAKE_INSTALL_PREFIX=/home/jishnu/project/ros2-project/projects/workspace/install/polygon_base
[3.125s] DEBUG:colcon.colcon_core.event_handler.log_command:Invoked command in '/home/jishnu/project/ros2-project/projects/workspace/build/cpp_parameters' returned '0': CMAKE_PREFIX_PATH=/opt/ros/humble /usr/bin/cmake --build /home/jishnu/project/ros2-project/projects/workspace/build/cpp_parameters -- -j8 -l8
[3.126s] DEBUG:colcon.colcon_core.event_handler.log_command:Invoked command in '/home/jishnu/project/ros2-project/projects/workspace/build/cpp_pubsub' returned '0': CMAKE_PREFIX_PATH=/opt/ros/humble /usr/bin/cmake --build /home/jishnu/project/ros2-project/projects/workspace/build/cpp_pubsub -- -j8 -l8
[3.130s] Level 1:colcon.colcon_core.environment:create_environment_scripts_only(polygon_base)
[3.139s] Level 1:colcon.colcon_core.environment:checking '/home/jishnu/project/ros2-project/projects/workspace/install/polygon_base' for CMake module files
[3.140s] Level 1:colcon.colcon_core.environment:checking '/home/jishnu/project/ros2-project/projects/workspace/install/polygon_base' for CMake config files
[3.140s] Level 1:colcon.colcon_core.environment:checking '/home/jishnu/project/ros2-project/projects/workspace/install/polygon_base/bin'
[3.140s] Level 1:colcon.colcon_core.environment:checking '/home/jishnu/project/ros2-project/projects/workspace/install/polygon_base/lib/pkgconfig/polygon_base.pc'
[3.141s] Level 1:colcon.colcon_core.environment:checking '/home/jishnu/project/ros2-project/projects/workspace/install/polygon_base/lib/python3.10/site-packages'
[3.141s] Level 1:colcon.colcon_core.environment:checking '/home/jishnu/project/ros2-project/projects/workspace/install/polygon_base/bin'
[3.143s] INFO:colcon.colcon_core.shell:Creating package script '/home/jishnu/project/ros2-project/projects/workspace/install/polygon_base/share/polygon_base/package.ps1'
[3.145s] INFO:colcon.colcon_core.shell:Creating package descriptor '/home/jishnu/project/ros2-project/projects/workspace/install/polygon_base/share/polygon_base/package.dsv'
[3.146s] INFO:colcon.colcon_core.shell:Creating package script '/home/jishnu/project/ros2-project/projects/workspace/install/polygon_base/share/polygon_base/package.sh'
[3.148s] INFO:colcon.colcon_core.shell:Creating package script '/home/jishnu/project/ros2-project/projects/workspace/install/polygon_base/share/polygon_base/package.bash'
[3.149s] INFO:colcon.colcon_core.shell:Creating package script '/home/jishnu/project/ros2-project/projects/workspace/install/polygon_base/share/polygon_base/package.zsh'
[3.150s] Level 1:colcon.colcon_core.environment:create_file_with_runtime_dependencies(/home/jishnu/project/ros2-project/projects/workspace/install/polygon_base/share/colcon-core/packages/polygon_base)
[6.760s] DEBUG:colcon.colcon_parallel_executor.executor.parallel:closing loop
[6.760s] DEBUG:colcon.colcon_parallel_executor.executor.parallel:loop closed
[6.760s] DEBUG:colcon.colcon_parallel_executor.executor.parallel:run_until_complete finished with '1'
[6.760s] DEBUG:colcon.colcon_core.event_reactor:joining thread
[6.769s] INFO:colcon.colcon_core.plugin_system:Skipping extension 'colcon_notification.desktop_notification.terminal_notifier': Not used on non-Darwin systems
[6.769s] INFO:colcon.colcon_core.plugin_system:Skipping extension 'colcon_notification.desktop_notification.win32': Not used on non-Windows systems
[6.769s] INFO:colcon.colcon_notification.desktop_notification:Sending desktop notification using 'notify2'
[6.801s] DEBUG:colcon.colcon_core.event_reactor:joined thread
[6.803s] INFO:colcon.colcon_core.shell:Creating prefix script '/home/jishnu/project/ros2-project/projects/workspace/install/local_setup.ps1'
[6.965s] INFO:colcon.colcon_core.shell:Creating prefix util module '/home/jishnu/project/ros2-project/projects/workspace/install/_local_setup_util_ps1.py'
[7.171s] INFO:colcon.colcon_core.shell:Creating prefix chain script '/home/jishnu/project/ros2-project/projects/workspace/install/setup.ps1'
[7.173s] INFO:colcon.colcon_core.shell:Creating prefix script '/home/jishnu/project/ros2-project/projects/workspace/install/local_setup.sh'
[7.173s] INFO:colcon.colcon_core.shell:Creating prefix util module '/home/jishnu/project/ros2-project/projects/workspace/install/_local_setup_util_sh.py'
[7.174s] INFO:colcon.colcon_core.shell:Creating prefix chain script '/home/jishnu/project/ros2-project/projects/workspace/install/setup.sh'
[7.175s] INFO:colcon.colcon_core.shell:Creating prefix script '/home/jishnu/project/ros2-project/projects/workspace/install/local_setup.bash'
[7.175s] INFO:colcon.colcon_core.shell:Creating prefix chain script '/home/jishnu/project/ros2-project/projects/workspace/install/setup.bash'
[7.176s] INFO:colcon.colcon_core.shell:Creating prefix script '/home/jishnu/project/ros2-project/projects/workspace/install/local_setup.zsh'
[7.177s] INFO:colcon.colcon_core.shell:Creating prefix chain script '/home/jishnu/project/ros2-project/projects/workspace/install/setup.zsh'
