-- The C compiler identification is GNU 11.3.0
-- The CXX compiler identification is GNU 11.3.0
-- Detecting C compiler ABI info
-- Detecting C compiler ABI info - done
-- Check for working C compiler: /usr/bin/cc - skipped
-- Detecting C compile features
-- Detecting C compile features - done
-- Detecting CXX compiler ABI info
-- Detecting CXX compiler ABI info - done
-- Check for working CXX compiler: /usr/bin/c++ - skipped
-- Detecting CXX compile features
-- Detecting CXX compile features - done
-- Found ament_cmake: 1.3.3 (/opt/ros/humble/share/ament_cmake/cmake)
-- Found Python3: /usr/bin/python3.10 (found version "3.10.6") found components: Interpreter 
[31mCMake Error at CMakeLists.txt:10 (find_package):
  By not providing "Findaction_tutorials_interfaces/.cmake" in
  CMAKE_MODULE_PATH this project has asked CMake to find a package
  configuration file provided by "action_tutorials_interfaces/", but CMake
  did not find one.

  Could not find a package configuration file provided by
  "action_tutorials_interfaces/" with any of the following names:

    action_tutorials_interfaces/Config.cmake
    action_tutorials_interfaces/-config.cmake

  Add the installation prefix of "action_tutorials_interfaces/" to
  CMAKE_PREFIX_PATH or set "action_tutorials_interfaces/_DIR" to a directory
  containing one of the above files.  If "action_tutorials_interfaces/"
  provides a separate development package or SDK, be sure it has been
  installed.

[0m
-- Configuring incomplete, errors occurred!
See also "/home/jishnu/project/ros2-project/projects/workspace/src/build/action_tutorials_cpp/CMakeFiles/CMakeOutput.log".
