[0.035s] Invoking command in '/home/jishnu/project/ros2-project/projects/workspace/src/build/action_tutorials_cpp': CMAKE_PREFIX_PATH=${CMAKE_PREFIX_PATH}:/home/jishnu/project/ros2-project/projects/workspace/src/install/py_pubsub:/home/jishnu/project/moveit-projects/ws_moveit2/install/ros2controlcli:/home/jishnu/project/moveit-projects/ws_moveit2/install/moveit_configs_utils:/home/jishnu/ws_moveit2/install/ros2controlcli:/home/jishnu/ws_moveit2/install/moveit_configs_utils:/opt/ros/humble /usr/bin/cmake /home/jishnu/project/ros2-project/projects/workspace/src/action_tutorials_cpp -DCMAKE_INSTALL_PREFIX=/home/jishnu/project/ros2-project/projects/workspace/src/install/action_tutorials_cpp
[0.181s] -- The C compiler identification is GNU 11.3.0
[0.237s] -- The CXX compiler identification is GNU 11.3.0
[0.244s] -- Detecting C compiler ABI info
[0.328s] -- Detecting C compiler ABI info - done
[0.334s] -- Check for working C compiler: /usr/bin/cc - skipped
[0.334s] -- Detecting C compile features
[0.335s] -- Detecting C compile features - done
[0.338s] -- Detecting CXX compiler ABI info
[0.421s] -- Detecting CXX compiler ABI info - done
[0.427s] -- Check for working CXX compiler: /usr/bin/c++ - skipped
[0.427s] -- Detecting CXX compile features
[0.428s] -- Detecting CXX compile features - done
[0.608s] -- Found ament_cmake: 1.3.3 (/opt/ros/humble/share/ament_cmake/cmake)
[0.821s] -- Found Python3: /usr/bin/python3.10 (found version "3.10.6") found components: Interpreter 
[1.027s] [31mCMake Error at CMakeLists.txt:10 (find_package):
[1.027s]   By not providing "Findaction_tutorials_interfaces/.cmake" in
[1.027s]   CMAKE_MODULE_PATH this project has asked CMake to find a package
[1.027s]   configuration file provided by "action_tutorials_interfaces/", but CMake
[1.027s]   did not find one.
[1.027s] 
[1.028s]   Could not find a package configuration file provided by
[1.028s]   "action_tutorials_interfaces/" with any of the following names:
[1.028s] 
[1.028s]     action_tutorials_interfaces/Config.cmake
[1.028s]     action_tutorials_interfaces/-config.cmake
[1.028s] 
[1.028s]   Add the installation prefix of "action_tutorials_interfaces/" to
[1.028s]   CMAKE_PREFIX_PATH or set "action_tutorials_interfaces/_DIR" to a directory
[1.028s]   containing one of the above files.  If "action_tutorials_interfaces/"
[1.028s]   provides a separate development package or SDK, be sure it has been
[1.028s]   installed.
[1.028s] 
[1.029s] [0m
[1.029s] -- Configuring incomplete, errors occurred!
[1.029s] See also "/home/jishnu/project/ros2-project/projects/workspace/src/build/action_tutorials_cpp/CMakeFiles/CMakeOutput.log".
[1.032s] Invoked command in '/home/jishnu/project/ros2-project/projects/workspace/src/build/action_tutorials_cpp' returned '1': CMAKE_PREFIX_PATH=${CMAKE_PREFIX_PATH}:/home/jishnu/project/ros2-project/projects/workspace/src/install/py_pubsub:/home/jishnu/project/moveit-projects/ws_moveit2/install/ros2controlcli:/home/jishnu/project/moveit-projects/ws_moveit2/install/moveit_configs_utils:/home/jishnu/ws_moveit2/install/ros2controlcli:/home/jishnu/ws_moveit2/install/moveit_configs_utils:/opt/ros/humble /usr/bin/cmake /home/jishnu/project/ros2-project/projects/workspace/src/action_tutorials_cpp -DCMAKE_INSTALL_PREFIX=/home/jishnu/project/ros2-project/projects/workspace/src/install/action_tutorials_cpp
