[0.297s] DEBUG:colcon:Command line arguments: ['/usr/bin/colcon', 'build', '--packages-select', 'polygon_base', 'polygon_plugins']
[0.297s] DEBUG:colcon:Parsed command line arguments: Namespace(log_base=None, log_level=None, verb_name='build', build_base='build', install_base='install', merge_install=False, symlink_install=False, test_result_base=None, continue_on_error=False, executor='parallel', parallel_workers=8, event_handlers=None, ignore_user_meta=False, metas=['./colcon.meta'], base_paths=['.'], packages_ignore=None, packages_ignore_regex=None, paths=None, packages_up_to=None, packages_up_to_regex=None, packages_above=None, packages_above_and_dependencies=None, packages_above_depth=None, packages_select_by_dep=None, packages_skip_by_dep=None, packages_skip_up_to=None, packages_select_build_failed=False, packages_skip_build_finished=False, packages_select_test_failures=False, packages_skip_test_passed=False, packages_select=['polygon_base', 'polygon_plugins'], packages_skip=None, packages_select_regex=None, packages_skip_regex=None, packages_start=None, packages_end=None, allow_overriding=[], cmake_args=None, cmake_target=None, cmake_target_skip_unavailable=False, cmake_clean_cache=False, cmake_clean_first=False, cmake_force_configure=False, ament_cmake_args=None, catkin_cmake_args=None, catkin_skip_building_tests=False, mixin_files=None, mixin=None, verb_parser=<colcon_mixin.mixin.mixin_argument.MixinArgumentDecorator object at 0x7fdf5098a950>, verb_extension=<colcon_core.verb.build.BuildVerb object at 0x7fdf51300340>, main=<bound method BuildVerb.main of <colcon_core.verb.build.BuildVerb object at 0x7fdf51300340>>, mixin_verb=('build',))
[0.316s] Level 1:colcon.colcon_core.package_discovery:discover_packages(colcon_meta) check parameters
[0.316s] Level 1:colcon.colcon_core.package_discovery:discover_packages(recursive) check parameters
[0.316s] Level 1:colcon.colcon_core.package_discovery:discover_packages(ignore) check parameters
[0.316s] Level 1:colcon.colcon_core.package_discovery:discover_packages(path) check parameters
[0.316s] Level 1:colcon.colcon_core.package_discovery:discover_packages(colcon_meta) discover
[0.316s] Level 1:colcon.colcon_core.package_discovery:discover_packages(recursive) discover
[0.316s] INFO:colcon.colcon_core.package_discovery:Crawling recursively for packages in '/home/jishnu/project/ros2-project/projects/workspace/src'
[0.316s] Level 1:colcon.colcon_core.package_identification:_identify(.) by extensions ['ignore', 'ignore_ament_install']
[0.316s] Level 1:colcon.colcon_core.package_identification:_identify(.) by extension 'ignore'
[0.316s] Level 1:colcon.colcon_core.package_identification:_identify(.) by extension 'ignore_ament_install'
[0.316s] Level 1:colcon.colcon_core.package_identification:_identify(.) by extensions ['colcon_pkg']
[0.316s] Level 1:colcon.colcon_core.package_identification:_identify(.) by extension 'colcon_pkg'
[0.317s] Level 1:colcon.colcon_core.package_identification:_identify(.) by extensions ['colcon_meta']
[0.317s] Level 1:colcon.colcon_core.package_identification:_identify(.) by extension 'colcon_meta'
[0.317s] Level 1:colcon.colcon_core.package_identification:_identify(.) by extensions ['ros']
[0.317s] Level 1:colcon.colcon_core.package_identification:_identify(.) by extension 'ros'
[0.325s] Level 1:colcon.colcon_core.package_identification:_identify(.) by extensions ['cmake', 'python']
[0.325s] Level 1:colcon.colcon_core.package_identification:_identify(.) by extension 'cmake'
[0.325s] Level 1:colcon.colcon_core.package_identification:_identify(.) by extension 'python'
[0.325s] Level 1:colcon.colcon_core.package_identification:_identify(.) by extensions ['python_setup_py']
[0.326s] Level 1:colcon.colcon_core.package_identification:_identify(.) by extension 'python_setup_py'
[0.326s] Level 1:colcon.colcon_core.package_identification:_identify(action_tutorials_interfaces) by extensions ['ignore', 'ignore_ament_install']
[0.326s] Level 1:colcon.colcon_core.package_identification:_identify(action_tutorials_interfaces) by extension 'ignore'
[0.326s] Level 1:colcon.colcon_core.package_identification:_identify(action_tutorials_interfaces) by extension 'ignore_ament_install'
[0.326s] Level 1:colcon.colcon_core.package_identification:_identify(action_tutorials_interfaces) by extensions ['colcon_pkg']
[0.326s] Level 1:colcon.colcon_core.package_identification:_identify(action_tutorials_interfaces) by extension 'colcon_pkg'
[0.326s] Level 1:colcon.colcon_core.package_identification:_identify(action_tutorials_interfaces) by extensions ['colcon_meta']
[0.326s] Level 1:colcon.colcon_core.package_identification:_identify(action_tutorials_interfaces) by extension 'colcon_meta'
[0.326s] Level 1:colcon.colcon_core.package_identification:_identify(action_tutorials_interfaces) by extensions ['ros']
[0.326s] Level 1:colcon.colcon_core.package_identification:_identify(action_tutorials_interfaces) by extension 'ros'
[0.328s] DEBUG:colcon.colcon_core.package_identification:Package 'action_tutorials_interfaces' with type 'ros.ament_cmake' and name 'action_tutorials_interfaces'
[0.328s] Level 1:colcon.colcon_core.package_identification:_identify(build) by extensions ['ignore', 'ignore_ament_install']
[0.328s] Level 1:colcon.colcon_core.package_identification:_identify(build) by extension 'ignore'
[0.328s] Level 1:colcon.colcon_core.package_identification:_identify(build) ignored
[0.328s] Level 1:colcon.colcon_core.package_identification:_identify(cpp_parameters) by extensions ['ignore', 'ignore_ament_install']
[0.328s] Level 1:colcon.colcon_core.package_identification:_identify(cpp_parameters) by extension 'ignore'
[0.328s] Level 1:colcon.colcon_core.package_identification:_identify(cpp_parameters) by extension 'ignore_ament_install'
[0.328s] Level 1:colcon.colcon_core.package_identification:_identify(cpp_parameters) by extensions ['colcon_pkg']
[0.329s] Level 1:colcon.colcon_core.package_identification:_identify(cpp_parameters) by extension 'colcon_pkg'
[0.329s] Level 1:colcon.colcon_core.package_identification:_identify(cpp_parameters) by extensions ['colcon_meta']
[0.329s] Level 1:colcon.colcon_core.package_identification:_identify(cpp_parameters) by extension 'colcon_meta'
[0.329s] Level 1:colcon.colcon_core.package_identification:_identify(cpp_parameters) by extensions ['ros']
[0.329s] Level 1:colcon.colcon_core.package_identification:_identify(cpp_parameters) by extension 'ros'
[0.329s] DEBUG:colcon.colcon_core.package_identification:Package 'cpp_parameters' with type 'ros.ament_cmake' and name 'cpp_parameters'
[0.329s] Level 1:colcon.colcon_core.package_identification:_identify(cpp_pubsub) by extensions ['ignore', 'ignore_ament_install']
[0.329s] Level 1:colcon.colcon_core.package_identification:_identify(cpp_pubsub) by extension 'ignore'
[0.329s] Level 1:colcon.colcon_core.package_identification:_identify(cpp_pubsub) by extension 'ignore_ament_install'
[0.329s] Level 1:colcon.colcon_core.package_identification:_identify(cpp_pubsub) by extensions ['colcon_pkg']
[0.329s] Level 1:colcon.colcon_core.package_identification:_identify(cpp_pubsub) by extension 'colcon_pkg'
[0.329s] Level 1:colcon.colcon_core.package_identification:_identify(cpp_pubsub) by extensions ['colcon_meta']
[0.329s] Level 1:colcon.colcon_core.package_identification:_identify(cpp_pubsub) by extension 'colcon_meta'
[0.329s] Level 1:colcon.colcon_core.package_identification:_identify(cpp_pubsub) by extensions ['ros']
[0.329s] Level 1:colcon.colcon_core.package_identification:_identify(cpp_pubsub) by extension 'ros'
[0.330s] DEBUG:colcon.colcon_core.package_identification:Package 'cpp_pubsub' with type 'ros.ament_cmake' and name 'cpp_pubsub'
[0.330s] Level 1:colcon.colcon_core.package_identification:_identify(cpp_srvcli) by extensions ['ignore', 'ignore_ament_install']
[0.330s] Level 1:colcon.colcon_core.package_identification:_identify(cpp_srvcli) by extension 'ignore'
[0.330s] Level 1:colcon.colcon_core.package_identification:_identify(cpp_srvcli) by extension 'ignore_ament_install'
[0.330s] Level 1:colcon.colcon_core.package_identification:_identify(cpp_srvcli) by extensions ['colcon_pkg']
[0.330s] Level 1:colcon.colcon_core.package_identification:_identify(cpp_srvcli) by extension 'colcon_pkg'
[0.330s] Level 1:colcon.colcon_core.package_identification:_identify(cpp_srvcli) by extensions ['colcon_meta']
[0.330s] Level 1:colcon.colcon_core.package_identification:_identify(cpp_srvcli) by extension 'colcon_meta'
[0.330s] Level 1:colcon.colcon_core.package_identification:_identify(cpp_srvcli) by extensions ['ros']
[0.330s] Level 1:colcon.colcon_core.package_identification:_identify(cpp_srvcli) by extension 'ros'
[0.331s] DEBUG:colcon.colcon_core.package_identification:Package 'cpp_srvcli' with type 'ros.ament_cmake' and name 'cpp_srvcli'
[0.331s] Level 1:colcon.colcon_core.package_identification:_identify(install) by extensions ['ignore', 'ignore_ament_install']
[0.331s] Level 1:colcon.colcon_core.package_identification:_identify(install) by extension 'ignore'
[0.331s] Level 1:colcon.colcon_core.package_identification:_identify(install) ignored
[0.331s] Level 1:colcon.colcon_core.package_identification:_identify(log) by extensions ['ignore', 'ignore_ament_install']
[0.331s] Level 1:colcon.colcon_core.package_identification:_identify(log) by extension 'ignore'
[0.331s] Level 1:colcon.colcon_core.package_identification:_identify(log) ignored
[0.331s] Level 1:colcon.colcon_core.package_identification:_identify(more_interfaces) by extensions ['ignore', 'ignore_ament_install']
[0.331s] Level 1:colcon.colcon_core.package_identification:_identify(more_interfaces) by extension 'ignore'
[0.331s] Level 1:colcon.colcon_core.package_identification:_identify(more_interfaces) by extension 'ignore_ament_install'
[0.331s] Level 1:colcon.colcon_core.package_identification:_identify(more_interfaces) by extensions ['colcon_pkg']
[0.331s] Level 1:colcon.colcon_core.package_identification:_identify(more_interfaces) by extension 'colcon_pkg'
[0.331s] Level 1:colcon.colcon_core.package_identification:_identify(more_interfaces) by extensions ['colcon_meta']
[0.331s] Level 1:colcon.colcon_core.package_identification:_identify(more_interfaces) by extension 'colcon_meta'
[0.331s] Level 1:colcon.colcon_core.package_identification:_identify(more_interfaces) by extensions ['ros']
[0.331s] Level 1:colcon.colcon_core.package_identification:_identify(more_interfaces) by extension 'ros'
[0.332s] DEBUG:colcon.colcon_core.package_identification:Package 'more_interfaces' with type 'ros.ament_cmake' and name 'more_interfaces'
[0.332s] Level 1:colcon.colcon_core.package_identification:_identify(my_package) by extensions ['ignore', 'ignore_ament_install']
[0.332s] Level 1:colcon.colcon_core.package_identification:_identify(my_package) by extension 'ignore'
[0.332s] Level 1:colcon.colcon_core.package_identification:_identify(my_package) by extension 'ignore_ament_install'
[0.332s] Level 1:colcon.colcon_core.package_identification:_identify(my_package) by extensions ['colcon_pkg']
[0.332s] Level 1:colcon.colcon_core.package_identification:_identify(my_package) by extension 'colcon_pkg'
[0.332s] Level 1:colcon.colcon_core.package_identification:_identify(my_package) by extensions ['colcon_meta']
[0.332s] Level 1:colcon.colcon_core.package_identification:_identify(my_package) by extension 'colcon_meta'
[0.332s] Level 1:colcon.colcon_core.package_identification:_identify(my_package) by extensions ['ros']
[0.332s] Level 1:colcon.colcon_core.package_identification:_identify(my_package) by extension 'ros'
[0.332s] DEBUG:colcon.colcon_core.package_identification:Package 'my_package' with type 'ros.ament_python' and name 'my_package'
[0.333s] Level 1:colcon.colcon_core.package_identification:_identify(polygon_base) by extensions ['ignore', 'ignore_ament_install']
[0.333s] Level 1:colcon.colcon_core.package_identification:_identify(polygon_base) by extension 'ignore'
[0.333s] Level 1:colcon.colcon_core.package_identification:_identify(polygon_base) by extension 'ignore_ament_install'
[0.333s] Level 1:colcon.colcon_core.package_identification:_identify(polygon_base) by extensions ['colcon_pkg']
[0.333s] Level 1:colcon.colcon_core.package_identification:_identify(polygon_base) by extension 'colcon_pkg'
[0.333s] Level 1:colcon.colcon_core.package_identification:_identify(polygon_base) by extensions ['colcon_meta']
[0.333s] Level 1:colcon.colcon_core.package_identification:_identify(polygon_base) by extension 'colcon_meta'
[0.333s] Level 1:colcon.colcon_core.package_identification:_identify(polygon_base) by extensions ['ros']
[0.333s] Level 1:colcon.colcon_core.package_identification:_identify(polygon_base) by extension 'ros'
[0.333s] DEBUG:colcon.colcon_core.package_identification:Package 'polygon_base' with type 'ros.ament_cmake' and name 'polygon_base'
[0.333s] Level 1:colcon.colcon_core.package_identification:_identify(polygon_plugins) by extensions ['ignore', 'ignore_ament_install']
[0.333s] Level 1:colcon.colcon_core.package_identification:_identify(polygon_plugins) by extension 'ignore'
[0.333s] Level 1:colcon.colcon_core.package_identification:_identify(polygon_plugins) by extension 'ignore_ament_install'
[0.334s] Level 1:colcon.colcon_core.package_identification:_identify(polygon_plugins) by extensions ['colcon_pkg']
[0.334s] Level 1:colcon.colcon_core.package_identification:_identify(polygon_plugins) by extension 'colcon_pkg'
[0.334s] Level 1:colcon.colcon_core.package_identification:_identify(polygon_plugins) by extensions ['colcon_meta']
[0.334s] Level 1:colcon.colcon_core.package_identification:_identify(polygon_plugins) by extension 'colcon_meta'
[0.334s] Level 1:colcon.colcon_core.package_identification:_identify(polygon_plugins) by extensions ['ros']
[0.334s] Level 1:colcon.colcon_core.package_identification:_identify(polygon_plugins) by extension 'ros'
[0.334s] DEBUG:colcon.colcon_core.package_identification:Package 'polygon_plugins' with type 'ros.ament_cmake' and name 'polygon_plugins'
[0.334s] Level 1:colcon.colcon_core.package_identification:_identify(py_pubsub) by extensions ['ignore', 'ignore_ament_install']
[0.334s] Level 1:colcon.colcon_core.package_identification:_identify(py_pubsub) by extension 'ignore'
[0.334s] Level 1:colcon.colcon_core.package_identification:_identify(py_pubsub) by extension 'ignore_ament_install'
[0.334s] Level 1:colcon.colcon_core.package_identification:_identify(py_pubsub) by extensions ['colcon_pkg']
[0.334s] Level 1:colcon.colcon_core.package_identification:_identify(py_pubsub) by extension 'colcon_pkg'
[0.334s] Level 1:colcon.colcon_core.package_identification:_identify(py_pubsub) by extensions ['colcon_meta']
[0.334s] Level 1:colcon.colcon_core.package_identification:_identify(py_pubsub) by extension 'colcon_meta'
[0.334s] Level 1:colcon.colcon_core.package_identification:_identify(py_pubsub) by extensions ['ros']
[0.334s] Level 1:colcon.colcon_core.package_identification:_identify(py_pubsub) by extension 'ros'
[0.335s] DEBUG:colcon.colcon_core.package_identification:Package 'py_pubsub' with type 'ros.ament_python' and name 'py_pubsub'
[0.335s] Level 1:colcon.colcon_core.package_identification:_identify(py_srvcli) by extensions ['ignore', 'ignore_ament_install']
[0.335s] Level 1:colcon.colcon_core.package_identification:_identify(py_srvcli) by extension 'ignore'
[0.335s] Level 1:colcon.colcon_core.package_identification:_identify(py_srvcli) by extension 'ignore_ament_install'
[0.335s] Level 1:colcon.colcon_core.package_identification:_identify(py_srvcli) by extensions ['colcon_pkg']
[0.335s] Level 1:colcon.colcon_core.package_identification:_identify(py_srvcli) by extension 'colcon_pkg'
[0.335s] Level 1:colcon.colcon_core.package_identification:_identify(py_srvcli) by extensions ['colcon_meta']
[0.335s] Level 1:colcon.colcon_core.package_identification:_identify(py_srvcli) by extension 'colcon_meta'
[0.335s] Level 1:colcon.colcon_core.package_identification:_identify(py_srvcli) by extensions ['ros']
[0.335s] Level 1:colcon.colcon_core.package_identification:_identify(py_srvcli) by extension 'ros'
[0.336s] DEBUG:colcon.colcon_core.package_identification:Package 'py_srvcli' with type 'ros.ament_python' and name 'py_srvcli'
[0.336s] Level 1:colcon.colcon_core.package_identification:_identify(python_parameters) by extensions ['ignore', 'ignore_ament_install']
[0.336s] Level 1:colcon.colcon_core.package_identification:_identify(python_parameters) by extension 'ignore'
[0.336s] Level 1:colcon.colcon_core.package_identification:_identify(python_parameters) by extension 'ignore_ament_install'
[0.336s] Level 1:colcon.colcon_core.package_identification:_identify(python_parameters) by extensions ['colcon_pkg']
[0.336s] Level 1:colcon.colcon_core.package_identification:_identify(python_parameters) by extension 'colcon_pkg'
[0.336s] Level 1:colcon.colcon_core.package_identification:_identify(python_parameters) by extensions ['colcon_meta']
[0.336s] Level 1:colcon.colcon_core.package_identification:_identify(python_parameters) by extension 'colcon_meta'
[0.336s] Level 1:colcon.colcon_core.package_identification:_identify(python_parameters) by extensions ['ros']
[0.336s] Level 1:colcon.colcon_core.package_identification:_identify(python_parameters) by extension 'ros'
[0.336s] DEBUG:colcon.colcon_core.package_identification:Package 'python_parameters' with type 'ros.ament_python' and name 'python_parameters'
[0.336s] Level 1:colcon.colcon_core.package_identification:_identify(ros_test_package) by extensions ['ignore', 'ignore_ament_install']
[0.337s] Level 1:colcon.colcon_core.package_identification:_identify(ros_test_package) by extension 'ignore'
[0.337s] Level 1:colcon.colcon_core.package_identification:_identify(ros_test_package) by extension 'ignore_ament_install'
[0.337s] Level 1:colcon.colcon_core.package_identification:_identify(ros_test_package) by extensions ['colcon_pkg']
[0.337s] Level 1:colcon.colcon_core.package_identification:_identify(ros_test_package) by extension 'colcon_pkg'
[0.337s] Level 1:colcon.colcon_core.package_identification:_identify(ros_test_package) by extensions ['colcon_meta']
[0.337s] Level 1:colcon.colcon_core.package_identification:_identify(ros_test_package) by extension 'colcon_meta'
[0.337s] Level 1:colcon.colcon_core.package_identification:_identify(ros_test_package) by extensions ['ros']
[0.337s] Level 1:colcon.colcon_core.package_identification:_identify(ros_test_package) by extension 'ros'
[0.337s] DEBUG:colcon.colcon_core.package_identification:Package 'ros_test_package' with type 'ros.ament_python' and name 'ros_test_package'
[0.337s] Level 1:colcon.colcon_core.package_identification:_identify(tutorial_interfaces) by extensions ['ignore', 'ignore_ament_install']
[0.337s] Level 1:colcon.colcon_core.package_identification:_identify(tutorial_interfaces) by extension 'ignore'
[0.337s] Level 1:colcon.colcon_core.package_identification:_identify(tutorial_interfaces) by extension 'ignore_ament_install'
[0.337s] Level 1:colcon.colcon_core.package_identification:_identify(tutorial_interfaces) by extensions ['colcon_pkg']
[0.337s] Level 1:colcon.colcon_core.package_identification:_identify(tutorial_interfaces) by extension 'colcon_pkg'
[0.337s] Level 1:colcon.colcon_core.package_identification:_identify(tutorial_interfaces) by extensions ['colcon_meta']
[0.337s] Level 1:colcon.colcon_core.package_identification:_identify(tutorial_interfaces) by extension 'colcon_meta'
[0.338s] Level 1:colcon.colcon_core.package_identification:_identify(tutorial_interfaces) by extensions ['ros']
[0.338s] Level 1:colcon.colcon_core.package_identification:_identify(tutorial_interfaces) by extension 'ros'
[0.338s] DEBUG:colcon.colcon_core.package_identification:Package 'tutorial_interfaces' with type 'ros.ament_cmake' and name 'tutorial_interfaces'
[0.338s] Level 1:colcon.colcon_core.package_discovery:discover_packages(recursive) using defaults
[0.338s] Level 1:colcon.colcon_core.package_discovery:discover_packages(ignore) discover
[0.338s] Level 1:colcon.colcon_core.package_discovery:discover_packages(ignore) using defaults
[0.338s] Level 1:colcon.colcon_core.package_discovery:discover_packages(path) discover
[0.338s] Level 1:colcon.colcon_core.package_discovery:discover_packages(path) using defaults
[0.361s] INFO:colcon.colcon_core.package_selection:Skipping not selected package 'action_tutorials_interfaces' in 'action_tutorials_interfaces'
[0.361s] INFO:colcon.colcon_core.package_selection:Skipping not selected package 'cpp_parameters' in 'cpp_parameters'
[0.361s] INFO:colcon.colcon_core.package_selection:Skipping not selected package 'cpp_pubsub' in 'cpp_pubsub'
[0.361s] INFO:colcon.colcon_core.package_selection:Skipping not selected package 'cpp_srvcli' in 'cpp_srvcli'
[0.361s] INFO:colcon.colcon_core.package_selection:Skipping not selected package 'more_interfaces' in 'more_interfaces'
[0.361s] INFO:colcon.colcon_core.package_selection:Skipping not selected package 'my_package' in 'my_package'
[0.361s] INFO:colcon.colcon_core.package_selection:Skipping not selected package 'py_srvcli' in 'py_srvcli'
[0.361s] INFO:colcon.colcon_core.package_selection:Skipping not selected package 'python_parameters' in 'python_parameters'
[0.361s] INFO:colcon.colcon_core.package_selection:Skipping not selected package 'ros_test_package' in 'ros_test_package'
[0.361s] INFO:colcon.colcon_core.package_selection:Skipping not selected package 'tutorial_interfaces' in 'tutorial_interfaces'
[0.361s] INFO:colcon.colcon_core.package_selection:Skipping not selected package 'py_pubsub' in 'py_pubsub'
[0.362s] Level 1:colcon.colcon_core.package_discovery:discover_packages(prefix_path) check parameters
[0.362s] Level 1:colcon.colcon_core.package_discovery:discover_packages(prefix_path) discover
[0.368s] DEBUG:colcon.colcon_installed_package_information.package_discovery:Found 3 installed packages in /home/jishnu/project/ros2-project/projects/workspace/src/install
[0.371s] DEBUG:colcon.colcon_installed_package_information.package_discovery:Found 63 installed packages in /home/jishnu/project/moveit-projects/ws_moveit2/install
[0.373s] DEBUG:colcon.colcon_installed_package_information.package_discovery:Found 53 installed packages in /home/jishnu/ws_moveit2/install
[0.378s] DEBUG:colcon.colcon_installed_package_information.package_discovery:Found 331 installed packages in /opt/ros/humble
[0.381s] Level 1:colcon.colcon_core.package_discovery:discover_packages(prefix_path) using defaults
[0.438s] Level 5:colcon.colcon_core.verb:set package 'polygon_base' build argument 'cmake_args' from command line to 'None'
[0.438s] Level 5:colcon.colcon_core.verb:set package 'polygon_base' build argument 'cmake_target' from command line to 'None'
[0.438s] Level 5:colcon.colcon_core.verb:set package 'polygon_base' build argument 'cmake_target_skip_unavailable' from command line to 'False'
[0.438s] Level 5:colcon.colcon_core.verb:set package 'polygon_base' build argument 'cmake_clean_cache' from command line to 'False'
[0.438s] Level 5:colcon.colcon_core.verb:set package 'polygon_base' build argument 'cmake_clean_first' from command line to 'False'
[0.438s] Level 5:colcon.colcon_core.verb:set package 'polygon_base' build argument 'cmake_force_configure' from command line to 'False'
[0.438s] Level 5:colcon.colcon_core.verb:set package 'polygon_base' build argument 'ament_cmake_args' from command line to 'None'
[0.438s] Level 5:colcon.colcon_core.verb:set package 'polygon_base' build argument 'catkin_cmake_args' from command line to 'None'
[0.438s] Level 5:colcon.colcon_core.verb:set package 'polygon_base' build argument 'catkin_skip_building_tests' from command line to 'False'
[0.438s] DEBUG:colcon.colcon_core.verb:Building package 'polygon_base' with the following arguments: {'ament_cmake_args': None, 'build_base': '/home/jishnu/project/ros2-project/projects/workspace/src/build/polygon_base', 'catkin_cmake_args': None, 'catkin_skip_building_tests': False, 'cmake_args': None, 'cmake_clean_cache': False, 'cmake_clean_first': False, 'cmake_force_configure': False, 'cmake_target': None, 'cmake_target_skip_unavailable': False, 'install_base': '/home/jishnu/project/ros2-project/projects/workspace/src/install/polygon_base', 'merge_install': False, 'path': '/home/jishnu/project/ros2-project/projects/workspace/src/polygon_base', 'symlink_install': False, 'test_result_base': None}
[0.439s] Level 5:colcon.colcon_core.verb:set package 'polygon_plugins' build argument 'cmake_args' from command line to 'None'
[0.439s] Level 5:colcon.colcon_core.verb:set package 'polygon_plugins' build argument 'cmake_target' from command line to 'None'
[0.440s] Level 5:colcon.colcon_core.verb:set package 'polygon_plugins' build argument 'cmake_target_skip_unavailable' from command line to 'False'
[0.440s] Level 5:colcon.colcon_core.verb:set package 'polygon_plugins' build argument 'cmake_clean_cache' from command line to 'False'
[0.440s] Level 5:colcon.colcon_core.verb:set package 'polygon_plugins' build argument 'cmake_clean_first' from command line to 'False'
[0.440s] Level 5:colcon.colcon_core.verb:set package 'polygon_plugins' build argument 'cmake_force_configure' from command line to 'False'
[0.440s] Level 5:colcon.colcon_core.verb:set package 'polygon_plugins' build argument 'ament_cmake_args' from command line to 'None'
[0.440s] Level 5:colcon.colcon_core.verb:set package 'polygon_plugins' build argument 'catkin_cmake_args' from command line to 'None'
[0.440s] Level 5:colcon.colcon_core.verb:set package 'polygon_plugins' build argument 'catkin_skip_building_tests' from command line to 'False'
[0.440s] DEBUG:colcon.colcon_core.verb:Building package 'polygon_plugins' with the following arguments: {'ament_cmake_args': None, 'build_base': '/home/jishnu/project/ros2-project/projects/workspace/src/build/polygon_plugins', 'catkin_cmake_args': None, 'catkin_skip_building_tests': False, 'cmake_args': None, 'cmake_clean_cache': False, 'cmake_clean_first': False, 'cmake_force_configure': False, 'cmake_target': None, 'cmake_target_skip_unavailable': False, 'install_base': '/home/jishnu/project/ros2-project/projects/workspace/src/install/polygon_plugins', 'merge_install': False, 'path': '/home/jishnu/project/ros2-project/projects/workspace/src/polygon_plugins', 'symlink_install': False, 'test_result_base': None}
[0.441s] INFO:colcon.colcon_core.executor:Executing jobs using 'parallel' executor
[0.447s] DEBUG:colcon.colcon_parallel_executor.executor.parallel:run_until_complete
[0.448s] INFO:colcon.colcon_ros.task.ament_cmake.build:Building ROS package in '/home/jishnu/project/ros2-project/projects/workspace/src/polygon_base' with build type 'ament_cmake'
[0.448s] INFO:colcon.colcon_cmake.task.cmake.build:Building CMake package in '/home/jishnu/project/ros2-project/projects/workspace/src/polygon_base'
[0.453s] INFO:colcon.colcon_core.plugin_system:Skipping extension 'colcon_core.shell.bat': Not used on non-Windows systems
[0.454s] INFO:colcon.colcon_core.shell:Skip shell extension 'powershell' for command environment: Not usable outside of PowerShell
[0.454s] DEBUG:colcon.colcon_core.shell:Skip shell extension 'dsv' for command environment
[0.484s] DEBUG:colcon.colcon_core.event_handler.log_command:Invoking command in '/home/jishnu/project/ros2-project/projects/workspace/src/build/polygon_base': CMAKE_PREFIX_PATH=${CMAKE_PREFIX_PATH}:/home/jishnu/project/ros2-project/projects/workspace/src/install/py_pubsub:/home/jishnu/project/moveit-projects/ws_moveit2/install/ros2controlcli:/home/jishnu/project/moveit-projects/ws_moveit2/install/moveit_configs_utils:/home/jishnu/ws_moveit2/install/ros2controlcli:/home/jishnu/ws_moveit2/install/moveit_configs_utils:/opt/ros/humble /usr/bin/cmake --build /home/jishnu/project/ros2-project/projects/workspace/src/build/polygon_base -- -j8 -l8
[0.559s] DEBUG:colcon.colcon_core.event_handler.log_command:Invoked command in '/home/jishnu/project/ros2-project/projects/workspace/src/build/polygon_base' returned '0': CMAKE_PREFIX_PATH=${CMAKE_PREFIX_PATH}:/home/jishnu/project/ros2-project/projects/workspace/src/install/py_pubsub:/home/jishnu/project/moveit-projects/ws_moveit2/install/ros2controlcli:/home/jishnu/project/moveit-projects/ws_moveit2/install/moveit_configs_utils:/home/jishnu/ws_moveit2/install/ros2controlcli:/home/jishnu/ws_moveit2/install/moveit_configs_utils:/opt/ros/humble /usr/bin/cmake --build /home/jishnu/project/ros2-project/projects/workspace/src/build/polygon_base -- -j8 -l8
[0.608s] DEBUG:colcon.colcon_core.event_handler.log_command:Invoking command in '/home/jishnu/project/ros2-project/projects/workspace/src/build/polygon_base': CMAKE_PREFIX_PATH=${CMAKE_PREFIX_PATH}:/home/jishnu/project/ros2-project/projects/workspace/src/install/py_pubsub:/home/jishnu/project/moveit-projects/ws_moveit2/install/ros2controlcli:/home/jishnu/project/moveit-projects/ws_moveit2/install/moveit_configs_utils:/home/jishnu/ws_moveit2/install/ros2controlcli:/home/jishnu/ws_moveit2/install/moveit_configs_utils:/opt/ros/humble /usr/bin/cmake --install /home/jishnu/project/ros2-project/projects/workspace/src/build/polygon_base
[0.619s] Level 1:colcon.colcon_core.environment:create_environment_scripts_only(polygon_base)
[0.620s] DEBUG:colcon.colcon_core.event_handler.log_command:Invoked command in '/home/jishnu/project/ros2-project/projects/workspace/src/build/polygon_base' returned '0': CMAKE_PREFIX_PATH=${CMAKE_PREFIX_PATH}:/home/jishnu/project/ros2-project/projects/workspace/src/install/py_pubsub:/home/jishnu/project/moveit-projects/ws_moveit2/install/ros2controlcli:/home/jishnu/project/moveit-projects/ws_moveit2/install/moveit_configs_utils:/home/jishnu/ws_moveit2/install/ros2controlcli:/home/jishnu/ws_moveit2/install/moveit_configs_utils:/opt/ros/humble /usr/bin/cmake --install /home/jishnu/project/ros2-project/projects/workspace/src/build/polygon_base
[0.625s] Level 1:colcon.colcon_core.environment:checking '/home/jishnu/project/ros2-project/projects/workspace/src/install/polygon_base' for CMake module files
[0.625s] Level 1:colcon.colcon_core.environment:checking '/home/jishnu/project/ros2-project/projects/workspace/src/install/polygon_base' for CMake config files
[0.625s] Level 1:colcon.colcon_core.shell:create_environment_hook('polygon_base', 'cmake_prefix_path')
[0.627s] INFO:colcon.colcon_core.shell:Creating environment hook '/home/jishnu/project/ros2-project/projects/workspace/src/install/polygon_base/share/polygon_base/hook/cmake_prefix_path.ps1'
[0.628s] INFO:colcon.colcon_core.shell:Creating environment descriptor '/home/jishnu/project/ros2-project/projects/workspace/src/install/polygon_base/share/polygon_base/hook/cmake_prefix_path.dsv'
[0.628s] INFO:colcon.colcon_core.shell:Creating environment hook '/home/jishnu/project/ros2-project/projects/workspace/src/install/polygon_base/share/polygon_base/hook/cmake_prefix_path.sh'
[0.629s] Level 1:colcon.colcon_core.environment:checking '/home/jishnu/project/ros2-project/projects/workspace/src/install/polygon_base/lib'
[0.629s] Level 1:colcon.colcon_core.environment:checking '/home/jishnu/project/ros2-project/projects/workspace/src/install/polygon_base/bin'
[0.629s] Level 1:colcon.colcon_core.environment:checking '/home/jishnu/project/ros2-project/projects/workspace/src/install/polygon_base/lib/pkgconfig/polygon_base.pc'
[0.629s] Level 1:colcon.colcon_core.environment:checking '/home/jishnu/project/ros2-project/projects/workspace/src/install/polygon_base/lib/python3.10/site-packages'
[0.629s] Level 1:colcon.colcon_core.environment:checking '/home/jishnu/project/ros2-project/projects/workspace/src/install/polygon_base/bin'
[0.631s] INFO:colcon.colcon_core.shell:Creating package script '/home/jishnu/project/ros2-project/projects/workspace/src/install/polygon_base/share/polygon_base/package.ps1'
[0.632s] INFO:colcon.colcon_core.shell:Creating package descriptor '/home/jishnu/project/ros2-project/projects/workspace/src/install/polygon_base/share/polygon_base/package.dsv'
[0.632s] INFO:colcon.colcon_core.shell:Creating package script '/home/jishnu/project/ros2-project/projects/workspace/src/install/polygon_base/share/polygon_base/package.sh'
[0.633s] INFO:colcon.colcon_core.shell:Creating package script '/home/jishnu/project/ros2-project/projects/workspace/src/install/polygon_base/share/polygon_base/package.bash'
[0.633s] INFO:colcon.colcon_core.shell:Creating package script '/home/jishnu/project/ros2-project/projects/workspace/src/install/polygon_base/share/polygon_base/package.zsh'
[0.634s] Level 1:colcon.colcon_core.environment:create_file_with_runtime_dependencies(/home/jishnu/project/ros2-project/projects/workspace/src/install/polygon_base/share/colcon-core/packages/polygon_base)
[0.683s] Level 1:colcon.colcon_core.environment:create_environment_scripts_only(polygon_base)
[0.687s] Level 1:colcon.colcon_core.environment:checking '/home/jishnu/project/ros2-project/projects/workspace/src/install/polygon_base' for CMake module files
[0.687s] Level 1:colcon.colcon_core.environment:checking '/home/jishnu/project/ros2-project/projects/workspace/src/install/polygon_base' for CMake config files
[0.687s] Level 1:colcon.colcon_core.shell:create_environment_hook('polygon_base', 'cmake_prefix_path')
[0.690s] INFO:colcon.colcon_core.shell:Creating environment hook '/home/jishnu/project/ros2-project/projects/workspace/src/install/polygon_base/share/polygon_base/hook/cmake_prefix_path.ps1'
[0.690s] INFO:colcon.colcon_core.shell:Creating environment descriptor '/home/jishnu/project/ros2-project/projects/workspace/src/install/polygon_base/share/polygon_base/hook/cmake_prefix_path.dsv'
[0.690s] INFO:colcon.colcon_core.shell:Creating environment hook '/home/jishnu/project/ros2-project/projects/workspace/src/install/polygon_base/share/polygon_base/hook/cmake_prefix_path.sh'
[0.691s] Level 1:colcon.colcon_core.environment:checking '/home/jishnu/project/ros2-project/projects/workspace/src/install/polygon_base/lib'
[0.691s] Level 1:colcon.colcon_core.environment:checking '/home/jishnu/project/ros2-project/projects/workspace/src/install/polygon_base/bin'
[0.691s] Level 1:colcon.colcon_core.environment:checking '/home/jishnu/project/ros2-project/projects/workspace/src/install/polygon_base/lib/pkgconfig/polygon_base.pc'
[0.691s] Level 1:colcon.colcon_core.environment:checking '/home/jishnu/project/ros2-project/projects/workspace/src/install/polygon_base/lib/python3.10/site-packages'
[0.692s] Level 1:colcon.colcon_core.environment:checking '/home/jishnu/project/ros2-project/projects/workspace/src/install/polygon_base/bin'
[0.694s] INFO:colcon.colcon_core.shell:Creating package script '/home/jishnu/project/ros2-project/projects/workspace/src/install/polygon_base/share/polygon_base/package.ps1'
[0.695s] INFO:colcon.colcon_core.shell:Creating package descriptor '/home/jishnu/project/ros2-project/projects/workspace/src/install/polygon_base/share/polygon_base/package.dsv'
[0.695s] INFO:colcon.colcon_core.shell:Creating package script '/home/jishnu/project/ros2-project/projects/workspace/src/install/polygon_base/share/polygon_base/package.sh'
[0.696s] INFO:colcon.colcon_core.shell:Creating package script '/home/jishnu/project/ros2-project/projects/workspace/src/install/polygon_base/share/polygon_base/package.bash'
[0.696s] INFO:colcon.colcon_core.shell:Creating package script '/home/jishnu/project/ros2-project/projects/workspace/src/install/polygon_base/share/polygon_base/package.zsh'
[0.696s] Level 1:colcon.colcon_core.environment:create_file_with_runtime_dependencies(/home/jishnu/project/ros2-project/projects/workspace/src/install/polygon_base/share/colcon-core/packages/polygon_base)
[0.697s] INFO:colcon.colcon_ros.task.ament_cmake.build:Building ROS package in '/home/jishnu/project/ros2-project/projects/workspace/src/polygon_plugins' with build type 'ament_cmake'
[0.697s] INFO:colcon.colcon_cmake.task.cmake.build:Building CMake package in '/home/jishnu/project/ros2-project/projects/workspace/src/polygon_plugins'
[0.699s] INFO:colcon.colcon_core.shell:Skip shell extension 'powershell' for command environment: Not usable outside of PowerShell
[0.699s] DEBUG:colcon.colcon_core.shell:Skip shell extension 'dsv' for command environment
[0.730s] DEBUG:colcon.colcon_core.event_handler.log_command:Invoking command in '/home/jishnu/project/ros2-project/projects/workspace/src/build/polygon_plugins': CMAKE_PREFIX_PATH=/home/jishnu/project/ros2-project/projects/workspace/src/install/polygon_base:/home/jishnu/project/ros2-project/projects/workspace/src/install/polygon_plugins:/home/jishnu/project/moveit-projects/ws_moveit2/install/moveit2_tutorials:/home/jishnu/project/moveit-projects/ws_moveit2/install/ros2_control:/home/jishnu/project/moveit-projects/ws_moveit2/install/transmission_interface:/home/jishnu/project/moveit-projects/ws_moveit2/install/moveit_visual_tools:/home/jishnu/project/moveit-projects/ws_moveit2/install/rviz_visual_tools:/home/jishnu/project/moveit-projects/ws_moveit2/install/moveit_task_constructor_visualization:/home/jishnu/project/moveit-projects/ws_moveit2/install/moveit_task_constructor_demo:/home/jishnu/project/moveit-projects/ws_moveit2/install/moveit_task_constructor_capabilities:/home/jishnu/project/moveit-projects/ws_moveit2/install/moveit_task_constructor_core:/home/jishnu/project/moveit-projects/ws_moveit2/install/rviz_marker_tools:/home/jishnu/project/moveit-projects/ws_moveit2/install/rosparam_shortcuts:/home/jishnu/project/moveit-projects/ws_moveit2/install/moveit_hybrid_planning:/home/jishnu/project/moveit-projects/ws_moveit2/install/controller_manager:/home/jishnu/project/moveit-projects/ws_moveit2/install/ros2_control_test_assets:/home/jishnu/project/moveit-projects/ws_moveit2/install/pilz_industrial_motion_planner_testutils:/home/jishnu/project/moveit-projects/ws_moveit2/install/moveit_runtime:/home/jishnu/project/moveit-projects/ws_moveit2/install/moveit:/home/jishnu/project/moveit-projects/ws_moveit2/install/moveit_planners:/home/jishnu/project/moveit-projects/ws_moveit2/install/pilz_industrial_motion_planner:/home/jishnu/project/moveit-projects/ws_moveit2/install/moveit_task_constructor_msgs:/home/jishnu/project/moveit-projects/ws_moveit2/install/moveit_ros_control_interface:/home/jishnu/project/moveit-projects/ws_moveit2/install/moveit_plugins:/home/jishnu/project/moveit-projects/ws_moveit2/install/moveit_simple_controller_manager:/home/jishnu/project/moveit-projects/ws_moveit2/install/moveit_setup_assistant:/home/jishnu/project/moveit-projects/ws_moveit2/install/moveit_setup_srdf_plugins:/home/jishnu/project/moveit-projects/ws_moveit2/install/moveit_setup_core_plugins:/home/jishnu/project/moveit-projects/ws_moveit2/install/moveit_setup_controllers:/home/jishnu/project/moveit-projects/ws_moveit2/install/moveit_setup_app_plugins:/home/jishnu/project/moveit-projects/ws_moveit2/install/moveit_setup_framework:/home/jishnu/project/moveit-projects/ws_moveit2/install/moveit_servo:/home/jishnu/project/moveit-projects/ws_moveit2/install/moveit_ros:/home/jishnu/project/moveit-projects/ws_moveit2/install/moveit_ros_visualization:/home/jishnu/project/moveit-projects/ws_moveit2/install/moveit_ros_planning_interface:/home/jishnu/project/moveit-projects/ws_moveit2/install/moveit_ros_benchmarks:/home/jishnu/project/moveit-projects/ws_moveit2/install/moveit_ros_warehouse:/home/jishnu/project/moveit-projects/ws_moveit2/install/moveit_ros_robot_interaction:/home/jishnu/project/moveit-projects/ws_moveit2/install/moveit_ros_perception:/home/jishnu/project/moveit-projects/ws_moveit2/install/moveit_resources_prbt_pg70_support:/home/jishnu/project/moveit-projects/ws_moveit2/install/moveit_resources_prbt_moveit_config:/home/jishnu/project/moveit-projects/ws_moveit2/install/moveit_ros_move_group:/home/jishnu/project/moveit-projects/ws_moveit2/install/moveit_planners_ompl:/home/jishnu/project/moveit-projects/ws_moveit2/install/moveit_ros_planning:/home/jishnu/project/moveit-projects/ws_moveit2/install/moveit_ros_occupancy_map_monitor:/home/jishnu/project/moveit-projects/ws_moveit2/install/moveit_resources_prbt_support:/home/jishnu/project/moveit-projects/ws_moveit2/install/moveit_resources_prbt_ikfast_manipulator_plugin:/home/jishnu/project/moveit-projects/ws_moveit2/install/moveit_resources:/home/jishnu/project/moveit-projects/ws_moveit2/install/moveit_resources_pr2_description:/home/jishnu/project/moveit-projects/ws_moveit2/install/moveit_resources_panda_moveit_config:/home/jishnu/project/moveit-projects/ws_moveit2/install/moveit_resources_panda_description:/home/jishnu/project/moveit-projects/ws_moveit2/install/moveit_resources_fanuc_moveit_config:/home/jishnu/project/moveit-projects/ws_moveit2/install/moveit_resources_fanuc_description:/home/jishnu/project/moveit-projects/ws_moveit2/install/moveit_planners_chomp:/home/jishnu/project/moveit-projects/ws_moveit2/install/moveit_kinematics:/home/jishnu/project/moveit-projects/ws_moveit2/install/moveit_chomp_optimizer_adapter:/home/jishnu/project/moveit-projects/ws_moveit2/install/chomp_motion_planner:/home/jishnu/project/moveit-projects/ws_moveit2/install/moveit_core:/home/jishnu/project/moveit-projects/ws_moveit2/install/moveit_common:/home/jishnu/project/moveit-projects/ws_moveit2/install/joint_limits:/home/jishnu/project/moveit-projects/ws_moveit2/install/controller_interface:/home/jishnu/project/moveit-projects/ws_moveit2/install/hardware_interface:/home/jishnu/project/moveit-projects/ws_moveit2/install/controller_manager_msgs:/home/jishnu/ws_moveit2/install/ros2_control:/home/jishnu/ws_moveit2/install/transmission_interface:/home/jishnu/ws_moveit2/install/moveit_hybrid_planning:/home/jishnu/ws_moveit2/install/controller_manager:/home/jishnu/ws_moveit2/install/ros2_control_test_assets:/home/jishnu/ws_moveit2/install/pilz_industrial_motion_planner_testutils:/home/jishnu/ws_moveit2/install/moveit_runtime:/home/jishnu/ws_moveit2/install/moveit:/home/jishnu/ws_moveit2/install/moveit_planners:/home/jishnu/ws_moveit2/install/pilz_industrial_motion_planner:/home/jishnu/ws_moveit2/install/moveit_ros_control_interface:/home/jishnu/ws_moveit2/install/moveit_plugins:/home/jishnu/ws_moveit2/install/moveit_simple_controller_manager:/home/jishnu/ws_moveit2/install/moveit_setup_assistant:/home/jishnu/ws_moveit2/install/moveit_setup_srdf_plugins:/home/jishnu/ws_moveit2/install/moveit_setup_core_plugins:/home/jishnu/ws_moveit2/install/moveit_setup_controllers:/home/jishnu/ws_moveit2/install/moveit_setup_app_plugins:/home/jishnu/ws_moveit2/install/moveit_setup_framework:/home/jishnu/ws_moveit2/install/moveit_servo:/home/jishnu/ws_moveit2/install/moveit_ros:/home/jishnu/ws_moveit2/install/moveit_ros_visualization:/home/jishnu/ws_moveit2/install/moveit_ros_planning_interface:/home/jishnu/ws_moveit2/install/moveit_ros_benchmarks:/home/jishnu/ws_moveit2/install/moveit_ros_warehouse:/home/jishnu/ws_moveit2/install/moveit_ros_robot_interaction:/home/jishnu/ws_moveit2/install/moveit_ros_perception:/home/jishnu/ws_moveit2/install/moveit_resources_prbt_pg70_support:/home/jishnu/ws_moveit2/install/moveit_resources_prbt_moveit_config:/home/jishnu/ws_moveit2/install/moveit_ros_move_group:/home/jishnu/ws_moveit2/install/moveit_planners_ompl:/home/jishnu/ws_moveit2/install/moveit_ros_planning:/home/jishnu/ws_moveit2/install/moveit_ros_occupancy_map_monitor:/home/jishnu/ws_moveit2/install/moveit_resources_prbt_support:/home/jishnu/ws_moveit2/install/moveit_resources_prbt_ikfast_manipulator_plugin:/home/jishnu/ws_moveit2/install/moveit_resources:/home/jishnu/ws_moveit2/install/moveit_resources_pr2_description:/home/jishnu/ws_moveit2/install/moveit_resources_panda_moveit_config:/home/jishnu/ws_moveit2/install/moveit_resources_panda_description:/home/jishnu/ws_moveit2/install/moveit_resources_fanuc_moveit_config:/home/jishnu/ws_moveit2/install/moveit_resources_fanuc_description:/home/jishnu/ws_moveit2/install/moveit_planners_chomp:/home/jishnu/ws_moveit2/install/moveit_kinematics:/home/jishnu/ws_moveit2/install/moveit_chomp_optimizer_adapter:/home/jishnu/ws_moveit2/install/chomp_motion_planner:/home/jishnu/ws_moveit2/install/moveit_core:/home/jishnu/ws_moveit2/install/moveit_common:/home/jishnu/ws_moveit2/install/joint_limits:/home/jishnu/ws_moveit2/install/controller_interface:/home/jishnu/ws_moveit2/install/hardware_interface:/home/jishnu/ws_moveit2/install/controller_manager_msgs:/home/jishnu/project/ros2-project/projects/workspace/src/install/py_pubsub:/home/jishnu/project/moveit-projects/ws_moveit2/install/ros2controlcli:/home/jishnu/project/moveit-projects/ws_moveit2/install/moveit_configs_utils:/home/jishnu/ws_moveit2/install/ros2controlcli:/home/jishnu/ws_moveit2/install/moveit_configs_utils:/opt/ros/humble /usr/bin/cmake --build /home/jishnu/project/ros2-project/projects/workspace/src/build/polygon_plugins -- -j8 -l8
[1.410s] DEBUG:colcon.colcon_core.event_handler.log_command:Invoked command in '/home/jishnu/project/ros2-project/projects/workspace/src/build/polygon_plugins' returned '0': CMAKE_PREFIX_PATH=/home/jishnu/project/ros2-project/projects/workspace/src/install/polygon_base:/home/jishnu/project/ros2-project/projects/workspace/src/install/polygon_plugins:/home/jishnu/project/moveit-projects/ws_moveit2/install/moveit2_tutorials:/home/jishnu/project/moveit-projects/ws_moveit2/install/ros2_control:/home/jishnu/project/moveit-projects/ws_moveit2/install/transmission_interface:/home/jishnu/project/moveit-projects/ws_moveit2/install/moveit_visual_tools:/home/jishnu/project/moveit-projects/ws_moveit2/install/rviz_visual_tools:/home/jishnu/project/moveit-projects/ws_moveit2/install/moveit_task_constructor_visualization:/home/jishnu/project/moveit-projects/ws_moveit2/install/moveit_task_constructor_demo:/home/jishnu/project/moveit-projects/ws_moveit2/install/moveit_task_constructor_capabilities:/home/jishnu/project/moveit-projects/ws_moveit2/install/moveit_task_constructor_core:/home/jishnu/project/moveit-projects/ws_moveit2/install/rviz_marker_tools:/home/jishnu/project/moveit-projects/ws_moveit2/install/rosparam_shortcuts:/home/jishnu/project/moveit-projects/ws_moveit2/install/moveit_hybrid_planning:/home/jishnu/project/moveit-projects/ws_moveit2/install/controller_manager:/home/jishnu/project/moveit-projects/ws_moveit2/install/ros2_control_test_assets:/home/jishnu/project/moveit-projects/ws_moveit2/install/pilz_industrial_motion_planner_testutils:/home/jishnu/project/moveit-projects/ws_moveit2/install/moveit_runtime:/home/jishnu/project/moveit-projects/ws_moveit2/install/moveit:/home/jishnu/project/moveit-projects/ws_moveit2/install/moveit_planners:/home/jishnu/project/moveit-projects/ws_moveit2/install/pilz_industrial_motion_planner:/home/jishnu/project/moveit-projects/ws_moveit2/install/moveit_task_constructor_msgs:/home/jishnu/project/moveit-projects/ws_moveit2/install/moveit_ros_control_interface:/home/jishnu/project/moveit-projects/ws_moveit2/install/moveit_plugins:/home/jishnu/project/moveit-projects/ws_moveit2/install/moveit_simple_controller_manager:/home/jishnu/project/moveit-projects/ws_moveit2/install/moveit_setup_assistant:/home/jishnu/project/moveit-projects/ws_moveit2/install/moveit_setup_srdf_plugins:/home/jishnu/project/moveit-projects/ws_moveit2/install/moveit_setup_core_plugins:/home/jishnu/project/moveit-projects/ws_moveit2/install/moveit_setup_controllers:/home/jishnu/project/moveit-projects/ws_moveit2/install/moveit_setup_app_plugins:/home/jishnu/project/moveit-projects/ws_moveit2/install/moveit_setup_framework:/home/jishnu/project/moveit-projects/ws_moveit2/install/moveit_servo:/home/jishnu/project/moveit-projects/ws_moveit2/install/moveit_ros:/home/jishnu/project/moveit-projects/ws_moveit2/install/moveit_ros_visualization:/home/jishnu/project/moveit-projects/ws_moveit2/install/moveit_ros_planning_interface:/home/jishnu/project/moveit-projects/ws_moveit2/install/moveit_ros_benchmarks:/home/jishnu/project/moveit-projects/ws_moveit2/install/moveit_ros_warehouse:/home/jishnu/project/moveit-projects/ws_moveit2/install/moveit_ros_robot_interaction:/home/jishnu/project/moveit-projects/ws_moveit2/install/moveit_ros_perception:/home/jishnu/project/moveit-projects/ws_moveit2/install/moveit_resources_prbt_pg70_support:/home/jishnu/project/moveit-projects/ws_moveit2/install/moveit_resources_prbt_moveit_config:/home/jishnu/project/moveit-projects/ws_moveit2/install/moveit_ros_move_group:/home/jishnu/project/moveit-projects/ws_moveit2/install/moveit_planners_ompl:/home/jishnu/project/moveit-projects/ws_moveit2/install/moveit_ros_planning:/home/jishnu/project/moveit-projects/ws_moveit2/install/moveit_ros_occupancy_map_monitor:/home/jishnu/project/moveit-projects/ws_moveit2/install/moveit_resources_prbt_support:/home/jishnu/project/moveit-projects/ws_moveit2/install/moveit_resources_prbt_ikfast_manipulator_plugin:/home/jishnu/project/moveit-projects/ws_moveit2/install/moveit_resources:/home/jishnu/project/moveit-projects/ws_moveit2/install/moveit_resources_pr2_description:/home/jishnu/project/moveit-projects/ws_moveit2/install/moveit_resources_panda_moveit_config:/home/jishnu/project/moveit-projects/ws_moveit2/install/moveit_resources_panda_description:/home/jishnu/project/moveit-projects/ws_moveit2/install/moveit_resources_fanuc_moveit_config:/home/jishnu/project/moveit-projects/ws_moveit2/install/moveit_resources_fanuc_description:/home/jishnu/project/moveit-projects/ws_moveit2/install/moveit_planners_chomp:/home/jishnu/project/moveit-projects/ws_moveit2/install/moveit_kinematics:/home/jishnu/project/moveit-projects/ws_moveit2/install/moveit_chomp_optimizer_adapter:/home/jishnu/project/moveit-projects/ws_moveit2/install/chomp_motion_planner:/home/jishnu/project/moveit-projects/ws_moveit2/install/moveit_core:/home/jishnu/project/moveit-projects/ws_moveit2/install/moveit_common:/home/jishnu/project/moveit-projects/ws_moveit2/install/joint_limits:/home/jishnu/project/moveit-projects/ws_moveit2/install/controller_interface:/home/jishnu/project/moveit-projects/ws_moveit2/install/hardware_interface:/home/jishnu/project/moveit-projects/ws_moveit2/install/controller_manager_msgs:/home/jishnu/ws_moveit2/install/ros2_control:/home/jishnu/ws_moveit2/install/transmission_interface:/home/jishnu/ws_moveit2/install/moveit_hybrid_planning:/home/jishnu/ws_moveit2/install/controller_manager:/home/jishnu/ws_moveit2/install/ros2_control_test_assets:/home/jishnu/ws_moveit2/install/pilz_industrial_motion_planner_testutils:/home/jishnu/ws_moveit2/install/moveit_runtime:/home/jishnu/ws_moveit2/install/moveit:/home/jishnu/ws_moveit2/install/moveit_planners:/home/jishnu/ws_moveit2/install/pilz_industrial_motion_planner:/home/jishnu/ws_moveit2/install/moveit_ros_control_interface:/home/jishnu/ws_moveit2/install/moveit_plugins:/home/jishnu/ws_moveit2/install/moveit_simple_controller_manager:/home/jishnu/ws_moveit2/install/moveit_setup_assistant:/home/jishnu/ws_moveit2/install/moveit_setup_srdf_plugins:/home/jishnu/ws_moveit2/install/moveit_setup_core_plugins:/home/jishnu/ws_moveit2/install/moveit_setup_controllers:/home/jishnu/ws_moveit2/install/moveit_setup_app_plugins:/home/jishnu/ws_moveit2/install/moveit_setup_framework:/home/jishnu/ws_moveit2/install/moveit_servo:/home/jishnu/ws_moveit2/install/moveit_ros:/home/jishnu/ws_moveit2/install/moveit_ros_visualization:/home/jishnu/ws_moveit2/install/moveit_ros_planning_interface:/home/jishnu/ws_moveit2/install/moveit_ros_benchmarks:/home/jishnu/ws_moveit2/install/moveit_ros_warehouse:/home/jishnu/ws_moveit2/install/moveit_ros_robot_interaction:/home/jishnu/ws_moveit2/install/moveit_ros_perception:/home/jishnu/ws_moveit2/install/moveit_resources_prbt_pg70_support:/home/jishnu/ws_moveit2/install/moveit_resources_prbt_moveit_config:/home/jishnu/ws_moveit2/install/moveit_ros_move_group:/home/jishnu/ws_moveit2/install/moveit_planners_ompl:/home/jishnu/ws_moveit2/install/moveit_ros_planning:/home/jishnu/ws_moveit2/install/moveit_ros_occupancy_map_monitor:/home/jishnu/ws_moveit2/install/moveit_resources_prbt_support:/home/jishnu/ws_moveit2/install/moveit_resources_prbt_ikfast_manipulator_plugin:/home/jishnu/ws_moveit2/install/moveit_resources:/home/jishnu/ws_moveit2/install/moveit_resources_pr2_description:/home/jishnu/ws_moveit2/install/moveit_resources_panda_moveit_config:/home/jishnu/ws_moveit2/install/moveit_resources_panda_description:/home/jishnu/ws_moveit2/install/moveit_resources_fanuc_moveit_config:/home/jishnu/ws_moveit2/install/moveit_resources_fanuc_description:/home/jishnu/ws_moveit2/install/moveit_planners_chomp:/home/jishnu/ws_moveit2/install/moveit_kinematics:/home/jishnu/ws_moveit2/install/moveit_chomp_optimizer_adapter:/home/jishnu/ws_moveit2/install/chomp_motion_planner:/home/jishnu/ws_moveit2/install/moveit_core:/home/jishnu/ws_moveit2/install/moveit_common:/home/jishnu/ws_moveit2/install/joint_limits:/home/jishnu/ws_moveit2/install/controller_interface:/home/jishnu/ws_moveit2/install/hardware_interface:/home/jishnu/ws_moveit2/install/controller_manager_msgs:/home/jishnu/project/ros2-project/projects/workspace/src/install/py_pubsub:/home/jishnu/project/moveit-projects/ws_moveit2/install/ros2controlcli:/home/jishnu/project/moveit-projects/ws_moveit2/install/moveit_configs_utils:/home/jishnu/ws_moveit2/install/ros2controlcli:/home/jishnu/ws_moveit2/install/moveit_configs_utils:/opt/ros/humble /usr/bin/cmake --build /home/jishnu/project/ros2-project/projects/workspace/src/build/polygon_plugins -- -j8 -l8
[1.447s] DEBUG:colcon.colcon_core.event_handler.log_command:Invoking command in '/home/jishnu/project/ros2-project/projects/workspace/src/build/polygon_plugins': CMAKE_PREFIX_PATH=/home/jishnu/project/ros2-project/projects/workspace/src/install/polygon_base:/home/jishnu/project/ros2-project/projects/workspace/src/install/polygon_plugins:/home/jishnu/project/moveit-projects/ws_moveit2/install/moveit2_tutorials:/home/jishnu/project/moveit-projects/ws_moveit2/install/ros2_control:/home/jishnu/project/moveit-projects/ws_moveit2/install/transmission_interface:/home/jishnu/project/moveit-projects/ws_moveit2/install/moveit_visual_tools:/home/jishnu/project/moveit-projects/ws_moveit2/install/rviz_visual_tools:/home/jishnu/project/moveit-projects/ws_moveit2/install/moveit_task_constructor_visualization:/home/jishnu/project/moveit-projects/ws_moveit2/install/moveit_task_constructor_demo:/home/jishnu/project/moveit-projects/ws_moveit2/install/moveit_task_constructor_capabilities:/home/jishnu/project/moveit-projects/ws_moveit2/install/moveit_task_constructor_core:/home/jishnu/project/moveit-projects/ws_moveit2/install/rviz_marker_tools:/home/jishnu/project/moveit-projects/ws_moveit2/install/rosparam_shortcuts:/home/jishnu/project/moveit-projects/ws_moveit2/install/moveit_hybrid_planning:/home/jishnu/project/moveit-projects/ws_moveit2/install/controller_manager:/home/jishnu/project/moveit-projects/ws_moveit2/install/ros2_control_test_assets:/home/jishnu/project/moveit-projects/ws_moveit2/install/pilz_industrial_motion_planner_testutils:/home/jishnu/project/moveit-projects/ws_moveit2/install/moveit_runtime:/home/jishnu/project/moveit-projects/ws_moveit2/install/moveit:/home/jishnu/project/moveit-projects/ws_moveit2/install/moveit_planners:/home/jishnu/project/moveit-projects/ws_moveit2/install/pilz_industrial_motion_planner:/home/jishnu/project/moveit-projects/ws_moveit2/install/moveit_task_constructor_msgs:/home/jishnu/project/moveit-projects/ws_moveit2/install/moveit_ros_control_interface:/home/jishnu/project/moveit-projects/ws_moveit2/install/moveit_plugins:/home/jishnu/project/moveit-projects/ws_moveit2/install/moveit_simple_controller_manager:/home/jishnu/project/moveit-projects/ws_moveit2/install/moveit_setup_assistant:/home/jishnu/project/moveit-projects/ws_moveit2/install/moveit_setup_srdf_plugins:/home/jishnu/project/moveit-projects/ws_moveit2/install/moveit_setup_core_plugins:/home/jishnu/project/moveit-projects/ws_moveit2/install/moveit_setup_controllers:/home/jishnu/project/moveit-projects/ws_moveit2/install/moveit_setup_app_plugins:/home/jishnu/project/moveit-projects/ws_moveit2/install/moveit_setup_framework:/home/jishnu/project/moveit-projects/ws_moveit2/install/moveit_servo:/home/jishnu/project/moveit-projects/ws_moveit2/install/moveit_ros:/home/jishnu/project/moveit-projects/ws_moveit2/install/moveit_ros_visualization:/home/jishnu/project/moveit-projects/ws_moveit2/install/moveit_ros_planning_interface:/home/jishnu/project/moveit-projects/ws_moveit2/install/moveit_ros_benchmarks:/home/jishnu/project/moveit-projects/ws_moveit2/install/moveit_ros_warehouse:/home/jishnu/project/moveit-projects/ws_moveit2/install/moveit_ros_robot_interaction:/home/jishnu/project/moveit-projects/ws_moveit2/install/moveit_ros_perception:/home/jishnu/project/moveit-projects/ws_moveit2/install/moveit_resources_prbt_pg70_support:/home/jishnu/project/moveit-projects/ws_moveit2/install/moveit_resources_prbt_moveit_config:/home/jishnu/project/moveit-projects/ws_moveit2/install/moveit_ros_move_group:/home/jishnu/project/moveit-projects/ws_moveit2/install/moveit_planners_ompl:/home/jishnu/project/moveit-projects/ws_moveit2/install/moveit_ros_planning:/home/jishnu/project/moveit-projects/ws_moveit2/install/moveit_ros_occupancy_map_monitor:/home/jishnu/project/moveit-projects/ws_moveit2/install/moveit_resources_prbt_support:/home/jishnu/project/moveit-projects/ws_moveit2/install/moveit_resources_prbt_ikfast_manipulator_plugin:/home/jishnu/project/moveit-projects/ws_moveit2/install/moveit_resources:/home/jishnu/project/moveit-projects/ws_moveit2/install/moveit_resources_pr2_description:/home/jishnu/project/moveit-projects/ws_moveit2/install/moveit_resources_panda_moveit_config:/home/jishnu/project/moveit-projects/ws_moveit2/install/moveit_resources_panda_description:/home/jishnu/project/moveit-projects/ws_moveit2/install/moveit_resources_fanuc_moveit_config:/home/jishnu/project/moveit-projects/ws_moveit2/install/moveit_resources_fanuc_description:/home/jishnu/project/moveit-projects/ws_moveit2/install/moveit_planners_chomp:/home/jishnu/project/moveit-projects/ws_moveit2/install/moveit_kinematics:/home/jishnu/project/moveit-projects/ws_moveit2/install/moveit_chomp_optimizer_adapter:/home/jishnu/project/moveit-projects/ws_moveit2/install/chomp_motion_planner:/home/jishnu/project/moveit-projects/ws_moveit2/install/moveit_core:/home/jishnu/project/moveit-projects/ws_moveit2/install/moveit_common:/home/jishnu/project/moveit-projects/ws_moveit2/install/joint_limits:/home/jishnu/project/moveit-projects/ws_moveit2/install/controller_interface:/home/jishnu/project/moveit-projects/ws_moveit2/install/hardware_interface:/home/jishnu/project/moveit-projects/ws_moveit2/install/controller_manager_msgs:/home/jishnu/ws_moveit2/install/ros2_control:/home/jishnu/ws_moveit2/install/transmission_interface:/home/jishnu/ws_moveit2/install/moveit_hybrid_planning:/home/jishnu/ws_moveit2/install/controller_manager:/home/jishnu/ws_moveit2/install/ros2_control_test_assets:/home/jishnu/ws_moveit2/install/pilz_industrial_motion_planner_testutils:/home/jishnu/ws_moveit2/install/moveit_runtime:/home/jishnu/ws_moveit2/install/moveit:/home/jishnu/ws_moveit2/install/moveit_planners:/home/jishnu/ws_moveit2/install/pilz_industrial_motion_planner:/home/jishnu/ws_moveit2/install/moveit_ros_control_interface:/home/jishnu/ws_moveit2/install/moveit_plugins:/home/jishnu/ws_moveit2/install/moveit_simple_controller_manager:/home/jishnu/ws_moveit2/install/moveit_setup_assistant:/home/jishnu/ws_moveit2/install/moveit_setup_srdf_plugins:/home/jishnu/ws_moveit2/install/moveit_setup_core_plugins:/home/jishnu/ws_moveit2/install/moveit_setup_controllers:/home/jishnu/ws_moveit2/install/moveit_setup_app_plugins:/home/jishnu/ws_moveit2/install/moveit_setup_framework:/home/jishnu/ws_moveit2/install/moveit_servo:/home/jishnu/ws_moveit2/install/moveit_ros:/home/jishnu/ws_moveit2/install/moveit_ros_visualization:/home/jishnu/ws_moveit2/install/moveit_ros_planning_interface:/home/jishnu/ws_moveit2/install/moveit_ros_benchmarks:/home/jishnu/ws_moveit2/install/moveit_ros_warehouse:/home/jishnu/ws_moveit2/install/moveit_ros_robot_interaction:/home/jishnu/ws_moveit2/install/moveit_ros_perception:/home/jishnu/ws_moveit2/install/moveit_resources_prbt_pg70_support:/home/jishnu/ws_moveit2/install/moveit_resources_prbt_moveit_config:/home/jishnu/ws_moveit2/install/moveit_ros_move_group:/home/jishnu/ws_moveit2/install/moveit_planners_ompl:/home/jishnu/ws_moveit2/install/moveit_ros_planning:/home/jishnu/ws_moveit2/install/moveit_ros_occupancy_map_monitor:/home/jishnu/ws_moveit2/install/moveit_resources_prbt_support:/home/jishnu/ws_moveit2/install/moveit_resources_prbt_ikfast_manipulator_plugin:/home/jishnu/ws_moveit2/install/moveit_resources:/home/jishnu/ws_moveit2/install/moveit_resources_pr2_description:/home/jishnu/ws_moveit2/install/moveit_resources_panda_moveit_config:/home/jishnu/ws_moveit2/install/moveit_resources_panda_description:/home/jishnu/ws_moveit2/install/moveit_resources_fanuc_moveit_config:/home/jishnu/ws_moveit2/install/moveit_resources_fanuc_description:/home/jishnu/ws_moveit2/install/moveit_planners_chomp:/home/jishnu/ws_moveit2/install/moveit_kinematics:/home/jishnu/ws_moveit2/install/moveit_chomp_optimizer_adapter:/home/jishnu/ws_moveit2/install/chomp_motion_planner:/home/jishnu/ws_moveit2/install/moveit_core:/home/jishnu/ws_moveit2/install/moveit_common:/home/jishnu/ws_moveit2/install/joint_limits:/home/jishnu/ws_moveit2/install/controller_interface:/home/jishnu/ws_moveit2/install/hardware_interface:/home/jishnu/ws_moveit2/install/controller_manager_msgs:/home/jishnu/project/ros2-project/projects/workspace/src/install/py_pubsub:/home/jishnu/project/moveit-projects/ws_moveit2/install/ros2controlcli:/home/jishnu/project/moveit-projects/ws_moveit2/install/moveit_configs_utils:/home/jishnu/ws_moveit2/install/ros2controlcli:/home/jishnu/ws_moveit2/install/moveit_configs_utils:/opt/ros/humble /usr/bin/cmake --install /home/jishnu/project/ros2-project/projects/workspace/src/build/polygon_plugins
[1.461s] Level 1:colcon.colcon_core.environment:create_environment_scripts_only(polygon_plugins)
[1.467s] Level 1:colcon.colcon_core.environment:checking '/home/jishnu/project/ros2-project/projects/workspace/src/install/polygon_plugins' for CMake module files
[1.468s] DEBUG:colcon.colcon_core.event_handler.log_command:Invoked command in '/home/jishnu/project/ros2-project/projects/workspace/src/build/polygon_plugins' returned '0': CMAKE_PREFIX_PATH=/home/jishnu/project/ros2-project/projects/workspace/src/install/polygon_base:/home/jishnu/project/ros2-project/projects/workspace/src/install/polygon_plugins:/home/jishnu/project/moveit-projects/ws_moveit2/install/moveit2_tutorials:/home/jishnu/project/moveit-projects/ws_moveit2/install/ros2_control:/home/jishnu/project/moveit-projects/ws_moveit2/install/transmission_interface:/home/jishnu/project/moveit-projects/ws_moveit2/install/moveit_visual_tools:/home/jishnu/project/moveit-projects/ws_moveit2/install/rviz_visual_tools:/home/jishnu/project/moveit-projects/ws_moveit2/install/moveit_task_constructor_visualization:/home/jishnu/project/moveit-projects/ws_moveit2/install/moveit_task_constructor_demo:/home/jishnu/project/moveit-projects/ws_moveit2/install/moveit_task_constructor_capabilities:/home/jishnu/project/moveit-projects/ws_moveit2/install/moveit_task_constructor_core:/home/jishnu/project/moveit-projects/ws_moveit2/install/rviz_marker_tools:/home/jishnu/project/moveit-projects/ws_moveit2/install/rosparam_shortcuts:/home/jishnu/project/moveit-projects/ws_moveit2/install/moveit_hybrid_planning:/home/jishnu/project/moveit-projects/ws_moveit2/install/controller_manager:/home/jishnu/project/moveit-projects/ws_moveit2/install/ros2_control_test_assets:/home/jishnu/project/moveit-projects/ws_moveit2/install/pilz_industrial_motion_planner_testutils:/home/jishnu/project/moveit-projects/ws_moveit2/install/moveit_runtime:/home/jishnu/project/moveit-projects/ws_moveit2/install/moveit:/home/jishnu/project/moveit-projects/ws_moveit2/install/moveit_planners:/home/jishnu/project/moveit-projects/ws_moveit2/install/pilz_industrial_motion_planner:/home/jishnu/project/moveit-projects/ws_moveit2/install/moveit_task_constructor_msgs:/home/jishnu/project/moveit-projects/ws_moveit2/install/moveit_ros_control_interface:/home/jishnu/project/moveit-projects/ws_moveit2/install/moveit_plugins:/home/jishnu/project/moveit-projects/ws_moveit2/install/moveit_simple_controller_manager:/home/jishnu/project/moveit-projects/ws_moveit2/install/moveit_setup_assistant:/home/jishnu/project/moveit-projects/ws_moveit2/install/moveit_setup_srdf_plugins:/home/jishnu/project/moveit-projects/ws_moveit2/install/moveit_setup_core_plugins:/home/jishnu/project/moveit-projects/ws_moveit2/install/moveit_setup_controllers:/home/jishnu/project/moveit-projects/ws_moveit2/install/moveit_setup_app_plugins:/home/jishnu/project/moveit-projects/ws_moveit2/install/moveit_setup_framework:/home/jishnu/project/moveit-projects/ws_moveit2/install/moveit_servo:/home/jishnu/project/moveit-projects/ws_moveit2/install/moveit_ros:/home/jishnu/project/moveit-projects/ws_moveit2/install/moveit_ros_visualization:/home/jishnu/project/moveit-projects/ws_moveit2/install/moveit_ros_planning_interface:/home/jishnu/project/moveit-projects/ws_moveit2/install/moveit_ros_benchmarks:/home/jishnu/project/moveit-projects/ws_moveit2/install/moveit_ros_warehouse:/home/jishnu/project/moveit-projects/ws_moveit2/install/moveit_ros_robot_interaction:/home/jishnu/project/moveit-projects/ws_moveit2/install/moveit_ros_perception:/home/jishnu/project/moveit-projects/ws_moveit2/install/moveit_resources_prbt_pg70_support:/home/jishnu/project/moveit-projects/ws_moveit2/install/moveit_resources_prbt_moveit_config:/home/jishnu/project/moveit-projects/ws_moveit2/install/moveit_ros_move_group:/home/jishnu/project/moveit-projects/ws_moveit2/install/moveit_planners_ompl:/home/jishnu/project/moveit-projects/ws_moveit2/install/moveit_ros_planning:/home/jishnu/project/moveit-projects/ws_moveit2/install/moveit_ros_occupancy_map_monitor:/home/jishnu/project/moveit-projects/ws_moveit2/install/moveit_resources_prbt_support:/home/jishnu/project/moveit-projects/ws_moveit2/install/moveit_resources_prbt_ikfast_manipulator_plugin:/home/jishnu/project/moveit-projects/ws_moveit2/install/moveit_resources:/home/jishnu/project/moveit-projects/ws_moveit2/install/moveit_resources_pr2_description:/home/jishnu/project/moveit-projects/ws_moveit2/install/moveit_resources_panda_moveit_config:/home/jishnu/project/moveit-projects/ws_moveit2/install/moveit_resources_panda_description:/home/jishnu/project/moveit-projects/ws_moveit2/install/moveit_resources_fanuc_moveit_config:/home/jishnu/project/moveit-projects/ws_moveit2/install/moveit_resources_fanuc_description:/home/jishnu/project/moveit-projects/ws_moveit2/install/moveit_planners_chomp:/home/jishnu/project/moveit-projects/ws_moveit2/install/moveit_kinematics:/home/jishnu/project/moveit-projects/ws_moveit2/install/moveit_chomp_optimizer_adapter:/home/jishnu/project/moveit-projects/ws_moveit2/install/chomp_motion_planner:/home/jishnu/project/moveit-projects/ws_moveit2/install/moveit_core:/home/jishnu/project/moveit-projects/ws_moveit2/install/moveit_common:/home/jishnu/project/moveit-projects/ws_moveit2/install/joint_limits:/home/jishnu/project/moveit-projects/ws_moveit2/install/controller_interface:/home/jishnu/project/moveit-projects/ws_moveit2/install/hardware_interface:/home/jishnu/project/moveit-projects/ws_moveit2/install/controller_manager_msgs:/home/jishnu/ws_moveit2/install/ros2_control:/home/jishnu/ws_moveit2/install/transmission_interface:/home/jishnu/ws_moveit2/install/moveit_hybrid_planning:/home/jishnu/ws_moveit2/install/controller_manager:/home/jishnu/ws_moveit2/install/ros2_control_test_assets:/home/jishnu/ws_moveit2/install/pilz_industrial_motion_planner_testutils:/home/jishnu/ws_moveit2/install/moveit_runtime:/home/jishnu/ws_moveit2/install/moveit:/home/jishnu/ws_moveit2/install/moveit_planners:/home/jishnu/ws_moveit2/install/pilz_industrial_motion_planner:/home/jishnu/ws_moveit2/install/moveit_ros_control_interface:/home/jishnu/ws_moveit2/install/moveit_plugins:/home/jishnu/ws_moveit2/install/moveit_simple_controller_manager:/home/jishnu/ws_moveit2/install/moveit_setup_assistant:/home/jishnu/ws_moveit2/install/moveit_setup_srdf_plugins:/home/jishnu/ws_moveit2/install/moveit_setup_core_plugins:/home/jishnu/ws_moveit2/install/moveit_setup_controllers:/home/jishnu/ws_moveit2/install/moveit_setup_app_plugins:/home/jishnu/ws_moveit2/install/moveit_setup_framework:/home/jishnu/ws_moveit2/install/moveit_servo:/home/jishnu/ws_moveit2/install/moveit_ros:/home/jishnu/ws_moveit2/install/moveit_ros_visualization:/home/jishnu/ws_moveit2/install/moveit_ros_planning_interface:/home/jishnu/ws_moveit2/install/moveit_ros_benchmarks:/home/jishnu/ws_moveit2/install/moveit_ros_warehouse:/home/jishnu/ws_moveit2/install/moveit_ros_robot_interaction:/home/jishnu/ws_moveit2/install/moveit_ros_perception:/home/jishnu/ws_moveit2/install/moveit_resources_prbt_pg70_support:/home/jishnu/ws_moveit2/install/moveit_resources_prbt_moveit_config:/home/jishnu/ws_moveit2/install/moveit_ros_move_group:/home/jishnu/ws_moveit2/install/moveit_planners_ompl:/home/jishnu/ws_moveit2/install/moveit_ros_planning:/home/jishnu/ws_moveit2/install/moveit_ros_occupancy_map_monitor:/home/jishnu/ws_moveit2/install/moveit_resources_prbt_support:/home/jishnu/ws_moveit2/install/moveit_resources_prbt_ikfast_manipulator_plugin:/home/jishnu/ws_moveit2/install/moveit_resources:/home/jishnu/ws_moveit2/install/moveit_resources_pr2_description:/home/jishnu/ws_moveit2/install/moveit_resources_panda_moveit_config:/home/jishnu/ws_moveit2/install/moveit_resources_panda_description:/home/jishnu/ws_moveit2/install/moveit_resources_fanuc_moveit_config:/home/jishnu/ws_moveit2/install/moveit_resources_fanuc_description:/home/jishnu/ws_moveit2/install/moveit_planners_chomp:/home/jishnu/ws_moveit2/install/moveit_kinematics:/home/jishnu/ws_moveit2/install/moveit_chomp_optimizer_adapter:/home/jishnu/ws_moveit2/install/chomp_motion_planner:/home/jishnu/ws_moveit2/install/moveit_core:/home/jishnu/ws_moveit2/install/moveit_common:/home/jishnu/ws_moveit2/install/joint_limits:/home/jishnu/ws_moveit2/install/controller_interface:/home/jishnu/ws_moveit2/install/hardware_interface:/home/jishnu/ws_moveit2/install/controller_manager_msgs:/home/jishnu/project/ros2-project/projects/workspace/src/install/py_pubsub:/home/jishnu/project/moveit-projects/ws_moveit2/install/ros2controlcli:/home/jishnu/project/moveit-projects/ws_moveit2/install/moveit_configs_utils:/home/jishnu/ws_moveit2/install/ros2controlcli:/home/jishnu/ws_moveit2/install/moveit_configs_utils:/opt/ros/humble /usr/bin/cmake --install /home/jishnu/project/ros2-project/projects/workspace/src/build/polygon_plugins
[1.468s] Level 1:colcon.colcon_core.environment:checking '/home/jishnu/project/ros2-project/projects/workspace/src/install/polygon_plugins' for CMake config files
[1.469s] Level 1:colcon.colcon_core.shell:create_environment_hook('polygon_plugins', 'cmake_prefix_path')
[1.472s] INFO:colcon.colcon_core.shell:Creating environment hook '/home/jishnu/project/ros2-project/projects/workspace/src/install/polygon_plugins/share/polygon_plugins/hook/cmake_prefix_path.ps1'
[1.472s] INFO:colcon.colcon_core.shell:Creating environment descriptor '/home/jishnu/project/ros2-project/projects/workspace/src/install/polygon_plugins/share/polygon_plugins/hook/cmake_prefix_path.dsv'
[1.472s] INFO:colcon.colcon_core.shell:Creating environment hook '/home/jishnu/project/ros2-project/projects/workspace/src/install/polygon_plugins/share/polygon_plugins/hook/cmake_prefix_path.sh'
[1.473s] Level 1:colcon.colcon_core.environment:checking '/home/jishnu/project/ros2-project/projects/workspace/src/install/polygon_plugins/lib'
[1.473s] Level 1:colcon.colcon_core.shell:create_environment_hook('polygon_plugins', 'ld_library_path_lib')
[1.476s] INFO:colcon.colcon_core.shell:Creating environment hook '/home/jishnu/project/ros2-project/projects/workspace/src/install/polygon_plugins/share/polygon_plugins/hook/ld_library_path_lib.ps1'
[1.477s] INFO:colcon.colcon_core.shell:Creating environment descriptor '/home/jishnu/project/ros2-project/projects/workspace/src/install/polygon_plugins/share/polygon_plugins/hook/ld_library_path_lib.dsv'
[1.477s] INFO:colcon.colcon_core.shell:Creating environment hook '/home/jishnu/project/ros2-project/projects/workspace/src/install/polygon_plugins/share/polygon_plugins/hook/ld_library_path_lib.sh'
[1.477s] Level 1:colcon.colcon_core.environment:checking '/home/jishnu/project/ros2-project/projects/workspace/src/install/polygon_plugins/bin'
[1.477s] Level 1:colcon.colcon_core.environment:checking '/home/jishnu/project/ros2-project/projects/workspace/src/install/polygon_plugins/lib/pkgconfig/polygon_plugins.pc'
[1.478s] Level 1:colcon.colcon_core.environment:checking '/home/jishnu/project/ros2-project/projects/workspace/src/install/polygon_plugins/lib/python3.10/site-packages'
[1.478s] Level 1:colcon.colcon_core.environment:checking '/home/jishnu/project/ros2-project/projects/workspace/src/install/polygon_plugins/bin'
[1.480s] INFO:colcon.colcon_core.shell:Creating package script '/home/jishnu/project/ros2-project/projects/workspace/src/install/polygon_plugins/share/polygon_plugins/package.ps1'
[1.481s] INFO:colcon.colcon_core.shell:Creating package descriptor '/home/jishnu/project/ros2-project/projects/workspace/src/install/polygon_plugins/share/polygon_plugins/package.dsv'
[1.481s] INFO:colcon.colcon_core.shell:Creating package script '/home/jishnu/project/ros2-project/projects/workspace/src/install/polygon_plugins/share/polygon_plugins/package.sh'
[1.482s] INFO:colcon.colcon_core.shell:Creating package script '/home/jishnu/project/ros2-project/projects/workspace/src/install/polygon_plugins/share/polygon_plugins/package.bash'
[1.482s] INFO:colcon.colcon_core.shell:Creating package script '/home/jishnu/project/ros2-project/projects/workspace/src/install/polygon_plugins/share/polygon_plugins/package.zsh'
[1.482s] Level 1:colcon.colcon_core.environment:create_file_with_runtime_dependencies(/home/jishnu/project/ros2-project/projects/workspace/src/install/polygon_plugins/share/colcon-core/packages/polygon_plugins)
[1.520s] Level 1:colcon.colcon_core.environment:create_environment_scripts_only(polygon_plugins)
[1.523s] Level 1:colcon.colcon_core.environment:checking '/home/jishnu/project/ros2-project/projects/workspace/src/install/polygon_plugins' for CMake module files
[1.524s] Level 1:colcon.colcon_core.environment:checking '/home/jishnu/project/ros2-project/projects/workspace/src/install/polygon_plugins' for CMake config files
[1.524s] Level 1:colcon.colcon_core.shell:create_environment_hook('polygon_plugins', 'cmake_prefix_path')
[1.526s] INFO:colcon.colcon_core.shell:Creating environment hook '/home/jishnu/project/ros2-project/projects/workspace/src/install/polygon_plugins/share/polygon_plugins/hook/cmake_prefix_path.ps1'
[1.526s] INFO:colcon.colcon_core.shell:Creating environment descriptor '/home/jishnu/project/ros2-project/projects/workspace/src/install/polygon_plugins/share/polygon_plugins/hook/cmake_prefix_path.dsv'
[1.527s] INFO:colcon.colcon_core.shell:Creating environment hook '/home/jishnu/project/ros2-project/projects/workspace/src/install/polygon_plugins/share/polygon_plugins/hook/cmake_prefix_path.sh'
[1.528s] Level 1:colcon.colcon_core.environment:checking '/home/jishnu/project/ros2-project/projects/workspace/src/install/polygon_plugins/lib'
[1.528s] Level 1:colcon.colcon_core.shell:create_environment_hook('polygon_plugins', 'ld_library_path_lib')
[1.530s] INFO:colcon.colcon_core.shell:Creating environment hook '/home/jishnu/project/ros2-project/projects/workspace/src/install/polygon_plugins/share/polygon_plugins/hook/ld_library_path_lib.ps1'
[1.530s] INFO:colcon.colcon_core.shell:Creating environment descriptor '/home/jishnu/project/ros2-project/projects/workspace/src/install/polygon_plugins/share/polygon_plugins/hook/ld_library_path_lib.dsv'
[1.530s] INFO:colcon.colcon_core.shell:Creating environment hook '/home/jishnu/project/ros2-project/projects/workspace/src/install/polygon_plugins/share/polygon_plugins/hook/ld_library_path_lib.sh'
[1.530s] Level 1:colcon.colcon_core.environment:checking '/home/jishnu/project/ros2-project/projects/workspace/src/install/polygon_plugins/bin'
[1.530s] Level 1:colcon.colcon_core.environment:checking '/home/jishnu/project/ros2-project/projects/workspace/src/install/polygon_plugins/lib/pkgconfig/polygon_plugins.pc'
[1.531s] Level 1:colcon.colcon_core.environment:checking '/home/jishnu/project/ros2-project/projects/workspace/src/install/polygon_plugins/lib/python3.10/site-packages'
[1.531s] Level 1:colcon.colcon_core.environment:checking '/home/jishnu/project/ros2-project/projects/workspace/src/install/polygon_plugins/bin'
[1.533s] INFO:colcon.colcon_core.shell:Creating package script '/home/jishnu/project/ros2-project/projects/workspace/src/install/polygon_plugins/share/polygon_plugins/package.ps1'
[1.533s] INFO:colcon.colcon_core.shell:Creating package descriptor '/home/jishnu/project/ros2-project/projects/workspace/src/install/polygon_plugins/share/polygon_plugins/package.dsv'
[1.534s] INFO:colcon.colcon_core.shell:Creating package script '/home/jishnu/project/ros2-project/projects/workspace/src/install/polygon_plugins/share/polygon_plugins/package.sh'
[1.534s] INFO:colcon.colcon_core.shell:Creating package script '/home/jishnu/project/ros2-project/projects/workspace/src/install/polygon_plugins/share/polygon_plugins/package.bash'
[1.534s] INFO:colcon.colcon_core.shell:Creating package script '/home/jishnu/project/ros2-project/projects/workspace/src/install/polygon_plugins/share/polygon_plugins/package.zsh'
[1.535s] Level 1:colcon.colcon_core.environment:create_file_with_runtime_dependencies(/home/jishnu/project/ros2-project/projects/workspace/src/install/polygon_plugins/share/colcon-core/packages/polygon_plugins)
[1.535s] DEBUG:colcon.colcon_parallel_executor.executor.parallel:closing loop
[1.535s] DEBUG:colcon.colcon_parallel_executor.executor.parallel:loop closed
[1.535s] DEBUG:colcon.colcon_parallel_executor.executor.parallel:run_until_complete finished with '0'
[1.535s] DEBUG:colcon.colcon_core.event_reactor:joining thread
[1.542s] INFO:colcon.colcon_core.plugin_system:Skipping extension 'colcon_notification.desktop_notification.terminal_notifier': Not used on non-Darwin systems
[1.542s] INFO:colcon.colcon_core.plugin_system:Skipping extension 'colcon_notification.desktop_notification.win32': Not used on non-Windows systems
[1.542s] INFO:colcon.colcon_notification.desktop_notification:Sending desktop notification using 'notify2'
[1.551s] DEBUG:colcon.colcon_core.event_reactor:joined thread
[1.555s] INFO:colcon.colcon_core.shell:Creating prefix script '/home/jishnu/project/ros2-project/projects/workspace/src/install/local_setup.ps1'
[1.556s] INFO:colcon.colcon_core.shell:Creating prefix util module '/home/jishnu/project/ros2-project/projects/workspace/src/install/_local_setup_util_ps1.py'
[1.557s] INFO:colcon.colcon_core.shell:Creating prefix chain script '/home/jishnu/project/ros2-project/projects/workspace/src/install/setup.ps1'
[1.562s] INFO:colcon.colcon_core.shell:Creating prefix script '/home/jishnu/project/ros2-project/projects/workspace/src/install/local_setup.sh'
[1.562s] INFO:colcon.colcon_core.shell:Creating prefix util module '/home/jishnu/project/ros2-project/projects/workspace/src/install/_local_setup_util_sh.py'
[1.563s] INFO:colcon.colcon_core.shell:Creating prefix chain script '/home/jishnu/project/ros2-project/projects/workspace/src/install/setup.sh'
[1.567s] INFO:colcon.colcon_core.shell:Creating prefix script '/home/jishnu/project/ros2-project/projects/workspace/src/install/local_setup.bash'
[1.568s] INFO:colcon.colcon_core.shell:Creating prefix chain script '/home/jishnu/project/ros2-project/projects/workspace/src/install/setup.bash'
[1.572s] INFO:colcon.colcon_core.shell:Creating prefix script '/home/jishnu/project/ros2-project/projects/workspace/src/install/local_setup.zsh'
[1.573s] INFO:colcon.colcon_core.shell:Creating prefix chain script '/home/jishnu/project/ros2-project/projects/workspace/src/install/setup.zsh'
