[0.339s] Invoking command in '/home/jishnu/project/ros2-project/projects/workspace/build/tutorial_interfaces': CMAKE_PREFIX_PATH=${CMAKE_PREFIX_PATH}:/home/jishnu/project/moveit-projects/ws_moveit2/install/ros2controlcli:/home/jishnu/project/moveit-projects/ws_moveit2/install/moveit_configs_utils:/home/jishnu/ws_moveit2/install/ros2controlcli:/home/jishnu/ws_moveit2/install/moveit_configs_utils:/opt/ros/humble /usr/bin/cmake --build /home/jishnu/project/ros2-project/projects/workspace/build/tutorial_interfaces -- -j8 -l8
[1.553s] [  2%] Built target tutorial_interfaces__cpp
[1.553s] [ 12%] Built target tutorial_interfaces__rosidl_generator_c
[1.554s] [ 23%] Built target tutorial_interfaces__rosidl_typesupport_c
[1.555s] [ 34%] Built target tutorial_interfaces__rosidl_typesupport_fastrtps_cpp
[1.555s] [ 44%] Built target tutorial_interfaces__rosidl_typesupport_introspection_cpp
[1.555s] [ 55%] Built target tutorial_interfaces__rosidl_typesupport_cpp
[1.556s] [ 65%] Built target tutorial_interfaces__rosidl_typesupport_introspection_c
[1.556s] [ 76%] Built target tutorial_interfaces__rosidl_typesupport_fastrtps_c
[1.556s] [ 76%] Built target ament_cmake_python_copy_tutorial_interfaces
[1.556s] [ 76%] Built target tutorial_interfaces
[1.556s] [ 78%] Built target tutorial_interfaces__py
[1.556s] [ 87%] Built target tutorial_interfaces__rosidl_generator_py
[1.557s] [ 91%] Built target tutorial_interfaces__rosidl_typesupport_fastrtps_c__pyext
[1.557s] running egg_info
[1.557s] writing tutorial_interfaces.egg-info/PKG-INFO
[1.557s] writing dependency_links to tutorial_interfaces.egg-info/dependency_links.txt
[1.557s] writing top-level names to tutorial_interfaces.egg-info/top_level.txt
[1.558s] [ 95%] Built target tutorial_interfaces__rosidl_typesupport_introspection_c__pyext
[1.558s] [100%] Built target tutorial_interfaces__rosidl_typesupport_c__pyext
[1.558s] reading manifest file 'tutorial_interfaces.egg-info/SOURCES.txt'
[1.558s] writing manifest file 'tutorial_interfaces.egg-info/SOURCES.txt'
[1.559s] [100%] Built target ament_cmake_python_build_tutorial_interfaces_egg
[1.562s] Invoked command in '/home/jishnu/project/ros2-project/projects/workspace/build/tutorial_interfaces' returned '0': CMAKE_PREFIX_PATH=${CMAKE_PREFIX_PATH}:/home/jishnu/project/moveit-projects/ws_moveit2/install/ros2controlcli:/home/jishnu/project/moveit-projects/ws_moveit2/install/moveit_configs_utils:/home/jishnu/ws_moveit2/install/ros2controlcli:/home/jishnu/ws_moveit2/install/moveit_configs_utils:/opt/ros/humble /usr/bin/cmake --build /home/jishnu/project/ros2-project/projects/workspace/build/tutorial_interfaces -- -j8 -l8
[2.049s] Invoking command in '/home/jishnu/project/ros2-project/projects/workspace/build/tutorial_interfaces': CMAKE_PREFIX_PATH=${CMAKE_PREFIX_PATH}:/home/jishnu/project/moveit-projects/ws_moveit2/install/ros2controlcli:/home/jishnu/project/moveit-projects/ws_moveit2/install/moveit_configs_utils:/home/jishnu/ws_moveit2/install/ros2controlcli:/home/jishnu/ws_moveit2/install/moveit_configs_utils:/opt/ros/humble /usr/bin/cmake --install /home/jishnu/project/ros2-project/projects/workspace/build/tutorial_interfaces
[2.125s] -- Install configuration: ""
[2.125s] -- Up-to-date: /home/jishnu/project/ros2-project/projects/workspace/install/tutorial_interfaces/share/ament_index/resource_index/rosidl_interfaces/tutorial_interfaces
[2.125s] -- Up-to-date: /home/jishnu/project/ros2-project/projects/workspace/install/tutorial_interfaces/include/tutorial_interfaces/tutorial_interfaces
[2.125s] -- Up-to-date: /home/jishnu/project/ros2-project/projects/workspace/install/tutorial_interfaces/include/tutorial_interfaces/tutorial_interfaces/srv
[2.125s] -- Up-to-date: /home/jishnu/project/ros2-project/projects/workspace/install/tutorial_interfaces/include/tutorial_interfaces/tutorial_interfaces/srv/detail
[2.126s] -- Up-to-date: /home/jishnu/project/ros2-project/projects/workspace/install/tutorial_interfaces/include/tutorial_interfaces/tutorial_interfaces/srv/detail/add_three_ints__functions.h
[2.126s] -- Up-to-date: /home/jishnu/project/ros2-project/projects/workspace/install/tutorial_interfaces/include/tutorial_interfaces/tutorial_interfaces/srv/detail/add_three_ints__type_support.h
[2.126s] -- Up-to-date: /home/jishnu/project/ros2-project/projects/workspace/install/tutorial_interfaces/include/tutorial_interfaces/tutorial_interfaces/srv/detail/add_three_ints__functions.c
[2.127s] -- Up-to-date: /home/jishnu/project/ros2-project/projects/workspace/install/tutorial_interfaces/include/tutorial_interfaces/tutorial_interfaces/srv/detail/add_three_ints__struct.h
[2.127s] -- Up-to-date: /home/jishnu/project/ros2-project/projects/workspace/install/tutorial_interfaces/include/tutorial_interfaces/tutorial_interfaces/srv/add_three_ints.h
[2.127s] -- Up-to-date: /home/jishnu/project/ros2-project/projects/workspace/install/tutorial_interfaces/include/tutorial_interfaces/tutorial_interfaces/msg
[2.127s] -- Up-to-date: /home/jishnu/project/ros2-project/projects/workspace/install/tutorial_interfaces/include/tutorial_interfaces/tutorial_interfaces/msg/rosidl_generator_c__visibility_control.h
[2.128s] -- Up-to-date: /home/jishnu/project/ros2-project/projects/workspace/install/tutorial_interfaces/include/tutorial_interfaces/tutorial_interfaces/msg/num.h
[2.128s] -- Up-to-date: /home/jishnu/project/ros2-project/projects/workspace/install/tutorial_interfaces/include/tutorial_interfaces/tutorial_interfaces/msg/detail
[2.128s] -- Up-to-date: /home/jishnu/project/ros2-project/projects/workspace/install/tutorial_interfaces/include/tutorial_interfaces/tutorial_interfaces/msg/detail/num__functions.h
[2.128s] -- Up-to-date: /home/jishnu/project/ros2-project/projects/workspace/install/tutorial_interfaces/include/tutorial_interfaces/tutorial_interfaces/msg/detail/sphere__struct.h
[2.128s] -- Up-to-date: /home/jishnu/project/ros2-project/projects/workspace/install/tutorial_interfaces/include/tutorial_interfaces/tutorial_interfaces/msg/detail/sphere__functions.c
[2.128s] -- Up-to-date: /home/jishnu/project/ros2-project/projects/workspace/install/tutorial_interfaces/include/tutorial_interfaces/tutorial_interfaces/msg/detail/num__struct.h
[2.128s] -- Up-to-date: /home/jishnu/project/ros2-project/projects/workspace/install/tutorial_interfaces/include/tutorial_interfaces/tutorial_interfaces/msg/detail/num__type_support.h
[2.128s] -- Up-to-date: /home/jishnu/project/ros2-project/projects/workspace/install/tutorial_interfaces/include/tutorial_interfaces/tutorial_interfaces/msg/detail/sphere__functions.h
[2.128s] -- Up-to-date: /home/jishnu/project/ros2-project/projects/workspace/install/tutorial_interfaces/include/tutorial_interfaces/tutorial_interfaces/msg/detail/sphere__type_support.h
[2.128s] -- Up-to-date: /home/jishnu/project/ros2-project/projects/workspace/install/tutorial_interfaces/include/tutorial_interfaces/tutorial_interfaces/msg/detail/num__functions.c
[2.128s] -- Up-to-date: /home/jishnu/project/ros2-project/projects/workspace/install/tutorial_interfaces/include/tutorial_interfaces/tutorial_interfaces/msg/sphere.h
[2.129s] -- Up-to-date: /home/jishnu/project/ros2-project/projects/workspace/install/tutorial_interfaces/share/tutorial_interfaces/environment/library_path.sh
[2.129s] -- Up-to-date: /home/jishnu/project/ros2-project/projects/workspace/install/tutorial_interfaces/share/tutorial_interfaces/environment/library_path.dsv
[2.129s] -- Up-to-date: /home/jishnu/project/ros2-project/projects/workspace/install/tutorial_interfaces/lib/libtutorial_interfaces__rosidl_generator_c.so
[2.129s] -- Up-to-date: /home/jishnu/project/ros2-project/projects/workspace/install/tutorial_interfaces/include/tutorial_interfaces/tutorial_interfaces
[2.129s] -- Up-to-date: /home/jishnu/project/ros2-project/projects/workspace/install/tutorial_interfaces/include/tutorial_interfaces/tutorial_interfaces/srv
[2.129s] -- Up-to-date: /home/jishnu/project/ros2-project/projects/workspace/install/tutorial_interfaces/include/tutorial_interfaces/tutorial_interfaces/srv/detail
[2.129s] -- Up-to-date: /home/jishnu/project/ros2-project/projects/workspace/install/tutorial_interfaces/include/tutorial_interfaces/tutorial_interfaces/srv/detail/add_three_ints__rosidl_typesupport_fastrtps_c.h
[2.129s] -- Up-to-date: /home/jishnu/project/ros2-project/projects/workspace/install/tutorial_interfaces/include/tutorial_interfaces/tutorial_interfaces/msg
[2.129s] -- Up-to-date: /home/jishnu/project/ros2-project/projects/workspace/install/tutorial_interfaces/include/tutorial_interfaces/tutorial_interfaces/msg/rosidl_typesupport_fastrtps_c__visibility_control.h
[2.129s] -- Up-to-date: /home/jishnu/project/ros2-project/projects/workspace/install/tutorial_interfaces/include/tutorial_interfaces/tutorial_interfaces/msg/detail
[2.129s] -- Up-to-date: /home/jishnu/project/ros2-project/projects/workspace/install/tutorial_interfaces/include/tutorial_interfaces/tutorial_interfaces/msg/detail/sphere__rosidl_typesupport_fastrtps_c.h
[2.130s] -- Up-to-date: /home/jishnu/project/ros2-project/projects/workspace/install/tutorial_interfaces/include/tutorial_interfaces/tutorial_interfaces/msg/detail/num__rosidl_typesupport_fastrtps_c.h
[2.130s] -- Installing: /home/jishnu/project/ros2-project/projects/workspace/install/tutorial_interfaces/lib/libtutorial_interfaces__rosidl_typesupport_fastrtps_c.so
[2.130s] -- Set runtime path of "/home/jishnu/project/ros2-project/projects/workspace/install/tutorial_interfaces/lib/libtutorial_interfaces__rosidl_typesupport_fastrtps_c.so" to ""
[2.130s] -- Up-to-date: /home/jishnu/project/ros2-project/projects/workspace/install/tutorial_interfaces/include/tutorial_interfaces/tutorial_interfaces
[2.130s] -- Up-to-date: /home/jishnu/project/ros2-project/projects/workspace/install/tutorial_interfaces/include/tutorial_interfaces/tutorial_interfaces/srv
[2.130s] -- Up-to-date: /home/jishnu/project/ros2-project/projects/workspace/install/tutorial_interfaces/include/tutorial_interfaces/tutorial_interfaces/srv/add_three_ints.hpp
[2.130s] -- Up-to-date: /home/jishnu/project/ros2-project/projects/workspace/install/tutorial_interfaces/include/tutorial_interfaces/tutorial_interfaces/srv/detail
[2.130s] -- Up-to-date: /home/jishnu/project/ros2-project/projects/workspace/install/tutorial_interfaces/include/tutorial_interfaces/tutorial_interfaces/srv/detail/add_three_ints__traits.hpp
[2.130s] -- Up-to-date: /home/jishnu/project/ros2-project/projects/workspace/install/tutorial_interfaces/include/tutorial_interfaces/tutorial_interfaces/srv/detail/add_three_ints__builder.hpp
[2.130s] -- Up-to-date: /home/jishnu/project/ros2-project/projects/workspace/install/tutorial_interfaces/include/tutorial_interfaces/tutorial_interfaces/srv/detail/add_three_ints__struct.hpp
[2.130s] -- Up-to-date: /home/jishnu/project/ros2-project/projects/workspace/install/tutorial_interfaces/include/tutorial_interfaces/tutorial_interfaces/msg
[2.131s] -- Up-to-date: /home/jishnu/project/ros2-project/projects/workspace/install/tutorial_interfaces/include/tutorial_interfaces/tutorial_interfaces/msg/num.hpp
[2.131s] -- Up-to-date: /home/jishnu/project/ros2-project/projects/workspace/install/tutorial_interfaces/include/tutorial_interfaces/tutorial_interfaces/msg/sphere.hpp
[2.131s] -- Up-to-date: /home/jishnu/project/ros2-project/projects/workspace/install/tutorial_interfaces/include/tutorial_interfaces/tutorial_interfaces/msg/detail
[2.131s] -- Up-to-date: /home/jishnu/project/ros2-project/projects/workspace/install/tutorial_interfaces/include/tutorial_interfaces/tutorial_interfaces/msg/detail/sphere__builder.hpp
[2.131s] -- Up-to-date: /home/jishnu/project/ros2-project/projects/workspace/install/tutorial_interfaces/include/tutorial_interfaces/tutorial_interfaces/msg/detail/num__traits.hpp
[2.131s] -- Up-to-date: /home/jishnu/project/ros2-project/projects/workspace/install/tutorial_interfaces/include/tutorial_interfaces/tutorial_interfaces/msg/detail/sphere__traits.hpp
[2.131s] -- Up-to-date: /home/jishnu/project/ros2-project/projects/workspace/install/tutorial_interfaces/include/tutorial_interfaces/tutorial_interfaces/msg/detail/sphere__struct.hpp
[2.131s] -- Up-to-date: /home/jishnu/project/ros2-project/projects/workspace/install/tutorial_interfaces/include/tutorial_interfaces/tutorial_interfaces/msg/detail/num__builder.hpp
[2.131s] -- Up-to-date: /home/jishnu/project/ros2-project/projects/workspace/install/tutorial_interfaces/include/tutorial_interfaces/tutorial_interfaces/msg/detail/num__struct.hpp
[2.131s] -- Up-to-date: /home/jishnu/project/ros2-project/projects/workspace/install/tutorial_interfaces/include/tutorial_interfaces/tutorial_interfaces
[2.131s] -- Up-to-date: /home/jishnu/project/ros2-project/projects/workspace/install/tutorial_interfaces/include/tutorial_interfaces/tutorial_interfaces/srv
[2.132s] -- Up-to-date: /home/jishnu/project/ros2-project/projects/workspace/install/tutorial_interfaces/include/tutorial_interfaces/tutorial_interfaces/srv/detail
[2.132s] -- Up-to-date: /home/jishnu/project/ros2-project/projects/workspace/install/tutorial_interfaces/include/tutorial_interfaces/tutorial_interfaces/srv/detail/add_three_ints__rosidl_typesupport_fastrtps_cpp.hpp
[2.132s] -- Up-to-date: /home/jishnu/project/ros2-project/projects/workspace/install/tutorial_interfaces/include/tutorial_interfaces/tutorial_interfaces/srv/detail/dds_fastrtps
[2.132s] -- Up-to-date: /home/jishnu/project/ros2-project/projects/workspace/install/tutorial_interfaces/include/tutorial_interfaces/tutorial_interfaces/msg
[2.132s] -- Up-to-date: /home/jishnu/project/ros2-project/projects/workspace/install/tutorial_interfaces/include/tutorial_interfaces/tutorial_interfaces/msg/rosidl_typesupport_fastrtps_cpp__visibility_control.h
[2.132s] -- Up-to-date: /home/jishnu/project/ros2-project/projects/workspace/install/tutorial_interfaces/include/tutorial_interfaces/tutorial_interfaces/msg/detail
[2.132s] -- Up-to-date: /home/jishnu/project/ros2-project/projects/workspace/install/tutorial_interfaces/include/tutorial_interfaces/tutorial_interfaces/msg/detail/num__rosidl_typesupport_fastrtps_cpp.hpp
[2.132s] -- Up-to-date: /home/jishnu/project/ros2-project/projects/workspace/install/tutorial_interfaces/include/tutorial_interfaces/tutorial_interfaces/msg/detail/sphere__rosidl_typesupport_fastrtps_cpp.hpp
[2.132s] -- Up-to-date: /home/jishnu/project/ros2-project/projects/workspace/install/tutorial_interfaces/include/tutorial_interfaces/tutorial_interfaces/msg/detail/dds_fastrtps
[2.141s] -- Installing: /home/jishnu/project/ros2-project/projects/workspace/install/tutorial_interfaces/lib/libtutorial_interfaces__rosidl_typesupport_fastrtps_cpp.so
[2.162s] -- Set runtime path of "/home/jishnu/project/ros2-project/projects/workspace/install/tutorial_interfaces/lib/libtutorial_interfaces__rosidl_typesupport_fastrtps_cpp.so" to ""
[2.163s] -- Up-to-date: /home/jishnu/project/ros2-project/projects/workspace/install/tutorial_interfaces/include/tutorial_interfaces/tutorial_interfaces
[2.163s] -- Up-to-date: /home/jishnu/project/ros2-project/projects/workspace/install/tutorial_interfaces/include/tutorial_interfaces/tutorial_interfaces/srv
[2.163s] -- Up-to-date: /home/jishnu/project/ros2-project/projects/workspace/install/tutorial_interfaces/include/tutorial_interfaces/tutorial_interfaces/srv/detail
[2.163s] -- Up-to-date: /home/jishnu/project/ros2-project/projects/workspace/install/tutorial_interfaces/include/tutorial_interfaces/tutorial_interfaces/srv/detail/add_three_ints__type_support.c
[2.171s] -- Up-to-date: /home/jishnu/project/ros2-project/projects/workspace/install/tutorial_interfaces/include/tutorial_interfaces/tutorial_interfaces/srv/detail/add_three_ints__rosidl_typesupport_introspection_c.h
[2.171s] -- Up-to-date: /home/jishnu/project/ros2-project/projects/workspace/install/tutorial_interfaces/include/tutorial_interfaces/tutorial_interfaces/msg
[2.171s] -- Up-to-date: /home/jishnu/project/ros2-project/projects/workspace/install/tutorial_interfaces/include/tutorial_interfaces/tutorial_interfaces/msg/detail
[2.171s] -- Up-to-date: /home/jishnu/project/ros2-project/projects/workspace/install/tutorial_interfaces/include/tutorial_interfaces/tutorial_interfaces/msg/detail/num__type_support.c
[2.171s] -- Up-to-date: /home/jishnu/project/ros2-project/projects/workspace/install/tutorial_interfaces/include/tutorial_interfaces/tutorial_interfaces/msg/detail/num__rosidl_typesupport_introspection_c.h
[2.172s] -- Up-to-date: /home/jishnu/project/ros2-project/projects/workspace/install/tutorial_interfaces/include/tutorial_interfaces/tutorial_interfaces/msg/detail/sphere__rosidl_typesupport_introspection_c.h
[2.172s] -- Up-to-date: /home/jishnu/project/ros2-project/projects/workspace/install/tutorial_interfaces/include/tutorial_interfaces/tutorial_interfaces/msg/detail/sphere__type_support.c
[2.172s] -- Up-to-date: /home/jishnu/project/ros2-project/projects/workspace/install/tutorial_interfaces/include/tutorial_interfaces/tutorial_interfaces/msg/rosidl_typesupport_introspection_c__visibility_control.h
[2.172s] -- Up-to-date: /home/jishnu/project/ros2-project/projects/workspace/install/tutorial_interfaces/lib/libtutorial_interfaces__rosidl_typesupport_introspection_c.so
[2.172s] -- Up-to-date: /home/jishnu/project/ros2-project/projects/workspace/install/tutorial_interfaces/lib/libtutorial_interfaces__rosidl_typesupport_c.so
[2.172s] -- Up-to-date: /home/jishnu/project/ros2-project/projects/workspace/install/tutorial_interfaces/include/tutorial_interfaces/tutorial_interfaces
[2.172s] -- Up-to-date: /home/jishnu/project/ros2-project/projects/workspace/install/tutorial_interfaces/include/tutorial_interfaces/tutorial_interfaces/srv
[2.174s] -- Up-to-date: /home/jishnu/project/ros2-project/projects/workspace/install/tutorial_interfaces/include/tutorial_interfaces/tutorial_interfaces/srv/detail
[2.174s] -- Up-to-date: /home/jishnu/project/ros2-project/projects/workspace/install/tutorial_interfaces/include/tutorial_interfaces/tutorial_interfaces/srv/detail/add_three_ints__type_support.cpp
[2.174s] -- Up-to-date: /home/jishnu/project/ros2-project/projects/workspace/install/tutorial_interfaces/include/tutorial_interfaces/tutorial_interfaces/srv/detail/add_three_ints__rosidl_typesupport_introspection_cpp.hpp
[2.174s] -- Up-to-date: /home/jishnu/project/ros2-project/projects/workspace/install/tutorial_interfaces/include/tutorial_interfaces/tutorial_interfaces/msg
[2.174s] -- Up-to-date: /home/jishnu/project/ros2-project/projects/workspace/install/tutorial_interfaces/include/tutorial_interfaces/tutorial_interfaces/msg/detail
[2.174s] -- Up-to-date: /home/jishnu/project/ros2-project/projects/workspace/install/tutorial_interfaces/include/tutorial_interfaces/tutorial_interfaces/msg/detail/sphere__type_support.cpp
[2.174s] -- Up-to-date: /home/jishnu/project/ros2-project/projects/workspace/install/tutorial_interfaces/include/tutorial_interfaces/tutorial_interfaces/msg/detail/num__type_support.cpp
[2.175s] -- Up-to-date: /home/jishnu/project/ros2-project/projects/workspace/install/tutorial_interfaces/include/tutorial_interfaces/tutorial_interfaces/msg/detail/num__rosidl_typesupport_introspection_cpp.hpp
[2.175s] -- Up-to-date: /home/jishnu/project/ros2-project/projects/workspace/install/tutorial_interfaces/include/tutorial_interfaces/tutorial_interfaces/msg/detail/sphere__rosidl_typesupport_introspection_cpp.hpp
[2.177s] -- Installing: /home/jishnu/project/ros2-project/projects/workspace/install/tutorial_interfaces/lib/libtutorial_interfaces__rosidl_typesupport_introspection_cpp.so
[2.195s] -- Set runtime path of "/home/jishnu/project/ros2-project/projects/workspace/install/tutorial_interfaces/lib/libtutorial_interfaces__rosidl_typesupport_introspection_cpp.so" to ""
[2.196s] -- Installing: /home/jishnu/project/ros2-project/projects/workspace/install/tutorial_interfaces/lib/libtutorial_interfaces__rosidl_typesupport_cpp.so
[2.206s] -- Set runtime path of "/home/jishnu/project/ros2-project/projects/workspace/install/tutorial_interfaces/lib/libtutorial_interfaces__rosidl_typesupport_cpp.so" to ""
[2.206s] -- Up-to-date: /home/jishnu/project/ros2-project/projects/workspace/install/tutorial_interfaces/share/tutorial_interfaces/environment/pythonpath.sh
[2.206s] -- Up-to-date: /home/jishnu/project/ros2-project/projects/workspace/install/tutorial_interfaces/share/tutorial_interfaces/environment/pythonpath.dsv
[2.206s] -- Up-to-date: /home/jishnu/project/ros2-project/projects/workspace/install/tutorial_interfaces/local/lib/python3.10/dist-packages/tutorial_interfaces-0.0.0-py3.10.egg-info
[2.207s] -- Installing: /home/jishnu/project/ros2-project/projects/workspace/install/tutorial_interfaces/local/lib/python3.10/dist-packages/tutorial_interfaces-0.0.0-py3.10.egg-info/top_level.txt
[2.207s] -- Installing: /home/jishnu/project/ros2-project/projects/workspace/install/tutorial_interfaces/local/lib/python3.10/dist-packages/tutorial_interfaces-0.0.0-py3.10.egg-info/dependency_links.txt
[2.207s] -- Installing: /home/jishnu/project/ros2-project/projects/workspace/install/tutorial_interfaces/local/lib/python3.10/dist-packages/tutorial_interfaces-0.0.0-py3.10.egg-info/SOURCES.txt
[2.207s] -- Installing: /home/jishnu/project/ros2-project/projects/workspace/install/tutorial_interfaces/local/lib/python3.10/dist-packages/tutorial_interfaces-0.0.0-py3.10.egg-info/PKG-INFO
[2.208s] -- Up-to-date: /home/jishnu/project/ros2-project/projects/workspace/install/tutorial_interfaces/local/lib/python3.10/dist-packages/tutorial_interfaces
[2.208s] -- Up-to-date: /home/jishnu/project/ros2-project/projects/workspace/install/tutorial_interfaces/local/lib/python3.10/dist-packages/tutorial_interfaces/srv
[2.208s] -- Up-to-date: /home/jishnu/project/ros2-project/projects/workspace/install/tutorial_interfaces/local/lib/python3.10/dist-packages/tutorial_interfaces/srv/__init__.py
[2.208s] -- Up-to-date: /home/jishnu/project/ros2-project/projects/workspace/install/tutorial_interfaces/local/lib/python3.10/dist-packages/tutorial_interfaces/srv/_add_three_ints.py
[2.208s] -- Up-to-date: /home/jishnu/project/ros2-project/projects/workspace/install/tutorial_interfaces/local/lib/python3.10/dist-packages/tutorial_interfaces/srv/_add_three_ints_s.c
[2.208s] -- Up-to-date: /home/jishnu/project/ros2-project/projects/workspace/install/tutorial_interfaces/local/lib/python3.10/dist-packages/tutorial_interfaces/msg
[2.208s] -- Up-to-date: /home/jishnu/project/ros2-project/projects/workspace/install/tutorial_interfaces/local/lib/python3.10/dist-packages/tutorial_interfaces/msg/_sphere.py
[2.209s] -- Up-to-date: /home/jishnu/project/ros2-project/projects/workspace/install/tutorial_interfaces/local/lib/python3.10/dist-packages/tutorial_interfaces/msg/_num.py
[2.209s] -- Up-to-date: /home/jishnu/project/ros2-project/projects/workspace/install/tutorial_interfaces/local/lib/python3.10/dist-packages/tutorial_interfaces/msg/__init__.py
[2.209s] -- Up-to-date: /home/jishnu/project/ros2-project/projects/workspace/install/tutorial_interfaces/local/lib/python3.10/dist-packages/tutorial_interfaces/msg/_num_s.c
[2.209s] -- Up-to-date: /home/jishnu/project/ros2-project/projects/workspace/install/tutorial_interfaces/local/lib/python3.10/dist-packages/tutorial_interfaces/msg/_sphere_s.c
[2.209s] -- Installing: /home/jishnu/project/ros2-project/projects/workspace/install/tutorial_interfaces/local/lib/python3.10/dist-packages/tutorial_interfaces/tutorial_interfaces_s__rosidl_typesupport_introspection_c.cpython-310-x86_64-linux-gnu.so
[2.209s] -- Up-to-date: /home/jishnu/project/ros2-project/projects/workspace/install/tutorial_interfaces/local/lib/python3.10/dist-packages/tutorial_interfaces/__init__.py
[2.209s] -- Installing: /home/jishnu/project/ros2-project/projects/workspace/install/tutorial_interfaces/local/lib/python3.10/dist-packages/tutorial_interfaces/libtutorial_interfaces__rosidl_generator_py.so
[2.210s] -- Installing: /home/jishnu/project/ros2-project/projects/workspace/install/tutorial_interfaces/local/lib/python3.10/dist-packages/tutorial_interfaces/tutorial_interfaces_s__rosidl_typesupport_c.cpython-310-x86_64-linux-gnu.so
[2.210s] -- Up-to-date: /home/jishnu/project/ros2-project/projects/workspace/install/tutorial_interfaces/local/lib/python3.10/dist-packages/tutorial_interfaces/_tutorial_interfaces_s.ep.rosidl_typesupport_introspection_c.c
[2.210s] -- Installing: /home/jishnu/project/ros2-project/projects/workspace/install/tutorial_interfaces/local/lib/python3.10/dist-packages/tutorial_interfaces/tutorial_interfaces_s__rosidl_typesupport_fastrtps_c.cpython-310-x86_64-linux-gnu.so
[2.210s] -- Up-to-date: /home/jishnu/project/ros2-project/projects/workspace/install/tutorial_interfaces/local/lib/python3.10/dist-packages/tutorial_interfaces/_tutorial_interfaces_s.ep.rosidl_typesupport_fastrtps_c.c
[2.210s] -- Up-to-date: /home/jishnu/project/ros2-project/projects/workspace/install/tutorial_interfaces/local/lib/python3.10/dist-packages/tutorial_interfaces/_tutorial_interfaces_s.ep.rosidl_typesupport_c.c
[2.283s] Listing '/home/jishnu/project/ros2-project/projects/workspace/install/tutorial_interfaces/local/lib/python3.10/dist-packages/tutorial_interfaces'...
[2.283s] Listing '/home/jishnu/project/ros2-project/projects/workspace/install/tutorial_interfaces/local/lib/python3.10/dist-packages/tutorial_interfaces/msg'...
[2.283s] Listing '/home/jishnu/project/ros2-project/projects/workspace/install/tutorial_interfaces/local/lib/python3.10/dist-packages/tutorial_interfaces/srv'...
[2.291s] -- Installing: /home/jishnu/project/ros2-project/projects/workspace/install/tutorial_interfaces/local/lib/python3.10/dist-packages/tutorial_interfaces/tutorial_interfaces_s__rosidl_typesupport_fastrtps_c.cpython-310-x86_64-linux-gnu.so
[2.291s] -- Set runtime path of "/home/jishnu/project/ros2-project/projects/workspace/install/tutorial_interfaces/local/lib/python3.10/dist-packages/tutorial_interfaces/tutorial_interfaces_s__rosidl_typesupport_fastrtps_c.cpython-310-x86_64-linux-gnu.so" to ""
[2.292s] -- Installing: /home/jishnu/project/ros2-project/projects/workspace/install/tutorial_interfaces/local/lib/python3.10/dist-packages/tutorial_interfaces/tutorial_interfaces_s__rosidl_typesupport_introspection_c.cpython-310-x86_64-linux-gnu.so
[2.292s] -- Set runtime path of "/home/jishnu/project/ros2-project/projects/workspace/install/tutorial_interfaces/local/lib/python3.10/dist-packages/tutorial_interfaces/tutorial_interfaces_s__rosidl_typesupport_introspection_c.cpython-310-x86_64-linux-gnu.so" to ""
[2.292s] -- Installing: /home/jishnu/project/ros2-project/projects/workspace/install/tutorial_interfaces/local/lib/python3.10/dist-packages/tutorial_interfaces/tutorial_interfaces_s__rosidl_typesupport_c.cpython-310-x86_64-linux-gnu.so
[2.293s] -- Set runtime path of "/home/jishnu/project/ros2-project/projects/workspace/install/tutorial_interfaces/local/lib/python3.10/dist-packages/tutorial_interfaces/tutorial_interfaces_s__rosidl_typesupport_c.cpython-310-x86_64-linux-gnu.so" to ""
[2.293s] -- Installing: /home/jishnu/project/ros2-project/projects/workspace/install/tutorial_interfaces/lib/libtutorial_interfaces__rosidl_generator_py.so
[2.294s] -- Set runtime path of "/home/jishnu/project/ros2-project/projects/workspace/install/tutorial_interfaces/lib/libtutorial_interfaces__rosidl_generator_py.so" to ""
[2.294s] -- Up-to-date: /home/jishnu/project/ros2-project/projects/workspace/install/tutorial_interfaces/share/tutorial_interfaces/msg/Num.idl
[2.295s] -- Up-to-date: /home/jishnu/project/ros2-project/projects/workspace/install/tutorial_interfaces/share/tutorial_interfaces/msg/Sphere.idl
[2.295s] -- Up-to-date: /home/jishnu/project/ros2-project/projects/workspace/install/tutorial_interfaces/share/tutorial_interfaces/srv/AddThreeInts.idl
[2.295s] -- Up-to-date: /home/jishnu/project/ros2-project/projects/workspace/install/tutorial_interfaces/share/tutorial_interfaces/msg/Num.msg
[2.295s] -- Up-to-date: /home/jishnu/project/ros2-project/projects/workspace/install/tutorial_interfaces/share/tutorial_interfaces/msg/Sphere.msg
[2.295s] -- Up-to-date: /home/jishnu/project/ros2-project/projects/workspace/install/tutorial_interfaces/share/tutorial_interfaces/srv/AddThreeInts.srv
[2.296s] -- Up-to-date: /home/jishnu/project/ros2-project/projects/workspace/install/tutorial_interfaces/share/tutorial_interfaces/srv/AddThreeInts_Request.msg
[2.296s] -- Up-to-date: /home/jishnu/project/ros2-project/projects/workspace/install/tutorial_interfaces/share/tutorial_interfaces/srv/AddThreeInts_Response.msg
[2.296s] -- Up-to-date: /home/jishnu/project/ros2-project/projects/workspace/install/tutorial_interfaces/share/ament_index/resource_index/package_run_dependencies/tutorial_interfaces
[2.296s] -- Up-to-date: /home/jishnu/project/ros2-project/projects/workspace/install/tutorial_interfaces/share/ament_index/resource_index/parent_prefix_path/tutorial_interfaces
[2.296s] -- Up-to-date: /home/jishnu/project/ros2-project/projects/workspace/install/tutorial_interfaces/share/tutorial_interfaces/environment/ament_prefix_path.sh
[2.296s] -- Up-to-date: /home/jishnu/project/ros2-project/projects/workspace/install/tutorial_interfaces/share/tutorial_interfaces/environment/ament_prefix_path.dsv
[2.296s] -- Up-to-date: /home/jishnu/project/ros2-project/projects/workspace/install/tutorial_interfaces/share/tutorial_interfaces/environment/path.sh
[2.296s] -- Up-to-date: /home/jishnu/project/ros2-project/projects/workspace/install/tutorial_interfaces/share/tutorial_interfaces/environment/path.dsv
[2.297s] -- Up-to-date: /home/jishnu/project/ros2-project/projects/workspace/install/tutorial_interfaces/share/tutorial_interfaces/local_setup.bash
[2.297s] -- Up-to-date: /home/jishnu/project/ros2-project/projects/workspace/install/tutorial_interfaces/share/tutorial_interfaces/local_setup.sh
[2.297s] -- Up-to-date: /home/jishnu/project/ros2-project/projects/workspace/install/tutorial_interfaces/share/tutorial_interfaces/local_setup.zsh
[2.297s] -- Up-to-date: /home/jishnu/project/ros2-project/projects/workspace/install/tutorial_interfaces/share/tutorial_interfaces/local_setup.dsv
[2.297s] -- Installing: /home/jishnu/project/ros2-project/projects/workspace/install/tutorial_interfaces/share/tutorial_interfaces/package.dsv
[2.315s] -- Up-to-date: /home/jishnu/project/ros2-project/projects/workspace/install/tutorial_interfaces/share/ament_index/resource_index/packages/tutorial_interfaces
[2.316s] -- Up-to-date: /home/jishnu/project/ros2-project/projects/workspace/install/tutorial_interfaces/share/tutorial_interfaces/cmake/export_tutorial_interfaces__rosidl_generator_cExport.cmake
[2.316s] -- Up-to-date: /home/jishnu/project/ros2-project/projects/workspace/install/tutorial_interfaces/share/tutorial_interfaces/cmake/export_tutorial_interfaces__rosidl_generator_cExport-noconfig.cmake
[2.317s] -- Up-to-date: /home/jishnu/project/ros2-project/projects/workspace/install/tutorial_interfaces/share/tutorial_interfaces/cmake/export_tutorial_interfaces__rosidl_typesupport_fastrtps_cExport.cmake
[2.317s] -- Up-to-date: /home/jishnu/project/ros2-project/projects/workspace/install/tutorial_interfaces/share/tutorial_interfaces/cmake/export_tutorial_interfaces__rosidl_typesupport_fastrtps_cExport-noconfig.cmake
[2.317s] -- Up-to-date: /home/jishnu/project/ros2-project/projects/workspace/install/tutorial_interfaces/share/tutorial_interfaces/cmake/export_tutorial_interfaces__rosidl_generator_cppExport.cmake
[2.328s] -- Up-to-date: /home/jishnu/project/ros2-project/projects/workspace/install/tutorial_interfaces/share/tutorial_interfaces/cmake/export_tutorial_interfaces__rosidl_typesupport_fastrtps_cppExport.cmake
[2.328s] -- Up-to-date: /home/jishnu/project/ros2-project/projects/workspace/install/tutorial_interfaces/share/tutorial_interfaces/cmake/export_tutorial_interfaces__rosidl_typesupport_fastrtps_cppExport-noconfig.cmake
[2.329s] -- Up-to-date: /home/jishnu/project/ros2-project/projects/workspace/install/tutorial_interfaces/share/tutorial_interfaces/cmake/tutorial_interfaces__rosidl_typesupport_introspection_cExport.cmake
[2.329s] -- Up-to-date: /home/jishnu/project/ros2-project/projects/workspace/install/tutorial_interfaces/share/tutorial_interfaces/cmake/tutorial_interfaces__rosidl_typesupport_introspection_cExport-noconfig.cmake
[2.329s] -- Up-to-date: /home/jishnu/project/ros2-project/projects/workspace/install/tutorial_interfaces/share/tutorial_interfaces/cmake/tutorial_interfaces__rosidl_typesupport_cExport.cmake
[2.329s] -- Up-to-date: /home/jishnu/project/ros2-project/projects/workspace/install/tutorial_interfaces/share/tutorial_interfaces/cmake/tutorial_interfaces__rosidl_typesupport_cExport-noconfig.cmake
[2.330s] -- Up-to-date: /home/jishnu/project/ros2-project/projects/workspace/install/tutorial_interfaces/share/tutorial_interfaces/cmake/tutorial_interfaces__rosidl_typesupport_introspection_cppExport.cmake
[2.330s] -- Up-to-date: /home/jishnu/project/ros2-project/projects/workspace/install/tutorial_interfaces/share/tutorial_interfaces/cmake/tutorial_interfaces__rosidl_typesupport_introspection_cppExport-noconfig.cmake
[2.331s] -- Up-to-date: /home/jishnu/project/ros2-project/projects/workspace/install/tutorial_interfaces/share/tutorial_interfaces/cmake/tutorial_interfaces__rosidl_typesupport_cppExport.cmake
[2.331s] -- Up-to-date: /home/jishnu/project/ros2-project/projects/workspace/install/tutorial_interfaces/share/tutorial_interfaces/cmake/tutorial_interfaces__rosidl_typesupport_cppExport-noconfig.cmake
[2.331s] -- Up-to-date: /home/jishnu/project/ros2-project/projects/workspace/install/tutorial_interfaces/share/tutorial_interfaces/cmake/export_tutorial_interfaces__rosidl_generator_pyExport.cmake
[2.331s] -- Up-to-date: /home/jishnu/project/ros2-project/projects/workspace/install/tutorial_interfaces/share/tutorial_interfaces/cmake/export_tutorial_interfaces__rosidl_generator_pyExport-noconfig.cmake
[2.332s] -- Up-to-date: /home/jishnu/project/ros2-project/projects/workspace/install/tutorial_interfaces/share/tutorial_interfaces/cmake/rosidl_cmake-extras.cmake
[2.332s] -- Up-to-date: /home/jishnu/project/ros2-project/projects/workspace/install/tutorial_interfaces/share/tutorial_interfaces/cmake/ament_cmake_export_dependencies-extras.cmake
[2.332s] -- Up-to-date: /home/jishnu/project/ros2-project/projects/workspace/install/tutorial_interfaces/share/tutorial_interfaces/cmake/ament_cmake_export_include_directories-extras.cmake
[2.332s] -- Up-to-date: /home/jishnu/project/ros2-project/projects/workspace/install/tutorial_interfaces/share/tutorial_interfaces/cmake/ament_cmake_export_libraries-extras.cmake
[2.332s] -- Up-to-date: /home/jishnu/project/ros2-project/projects/workspace/install/tutorial_interfaces/share/tutorial_interfaces/cmake/ament_cmake_export_targets-extras.cmake
[2.332s] -- Up-to-date: /home/jishnu/project/ros2-project/projects/workspace/install/tutorial_interfaces/share/tutorial_interfaces/cmake/rosidl_cmake_export_typesupport_targets-extras.cmake
[2.333s] -- Up-to-date: /home/jishnu/project/ros2-project/projects/workspace/install/tutorial_interfaces/share/tutorial_interfaces/cmake/rosidl_cmake_export_typesupport_libraries-extras.cmake
[2.335s] -- Up-to-date: /home/jishnu/project/ros2-project/projects/workspace/install/tutorial_interfaces/share/tutorial_interfaces/cmake/tutorial_interfacesConfig.cmake
[2.336s] -- Up-to-date: /home/jishnu/project/ros2-project/projects/workspace/install/tutorial_interfaces/share/tutorial_interfaces/cmake/tutorial_interfacesConfig-version.cmake
[2.336s] -- Up-to-date: /home/jishnu/project/ros2-project/projects/workspace/install/tutorial_interfaces/share/tutorial_interfaces/package.xml
