[1.650s] Invoking command in '/home/jishnu/project/ros2-project/projects/workspace/src/python_parameters': PYTHONPATH=/home/jishnu/project/ros2-project/projects/workspace/src/build/python_parameters/prefix_override:/home/jishnu/project/ros2-project/projects/workspace/src/install/python_parameters/lib/python3.10/site-packages:${PYTHONPATH} /usr/bin/python3 setup.py egg_info --egg-base ../build/python_parameters build --build-base /home/jishnu/project/ros2-project/projects/workspace/src/build/python_parameters/build install --record /home/jishnu/project/ros2-project/projects/workspace/src/build/python_parameters/install.log --single-version-externally-managed
[2.022s] running egg_info
[2.023s] writing ../build/python_parameters/python_parameters.egg-info/PKG-INFO
[2.023s] writing dependency_links to ../build/python_parameters/python_parameters.egg-info/dependency_links.txt
[2.023s] writing entry points to ../build/python_parameters/python_parameters.egg-info/entry_points.txt
[2.023s] writing requirements to ../build/python_parameters/python_parameters.egg-info/requires.txt
[2.023s] writing top-level names to ../build/python_parameters/python_parameters.egg-info/top_level.txt
[2.026s] reading manifest file '../build/python_parameters/python_parameters.egg-info/SOURCES.txt'
[2.061s] writing manifest file '../build/python_parameters/python_parameters.egg-info/SOURCES.txt'
[2.061s] running build
[2.061s] running build_py
[2.062s] running install
[2.062s] /usr/lib/python3/dist-packages/setuptools/command/install.py:34: SetuptoolsDeprecationWarning: setup.py install is deprecated. Use build and pip and other standards-based tools.
[2.062s]   warnings.warn(
[2.072s] running install_lib
[2.074s] running install_data
[2.075s] running install_egg_info
[2.075s] removing '/home/jishnu/project/ros2-project/projects/workspace/src/install/python_parameters/lib/python3.10/site-packages/python_parameters-0.0.0-py3.10.egg-info' (and everything under it)
[2.075s] Copying ../build/python_parameters/python_parameters.egg-info to /home/jishnu/project/ros2-project/projects/workspace/src/install/python_parameters/lib/python3.10/site-packages/python_parameters-0.0.0-py3.10.egg-info
[2.084s] running install_scripts
[2.117s] Installing param_talker script to /home/jishnu/project/ros2-project/projects/workspace/src/install/python_parameters/lib/python_parameters
[2.117s] writing list of installed files to '/home/jishnu/project/ros2-project/projects/workspace/src/build/python_parameters/install.log'
[2.252s] Invoked command in '/home/jishnu/project/ros2-project/projects/workspace/src/python_parameters' returned '0': PYTHONPATH=/home/jishnu/project/ros2-project/projects/workspace/src/build/python_parameters/prefix_override:/home/jishnu/project/ros2-project/projects/workspace/src/install/python_parameters/lib/python3.10/site-packages:${PYTHONPATH} /usr/bin/python3 setup.py egg_info --egg-base ../build/python_parameters build --build-base /home/jishnu/project/ros2-project/projects/workspace/src/build/python_parameters/build install --record /home/jishnu/project/ros2-project/projects/workspace/src/build/python_parameters/install.log --single-version-externally-managed
