[0.870s] Invoking command in '/home/jishnu/robotics/ros-git/ros2-for-beginners/ros2_ws/src/build/my_py_pkg': PYTHONPATH=/home/jishnu/robotics/ros-git/ros2-for-beginners/ros2_ws/src/build/my_py_pkg/prefix_override:/home/jishnu/robotics/ros-git/ros2-for-beginners/ros2_ws/src/install/my_py_pkg/lib/python3.10/site-packages:${PYTHONPATH} /usr/bin/python3 setup.py develop --editable --build-directory /home/jishnu/robotics/ros-git/ros2-for-beginners/ros2_ws/src/build/my_py_pkg/build --no-deps install_data
[1.230s] running develop
[1.230s] /usr/lib/python3/dist-packages/setuptools/command/easy_install.py:158: EasyInstallDeprecationWarning: easy_install command is deprecated. Use build and pip and other standards-based tools.
[1.231s]   warnings.warn(
[1.232s] /usr/lib/python3/dist-packages/setuptools/command/install.py:34: SetuptoolsDeprecationWarning: setup.py install is deprecated. Use build and pip and other standards-based tools.
[1.232s]   warnings.warn(
[1.312s] /usr/lib/python3/dist-packages/pkg_resources/__init__.py:116: PkgResourcesDeprecationWarning: 0.1.43ubuntu1 is an invalid version and will not be supported in a future release
[1.313s]   warnings.warn(
[1.313s] /usr/lib/python3/dist-packages/pkg_resources/__init__.py:116: PkgResourcesDeprecationWarning: 1.1build1 is an invalid version and will not be supported in a future release
[1.313s]   warnings.warn(
[1.461s] running egg_info
[1.461s] writing my_py_pkg.egg-info/PKG-INFO
[1.461s] writing dependency_links to my_py_pkg.egg-info/dependency_links.txt
[1.461s] writing entry points to my_py_pkg.egg-info/entry_points.txt
[1.461s] writing requirements to my_py_pkg.egg-info/requires.txt
[1.461s] writing top-level names to my_py_pkg.egg-info/top_level.txt
[1.463s] reading manifest file 'my_py_pkg.egg-info/SOURCES.txt'
[1.464s] writing manifest file 'my_py_pkg.egg-info/SOURCES.txt'
[1.466s] running build_ext
[1.466s] Creating /home/jishnu/robotics/ros-git/ros2-for-beginners/ros2_ws/src/install/my_py_pkg/lib/python3.10/site-packages/my-py-pkg.egg-link (link to .)
[1.467s] Installing my_node script to /home/jishnu/robotics/ros-git/ros2-for-beginners/ros2_ws/src/install/my_py_pkg/lib/my_py_pkg
[1.467s] Installing my_oops_node script to /home/jishnu/robotics/ros-git/ros2-for-beginners/ros2_ws/src/install/my_py_pkg/lib/my_py_pkg
[1.468s] Installing robot_news_station script to /home/jishnu/robotics/ros-git/ros2-for-beginners/ros2_ws/src/install/my_py_pkg/lib/my_py_pkg
[1.468s] Installing smartphone script to /home/jishnu/robotics/ros-git/ros2-for-beginners/ros2_ws/src/install/my_py_pkg/lib/my_py_pkg
[1.468s] 
[1.468s] Installed /home/jishnu/robotics/ros-git/ros2-for-beginners/ros2_ws/src/build/my_py_pkg
[1.468s] running install_data
[1.501s] Invoked command in '/home/jishnu/robotics/ros-git/ros2-for-beginners/ros2_ws/src/build/my_py_pkg' returned '0': PYTHONPATH=/home/jishnu/robotics/ros-git/ros2-for-beginners/ros2_ws/src/build/my_py_pkg/prefix_override:/home/jishnu/robotics/ros-git/ros2-for-beginners/ros2_ws/src/install/my_py_pkg/lib/python3.10/site-packages:${PYTHONPATH} /usr/bin/python3 setup.py develop --editable --build-directory /home/jishnu/robotics/ros-git/ros2-for-beginners/ros2_ws/src/build/my_py_pkg/build --no-deps install_data
