[0.022s] Invoking command in '/home/jishnu/project/ros2-project/projects/ros2_ws/build/examples_rclcpp_minimal_service': CMAKE_PREFIX_PATH=/opt/ros/humble /usr/bin/cmake /home/jishnu/project/ros2-project/projects/ros2_ws/src/examples/rclcpp/services/minimal_service -DAMENT_CMAKE_SYMLINK_INSTALL=1 -DCMAKE_INSTALL_PREFIX=/home/jishnu/project/ros2-project/projects/ros2_ws/install/examples_rclcpp_minimal_service
[1.788s] -- The C compiler identification is GNU 11.2.0
[1.789s] -- The CXX compiler identification is GNU 11.2.0
[1.790s] -- Detecting C compiler ABI info
[1.790s] -- Detecting C compiler ABI info - done
[1.790s] -- Check for working C compiler: /usr/bin/cc - skipped
[1.790s] -- Detecting C compile features
[1.790s] -- Detecting C compile features - done
[1.790s] -- Detecting CXX compiler ABI info
[1.790s] -- Detecting CXX compiler ABI info - done
[1.790s] -- Check for working CXX compiler: /usr/bin/c++ - skipped
[1.791s] -- Detecting CXX compile features
[1.791s] -- Detecting CXX compile features - done
[1.791s] -- Found ament_cmake: 1.3.2 (/opt/ros/humble/share/ament_cmake/cmake)
[1.791s] -- Found Python3: /usr/bin/python3.10 (found version "3.10.4") found components: Interpreter 
[1.791s] -- Override CMake install command with custom implementation using symlinks instead of copying resources
[1.791s] -- Found example_interfaces: 0.9.3 (/opt/ros/humble/share/example_interfaces/cmake)
[1.791s] -- Found rosidl_generator_c: 3.1.3 (/opt/ros/humble/share/rosidl_generator_c/cmake)
[1.791s] -- Found rosidl_adapter: 3.1.3 (/opt/ros/humble/share/rosidl_adapter/cmake)
[1.791s] -- Found rosidl_generator_cpp: 3.1.3 (/opt/ros/humble/share/rosidl_generator_cpp/cmake)
[1.791s] -- Using all available rosidl_typesupport_c: rosidl_typesupport_fastrtps_c;rosidl_typesupport_introspection_c
[1.791s] -- Using all available rosidl_typesupport_cpp: rosidl_typesupport_fastrtps_cpp;rosidl_typesupport_introspection_cpp
[1.792s] -- Found rclcpp: 16.0.1 (/opt/ros/humble/share/rclcpp/cmake)
[1.792s] -- Found rmw_implementation_cmake: 6.1.0 (/opt/ros/humble/share/rmw_implementation_cmake/cmake)
[1.792s] -- Found rmw_fastrtps_cpp: 6.2.1 (/opt/ros/humble/share/rmw_fastrtps_cpp/cmake)
[1.792s] -- Found OpenSSL: /usr/lib/x86_64-linux-gnu/libcrypto.so (found version "3.0.2")  
[1.792s] -- Found FastRTPS: /opt/ros/humble/include  
[1.792s] -- Using RMW implementation 'rmw_fastrtps_cpp' as default
[1.792s] -- Found ament_lint_auto: 0.12.4 (/opt/ros/humble/share/ament_lint_auto/cmake)
[1.891s] -- Added test 'copyright' to check source files copyright and LICENSE
[1.892s] -- Added test 'cppcheck' to perform static code analysis on C / C++ code
[1.893s] -- Configured cppcheck include dirs: 
[1.893s] -- Configured cppcheck exclude dirs and/or files: 
[1.894s] -- Added test 'cpplint' to check C / C++ code against the Google style
[1.894s] -- Configured cpplint exclude dirs and/or files: 
[1.894s] -- Added test 'lint_cmake' to check CMake code style
[1.895s] -- Added test 'uncrustify' to check C / C++ code style
[1.896s] -- Configured uncrustify additional arguments: 
[1.896s] -- Added test 'xmllint' to check XML markup files
[1.898s] -- Configuring done
[1.911s] -- Generating done
[1.913s] -- Build files have been written to: /home/jishnu/project/ros2-project/projects/ros2_ws/build/examples_rclcpp_minimal_service
[1.939s] Invoked command in '/home/jishnu/project/ros2-project/projects/ros2_ws/build/examples_rclcpp_minimal_service' returned '0': CMAKE_PREFIX_PATH=/opt/ros/humble /usr/bin/cmake /home/jishnu/project/ros2-project/projects/ros2_ws/src/examples/rclcpp/services/minimal_service -DAMENT_CMAKE_SYMLINK_INSTALL=1 -DCMAKE_INSTALL_PREFIX=/home/jishnu/project/ros2-project/projects/ros2_ws/install/examples_rclcpp_minimal_service
[1.940s] Invoking command in '/home/jishnu/project/ros2-project/projects/ros2_ws/build/examples_rclcpp_minimal_service': CMAKE_PREFIX_PATH=/opt/ros/humble /usr/bin/cmake --build /home/jishnu/project/ros2-project/projects/ros2_ws/build/examples_rclcpp_minimal_service -- -j8 -l8
[2.217s] [ 50%] [32mBuilding CXX object CMakeFiles/service_main.dir/main.cpp.o[0m
[17.097s] [100%] [32m[1mLinking CXX executable service_main[0m
[17.752s] [100%] Built target service_main
[17.801s] Invoked command in '/home/jishnu/project/ros2-project/projects/ros2_ws/build/examples_rclcpp_minimal_service' returned '0': CMAKE_PREFIX_PATH=/opt/ros/humble /usr/bin/cmake --build /home/jishnu/project/ros2-project/projects/ros2_ws/build/examples_rclcpp_minimal_service -- -j8 -l8
[18.161s] Invoking command in '/home/jishnu/project/ros2-project/projects/ros2_ws/build/examples_rclcpp_minimal_service': CMAKE_PREFIX_PATH=/opt/ros/humble /usr/bin/cmake --install /home/jishnu/project/ros2-project/projects/ros2_ws/build/examples_rclcpp_minimal_service
[20.522s] -- Install configuration: ""
[20.523s] -- Execute custom install script
[20.523s] -- Symlinking: /home/jishnu/project/ros2-project/projects/ros2_ws/install/examples_rclcpp_minimal_service/lib/examples_rclcpp_minimal_service/service_main
[20.523s] -- Symlinking: /home/jishnu/project/ros2-project/projects/ros2_ws/install/examples_rclcpp_minimal_service/share/ament_index/resource_index/package_run_dependencies/examples_rclcpp_minimal_service
[20.523s] -- Symlinking: /home/jishnu/project/ros2-project/projects/ros2_ws/install/examples_rclcpp_minimal_service/share/ament_index/resource_index/parent_prefix_path/examples_rclcpp_minimal_service
[20.523s] -- Symlinking: /home/jishnu/project/ros2-project/projects/ros2_ws/install/examples_rclcpp_minimal_service/share/examples_rclcpp_minimal_service/environment/ament_prefix_path.sh
[20.523s] -- Symlinking: /home/jishnu/project/ros2-project/projects/ros2_ws/install/examples_rclcpp_minimal_service/share/examples_rclcpp_minimal_service/environment/ament_prefix_path.dsv
[20.523s] -- Symlinking: /home/jishnu/project/ros2-project/projects/ros2_ws/install/examples_rclcpp_minimal_service/share/examples_rclcpp_minimal_service/environment/path.sh
[20.523s] -- Symlinking: /home/jishnu/project/ros2-project/projects/ros2_ws/install/examples_rclcpp_minimal_service/share/examples_rclcpp_minimal_service/environment/path.dsv
[20.523s] -- Symlinking: /home/jishnu/project/ros2-project/projects/ros2_ws/install/examples_rclcpp_minimal_service/share/examples_rclcpp_minimal_service/local_setup.bash
[20.524s] -- Symlinking: /home/jishnu/project/ros2-project/projects/ros2_ws/install/examples_rclcpp_minimal_service/share/examples_rclcpp_minimal_service/local_setup.sh
[20.524s] -- Symlinking: /home/jishnu/project/ros2-project/projects/ros2_ws/install/examples_rclcpp_minimal_service/share/examples_rclcpp_minimal_service/local_setup.zsh
[20.524s] -- Symlinking: /home/jishnu/project/ros2-project/projects/ros2_ws/install/examples_rclcpp_minimal_service/share/examples_rclcpp_minimal_service/local_setup.dsv
[20.524s] -- Symlinking: /home/jishnu/project/ros2-project/projects/ros2_ws/install/examples_rclcpp_minimal_service/share/examples_rclcpp_minimal_service/package.dsv
[20.524s] -- Symlinking: /home/jishnu/project/ros2-project/projects/ros2_ws/install/examples_rclcpp_minimal_service/share/ament_index/resource_index/packages/examples_rclcpp_minimal_service
[20.524s] -- Symlinking: /home/jishnu/project/ros2-project/projects/ros2_ws/install/examples_rclcpp_minimal_service/share/examples_rclcpp_minimal_service/cmake/examples_rclcpp_minimal_serviceConfig.cmake
[20.524s] -- Symlinking: /home/jishnu/project/ros2-project/projects/ros2_ws/install/examples_rclcpp_minimal_service/share/examples_rclcpp_minimal_service/cmake/examples_rclcpp_minimal_serviceConfig-version.cmake
[20.525s] -- Symlinking: /home/jishnu/project/ros2-project/projects/ros2_ws/install/examples_rclcpp_minimal_service/share/examples_rclcpp_minimal_service/package.xml
[20.546s] Invoked command in '/home/jishnu/project/ros2-project/projects/ros2_ws/build/examples_rclcpp_minimal_service' returned '0': CMAKE_PREFIX_PATH=/opt/ros/humble /usr/bin/cmake --install /home/jishnu/project/ros2-project/projects/ros2_ws/build/examples_rclcpp_minimal_service
