[0.959s] Invoking command in '/home/jishnu/robotics/ros-git/ros2-for-beginners-udemy-course/ros2_ws/src/my_py_pkg': PYTHONPATH=/home/jishnu/robotics/ros-git/ros2-for-beginners-udemy-course/ros2_ws/src/build/my_py_pkg/prefix_override:/home/jishnu/robotics/ros-git/ros2-for-beginners-udemy-course/ros2_ws/src/install/my_py_pkg/lib/python3.10/site-packages:${PYTHONPATH} /usr/bin/python3 setup.py egg_info --egg-base ../build/my_py_pkg build --build-base /home/jishnu/robotics/ros-git/ros2-for-beginners-udemy-course/ros2_ws/src/build/my_py_pkg/build install --record /home/jishnu/robotics/ros-git/ros2-for-beginners-udemy-course/ros2_ws/src/build/my_py_pkg/install.log --single-version-externally-managed
[1.321s] running egg_info
[1.321s] creating ../build/my_py_pkg/my_py_pkg.egg-info
[1.322s] writing ../build/my_py_pkg/my_py_pkg.egg-info/PKG-INFO
[1.322s] writing dependency_links to ../build/my_py_pkg/my_py_pkg.egg-info/dependency_links.txt
[1.323s] writing entry points to ../build/my_py_pkg/my_py_pkg.egg-info/entry_points.txt
[1.323s] writing requirements to ../build/my_py_pkg/my_py_pkg.egg-info/requires.txt
[1.323s] writing top-level names to ../build/my_py_pkg/my_py_pkg.egg-info/top_level.txt
[1.323s] writing manifest file '../build/my_py_pkg/my_py_pkg.egg-info/SOURCES.txt'
[1.327s] reading manifest file '../build/my_py_pkg/my_py_pkg.egg-info/SOURCES.txt'
[1.328s] writing manifest file '../build/my_py_pkg/my_py_pkg.egg-info/SOURCES.txt'
[1.329s] running build
[1.329s] running build_py
[1.329s] creating /home/jishnu/robotics/ros-git/ros2-for-beginners-udemy-course/ros2_ws/src/build/my_py_pkg/build
[1.330s] creating /home/jishnu/robotics/ros-git/ros2-for-beginners-udemy-course/ros2_ws/src/build/my_py_pkg/build/lib
[1.330s] creating /home/jishnu/robotics/ros-git/ros2-for-beginners-udemy-course/ros2_ws/src/build/my_py_pkg/build/lib/my_py_pkg
[1.330s] copying my_py_pkg/my_first_node.py -> /home/jishnu/robotics/ros-git/ros2-for-beginners-udemy-course/ros2_ws/src/build/my_py_pkg/build/lib/my_py_pkg
[1.330s] copying my_py_pkg/__init__.py -> /home/jishnu/robotics/ros-git/ros2-for-beginners-udemy-course/ros2_ws/src/build/my_py_pkg/build/lib/my_py_pkg
[1.330s] running install
[1.330s] /usr/lib/python3/dist-packages/setuptools/command/install.py:34: SetuptoolsDeprecationWarning: setup.py install is deprecated. Use build and pip and other standards-based tools.
[1.331s]   warnings.warn(
[1.331s] running install_lib
[1.332s] creating /home/jishnu/robotics/ros-git/ros2-for-beginners-udemy-course/ros2_ws/src/install/my_py_pkg/lib/python3.10/site-packages/my_py_pkg
[1.332s] copying /home/jishnu/robotics/ros-git/ros2-for-beginners-udemy-course/ros2_ws/src/build/my_py_pkg/build/lib/my_py_pkg/my_first_node.py -> /home/jishnu/robotics/ros-git/ros2-for-beginners-udemy-course/ros2_ws/src/install/my_py_pkg/lib/python3.10/site-packages/my_py_pkg
[1.332s] copying /home/jishnu/robotics/ros-git/ros2-for-beginners-udemy-course/ros2_ws/src/build/my_py_pkg/build/lib/my_py_pkg/__init__.py -> /home/jishnu/robotics/ros-git/ros2-for-beginners-udemy-course/ros2_ws/src/install/my_py_pkg/lib/python3.10/site-packages/my_py_pkg
[1.333s] byte-compiling /home/jishnu/robotics/ros-git/ros2-for-beginners-udemy-course/ros2_ws/src/install/my_py_pkg/lib/python3.10/site-packages/my_py_pkg/my_first_node.py to my_first_node.cpython-310.pyc
[1.333s] byte-compiling /home/jishnu/robotics/ros-git/ros2-for-beginners-udemy-course/ros2_ws/src/install/my_py_pkg/lib/python3.10/site-packages/my_py_pkg/__init__.py to __init__.cpython-310.pyc
[1.334s] running install_data
[1.334s] creating /home/jishnu/robotics/ros-git/ros2-for-beginners-udemy-course/ros2_ws/src/install/my_py_pkg/share/ament_index
[1.335s] creating /home/jishnu/robotics/ros-git/ros2-for-beginners-udemy-course/ros2_ws/src/install/my_py_pkg/share/ament_index/resource_index
[1.335s] creating /home/jishnu/robotics/ros-git/ros2-for-beginners-udemy-course/ros2_ws/src/install/my_py_pkg/share/ament_index/resource_index/packages
[1.335s] copying resource/my_py_pkg -> /home/jishnu/robotics/ros-git/ros2-for-beginners-udemy-course/ros2_ws/src/install/my_py_pkg/share/ament_index/resource_index/packages
[1.335s] copying package.xml -> /home/jishnu/robotics/ros-git/ros2-for-beginners-udemy-course/ros2_ws/src/install/my_py_pkg/share/my_py_pkg
[1.335s] running install_egg_info
[1.337s] Copying ../build/my_py_pkg/my_py_pkg.egg-info to /home/jishnu/robotics/ros-git/ros2-for-beginners-udemy-course/ros2_ws/src/install/my_py_pkg/lib/python3.10/site-packages/my_py_pkg-0.0.0-py3.10.egg-info
[1.338s] running install_scripts
[1.366s] writing list of installed files to '/home/jishnu/robotics/ros-git/ros2-for-beginners-udemy-course/ros2_ws/src/build/my_py_pkg/install.log'
[1.399s] Invoked command in '/home/jishnu/robotics/ros-git/ros2-for-beginners-udemy-course/ros2_ws/src/my_py_pkg' returned '0': PYTHONPATH=/home/jishnu/robotics/ros-git/ros2-for-beginners-udemy-course/ros2_ws/src/build/my_py_pkg/prefix_override:/home/jishnu/robotics/ros-git/ros2-for-beginners-udemy-course/ros2_ws/src/install/my_py_pkg/lib/python3.10/site-packages:${PYTHONPATH} /usr/bin/python3 setup.py egg_info --egg-base ../build/my_py_pkg build --build-base /home/jishnu/robotics/ros-git/ros2-for-beginners-udemy-course/ros2_ws/src/build/my_py_pkg/build install --record /home/jishnu/robotics/ros-git/ros2-for-beginners-udemy-course/ros2_ws/src/build/my_py_pkg/install.log --single-version-externally-managed
