[0.191s] Invoking command in '/home/jishnu/project/ros2-project/projects/workspace/build/tutorial_interfaces': CMAKE_PREFIX_PATH=${CMAKE_PREFIX_PATH}:/home/jishnu/project/moveit-projects/ws_moveit2/install/ros2controlcli:/home/jishnu/project/moveit-projects/ws_moveit2/install/moveit_configs_utils:/home/jishnu/ws_moveit2/install/ros2controlcli:/home/jishnu/ws_moveit2/install/moveit_configs_utils:/opt/ros/humble /usr/bin/cmake --build /home/jishnu/project/ros2-project/projects/workspace/build/tutorial_interfaces -- -j8 -l8
[0.856s] [  2%] Built target tutorial_interfaces__cpp
[0.856s] [ 12%] Built target tutorial_interfaces__rosidl_generator_c
[0.856s] [35m[1mConsolidate compiler generated dependencies of target tutorial_interfaces__rosidl_typesupport_cpp[0m
[0.856s] [35m[1mConsolidate compiler generated dependencies of target tutorial_interfaces__rosidl_typesupport_introspection_cpp[0m
[0.856s] [35m[1mConsolidate compiler generated dependencies of target tutorial_interfaces__rosidl_typesupport_fastrtps_cpp[0m
[0.856s] [35m[1mConsolidate compiler generated dependencies of target tutorial_interfaces__rosidl_typesupport_fastrtps_c[0m
[0.856s] [ 12%] Built target ament_cmake_python_copy_tutorial_interfaces
[0.856s] [ 23%] Built target tutorial_interfaces__rosidl_typesupport_cpp
[0.856s] [ 34%] Built target tutorial_interfaces__rosidl_typesupport_introspection_cpp
[0.856s] [ 44%] Built target tutorial_interfaces__rosidl_typesupport_fastrtps_c
[0.857s] [ 57%] Built target tutorial_interfaces__rosidl_typesupport_introspection_c
[0.857s] [ 65%] Built target tutorial_interfaces__rosidl_typesupport_fastrtps_cpp
[0.857s] [ 76%] Built target tutorial_interfaces__rosidl_typesupport_c
[0.857s] [ 76%] Built target tutorial_interfaces
[0.857s] [ 78%] Built target tutorial_interfaces__py
[0.892s] [35m[1mConsolidate compiler generated dependencies of target tutorial_interfaces__rosidl_generator_py[0m
[0.950s] [ 87%] Built target tutorial_interfaces__rosidl_generator_py
[0.979s] [35m[1mConsolidate compiler generated dependencies of target tutorial_interfaces__rosidl_typesupport_introspection_c__pyext[0m
[0.981s] [35m[1mConsolidate compiler generated dependencies of target tutorial_interfaces__rosidl_typesupport_fastrtps_c__pyext[0m
[0.984s] [35m[1mConsolidate compiler generated dependencies of target tutorial_interfaces__rosidl_typesupport_c__pyext[0m
[1.046s] [ 91%] Built target tutorial_interfaces__rosidl_typesupport_introspection_c__pyext
[1.048s] [ 95%] Built target tutorial_interfaces__rosidl_typesupport_c__pyext
[1.058s] [100%] Built target tutorial_interfaces__rosidl_typesupport_fastrtps_c__pyext
[1.155s] running egg_info
[1.156s] writing tutorial_interfaces.egg-info/PKG-INFO
[1.156s] writing dependency_links to tutorial_interfaces.egg-info/dependency_links.txt
[1.156s] writing top-level names to tutorial_interfaces.egg-info/top_level.txt
[1.161s] reading manifest file 'tutorial_interfaces.egg-info/SOURCES.txt'
[1.161s] writing manifest file 'tutorial_interfaces.egg-info/SOURCES.txt'
[1.216s] [100%] Built target ament_cmake_python_build_tutorial_interfaces_egg
[1.367s] Invoked command in '/home/jishnu/project/ros2-project/projects/workspace/build/tutorial_interfaces' returned '0': CMAKE_PREFIX_PATH=${CMAKE_PREFIX_PATH}:/home/jishnu/project/moveit-projects/ws_moveit2/install/ros2controlcli:/home/jishnu/project/moveit-projects/ws_moveit2/install/moveit_configs_utils:/home/jishnu/ws_moveit2/install/ros2controlcli:/home/jishnu/ws_moveit2/install/moveit_configs_utils:/opt/ros/humble /usr/bin/cmake --build /home/jishnu/project/ros2-project/projects/workspace/build/tutorial_interfaces -- -j8 -l8
