[0.267s] Invoking command in '/home/jishnu/project/ros2-project/projects/workspace/src/build/tutorial_interfaces': CMAKE_PREFIX_PATH=${CMAKE_PREFIX_PATH}:/home/jishnu/project/ros2-project/projects/workspace/src/install/py_pubsub:/home/jishnu/project/moveit-projects/ws_moveit2/install/ros2controlcli:/home/jishnu/project/moveit-projects/ws_moveit2/install/moveit_configs_utils:/home/jishnu/ws_moveit2/install/ros2controlcli:/home/jishnu/ws_moveit2/install/moveit_configs_utils:/opt/ros/humble /usr/bin/cmake --build /home/jishnu/project/ros2-project/projects/workspace/src/build/tutorial_interfaces -- -j8 -l8
[0.660s] [35m[1mConsolidate compiler generated dependencies of target tutorial_interfaces__rosidl_generator_c[0m
[0.680s] [ 10%] Built target tutorial_interfaces__rosidl_generator_c
[0.737s] [35m[1mConsolidate compiler generated dependencies of target tutorial_interfaces__rosidl_typesupport_introspection_c[0m
[0.753s] [35m[1mConsolidate compiler generated dependencies of target tutorial_interfaces__rosidl_typesupport_c[0m
[0.782s] [ 25%] Built target tutorial_interfaces__rosidl_typesupport_introspection_c
[0.782s] [ 31%] Built target tutorial_interfaces__rosidl_typesupport_c
[0.820s] [35m[1mConsolidate compiler generated dependencies of target tutorial_interfaces__rosidl_typesupport_fastrtps_c[0m
[0.885s] [ 36%] Built target tutorial_interfaces__cpp
[0.885s] [ 44%] Built target tutorial_interfaces__rosidl_typesupport_fastrtps_c
[0.921s] [35m[1mConsolidate compiler generated dependencies of target tutorial_interfaces__rosidl_typesupport_cpp[0m
[0.938s] [35m[1mConsolidate compiler generated dependencies of target tutorial_interfaces__rosidl_typesupport_introspection_cpp[0m
[0.940s] [ 44%] Built target ament_cmake_python_copy_tutorial_interfaces
[0.993s] [ 63%] Built target tutorial_interfaces__rosidl_typesupport_cpp
[0.994s] [ 65%] Built target tutorial_interfaces__rosidl_typesupport_introspection_cpp
[0.998s] [35m[1mConsolidate compiler generated dependencies of target tutorial_interfaces__rosidl_typesupport_fastrtps_cpp[0m
[1.039s] [ 76%] Built target tutorial_interfaces__rosidl_typesupport_fastrtps_cpp
[1.110s] [ 76%] Built target tutorial_interfaces
[1.202s] [ 78%] Built target tutorial_interfaces__py
[1.262s] [35m[1mConsolidate compiler generated dependencies of target tutorial_interfaces__rosidl_generator_py[0m
[1.295s] [ 87%] Built target tutorial_interfaces__rosidl_generator_py
[1.337s] [35m[1mConsolidate compiler generated dependencies of target tutorial_interfaces__rosidl_typesupport_introspection_c__pyext[0m
[1.363s] [35m[1mConsolidate compiler generated dependencies of target tutorial_interfaces__rosidl_typesupport_fastrtps_c__pyext[0m
[1.369s] [ 91%] Built target tutorial_interfaces__rosidl_typesupport_introspection_c__pyext
[1.376s] [35m[1mConsolidate compiler generated dependencies of target tutorial_interfaces__rosidl_typesupport_c__pyext[0m
[1.395s] [ 95%] Built target tutorial_interfaces__rosidl_typesupport_fastrtps_c__pyext
[1.415s] [100%] Built target tutorial_interfaces__rosidl_typesupport_c__pyext
[1.455s] running egg_info
[1.458s] writing tutorial_interfaces.egg-info/PKG-INFO
[1.459s] writing dependency_links to tutorial_interfaces.egg-info/dependency_links.txt
[1.463s] writing top-level names to tutorial_interfaces.egg-info/top_level.txt
[1.468s] reading manifest file 'tutorial_interfaces.egg-info/SOURCES.txt'
[1.469s] writing manifest file 'tutorial_interfaces.egg-info/SOURCES.txt'
[1.509s] [100%] Built target ament_cmake_python_build_tutorial_interfaces_egg
