[1.554s] Invoking command in '/home/jishnu/robotics/ros-git/ros2-for-beginners-udemy-course/ros2_ws/src/my_py_pkg': PYTHONPATH=/home/jishnu/robotics/ros-git/ros2-for-beginners-udemy-course/ros2_ws/src/build/my_py_pkg/prefix_override:/home/jishnu/robotics/ros-git/ros2-for-beginners-udemy-course/ros2_ws/src/install/my_py_pkg/lib/python3.10/site-packages:${PYTHONPATH} /usr/bin/python3 setup.py egg_info --egg-base ../build/my_py_pkg build --build-base /home/jishnu/robotics/ros-git/ros2-for-beginners-udemy-course/ros2_ws/src/build/my_py_pkg/build install --record /home/jishnu/robotics/ros-git/ros2-for-beginners-udemy-course/ros2_ws/src/build/my_py_pkg/install.log --single-version-externally-managed
[1.949s] running egg_info
[1.950s] writing ../build/my_py_pkg/my_py_pkg.egg-info/PKG-INFO
[1.951s] writing dependency_links to ../build/my_py_pkg/my_py_pkg.egg-info/dependency_links.txt
[1.951s] writing entry points to ../build/my_py_pkg/my_py_pkg.egg-info/entry_points.txt
[1.951s] writing requirements to ../build/my_py_pkg/my_py_pkg.egg-info/requires.txt
[1.951s] writing top-level names to ../build/my_py_pkg/my_py_pkg.egg-info/top_level.txt
[1.954s] reading manifest file '../build/my_py_pkg/my_py_pkg.egg-info/SOURCES.txt'
[1.956s] writing manifest file '../build/my_py_pkg/my_py_pkg.egg-info/SOURCES.txt'
[1.956s] running build
[1.956s] running build_py
[1.956s] running install
[1.956s] /usr/lib/python3/dist-packages/setuptools/command/install.py:34: SetuptoolsDeprecationWarning: setup.py install is deprecated. Use build and pip and other standards-based tools.
[1.956s]   warnings.warn(
[1.957s] running install_lib
[1.958s] copying /home/jishnu/robotics/ros-git/ros2-for-beginners-udemy-course/ros2_ws/src/build/my_py_pkg/build/lib/my_py_pkg/my_first_node.py -> /home/jishnu/robotics/ros-git/ros2-for-beginners-udemy-course/ros2_ws/src/install/my_py_pkg/lib/python3.10/site-packages/my_py_pkg
[1.959s] copying /home/jishnu/robotics/ros-git/ros2-for-beginners-udemy-course/ros2_ws/src/build/my_py_pkg/build/lib/my_py_pkg/__init__.py -> /home/jishnu/robotics/ros-git/ros2-for-beginners-udemy-course/ros2_ws/src/install/my_py_pkg/lib/python3.10/site-packages/my_py_pkg
[1.959s] copying /home/jishnu/robotics/ros-git/ros2-for-beginners-udemy-course/ros2_ws/src/build/my_py_pkg/build/lib/my_py_pkg/py_node_oops.py -> /home/jishnu/robotics/ros-git/ros2-for-beginners-udemy-course/ros2_ws/src/install/my_py_pkg/lib/python3.10/site-packages/my_py_pkg
[1.960s] byte-compiling /home/jishnu/robotics/ros-git/ros2-for-beginners-udemy-course/ros2_ws/src/install/my_py_pkg/lib/python3.10/site-packages/my_py_pkg/my_first_node.py to my_first_node.cpython-310.pyc
[1.960s] byte-compiling /home/jishnu/robotics/ros-git/ros2-for-beginners-udemy-course/ros2_ws/src/install/my_py_pkg/lib/python3.10/site-packages/my_py_pkg/__init__.py to __init__.cpython-310.pyc
[1.960s] byte-compiling /home/jishnu/robotics/ros-git/ros2-for-beginners-udemy-course/ros2_ws/src/install/my_py_pkg/lib/python3.10/site-packages/my_py_pkg/py_node_oops.py to py_node_oops.cpython-310.pyc
[1.961s] running install_data
[1.962s] running install_egg_info
[1.964s] removing '/home/jishnu/robotics/ros-git/ros2-for-beginners-udemy-course/ros2_ws/src/install/my_py_pkg/lib/python3.10/site-packages/my_py_pkg-0.0.0-py3.10.egg-info' (and everything under it)
[1.965s] Copying ../build/my_py_pkg/my_py_pkg.egg-info to /home/jishnu/robotics/ros-git/ros2-for-beginners-udemy-course/ros2_ws/src/install/my_py_pkg/lib/python3.10/site-packages/my_py_pkg-0.0.0-py3.10.egg-info
[1.966s] running install_scripts
[2.006s] Installing my_node script to /home/jishnu/robotics/ros-git/ros2-for-beginners-udemy-course/ros2_ws/src/install/my_py_pkg/lib/my_py_pkg
[2.006s] Installing my_oops_node script to /home/jishnu/robotics/ros-git/ros2-for-beginners-udemy-course/ros2_ws/src/install/my_py_pkg/lib/my_py_pkg
[2.007s] writing list of installed files to '/home/jishnu/robotics/ros-git/ros2-for-beginners-udemy-course/ros2_ws/src/build/my_py_pkg/install.log'
[2.096s] Invoked command in '/home/jishnu/robotics/ros-git/ros2-for-beginners-udemy-course/ros2_ws/src/my_py_pkg' returned '0': PYTHONPATH=/home/jishnu/robotics/ros-git/ros2-for-beginners-udemy-course/ros2_ws/src/build/my_py_pkg/prefix_override:/home/jishnu/robotics/ros-git/ros2-for-beginners-udemy-course/ros2_ws/src/install/my_py_pkg/lib/python3.10/site-packages:${PYTHONPATH} /usr/bin/python3 setup.py egg_info --egg-base ../build/my_py_pkg build --build-base /home/jishnu/robotics/ros-git/ros2-for-beginners-udemy-course/ros2_ws/src/build/my_py_pkg/build install --record /home/jishnu/robotics/ros-git/ros2-for-beginners-udemy-course/ros2_ws/src/build/my_py_pkg/install.log --single-version-externally-managed
