-- Found ament_cmake: 1.3.3 (/opt/ros/humble/share/ament_cmake/cmake)
-- Found ament_lint_auto: 0.12.4 (/opt/ros/humble/share/ament_lint_auto/cmake)
-- Found rosidl_default_generators: 1.2.0 (/opt/ros/humble/share/rosidl_default_generators/cmake)
-- Using all available rosidl_typesupport_c: rosidl_typesupport_fastrtps_c;rosidl_typesupport_introspection_c
-- Found rosidl_adapter: 3.1.4 (/opt/ros/humble/share/rosidl_adapter/cmake)
-- Using all available rosidl_typesupport_cpp: rosidl_typesupport_fastrtps_cpp;rosidl_typesupport_introspection_cpp
-- Found ament_cmake_ros: 0.10.0 (/opt/ros/humble/share/ament_cmake_ros/cmake)
-- Using all available rosidl_typesupport_c: rosidl_typesupport_fastrtps_c;rosidl_typesupport_introspection_c
-- Using all available rosidl_typesupport_cpp: rosidl_typesupport_fastrtps_cpp;rosidl_typesupport_introspection_cpp
-- Found python_cmake_module: 0.10.0 (/opt/ros/humble/share/python_cmake_module/cmake)
-- Using PYTHON_EXECUTABLE: /usr/bin/python3
-- Using PYTHON_INCLUDE_DIRS: /usr/include/python3.10
-- Using PYTHON_LIBRARIES: /usr/lib/x86_64-linux-gnu/libpython3.10.so
-- Added test 'lint_cmake' to check CMake code style
-- Added test 'xmllint' to check XML markup files
-- Configuring done
-- Generating done
-- Build files have been written to: /home/jishnu/project/ros2-project/projects/workspace/src/build/action_tutorials_interfaces
[35m[1mConsolidate compiler generated dependencies of target action_tutorials_interfaces__rosidl_generator_c[0m
[  9%] Built target action_tutorials_interfaces__rosidl_generator_c
[ 12%] Built target action_tutorials_interfaces__cpp
[ 12%] Built target ament_cmake_python_copy_action_tutorials_interfaces
[35m[1mConsolidate compiler generated dependencies of target action_tutorials_interfaces__rosidl_typesupport_cpp[0m
[35m[1mConsolidate compiler generated dependencies of target action_tutorials_interfaces__rosidl_typesupport_fastrtps_c[0m
[35m[1mConsolidate compiler generated dependencies of target action_tutorials_interfaces__rosidl_typesupport_introspection_c[0m
[35m[1mConsolidate compiler generated dependencies of target action_tutorials_interfaces__rosidl_typesupport_fastrtps_cpp[0m
[35m[1mConsolidate compiler generated dependencies of target action_tutorials_interfaces__rosidl_typesupport_introspection_cpp[0m
[35m[1mConsolidate compiler generated dependencies of target action_tutorials_interfaces__rosidl_typesupport_c[0m
[ 22%] Built target action_tutorials_interfaces__rosidl_typesupport_fastrtps_c
[ 41%] Built target action_tutorials_interfaces__rosidl_typesupport_c
[ 41%] Built target action_tutorials_interfaces__rosidl_typesupport_cpp
[ 51%] Built target action_tutorials_interfaces__rosidl_typesupport_introspection_cpp
[ 61%] Built target action_tutorials_interfaces__rosidl_typesupport_introspection_c
[ 70%] Built target action_tutorials_interfaces__rosidl_typesupport_fastrtps_cpp
[ 70%] Built target action_tutorials_interfaces
[ 74%] Built target action_tutorials_interfaces__py
[35m[1mConsolidate compiler generated dependencies of target action_tutorials_interfaces__rosidl_generator_py[0m
[ 80%] Built target action_tutorials_interfaces__rosidl_generator_py
[35m[1mConsolidate compiler generated dependencies of target action_tutorials_interfaces__rosidl_typesupport_fastrtps_c__pyext[0m
[35m[1mConsolidate compiler generated dependencies of target action_tutorials_interfaces__rosidl_typesupport_c__pyext[0m
[35m[1mConsolidate compiler generated dependencies of target action_tutorials_interfaces__rosidl_typesupport_introspection_c__pyext[0m
[ 87%] Built target action_tutorials_interfaces__rosidl_typesupport_c__pyext
[ 93%] Built target action_tutorials_interfaces__rosidl_typesupport_introspection_c__pyext
[100%] Built target action_tutorials_interfaces__rosidl_typesupport_fastrtps_c__pyext
running egg_info
writing action_tutorials_interfaces.egg-info/PKG-INFO
writing dependency_links to action_tutorials_interfaces.egg-info/dependency_links.txt
writing top-level names to action_tutorials_interfaces.egg-info/top_level.txt
reading manifest file 'action_tutorials_interfaces.egg-info/SOURCES.txt'
writing manifest file 'action_tutorials_interfaces.egg-info/SOURCES.txt'
[100%] Built target ament_cmake_python_build_action_tutorials_interfaces_egg
