[0.283s] Invoking command in '/home/jishnu/project/ros2-project/projects/workspace/src/build/action_tutorials_interfaces': CMAKE_PREFIX_PATH=${CMAKE_PREFIX_PATH}:/home/jishnu/project/ros2-project/projects/workspace/src/install/py_pubsub:/home/jishnu/project/moveit-projects/ws_moveit2/install/ros2controlcli:/home/jishnu/project/moveit-projects/ws_moveit2/install/moveit_configs_utils:/home/jishnu/ws_moveit2/install/ros2controlcli:/home/jishnu/ws_moveit2/install/moveit_configs_utils:/opt/ros/humble /usr/bin/cmake --build /home/jishnu/project/ros2-project/projects/workspace/src/build/action_tutorials_interfaces -- -j8 -l8
[0.546s] -- Found ament_cmake: 1.3.3 (/opt/ros/humble/share/ament_cmake/cmake)
[0.590s] -- Found ament_lint_auto: 0.12.4 (/opt/ros/humble/share/ament_lint_auto/cmake)
[0.740s] -- Found rosidl_default_generators: 1.2.0 (/opt/ros/humble/share/rosidl_default_generators/cmake)
[0.777s] -- Using all available rosidl_typesupport_c: rosidl_typesupport_fastrtps_c;rosidl_typesupport_introspection_c
[0.781s] -- Found rosidl_adapter: 3.1.4 (/opt/ros/humble/share/rosidl_adapter/cmake)
[0.843s] -- Using all available rosidl_typesupport_cpp: rosidl_typesupport_fastrtps_cpp;rosidl_typesupport_introspection_cpp
[1.590s] -- Found ament_cmake_ros: 0.10.0 (/opt/ros/humble/share/ament_cmake_ros/cmake)
[1.832s] -- Using all available rosidl_typesupport_c: rosidl_typesupport_fastrtps_c;rosidl_typesupport_introspection_c
[2.106s] -- Using all available rosidl_typesupport_cpp: rosidl_typesupport_fastrtps_cpp;rosidl_typesupport_introspection_cpp
[2.129s] -- Found python_cmake_module: 0.10.0 (/opt/ros/humble/share/python_cmake_module/cmake)
[2.152s] -- Using PYTHON_EXECUTABLE: /usr/bin/python3
[2.152s] -- Using PYTHON_INCLUDE_DIRS: /usr/include/python3.10
[2.152s] -- Using PYTHON_LIBRARIES: /usr/lib/x86_64-linux-gnu/libpython3.10.so
[2.342s] -- Added test 'lint_cmake' to check CMake code style
[2.344s] -- Added test 'xmllint' to check XML markup files
[2.353s] -- Configuring done
[2.413s] -- Generating done
[2.418s] -- Build files have been written to: /home/jishnu/project/ros2-project/projects/workspace/src/build/action_tutorials_interfaces
[2.446s] [35m[1mConsolidate compiler generated dependencies of target action_tutorials_interfaces__rosidl_generator_c[0m
[2.464s] [  9%] Built target action_tutorials_interfaces__rosidl_generator_c
[2.464s] [ 12%] Built target action_tutorials_interfaces__cpp
[2.489s] [ 12%] Built target ament_cmake_python_copy_action_tutorials_interfaces
[2.490s] [35m[1mConsolidate compiler generated dependencies of target action_tutorials_interfaces__rosidl_typesupport_cpp[0m
[2.492s] [35m[1mConsolidate compiler generated dependencies of target action_tutorials_interfaces__rosidl_typesupport_fastrtps_c[0m
[2.492s] [35m[1mConsolidate compiler generated dependencies of target action_tutorials_interfaces__rosidl_typesupport_introspection_c[0m
[2.508s] [35m[1mConsolidate compiler generated dependencies of target action_tutorials_interfaces__rosidl_typesupport_fastrtps_cpp[0m
[2.509s] [35m[1mConsolidate compiler generated dependencies of target action_tutorials_interfaces__rosidl_typesupport_introspection_cpp[0m
[2.511s] [35m[1mConsolidate compiler generated dependencies of target action_tutorials_interfaces__rosidl_typesupport_c[0m
[2.518s] [ 22%] Built target action_tutorials_interfaces__rosidl_typesupport_fastrtps_c
[2.538s] [ 41%] Built target action_tutorials_interfaces__rosidl_typesupport_c
[2.538s] [ 41%] Built target action_tutorials_interfaces__rosidl_typesupport_cpp
[2.542s] [ 51%] Built target action_tutorials_interfaces__rosidl_typesupport_introspection_cpp
[2.543s] [ 61%] Built target action_tutorials_interfaces__rosidl_typesupport_introspection_c
[2.551s] [ 70%] Built target action_tutorials_interfaces__rosidl_typesupport_fastrtps_cpp
[2.622s] [ 70%] Built target action_tutorials_interfaces
[2.649s] [ 74%] Built target action_tutorials_interfaces__py
[2.670s] [35m[1mConsolidate compiler generated dependencies of target action_tutorials_interfaces__rosidl_generator_py[0m
[2.697s] [ 80%] Built target action_tutorials_interfaces__rosidl_generator_py
[2.714s] [35m[1mConsolidate compiler generated dependencies of target action_tutorials_interfaces__rosidl_typesupport_fastrtps_c__pyext[0m
[2.714s] [35m[1mConsolidate compiler generated dependencies of target action_tutorials_interfaces__rosidl_typesupport_c__pyext[0m
[2.718s] [35m[1mConsolidate compiler generated dependencies of target action_tutorials_interfaces__rosidl_typesupport_introspection_c__pyext[0m
[2.732s] [ 87%] Built target action_tutorials_interfaces__rosidl_typesupport_c__pyext
[2.735s] [ 93%] Built target action_tutorials_interfaces__rosidl_typesupport_introspection_c__pyext
[2.737s] [100%] Built target action_tutorials_interfaces__rosidl_typesupport_fastrtps_c__pyext
[2.795s] running egg_info
[2.796s] writing action_tutorials_interfaces.egg-info/PKG-INFO
[2.796s] writing dependency_links to action_tutorials_interfaces.egg-info/dependency_links.txt
[2.796s] writing top-level names to action_tutorials_interfaces.egg-info/top_level.txt
[2.798s] reading manifest file 'action_tutorials_interfaces.egg-info/SOURCES.txt'
[2.798s] writing manifest file 'action_tutorials_interfaces.egg-info/SOURCES.txt'
[2.825s] [100%] Built target ament_cmake_python_build_action_tutorials_interfaces_egg
