[0.011s] Invoking command in '/home/jishnu/project/ros2-project/projects/ros2_workspace/build/turtlesim': CMAKE_PREFIX_PATH=/opt/ros/humble /usr/bin/cmake /home/jishnu/project/ros2-project/projects/ros2_workspace/src/ros_tutorials/turtlesim -DCMAKE_INSTALL_PREFIX=/home/jishnu/project/ros2-project/projects/ros2_workspace/install/turtlesim
[0.083s] -- The C compiler identification is GNU 11.2.0
[0.145s] -- The CXX compiler identification is GNU 11.2.0
[0.152s] -- Detecting C compiler ABI info
[0.195s] -- Detecting C compiler ABI info - done
[0.201s] -- Check for working C compiler: /usr/bin/cc - skipped
[0.201s] -- Detecting C compile features
[0.202s] -- Detecting C compile features - done
[0.204s] -- Detecting CXX compiler ABI info
[0.254s] -- Detecting CXX compiler ABI info - done
[0.260s] -- Check for working CXX compiler: /usr/bin/c++ - skipped
[0.260s] -- Detecting CXX compile features
[0.260s] -- Detecting CXX compile features - done
[0.262s] -- Found ament_cmake: 1.3.2 (/opt/ros/humble/share/ament_cmake/cmake)
[0.381s] -- Found Python3: /usr/bin/python3.10 (found version "3.10.4") found components: Interpreter 
[0.451s] -- Found ament_index_cpp: 1.4.0 (/opt/ros/humble/share/ament_index_cpp/cmake)
[0.452s] -- Found geometry_msgs: 4.2.2 (/opt/ros/humble/share/geometry_msgs/cmake)
[0.485s] -- Found rosidl_generator_c: 3.1.3 (/opt/ros/humble/share/rosidl_generator_c/cmake)
[0.489s] -- Found rosidl_adapter: 3.1.3 (/opt/ros/humble/share/rosidl_adapter/cmake)
[0.497s] -- Found rosidl_generator_cpp: 3.1.3 (/opt/ros/humble/share/rosidl_generator_cpp/cmake)
[0.510s] -- Using all available rosidl_typesupport_c: rosidl_typesupport_fastrtps_c;rosidl_typesupport_introspection_c
[0.527s] -- Using all available rosidl_typesupport_cpp: rosidl_typesupport_fastrtps_cpp;rosidl_typesupport_introspection_cpp
[0.645s] -- Found rclcpp: 16.0.1 (/opt/ros/humble/share/rclcpp/cmake)
[0.694s] -- Found rmw_implementation_cmake: 6.1.0 (/opt/ros/humble/share/rmw_implementation_cmake/cmake)
[0.696s] -- Found rmw_fastrtps_cpp: 6.2.1 (/opt/ros/humble/share/rmw_fastrtps_cpp/cmake)
[0.765s] -- Found OpenSSL: /usr/lib/x86_64-linux-gnu/libcrypto.so (found version "3.0.2")  
[0.783s] -- Found FastRTPS: /opt/ros/humble/include  
[0.816s] -- Using RMW implementation 'rmw_fastrtps_cpp' as default
[0.928s] -- Found rclcpp_action: 16.0.1 (/opt/ros/humble/share/rclcpp_action/cmake)
[1.010s] -- Found rosidl_default_generators: 1.2.0 (/opt/ros/humble/share/rosidl_default_generators/cmake)
[1.018s] -- Found std_srvs: 4.2.2 (/opt/ros/humble/share/std_srvs/cmake)
[1.250s] -- Found ament_cmake_ros: 0.10.0 (/opt/ros/humble/share/ament_cmake_ros/cmake)
[1.471s] -- Using all available rosidl_typesupport_c: rosidl_typesupport_fastrtps_c;rosidl_typesupport_introspection_c
[1.555s] -- Using all available rosidl_typesupport_cpp: rosidl_typesupport_fastrtps_cpp;rosidl_typesupport_introspection_cpp
[1.571s] -- Found PythonInterp: /usr/bin/python3 (found suitable version "3.10.4", minimum required is "3.6") 
[1.572s] -- Found python_cmake_module: 0.10.0 (/opt/ros/humble/share/python_cmake_module/cmake)
[1.590s] -- Found PythonLibs: /usr/lib/x86_64-linux-gnu/libpython3.10.so (found suitable version "3.10.4", minimum required is "3.5") 
[1.590s] -- Using PYTHON_EXECUTABLE: /usr/bin/python3
[1.590s] -- Using PYTHON_INCLUDE_DIRS: /usr/include/python3.10
[1.590s] -- Using PYTHON_LIBRARIES: /usr/lib/x86_64-linux-gnu/libpython3.10.so
[1.604s] -- Found PythonExtra: .so  
[1.645s] -- Configuring done
[1.730s] -- Generating done
[1.732s] -- Build files have been written to: /home/jishnu/project/ros2-project/projects/ros2_workspace/build/turtlesim
[1.741s] Invoked command in '/home/jishnu/project/ros2-project/projects/ros2_workspace/build/turtlesim' returned '0': CMAKE_PREFIX_PATH=/opt/ros/humble /usr/bin/cmake /home/jishnu/project/ros2-project/projects/ros2_workspace/src/ros_tutorials/turtlesim -DCMAKE_INSTALL_PREFIX=/home/jishnu/project/ros2-project/projects/ros2_workspace/install/turtlesim
[1.743s] Invoking command in '/home/jishnu/project/ros2-project/projects/ros2_workspace/build/turtlesim': CMAKE_PREFIX_PATH=/opt/ros/humble /usr/bin/cmake --build /home/jishnu/project/ros2-project/projects/ros2_workspace/build/turtlesim -- -j8 -l8
[1.768s] [  1%] [34m[1mGenerating C code for ROS interfaces[0m
[1.774s] [  2%] [34m[1mGenerating C++ code for ROS interfaces[0m
[1.778s] [  2%] Built target ament_cmake_python_copy_turtlesim
[1.949s] running egg_info
[1.950s] creating turtlesim.egg-info
[1.950s] writing turtlesim.egg-info/PKG-INFO
[1.950s] writing dependency_links to turtlesim.egg-info/dependency_links.txt
[1.950s] writing top-level names to turtlesim.egg-info/top_level.txt
[1.950s] writing manifest file 'turtlesim.egg-info/SOURCES.txt'
[1.952s] reading manifest file 'turtlesim.egg-info/SOURCES.txt'
[1.952s] writing manifest file 'turtlesim.egg-info/SOURCES.txt'
[1.971s] [  2%] Built target ament_cmake_python_build_turtlesim_egg
[2.457s] [  2%] Built target turtlesim__cpp
[2.463s] [  3%] [34m[1mGenerating C++ type support for eProsima Fast-RTPS[0m
[2.465s] [  5%] [34m[1mGenerating C++ type support dispatch for ROS interfaces[0m
[2.465s] [  5%] [34m[1mGenerating C++ introspection for ROS interfaces[0m
[2.602s] [ 10%] [32mBuilding C object CMakeFiles/turtlesim__rosidl_generator_c.dir/rosidl_generator_c/turtlesim/msg/detail/pose__functions.c.o[0m
[2.602s] [ 10%] [32mBuilding C object CMakeFiles/turtlesim__rosidl_generator_c.dir/rosidl_generator_c/turtlesim/srv/detail/set_pen__functions.c.o[0m
[2.602s] [ 10%] [32mBuilding C object CMakeFiles/turtlesim__rosidl_generator_c.dir/rosidl_generator_c/turtlesim/action/detail/rotate_absolute__functions.c.o[0m
[2.602s] [ 10%] [32mBuilding C object CMakeFiles/turtlesim__rosidl_generator_c.dir/rosidl_generator_c/turtlesim/msg/detail/color__functions.c.o[0m
[2.603s] [ 10%] [32mBuilding C object CMakeFiles/turtlesim__rosidl_generator_c.dir/rosidl_generator_c/turtlesim/srv/detail/kill__functions.c.o[0m
[2.668s] [ 11%] [32mBuilding C object CMakeFiles/turtlesim__rosidl_generator_c.dir/rosidl_generator_c/turtlesim/srv/detail/spawn__functions.c.o[0m
[2.669s] [ 12%] [32mBuilding C object CMakeFiles/turtlesim__rosidl_generator_c.dir/rosidl_generator_c/turtlesim/srv/detail/teleport_absolute__functions.c.o[0m
[2.685s] [ 13%] [32mBuilding C object CMakeFiles/turtlesim__rosidl_generator_c.dir/rosidl_generator_c/turtlesim/srv/detail/teleport_relative__functions.c.o[0m
[2.753s] [ 14%] [32m[1mLinking C shared library libturtlesim__rosidl_generator_c.so[0m
[2.778s] [ 14%] Built target turtlesim__rosidl_generator_c
[2.784s] [ 15%] [34m[1mGenerating C type support for eProsima Fast-RTPS[0m
[2.785s] [ 16%] [34m[1mGenerating C introspection for ROS interfaces[0m
[2.786s] [ 17%] [34m[1mGenerating C type support dispatch for ROS interfaces[0m
[3.133s] [ 19%] [32mBuilding CXX object CMakeFiles/turtlesim__rosidl_typesupport_cpp.dir/rosidl_typesupport_cpp/turtlesim/msg/pose__type_support.cpp.o[0m
[3.133s] [ 19%] [32mBuilding CXX object CMakeFiles/turtlesim__rosidl_typesupport_cpp.dir/rosidl_typesupport_cpp/turtlesim/action/rotate_absolute__type_support.cpp.o[0m
[3.133s] [ 20%] [32mBuilding CXX object CMakeFiles/turtlesim__rosidl_typesupport_cpp.dir/rosidl_typesupport_cpp/turtlesim/msg/color__type_support.cpp.o[0m
[3.266s] [ 21%] [32mBuilding CXX object CMakeFiles/turtlesim__rosidl_typesupport_c.dir/rosidl_typesupport_c/turtlesim/action/rotate_absolute__type_support.cpp.o[0m
[3.324s] [ 22%] [32mBuilding CXX object CMakeFiles/turtlesim__rosidl_typesupport_c.dir/rosidl_typesupport_c/turtlesim/msg/color__type_support.cpp.o[0m
[3.352s] [ 23%] [32mBuilding CXX object CMakeFiles/turtlesim__rosidl_typesupport_c.dir/rosidl_typesupport_c/turtlesim/msg/pose__type_support.cpp.o[0m
[3.360s] [ 24%] [32mBuilding CXX object CMakeFiles/turtlesim__rosidl_typesupport_fastrtps_cpp.dir/rosidl_typesupport_fastrtps_cpp/turtlesim/action/detail/dds_fastrtps/rotate_absolute__type_support.cpp.o[0m
[3.380s] [ 25%] [32mBuilding CXX object CMakeFiles/turtlesim__rosidl_typesupport_c.dir/rosidl_typesupport_c/turtlesim/srv/kill__type_support.cpp.o[0m
[3.412s] [ 26%] [32mBuilding CXX object CMakeFiles/turtlesim__rosidl_typesupport_c.dir/rosidl_typesupport_c/turtlesim/srv/set_pen__type_support.cpp.o[0m
[3.413s] [ 27%] [32mBuilding CXX object CMakeFiles/turtlesim__rosidl_typesupport_introspection_cpp.dir/rosidl_typesupport_introspection_cpp/turtlesim/action/detail/rotate_absolute__type_support.cpp.o[0m
[3.443s] [ 28%] [32mBuilding CXX object CMakeFiles/turtlesim__rosidl_typesupport_c.dir/rosidl_typesupport_c/turtlesim/srv/spawn__type_support.cpp.o[0m
[3.470s] [ 29%] [32mBuilding CXX object CMakeFiles/turtlesim__rosidl_typesupport_cpp.dir/rosidl_typesupport_cpp/turtlesim/srv/kill__type_support.cpp.o[0m
[3.475s] [ 30%] [32mBuilding CXX object CMakeFiles/turtlesim__rosidl_typesupport_c.dir/rosidl_typesupport_c/turtlesim/srv/teleport_absolute__type_support.cpp.o[0m
[3.494s] [ 31%] [32mBuilding CXX object CMakeFiles/turtlesim__rosidl_typesupport_c.dir/rosidl_typesupport_c/turtlesim/srv/teleport_relative__type_support.cpp.o[0m
[3.506s] [ 32%] [32mBuilding CXX object CMakeFiles/turtlesim__rosidl_typesupport_introspection_cpp.dir/rosidl_typesupport_introspection_cpp/turtlesim/msg/detail/color__type_support.cpp.o[0m
[3.528s] [ 33%] [32m[1mLinking CXX shared library libturtlesim__rosidl_typesupport_c.so[0m
[3.587s] [ 33%] Built target turtlesim__rosidl_typesupport_c
[3.596s] [ 34%] [32mBuilding CXX object CMakeFiles/turtlesim__rosidl_typesupport_introspection_cpp.dir/rosidl_typesupport_introspection_cpp/turtlesim/msg/detail/pose__type_support.cpp.o[0m
[3.710s] [ 35%] [32mBuilding CXX object CMakeFiles/turtlesim__rosidl_typesupport_cpp.dir/rosidl_typesupport_cpp/turtlesim/srv/set_pen__type_support.cpp.o[0m
[3.804s] [ 36%] [32mBuilding CXX object CMakeFiles/turtlesim__rosidl_typesupport_cpp.dir/rosidl_typesupport_cpp/turtlesim/srv/spawn__type_support.cpp.o[0m
[3.911s] [ 37%] [32mBuilding C object CMakeFiles/turtlesim__rosidl_typesupport_introspection_c.dir/rosidl_typesupport_introspection_c/turtlesim/action/detail/rotate_absolute__type_support.c.o[0m
[3.965s] [ 38%] [32mBuilding C object CMakeFiles/turtlesim__rosidl_typesupport_introspection_c.dir/rosidl_typesupport_introspection_c/turtlesim/msg/detail/color__type_support.c.o[0m
[3.987s] [ 39%] [32mBuilding CXX object CMakeFiles/turtlesim__rosidl_typesupport_fastrtps_c.dir/rosidl_typesupport_fastrtps_c/turtlesim/action/detail/rotate_absolute__type_support_c.cpp.o[0m
[3.998s] [ 40%] [32mBuilding C object CMakeFiles/turtlesim__rosidl_typesupport_introspection_c.dir/rosidl_typesupport_introspection_c/turtlesim/msg/detail/pose__type_support.c.o[0m
[4.032s] [ 42%] [32mBuilding C object CMakeFiles/turtlesim__rosidl_typesupport_introspection_c.dir/rosidl_typesupport_introspection_c/turtlesim/srv/detail/set_pen__type_support.c.o[0m
[4.032s] [ 42%] [32mBuilding C object CMakeFiles/turtlesim__rosidl_typesupport_introspection_c.dir/rosidl_typesupport_introspection_c/turtlesim/srv/detail/kill__type_support.c.o[0m
[4.054s] [ 43%] [32mBuilding CXX object CMakeFiles/turtlesim__rosidl_typesupport_cpp.dir/rosidl_typesupport_cpp/turtlesim/srv/teleport_absolute__type_support.cpp.o[0m
[4.063s] [ 44%] [32mBuilding CXX object CMakeFiles/turtlesim__rosidl_typesupport_introspection_cpp.dir/rosidl_typesupport_introspection_cpp/turtlesim/srv/detail/kill__type_support.cpp.o[0m
[4.069s] [ 45%] [32mBuilding C object CMakeFiles/turtlesim__rosidl_typesupport_introspection_c.dir/rosidl_typesupport_introspection_c/turtlesim/srv/detail/spawn__type_support.c.o[0m
[4.085s] [ 46%] [32mBuilding CXX object CMakeFiles/turtlesim__rosidl_typesupport_fastrtps_cpp.dir/rosidl_typesupport_fastrtps_cpp/turtlesim/msg/detail/dds_fastrtps/color__type_support.cpp.o[0m
[4.089s] [ 47%] [32mBuilding CXX object CMakeFiles/turtlesim__rosidl_typesupport_fastrtps_cpp.dir/rosidl_typesupport_fastrtps_cpp/turtlesim/msg/detail/dds_fastrtps/pose__type_support.cpp.o[0m
[4.105s] [ 48%] [32mBuilding C object CMakeFiles/turtlesim__rosidl_typesupport_introspection_c.dir/rosidl_typesupport_introspection_c/turtlesim/srv/detail/teleport_absolute__type_support.c.o[0m
[4.143s] [ 49%] [32mBuilding CXX object CMakeFiles/turtlesim__rosidl_typesupport_cpp.dir/rosidl_typesupport_cpp/turtlesim/srv/teleport_relative__type_support.cpp.o[0m
[4.145s] [ 50%] [32mBuilding C object CMakeFiles/turtlesim__rosidl_typesupport_introspection_c.dir/rosidl_typesupport_introspection_c/turtlesim/srv/detail/teleport_relative__type_support.c.o[0m
[4.151s] [ 51%] [32mBuilding CXX object CMakeFiles/turtlesim__rosidl_typesupport_introspection_cpp.dir/rosidl_typesupport_introspection_cpp/turtlesim/srv/detail/set_pen__type_support.cpp.o[0m
[4.186s] [ 52%] [32m[1mLinking C shared library libturtlesim__rosidl_typesupport_introspection_c.so[0m
[4.223s] [ 52%] Built target turtlesim__rosidl_typesupport_introspection_c
[4.233s] [ 53%] [32mBuilding CXX object CMakeFiles/turtlesim__rosidl_typesupport_introspection_cpp.dir/rosidl_typesupport_introspection_cpp/turtlesim/srv/detail/spawn__type_support.cpp.o[0m
[4.394s] [ 54%] [32mBuilding CXX object CMakeFiles/turtlesim__rosidl_typesupport_introspection_cpp.dir/rosidl_typesupport_introspection_cpp/turtlesim/srv/detail/teleport_absolute__type_support.cpp.o[0m
[4.461s] [ 55%] [32mBuilding CXX object CMakeFiles/turtlesim__rosidl_typesupport_fastrtps_c.dir/rosidl_typesupport_fastrtps_c/turtlesim/msg/detail/color__type_support_c.cpp.o[0m
[4.492s] [ 56%] [32m[1mLinking CXX shared library libturtlesim__rosidl_typesupport_cpp.so[0m
[4.532s] [ 57%] [32mBuilding CXX object CMakeFiles/turtlesim__rosidl_typesupport_introspection_cpp.dir/rosidl_typesupport_introspection_cpp/turtlesim/srv/detail/teleport_relative__type_support.cpp.o[0m
[4.536s] [ 57%] Built target turtlesim__rosidl_typesupport_cpp
[4.545s] [ 58%] [34m[1mGenerating include/turtlesim/moc_turtle_frame.cpp[0m
[4.568s] [ 59%] [32mBuilding CXX object CMakeFiles/turtlesim__rosidl_typesupport_fastrtps_cpp.dir/rosidl_typesupport_fastrtps_cpp/turtlesim/srv/detail/dds_fastrtps/kill__type_support.cpp.o[0m
[4.574s] [ 60%] [32mBuilding CXX object CMakeFiles/turtlesim__rosidl_typesupport_fastrtps_cpp.dir/rosidl_typesupport_fastrtps_cpp/turtlesim/srv/detail/dds_fastrtps/set_pen__type_support.cpp.o[0m
[4.622s] [ 61%] [32mBuilding CXX object CMakeFiles/turtlesim__rosidl_typesupport_fastrtps_cpp.dir/rosidl_typesupport_fastrtps_cpp/turtlesim/srv/detail/dds_fastrtps/spawn__type_support.cpp.o[0m
[4.645s] [ 62%] [32mBuilding CXX object CMakeFiles/turtlesim_node.dir/src/turtlesim.cpp.o[0m
[4.768s] [ 63%] [32mBuilding CXX object CMakeFiles/turtlesim_node.dir/src/turtle.cpp.o[0m
[4.869s] [ 64%] [32mBuilding CXX object CMakeFiles/turtlesim__rosidl_typesupport_fastrtps_c.dir/rosidl_typesupport_fastrtps_c/turtlesim/msg/detail/pose__type_support_c.cpp.o[0m
[4.875s] [ 65%] [32mBuilding CXX object CMakeFiles/turtlesim__rosidl_typesupport_fastrtps_c.dir/rosidl_typesupport_fastrtps_c/turtlesim/srv/detail/kill__type_support_c.cpp.o[0m
[4.958s] [ 66%] [32m[1mLinking CXX shared library libturtlesim__rosidl_typesupport_introspection_cpp.so[0m
[5.052s] [ 66%] Built target turtlesim__rosidl_typesupport_introspection_cpp
[5.061s] [ 67%] [32mBuilding CXX object CMakeFiles/turtlesim__rosidl_typesupport_fastrtps_cpp.dir/rosidl_typesupport_fastrtps_cpp/turtlesim/srv/detail/dds_fastrtps/teleport_absolute__type_support.cpp.o[0m
[5.078s] [ 68%] [32mBuilding CXX object CMakeFiles/draw_square.dir/tutorials/draw_square.cpp.o[0m
[5.083s] [ 69%] [32mBuilding CXX object CMakeFiles/turtle_teleop_key.dir/tutorials/teleop_turtle_key.cpp.o[0m
[5.134s] [ 70%] [32mBuilding CXX object CMakeFiles/turtlesim__rosidl_typesupport_fastrtps_cpp.dir/rosidl_typesupport_fastrtps_cpp/turtlesim/srv/detail/dds_fastrtps/teleport_relative__type_support.cpp.o[0m
[5.271s] [ 71%] [32mBuilding CXX object CMakeFiles/turtlesim_node.dir/src/turtle_frame.cpp.o[0m
[5.311s] [ 72%] [32mBuilding CXX object CMakeFiles/turtlesim__rosidl_typesupport_fastrtps_c.dir/rosidl_typesupport_fastrtps_c/turtlesim/srv/detail/set_pen__type_support_c.cpp.o[0m
[5.562s] [ 73%] [32mBuilding CXX object CMakeFiles/turtlesim__rosidl_typesupport_fastrtps_c.dir/rosidl_typesupport_fastrtps_c/turtlesim/srv/detail/spawn__type_support_c.cpp.o[0m
[5.623s] [ 74%] [32m[1mLinking CXX shared library libturtlesim__rosidl_typesupport_fastrtps_cpp.so[0m
[5.730s] [ 74%] Built target turtlesim__rosidl_typesupport_fastrtps_cpp
[5.747s] [ 75%] [32mBuilding CXX object CMakeFiles/turtlesim__rosidl_typesupport_fastrtps_c.dir/rosidl_typesupport_fastrtps_c/turtlesim/srv/detail/teleport_absolute__type_support_c.cpp.o[0m
[5.752s] [ 76%] [32mBuilding CXX object CMakeFiles/mimic.dir/tutorials/mimic.cpp.o[0m
[6.003s] [ 77%] [32mBuilding CXX object CMakeFiles/turtlesim__rosidl_typesupport_fastrtps_c.dir/rosidl_typesupport_fastrtps_c/turtlesim/srv/detail/teleport_relative__type_support_c.cpp.o[0m
[6.163s] [ 78%] [32mBuilding CXX object CMakeFiles/turtlesim_node.dir/include/turtlesim/moc_turtle_frame.cpp.o[0m
[6.431s] [ 79%] [32m[1mLinking CXX shared library libturtlesim__rosidl_typesupport_fastrtps_c.so[0m
[6.547s] [ 79%] Built target turtlesim__rosidl_typesupport_fastrtps_c
[6.569s] [ 79%] Built target turtlesim
[6.594s] [ 80%] [34m[1mGenerating Python code for ROS interfaces[0m
[9.673s] [ 80%] Built target turtlesim__py
[9.700s] [ 81%] [32mBuilding C object CMakeFiles/turtlesim__rosidl_generator_py.dir/rosidl_generator_py/turtlesim/action/_rotate_absolute_s.c.o[0m
[9.926s] [ 82%] [32mBuilding C object CMakeFiles/turtlesim__rosidl_generator_py.dir/rosidl_generator_py/turtlesim/msg/_color_s.c.o[0m
[10.066s] [ 83%] [32mBuilding C object CMakeFiles/turtlesim__rosidl_generator_py.dir/rosidl_generator_py/turtlesim/msg/_pose_s.c.o[0m
[10.200s] [ 84%] [32mBuilding C object CMakeFiles/turtlesim__rosidl_generator_py.dir/rosidl_generator_py/turtlesim/srv/_kill_s.c.o[0m
[10.325s] [ 85%] [32mBuilding C object CMakeFiles/turtlesim__rosidl_generator_py.dir/rosidl_generator_py/turtlesim/srv/_set_pen_s.c.o[0m
[10.460s] [ 86%] [32mBuilding C object CMakeFiles/turtlesim__rosidl_generator_py.dir/rosidl_generator_py/turtlesim/srv/_spawn_s.c.o[0m
[10.583s] [ 87%] [32mBuilding C object CMakeFiles/turtlesim__rosidl_generator_py.dir/rosidl_generator_py/turtlesim/srv/_teleport_absolute_s.c.o[0m
[10.640s] [ 88%] [32mBuilding C object CMakeFiles/turtlesim__rosidl_generator_py.dir/rosidl_generator_py/turtlesim/srv/_teleport_relative_s.c.o[0m
[10.758s] [ 89%] [32m[1mLinking C shared library rosidl_generator_py/turtlesim/libturtlesim__rosidl_generator_py.so[0m
[10.816s] [ 89%] Built target turtlesim__rosidl_generator_py
[10.839s] [ 90%] [32mBuilding C object CMakeFiles/turtlesim__rosidl_typesupport_introspection_c__pyext.dir/rosidl_generator_py/turtlesim/_turtlesim_s.ep.rosidl_typesupport_introspection_c.c.o[0m
[10.843s] [ 91%] [32mBuilding C object CMakeFiles/turtlesim__rosidl_typesupport_fastrtps_c__pyext.dir/rosidl_generator_py/turtlesim/_turtlesim_s.ep.rosidl_typesupport_fastrtps_c.c.o[0m
[11.050s] [ 92%] [32m[1mLinking C shared library rosidl_generator_py/turtlesim/turtlesim_s__rosidl_typesupport_introspection_c.cpython-310-x86_64-linux-gnu.so[0m
[11.103s] [ 93%] Built target turtlesim__rosidl_typesupport_introspection_c__pyext
[11.103s] [ 93%] [32m[1mLinking C shared library rosidl_generator_py/turtlesim/turtlesim_s__rosidl_typesupport_fastrtps_c.cpython-310-x86_64-linux-gnu.so[0m
[11.131s] [ 94%] [32mBuilding C object CMakeFiles/turtlesim__rosidl_typesupport_c__pyext.dir/rosidl_generator_py/turtlesim/_turtlesim_s.ep.rosidl_typesupport_c.c.o[0m
[11.160s] [ 94%] Built target turtlesim__rosidl_typesupport_fastrtps_c__pyext
[11.353s] [ 95%] [32m[1mLinking C shared library rosidl_generator_py/turtlesim/turtlesim_s__rosidl_typesupport_c.cpython-310-x86_64-linux-gnu.so[0m
[11.403s] [ 95%] Built target turtlesim__rosidl_typesupport_c__pyext
[12.413s] [ 96%] [32m[1mLinking CXX executable turtle_teleop_key[0m
[12.762s] [ 96%] Built target turtle_teleop_key
[15.336s] [ 97%] [32m[1mLinking CXX executable mimic[0m
[15.610s] [ 98%] [32m[1mLinking CXX executable draw_square[0m
[15.733s] [ 98%] Built target mimic
[16.001s] [ 98%] Built target draw_square
[18.250s] [100%] [32m[1mLinking CXX executable turtlesim_node[0m
[19.947s] [100%] Built target turtlesim_node
[19.954s] Invoked command in '/home/jishnu/project/ros2-project/projects/ros2_workspace/build/turtlesim' returned '0': CMAKE_PREFIX_PATH=/opt/ros/humble /usr/bin/cmake --build /home/jishnu/project/ros2-project/projects/ros2_workspace/build/turtlesim -- -j8 -l8
[20.045s] Invoking command in '/home/jishnu/project/ros2-project/projects/ros2_workspace/build/turtlesim': CMAKE_PREFIX_PATH=/opt/ros/humble /usr/bin/cmake --install /home/jishnu/project/ros2-project/projects/ros2_workspace/build/turtlesim
[20.050s] -- Install configuration: ""
[20.050s] -- Installing: /home/jishnu/project/ros2-project/projects/ros2_workspace/install/turtlesim/share/ament_index/resource_index/rosidl_interfaces/turtlesim
[20.050s] -- Installing: /home/jishnu/project/ros2-project/projects/ros2_workspace/install/turtlesim/include/turtlesim/turtlesim
[20.050s] -- Installing: /home/jishnu/project/ros2-project/projects/ros2_workspace/install/turtlesim/include/turtlesim/turtlesim/srv
[20.050s] -- Installing: /home/jishnu/project/ros2-project/projects/ros2_workspace/install/turtlesim/include/turtlesim/turtlesim/srv/teleport_relative.h
[20.050s] -- Installing: /home/jishnu/project/ros2-project/projects/ros2_workspace/install/turtlesim/include/turtlesim/turtlesim/srv/kill.h
[20.050s] -- Installing: /home/jishnu/project/ros2-project/projects/ros2_workspace/install/turtlesim/include/turtlesim/turtlesim/srv/detail
[20.051s] -- Installing: /home/jishnu/project/ros2-project/projects/ros2_workspace/install/turtlesim/include/turtlesim/turtlesim/srv/detail/spawn__functions.c
[20.051s] -- Installing: /home/jishnu/project/ros2-project/projects/ros2_workspace/install/turtlesim/include/turtlesim/turtlesim/srv/detail/set_pen__type_support.h
[20.051s] -- Installing: /home/jishnu/project/ros2-project/projects/ros2_workspace/install/turtlesim/include/turtlesim/turtlesim/srv/detail/kill__functions.h
[20.051s] -- Installing: /home/jishnu/project/ros2-project/projects/ros2_workspace/install/turtlesim/include/turtlesim/turtlesim/srv/detail/spawn__struct.h
[20.051s] -- Installing: /home/jishnu/project/ros2-project/projects/ros2_workspace/install/turtlesim/include/turtlesim/turtlesim/srv/detail/set_pen__functions.h
[20.051s] -- Installing: /home/jishnu/project/ros2-project/projects/ros2_workspace/install/turtlesim/include/turtlesim/turtlesim/srv/detail/kill__functions.c
[20.051s] -- Installing: /home/jishnu/project/ros2-project/projects/ros2_workspace/install/turtlesim/include/turtlesim/turtlesim/srv/detail/spawn__functions.h
[20.051s] -- Installing: /home/jishnu/project/ros2-project/projects/ros2_workspace/install/turtlesim/include/turtlesim/turtlesim/srv/detail/teleport_relative__functions.c
[20.051s] -- Installing: /home/jishnu/project/ros2-project/projects/ros2_workspace/install/turtlesim/include/turtlesim/turtlesim/srv/detail/set_pen__struct.h
[20.051s] -- Installing: /home/jishnu/project/ros2-project/projects/ros2_workspace/install/turtlesim/include/turtlesim/turtlesim/srv/detail/kill__type_support.h
[20.051s] -- Installing: /home/jishnu/project/ros2-project/projects/ros2_workspace/install/turtlesim/include/turtlesim/turtlesim/srv/detail/teleport_absolute__struct.h
[20.051s] -- Installing: /home/jishnu/project/ros2-project/projects/ros2_workspace/install/turtlesim/include/turtlesim/turtlesim/srv/detail/set_pen__functions.c
[20.051s] -- Installing: /home/jishnu/project/ros2-project/projects/ros2_workspace/install/turtlesim/include/turtlesim/turtlesim/srv/detail/teleport_absolute__functions.c
[20.051s] -- Installing: /home/jishnu/project/ros2-project/projects/ros2_workspace/install/turtlesim/include/turtlesim/turtlesim/srv/detail/spawn__type_support.h
[20.051s] -- Installing: /home/jishnu/project/ros2-project/projects/ros2_workspace/install/turtlesim/include/turtlesim/turtlesim/srv/detail/kill__struct.h
[20.051s] -- Installing: /home/jishnu/project/ros2-project/projects/ros2_workspace/install/turtlesim/include/turtlesim/turtlesim/srv/detail/teleport_absolute__type_support.h
[20.052s] -- Installing: /home/jishnu/project/ros2-project/projects/ros2_workspace/install/turtlesim/include/turtlesim/turtlesim/srv/detail/teleport_absolute__functions.h
[20.052s] -- Installing: /home/jishnu/project/ros2-project/projects/ros2_workspace/install/turtlesim/include/turtlesim/turtlesim/srv/detail/teleport_relative__struct.h
[20.052s] -- Installing: /home/jishnu/project/ros2-project/projects/ros2_workspace/install/turtlesim/include/turtlesim/turtlesim/srv/detail/teleport_relative__type_support.h
[20.052s] -- Installing: /home/jishnu/project/ros2-project/projects/ros2_workspace/install/turtlesim/include/turtlesim/turtlesim/srv/detail/teleport_relative__functions.h
[20.052s] -- Installing: /home/jishnu/project/ros2-project/projects/ros2_workspace/install/turtlesim/include/turtlesim/turtlesim/srv/set_pen.h
[20.052s] -- Installing: /home/jishnu/project/ros2-project/projects/ros2_workspace/install/turtlesim/include/turtlesim/turtlesim/srv/teleport_absolute.h
[20.052s] -- Installing: /home/jishnu/project/ros2-project/projects/ros2_workspace/install/turtlesim/include/turtlesim/turtlesim/srv/spawn.h
[20.052s] -- Installing: /home/jishnu/project/ros2-project/projects/ros2_workspace/install/turtlesim/include/turtlesim/turtlesim/msg
[20.052s] -- Installing: /home/jishnu/project/ros2-project/projects/ros2_workspace/install/turtlesim/include/turtlesim/turtlesim/msg/pose.h
[20.052s] -- Installing: /home/jishnu/project/ros2-project/projects/ros2_workspace/install/turtlesim/include/turtlesim/turtlesim/msg/rosidl_generator_c__visibility_control.h
[20.052s] -- Installing: /home/jishnu/project/ros2-project/projects/ros2_workspace/install/turtlesim/include/turtlesim/turtlesim/msg/color.h
[20.052s] -- Installing: /home/jishnu/project/ros2-project/projects/ros2_workspace/install/turtlesim/include/turtlesim/turtlesim/msg/detail
[20.053s] -- Installing: /home/jishnu/project/ros2-project/projects/ros2_workspace/install/turtlesim/include/turtlesim/turtlesim/msg/detail/pose__functions.h
[20.053s] -- Installing: /home/jishnu/project/ros2-project/projects/ros2_workspace/install/turtlesim/include/turtlesim/turtlesim/msg/detail/color__functions.c
[20.053s] -- Installing: /home/jishnu/project/ros2-project/projects/ros2_workspace/install/turtlesim/include/turtlesim/turtlesim/msg/detail/color__type_support.h
[20.053s] -- Installing: /home/jishnu/project/ros2-project/projects/ros2_workspace/install/turtlesim/include/turtlesim/turtlesim/msg/detail/color__functions.h
[20.053s] -- Installing: /home/jishnu/project/ros2-project/projects/ros2_workspace/install/turtlesim/include/turtlesim/turtlesim/msg/detail/pose__struct.h
[20.053s] -- Installing: /home/jishnu/project/ros2-project/projects/ros2_workspace/install/turtlesim/include/turtlesim/turtlesim/msg/detail/pose__functions.c
[20.053s] -- Installing: /home/jishnu/project/ros2-project/projects/ros2_workspace/install/turtlesim/include/turtlesim/turtlesim/msg/detail/color__struct.h
[20.053s] -- Installing: /home/jishnu/project/ros2-project/projects/ros2_workspace/install/turtlesim/include/turtlesim/turtlesim/msg/detail/pose__type_support.h
[20.053s] -- Installing: /home/jishnu/project/ros2-project/projects/ros2_workspace/install/turtlesim/include/turtlesim/turtlesim/action
[20.053s] -- Installing: /home/jishnu/project/ros2-project/projects/ros2_workspace/install/turtlesim/include/turtlesim/turtlesim/action/rotate_absolute.h
[20.053s] -- Installing: /home/jishnu/project/ros2-project/projects/ros2_workspace/install/turtlesim/include/turtlesim/turtlesim/action/detail
[20.053s] -- Installing: /home/jishnu/project/ros2-project/projects/ros2_workspace/install/turtlesim/include/turtlesim/turtlesim/action/detail/rotate_absolute__functions.c
[20.053s] -- Installing: /home/jishnu/project/ros2-project/projects/ros2_workspace/install/turtlesim/include/turtlesim/turtlesim/action/detail/rotate_absolute__functions.h
[20.053s] -- Installing: /home/jishnu/project/ros2-project/projects/ros2_workspace/install/turtlesim/include/turtlesim/turtlesim/action/detail/rotate_absolute__type_support.h
[20.053s] -- Installing: /home/jishnu/project/ros2-project/projects/ros2_workspace/install/turtlesim/include/turtlesim/turtlesim/action/detail/rotate_absolute__struct.h
[20.053s] -- Installing: /home/jishnu/project/ros2-project/projects/ros2_workspace/install/turtlesim/share/turtlesim/environment/library_path.sh
[20.053s] -- Installing: /home/jishnu/project/ros2-project/projects/ros2_workspace/install/turtlesim/share/turtlesim/environment/library_path.dsv
[20.094s] -- Installing: /home/jishnu/project/ros2-project/projects/ros2_workspace/install/turtlesim/lib/libturtlesim__rosidl_generator_c.so
[20.095s] -- Set runtime path of "/home/jishnu/project/ros2-project/projects/ros2_workspace/install/turtlesim/lib/libturtlesim__rosidl_generator_c.so" to ""
[20.095s] -- Up-to-date: /home/jishnu/project/ros2-project/projects/ros2_workspace/install/turtlesim/include/turtlesim/turtlesim
[20.095s] -- Up-to-date: /home/jishnu/project/ros2-project/projects/ros2_workspace/install/turtlesim/include/turtlesim/turtlesim/srv
[20.095s] -- Up-to-date: /home/jishnu/project/ros2-project/projects/ros2_workspace/install/turtlesim/include/turtlesim/turtlesim/srv/detail
[20.095s] -- Installing: /home/jishnu/project/ros2-project/projects/ros2_workspace/install/turtlesim/include/turtlesim/turtlesim/srv/detail/spawn__rosidl_typesupport_fastrtps_c.h
[20.095s] -- Installing: /home/jishnu/project/ros2-project/projects/ros2_workspace/install/turtlesim/include/turtlesim/turtlesim/srv/detail/teleport_relative__rosidl_typesupport_fastrtps_c.h
[20.095s] -- Installing: /home/jishnu/project/ros2-project/projects/ros2_workspace/install/turtlesim/include/turtlesim/turtlesim/srv/detail/set_pen__rosidl_typesupport_fastrtps_c.h
[20.095s] -- Installing: /home/jishnu/project/ros2-project/projects/ros2_workspace/install/turtlesim/include/turtlesim/turtlesim/srv/detail/kill__rosidl_typesupport_fastrtps_c.h
[20.095s] -- Installing: /home/jishnu/project/ros2-project/projects/ros2_workspace/install/turtlesim/include/turtlesim/turtlesim/srv/detail/teleport_absolute__rosidl_typesupport_fastrtps_c.h
[20.095s] -- Up-to-date: /home/jishnu/project/ros2-project/projects/ros2_workspace/install/turtlesim/include/turtlesim/turtlesim/msg
[20.095s] -- Installing: /home/jishnu/project/ros2-project/projects/ros2_workspace/install/turtlesim/include/turtlesim/turtlesim/msg/rosidl_typesupport_fastrtps_c__visibility_control.h
[20.096s] -- Up-to-date: /home/jishnu/project/ros2-project/projects/ros2_workspace/install/turtlesim/include/turtlesim/turtlesim/msg/detail
[20.096s] -- Installing: /home/jishnu/project/ros2-project/projects/ros2_workspace/install/turtlesim/include/turtlesim/turtlesim/msg/detail/pose__rosidl_typesupport_fastrtps_c.h
[20.096s] -- Installing: /home/jishnu/project/ros2-project/projects/ros2_workspace/install/turtlesim/include/turtlesim/turtlesim/msg/detail/color__rosidl_typesupport_fastrtps_c.h
[20.096s] -- Up-to-date: /home/jishnu/project/ros2-project/projects/ros2_workspace/install/turtlesim/include/turtlesim/turtlesim/action
[20.096s] -- Up-to-date: /home/jishnu/project/ros2-project/projects/ros2_workspace/install/turtlesim/include/turtlesim/turtlesim/action/detail
[20.096s] -- Installing: /home/jishnu/project/ros2-project/projects/ros2_workspace/install/turtlesim/include/turtlesim/turtlesim/action/detail/rotate_absolute__rosidl_typesupport_fastrtps_c.h
[20.096s] -- Installing: /home/jishnu/project/ros2-project/projects/ros2_workspace/install/turtlesim/lib/libturtlesim__rosidl_typesupport_fastrtps_c.so
[20.096s] -- Set runtime path of "/home/jishnu/project/ros2-project/projects/ros2_workspace/install/turtlesim/lib/libturtlesim__rosidl_typesupport_fastrtps_c.so" to ""
[20.096s] -- Up-to-date: /home/jishnu/project/ros2-project/projects/ros2_workspace/install/turtlesim/include/turtlesim/turtlesim
[20.096s] -- Up-to-date: /home/jishnu/project/ros2-project/projects/ros2_workspace/install/turtlesim/include/turtlesim/turtlesim/srv
[20.096s] -- Installing: /home/jishnu/project/ros2-project/projects/ros2_workspace/install/turtlesim/include/turtlesim/turtlesim/srv/set_pen.hpp
[20.096s] -- Installing: /home/jishnu/project/ros2-project/projects/ros2_workspace/install/turtlesim/include/turtlesim/turtlesim/srv/kill.hpp
[20.096s] -- Installing: /home/jishnu/project/ros2-project/projects/ros2_workspace/install/turtlesim/include/turtlesim/turtlesim/srv/teleport_absolute.hpp
[20.096s] -- Installing: /home/jishnu/project/ros2-project/projects/ros2_workspace/install/turtlesim/include/turtlesim/turtlesim/srv/teleport_relative.hpp
[20.096s] -- Up-to-date: /home/jishnu/project/ros2-project/projects/ros2_workspace/install/turtlesim/include/turtlesim/turtlesim/srv/detail
[20.096s] -- Installing: /home/jishnu/project/ros2-project/projects/ros2_workspace/install/turtlesim/include/turtlesim/turtlesim/srv/detail/kill__traits.hpp
[20.096s] -- Installing: /home/jishnu/project/ros2-project/projects/ros2_workspace/install/turtlesim/include/turtlesim/turtlesim/srv/detail/teleport_relative__struct.hpp
[20.097s] -- Installing: /home/jishnu/project/ros2-project/projects/ros2_workspace/install/turtlesim/include/turtlesim/turtlesim/srv/detail/kill__struct.hpp
[20.097s] -- Installing: /home/jishnu/project/ros2-project/projects/ros2_workspace/install/turtlesim/include/turtlesim/turtlesim/srv/detail/teleport_relative__builder.hpp
[20.097s] -- Installing: /home/jishnu/project/ros2-project/projects/ros2_workspace/install/turtlesim/include/turtlesim/turtlesim/srv/detail/kill__builder.hpp
[20.097s] -- Installing: /home/jishnu/project/ros2-project/projects/ros2_workspace/install/turtlesim/include/turtlesim/turtlesim/srv/detail/teleport_relative__traits.hpp
[20.097s] -- Installing: /home/jishnu/project/ros2-project/projects/ros2_workspace/install/turtlesim/include/turtlesim/turtlesim/srv/detail/set_pen__builder.hpp
[20.097s] -- Installing: /home/jishnu/project/ros2-project/projects/ros2_workspace/install/turtlesim/include/turtlesim/turtlesim/srv/detail/teleport_absolute__traits.hpp
[20.097s] -- Installing: /home/jishnu/project/ros2-project/projects/ros2_workspace/install/turtlesim/include/turtlesim/turtlesim/srv/detail/set_pen__struct.hpp
[20.097s] -- Installing: /home/jishnu/project/ros2-project/projects/ros2_workspace/install/turtlesim/include/turtlesim/turtlesim/srv/detail/set_pen__traits.hpp
[20.097s] -- Installing: /home/jishnu/project/ros2-project/projects/ros2_workspace/install/turtlesim/include/turtlesim/turtlesim/srv/detail/spawn__traits.hpp
[20.097s] -- Installing: /home/jishnu/project/ros2-project/projects/ros2_workspace/install/turtlesim/include/turtlesim/turtlesim/srv/detail/teleport_absolute__builder.hpp
[20.097s] -- Installing: /home/jishnu/project/ros2-project/projects/ros2_workspace/install/turtlesim/include/turtlesim/turtlesim/srv/detail/spawn__builder.hpp
[20.097s] -- Installing: /home/jishnu/project/ros2-project/projects/ros2_workspace/install/turtlesim/include/turtlesim/turtlesim/srv/detail/spawn__struct.hpp
[20.097s] -- Installing: /home/jishnu/project/ros2-project/projects/ros2_workspace/install/turtlesim/include/turtlesim/turtlesim/srv/detail/teleport_absolute__struct.hpp
[20.097s] -- Installing: /home/jishnu/project/ros2-project/projects/ros2_workspace/install/turtlesim/include/turtlesim/turtlesim/srv/spawn.hpp
[20.097s] -- Up-to-date: /home/jishnu/project/ros2-project/projects/ros2_workspace/install/turtlesim/include/turtlesim/turtlesim/msg
[20.097s] -- Installing: /home/jishnu/project/ros2-project/projects/ros2_workspace/install/turtlesim/include/turtlesim/turtlesim/msg/pose.hpp
[20.098s] -- Installing: /home/jishnu/project/ros2-project/projects/ros2_workspace/install/turtlesim/include/turtlesim/turtlesim/msg/color.hpp
[20.098s] -- Up-to-date: /home/jishnu/project/ros2-project/projects/ros2_workspace/install/turtlesim/include/turtlesim/turtlesim/msg/detail
[20.098s] -- Installing: /home/jishnu/project/ros2-project/projects/ros2_workspace/install/turtlesim/include/turtlesim/turtlesim/msg/detail/pose__traits.hpp
[20.098s] -- Installing: /home/jishnu/project/ros2-project/projects/ros2_workspace/install/turtlesim/include/turtlesim/turtlesim/msg/detail/color__traits.hpp
[20.098s] -- Installing: /home/jishnu/project/ros2-project/projects/ros2_workspace/install/turtlesim/include/turtlesim/turtlesim/msg/detail/pose__struct.hpp
[20.098s] -- Installing: /home/jishnu/project/ros2-project/projects/ros2_workspace/install/turtlesim/include/turtlesim/turtlesim/msg/detail/color__builder.hpp
[20.098s] -- Installing: /home/jishnu/project/ros2-project/projects/ros2_workspace/install/turtlesim/include/turtlesim/turtlesim/msg/detail/color__struct.hpp
[20.098s] -- Installing: /home/jishnu/project/ros2-project/projects/ros2_workspace/install/turtlesim/include/turtlesim/turtlesim/msg/detail/pose__builder.hpp
[20.098s] -- Up-to-date: /home/jishnu/project/ros2-project/projects/ros2_workspace/install/turtlesim/include/turtlesim/turtlesim/action
[20.098s] -- Installing: /home/jishnu/project/ros2-project/projects/ros2_workspace/install/turtlesim/include/turtlesim/turtlesim/action/rotate_absolute.hpp
[20.098s] -- Up-to-date: /home/jishnu/project/ros2-project/projects/ros2_workspace/install/turtlesim/include/turtlesim/turtlesim/action/detail
[20.098s] -- Installing: /home/jishnu/project/ros2-project/projects/ros2_workspace/install/turtlesim/include/turtlesim/turtlesim/action/detail/rotate_absolute__struct.hpp
[20.098s] -- Installing: /home/jishnu/project/ros2-project/projects/ros2_workspace/install/turtlesim/include/turtlesim/turtlesim/action/detail/rotate_absolute__builder.hpp
[20.098s] -- Installing: /home/jishnu/project/ros2-project/projects/ros2_workspace/install/turtlesim/include/turtlesim/turtlesim/action/detail/rotate_absolute__traits.hpp
[20.098s] -- Up-to-date: /home/jishnu/project/ros2-project/projects/ros2_workspace/install/turtlesim/include/turtlesim/turtlesim
[20.098s] -- Up-to-date: /home/jishnu/project/ros2-project/projects/ros2_workspace/install/turtlesim/include/turtlesim/turtlesim/srv
[20.098s] -- Up-to-date: /home/jishnu/project/ros2-project/projects/ros2_workspace/install/turtlesim/include/turtlesim/turtlesim/srv/detail
[20.099s] -- Installing: /home/jishnu/project/ros2-project/projects/ros2_workspace/install/turtlesim/include/turtlesim/turtlesim/srv/detail/spawn__rosidl_typesupport_fastrtps_cpp.hpp
[20.099s] -- Installing: /home/jishnu/project/ros2-project/projects/ros2_workspace/install/turtlesim/include/turtlesim/turtlesim/srv/detail/kill__rosidl_typesupport_fastrtps_cpp.hpp
[20.099s] -- Installing: /home/jishnu/project/ros2-project/projects/ros2_workspace/install/turtlesim/include/turtlesim/turtlesim/srv/detail/set_pen__rosidl_typesupport_fastrtps_cpp.hpp
[20.099s] -- Installing: /home/jishnu/project/ros2-project/projects/ros2_workspace/install/turtlesim/include/turtlesim/turtlesim/srv/detail/teleport_absolute__rosidl_typesupport_fastrtps_cpp.hpp
[20.099s] -- Installing: /home/jishnu/project/ros2-project/projects/ros2_workspace/install/turtlesim/include/turtlesim/turtlesim/srv/detail/dds_fastrtps
[20.099s] -- Installing: /home/jishnu/project/ros2-project/projects/ros2_workspace/install/turtlesim/include/turtlesim/turtlesim/srv/detail/teleport_relative__rosidl_typesupport_fastrtps_cpp.hpp
[20.099s] -- Up-to-date: /home/jishnu/project/ros2-project/projects/ros2_workspace/install/turtlesim/include/turtlesim/turtlesim/msg
[20.099s] -- Installing: /home/jishnu/project/ros2-project/projects/ros2_workspace/install/turtlesim/include/turtlesim/turtlesim/msg/rosidl_typesupport_fastrtps_cpp__visibility_control.h
[20.099s] -- Up-to-date: /home/jishnu/project/ros2-project/projects/ros2_workspace/install/turtlesim/include/turtlesim/turtlesim/msg/detail
[20.099s] -- Installing: /home/jishnu/project/ros2-project/projects/ros2_workspace/install/turtlesim/include/turtlesim/turtlesim/msg/detail/pose__rosidl_typesupport_fastrtps_cpp.hpp
[20.099s] -- Installing: /home/jishnu/project/ros2-project/projects/ros2_workspace/install/turtlesim/include/turtlesim/turtlesim/msg/detail/color__rosidl_typesupport_fastrtps_cpp.hpp
[20.099s] -- Installing: /home/jishnu/project/ros2-project/projects/ros2_workspace/install/turtlesim/include/turtlesim/turtlesim/msg/detail/dds_fastrtps
[20.099s] -- Up-to-date: /home/jishnu/project/ros2-project/projects/ros2_workspace/install/turtlesim/include/turtlesim/turtlesim/action
[20.099s] -- Up-to-date: /home/jishnu/project/ros2-project/projects/ros2_workspace/install/turtlesim/include/turtlesim/turtlesim/action/detail
[20.099s] -- Installing: /home/jishnu/project/ros2-project/projects/ros2_workspace/install/turtlesim/include/turtlesim/turtlesim/action/detail/dds_fastrtps
[20.099s] -- Installing: /home/jishnu/project/ros2-project/projects/ros2_workspace/install/turtlesim/include/turtlesim/turtlesim/action/detail/rotate_absolute__rosidl_typesupport_fastrtps_cpp.hpp
[20.099s] -- Installing: /home/jishnu/project/ros2-project/projects/ros2_workspace/install/turtlesim/lib/libturtlesim__rosidl_typesupport_fastrtps_cpp.so
[20.099s] -- Set runtime path of "/home/jishnu/project/ros2-project/projects/ros2_workspace/install/turtlesim/lib/libturtlesim__rosidl_typesupport_fastrtps_cpp.so" to ""
[20.100s] -- Up-to-date: /home/jishnu/project/ros2-project/projects/ros2_workspace/install/turtlesim/include/turtlesim/turtlesim
[20.100s] -- Up-to-date: /home/jishnu/project/ros2-project/projects/ros2_workspace/install/turtlesim/include/turtlesim/turtlesim/srv
[20.100s] -- Up-to-date: /home/jishnu/project/ros2-project/projects/ros2_workspace/install/turtlesim/include/turtlesim/turtlesim/srv/detail
[20.100s] -- Installing: /home/jishnu/project/ros2-project/projects/ros2_workspace/install/turtlesim/include/turtlesim/turtlesim/srv/detail/spawn__rosidl_typesupport_introspection_c.h
[20.100s] -- Installing: /home/jishnu/project/ros2-project/projects/ros2_workspace/install/turtlesim/include/turtlesim/turtlesim/srv/detail/set_pen__type_support.c
[20.100s] -- Installing: /home/jishnu/project/ros2-project/projects/ros2_workspace/install/turtlesim/include/turtlesim/turtlesim/srv/detail/kill__rosidl_typesupport_introspection_c.h
[20.100s] -- Installing: /home/jishnu/project/ros2-project/projects/ros2_workspace/install/turtlesim/include/turtlesim/turtlesim/srv/detail/teleport_absolute__rosidl_typesupport_introspection_c.h
[20.100s] -- Installing: /home/jishnu/project/ros2-project/projects/ros2_workspace/install/turtlesim/include/turtlesim/turtlesim/srv/detail/teleport_relative__rosidl_typesupport_introspection_c.h
[20.100s] -- Installing: /home/jishnu/project/ros2-project/projects/ros2_workspace/install/turtlesim/include/turtlesim/turtlesim/srv/detail/kill__type_support.c
[20.100s] -- Installing: /home/jishnu/project/ros2-project/projects/ros2_workspace/install/turtlesim/include/turtlesim/turtlesim/srv/detail/spawn__type_support.c
[20.100s] -- Installing: /home/jishnu/project/ros2-project/projects/ros2_workspace/install/turtlesim/include/turtlesim/turtlesim/srv/detail/set_pen__rosidl_typesupport_introspection_c.h
[20.100s] -- Installing: /home/jishnu/project/ros2-project/projects/ros2_workspace/install/turtlesim/include/turtlesim/turtlesim/srv/detail/teleport_absolute__type_support.c
[20.100s] -- Installing: /home/jishnu/project/ros2-project/projects/ros2_workspace/install/turtlesim/include/turtlesim/turtlesim/srv/detail/teleport_relative__type_support.c
[20.100s] -- Up-to-date: /home/jishnu/project/ros2-project/projects/ros2_workspace/install/turtlesim/include/turtlesim/turtlesim/msg
[20.100s] -- Up-to-date: /home/jishnu/project/ros2-project/projects/ros2_workspace/install/turtlesim/include/turtlesim/turtlesim/msg/detail
[20.100s] -- Installing: /home/jishnu/project/ros2-project/projects/ros2_workspace/install/turtlesim/include/turtlesim/turtlesim/msg/detail/pose__rosidl_typesupport_introspection_c.h
[20.100s] -- Installing: /home/jishnu/project/ros2-project/projects/ros2_workspace/install/turtlesim/include/turtlesim/turtlesim/msg/detail/color__rosidl_typesupport_introspection_c.h
[20.100s] -- Installing: /home/jishnu/project/ros2-project/projects/ros2_workspace/install/turtlesim/include/turtlesim/turtlesim/msg/detail/pose__type_support.c
[20.101s] -- Installing: /home/jishnu/project/ros2-project/projects/ros2_workspace/install/turtlesim/include/turtlesim/turtlesim/msg/detail/color__type_support.c
[20.101s] -- Installing: /home/jishnu/project/ros2-project/projects/ros2_workspace/install/turtlesim/include/turtlesim/turtlesim/msg/rosidl_typesupport_introspection_c__visibility_control.h
[20.101s] -- Up-to-date: /home/jishnu/project/ros2-project/projects/ros2_workspace/install/turtlesim/include/turtlesim/turtlesim/action
[20.101s] -- Up-to-date: /home/jishnu/project/ros2-project/projects/ros2_workspace/install/turtlesim/include/turtlesim/turtlesim/action/detail
[20.101s] -- Installing: /home/jishnu/project/ros2-project/projects/ros2_workspace/install/turtlesim/include/turtlesim/turtlesim/action/detail/rotate_absolute__type_support.c
[20.101s] -- Installing: /home/jishnu/project/ros2-project/projects/ros2_workspace/install/turtlesim/include/turtlesim/turtlesim/action/detail/rotate_absolute__rosidl_typesupport_introspection_c.h
[20.101s] -- Installing: /home/jishnu/project/ros2-project/projects/ros2_workspace/install/turtlesim/lib/libturtlesim__rosidl_typesupport_introspection_c.so
[20.101s] -- Set runtime path of "/home/jishnu/project/ros2-project/projects/ros2_workspace/install/turtlesim/lib/libturtlesim__rosidl_typesupport_introspection_c.so" to ""
[20.101s] -- Installing: /home/jishnu/project/ros2-project/projects/ros2_workspace/install/turtlesim/lib/libturtlesim__rosidl_typesupport_c.so
[20.101s] -- Set runtime path of "/home/jishnu/project/ros2-project/projects/ros2_workspace/install/turtlesim/lib/libturtlesim__rosidl_typesupport_c.so" to ""
[20.101s] -- Up-to-date: /home/jishnu/project/ros2-project/projects/ros2_workspace/install/turtlesim/include/turtlesim/turtlesim
[20.101s] -- Up-to-date: /home/jishnu/project/ros2-project/projects/ros2_workspace/install/turtlesim/include/turtlesim/turtlesim/srv
[20.101s] -- Up-to-date: /home/jishnu/project/ros2-project/projects/ros2_workspace/install/turtlesim/include/turtlesim/turtlesim/srv/detail
[20.101s] -- Installing: /home/jishnu/project/ros2-project/projects/ros2_workspace/install/turtlesim/include/turtlesim/turtlesim/srv/detail/set_pen__rosidl_typesupport_introspection_cpp.hpp
[20.101s] -- Installing: /home/jishnu/project/ros2-project/projects/ros2_workspace/install/turtlesim/include/turtlesim/turtlesim/srv/detail/spawn__rosidl_typesupport_introspection_cpp.hpp
[20.101s] -- Installing: /home/jishnu/project/ros2-project/projects/ros2_workspace/install/turtlesim/include/turtlesim/turtlesim/srv/detail/spawn__type_support.cpp
[20.101s] -- Installing: /home/jishnu/project/ros2-project/projects/ros2_workspace/install/turtlesim/include/turtlesim/turtlesim/srv/detail/teleport_absolute__type_support.cpp
[20.102s] -- Installing: /home/jishnu/project/ros2-project/projects/ros2_workspace/install/turtlesim/include/turtlesim/turtlesim/srv/detail/teleport_relative__type_support.cpp
[20.102s] -- Installing: /home/jishnu/project/ros2-project/projects/ros2_workspace/install/turtlesim/include/turtlesim/turtlesim/srv/detail/kill__type_support.cpp
[20.102s] -- Installing: /home/jishnu/project/ros2-project/projects/ros2_workspace/install/turtlesim/include/turtlesim/turtlesim/srv/detail/set_pen__type_support.cpp
[20.102s] -- Installing: /home/jishnu/project/ros2-project/projects/ros2_workspace/install/turtlesim/include/turtlesim/turtlesim/srv/detail/teleport_relative__rosidl_typesupport_introspection_cpp.hpp
[20.102s] -- Installing: /home/jishnu/project/ros2-project/projects/ros2_workspace/install/turtlesim/include/turtlesim/turtlesim/srv/detail/teleport_absolute__rosidl_typesupport_introspection_cpp.hpp
[20.102s] -- Installing: /home/jishnu/project/ros2-project/projects/ros2_workspace/install/turtlesim/include/turtlesim/turtlesim/srv/detail/kill__rosidl_typesupport_introspection_cpp.hpp
[20.102s] -- Up-to-date: /home/jishnu/project/ros2-project/projects/ros2_workspace/install/turtlesim/include/turtlesim/turtlesim/msg
[20.102s] -- Up-to-date: /home/jishnu/project/ros2-project/projects/ros2_workspace/install/turtlesim/include/turtlesim/turtlesim/msg/detail
[20.102s] -- Installing: /home/jishnu/project/ros2-project/projects/ros2_workspace/install/turtlesim/include/turtlesim/turtlesim/msg/detail/pose__type_support.cpp
[20.102s] -- Installing: /home/jishnu/project/ros2-project/projects/ros2_workspace/install/turtlesim/include/turtlesim/turtlesim/msg/detail/color__rosidl_typesupport_introspection_cpp.hpp
[20.102s] -- Installing: /home/jishnu/project/ros2-project/projects/ros2_workspace/install/turtlesim/include/turtlesim/turtlesim/msg/detail/pose__rosidl_typesupport_introspection_cpp.hpp
[20.102s] -- Installing: /home/jishnu/project/ros2-project/projects/ros2_workspace/install/turtlesim/include/turtlesim/turtlesim/msg/detail/color__type_support.cpp
[20.102s] -- Up-to-date: /home/jishnu/project/ros2-project/projects/ros2_workspace/install/turtlesim/include/turtlesim/turtlesim/action
[20.102s] -- Up-to-date: /home/jishnu/project/ros2-project/projects/ros2_workspace/install/turtlesim/include/turtlesim/turtlesim/action/detail
[20.102s] -- Installing: /home/jishnu/project/ros2-project/projects/ros2_workspace/install/turtlesim/include/turtlesim/turtlesim/action/detail/rotate_absolute__type_support.cpp
[20.102s] -- Installing: /home/jishnu/project/ros2-project/projects/ros2_workspace/install/turtlesim/include/turtlesim/turtlesim/action/detail/rotate_absolute__rosidl_typesupport_introspection_cpp.hpp
[20.102s] -- Installing: /home/jishnu/project/ros2-project/projects/ros2_workspace/install/turtlesim/lib/libturtlesim__rosidl_typesupport_introspection_cpp.so
[20.102s] -- Set runtime path of "/home/jishnu/project/ros2-project/projects/ros2_workspace/install/turtlesim/lib/libturtlesim__rosidl_typesupport_introspection_cpp.so" to ""
[20.102s] -- Installing: /home/jishnu/project/ros2-project/projects/ros2_workspace/install/turtlesim/lib/libturtlesim__rosidl_typesupport_cpp.so
[20.103s] -- Set runtime path of "/home/jishnu/project/ros2-project/projects/ros2_workspace/install/turtlesim/lib/libturtlesim__rosidl_typesupport_cpp.so" to ""
[20.103s] -- Installing: /home/jishnu/project/ros2-project/projects/ros2_workspace/install/turtlesim/share/turtlesim/environment/pythonpath.sh
[20.103s] -- Installing: /home/jishnu/project/ros2-project/projects/ros2_workspace/install/turtlesim/share/turtlesim/environment/pythonpath.dsv
[20.103s] -- Installing: /home/jishnu/project/ros2-project/projects/ros2_workspace/install/turtlesim/local/lib/python3.10/dist-packages/turtlesim-1.4.1-py3.10.egg-info
[20.103s] -- Installing: /home/jishnu/project/ros2-project/projects/ros2_workspace/install/turtlesim/local/lib/python3.10/dist-packages/turtlesim-1.4.1-py3.10.egg-info/top_level.txt
[20.103s] -- Installing: /home/jishnu/project/ros2-project/projects/ros2_workspace/install/turtlesim/local/lib/python3.10/dist-packages/turtlesim-1.4.1-py3.10.egg-info/dependency_links.txt
[20.103s] -- Installing: /home/jishnu/project/ros2-project/projects/ros2_workspace/install/turtlesim/local/lib/python3.10/dist-packages/turtlesim-1.4.1-py3.10.egg-info/SOURCES.txt
[20.103s] -- Installing: /home/jishnu/project/ros2-project/projects/ros2_workspace/install/turtlesim/local/lib/python3.10/dist-packages/turtlesim-1.4.1-py3.10.egg-info/PKG-INFO
[20.103s] -- Installing: /home/jishnu/project/ros2-project/projects/ros2_workspace/install/turtlesim/local/lib/python3.10/dist-packages/turtlesim
[20.103s] -- Installing: /home/jishnu/project/ros2-project/projects/ros2_workspace/install/turtlesim/local/lib/python3.10/dist-packages/turtlesim/_turtlesim_s.ep.rosidl_typesupport_c.c
[20.103s] -- Installing: /home/jishnu/project/ros2-project/projects/ros2_workspace/install/turtlesim/local/lib/python3.10/dist-packages/turtlesim/srv
[20.103s] -- Installing: /home/jishnu/project/ros2-project/projects/ros2_workspace/install/turtlesim/local/lib/python3.10/dist-packages/turtlesim/srv/_kill_s.c
[20.103s] -- Installing: /home/jishnu/project/ros2-project/projects/ros2_workspace/install/turtlesim/local/lib/python3.10/dist-packages/turtlesim/srv/_set_pen_s.c
[20.103s] -- Installing: /home/jishnu/project/ros2-project/projects/ros2_workspace/install/turtlesim/local/lib/python3.10/dist-packages/turtlesim/srv/_teleport_absolute.py
[20.103s] -- Installing: /home/jishnu/project/ros2-project/projects/ros2_workspace/install/turtlesim/local/lib/python3.10/dist-packages/turtlesim/srv/_teleport_relative_s.c
[20.103s] -- Installing: /home/jishnu/project/ros2-project/projects/ros2_workspace/install/turtlesim/local/lib/python3.10/dist-packages/turtlesim/srv/_kill.py
[20.103s] -- Installing: /home/jishnu/project/ros2-project/projects/ros2_workspace/install/turtlesim/local/lib/python3.10/dist-packages/turtlesim/srv/_spawn_s.c
[20.104s] -- Installing: /home/jishnu/project/ros2-project/projects/ros2_workspace/install/turtlesim/local/lib/python3.10/dist-packages/turtlesim/srv/_spawn.py
[20.104s] -- Installing: /home/jishnu/project/ros2-project/projects/ros2_workspace/install/turtlesim/local/lib/python3.10/dist-packages/turtlesim/srv/__init__.py
[20.104s] -- Installing: /home/jishnu/project/ros2-project/projects/ros2_workspace/install/turtlesim/local/lib/python3.10/dist-packages/turtlesim/srv/_teleport_relative.py
[20.104s] -- Installing: /home/jishnu/project/ros2-project/projects/ros2_workspace/install/turtlesim/local/lib/python3.10/dist-packages/turtlesim/srv/_teleport_absolute_s.c
[20.104s] -- Installing: /home/jishnu/project/ros2-project/projects/ros2_workspace/install/turtlesim/local/lib/python3.10/dist-packages/turtlesim/srv/_set_pen.py
[20.104s] -- Installing: /home/jishnu/project/ros2-project/projects/ros2_workspace/install/turtlesim/local/lib/python3.10/dist-packages/turtlesim/msg
[20.104s] -- Installing: /home/jishnu/project/ros2-project/projects/ros2_workspace/install/turtlesim/local/lib/python3.10/dist-packages/turtlesim/msg/__init__.py
[20.104s] -- Installing: /home/jishnu/project/ros2-project/projects/ros2_workspace/install/turtlesim/local/lib/python3.10/dist-packages/turtlesim/msg/_color.py
[20.104s] -- Installing: /home/jishnu/project/ros2-project/projects/ros2_workspace/install/turtlesim/local/lib/python3.10/dist-packages/turtlesim/msg/_pose.py
[20.104s] -- Installing: /home/jishnu/project/ros2-project/projects/ros2_workspace/install/turtlesim/local/lib/python3.10/dist-packages/turtlesim/msg/_pose_s.c
[20.104s] -- Installing: /home/jishnu/project/ros2-project/projects/ros2_workspace/install/turtlesim/local/lib/python3.10/dist-packages/turtlesim/msg/_color_s.c
[20.104s] -- Installing: /home/jishnu/project/ros2-project/projects/ros2_workspace/install/turtlesim/local/lib/python3.10/dist-packages/turtlesim/__init__.py
[20.104s] -- Installing: /home/jishnu/project/ros2-project/projects/ros2_workspace/install/turtlesim/local/lib/python3.10/dist-packages/turtlesim/libturtlesim__rosidl_generator_py.so
[20.104s] -- Installing: /home/jishnu/project/ros2-project/projects/ros2_workspace/install/turtlesim/local/lib/python3.10/dist-packages/turtlesim/action
[20.104s] -- Installing: /home/jishnu/project/ros2-project/projects/ros2_workspace/install/turtlesim/local/lib/python3.10/dist-packages/turtlesim/action/__init__.py
[20.104s] -- Installing: /home/jishnu/project/ros2-project/projects/ros2_workspace/install/turtlesim/local/lib/python3.10/dist-packages/turtlesim/action/_rotate_absolute.py
[20.104s] -- Installing: /home/jishnu/project/ros2-project/projects/ros2_workspace/install/turtlesim/local/lib/python3.10/dist-packages/turtlesim/action/_rotate_absolute_s.c
[20.104s] -- Installing: /home/jishnu/project/ros2-project/projects/ros2_workspace/install/turtlesim/local/lib/python3.10/dist-packages/turtlesim/turtlesim_s__rosidl_typesupport_fastrtps_c.cpython-310-x86_64-linux-gnu.so
[20.105s] -- Installing: /home/jishnu/project/ros2-project/projects/ros2_workspace/install/turtlesim/local/lib/python3.10/dist-packages/turtlesim/_turtlesim_s.ep.rosidl_typesupport_fastrtps_c.c
[20.105s] -- Installing: /home/jishnu/project/ros2-project/projects/ros2_workspace/install/turtlesim/local/lib/python3.10/dist-packages/turtlesim/_turtlesim_s.ep.rosidl_typesupport_introspection_c.c
[20.105s] -- Installing: /home/jishnu/project/ros2-project/projects/ros2_workspace/install/turtlesim/local/lib/python3.10/dist-packages/turtlesim/turtlesim_s__rosidl_typesupport_introspection_c.cpython-310-x86_64-linux-gnu.so
[20.105s] -- Installing: /home/jishnu/project/ros2-project/projects/ros2_workspace/install/turtlesim/local/lib/python3.10/dist-packages/turtlesim/turtlesim_s__rosidl_typesupport_c.cpython-310-x86_64-linux-gnu.so
[20.141s] Listing '/home/jishnu/project/ros2-project/projects/ros2_workspace/install/turtlesim/local/lib/python3.10/dist-packages/turtlesim'...
[20.141s] Compiling '/home/jishnu/project/ros2-project/projects/ros2_workspace/install/turtlesim/local/lib/python3.10/dist-packages/turtlesim/__init__.py'...
[20.141s] Listing '/home/jishnu/project/ros2-project/projects/ros2_workspace/install/turtlesim/local/lib/python3.10/dist-packages/turtlesim/action'...
[20.141s] Compiling '/home/jishnu/project/ros2-project/projects/ros2_workspace/install/turtlesim/local/lib/python3.10/dist-packages/turtlesim/action/__init__.py'...
[20.141s] Compiling '/home/jishnu/project/ros2-project/projects/ros2_workspace/install/turtlesim/local/lib/python3.10/dist-packages/turtlesim/action/_rotate_absolute.py'...
[20.142s] Listing '/home/jishnu/project/ros2-project/projects/ros2_workspace/install/turtlesim/local/lib/python3.10/dist-packages/turtlesim/msg'...
[20.142s] Compiling '/home/jishnu/project/ros2-project/projects/ros2_workspace/install/turtlesim/local/lib/python3.10/dist-packages/turtlesim/msg/__init__.py'...
[20.142s] Compiling '/home/jishnu/project/ros2-project/projects/ros2_workspace/install/turtlesim/local/lib/python3.10/dist-packages/turtlesim/msg/_color.py'...
[20.142s] Compiling '/home/jishnu/project/ros2-project/projects/ros2_workspace/install/turtlesim/local/lib/python3.10/dist-packages/turtlesim/msg/_pose.py'...
[20.142s] Listing '/home/jishnu/project/ros2-project/projects/ros2_workspace/install/turtlesim/local/lib/python3.10/dist-packages/turtlesim/srv'...
[20.142s] Compiling '/home/jishnu/project/ros2-project/projects/ros2_workspace/install/turtlesim/local/lib/python3.10/dist-packages/turtlesim/srv/__init__.py'...
[20.142s] Compiling '/home/jishnu/project/ros2-project/projects/ros2_workspace/install/turtlesim/local/lib/python3.10/dist-packages/turtlesim/srv/_kill.py'...
[20.142s] Compiling '/home/jishnu/project/ros2-project/projects/ros2_workspace/install/turtlesim/local/lib/python3.10/dist-packages/turtlesim/srv/_set_pen.py'...
[20.142s] Compiling '/home/jishnu/project/ros2-project/projects/ros2_workspace/install/turtlesim/local/lib/python3.10/dist-packages/turtlesim/srv/_spawn.py'...
[20.142s] Compiling '/home/jishnu/project/ros2-project/projects/ros2_workspace/install/turtlesim/local/lib/python3.10/dist-packages/turtlesim/srv/_teleport_absolute.py'...
[20.142s] Compiling '/home/jishnu/project/ros2-project/projects/ros2_workspace/install/turtlesim/local/lib/python3.10/dist-packages/turtlesim/srv/_teleport_relative.py'...
[20.145s] -- Installing: /home/jishnu/project/ros2-project/projects/ros2_workspace/install/turtlesim/local/lib/python3.10/dist-packages/turtlesim/turtlesim_s__rosidl_typesupport_fastrtps_c.cpython-310-x86_64-linux-gnu.so
[20.145s] -- Set runtime path of "/home/jishnu/project/ros2-project/projects/ros2_workspace/install/turtlesim/local/lib/python3.10/dist-packages/turtlesim/turtlesim_s__rosidl_typesupport_fastrtps_c.cpython-310-x86_64-linux-gnu.so" to ""
[20.145s] -- Installing: /home/jishnu/project/ros2-project/projects/ros2_workspace/install/turtlesim/local/lib/python3.10/dist-packages/turtlesim/turtlesim_s__rosidl_typesupport_introspection_c.cpython-310-x86_64-linux-gnu.so
[20.145s] -- Set runtime path of "/home/jishnu/project/ros2-project/projects/ros2_workspace/install/turtlesim/local/lib/python3.10/dist-packages/turtlesim/turtlesim_s__rosidl_typesupport_introspection_c.cpython-310-x86_64-linux-gnu.so" to ""
[20.146s] -- Installing: /home/jishnu/project/ros2-project/projects/ros2_workspace/install/turtlesim/local/lib/python3.10/dist-packages/turtlesim/turtlesim_s__rosidl_typesupport_c.cpython-310-x86_64-linux-gnu.so
[20.146s] -- Set runtime path of "/home/jishnu/project/ros2-project/projects/ros2_workspace/install/turtlesim/local/lib/python3.10/dist-packages/turtlesim/turtlesim_s__rosidl_typesupport_c.cpython-310-x86_64-linux-gnu.so" to ""
[20.146s] -- Installing: /home/jishnu/project/ros2-project/projects/ros2_workspace/install/turtlesim/lib/libturtlesim__rosidl_generator_py.so
[20.146s] -- Set runtime path of "/home/jishnu/project/ros2-project/projects/ros2_workspace/install/turtlesim/lib/libturtlesim__rosidl_generator_py.so" to ""
[20.146s] -- Installing: /home/jishnu/project/ros2-project/projects/ros2_workspace/install/turtlesim/share/turtlesim/action/RotateAbsolute.idl
[20.146s] -- Installing: /home/jishnu/project/ros2-project/projects/ros2_workspace/install/turtlesim/share/turtlesim/msg/Color.idl
[20.146s] -- Installing: /home/jishnu/project/ros2-project/projects/ros2_workspace/install/turtlesim/share/turtlesim/msg/Pose.idl
[20.146s] -- Installing: /home/jishnu/project/ros2-project/projects/ros2_workspace/install/turtlesim/share/turtlesim/srv/Kill.idl
[20.146s] -- Installing: /home/jishnu/project/ros2-project/projects/ros2_workspace/install/turtlesim/share/turtlesim/srv/SetPen.idl
[20.147s] -- Installing: /home/jishnu/project/ros2-project/projects/ros2_workspace/install/turtlesim/share/turtlesim/srv/Spawn.idl
[20.147s] -- Installing: /home/jishnu/project/ros2-project/projects/ros2_workspace/install/turtlesim/share/turtlesim/srv/TeleportAbsolute.idl
[20.147s] -- Installing: /home/jishnu/project/ros2-project/projects/ros2_workspace/install/turtlesim/share/turtlesim/srv/TeleportRelative.idl
[20.147s] -- Installing: /home/jishnu/project/ros2-project/projects/ros2_workspace/install/turtlesim/share/turtlesim/action/RotateAbsolute.action
[20.147s] -- Installing: /home/jishnu/project/ros2-project/projects/ros2_workspace/install/turtlesim/share/turtlesim/msg/Color.msg
[20.147s] -- Installing: /home/jishnu/project/ros2-project/projects/ros2_workspace/install/turtlesim/share/turtlesim/msg/Pose.msg
[20.147s] -- Installing: /home/jishnu/project/ros2-project/projects/ros2_workspace/install/turtlesim/share/turtlesim/srv/Kill.srv
[20.147s] -- Installing: /home/jishnu/project/ros2-project/projects/ros2_workspace/install/turtlesim/share/turtlesim/srv/Kill_Request.msg
[20.147s] -- Installing: /home/jishnu/project/ros2-project/projects/ros2_workspace/install/turtlesim/share/turtlesim/srv/Kill_Response.msg
[20.147s] -- Installing: /home/jishnu/project/ros2-project/projects/ros2_workspace/install/turtlesim/share/turtlesim/srv/SetPen.srv
[20.147s] -- Installing: /home/jishnu/project/ros2-project/projects/ros2_workspace/install/turtlesim/share/turtlesim/srv/SetPen_Request.msg
[20.147s] -- Installing: /home/jishnu/project/ros2-project/projects/ros2_workspace/install/turtlesim/share/turtlesim/srv/SetPen_Response.msg
[20.148s] -- Installing: /home/jishnu/project/ros2-project/projects/ros2_workspace/install/turtlesim/share/turtlesim/srv/Spawn.srv
[20.148s] -- Installing: /home/jishnu/project/ros2-project/projects/ros2_workspace/install/turtlesim/share/turtlesim/srv/Spawn_Request.msg
[20.148s] -- Installing: /home/jishnu/project/ros2-project/projects/ros2_workspace/install/turtlesim/share/turtlesim/srv/Spawn_Response.msg
[20.148s] -- Installing: /home/jishnu/project/ros2-project/projects/ros2_workspace/install/turtlesim/share/turtlesim/srv/TeleportAbsolute.srv
[20.148s] -- Installing: /home/jishnu/project/ros2-project/projects/ros2_workspace/install/turtlesim/share/turtlesim/srv/TeleportAbsolute_Request.msg
[20.148s] -- Installing: /home/jishnu/project/ros2-project/projects/ros2_workspace/install/turtlesim/share/turtlesim/srv/TeleportAbsolute_Response.msg
[20.148s] -- Installing: /home/jishnu/project/ros2-project/projects/ros2_workspace/install/turtlesim/share/turtlesim/srv/TeleportRelative.srv
[20.148s] -- Installing: /home/jishnu/project/ros2-project/projects/ros2_workspace/install/turtlesim/share/turtlesim/srv/TeleportRelative_Request.msg
[20.148s] -- Installing: /home/jishnu/project/ros2-project/projects/ros2_workspace/install/turtlesim/share/turtlesim/srv/TeleportRelative_Response.msg
[20.148s] -- Installing: /home/jishnu/project/ros2-project/projects/ros2_workspace/install/turtlesim/lib/turtlesim/turtlesim_node
[20.153s] -- Set runtime path of "/home/jishnu/project/ros2-project/projects/ros2_workspace/install/turtlesim/lib/turtlesim/turtlesim_node" to ""
[20.153s] -- Installing: /home/jishnu/project/ros2-project/projects/ros2_workspace/install/turtlesim/lib/turtlesim/turtle_teleop_key
[20.154s] -- Set runtime path of "/home/jishnu/project/ros2-project/projects/ros2_workspace/install/turtlesim/lib/turtlesim/turtle_teleop_key" to ""
[20.154s] -- Installing: /home/jishnu/project/ros2-project/projects/ros2_workspace/install/turtlesim/lib/turtlesim/draw_square
[20.156s] -- Set runtime path of "/home/jishnu/project/ros2-project/projects/ros2_workspace/install/turtlesim/lib/turtlesim/draw_square" to ""
[20.156s] -- Installing: /home/jishnu/project/ros2-project/projects/ros2_workspace/install/turtlesim/lib/turtlesim/mimic
[20.158s] -- Set runtime path of "/home/jishnu/project/ros2-project/projects/ros2_workspace/install/turtlesim/lib/turtlesim/mimic" to ""
[20.158s] -- Installing: /home/jishnu/project/ros2-project/projects/ros2_workspace/install/turtlesim/share/turtlesim/images
[20.158s] -- Installing: /home/jishnu/project/ros2-project/projects/ros2_workspace/install/turtlesim/share/turtlesim/images/rolling.png
[20.158s] -- Installing: /home/jishnu/project/ros2-project/projects/ros2_workspace/install/turtlesim/share/turtlesim/images/eloquent.png
[20.158s] -- Installing: /home/jishnu/project/ros2-project/projects/ros2_workspace/install/turtlesim/share/turtlesim/images/foxy.png
[20.158s] -- Installing: /home/jishnu/project/ros2-project/projects/ros2_workspace/install/turtlesim/share/turtlesim/images/bouncy.png
[20.158s] -- Installing: /home/jishnu/project/ros2-project/projects/ros2_workspace/install/turtlesim/share/turtlesim/images/dashing.png
[20.158s] -- Installing: /home/jishnu/project/ros2-project/projects/ros2_workspace/install/turtlesim/share/turtlesim/images/galactic.png
[20.159s] -- Installing: /home/jishnu/project/ros2-project/projects/ros2_workspace/install/turtlesim/share/turtlesim/images/crystal.png
[20.159s] -- Installing: /home/jishnu/project/ros2-project/projects/ros2_workspace/install/turtlesim/share/turtlesim/images/humble.png
[20.159s] -- Installing: /home/jishnu/project/ros2-project/projects/ros2_workspace/install/turtlesim/share/turtlesim/images/ardent.png
[20.159s] -- Installing: /home/jishnu/project/ros2-project/projects/ros2_workspace/install/turtlesim/share/turtlesim/launch
[20.159s] -- Installing: /home/jishnu/project/ros2-project/projects/ros2_workspace/install/turtlesim/share/turtlesim/launch/multisim.launch.py
[20.159s] -- Installing: /home/jishnu/project/ros2-project/projects/ros2_workspace/install/turtlesim/share/ament_index/resource_index/package_run_dependencies/turtlesim
[20.159s] -- Installing: /home/jishnu/project/ros2-project/projects/ros2_workspace/install/turtlesim/share/ament_index/resource_index/parent_prefix_path/turtlesim
[20.159s] -- Installing: /home/jishnu/project/ros2-project/projects/ros2_workspace/install/turtlesim/share/turtlesim/environment/ament_prefix_path.sh
[20.159s] -- Installing: /home/jishnu/project/ros2-project/projects/ros2_workspace/install/turtlesim/share/turtlesim/environment/ament_prefix_path.dsv
[20.159s] -- Installing: /home/jishnu/project/ros2-project/projects/ros2_workspace/install/turtlesim/share/turtlesim/environment/path.sh
[20.159s] -- Installing: /home/jishnu/project/ros2-project/projects/ros2_workspace/install/turtlesim/share/turtlesim/environment/path.dsv
[20.159s] -- Installing: /home/jishnu/project/ros2-project/projects/ros2_workspace/install/turtlesim/share/turtlesim/local_setup.bash
[20.159s] -- Installing: /home/jishnu/project/ros2-project/projects/ros2_workspace/install/turtlesim/share/turtlesim/local_setup.sh
[20.160s] -- Installing: /home/jishnu/project/ros2-project/projects/ros2_workspace/install/turtlesim/share/turtlesim/local_setup.zsh
[20.160s] -- Installing: /home/jishnu/project/ros2-project/projects/ros2_workspace/install/turtlesim/share/turtlesim/local_setup.dsv
[20.160s] -- Installing: /home/jishnu/project/ros2-project/projects/ros2_workspace/install/turtlesim/share/turtlesim/package.dsv
[20.160s] -- Installing: /home/jishnu/project/ros2-project/projects/ros2_workspace/install/turtlesim/share/ament_index/resource_index/packages/turtlesim
[20.160s] -- Installing: /home/jishnu/project/ros2-project/projects/ros2_workspace/install/turtlesim/share/turtlesim/cmake/export_turtlesim__rosidl_generator_cExport.cmake
[20.160s] -- Installing: /home/jishnu/project/ros2-project/projects/ros2_workspace/install/turtlesim/share/turtlesim/cmake/export_turtlesim__rosidl_generator_cExport-noconfig.cmake
[20.160s] -- Installing: /home/jishnu/project/ros2-project/projects/ros2_workspace/install/turtlesim/share/turtlesim/cmake/export_turtlesim__rosidl_typesupport_fastrtps_cExport.cmake
[20.160s] -- Installing: /home/jishnu/project/ros2-project/projects/ros2_workspace/install/turtlesim/share/turtlesim/cmake/export_turtlesim__rosidl_typesupport_fastrtps_cExport-noconfig.cmake
[20.160s] -- Installing: /home/jishnu/project/ros2-project/projects/ros2_workspace/install/turtlesim/share/turtlesim/cmake/export_turtlesim__rosidl_generator_cppExport.cmake
[20.160s] -- Installing: /home/jishnu/project/ros2-project/projects/ros2_workspace/install/turtlesim/share/turtlesim/cmake/export_turtlesim__rosidl_typesupport_fastrtps_cppExport.cmake
[20.160s] -- Installing: /home/jishnu/project/ros2-project/projects/ros2_workspace/install/turtlesim/share/turtlesim/cmake/export_turtlesim__rosidl_typesupport_fastrtps_cppExport-noconfig.cmake
[20.161s] -- Installing: /home/jishnu/project/ros2-project/projects/ros2_workspace/install/turtlesim/share/turtlesim/cmake/turtlesim__rosidl_typesupport_introspection_cExport.cmake
[20.161s] -- Installing: /home/jishnu/project/ros2-project/projects/ros2_workspace/install/turtlesim/share/turtlesim/cmake/turtlesim__rosidl_typesupport_introspection_cExport-noconfig.cmake
[20.161s] -- Installing: /home/jishnu/project/ros2-project/projects/ros2_workspace/install/turtlesim/share/turtlesim/cmake/turtlesim__rosidl_typesupport_cExport.cmake
[20.161s] -- Installing: /home/jishnu/project/ros2-project/projects/ros2_workspace/install/turtlesim/share/turtlesim/cmake/turtlesim__rosidl_typesupport_cExport-noconfig.cmake
[20.161s] -- Installing: /home/jishnu/project/ros2-project/projects/ros2_workspace/install/turtlesim/share/turtlesim/cmake/turtlesim__rosidl_typesupport_introspection_cppExport.cmake
[20.161s] -- Installing: /home/jishnu/project/ros2-project/projects/ros2_workspace/install/turtlesim/share/turtlesim/cmake/turtlesim__rosidl_typesupport_introspection_cppExport-noconfig.cmake
[20.161s] -- Installing: /home/jishnu/project/ros2-project/projects/ros2_workspace/install/turtlesim/share/turtlesim/cmake/turtlesim__rosidl_typesupport_cppExport.cmake
[20.161s] -- Installing: /home/jishnu/project/ros2-project/projects/ros2_workspace/install/turtlesim/share/turtlesim/cmake/turtlesim__rosidl_typesupport_cppExport-noconfig.cmake
[20.161s] -- Installing: /home/jishnu/project/ros2-project/projects/ros2_workspace/install/turtlesim/share/turtlesim/cmake/export_turtlesim__rosidl_generator_pyExport.cmake
[20.161s] -- Installing: /home/jishnu/project/ros2-project/projects/ros2_workspace/install/turtlesim/share/turtlesim/cmake/export_turtlesim__rosidl_generator_pyExport-noconfig.cmake
[20.161s] -- Installing: /home/jishnu/project/ros2-project/projects/ros2_workspace/install/turtlesim/share/turtlesim/cmake/rosidl_cmake-extras.cmake
[20.162s] -- Installing: /home/jishnu/project/ros2-project/projects/ros2_workspace/install/turtlesim/share/turtlesim/cmake/ament_cmake_export_dependencies-extras.cmake
[20.162s] -- Installing: /home/jishnu/project/ros2-project/projects/ros2_workspace/install/turtlesim/share/turtlesim/cmake/ament_cmake_export_include_directories-extras.cmake
[20.162s] -- Installing: /home/jishnu/project/ros2-project/projects/ros2_workspace/install/turtlesim/share/turtlesim/cmake/ament_cmake_export_libraries-extras.cmake
[20.162s] -- Installing: /home/jishnu/project/ros2-project/projects/ros2_workspace/install/turtlesim/share/turtlesim/cmake/ament_cmake_export_targets-extras.cmake
[20.162s] -- Installing: /home/jishnu/project/ros2-project/projects/ros2_workspace/install/turtlesim/share/turtlesim/cmake/rosidl_cmake_export_typesupport_targets-extras.cmake
[20.162s] -- Installing: /home/jishnu/project/ros2-project/projects/ros2_workspace/install/turtlesim/share/turtlesim/cmake/rosidl_cmake_export_typesupport_libraries-extras.cmake
[20.162s] -- Installing: /home/jishnu/project/ros2-project/projects/ros2_workspace/install/turtlesim/share/turtlesim/cmake/turtlesimConfig.cmake
[20.162s] -- Installing: /home/jishnu/project/ros2-project/projects/ros2_workspace/install/turtlesim/share/turtlesim/cmake/turtlesimConfig-version.cmake
[20.162s] -- Installing: /home/jishnu/project/ros2-project/projects/ros2_workspace/install/turtlesim/share/turtlesim/package.xml
[20.164s] Invoked command in '/home/jishnu/project/ros2-project/projects/ros2_workspace/build/turtlesim' returned '0': CMAKE_PREFIX_PATH=/opt/ros/humble /usr/bin/cmake --install /home/jishnu/project/ros2-project/projects/ros2_workspace/build/turtlesim
