[0.128s] Invoking command in '/home/jishnu/project/ros2-project/projects/workspace/src/build/cpp_srvcli': CMAKE_PREFIX_PATH=${CMAKE_PREFIX_PATH}:/home/jishnu/project/moveit-projects/ws_moveit2/install/ros2controlcli:/home/jishnu/project/moveit-projects/ws_moveit2/install/moveit_configs_utils:/home/jishnu/ws_moveit2/install/ros2controlcli:/home/jishnu/ws_moveit2/install/moveit_configs_utils:/opt/ros/humble /usr/bin/cmake --build /home/jishnu/project/ros2-project/projects/workspace/src/build/cpp_srvcli -- -j8 -l8
[0.346s] [ 50%] Built target server
[0.390s] [100%] Built target client
[0.789s] Invoked command in '/home/jishnu/project/ros2-project/projects/workspace/src/build/cpp_srvcli' returned '0': CMAKE_PREFIX_PATH=${CMAKE_PREFIX_PATH}:/home/jishnu/project/moveit-projects/ws_moveit2/install/ros2controlcli:/home/jishnu/project/moveit-projects/ws_moveit2/install/moveit_configs_utils:/home/jishnu/ws_moveit2/install/ros2controlcli:/home/jishnu/ws_moveit2/install/moveit_configs_utils:/opt/ros/humble /usr/bin/cmake --build /home/jishnu/project/ros2-project/projects/workspace/src/build/cpp_srvcli -- -j8 -l8
[0.951s] Invoking command in '/home/jishnu/project/ros2-project/projects/workspace/src/build/cpp_srvcli': CMAKE_PREFIX_PATH=${CMAKE_PREFIX_PATH}:/home/jishnu/project/moveit-projects/ws_moveit2/install/ros2controlcli:/home/jishnu/project/moveit-projects/ws_moveit2/install/moveit_configs_utils:/home/jishnu/ws_moveit2/install/ros2controlcli:/home/jishnu/ws_moveit2/install/moveit_configs_utils:/opt/ros/humble /usr/bin/cmake --install /home/jishnu/project/ros2-project/projects/workspace/src/build/cpp_srvcli
[0.976s] -- Install configuration: ""
[0.976s] -- Up-to-date: /home/jishnu/project/ros2-project/projects/workspace/src/install/cpp_srvcli/lib/cpp_srvcli/server
[0.976s] -- Up-to-date: /home/jishnu/project/ros2-project/projects/workspace/src/install/cpp_srvcli/lib/cpp_srvcli/client
[0.977s] -- Up-to-date: /home/jishnu/project/ros2-project/projects/workspace/src/install/cpp_srvcli/share/ament_index/resource_index/package_run_dependencies/cpp_srvcli
[0.977s] -- Up-to-date: /home/jishnu/project/ros2-project/projects/workspace/src/install/cpp_srvcli/share/ament_index/resource_index/parent_prefix_path/cpp_srvcli
[0.977s] -- Up-to-date: /home/jishnu/project/ros2-project/projects/workspace/src/install/cpp_srvcli/share/cpp_srvcli/environment/ament_prefix_path.sh
[0.977s] -- Up-to-date: /home/jishnu/project/ros2-project/projects/workspace/src/install/cpp_srvcli/share/cpp_srvcli/environment/ament_prefix_path.dsv
[0.977s] -- Up-to-date: /home/jishnu/project/ros2-project/projects/workspace/src/install/cpp_srvcli/share/cpp_srvcli/environment/path.sh
[0.977s] -- Up-to-date: /home/jishnu/project/ros2-project/projects/workspace/src/install/cpp_srvcli/share/cpp_srvcli/environment/path.dsv
[0.977s] -- Up-to-date: /home/jishnu/project/ros2-project/projects/workspace/src/install/cpp_srvcli/share/cpp_srvcli/local_setup.bash
[0.977s] -- Up-to-date: /home/jishnu/project/ros2-project/projects/workspace/src/install/cpp_srvcli/share/cpp_srvcli/local_setup.sh
[0.977s] -- Up-to-date: /home/jishnu/project/ros2-project/projects/workspace/src/install/cpp_srvcli/share/cpp_srvcli/local_setup.zsh
[0.977s] -- Up-to-date: /home/jishnu/project/ros2-project/projects/workspace/src/install/cpp_srvcli/share/cpp_srvcli/local_setup.dsv
[0.977s] -- Installing: /home/jishnu/project/ros2-project/projects/workspace/src/install/cpp_srvcli/share/cpp_srvcli/package.dsv
[0.977s] -- Up-to-date: /home/jishnu/project/ros2-project/projects/workspace/src/install/cpp_srvcli/share/ament_index/resource_index/packages/cpp_srvcli
[0.978s] -- Up-to-date: /home/jishnu/project/ros2-project/projects/workspace/src/install/cpp_srvcli/share/cpp_srvcli/cmake/cpp_srvcliConfig.cmake
[0.978s] -- Up-to-date: /home/jishnu/project/ros2-project/projects/workspace/src/install/cpp_srvcli/share/cpp_srvcli/cmake/cpp_srvcliConfig-version.cmake
[0.978s] -- Up-to-date: /home/jishnu/project/ros2-project/projects/workspace/src/install/cpp_srvcli/share/cpp_srvcli/package.xml
[1.030s] Invoked command in '/home/jishnu/project/ros2-project/projects/workspace/src/build/cpp_srvcli' returned '0': CMAKE_PREFIX_PATH=${CMAKE_PREFIX_PATH}:/home/jishnu/project/moveit-projects/ws_moveit2/install/ros2controlcli:/home/jishnu/project/moveit-projects/ws_moveit2/install/moveit_configs_utils:/home/jishnu/ws_moveit2/install/ros2controlcli:/home/jishnu/ws_moveit2/install/moveit_configs_utils:/opt/ros/humble /usr/bin/cmake --install /home/jishnu/project/ros2-project/projects/workspace/src/build/cpp_srvcli
