[35m[1mConsolidate compiler generated dependencies of target client[0m
[35m[1mConsolidate compiler generated dependencies of target server[0m
[ 50%] Built target client
[100%] Built target server
-- Install configuration: ""
-- Installing: /home/jishnu/project/ros2-project/projects/workspace/install/cpp_srvcli/lib/cpp_srvcli/server
-- Set runtime path of "/home/jishnu/project/ros2-project/projects/workspace/install/cpp_srvcli/lib/cpp_srvcli/server" to ""
-- Installing: /home/jishnu/project/ros2-project/projects/workspace/install/cpp_srvcli/lib/cpp_srvcli/client
-- Set runtime path of "/home/jishnu/project/ros2-project/projects/workspace/install/cpp_srvcli/lib/cpp_srvcli/client" to ""
-- Up-to-date: /home/jishnu/project/ros2-project/projects/workspace/install/cpp_srvcli/share/ament_index/resource_index/package_run_dependencies/cpp_srvcli
-- Up-to-date: /home/jishnu/project/ros2-project/projects/workspace/install/cpp_srvcli/share/ament_index/resource_index/parent_prefix_path/cpp_srvcli
-- Up-to-date: /home/jishnu/project/ros2-project/projects/workspace/install/cpp_srvcli/share/cpp_srvcli/environment/ament_prefix_path.sh
-- Up-to-date: /home/jishnu/project/ros2-project/projects/workspace/install/cpp_srvcli/share/cpp_srvcli/environment/ament_prefix_path.dsv
-- Up-to-date: /home/jishnu/project/ros2-project/projects/workspace/install/cpp_srvcli/share/cpp_srvcli/environment/path.sh
-- Up-to-date: /home/jishnu/project/ros2-project/projects/workspace/install/cpp_srvcli/share/cpp_srvcli/environment/path.dsv
-- Up-to-date: /home/jishnu/project/ros2-project/projects/workspace/install/cpp_srvcli/share/cpp_srvcli/local_setup.bash
-- Up-to-date: /home/jishnu/project/ros2-project/projects/workspace/install/cpp_srvcli/share/cpp_srvcli/local_setup.sh
-- Up-to-date: /home/jishnu/project/ros2-project/projects/workspace/install/cpp_srvcli/share/cpp_srvcli/local_setup.zsh
-- Up-to-date: /home/jishnu/project/ros2-project/projects/workspace/install/cpp_srvcli/share/cpp_srvcli/local_setup.dsv
-- Up-to-date: /home/jishnu/project/ros2-project/projects/workspace/install/cpp_srvcli/share/cpp_srvcli/package.dsv
-- Up-to-date: /home/jishnu/project/ros2-project/projects/workspace/install/cpp_srvcli/share/ament_index/resource_index/packages/cpp_srvcli
-- Up-to-date: /home/jishnu/project/ros2-project/projects/workspace/install/cpp_srvcli/share/cpp_srvcli/cmake/cpp_srvcliConfig.cmake
-- Up-to-date: /home/jishnu/project/ros2-project/projects/workspace/install/cpp_srvcli/share/cpp_srvcli/cmake/cpp_srvcliConfig-version.cmake
-- Up-to-date: /home/jishnu/project/ros2-project/projects/workspace/install/cpp_srvcli/share/cpp_srvcli/package.xml
