[0.014s] Invoking command in '/home/jishnu/project/ros2-project/projects/ros2_workspace/build/turtlesim': CMAKE_PREFIX_PATH=${CMAKE_PREFIX_PATH}:/opt/ros/humble /usr/bin/cmake --build /home/jishnu/project/ros2-project/projects/ros2_workspace/build/turtlesim -- -j8 -l8
[0.222s] [  1%] Built target turtlesim__cpp
[0.434s] [35m[1mConsolidate compiler generated dependencies of target turtlesim__rosidl_generator_c[0m
[0.445s] [ 11%] Built target turtlesim__rosidl_generator_c
[0.446s] [35m[1mConsolidate compiler generated dependencies of target turtlesim__rosidl_typesupport_cpp[0m
[0.460s] [ 21%] Built target turtlesim__rosidl_typesupport_cpp
[0.549s] [35m[1mConsolidate compiler generated dependencies of target turtlesim__rosidl_typesupport_introspection_cpp[0m
[0.564s] [ 31%] Built target turtlesim__rosidl_typesupport_introspection_cpp
[0.660s] [35m[1mConsolidate compiler generated dependencies of target turtlesim__rosidl_typesupport_fastrtps_cpp[0m
[0.681s] [ 41%] Built target turtlesim__rosidl_typesupport_fastrtps_cpp
[0.803s] [35m[1mConsolidate compiler generated dependencies of target turtlesim__rosidl_typesupport_fastrtps_c[0m
[0.825s] [35m[1mConsolidate compiler generated dependencies of target turtle_teleop_key[0m
[0.828s] [ 51%] Built target turtlesim__rosidl_typesupport_fastrtps_c
[0.845s] [ 53%] Built target turtle_teleop_key
[0.850s] [35m[1mConsolidate compiler generated dependencies of target mimic[0m
[0.862s] [ 55%] Built target mimic
[0.901s] [35m[1mConsolidate compiler generated dependencies of target turtlesim__rosidl_typesupport_introspection_c[0m
[0.920s] [ 65%] Built target turtlesim__rosidl_typesupport_introspection_c
[0.943s] [35m[1mConsolidate compiler generated dependencies of target turtlesim__rosidl_typesupport_c[0m
[0.951s] [ 75%] Built target turtlesim__rosidl_typesupport_c
[0.990s] [ 75%] Built target turtlesim
[1.009s] [35m[1mConsolidate compiler generated dependencies of target draw_square[0m
[1.027s] [ 77%] Built target draw_square
[1.093s] [ 78%] Built target turtlesim__py
[1.336s] [35m[1mConsolidate compiler generated dependencies of target turtlesim__rosidl_generator_py[0m
[1.349s] [ 87%] Built target turtlesim__rosidl_generator_py
[1.380s] [35m[1mConsolidate compiler generated dependencies of target turtlesim_node[0m
[1.403s] [ 88%] [32mBuilding CXX object CMakeFiles/turtlesim_node.dir/src/turtle_frame.cpp.o[0m
[1.443s] [35m[1mConsolidate compiler generated dependencies of target turtlesim__rosidl_typesupport_introspection_c__pyext[0m
[1.445s] [35m[1mConsolidate compiler generated dependencies of target turtlesim__rosidl_typesupport_fastrtps_c__pyext[0m
[1.445s] [35m[1mConsolidate compiler generated dependencies of target turtlesim__rosidl_typesupport_c__pyext[0m
[1.454s] [ 90%] Built target turtlesim__rosidl_typesupport_introspection_c__pyext
[1.458s] [ 92%] Built target turtlesim__rosidl_typesupport_c__pyext
[1.458s] [ 94%] Built target turtlesim__rosidl_typesupport_fastrtps_c__pyext
[1.466s] [ 94%] Built target ament_cmake_python_copy_turtlesim
[1.717s] running egg_info
[1.718s] writing turtlesim.egg-info/PKG-INFO
[1.719s] writing dependency_links to turtlesim.egg-info/dependency_links.txt
[1.719s] writing top-level names to turtlesim.egg-info/top_level.txt
[1.723s] reading manifest file 'turtlesim.egg-info/SOURCES.txt'
[1.763s] writing manifest file 'turtlesim.egg-info/SOURCES.txt'
[1.783s] [ 94%] Built target ament_cmake_python_build_turtlesim_egg
[11.462s] [ 95%] [32m[1mLinking CXX executable turtlesim_node[0m
[13.782s] [100%] Built target turtlesim_node
[13.791s] Invoked command in '/home/jishnu/project/ros2-project/projects/ros2_workspace/build/turtlesim' returned '0': CMAKE_PREFIX_PATH=${CMAKE_PREFIX_PATH}:/opt/ros/humble /usr/bin/cmake --build /home/jishnu/project/ros2-project/projects/ros2_workspace/build/turtlesim -- -j8 -l8
[13.899s] Invoking command in '/home/jishnu/project/ros2-project/projects/ros2_workspace/build/turtlesim': CMAKE_PREFIX_PATH=${CMAKE_PREFIX_PATH}:/opt/ros/humble /usr/bin/cmake --install /home/jishnu/project/ros2-project/projects/ros2_workspace/build/turtlesim
[13.907s] -- Install configuration: ""
[13.907s] -- Up-to-date: /home/jishnu/project/ros2-project/projects/ros2_workspace/install/turtlesim/share/ament_index/resource_index/rosidl_interfaces/turtlesim
[13.907s] -- Up-to-date: /home/jishnu/project/ros2-project/projects/ros2_workspace/install/turtlesim/include/turtlesim/turtlesim
[13.907s] -- Up-to-date: /home/jishnu/project/ros2-project/projects/ros2_workspace/install/turtlesim/include/turtlesim/turtlesim/srv
[13.907s] -- Up-to-date: /home/jishnu/project/ros2-project/projects/ros2_workspace/install/turtlesim/include/turtlesim/turtlesim/srv/teleport_relative.h
[13.907s] -- Up-to-date: /home/jishnu/project/ros2-project/projects/ros2_workspace/install/turtlesim/include/turtlesim/turtlesim/srv/kill.h
[13.907s] -- Up-to-date: /home/jishnu/project/ros2-project/projects/ros2_workspace/install/turtlesim/include/turtlesim/turtlesim/srv/detail
[13.907s] -- Up-to-date: /home/jishnu/project/ros2-project/projects/ros2_workspace/install/turtlesim/include/turtlesim/turtlesim/srv/detail/spawn__functions.c
[13.907s] -- Up-to-date: /home/jishnu/project/ros2-project/projects/ros2_workspace/install/turtlesim/include/turtlesim/turtlesim/srv/detail/set_pen__type_support.h
[13.908s] -- Up-to-date: /home/jishnu/project/ros2-project/projects/ros2_workspace/install/turtlesim/include/turtlesim/turtlesim/srv/detail/kill__functions.h
[13.908s] -- Up-to-date: /home/jishnu/project/ros2-project/projects/ros2_workspace/install/turtlesim/include/turtlesim/turtlesim/srv/detail/spawn__struct.h
[13.908s] -- Up-to-date: /home/jishnu/project/ros2-project/projects/ros2_workspace/install/turtlesim/include/turtlesim/turtlesim/srv/detail/set_pen__functions.h
[13.908s] -- Up-to-date: /home/jishnu/project/ros2-project/projects/ros2_workspace/install/turtlesim/include/turtlesim/turtlesim/srv/detail/kill__functions.c
[13.908s] -- Up-to-date: /home/jishnu/project/ros2-project/projects/ros2_workspace/install/turtlesim/include/turtlesim/turtlesim/srv/detail/spawn__functions.h
[13.908s] -- Up-to-date: /home/jishnu/project/ros2-project/projects/ros2_workspace/install/turtlesim/include/turtlesim/turtlesim/srv/detail/teleport_relative__functions.c
[13.908s] -- Up-to-date: /home/jishnu/project/ros2-project/projects/ros2_workspace/install/turtlesim/include/turtlesim/turtlesim/srv/detail/set_pen__struct.h
[13.908s] -- Up-to-date: /home/jishnu/project/ros2-project/projects/ros2_workspace/install/turtlesim/include/turtlesim/turtlesim/srv/detail/kill__type_support.h
[13.908s] -- Up-to-date: /home/jishnu/project/ros2-project/projects/ros2_workspace/install/turtlesim/include/turtlesim/turtlesim/srv/detail/teleport_absolute__struct.h
[13.908s] -- Up-to-date: /home/jishnu/project/ros2-project/projects/ros2_workspace/install/turtlesim/include/turtlesim/turtlesim/srv/detail/set_pen__functions.c
[13.908s] -- Up-to-date: /home/jishnu/project/ros2-project/projects/ros2_workspace/install/turtlesim/include/turtlesim/turtlesim/srv/detail/teleport_absolute__functions.c
[13.909s] -- Up-to-date: /home/jishnu/project/ros2-project/projects/ros2_workspace/install/turtlesim/include/turtlesim/turtlesim/srv/detail/spawn__type_support.h
[13.909s] -- Up-to-date: /home/jishnu/project/ros2-project/projects/ros2_workspace/install/turtlesim/include/turtlesim/turtlesim/srv/detail/kill__struct.h
[13.909s] -- Up-to-date: /home/jishnu/project/ros2-project/projects/ros2_workspace/install/turtlesim/include/turtlesim/turtlesim/srv/detail/teleport_absolute__type_support.h
[13.909s] -- Up-to-date: /home/jishnu/project/ros2-project/projects/ros2_workspace/install/turtlesim/include/turtlesim/turtlesim/srv/detail/teleport_absolute__functions.h
[13.909s] -- Up-to-date: /home/jishnu/project/ros2-project/projects/ros2_workspace/install/turtlesim/include/turtlesim/turtlesim/srv/detail/teleport_relative__struct.h
[13.909s] -- Up-to-date: /home/jishnu/project/ros2-project/projects/ros2_workspace/install/turtlesim/include/turtlesim/turtlesim/srv/detail/teleport_relative__type_support.h
[13.909s] -- Up-to-date: /home/jishnu/project/ros2-project/projects/ros2_workspace/install/turtlesim/include/turtlesim/turtlesim/srv/detail/teleport_relative__functions.h
[13.909s] -- Up-to-date: /home/jishnu/project/ros2-project/projects/ros2_workspace/install/turtlesim/include/turtlesim/turtlesim/srv/set_pen.h
[13.909s] -- Up-to-date: /home/jishnu/project/ros2-project/projects/ros2_workspace/install/turtlesim/include/turtlesim/turtlesim/srv/teleport_absolute.h
[13.909s] -- Up-to-date: /home/jishnu/project/ros2-project/projects/ros2_workspace/install/turtlesim/include/turtlesim/turtlesim/srv/spawn.h
[13.909s] -- Up-to-date: /home/jishnu/project/ros2-project/projects/ros2_workspace/install/turtlesim/include/turtlesim/turtlesim/msg
[13.909s] -- Up-to-date: /home/jishnu/project/ros2-project/projects/ros2_workspace/install/turtlesim/include/turtlesim/turtlesim/msg/pose.h
[13.909s] -- Up-to-date: /home/jishnu/project/ros2-project/projects/ros2_workspace/install/turtlesim/include/turtlesim/turtlesim/msg/rosidl_generator_c__visibility_control.h
[13.910s] -- Up-to-date: /home/jishnu/project/ros2-project/projects/ros2_workspace/install/turtlesim/include/turtlesim/turtlesim/msg/color.h
[13.910s] -- Up-to-date: /home/jishnu/project/ros2-project/projects/ros2_workspace/install/turtlesim/include/turtlesim/turtlesim/msg/detail
[13.910s] -- Up-to-date: /home/jishnu/project/ros2-project/projects/ros2_workspace/install/turtlesim/include/turtlesim/turtlesim/msg/detail/pose__functions.h
[13.910s] -- Up-to-date: /home/jishnu/project/ros2-project/projects/ros2_workspace/install/turtlesim/include/turtlesim/turtlesim/msg/detail/color__functions.c
[13.910s] -- Up-to-date: /home/jishnu/project/ros2-project/projects/ros2_workspace/install/turtlesim/include/turtlesim/turtlesim/msg/detail/color__type_support.h
[13.910s] -- Up-to-date: /home/jishnu/project/ros2-project/projects/ros2_workspace/install/turtlesim/include/turtlesim/turtlesim/msg/detail/color__functions.h
[13.910s] -- Up-to-date: /home/jishnu/project/ros2-project/projects/ros2_workspace/install/turtlesim/include/turtlesim/turtlesim/msg/detail/pose__struct.h
[13.910s] -- Up-to-date: /home/jishnu/project/ros2-project/projects/ros2_workspace/install/turtlesim/include/turtlesim/turtlesim/msg/detail/pose__functions.c
[13.910s] -- Up-to-date: /home/jishnu/project/ros2-project/projects/ros2_workspace/install/turtlesim/include/turtlesim/turtlesim/msg/detail/color__struct.h
[13.910s] -- Up-to-date: /home/jishnu/project/ros2-project/projects/ros2_workspace/install/turtlesim/include/turtlesim/turtlesim/msg/detail/pose__type_support.h
[13.910s] -- Up-to-date: /home/jishnu/project/ros2-project/projects/ros2_workspace/install/turtlesim/include/turtlesim/turtlesim/action
[13.910s] -- Up-to-date: /home/jishnu/project/ros2-project/projects/ros2_workspace/install/turtlesim/include/turtlesim/turtlesim/action/rotate_absolute.h
[13.911s] -- Up-to-date: /home/jishnu/project/ros2-project/projects/ros2_workspace/install/turtlesim/include/turtlesim/turtlesim/action/detail
[13.911s] -- Up-to-date: /home/jishnu/project/ros2-project/projects/ros2_workspace/install/turtlesim/include/turtlesim/turtlesim/action/detail/rotate_absolute__functions.c
[13.911s] -- Up-to-date: /home/jishnu/project/ros2-project/projects/ros2_workspace/install/turtlesim/include/turtlesim/turtlesim/action/detail/rotate_absolute__functions.h
[13.911s] -- Up-to-date: /home/jishnu/project/ros2-project/projects/ros2_workspace/install/turtlesim/include/turtlesim/turtlesim/action/detail/rotate_absolute__type_support.h
[13.911s] -- Up-to-date: /home/jishnu/project/ros2-project/projects/ros2_workspace/install/turtlesim/include/turtlesim/turtlesim/action/detail/rotate_absolute__struct.h
[13.911s] -- Up-to-date: /home/jishnu/project/ros2-project/projects/ros2_workspace/install/turtlesim/share/turtlesim/environment/library_path.sh
[13.911s] -- Up-to-date: /home/jishnu/project/ros2-project/projects/ros2_workspace/install/turtlesim/share/turtlesim/environment/library_path.dsv
[13.940s] -- Up-to-date: /home/jishnu/project/ros2-project/projects/ros2_workspace/install/turtlesim/lib/libturtlesim__rosidl_generator_c.so
[13.940s] -- Up-to-date: /home/jishnu/project/ros2-project/projects/ros2_workspace/install/turtlesim/include/turtlesim/turtlesim
[13.940s] -- Up-to-date: /home/jishnu/project/ros2-project/projects/ros2_workspace/install/turtlesim/include/turtlesim/turtlesim/srv
[13.940s] -- Up-to-date: /home/jishnu/project/ros2-project/projects/ros2_workspace/install/turtlesim/include/turtlesim/turtlesim/srv/detail
[13.940s] -- Up-to-date: /home/jishnu/project/ros2-project/projects/ros2_workspace/install/turtlesim/include/turtlesim/turtlesim/srv/detail/spawn__rosidl_typesupport_fastrtps_c.h
[13.940s] -- Up-to-date: /home/jishnu/project/ros2-project/projects/ros2_workspace/install/turtlesim/include/turtlesim/turtlesim/srv/detail/teleport_relative__rosidl_typesupport_fastrtps_c.h
[13.940s] -- Up-to-date: /home/jishnu/project/ros2-project/projects/ros2_workspace/install/turtlesim/include/turtlesim/turtlesim/srv/detail/set_pen__rosidl_typesupport_fastrtps_c.h
[13.940s] -- Up-to-date: /home/jishnu/project/ros2-project/projects/ros2_workspace/install/turtlesim/include/turtlesim/turtlesim/srv/detail/kill__rosidl_typesupport_fastrtps_c.h
[13.940s] -- Up-to-date: /home/jishnu/project/ros2-project/projects/ros2_workspace/install/turtlesim/include/turtlesim/turtlesim/srv/detail/teleport_absolute__rosidl_typesupport_fastrtps_c.h
[13.941s] -- Up-to-date: /home/jishnu/project/ros2-project/projects/ros2_workspace/install/turtlesim/include/turtlesim/turtlesim/msg
[13.941s] -- Up-to-date: /home/jishnu/project/ros2-project/projects/ros2_workspace/install/turtlesim/include/turtlesim/turtlesim/msg/rosidl_typesupport_fastrtps_c__visibility_control.h
[13.941s] -- Up-to-date: /home/jishnu/project/ros2-project/projects/ros2_workspace/install/turtlesim/include/turtlesim/turtlesim/msg/detail
[13.941s] -- Up-to-date: /home/jishnu/project/ros2-project/projects/ros2_workspace/install/turtlesim/include/turtlesim/turtlesim/msg/detail/pose__rosidl_typesupport_fastrtps_c.h
[13.941s] -- Up-to-date: /home/jishnu/project/ros2-project/projects/ros2_workspace/install/turtlesim/include/turtlesim/turtlesim/msg/detail/color__rosidl_typesupport_fastrtps_c.h
[13.941s] -- Up-to-date: /home/jishnu/project/ros2-project/projects/ros2_workspace/install/turtlesim/include/turtlesim/turtlesim/action
[13.941s] -- Up-to-date: /home/jishnu/project/ros2-project/projects/ros2_workspace/install/turtlesim/include/turtlesim/turtlesim/action/detail
[13.941s] -- Up-to-date: /home/jishnu/project/ros2-project/projects/ros2_workspace/install/turtlesim/include/turtlesim/turtlesim/action/detail/rotate_absolute__rosidl_typesupport_fastrtps_c.h
[13.945s] -- Up-to-date: /home/jishnu/project/ros2-project/projects/ros2_workspace/install/turtlesim/lib/libturtlesim__rosidl_typesupport_fastrtps_c.so
[13.946s] -- Up-to-date: /home/jishnu/project/ros2-project/projects/ros2_workspace/install/turtlesim/include/turtlesim/turtlesim
[13.946s] -- Up-to-date: /home/jishnu/project/ros2-project/projects/ros2_workspace/install/turtlesim/include/turtlesim/turtlesim/srv
[13.946s] -- Up-to-date: /home/jishnu/project/ros2-project/projects/ros2_workspace/install/turtlesim/include/turtlesim/turtlesim/srv/set_pen.hpp
[13.946s] -- Up-to-date: /home/jishnu/project/ros2-project/projects/ros2_workspace/install/turtlesim/include/turtlesim/turtlesim/srv/kill.hpp
[13.947s] -- Up-to-date: /home/jishnu/project/ros2-project/projects/ros2_workspace/install/turtlesim/include/turtlesim/turtlesim/srv/teleport_absolute.hpp
[13.947s] -- Up-to-date: /home/jishnu/project/ros2-project/projects/ros2_workspace/install/turtlesim/include/turtlesim/turtlesim/srv/teleport_relative.hpp
[13.947s] -- Up-to-date: /home/jishnu/project/ros2-project/projects/ros2_workspace/install/turtlesim/include/turtlesim/turtlesim/srv/detail
[13.947s] -- Up-to-date: /home/jishnu/project/ros2-project/projects/ros2_workspace/install/turtlesim/include/turtlesim/turtlesim/srv/detail/kill__traits.hpp
[13.947s] -- Up-to-date: /home/jishnu/project/ros2-project/projects/ros2_workspace/install/turtlesim/include/turtlesim/turtlesim/srv/detail/teleport_relative__struct.hpp
[13.947s] -- Up-to-date: /home/jishnu/project/ros2-project/projects/ros2_workspace/install/turtlesim/include/turtlesim/turtlesim/srv/detail/kill__struct.hpp
[13.947s] -- Up-to-date: /home/jishnu/project/ros2-project/projects/ros2_workspace/install/turtlesim/include/turtlesim/turtlesim/srv/detail/teleport_relative__builder.hpp
[13.947s] -- Up-to-date: /home/jishnu/project/ros2-project/projects/ros2_workspace/install/turtlesim/include/turtlesim/turtlesim/srv/detail/kill__builder.hpp
[13.947s] -- Up-to-date: /home/jishnu/project/ros2-project/projects/ros2_workspace/install/turtlesim/include/turtlesim/turtlesim/srv/detail/teleport_relative__traits.hpp
[13.948s] -- Up-to-date: /home/jishnu/project/ros2-project/projects/ros2_workspace/install/turtlesim/include/turtlesim/turtlesim/srv/detail/set_pen__builder.hpp
[13.948s] -- Up-to-date: /home/jishnu/project/ros2-project/projects/ros2_workspace/install/turtlesim/include/turtlesim/turtlesim/srv/detail/teleport_absolute__traits.hpp
[13.948s] -- Up-to-date: /home/jishnu/project/ros2-project/projects/ros2_workspace/install/turtlesim/include/turtlesim/turtlesim/srv/detail/set_pen__struct.hpp
[13.948s] -- Up-to-date: /home/jishnu/project/ros2-project/projects/ros2_workspace/install/turtlesim/include/turtlesim/turtlesim/srv/detail/set_pen__traits.hpp
[13.948s] -- Up-to-date: /home/jishnu/project/ros2-project/projects/ros2_workspace/install/turtlesim/include/turtlesim/turtlesim/srv/detail/spawn__traits.hpp
[13.949s] -- Up-to-date: /home/jishnu/project/ros2-project/projects/ros2_workspace/install/turtlesim/include/turtlesim/turtlesim/srv/detail/teleport_absolute__builder.hpp
[13.949s] -- Up-to-date: /home/jishnu/project/ros2-project/projects/ros2_workspace/install/turtlesim/include/turtlesim/turtlesim/srv/detail/spawn__builder.hpp
[13.949s] -- Up-to-date: /home/jishnu/project/ros2-project/projects/ros2_workspace/install/turtlesim/include/turtlesim/turtlesim/srv/detail/spawn__struct.hpp
[13.949s] -- Up-to-date: /home/jishnu/project/ros2-project/projects/ros2_workspace/install/turtlesim/include/turtlesim/turtlesim/srv/detail/teleport_absolute__struct.hpp
[13.949s] -- Up-to-date: /home/jishnu/project/ros2-project/projects/ros2_workspace/install/turtlesim/include/turtlesim/turtlesim/srv/spawn.hpp
[13.949s] -- Up-to-date: /home/jishnu/project/ros2-project/projects/ros2_workspace/install/turtlesim/include/turtlesim/turtlesim/msg
[13.949s] -- Up-to-date: /home/jishnu/project/ros2-project/projects/ros2_workspace/install/turtlesim/include/turtlesim/turtlesim/msg/pose.hpp
[13.949s] -- Up-to-date: /home/jishnu/project/ros2-project/projects/ros2_workspace/install/turtlesim/include/turtlesim/turtlesim/msg/color.hpp
[13.949s] -- Up-to-date: /home/jishnu/project/ros2-project/projects/ros2_workspace/install/turtlesim/include/turtlesim/turtlesim/msg/detail
[13.949s] -- Up-to-date: /home/jishnu/project/ros2-project/projects/ros2_workspace/install/turtlesim/include/turtlesim/turtlesim/msg/detail/pose__traits.hpp
[13.949s] -- Up-to-date: /home/jishnu/project/ros2-project/projects/ros2_workspace/install/turtlesim/include/turtlesim/turtlesim/msg/detail/color__traits.hpp
[13.949s] -- Up-to-date: /home/jishnu/project/ros2-project/projects/ros2_workspace/install/turtlesim/include/turtlesim/turtlesim/msg/detail/pose__struct.hpp
[13.950s] -- Up-to-date: /home/jishnu/project/ros2-project/projects/ros2_workspace/install/turtlesim/include/turtlesim/turtlesim/msg/detail/color__builder.hpp
[13.950s] -- Up-to-date: /home/jishnu/project/ros2-project/projects/ros2_workspace/install/turtlesim/include/turtlesim/turtlesim/msg/detail/color__struct.hpp
[13.950s] -- Up-to-date: /home/jishnu/project/ros2-project/projects/ros2_workspace/install/turtlesim/include/turtlesim/turtlesim/msg/detail/pose__builder.hpp
[13.950s] -- Up-to-date: /home/jishnu/project/ros2-project/projects/ros2_workspace/install/turtlesim/include/turtlesim/turtlesim/action
[13.950s] -- Up-to-date: /home/jishnu/project/ros2-project/projects/ros2_workspace/install/turtlesim/include/turtlesim/turtlesim/action/rotate_absolute.hpp
[13.950s] -- Up-to-date: /home/jishnu/project/ros2-project/projects/ros2_workspace/install/turtlesim/include/turtlesim/turtlesim/action/detail
[13.950s] -- Up-to-date: /home/jishnu/project/ros2-project/projects/ros2_workspace/install/turtlesim/include/turtlesim/turtlesim/action/detail/rotate_absolute__struct.hpp
[13.950s] -- Up-to-date: /home/jishnu/project/ros2-project/projects/ros2_workspace/install/turtlesim/include/turtlesim/turtlesim/action/detail/rotate_absolute__builder.hpp
[13.950s] -- Up-to-date: /home/jishnu/project/ros2-project/projects/ros2_workspace/install/turtlesim/include/turtlesim/turtlesim/action/detail/rotate_absolute__traits.hpp
[13.950s] -- Up-to-date: /home/jishnu/project/ros2-project/projects/ros2_workspace/install/turtlesim/include/turtlesim/turtlesim
[13.950s] -- Up-to-date: /home/jishnu/project/ros2-project/projects/ros2_workspace/install/turtlesim/include/turtlesim/turtlesim/srv
[13.950s] -- Up-to-date: /home/jishnu/project/ros2-project/projects/ros2_workspace/install/turtlesim/include/turtlesim/turtlesim/srv/detail
[13.950s] -- Up-to-date: /home/jishnu/project/ros2-project/projects/ros2_workspace/install/turtlesim/include/turtlesim/turtlesim/srv/detail/spawn__rosidl_typesupport_fastrtps_cpp.hpp
[13.951s] -- Up-to-date: /home/jishnu/project/ros2-project/projects/ros2_workspace/install/turtlesim/include/turtlesim/turtlesim/srv/detail/kill__rosidl_typesupport_fastrtps_cpp.hpp
[13.951s] -- Up-to-date: /home/jishnu/project/ros2-project/projects/ros2_workspace/install/turtlesim/include/turtlesim/turtlesim/srv/detail/set_pen__rosidl_typesupport_fastrtps_cpp.hpp
[13.951s] -- Up-to-date: /home/jishnu/project/ros2-project/projects/ros2_workspace/install/turtlesim/include/turtlesim/turtlesim/srv/detail/teleport_absolute__rosidl_typesupport_fastrtps_cpp.hpp
[13.951s] -- Up-to-date: /home/jishnu/project/ros2-project/projects/ros2_workspace/install/turtlesim/include/turtlesim/turtlesim/srv/detail/dds_fastrtps
[13.951s] -- Up-to-date: /home/jishnu/project/ros2-project/projects/ros2_workspace/install/turtlesim/include/turtlesim/turtlesim/srv/detail/teleport_relative__rosidl_typesupport_fastrtps_cpp.hpp
[13.951s] -- Up-to-date: /home/jishnu/project/ros2-project/projects/ros2_workspace/install/turtlesim/include/turtlesim/turtlesim/msg
[13.951s] -- Up-to-date: /home/jishnu/project/ros2-project/projects/ros2_workspace/install/turtlesim/include/turtlesim/turtlesim/msg/rosidl_typesupport_fastrtps_cpp__visibility_control.h
[13.951s] -- Up-to-date: /home/jishnu/project/ros2-project/projects/ros2_workspace/install/turtlesim/include/turtlesim/turtlesim/msg/detail
[13.951s] -- Up-to-date: /home/jishnu/project/ros2-project/projects/ros2_workspace/install/turtlesim/include/turtlesim/turtlesim/msg/detail/pose__rosidl_typesupport_fastrtps_cpp.hpp
[13.951s] -- Up-to-date: /home/jishnu/project/ros2-project/projects/ros2_workspace/install/turtlesim/include/turtlesim/turtlesim/msg/detail/color__rosidl_typesupport_fastrtps_cpp.hpp
[13.951s] -- Up-to-date: /home/jishnu/project/ros2-project/projects/ros2_workspace/install/turtlesim/include/turtlesim/turtlesim/msg/detail/dds_fastrtps
[13.951s] -- Up-to-date: /home/jishnu/project/ros2-project/projects/ros2_workspace/install/turtlesim/include/turtlesim/turtlesim/action
[13.951s] -- Up-to-date: /home/jishnu/project/ros2-project/projects/ros2_workspace/install/turtlesim/include/turtlesim/turtlesim/action/detail
[13.951s] -- Up-to-date: /home/jishnu/project/ros2-project/projects/ros2_workspace/install/turtlesim/include/turtlesim/turtlesim/action/detail/dds_fastrtps
[13.952s] -- Up-to-date: /home/jishnu/project/ros2-project/projects/ros2_workspace/install/turtlesim/include/turtlesim/turtlesim/action/detail/rotate_absolute__rosidl_typesupport_fastrtps_cpp.hpp
[13.952s] -- Up-to-date: /home/jishnu/project/ros2-project/projects/ros2_workspace/install/turtlesim/lib/libturtlesim__rosidl_typesupport_fastrtps_cpp.so
[13.952s] -- Up-to-date: /home/jishnu/project/ros2-project/projects/ros2_workspace/install/turtlesim/include/turtlesim/turtlesim
[13.952s] -- Up-to-date: /home/jishnu/project/ros2-project/projects/ros2_workspace/install/turtlesim/include/turtlesim/turtlesim/srv
[13.952s] -- Up-to-date: /home/jishnu/project/ros2-project/projects/ros2_workspace/install/turtlesim/include/turtlesim/turtlesim/srv/detail
[13.952s] -- Up-to-date: /home/jishnu/project/ros2-project/projects/ros2_workspace/install/turtlesim/include/turtlesim/turtlesim/srv/detail/spawn__rosidl_typesupport_introspection_c.h
[13.952s] -- Up-to-date: /home/jishnu/project/ros2-project/projects/ros2_workspace/install/turtlesim/include/turtlesim/turtlesim/srv/detail/set_pen__type_support.c
[13.952s] -- Up-to-date: /home/jishnu/project/ros2-project/projects/ros2_workspace/install/turtlesim/include/turtlesim/turtlesim/srv/detail/kill__rosidl_typesupport_introspection_c.h
[13.952s] -- Up-to-date: /home/jishnu/project/ros2-project/projects/ros2_workspace/install/turtlesim/include/turtlesim/turtlesim/srv/detail/teleport_absolute__rosidl_typesupport_introspection_c.h
[13.952s] -- Up-to-date: /home/jishnu/project/ros2-project/projects/ros2_workspace/install/turtlesim/include/turtlesim/turtlesim/srv/detail/teleport_relative__rosidl_typesupport_introspection_c.h
[13.952s] -- Up-to-date: /home/jishnu/project/ros2-project/projects/ros2_workspace/install/turtlesim/include/turtlesim/turtlesim/srv/detail/kill__type_support.c
[13.952s] -- Up-to-date: /home/jishnu/project/ros2-project/projects/ros2_workspace/install/turtlesim/include/turtlesim/turtlesim/srv/detail/spawn__type_support.c
[13.952s] -- Up-to-date: /home/jishnu/project/ros2-project/projects/ros2_workspace/install/turtlesim/include/turtlesim/turtlesim/srv/detail/set_pen__rosidl_typesupport_introspection_c.h
[13.952s] -- Up-to-date: /home/jishnu/project/ros2-project/projects/ros2_workspace/install/turtlesim/include/turtlesim/turtlesim/srv/detail/teleport_absolute__type_support.c
[13.952s] -- Up-to-date: /home/jishnu/project/ros2-project/projects/ros2_workspace/install/turtlesim/include/turtlesim/turtlesim/srv/detail/teleport_relative__type_support.c
[13.952s] -- Up-to-date: /home/jishnu/project/ros2-project/projects/ros2_workspace/install/turtlesim/include/turtlesim/turtlesim/msg
[13.952s] -- Up-to-date: /home/jishnu/project/ros2-project/projects/ros2_workspace/install/turtlesim/include/turtlesim/turtlesim/msg/detail
[13.952s] -- Up-to-date: /home/jishnu/project/ros2-project/projects/ros2_workspace/install/turtlesim/include/turtlesim/turtlesim/msg/detail/pose__rosidl_typesupport_introspection_c.h
[13.953s] -- Up-to-date: /home/jishnu/project/ros2-project/projects/ros2_workspace/install/turtlesim/include/turtlesim/turtlesim/msg/detail/color__rosidl_typesupport_introspection_c.h
[13.953s] -- Up-to-date: /home/jishnu/project/ros2-project/projects/ros2_workspace/install/turtlesim/include/turtlesim/turtlesim/msg/detail/pose__type_support.c
[13.953s] -- Up-to-date: /home/jishnu/project/ros2-project/projects/ros2_workspace/install/turtlesim/include/turtlesim/turtlesim/msg/detail/color__type_support.c
[13.953s] -- Up-to-date: /home/jishnu/project/ros2-project/projects/ros2_workspace/install/turtlesim/include/turtlesim/turtlesim/msg/rosidl_typesupport_introspection_c__visibility_control.h
[13.953s] -- Up-to-date: /home/jishnu/project/ros2-project/projects/ros2_workspace/install/turtlesim/include/turtlesim/turtlesim/action
[13.953s] -- Up-to-date: /home/jishnu/project/ros2-project/projects/ros2_workspace/install/turtlesim/include/turtlesim/turtlesim/action/detail
[13.953s] -- Up-to-date: /home/jishnu/project/ros2-project/projects/ros2_workspace/install/turtlesim/include/turtlesim/turtlesim/action/detail/rotate_absolute__type_support.c
[13.953s] -- Up-to-date: /home/jishnu/project/ros2-project/projects/ros2_workspace/install/turtlesim/include/turtlesim/turtlesim/action/detail/rotate_absolute__rosidl_typesupport_introspection_c.h
[13.953s] -- Up-to-date: /home/jishnu/project/ros2-project/projects/ros2_workspace/install/turtlesim/lib/libturtlesim__rosidl_typesupport_introspection_c.so
[13.953s] -- Up-to-date: /home/jishnu/project/ros2-project/projects/ros2_workspace/install/turtlesim/lib/libturtlesim__rosidl_typesupport_c.so
[13.953s] -- Up-to-date: /home/jishnu/project/ros2-project/projects/ros2_workspace/install/turtlesim/include/turtlesim/turtlesim
[13.953s] -- Up-to-date: /home/jishnu/project/ros2-project/projects/ros2_workspace/install/turtlesim/include/turtlesim/turtlesim/srv
[13.953s] -- Up-to-date: /home/jishnu/project/ros2-project/projects/ros2_workspace/install/turtlesim/include/turtlesim/turtlesim/srv/detail
[13.953s] -- Up-to-date: /home/jishnu/project/ros2-project/projects/ros2_workspace/install/turtlesim/include/turtlesim/turtlesim/srv/detail/set_pen__rosidl_typesupport_introspection_cpp.hpp
[13.954s] -- Up-to-date: /home/jishnu/project/ros2-project/projects/ros2_workspace/install/turtlesim/include/turtlesim/turtlesim/srv/detail/spawn__rosidl_typesupport_introspection_cpp.hpp
[13.954s] -- Up-to-date: /home/jishnu/project/ros2-project/projects/ros2_workspace/install/turtlesim/include/turtlesim/turtlesim/srv/detail/spawn__type_support.cpp
[13.954s] -- Up-to-date: /home/jishnu/project/ros2-project/projects/ros2_workspace/install/turtlesim/include/turtlesim/turtlesim/srv/detail/teleport_absolute__type_support.cpp
[13.954s] -- Up-to-date: /home/jishnu/project/ros2-project/projects/ros2_workspace/install/turtlesim/include/turtlesim/turtlesim/srv/detail/teleport_relative__type_support.cpp
[13.954s] -- Up-to-date: /home/jishnu/project/ros2-project/projects/ros2_workspace/install/turtlesim/include/turtlesim/turtlesim/srv/detail/kill__type_support.cpp
[13.954s] -- Up-to-date: /home/jishnu/project/ros2-project/projects/ros2_workspace/install/turtlesim/include/turtlesim/turtlesim/srv/detail/set_pen__type_support.cpp
[13.954s] -- Up-to-date: /home/jishnu/project/ros2-project/projects/ros2_workspace/install/turtlesim/include/turtlesim/turtlesim/srv/detail/teleport_relative__rosidl_typesupport_introspection_cpp.hpp
[13.954s] -- Up-to-date: /home/jishnu/project/ros2-project/projects/ros2_workspace/install/turtlesim/include/turtlesim/turtlesim/srv/detail/teleport_absolute__rosidl_typesupport_introspection_cpp.hpp
[13.954s] -- Up-to-date: /home/jishnu/project/ros2-project/projects/ros2_workspace/install/turtlesim/include/turtlesim/turtlesim/srv/detail/kill__rosidl_typesupport_introspection_cpp.hpp
[13.954s] -- Up-to-date: /home/jishnu/project/ros2-project/projects/ros2_workspace/install/turtlesim/include/turtlesim/turtlesim/msg
[13.954s] -- Up-to-date: /home/jishnu/project/ros2-project/projects/ros2_workspace/install/turtlesim/include/turtlesim/turtlesim/msg/detail
[13.954s] -- Up-to-date: /home/jishnu/project/ros2-project/projects/ros2_workspace/install/turtlesim/include/turtlesim/turtlesim/msg/detail/pose__type_support.cpp
[13.954s] -- Up-to-date: /home/jishnu/project/ros2-project/projects/ros2_workspace/install/turtlesim/include/turtlesim/turtlesim/msg/detail/color__rosidl_typesupport_introspection_cpp.hpp
[13.954s] -- Up-to-date: /home/jishnu/project/ros2-project/projects/ros2_workspace/install/turtlesim/include/turtlesim/turtlesim/msg/detail/pose__rosidl_typesupport_introspection_cpp.hpp
[13.954s] -- Up-to-date: /home/jishnu/project/ros2-project/projects/ros2_workspace/install/turtlesim/include/turtlesim/turtlesim/msg/detail/color__type_support.cpp
[13.955s] -- Up-to-date: /home/jishnu/project/ros2-project/projects/ros2_workspace/install/turtlesim/include/turtlesim/turtlesim/action
[13.955s] -- Up-to-date: /home/jishnu/project/ros2-project/projects/ros2_workspace/install/turtlesim/include/turtlesim/turtlesim/action/detail
[13.955s] -- Up-to-date: /home/jishnu/project/ros2-project/projects/ros2_workspace/install/turtlesim/include/turtlesim/turtlesim/action/detail/rotate_absolute__type_support.cpp
[13.955s] -- Up-to-date: /home/jishnu/project/ros2-project/projects/ros2_workspace/install/turtlesim/include/turtlesim/turtlesim/action/detail/rotate_absolute__rosidl_typesupport_introspection_cpp.hpp
[13.955s] -- Up-to-date: /home/jishnu/project/ros2-project/projects/ros2_workspace/install/turtlesim/lib/libturtlesim__rosidl_typesupport_introspection_cpp.so
[13.955s] -- Up-to-date: /home/jishnu/project/ros2-project/projects/ros2_workspace/install/turtlesim/lib/libturtlesim__rosidl_typesupport_cpp.so
[13.955s] -- Up-to-date: /home/jishnu/project/ros2-project/projects/ros2_workspace/install/turtlesim/share/turtlesim/environment/pythonpath.sh
[13.955s] -- Up-to-date: /home/jishnu/project/ros2-project/projects/ros2_workspace/install/turtlesim/share/turtlesim/environment/pythonpath.dsv
[13.955s] -- Up-to-date: /home/jishnu/project/ros2-project/projects/ros2_workspace/install/turtlesim/local/lib/python3.10/dist-packages/turtlesim-1.4.1-py3.10.egg-info
[13.955s] -- Installing: /home/jishnu/project/ros2-project/projects/ros2_workspace/install/turtlesim/local/lib/python3.10/dist-packages/turtlesim-1.4.1-py3.10.egg-info/top_level.txt
[13.955s] -- Installing: /home/jishnu/project/ros2-project/projects/ros2_workspace/install/turtlesim/local/lib/python3.10/dist-packages/turtlesim-1.4.1-py3.10.egg-info/dependency_links.txt
[13.955s] -- Installing: /home/jishnu/project/ros2-project/projects/ros2_workspace/install/turtlesim/local/lib/python3.10/dist-packages/turtlesim-1.4.1-py3.10.egg-info/SOURCES.txt
[13.955s] -- Installing: /home/jishnu/project/ros2-project/projects/ros2_workspace/install/turtlesim/local/lib/python3.10/dist-packages/turtlesim-1.4.1-py3.10.egg-info/PKG-INFO
[13.955s] -- Up-to-date: /home/jishnu/project/ros2-project/projects/ros2_workspace/install/turtlesim/local/lib/python3.10/dist-packages/turtlesim
[13.955s] -- Up-to-date: /home/jishnu/project/ros2-project/projects/ros2_workspace/install/turtlesim/local/lib/python3.10/dist-packages/turtlesim/_turtlesim_s.ep.rosidl_typesupport_c.c
[13.955s] -- Up-to-date: /home/jishnu/project/ros2-project/projects/ros2_workspace/install/turtlesim/local/lib/python3.10/dist-packages/turtlesim/srv
[13.955s] -- Up-to-date: /home/jishnu/project/ros2-project/projects/ros2_workspace/install/turtlesim/local/lib/python3.10/dist-packages/turtlesim/srv/_kill_s.c
[13.955s] -- Up-to-date: /home/jishnu/project/ros2-project/projects/ros2_workspace/install/turtlesim/local/lib/python3.10/dist-packages/turtlesim/srv/_set_pen_s.c
[13.956s] -- Up-to-date: /home/jishnu/project/ros2-project/projects/ros2_workspace/install/turtlesim/local/lib/python3.10/dist-packages/turtlesim/srv/_teleport_absolute.py
[13.956s] -- Up-to-date: /home/jishnu/project/ros2-project/projects/ros2_workspace/install/turtlesim/local/lib/python3.10/dist-packages/turtlesim/srv/_teleport_relative_s.c
[13.956s] -- Up-to-date: /home/jishnu/project/ros2-project/projects/ros2_workspace/install/turtlesim/local/lib/python3.10/dist-packages/turtlesim/srv/_kill.py
[13.956s] -- Up-to-date: /home/jishnu/project/ros2-project/projects/ros2_workspace/install/turtlesim/local/lib/python3.10/dist-packages/turtlesim/srv/_spawn_s.c
[13.956s] -- Up-to-date: /home/jishnu/project/ros2-project/projects/ros2_workspace/install/turtlesim/local/lib/python3.10/dist-packages/turtlesim/srv/_spawn.py
[13.956s] -- Up-to-date: /home/jishnu/project/ros2-project/projects/ros2_workspace/install/turtlesim/local/lib/python3.10/dist-packages/turtlesim/srv/__init__.py
[13.956s] -- Up-to-date: /home/jishnu/project/ros2-project/projects/ros2_workspace/install/turtlesim/local/lib/python3.10/dist-packages/turtlesim/srv/_teleport_relative.py
[13.956s] -- Up-to-date: /home/jishnu/project/ros2-project/projects/ros2_workspace/install/turtlesim/local/lib/python3.10/dist-packages/turtlesim/srv/_teleport_absolute_s.c
[13.956s] -- Up-to-date: /home/jishnu/project/ros2-project/projects/ros2_workspace/install/turtlesim/local/lib/python3.10/dist-packages/turtlesim/srv/_set_pen.py
[13.956s] -- Up-to-date: /home/jishnu/project/ros2-project/projects/ros2_workspace/install/turtlesim/local/lib/python3.10/dist-packages/turtlesim/msg
[13.956s] -- Up-to-date: /home/jishnu/project/ros2-project/projects/ros2_workspace/install/turtlesim/local/lib/python3.10/dist-packages/turtlesim/msg/__init__.py
[13.956s] -- Up-to-date: /home/jishnu/project/ros2-project/projects/ros2_workspace/install/turtlesim/local/lib/python3.10/dist-packages/turtlesim/msg/_color.py
[13.956s] -- Up-to-date: /home/jishnu/project/ros2-project/projects/ros2_workspace/install/turtlesim/local/lib/python3.10/dist-packages/turtlesim/msg/_pose.py
[13.956s] -- Up-to-date: /home/jishnu/project/ros2-project/projects/ros2_workspace/install/turtlesim/local/lib/python3.10/dist-packages/turtlesim/msg/_pose_s.c
[13.956s] -- Up-to-date: /home/jishnu/project/ros2-project/projects/ros2_workspace/install/turtlesim/local/lib/python3.10/dist-packages/turtlesim/msg/_color_s.c
[13.956s] -- Up-to-date: /home/jishnu/project/ros2-project/projects/ros2_workspace/install/turtlesim/local/lib/python3.10/dist-packages/turtlesim/__init__.py
[13.956s] -- Up-to-date: /home/jishnu/project/ros2-project/projects/ros2_workspace/install/turtlesim/local/lib/python3.10/dist-packages/turtlesim/libturtlesim__rosidl_generator_py.so
[13.957s] -- Up-to-date: /home/jishnu/project/ros2-project/projects/ros2_workspace/install/turtlesim/local/lib/python3.10/dist-packages/turtlesim/action
[13.957s] -- Up-to-date: /home/jishnu/project/ros2-project/projects/ros2_workspace/install/turtlesim/local/lib/python3.10/dist-packages/turtlesim/action/__init__.py
[13.957s] -- Up-to-date: /home/jishnu/project/ros2-project/projects/ros2_workspace/install/turtlesim/local/lib/python3.10/dist-packages/turtlesim/action/_rotate_absolute.py
[13.957s] -- Up-to-date: /home/jishnu/project/ros2-project/projects/ros2_workspace/install/turtlesim/local/lib/python3.10/dist-packages/turtlesim/action/_rotate_absolute_s.c
[13.957s] -- Up-to-date: /home/jishnu/project/ros2-project/projects/ros2_workspace/install/turtlesim/local/lib/python3.10/dist-packages/turtlesim/turtlesim_s__rosidl_typesupport_fastrtps_c.cpython-310-x86_64-linux-gnu.so
[13.957s] -- Up-to-date: /home/jishnu/project/ros2-project/projects/ros2_workspace/install/turtlesim/local/lib/python3.10/dist-packages/turtlesim/_turtlesim_s.ep.rosidl_typesupport_fastrtps_c.c
[13.957s] -- Up-to-date: /home/jishnu/project/ros2-project/projects/ros2_workspace/install/turtlesim/local/lib/python3.10/dist-packages/turtlesim/_turtlesim_s.ep.rosidl_typesupport_introspection_c.c
[13.957s] -- Up-to-date: /home/jishnu/project/ros2-project/projects/ros2_workspace/install/turtlesim/local/lib/python3.10/dist-packages/turtlesim/turtlesim_s__rosidl_typesupport_introspection_c.cpython-310-x86_64-linux-gnu.so
[13.957s] -- Up-to-date: /home/jishnu/project/ros2-project/projects/ros2_workspace/install/turtlesim/local/lib/python3.10/dist-packages/turtlesim/turtlesim_s__rosidl_typesupport_c.cpython-310-x86_64-linux-gnu.so
[13.982s] Listing '/home/jishnu/project/ros2-project/projects/ros2_workspace/install/turtlesim/local/lib/python3.10/dist-packages/turtlesim'...
[13.982s] Listing '/home/jishnu/project/ros2-project/projects/ros2_workspace/install/turtlesim/local/lib/python3.10/dist-packages/turtlesim/action'...
[13.982s] Listing '/home/jishnu/project/ros2-project/projects/ros2_workspace/install/turtlesim/local/lib/python3.10/dist-packages/turtlesim/msg'...
[13.982s] Listing '/home/jishnu/project/ros2-project/projects/ros2_workspace/install/turtlesim/local/lib/python3.10/dist-packages/turtlesim/srv'...
[13.986s] -- Up-to-date: /home/jishnu/project/ros2-project/projects/ros2_workspace/install/turtlesim/local/lib/python3.10/dist-packages/turtlesim/turtlesim_s__rosidl_typesupport_fastrtps_c.cpython-310-x86_64-linux-gnu.so
[13.987s] -- Up-to-date: /home/jishnu/project/ros2-project/projects/ros2_workspace/install/turtlesim/local/lib/python3.10/dist-packages/turtlesim/turtlesim_s__rosidl_typesupport_introspection_c.cpython-310-x86_64-linux-gnu.so
[13.988s] -- Up-to-date: /home/jishnu/project/ros2-project/projects/ros2_workspace/install/turtlesim/local/lib/python3.10/dist-packages/turtlesim/turtlesim_s__rosidl_typesupport_c.cpython-310-x86_64-linux-gnu.so
[13.989s] -- Up-to-date: /home/jishnu/project/ros2-project/projects/ros2_workspace/install/turtlesim/lib/libturtlesim__rosidl_generator_py.so
[13.989s] -- Up-to-date: /home/jishnu/project/ros2-project/projects/ros2_workspace/install/turtlesim/share/turtlesim/action/RotateAbsolute.idl
[13.989s] -- Up-to-date: /home/jishnu/project/ros2-project/projects/ros2_workspace/install/turtlesim/share/turtlesim/msg/Color.idl
[13.990s] -- Up-to-date: /home/jishnu/project/ros2-project/projects/ros2_workspace/install/turtlesim/share/turtlesim/msg/Pose.idl
[13.990s] -- Up-to-date: /home/jishnu/project/ros2-project/projects/ros2_workspace/install/turtlesim/share/turtlesim/srv/Kill.idl
[13.990s] -- Up-to-date: /home/jishnu/project/ros2-project/projects/ros2_workspace/install/turtlesim/share/turtlesim/srv/SetPen.idl
[13.990s] -- Up-to-date: /home/jishnu/project/ros2-project/projects/ros2_workspace/install/turtlesim/share/turtlesim/srv/Spawn.idl
[13.990s] -- Up-to-date: /home/jishnu/project/ros2-project/projects/ros2_workspace/install/turtlesim/share/turtlesim/srv/TeleportAbsolute.idl
[13.990s] -- Up-to-date: /home/jishnu/project/ros2-project/projects/ros2_workspace/install/turtlesim/share/turtlesim/srv/TeleportRelative.idl
[13.990s] -- Up-to-date: /home/jishnu/project/ros2-project/projects/ros2_workspace/install/turtlesim/share/turtlesim/action/RotateAbsolute.action
[13.990s] -- Up-to-date: /home/jishnu/project/ros2-project/projects/ros2_workspace/install/turtlesim/share/turtlesim/msg/Color.msg
[13.990s] -- Up-to-date: /home/jishnu/project/ros2-project/projects/ros2_workspace/install/turtlesim/share/turtlesim/msg/Pose.msg
[13.990s] -- Up-to-date: /home/jishnu/project/ros2-project/projects/ros2_workspace/install/turtlesim/share/turtlesim/srv/Kill.srv
[13.990s] -- Up-to-date: /home/jishnu/project/ros2-project/projects/ros2_workspace/install/turtlesim/share/turtlesim/srv/Kill_Request.msg
[13.990s] -- Up-to-date: /home/jishnu/project/ros2-project/projects/ros2_workspace/install/turtlesim/share/turtlesim/srv/Kill_Response.msg
[13.990s] -- Up-to-date: /home/jishnu/project/ros2-project/projects/ros2_workspace/install/turtlesim/share/turtlesim/srv/SetPen.srv
[13.991s] -- Up-to-date: /home/jishnu/project/ros2-project/projects/ros2_workspace/install/turtlesim/share/turtlesim/srv/SetPen_Request.msg
[13.991s] -- Up-to-date: /home/jishnu/project/ros2-project/projects/ros2_workspace/install/turtlesim/share/turtlesim/srv/SetPen_Response.msg
[13.991s] -- Up-to-date: /home/jishnu/project/ros2-project/projects/ros2_workspace/install/turtlesim/share/turtlesim/srv/Spawn.srv
[13.991s] -- Up-to-date: /home/jishnu/project/ros2-project/projects/ros2_workspace/install/turtlesim/share/turtlesim/srv/Spawn_Request.msg
[13.991s] -- Up-to-date: /home/jishnu/project/ros2-project/projects/ros2_workspace/install/turtlesim/share/turtlesim/srv/Spawn_Response.msg
[13.991s] -- Up-to-date: /home/jishnu/project/ros2-project/projects/ros2_workspace/install/turtlesim/share/turtlesim/srv/TeleportAbsolute.srv
[13.991s] -- Up-to-date: /home/jishnu/project/ros2-project/projects/ros2_workspace/install/turtlesim/share/turtlesim/srv/TeleportAbsolute_Request.msg
[13.991s] -- Up-to-date: /home/jishnu/project/ros2-project/projects/ros2_workspace/install/turtlesim/share/turtlesim/srv/TeleportAbsolute_Response.msg
[13.991s] -- Up-to-date: /home/jishnu/project/ros2-project/projects/ros2_workspace/install/turtlesim/share/turtlesim/srv/TeleportRelative.srv
[13.991s] -- Up-to-date: /home/jishnu/project/ros2-project/projects/ros2_workspace/install/turtlesim/share/turtlesim/srv/TeleportRelative_Request.msg
[13.991s] -- Up-to-date: /home/jishnu/project/ros2-project/projects/ros2_workspace/install/turtlesim/share/turtlesim/srv/TeleportRelative_Response.msg
[14.011s] -- Installing: /home/jishnu/project/ros2-project/projects/ros2_workspace/install/turtlesim/lib/turtlesim/turtlesim_node
[14.017s] -- Set runtime path of "/home/jishnu/project/ros2-project/projects/ros2_workspace/install/turtlesim/lib/turtlesim/turtlesim_node" to ""
[14.041s] -- Up-to-date: /home/jishnu/project/ros2-project/projects/ros2_workspace/install/turtlesim/lib/turtlesim/turtle_teleop_key
[14.054s] -- Up-to-date: /home/jishnu/project/ros2-project/projects/ros2_workspace/install/turtlesim/lib/turtlesim/draw_square
[14.064s] -- Up-to-date: /home/jishnu/project/ros2-project/projects/ros2_workspace/install/turtlesim/lib/turtlesim/mimic
[14.064s] -- Up-to-date: /home/jishnu/project/ros2-project/projects/ros2_workspace/install/turtlesim/share/turtlesim/images
[14.065s] -- Up-to-date: /home/jishnu/project/ros2-project/projects/ros2_workspace/install/turtlesim/share/turtlesim/images/rolling.png
[14.065s] -- Up-to-date: /home/jishnu/project/ros2-project/projects/ros2_workspace/install/turtlesim/share/turtlesim/images/eloquent.png
[14.065s] -- Up-to-date: /home/jishnu/project/ros2-project/projects/ros2_workspace/install/turtlesim/share/turtlesim/images/foxy.png
[14.065s] -- Up-to-date: /home/jishnu/project/ros2-project/projects/ros2_workspace/install/turtlesim/share/turtlesim/images/bouncy.png
[14.065s] -- Up-to-date: /home/jishnu/project/ros2-project/projects/ros2_workspace/install/turtlesim/share/turtlesim/images/dashing.png
[14.065s] -- Up-to-date: /home/jishnu/project/ros2-project/projects/ros2_workspace/install/turtlesim/share/turtlesim/images/galactic.png
[14.065s] -- Up-to-date: /home/jishnu/project/ros2-project/projects/ros2_workspace/install/turtlesim/share/turtlesim/images/crystal.png
[14.065s] -- Up-to-date: /home/jishnu/project/ros2-project/projects/ros2_workspace/install/turtlesim/share/turtlesim/images/humble.png
[14.065s] -- Up-to-date: /home/jishnu/project/ros2-project/projects/ros2_workspace/install/turtlesim/share/turtlesim/images/ardent.png
[14.066s] -- Up-to-date: /home/jishnu/project/ros2-project/projects/ros2_workspace/install/turtlesim/share/turtlesim/launch
[14.066s] -- Up-to-date: /home/jishnu/project/ros2-project/projects/ros2_workspace/install/turtlesim/share/turtlesim/launch/multisim.launch.py
[14.066s] -- Up-to-date: /home/jishnu/project/ros2-project/projects/ros2_workspace/install/turtlesim/share/ament_index/resource_index/package_run_dependencies/turtlesim
[14.066s] -- Up-to-date: /home/jishnu/project/ros2-project/projects/ros2_workspace/install/turtlesim/share/ament_index/resource_index/parent_prefix_path/turtlesim
[14.066s] -- Up-to-date: /home/jishnu/project/ros2-project/projects/ros2_workspace/install/turtlesim/share/turtlesim/environment/ament_prefix_path.sh
[14.066s] -- Up-to-date: /home/jishnu/project/ros2-project/projects/ros2_workspace/install/turtlesim/share/turtlesim/environment/ament_prefix_path.dsv
[14.066s] -- Up-to-date: /home/jishnu/project/ros2-project/projects/ros2_workspace/install/turtlesim/share/turtlesim/environment/path.sh
[14.066s] -- Up-to-date: /home/jishnu/project/ros2-project/projects/ros2_workspace/install/turtlesim/share/turtlesim/environment/path.dsv
[14.066s] -- Up-to-date: /home/jishnu/project/ros2-project/projects/ros2_workspace/install/turtlesim/share/turtlesim/local_setup.bash
[14.066s] -- Up-to-date: /home/jishnu/project/ros2-project/projects/ros2_workspace/install/turtlesim/share/turtlesim/local_setup.sh
[14.066s] -- Up-to-date: /home/jishnu/project/ros2-project/projects/ros2_workspace/install/turtlesim/share/turtlesim/local_setup.zsh
[14.066s] -- Up-to-date: /home/jishnu/project/ros2-project/projects/ros2_workspace/install/turtlesim/share/turtlesim/local_setup.dsv
[14.066s] -- Installing: /home/jishnu/project/ros2-project/projects/ros2_workspace/install/turtlesim/share/turtlesim/package.dsv
[14.080s] -- Up-to-date: /home/jishnu/project/ros2-project/projects/ros2_workspace/install/turtlesim/share/ament_index/resource_index/packages/turtlesim
[14.081s] -- Up-to-date: /home/jishnu/project/ros2-project/projects/ros2_workspace/install/turtlesim/share/turtlesim/cmake/export_turtlesim__rosidl_generator_cExport.cmake
[14.081s] -- Up-to-date: /home/jishnu/project/ros2-project/projects/ros2_workspace/install/turtlesim/share/turtlesim/cmake/export_turtlesim__rosidl_generator_cExport-noconfig.cmake
[14.082s] -- Up-to-date: /home/jishnu/project/ros2-project/projects/ros2_workspace/install/turtlesim/share/turtlesim/cmake/export_turtlesim__rosidl_typesupport_fastrtps_cExport.cmake
[14.082s] -- Up-to-date: /home/jishnu/project/ros2-project/projects/ros2_workspace/install/turtlesim/share/turtlesim/cmake/export_turtlesim__rosidl_typesupport_fastrtps_cExport-noconfig.cmake
[14.082s] -- Up-to-date: /home/jishnu/project/ros2-project/projects/ros2_workspace/install/turtlesim/share/turtlesim/cmake/export_turtlesim__rosidl_generator_cppExport.cmake
[14.082s] -- Up-to-date: /home/jishnu/project/ros2-project/projects/ros2_workspace/install/turtlesim/share/turtlesim/cmake/export_turtlesim__rosidl_typesupport_fastrtps_cppExport.cmake
[14.083s] -- Up-to-date: /home/jishnu/project/ros2-project/projects/ros2_workspace/install/turtlesim/share/turtlesim/cmake/export_turtlesim__rosidl_typesupport_fastrtps_cppExport-noconfig.cmake
[14.083s] -- Up-to-date: /home/jishnu/project/ros2-project/projects/ros2_workspace/install/turtlesim/share/turtlesim/cmake/turtlesim__rosidl_typesupport_introspection_cExport.cmake
[14.083s] -- Up-to-date: /home/jishnu/project/ros2-project/projects/ros2_workspace/install/turtlesim/share/turtlesim/cmake/turtlesim__rosidl_typesupport_introspection_cExport-noconfig.cmake
[14.093s] -- Up-to-date: /home/jishnu/project/ros2-project/projects/ros2_workspace/install/turtlesim/share/turtlesim/cmake/turtlesim__rosidl_typesupport_cExport.cmake
[14.093s] -- Up-to-date: /home/jishnu/project/ros2-project/projects/ros2_workspace/install/turtlesim/share/turtlesim/cmake/turtlesim__rosidl_typesupport_cExport-noconfig.cmake
[14.094s] -- Up-to-date: /home/jishnu/project/ros2-project/projects/ros2_workspace/install/turtlesim/share/turtlesim/cmake/turtlesim__rosidl_typesupport_introspection_cppExport.cmake
[14.094s] -- Up-to-date: /home/jishnu/project/ros2-project/projects/ros2_workspace/install/turtlesim/share/turtlesim/cmake/turtlesim__rosidl_typesupport_introspection_cppExport-noconfig.cmake
[14.094s] -- Up-to-date: /home/jishnu/project/ros2-project/projects/ros2_workspace/install/turtlesim/share/turtlesim/cmake/turtlesim__rosidl_typesupport_cppExport.cmake
[14.094s] -- Up-to-date: /home/jishnu/project/ros2-project/projects/ros2_workspace/install/turtlesim/share/turtlesim/cmake/turtlesim__rosidl_typesupport_cppExport-noconfig.cmake
[14.103s] -- Up-to-date: /home/jishnu/project/ros2-project/projects/ros2_workspace/install/turtlesim/share/turtlesim/cmake/export_turtlesim__rosidl_generator_pyExport.cmake
[14.103s] -- Up-to-date: /home/jishnu/project/ros2-project/projects/ros2_workspace/install/turtlesim/share/turtlesim/cmake/export_turtlesim__rosidl_generator_pyExport-noconfig.cmake
[14.103s] -- Up-to-date: /home/jishnu/project/ros2-project/projects/ros2_workspace/install/turtlesim/share/turtlesim/cmake/rosidl_cmake-extras.cmake
[14.103s] -- Up-to-date: /home/jishnu/project/ros2-project/projects/ros2_workspace/install/turtlesim/share/turtlesim/cmake/ament_cmake_export_dependencies-extras.cmake
[14.103s] -- Up-to-date: /home/jishnu/project/ros2-project/projects/ros2_workspace/install/turtlesim/share/turtlesim/cmake/ament_cmake_export_include_directories-extras.cmake
[14.103s] -- Up-to-date: /home/jishnu/project/ros2-project/projects/ros2_workspace/install/turtlesim/share/turtlesim/cmake/ament_cmake_export_libraries-extras.cmake
[14.103s] -- Up-to-date: /home/jishnu/project/ros2-project/projects/ros2_workspace/install/turtlesim/share/turtlesim/cmake/ament_cmake_export_targets-extras.cmake
[14.103s] -- Up-to-date: /home/jishnu/project/ros2-project/projects/ros2_workspace/install/turtlesim/share/turtlesim/cmake/rosidl_cmake_export_typesupport_targets-extras.cmake
[14.103s] -- Up-to-date: /home/jishnu/project/ros2-project/projects/ros2_workspace/install/turtlesim/share/turtlesim/cmake/rosidl_cmake_export_typesupport_libraries-extras.cmake
[14.103s] -- Up-to-date: /home/jishnu/project/ros2-project/projects/ros2_workspace/install/turtlesim/share/turtlesim/cmake/turtlesimConfig.cmake
[14.103s] -- Up-to-date: /home/jishnu/project/ros2-project/projects/ros2_workspace/install/turtlesim/share/turtlesim/cmake/turtlesimConfig-version.cmake
[14.103s] -- Up-to-date: /home/jishnu/project/ros2-project/projects/ros2_workspace/install/turtlesim/share/turtlesim/package.xml
[14.105s] Invoked command in '/home/jishnu/project/ros2-project/projects/ros2_workspace/build/turtlesim' returned '0': CMAKE_PREFIX_PATH=${CMAKE_PREFIX_PATH}:/opt/ros/humble /usr/bin/cmake --install /home/jishnu/project/ros2-project/projects/ros2_workspace/build/turtlesim
