[0.016s] Invoking command in '/home/jishnu/project/ros2-project/projects/workspace/src/cpp_srvcli/build/cpp_srvcli': CMAKE_PREFIX_PATH=/home/jishnu/project/ros2-project/projects/workspace/src/py_pubsub/install/py_pubsub:/opt/ros/humble /usr/bin/cmake --build /home/jishnu/project/ros2-project/projects/workspace/src/cpp_srvcli/build/cpp_srvcli -- -j8 -l8
[0.032s] -- Found ament_cmake: 1.3.2 (/opt/ros/humble/share/ament_cmake/cmake)
[0.143s] -- Found rclcpp: 16.0.1 (/opt/ros/humble/share/rclcpp/cmake)
[0.167s] -- Found rosidl_generator_c: 3.1.3 (/opt/ros/humble/share/rosidl_generator_c/cmake)
[0.169s] -- Found rosidl_adapter: 3.1.3 (/opt/ros/humble/share/rosidl_adapter/cmake)
[0.174s] -- Found rosidl_generator_cpp: 3.1.3 (/opt/ros/humble/share/rosidl_generator_cpp/cmake)
[0.183s] -- Using all available rosidl_typesupport_c: rosidl_typesupport_fastrtps_c;rosidl_typesupport_introspection_c
[0.195s] -- Using all available rosidl_typesupport_cpp: rosidl_typesupport_fastrtps_cpp;rosidl_typesupport_introspection_cpp
[0.250s] -- Found rmw_implementation_cmake: 6.1.0 (/opt/ros/humble/share/rmw_implementation_cmake/cmake)
[0.251s] -- Found rmw_fastrtps_cpp: 6.2.1 (/opt/ros/humble/share/rmw_fastrtps_cpp/cmake)
[0.345s] -- Using RMW implementation 'rmw_fastrtps_cpp' as default
[0.478s] -- Found example_interfaces: 0.9.3 (/opt/ros/humble/share/example_interfaces/cmake)
[0.660s] -- Configuring done
[0.670s] -- Generating done
[0.671s] -- Build files have been written to: /home/jishnu/project/ros2-project/projects/workspace/src/cpp_srvcli/build/cpp_srvcli
[0.688s] [35m[1mConsolidate compiler generated dependencies of target server[0m
[0.694s] [ 25%] [32mBuilding CXX object CMakeFiles/client.dir/src/add_two_ints_client.cpp.o[0m
[0.700s] [ 50%] [32mBuilding CXX object CMakeFiles/server.dir/src/add_two_ints_server.cpp.o[0m
[3.565s] [ 75%] [32m[1mLinking CXX executable client[0m
[3.590s] [100%] [32m[1mLinking CXX executable server[0m
[3.715s] [100%] Built target client
[3.716s] [100%] Built target server
[3.725s] Invoked command in '/home/jishnu/project/ros2-project/projects/workspace/src/cpp_srvcli/build/cpp_srvcli' returned '0': CMAKE_PREFIX_PATH=/home/jishnu/project/ros2-project/projects/workspace/src/py_pubsub/install/py_pubsub:/opt/ros/humble /usr/bin/cmake --build /home/jishnu/project/ros2-project/projects/workspace/src/cpp_srvcli/build/cpp_srvcli -- -j8 -l8
[3.746s] Invoking command in '/home/jishnu/project/ros2-project/projects/workspace/src/cpp_srvcli/build/cpp_srvcli': CMAKE_PREFIX_PATH=/home/jishnu/project/ros2-project/projects/workspace/src/py_pubsub/install/py_pubsub:/opt/ros/humble /usr/bin/cmake --install /home/jishnu/project/ros2-project/projects/workspace/src/cpp_srvcli/build/cpp_srvcli
[3.751s] -- Install configuration: ""
[3.751s] -- Installing: /home/jishnu/project/ros2-project/projects/workspace/src/cpp_srvcli/install/cpp_srvcli/lib/cpp_srvcli/server
[3.751s] -- Set runtime path of "/home/jishnu/project/ros2-project/projects/workspace/src/cpp_srvcli/install/cpp_srvcli/lib/cpp_srvcli/server" to ""
[3.752s] -- Installing: /home/jishnu/project/ros2-project/projects/workspace/src/cpp_srvcli/install/cpp_srvcli/lib/cpp_srvcli/client
[3.752s] -- Set runtime path of "/home/jishnu/project/ros2-project/projects/workspace/src/cpp_srvcli/install/cpp_srvcli/lib/cpp_srvcli/client" to ""
[3.752s] -- Up-to-date: /home/jishnu/project/ros2-project/projects/workspace/src/cpp_srvcli/install/cpp_srvcli/share/ament_index/resource_index/package_run_dependencies/cpp_srvcli
[3.752s] -- Up-to-date: /home/jishnu/project/ros2-project/projects/workspace/src/cpp_srvcli/install/cpp_srvcli/share/ament_index/resource_index/parent_prefix_path/cpp_srvcli
[3.752s] -- Up-to-date: /home/jishnu/project/ros2-project/projects/workspace/src/cpp_srvcli/install/cpp_srvcli/share/cpp_srvcli/environment/ament_prefix_path.sh
[3.752s] -- Installing: /home/jishnu/project/ros2-project/projects/workspace/src/cpp_srvcli/install/cpp_srvcli/share/cpp_srvcli/environment/ament_prefix_path.dsv
[3.753s] -- Up-to-date: /home/jishnu/project/ros2-project/projects/workspace/src/cpp_srvcli/install/cpp_srvcli/share/cpp_srvcli/environment/path.sh
[3.753s] -- Installing: /home/jishnu/project/ros2-project/projects/workspace/src/cpp_srvcli/install/cpp_srvcli/share/cpp_srvcli/environment/path.dsv
[3.753s] -- Up-to-date: /home/jishnu/project/ros2-project/projects/workspace/src/cpp_srvcli/install/cpp_srvcli/share/cpp_srvcli/local_setup.bash
[3.753s] -- Up-to-date: /home/jishnu/project/ros2-project/projects/workspace/src/cpp_srvcli/install/cpp_srvcli/share/cpp_srvcli/local_setup.sh
[3.753s] -- Up-to-date: /home/jishnu/project/ros2-project/projects/workspace/src/cpp_srvcli/install/cpp_srvcli/share/cpp_srvcli/local_setup.zsh
[3.753s] -- Installing: /home/jishnu/project/ros2-project/projects/workspace/src/cpp_srvcli/install/cpp_srvcli/share/cpp_srvcli/local_setup.dsv
[3.753s] -- Installing: /home/jishnu/project/ros2-project/projects/workspace/src/cpp_srvcli/install/cpp_srvcli/share/cpp_srvcli/package.dsv
[3.753s] -- Up-to-date: /home/jishnu/project/ros2-project/projects/workspace/src/cpp_srvcli/install/cpp_srvcli/share/ament_index/resource_index/packages/cpp_srvcli
[3.753s] -- Up-to-date: /home/jishnu/project/ros2-project/projects/workspace/src/cpp_srvcli/install/cpp_srvcli/share/cpp_srvcli/cmake/cpp_srvcliConfig.cmake
[3.753s] -- Up-to-date: /home/jishnu/project/ros2-project/projects/workspace/src/cpp_srvcli/install/cpp_srvcli/share/cpp_srvcli/cmake/cpp_srvcliConfig-version.cmake
[3.753s] -- Up-to-date: /home/jishnu/project/ros2-project/projects/workspace/src/cpp_srvcli/install/cpp_srvcli/share/cpp_srvcli/package.xml
[3.755s] Invoked command in '/home/jishnu/project/ros2-project/projects/workspace/src/cpp_srvcli/build/cpp_srvcli' returned '0': CMAKE_PREFIX_PATH=/home/jishnu/project/ros2-project/projects/workspace/src/py_pubsub/install/py_pubsub:/opt/ros/humble /usr/bin/cmake --install /home/jishnu/project/ros2-project/projects/workspace/src/cpp_srvcli/build/cpp_srvcli
