[0.788s] Invoking command in '/home/jishnu/project/ros2-project/projects/workspace/src/my_package': PYTHONPATH=/home/jishnu/project/ros2-project/projects/workspace/install/my_package/lib/python3.10/site-packages:${PYTHONPATH} /usr/bin/python3 setup.py egg_info --egg-base ../../build/my_package build --build-base /home/jishnu/project/ros2-project/projects/workspace/build/my_package/build install --prefix /home/jishnu/project/ros2-project/projects/workspace/install/my_package --record /home/jishnu/project/ros2-project/projects/workspace/build/my_package/install.log --single-version-externally-managed
[1.019s] running egg_info
[1.020s] writing ../../build/my_package/my_package.egg-info/PKG-INFO
[1.020s] writing dependency_links to ../../build/my_package/my_package.egg-info/dependency_links.txt
[1.020s] writing entry points to ../../build/my_package/my_package.egg-info/entry_points.txt
[1.020s] writing requirements to ../../build/my_package/my_package.egg-info/requires.txt
[1.021s] writing top-level names to ../../build/my_package/my_package.egg-info/top_level.txt
[1.022s] reading manifest file '../../build/my_package/my_package.egg-info/SOURCES.txt'
[1.023s] writing manifest file '../../build/my_package/my_package.egg-info/SOURCES.txt'
[1.023s] running build
[1.023s] running build_py
[1.023s] running install
[1.023s] /usr/lib/python3/dist-packages/setuptools/command/install.py:34: SetuptoolsDeprecationWarning: setup.py install is deprecated. Use build and pip and other standards-based tools.
[1.024s]   warnings.warn(
[1.024s] running install_lib
[1.024s] running install_data
[1.025s] running install_egg_info
[1.026s] removing '/home/jishnu/project/ros2-project/projects/workspace/install/my_package/lib/python3.10/site-packages/my_package-0.0.0-py3.10.egg-info' (and everything under it)
[1.027s] Copying ../../build/my_package/my_package.egg-info to /home/jishnu/project/ros2-project/projects/workspace/install/my_package/lib/python3.10/site-packages/my_package-0.0.0-py3.10.egg-info
[1.027s] running install_scripts
[1.044s] Installing my_node script to /home/jishnu/project/ros2-project/projects/workspace/install/my_package/lib/my_package
[1.044s] writing list of installed files to '/home/jishnu/project/ros2-project/projects/workspace/build/my_package/install.log'
[1.074s] Invoked command in '/home/jishnu/project/ros2-project/projects/workspace/src/my_package' returned '0': PYTHONPATH=/home/jishnu/project/ros2-project/projects/workspace/install/my_package/lib/python3.10/site-packages:${PYTHONPATH} /usr/bin/python3 setup.py egg_info --egg-base ../../build/my_package build --build-base /home/jishnu/project/ros2-project/projects/workspace/build/my_package/build install --prefix /home/jishnu/project/ros2-project/projects/workspace/install/my_package --record /home/jishnu/project/ros2-project/projects/workspace/build/my_package/install.log --single-version-externally-managed
