[0.019s] Invoking command in '/home/jishnu/project/ros2-project/projects/workspace/build/more_interfaces': CMAKE_PREFIX_PATH=${CMAKE_PREFIX_PATH}:/home/jishnu/project/ros2-project/projects/workspace/install/py_pubsub:/home/jishnu/project/ros2-project/projects/workspace/install/ros_test_package:/home/jishnu/project/ros2-project/projects/workspace/install/py_srvcli:/home/jishnu/project/ros2-project/projects/workspace/install/my_package:/opt/ros/humble /usr/bin/cmake --build /home/jishnu/project/ros2-project/projects/workspace/build/more_interfaces -- -j8 -l8
[0.072s] [  3%] Built target more_interfaces__cpp
[0.072s] [ 12%] Built target more_interfaces__rosidl_generator_c
[0.083s] [ 12%] Built target ament_cmake_python_copy_more_interfaces
[0.101s] [ 45%] Built target more_interfaces__rosidl_typesupport_cpp
[0.101s] [ 45%] Built target more_interfaces__rosidl_typesupport_c
[0.102s] [ 45%] Built target more_interfaces__rosidl_typesupport_introspection_cpp
[0.102s] [ 51%] Built target more_interfaces__rosidl_typesupport_introspection_c
[0.102s] [ 63%] Built target more_interfaces__rosidl_typesupport_fastrtps_cpp
[0.102s] [ 66%] Built target more_interfaces__rosidl_typesupport_fastrtps_c
[0.116s] [35m[1mConsolidate compiler generated dependencies of target publish_motor_driver[0m
[0.130s] [ 66%] Built target more_interfaces
[0.137s] [ 69%] [32mBuilding CXX object CMakeFiles/publish_motor_driver.dir/src/publish_motor_driver.cpp.o[0m
[0.150s] [ 72%] Built target more_interfaces__py
[0.173s] [ 78%] Built target more_interfaces__rosidl_generator_py
[0.196s] [ 84%] Built target more_interfaces__rosidl_typesupport_c__pyext
[0.196s] [ 90%] Built target more_interfaces__rosidl_typesupport_introspection_c__pyext
[0.202s] [ 96%] Built target more_interfaces__rosidl_typesupport_fastrtps_c__pyext
[0.430s] running egg_info
[0.432s] writing more_interfaces.egg-info/PKG-INFO
[0.432s] writing dependency_links to more_interfaces.egg-info/dependency_links.txt
[0.432s] writing top-level names to more_interfaces.egg-info/top_level.txt
[0.435s] reading manifest file 'more_interfaces.egg-info/SOURCES.txt'
[0.435s] writing manifest file 'more_interfaces.egg-info/SOURCES.txt'
[0.466s] [ 96%] Built target ament_cmake_python_build_more_interfaces_egg
[5.451s] [100%] [32m[1mLinking CXX executable publish_motor_driver[0m
[5.662s] [100%] Built target publish_motor_driver
[5.673s] Invoked command in '/home/jishnu/project/ros2-project/projects/workspace/build/more_interfaces' returned '0': CMAKE_PREFIX_PATH=${CMAKE_PREFIX_PATH}:/home/jishnu/project/ros2-project/projects/workspace/install/py_pubsub:/home/jishnu/project/ros2-project/projects/workspace/install/ros_test_package:/home/jishnu/project/ros2-project/projects/workspace/install/py_srvcli:/home/jishnu/project/ros2-project/projects/workspace/install/my_package:/opt/ros/humble /usr/bin/cmake --build /home/jishnu/project/ros2-project/projects/workspace/build/more_interfaces -- -j8 -l8
[5.740s] Invoking command in '/home/jishnu/project/ros2-project/projects/workspace/build/more_interfaces': CMAKE_PREFIX_PATH=${CMAKE_PREFIX_PATH}:/home/jishnu/project/ros2-project/projects/workspace/install/py_pubsub:/home/jishnu/project/ros2-project/projects/workspace/install/ros_test_package:/home/jishnu/project/ros2-project/projects/workspace/install/py_srvcli:/home/jishnu/project/ros2-project/projects/workspace/install/my_package:/opt/ros/humble /usr/bin/cmake --install /home/jishnu/project/ros2-project/projects/workspace/build/more_interfaces
[5.747s] -- Install configuration: ""
[5.747s] -- Up-to-date: /home/jishnu/project/ros2-project/projects/workspace/install/more_interfaces/share/ament_index/resource_index/rosidl_interfaces/more_interfaces
[5.748s] -- Up-to-date: /home/jishnu/project/ros2-project/projects/workspace/install/more_interfaces/include/more_interfaces/more_interfaces
[5.748s] -- Up-to-date: /home/jishnu/project/ros2-project/projects/workspace/install/more_interfaces/include/more_interfaces/more_interfaces/msg
[5.748s] -- Up-to-date: /home/jishnu/project/ros2-project/projects/workspace/install/more_interfaces/include/more_interfaces/more_interfaces/msg/rosidl_generator_c__visibility_control.h
[5.748s] -- Up-to-date: /home/jishnu/project/ros2-project/projects/workspace/install/more_interfaces/include/more_interfaces/more_interfaces/msg/address_book.h
[5.748s] -- Up-to-date: /home/jishnu/project/ros2-project/projects/workspace/install/more_interfaces/include/more_interfaces/more_interfaces/msg/motor_driver.h
[5.748s] -- Up-to-date: /home/jishnu/project/ros2-project/projects/workspace/install/more_interfaces/include/more_interfaces/more_interfaces/msg/detail
[5.748s] -- Up-to-date: /home/jishnu/project/ros2-project/projects/workspace/install/more_interfaces/include/more_interfaces/more_interfaces/msg/detail/motor_driver__type_support.h
[5.749s] -- Up-to-date: /home/jishnu/project/ros2-project/projects/workspace/install/more_interfaces/include/more_interfaces/more_interfaces/msg/detail/motor_driver__functions.h
[5.749s] -- Up-to-date: /home/jishnu/project/ros2-project/projects/workspace/install/more_interfaces/include/more_interfaces/more_interfaces/msg/detail/address_book__functions.c
[5.749s] -- Up-to-date: /home/jishnu/project/ros2-project/projects/workspace/install/more_interfaces/include/more_interfaces/more_interfaces/msg/detail/motor_driver__struct.h
[5.749s] -- Up-to-date: /home/jishnu/project/ros2-project/projects/workspace/install/more_interfaces/include/more_interfaces/more_interfaces/msg/detail/motor_driver__functions.c
[5.749s] -- Up-to-date: /home/jishnu/project/ros2-project/projects/workspace/install/more_interfaces/include/more_interfaces/more_interfaces/msg/detail/address_book__functions.h
[5.749s] -- Up-to-date: /home/jishnu/project/ros2-project/projects/workspace/install/more_interfaces/include/more_interfaces/more_interfaces/msg/detail/address_book__type_support.h
[5.749s] -- Up-to-date: /home/jishnu/project/ros2-project/projects/workspace/install/more_interfaces/include/more_interfaces/more_interfaces/msg/detail/address_book__struct.h
[5.750s] -- Up-to-date: /home/jishnu/project/ros2-project/projects/workspace/install/more_interfaces/share/more_interfaces/environment/library_path.sh
[5.750s] -- Up-to-date: /home/jishnu/project/ros2-project/projects/workspace/install/more_interfaces/share/more_interfaces/environment/library_path.dsv
[5.750s] -- Up-to-date: /home/jishnu/project/ros2-project/projects/workspace/install/more_interfaces/lib/libmore_interfaces__rosidl_generator_c.so
[5.750s] -- Up-to-date: /home/jishnu/project/ros2-project/projects/workspace/install/more_interfaces/include/more_interfaces/more_interfaces
[5.750s] -- Up-to-date: /home/jishnu/project/ros2-project/projects/workspace/install/more_interfaces/include/more_interfaces/more_interfaces/msg
[5.750s] -- Up-to-date: /home/jishnu/project/ros2-project/projects/workspace/install/more_interfaces/include/more_interfaces/more_interfaces/msg/rosidl_typesupport_fastrtps_c__visibility_control.h
[5.750s] -- Up-to-date: /home/jishnu/project/ros2-project/projects/workspace/install/more_interfaces/include/more_interfaces/more_interfaces/msg/detail
[5.751s] -- Up-to-date: /home/jishnu/project/ros2-project/projects/workspace/install/more_interfaces/include/more_interfaces/more_interfaces/msg/detail/address_book__rosidl_typesupport_fastrtps_c.h
[5.751s] -- Up-to-date: /home/jishnu/project/ros2-project/projects/workspace/install/more_interfaces/include/more_interfaces/more_interfaces/msg/detail/motor_driver__rosidl_typesupport_fastrtps_c.h
[5.751s] -- Up-to-date: /home/jishnu/project/ros2-project/projects/workspace/install/more_interfaces/lib/libmore_interfaces__rosidl_typesupport_fastrtps_c.so
[5.751s] -- Up-to-date: /home/jishnu/project/ros2-project/projects/workspace/install/more_interfaces/include/more_interfaces/more_interfaces
[5.751s] -- Up-to-date: /home/jishnu/project/ros2-project/projects/workspace/install/more_interfaces/include/more_interfaces/more_interfaces/msg
[5.751s] -- Up-to-date: /home/jishnu/project/ros2-project/projects/workspace/install/more_interfaces/include/more_interfaces/more_interfaces/msg/detail
[5.751s] -- Up-to-date: /home/jishnu/project/ros2-project/projects/workspace/install/more_interfaces/include/more_interfaces/more_interfaces/msg/detail/motor_driver__rosidl_typesupport_introspection_c.h
[5.751s] -- Up-to-date: /home/jishnu/project/ros2-project/projects/workspace/install/more_interfaces/include/more_interfaces/more_interfaces/msg/detail/address_book__type_support.c
[5.752s] -- Up-to-date: /home/jishnu/project/ros2-project/projects/workspace/install/more_interfaces/include/more_interfaces/more_interfaces/msg/detail/address_book__rosidl_typesupport_introspection_c.h
[5.752s] -- Up-to-date: /home/jishnu/project/ros2-project/projects/workspace/install/more_interfaces/include/more_interfaces/more_interfaces/msg/detail/motor_driver__type_support.c
[5.752s] -- Up-to-date: /home/jishnu/project/ros2-project/projects/workspace/install/more_interfaces/include/more_interfaces/more_interfaces/msg/rosidl_typesupport_introspection_c__visibility_control.h
[5.752s] -- Up-to-date: /home/jishnu/project/ros2-project/projects/workspace/install/more_interfaces/lib/libmore_interfaces__rosidl_typesupport_introspection_c.so
[5.752s] -- Up-to-date: /home/jishnu/project/ros2-project/projects/workspace/install/more_interfaces/lib/libmore_interfaces__rosidl_typesupport_c.so
[5.752s] -- Up-to-date: /home/jishnu/project/ros2-project/projects/workspace/install/more_interfaces/include/more_interfaces/more_interfaces
[5.752s] -- Up-to-date: /home/jishnu/project/ros2-project/projects/workspace/install/more_interfaces/include/more_interfaces/more_interfaces/msg
[5.752s] -- Up-to-date: /home/jishnu/project/ros2-project/projects/workspace/install/more_interfaces/include/more_interfaces/more_interfaces/msg/address_book.hpp
[5.752s] -- Up-to-date: /home/jishnu/project/ros2-project/projects/workspace/install/more_interfaces/include/more_interfaces/more_interfaces/msg/motor_driver.hpp
[5.753s] -- Up-to-date: /home/jishnu/project/ros2-project/projects/workspace/install/more_interfaces/include/more_interfaces/more_interfaces/msg/detail
[5.753s] -- Up-to-date: /home/jishnu/project/ros2-project/projects/workspace/install/more_interfaces/include/more_interfaces/more_interfaces/msg/detail/address_book__builder.hpp
[5.753s] -- Up-to-date: /home/jishnu/project/ros2-project/projects/workspace/install/more_interfaces/include/more_interfaces/more_interfaces/msg/detail/address_book__traits.hpp
[5.753s] -- Up-to-date: /home/jishnu/project/ros2-project/projects/workspace/install/more_interfaces/include/more_interfaces/more_interfaces/msg/detail/motor_driver__traits.hpp
[5.753s] -- Up-to-date: /home/jishnu/project/ros2-project/projects/workspace/install/more_interfaces/include/more_interfaces/more_interfaces/msg/detail/address_book__struct.hpp
[5.754s] -- Up-to-date: /home/jishnu/project/ros2-project/projects/workspace/install/more_interfaces/include/more_interfaces/more_interfaces/msg/detail/motor_driver__builder.hpp
[5.754s] -- Up-to-date: /home/jishnu/project/ros2-project/projects/workspace/install/more_interfaces/include/more_interfaces/more_interfaces/msg/detail/motor_driver__struct.hpp
[5.754s] -- Up-to-date: /home/jishnu/project/ros2-project/projects/workspace/install/more_interfaces/include/more_interfaces/more_interfaces
[5.754s] -- Up-to-date: /home/jishnu/project/ros2-project/projects/workspace/install/more_interfaces/include/more_interfaces/more_interfaces/msg
[5.754s] -- Up-to-date: /home/jishnu/project/ros2-project/projects/workspace/install/more_interfaces/include/more_interfaces/more_interfaces/msg/rosidl_typesupport_fastrtps_cpp__visibility_control.h
[5.754s] -- Up-to-date: /home/jishnu/project/ros2-project/projects/workspace/install/more_interfaces/include/more_interfaces/more_interfaces/msg/detail
[5.754s] -- Up-to-date: /home/jishnu/project/ros2-project/projects/workspace/install/more_interfaces/include/more_interfaces/more_interfaces/msg/detail/address_book__rosidl_typesupport_fastrtps_cpp.hpp
[5.754s] -- Up-to-date: /home/jishnu/project/ros2-project/projects/workspace/install/more_interfaces/include/more_interfaces/more_interfaces/msg/detail/dds_fastrtps
[5.754s] -- Up-to-date: /home/jishnu/project/ros2-project/projects/workspace/install/more_interfaces/include/more_interfaces/more_interfaces/msg/detail/motor_driver__rosidl_typesupport_fastrtps_cpp.hpp
[5.754s] -- Up-to-date: /home/jishnu/project/ros2-project/projects/workspace/install/more_interfaces/lib/libmore_interfaces__rosidl_typesupport_fastrtps_cpp.so
[5.754s] -- Up-to-date: /home/jishnu/project/ros2-project/projects/workspace/install/more_interfaces/include/more_interfaces/more_interfaces
[5.755s] -- Up-to-date: /home/jishnu/project/ros2-project/projects/workspace/install/more_interfaces/include/more_interfaces/more_interfaces/msg
[5.755s] -- Up-to-date: /home/jishnu/project/ros2-project/projects/workspace/install/more_interfaces/include/more_interfaces/more_interfaces/msg/detail
[5.755s] -- Up-to-date: /home/jishnu/project/ros2-project/projects/workspace/install/more_interfaces/include/more_interfaces/more_interfaces/msg/detail/address_book__type_support.cpp
[5.755s] -- Up-to-date: /home/jishnu/project/ros2-project/projects/workspace/install/more_interfaces/include/more_interfaces/more_interfaces/msg/detail/address_book__rosidl_typesupport_introspection_cpp.hpp
[5.755s] -- Up-to-date: /home/jishnu/project/ros2-project/projects/workspace/install/more_interfaces/include/more_interfaces/more_interfaces/msg/detail/motor_driver__type_support.cpp
[5.755s] -- Up-to-date: /home/jishnu/project/ros2-project/projects/workspace/install/more_interfaces/include/more_interfaces/more_interfaces/msg/detail/motor_driver__rosidl_typesupport_introspection_cpp.hpp
[5.755s] -- Up-to-date: /home/jishnu/project/ros2-project/projects/workspace/install/more_interfaces/lib/libmore_interfaces__rosidl_typesupport_introspection_cpp.so
[5.755s] -- Up-to-date: /home/jishnu/project/ros2-project/projects/workspace/install/more_interfaces/lib/libmore_interfaces__rosidl_typesupport_cpp.so
[5.755s] -- Up-to-date: /home/jishnu/project/ros2-project/projects/workspace/install/more_interfaces/share/more_interfaces/environment/pythonpath.sh
[5.755s] -- Up-to-date: /home/jishnu/project/ros2-project/projects/workspace/install/more_interfaces/share/more_interfaces/environment/pythonpath.dsv
[5.755s] -- Up-to-date: /home/jishnu/project/ros2-project/projects/workspace/install/more_interfaces/local/lib/python3.10/dist-packages/more_interfaces-0.0.0-py3.10.egg-info
[5.755s] -- Installing: /home/jishnu/project/ros2-project/projects/workspace/install/more_interfaces/local/lib/python3.10/dist-packages/more_interfaces-0.0.0-py3.10.egg-info/top_level.txt
[5.756s] -- Installing: /home/jishnu/project/ros2-project/projects/workspace/install/more_interfaces/local/lib/python3.10/dist-packages/more_interfaces-0.0.0-py3.10.egg-info/dependency_links.txt
[5.756s] -- Installing: /home/jishnu/project/ros2-project/projects/workspace/install/more_interfaces/local/lib/python3.10/dist-packages/more_interfaces-0.0.0-py3.10.egg-info/SOURCES.txt
[5.756s] -- Installing: /home/jishnu/project/ros2-project/projects/workspace/install/more_interfaces/local/lib/python3.10/dist-packages/more_interfaces-0.0.0-py3.10.egg-info/PKG-INFO
[5.756s] -- Up-to-date: /home/jishnu/project/ros2-project/projects/workspace/install/more_interfaces/local/lib/python3.10/dist-packages/more_interfaces
[5.756s] -- Up-to-date: /home/jishnu/project/ros2-project/projects/workspace/install/more_interfaces/local/lib/python3.10/dist-packages/more_interfaces/libmore_interfaces__rosidl_generator_py.so
[5.756s] -- Up-to-date: /home/jishnu/project/ros2-project/projects/workspace/install/more_interfaces/local/lib/python3.10/dist-packages/more_interfaces/more_interfaces_s__rosidl_typesupport_fastrtps_c.cpython-310-x86_64-linux-gnu.so
[5.756s] -- Up-to-date: /home/jishnu/project/ros2-project/projects/workspace/install/more_interfaces/local/lib/python3.10/dist-packages/more_interfaces/_more_interfaces_s.ep.rosidl_typesupport_introspection_c.c
[5.756s] -- Up-to-date: /home/jishnu/project/ros2-project/projects/workspace/install/more_interfaces/local/lib/python3.10/dist-packages/more_interfaces/more_interfaces_s__rosidl_typesupport_introspection_c.cpython-310-x86_64-linux-gnu.so
[5.756s] -- Up-to-date: /home/jishnu/project/ros2-project/projects/workspace/install/more_interfaces/local/lib/python3.10/dist-packages/more_interfaces/msg
[5.756s] -- Up-to-date: /home/jishnu/project/ros2-project/projects/workspace/install/more_interfaces/local/lib/python3.10/dist-packages/more_interfaces/msg/_address_book_s.c
[5.756s] -- Up-to-date: /home/jishnu/project/ros2-project/projects/workspace/install/more_interfaces/local/lib/python3.10/dist-packages/more_interfaces/msg/_motor_driver.py
[5.757s] -- Up-to-date: /home/jishnu/project/ros2-project/projects/workspace/install/more_interfaces/local/lib/python3.10/dist-packages/more_interfaces/msg/__init__.py
[5.757s] -- Up-to-date: /home/jishnu/project/ros2-project/projects/workspace/install/more_interfaces/local/lib/python3.10/dist-packages/more_interfaces/msg/_address_book.py
[5.757s] -- Up-to-date: /home/jishnu/project/ros2-project/projects/workspace/install/more_interfaces/local/lib/python3.10/dist-packages/more_interfaces/msg/_motor_driver_s.c
[5.757s] -- Up-to-date: /home/jishnu/project/ros2-project/projects/workspace/install/more_interfaces/local/lib/python3.10/dist-packages/more_interfaces/__init__.py
[5.757s] -- Up-to-date: /home/jishnu/project/ros2-project/projects/workspace/install/more_interfaces/local/lib/python3.10/dist-packages/more_interfaces/_more_interfaces_s.ep.rosidl_typesupport_c.c
[5.757s] -- Up-to-date: /home/jishnu/project/ros2-project/projects/workspace/install/more_interfaces/local/lib/python3.10/dist-packages/more_interfaces/_more_interfaces_s.ep.rosidl_typesupport_fastrtps_c.c
[5.757s] -- Up-to-date: /home/jishnu/project/ros2-project/projects/workspace/install/more_interfaces/local/lib/python3.10/dist-packages/more_interfaces/more_interfaces_s__rosidl_typesupport_c.cpython-310-x86_64-linux-gnu.so
[5.794s] Listing '/home/jishnu/project/ros2-project/projects/workspace/install/more_interfaces/local/lib/python3.10/dist-packages/more_interfaces'...
[5.794s] Listing '/home/jishnu/project/ros2-project/projects/workspace/install/more_interfaces/local/lib/python3.10/dist-packages/more_interfaces/msg'...
[5.799s] -- Up-to-date: /home/jishnu/project/ros2-project/projects/workspace/install/more_interfaces/local/lib/python3.10/dist-packages/more_interfaces/more_interfaces_s__rosidl_typesupport_fastrtps_c.cpython-310-x86_64-linux-gnu.so
[5.799s] -- Up-to-date: /home/jishnu/project/ros2-project/projects/workspace/install/more_interfaces/local/lib/python3.10/dist-packages/more_interfaces/more_interfaces_s__rosidl_typesupport_introspection_c.cpython-310-x86_64-linux-gnu.so
[5.800s] -- Up-to-date: /home/jishnu/project/ros2-project/projects/workspace/install/more_interfaces/local/lib/python3.10/dist-packages/more_interfaces/more_interfaces_s__rosidl_typesupport_c.cpython-310-x86_64-linux-gnu.so
[5.800s] -- Up-to-date: /home/jishnu/project/ros2-project/projects/workspace/install/more_interfaces/lib/libmore_interfaces__rosidl_generator_py.so
[5.800s] -- Up-to-date: /home/jishnu/project/ros2-project/projects/workspace/install/more_interfaces/share/more_interfaces/msg/MotorDriver.idl
[5.800s] -- Up-to-date: /home/jishnu/project/ros2-project/projects/workspace/install/more_interfaces/share/more_interfaces/msg/MotorDriver.msg
[5.801s] -- Installing: /home/jishnu/project/ros2-project/projects/workspace/install/more_interfaces/lib/more_interfaces/publish_motor_driver
[5.802s] -- Set runtime path of "/home/jishnu/project/ros2-project/projects/workspace/install/more_interfaces/lib/more_interfaces/publish_motor_driver" to ""
[5.802s] -- Up-to-date: /home/jishnu/project/ros2-project/projects/workspace/install/more_interfaces/share/ament_index/resource_index/package_run_dependencies/more_interfaces
[5.802s] -- Up-to-date: /home/jishnu/project/ros2-project/projects/workspace/install/more_interfaces/share/ament_index/resource_index/parent_prefix_path/more_interfaces
[5.803s] -- Up-to-date: /home/jishnu/project/ros2-project/projects/workspace/install/more_interfaces/share/more_interfaces/environment/ament_prefix_path.sh
[5.803s] -- Up-to-date: /home/jishnu/project/ros2-project/projects/workspace/install/more_interfaces/share/more_interfaces/environment/ament_prefix_path.dsv
[5.803s] -- Up-to-date: /home/jishnu/project/ros2-project/projects/workspace/install/more_interfaces/share/more_interfaces/environment/path.sh
[5.803s] -- Up-to-date: /home/jishnu/project/ros2-project/projects/workspace/install/more_interfaces/share/more_interfaces/environment/path.dsv
[5.803s] -- Up-to-date: /home/jishnu/project/ros2-project/projects/workspace/install/more_interfaces/share/more_interfaces/local_setup.bash
[5.803s] -- Up-to-date: /home/jishnu/project/ros2-project/projects/workspace/install/more_interfaces/share/more_interfaces/local_setup.sh
[5.803s] -- Up-to-date: /home/jishnu/project/ros2-project/projects/workspace/install/more_interfaces/share/more_interfaces/local_setup.zsh
[5.803s] -- Up-to-date: /home/jishnu/project/ros2-project/projects/workspace/install/more_interfaces/share/more_interfaces/local_setup.dsv
[5.804s] -- Installing: /home/jishnu/project/ros2-project/projects/workspace/install/more_interfaces/share/more_interfaces/package.dsv
[5.804s] -- Up-to-date: /home/jishnu/project/ros2-project/projects/workspace/install/more_interfaces/share/ament_index/resource_index/packages/more_interfaces
[5.804s] -- Up-to-date: /home/jishnu/project/ros2-project/projects/workspace/install/more_interfaces/share/more_interfaces/cmake/export_more_interfaces__rosidl_generator_cExport.cmake
[5.804s] -- Up-to-date: /home/jishnu/project/ros2-project/projects/workspace/install/more_interfaces/share/more_interfaces/cmake/export_more_interfaces__rosidl_generator_cExport-noconfig.cmake
[5.804s] -- Up-to-date: /home/jishnu/project/ros2-project/projects/workspace/install/more_interfaces/share/more_interfaces/cmake/export_more_interfaces__rosidl_typesupport_fastrtps_cExport.cmake
[5.804s] -- Up-to-date: /home/jishnu/project/ros2-project/projects/workspace/install/more_interfaces/share/more_interfaces/cmake/export_more_interfaces__rosidl_typesupport_fastrtps_cExport-noconfig.cmake
[5.804s] -- Up-to-date: /home/jishnu/project/ros2-project/projects/workspace/install/more_interfaces/share/more_interfaces/cmake/more_interfaces__rosidl_typesupport_introspection_cExport.cmake
[5.804s] -- Up-to-date: /home/jishnu/project/ros2-project/projects/workspace/install/more_interfaces/share/more_interfaces/cmake/more_interfaces__rosidl_typesupport_introspection_cExport-noconfig.cmake
[5.804s] -- Up-to-date: /home/jishnu/project/ros2-project/projects/workspace/install/more_interfaces/share/more_interfaces/cmake/more_interfaces__rosidl_typesupport_cExport.cmake
[5.805s] -- Up-to-date: /home/jishnu/project/ros2-project/projects/workspace/install/more_interfaces/share/more_interfaces/cmake/more_interfaces__rosidl_typesupport_cExport-noconfig.cmake
[5.805s] -- Up-to-date: /home/jishnu/project/ros2-project/projects/workspace/install/more_interfaces/share/more_interfaces/cmake/export_more_interfaces__rosidl_generator_cppExport.cmake
[5.805s] -- Up-to-date: /home/jishnu/project/ros2-project/projects/workspace/install/more_interfaces/share/more_interfaces/cmake/export_more_interfaces__rosidl_typesupport_fastrtps_cppExport.cmake
[5.805s] -- Up-to-date: /home/jishnu/project/ros2-project/projects/workspace/install/more_interfaces/share/more_interfaces/cmake/export_more_interfaces__rosidl_typesupport_fastrtps_cppExport-noconfig.cmake
[5.805s] -- Up-to-date: /home/jishnu/project/ros2-project/projects/workspace/install/more_interfaces/share/more_interfaces/cmake/more_interfaces__rosidl_typesupport_introspection_cppExport.cmake
[5.805s] -- Up-to-date: /home/jishnu/project/ros2-project/projects/workspace/install/more_interfaces/share/more_interfaces/cmake/more_interfaces__rosidl_typesupport_introspection_cppExport-noconfig.cmake
[5.805s] -- Up-to-date: /home/jishnu/project/ros2-project/projects/workspace/install/more_interfaces/share/more_interfaces/cmake/more_interfaces__rosidl_typesupport_cppExport.cmake
[5.805s] -- Up-to-date: /home/jishnu/project/ros2-project/projects/workspace/install/more_interfaces/share/more_interfaces/cmake/more_interfaces__rosidl_typesupport_cppExport-noconfig.cmake
[5.806s] -- Up-to-date: /home/jishnu/project/ros2-project/projects/workspace/install/more_interfaces/share/more_interfaces/cmake/export_more_interfaces__rosidl_generator_pyExport.cmake
[5.806s] -- Up-to-date: /home/jishnu/project/ros2-project/projects/workspace/install/more_interfaces/share/more_interfaces/cmake/export_more_interfaces__rosidl_generator_pyExport-noconfig.cmake
[5.806s] -- Up-to-date: /home/jishnu/project/ros2-project/projects/workspace/install/more_interfaces/share/more_interfaces/cmake/ament_cmake_export_dependencies-extras.cmake
[5.806s] -- Up-to-date: /home/jishnu/project/ros2-project/projects/workspace/install/more_interfaces/share/more_interfaces/cmake/rosidl_cmake-extras.cmake
[5.806s] -- Up-to-date: /home/jishnu/project/ros2-project/projects/workspace/install/more_interfaces/share/more_interfaces/cmake/ament_cmake_export_include_directories-extras.cmake
[5.806s] -- Up-to-date: /home/jishnu/project/ros2-project/projects/workspace/install/more_interfaces/share/more_interfaces/cmake/ament_cmake_export_libraries-extras.cmake
[5.806s] -- Up-to-date: /home/jishnu/project/ros2-project/projects/workspace/install/more_interfaces/share/more_interfaces/cmake/ament_cmake_export_targets-extras.cmake
[5.806s] -- Up-to-date: /home/jishnu/project/ros2-project/projects/workspace/install/more_interfaces/share/more_interfaces/cmake/rosidl_cmake_export_typesupport_targets-extras.cmake
[5.806s] -- Up-to-date: /home/jishnu/project/ros2-project/projects/workspace/install/more_interfaces/share/more_interfaces/cmake/rosidl_cmake_export_typesupport_libraries-extras.cmake
[5.806s] -- Up-to-date: /home/jishnu/project/ros2-project/projects/workspace/install/more_interfaces/share/more_interfaces/cmake/more_interfacesConfig.cmake
[5.806s] -- Up-to-date: /home/jishnu/project/ros2-project/projects/workspace/install/more_interfaces/share/more_interfaces/cmake/more_interfacesConfig-version.cmake
[5.807s] -- Up-to-date: /home/jishnu/project/ros2-project/projects/workspace/install/more_interfaces/share/more_interfaces/package.xml
[5.808s] Invoked command in '/home/jishnu/project/ros2-project/projects/workspace/build/more_interfaces' returned '0': CMAKE_PREFIX_PATH=${CMAKE_PREFIX_PATH}:/home/jishnu/project/ros2-project/projects/workspace/install/py_pubsub:/home/jishnu/project/ros2-project/projects/workspace/install/ros_test_package:/home/jishnu/project/ros2-project/projects/workspace/install/py_srvcli:/home/jishnu/project/ros2-project/projects/workspace/install/my_package:/opt/ros/humble /usr/bin/cmake --install /home/jishnu/project/ros2-project/projects/workspace/build/more_interfaces
