[35m[1mConsolidate compiler generated dependencies of target talker[0m
[35m[1mConsolidate compiler generated dependencies of target listener[0m
[ 50%] Built target talker
[100%] Built target listener
-- Install configuration: ""
-- Installing: /home/jishnu/project/ros2-project/projects/workspace/install/cpp_pubsub/lib/cpp_pubsub/talker
-- Set runtime path of "/home/jishnu/project/ros2-project/projects/workspace/install/cpp_pubsub/lib/cpp_pubsub/talker" to ""
-- Installing: /home/jishnu/project/ros2-project/projects/workspace/install/cpp_pubsub/lib/cpp_pubsub/listener
-- Set runtime path of "/home/jishnu/project/ros2-project/projects/workspace/install/cpp_pubsub/lib/cpp_pubsub/listener" to ""
-- Up-to-date: /home/jishnu/project/ros2-project/projects/workspace/install/cpp_pubsub/share/ament_index/resource_index/package_run_dependencies/cpp_pubsub
-- Up-to-date: /home/jishnu/project/ros2-project/projects/workspace/install/cpp_pubsub/share/ament_index/resource_index/parent_prefix_path/cpp_pubsub
-- Up-to-date: /home/jishnu/project/ros2-project/projects/workspace/install/cpp_pubsub/share/cpp_pubsub/environment/ament_prefix_path.sh
-- Up-to-date: /home/jishnu/project/ros2-project/projects/workspace/install/cpp_pubsub/share/cpp_pubsub/environment/ament_prefix_path.dsv
-- Up-to-date: /home/jishnu/project/ros2-project/projects/workspace/install/cpp_pubsub/share/cpp_pubsub/environment/path.sh
-- Up-to-date: /home/jishnu/project/ros2-project/projects/workspace/install/cpp_pubsub/share/cpp_pubsub/environment/path.dsv
-- Up-to-date: /home/jishnu/project/ros2-project/projects/workspace/install/cpp_pubsub/share/cpp_pubsub/local_setup.bash
-- Up-to-date: /home/jishnu/project/ros2-project/projects/workspace/install/cpp_pubsub/share/cpp_pubsub/local_setup.sh
-- Up-to-date: /home/jishnu/project/ros2-project/projects/workspace/install/cpp_pubsub/share/cpp_pubsub/local_setup.zsh
-- Up-to-date: /home/jishnu/project/ros2-project/projects/workspace/install/cpp_pubsub/share/cpp_pubsub/local_setup.dsv
-- Up-to-date: /home/jishnu/project/ros2-project/projects/workspace/install/cpp_pubsub/share/cpp_pubsub/package.dsv
-- Up-to-date: /home/jishnu/project/ros2-project/projects/workspace/install/cpp_pubsub/share/ament_index/resource_index/packages/cpp_pubsub
-- Up-to-date: /home/jishnu/project/ros2-project/projects/workspace/install/cpp_pubsub/share/cpp_pubsub/cmake/cpp_pubsubConfig.cmake
-- Up-to-date: /home/jishnu/project/ros2-project/projects/workspace/install/cpp_pubsub/share/cpp_pubsub/cmake/cpp_pubsubConfig-version.cmake
-- Up-to-date: /home/jishnu/project/ros2-project/projects/workspace/install/cpp_pubsub/share/cpp_pubsub/package.xml
