[1.898s] Invoking command in '/home/jishnu/project/ros2-project/projects/workspace/src/py_srvcli': PYTHONPATH=/home/jishnu/project/ros2-project/projects/workspace/src/build/py_srvcli/prefix_override:/home/jishnu/project/ros2-project/projects/workspace/src/install/py_srvcli/lib/python3.10/site-packages:${PYTHONPATH} /usr/bin/python3 setup.py egg_info --egg-base ../build/py_srvcli build --build-base /home/jishnu/project/ros2-project/projects/workspace/src/build/py_srvcli/build install --record /home/jishnu/project/ros2-project/projects/workspace/src/build/py_srvcli/install.log --single-version-externally-managed
[2.651s] running egg_info
[2.652s] creating ../build/py_srvcli/py_srvcli.egg-info
[2.652s] writing ../build/py_srvcli/py_srvcli.egg-info/PKG-INFO
[2.653s] writing dependency_links to ../build/py_srvcli/py_srvcli.egg-info/dependency_links.txt
[2.653s] writing entry points to ../build/py_srvcli/py_srvcli.egg-info/entry_points.txt
[2.653s] writing requirements to ../build/py_srvcli/py_srvcli.egg-info/requires.txt
[2.654s] writing top-level names to ../build/py_srvcli/py_srvcli.egg-info/top_level.txt
[2.654s] writing manifest file '../build/py_srvcli/py_srvcli.egg-info/SOURCES.txt'
[2.658s] reading manifest file '../build/py_srvcli/py_srvcli.egg-info/SOURCES.txt'
[2.659s] writing manifest file '../build/py_srvcli/py_srvcli.egg-info/SOURCES.txt'
[2.659s] running build
[2.659s] running build_py
[2.660s] creating /home/jishnu/project/ros2-project/projects/workspace/src/build/py_srvcli/build
[2.660s] creating /home/jishnu/project/ros2-project/projects/workspace/src/build/py_srvcli/build/lib
[2.660s] creating /home/jishnu/project/ros2-project/projects/workspace/src/build/py_srvcli/build/lib/py_srvcli
[2.660s] copying py_srvcli/client_member_function.py -> /home/jishnu/project/ros2-project/projects/workspace/src/build/py_srvcli/build/lib/py_srvcli
[2.686s] copying py_srvcli/__init__.py -> /home/jishnu/project/ros2-project/projects/workspace/src/build/py_srvcli/build/lib/py_srvcli
[2.686s] copying py_srvcli/service_member_function.py -> /home/jishnu/project/ros2-project/projects/workspace/src/build/py_srvcli/build/lib/py_srvcli
[2.695s] running install
[2.695s] /usr/lib/python3/dist-packages/setuptools/command/install.py:34: SetuptoolsDeprecationWarning: setup.py install is deprecated. Use build and pip and other standards-based tools.
[2.696s]   warnings.warn(
[2.696s] running install_lib
[2.697s] creating /home/jishnu/project/ros2-project/projects/workspace/src/install/py_srvcli/lib/python3.10/site-packages/py_srvcli
[2.697s] copying /home/jishnu/project/ros2-project/projects/workspace/src/build/py_srvcli/build/lib/py_srvcli/client_member_function.py -> /home/jishnu/project/ros2-project/projects/workspace/src/install/py_srvcli/lib/python3.10/site-packages/py_srvcli
[2.697s] copying /home/jishnu/project/ros2-project/projects/workspace/src/build/py_srvcli/build/lib/py_srvcli/__init__.py -> /home/jishnu/project/ros2-project/projects/workspace/src/install/py_srvcli/lib/python3.10/site-packages/py_srvcli
[2.697s] copying /home/jishnu/project/ros2-project/projects/workspace/src/build/py_srvcli/build/lib/py_srvcli/service_member_function.py -> /home/jishnu/project/ros2-project/projects/workspace/src/install/py_srvcli/lib/python3.10/site-packages/py_srvcli
[2.698s] byte-compiling /home/jishnu/project/ros2-project/projects/workspace/src/install/py_srvcli/lib/python3.10/site-packages/py_srvcli/client_member_function.py to client_member_function.cpython-310.pyc
[2.699s] byte-compiling /home/jishnu/project/ros2-project/projects/workspace/src/install/py_srvcli/lib/python3.10/site-packages/py_srvcli/__init__.py to __init__.cpython-310.pyc
[2.699s] byte-compiling /home/jishnu/project/ros2-project/projects/workspace/src/install/py_srvcli/lib/python3.10/site-packages/py_srvcli/service_member_function.py to service_member_function.cpython-310.pyc
[2.699s] running install_data
[2.700s] creating /home/jishnu/project/ros2-project/projects/workspace/src/install/py_srvcli/share/ament_index
[2.700s] creating /home/jishnu/project/ros2-project/projects/workspace/src/install/py_srvcli/share/ament_index/resource_index
[2.701s] creating /home/jishnu/project/ros2-project/projects/workspace/src/install/py_srvcli/share/ament_index/resource_index/packages
[2.701s] copying resource/py_srvcli -> /home/jishnu/project/ros2-project/projects/workspace/src/install/py_srvcli/share/ament_index/resource_index/packages
[2.701s] copying package.xml -> /home/jishnu/project/ros2-project/projects/workspace/src/install/py_srvcli/share/py_srvcli
[2.701s] running install_egg_info
[2.703s] Copying ../build/py_srvcli/py_srvcli.egg-info to /home/jishnu/project/ros2-project/projects/workspace/src/install/py_srvcli/lib/python3.10/site-packages/py_srvcli-0.0.0-py3.10.egg-info
[2.705s] running install_scripts
[2.753s] Installing client script to /home/jishnu/project/ros2-project/projects/workspace/src/install/py_srvcli/lib/py_srvcli
[2.754s] Installing server script to /home/jishnu/project/ros2-project/projects/workspace/src/install/py_srvcli/lib/py_srvcli
[2.754s] writing list of installed files to '/home/jishnu/project/ros2-project/projects/workspace/src/build/py_srvcli/install.log'
[3.108s] Invoked command in '/home/jishnu/project/ros2-project/projects/workspace/src/py_srvcli' returned '0': PYTHONPATH=/home/jishnu/project/ros2-project/projects/workspace/src/build/py_srvcli/prefix_override:/home/jishnu/project/ros2-project/projects/workspace/src/install/py_srvcli/lib/python3.10/site-packages:${PYTHONPATH} /usr/bin/python3 setup.py egg_info --egg-base ../build/py_srvcli build --build-base /home/jishnu/project/ros2-project/projects/workspace/src/build/py_srvcli/build install --record /home/jishnu/project/ros2-project/projects/workspace/src/build/py_srvcli/install.log --single-version-externally-managed
