[0.028s] Invoking command in '/home/jishnu/project/ros2-project/projects/workspace/src/build/polygon_base': CMAKE_PREFIX_PATH=${CMAKE_PREFIX_PATH}:/home/jishnu/project/moveit-projects/ws_moveit2/install/ros2controlcli:/home/jishnu/project/moveit-projects/ws_moveit2/install/moveit_configs_utils:/home/jishnu/ws_moveit2/install/ros2controlcli:/home/jishnu/ws_moveit2/install/moveit_configs_utils:/opt/ros/humble /usr/bin/cmake --build /home/jishnu/project/ros2-project/projects/workspace/src/build/polygon_base -- -j8 -l8
[0.125s] [100%] Built target area_node
[0.137s] Invoked command in '/home/jishnu/project/ros2-project/projects/workspace/src/build/polygon_base' returned '0': CMAKE_PREFIX_PATH=${CMAKE_PREFIX_PATH}:/home/jishnu/project/moveit-projects/ws_moveit2/install/ros2controlcli:/home/jishnu/project/moveit-projects/ws_moveit2/install/moveit_configs_utils:/home/jishnu/ws_moveit2/install/ros2controlcli:/home/jishnu/ws_moveit2/install/moveit_configs_utils:/opt/ros/humble /usr/bin/cmake --build /home/jishnu/project/ros2-project/projects/workspace/src/build/polygon_base -- -j8 -l8
[0.186s] Invoking command in '/home/jishnu/project/ros2-project/projects/workspace/src/build/polygon_base': CMAKE_PREFIX_PATH=${CMAKE_PREFIX_PATH}:/home/jishnu/project/moveit-projects/ws_moveit2/install/ros2controlcli:/home/jishnu/project/moveit-projects/ws_moveit2/install/moveit_configs_utils:/home/jishnu/ws_moveit2/install/ros2controlcli:/home/jishnu/ws_moveit2/install/moveit_configs_utils:/opt/ros/humble /usr/bin/cmake --install /home/jishnu/project/ros2-project/projects/workspace/src/build/polygon_base
[0.194s] -- Install configuration: ""
[0.194s] -- Up-to-date: /home/jishnu/project/ros2-project/projects/workspace/src/install/polygon_base/include
[0.194s] -- Up-to-date: /home/jishnu/project/ros2-project/projects/workspace/src/install/polygon_base/include/polygon_base
[0.195s] -- Up-to-date: /home/jishnu/project/ros2-project/projects/workspace/src/install/polygon_base/include/polygon_base/regular_polygon.hpp
[0.195s] -- Up-to-date: /home/jishnu/project/ros2-project/projects/workspace/src/install/polygon_base/lib/polygon_base/area_node
[0.195s] -- Up-to-date: /home/jishnu/project/ros2-project/projects/workspace/src/install/polygon_base/share/ament_index/resource_index/package_run_dependencies/polygon_base
[0.195s] -- Up-to-date: /home/jishnu/project/ros2-project/projects/workspace/src/install/polygon_base/share/ament_index/resource_index/parent_prefix_path/polygon_base
[0.195s] -- Up-to-date: /home/jishnu/project/ros2-project/projects/workspace/src/install/polygon_base/share/polygon_base/environment/ament_prefix_path.sh
[0.195s] -- Up-to-date: /home/jishnu/project/ros2-project/projects/workspace/src/install/polygon_base/share/polygon_base/environment/ament_prefix_path.dsv
[0.195s] -- Up-to-date: /home/jishnu/project/ros2-project/projects/workspace/src/install/polygon_base/share/polygon_base/environment/path.sh
[0.195s] -- Up-to-date: /home/jishnu/project/ros2-project/projects/workspace/src/install/polygon_base/share/polygon_base/environment/path.dsv
[0.195s] -- Up-to-date: /home/jishnu/project/ros2-project/projects/workspace/src/install/polygon_base/share/polygon_base/local_setup.bash
[0.195s] -- Up-to-date: /home/jishnu/project/ros2-project/projects/workspace/src/install/polygon_base/share/polygon_base/local_setup.sh
[0.196s] -- Up-to-date: /home/jishnu/project/ros2-project/projects/workspace/src/install/polygon_base/share/polygon_base/local_setup.zsh
[0.196s] -- Up-to-date: /home/jishnu/project/ros2-project/projects/workspace/src/install/polygon_base/share/polygon_base/local_setup.dsv
[0.196s] -- Installing: /home/jishnu/project/ros2-project/projects/workspace/src/install/polygon_base/share/polygon_base/package.dsv
[0.196s] -- Up-to-date: /home/jishnu/project/ros2-project/projects/workspace/src/install/polygon_base/share/ament_index/resource_index/packages/polygon_base
[0.196s] -- Up-to-date: /home/jishnu/project/ros2-project/projects/workspace/src/install/polygon_base/share/polygon_base/cmake/ament_cmake_export_include_directories-extras.cmake
[0.196s] -- Up-to-date: /home/jishnu/project/ros2-project/projects/workspace/src/install/polygon_base/share/polygon_base/cmake/polygon_baseConfig.cmake
[0.196s] -- Up-to-date: /home/jishnu/project/ros2-project/projects/workspace/src/install/polygon_base/share/polygon_base/cmake/polygon_baseConfig-version.cmake
[0.196s] -- Up-to-date: /home/jishnu/project/ros2-project/projects/workspace/src/install/polygon_base/share/polygon_base/package.xml
[0.197s] Invoked command in '/home/jishnu/project/ros2-project/projects/workspace/src/build/polygon_base' returned '0': CMAKE_PREFIX_PATH=${CMAKE_PREFIX_PATH}:/home/jishnu/project/moveit-projects/ws_moveit2/install/ros2controlcli:/home/jishnu/project/moveit-projects/ws_moveit2/install/moveit_configs_utils:/home/jishnu/ws_moveit2/install/ros2controlcli:/home/jishnu/ws_moveit2/install/moveit_configs_utils:/opt/ros/humble /usr/bin/cmake --install /home/jishnu/project/ros2-project/projects/workspace/src/build/polygon_base
