[0.552s] DEBUG:colcon:Command line arguments: ['/usr/bin/colcon', 'build', '--packages-select', 'polygon_base', 'polygon_plugins']
[0.552s] DEBUG:colcon:Parsed command line arguments: Namespace(log_base=None, log_level=None, verb_name='build', build_base='build', install_base='install', merge_install=False, symlink_install=False, test_result_base=None, continue_on_error=False, executor='parallel', parallel_workers=8, event_handlers=None, ignore_user_meta=False, metas=['./colcon.meta'], base_paths=['.'], packages_ignore=None, packages_ignore_regex=None, paths=None, packages_up_to=None, packages_up_to_regex=None, packages_above=None, packages_above_and_dependencies=None, packages_above_depth=None, packages_select_by_dep=None, packages_skip_by_dep=None, packages_skip_up_to=None, packages_select_build_failed=False, packages_skip_build_finished=False, packages_select_test_failures=False, packages_skip_test_passed=False, packages_select=['polygon_base', 'polygon_plugins'], packages_skip=None, packages_select_regex=None, packages_skip_regex=None, packages_start=None, packages_end=None, allow_overriding=[], cmake_args=None, cmake_target=None, cmake_target_skip_unavailable=False, cmake_clean_cache=False, cmake_clean_first=False, cmake_force_configure=False, ament_cmake_args=None, catkin_cmake_args=None, catkin_skip_building_tests=False, mixin_files=None, mixin=None, verb_parser=<colcon_mixin.mixin.mixin_argument.MixinArgumentDecorator object at 0x7fa1ee6c6770>, verb_extension=<colcon_core.verb.build.BuildVerb object at 0x7fa1ef03dcc0>, main=<bound method BuildVerb.main of <colcon_core.verb.build.BuildVerb object at 0x7fa1ef03dcc0>>, mixin_verb=('build',))
[0.646s] Level 1:colcon.colcon_core.package_discovery:discover_packages(colcon_meta) check parameters
[0.646s] Level 1:colcon.colcon_core.package_discovery:discover_packages(recursive) check parameters
[0.646s] Level 1:colcon.colcon_core.package_discovery:discover_packages(ignore) check parameters
[0.646s] Level 1:colcon.colcon_core.package_discovery:discover_packages(path) check parameters
[0.646s] Level 1:colcon.colcon_core.package_discovery:discover_packages(colcon_meta) discover
[0.646s] Level 1:colcon.colcon_core.package_discovery:discover_packages(recursive) discover
[0.646s] INFO:colcon.colcon_core.package_discovery:Crawling recursively for packages in '/home/jishnu/project/ros2-project/projects/workspace/src'
[0.646s] Level 1:colcon.colcon_core.package_identification:_identify(.) by extensions ['ignore', 'ignore_ament_install']
[0.646s] Level 1:colcon.colcon_core.package_identification:_identify(.) by extension 'ignore'
[0.646s] Level 1:colcon.colcon_core.package_identification:_identify(.) by extension 'ignore_ament_install'
[0.646s] Level 1:colcon.colcon_core.package_identification:_identify(.) by extensions ['colcon_pkg']
[0.646s] Level 1:colcon.colcon_core.package_identification:_identify(.) by extension 'colcon_pkg'
[0.647s] Level 1:colcon.colcon_core.package_identification:_identify(.) by extensions ['colcon_meta']
[0.647s] Level 1:colcon.colcon_core.package_identification:_identify(.) by extension 'colcon_meta'
[0.647s] Level 1:colcon.colcon_core.package_identification:_identify(.) by extensions ['ros']
[0.647s] Level 1:colcon.colcon_core.package_identification:_identify(.) by extension 'ros'
[0.656s] Level 1:colcon.colcon_core.package_identification:_identify(.) by extensions ['cmake', 'python']
[0.656s] Level 1:colcon.colcon_core.package_identification:_identify(.) by extension 'cmake'
[0.656s] Level 1:colcon.colcon_core.package_identification:_identify(.) by extension 'python'
[0.656s] Level 1:colcon.colcon_core.package_identification:_identify(.) by extensions ['python_setup_py']
[0.656s] Level 1:colcon.colcon_core.package_identification:_identify(.) by extension 'python_setup_py'
[0.656s] Level 1:colcon.colcon_core.package_identification:_identify(action_tutorials_interfaces) by extensions ['ignore', 'ignore_ament_install']
[0.656s] Level 1:colcon.colcon_core.package_identification:_identify(action_tutorials_interfaces) by extension 'ignore'
[0.656s] Level 1:colcon.colcon_core.package_identification:_identify(action_tutorials_interfaces) by extension 'ignore_ament_install'
[0.656s] Level 1:colcon.colcon_core.package_identification:_identify(action_tutorials_interfaces) by extensions ['colcon_pkg']
[0.657s] Level 1:colcon.colcon_core.package_identification:_identify(action_tutorials_interfaces) by extension 'colcon_pkg'
[0.657s] Level 1:colcon.colcon_core.package_identification:_identify(action_tutorials_interfaces) by extensions ['colcon_meta']
[0.657s] Level 1:colcon.colcon_core.package_identification:_identify(action_tutorials_interfaces) by extension 'colcon_meta'
[0.657s] Level 1:colcon.colcon_core.package_identification:_identify(action_tutorials_interfaces) by extensions ['ros']
[0.657s] Level 1:colcon.colcon_core.package_identification:_identify(action_tutorials_interfaces) by extension 'ros'
[0.658s] DEBUG:colcon.colcon_core.package_identification:Package 'action_tutorials_interfaces' with type 'ros.ament_cmake' and name 'action_tutorials_interfaces'
[0.658s] Level 1:colcon.colcon_core.package_identification:_identify(build) by extensions ['ignore', 'ignore_ament_install']
[0.659s] Level 1:colcon.colcon_core.package_identification:_identify(build) by extension 'ignore'
[0.659s] Level 1:colcon.colcon_core.package_identification:_identify(build) ignored
[0.659s] Level 1:colcon.colcon_core.package_identification:_identify(cpp_parameters) by extensions ['ignore', 'ignore_ament_install']
[0.659s] Level 1:colcon.colcon_core.package_identification:_identify(cpp_parameters) by extension 'ignore'
[0.659s] Level 1:colcon.colcon_core.package_identification:_identify(cpp_parameters) by extension 'ignore_ament_install'
[0.659s] Level 1:colcon.colcon_core.package_identification:_identify(cpp_parameters) by extensions ['colcon_pkg']
[0.659s] Level 1:colcon.colcon_core.package_identification:_identify(cpp_parameters) by extension 'colcon_pkg'
[0.659s] Level 1:colcon.colcon_core.package_identification:_identify(cpp_parameters) by extensions ['colcon_meta']
[0.659s] Level 1:colcon.colcon_core.package_identification:_identify(cpp_parameters) by extension 'colcon_meta'
[0.659s] Level 1:colcon.colcon_core.package_identification:_identify(cpp_parameters) by extensions ['ros']
[0.659s] Level 1:colcon.colcon_core.package_identification:_identify(cpp_parameters) by extension 'ros'
[0.682s] DEBUG:colcon.colcon_core.package_identification:Package 'cpp_parameters' with type 'ros.ament_cmake' and name 'cpp_parameters'
[0.682s] Level 1:colcon.colcon_core.package_identification:_identify(cpp_pubsub) by extensions ['ignore', 'ignore_ament_install']
[0.682s] Level 1:colcon.colcon_core.package_identification:_identify(cpp_pubsub) by extension 'ignore'
[0.683s] Level 1:colcon.colcon_core.package_identification:_identify(cpp_pubsub) by extension 'ignore_ament_install'
[0.683s] Level 1:colcon.colcon_core.package_identification:_identify(cpp_pubsub) by extensions ['colcon_pkg']
[0.683s] Level 1:colcon.colcon_core.package_identification:_identify(cpp_pubsub) by extension 'colcon_pkg'
[0.683s] Level 1:colcon.colcon_core.package_identification:_identify(cpp_pubsub) by extensions ['colcon_meta']
[0.683s] Level 1:colcon.colcon_core.package_identification:_identify(cpp_pubsub) by extension 'colcon_meta'
[0.683s] Level 1:colcon.colcon_core.package_identification:_identify(cpp_pubsub) by extensions ['ros']
[0.683s] Level 1:colcon.colcon_core.package_identification:_identify(cpp_pubsub) by extension 'ros'
[0.707s] DEBUG:colcon.colcon_core.package_identification:Package 'cpp_pubsub' with type 'ros.ament_cmake' and name 'cpp_pubsub'
[0.707s] Level 1:colcon.colcon_core.package_identification:_identify(cpp_srvcli) by extensions ['ignore', 'ignore_ament_install']
[0.707s] Level 1:colcon.colcon_core.package_identification:_identify(cpp_srvcli) by extension 'ignore'
[0.708s] Level 1:colcon.colcon_core.package_identification:_identify(cpp_srvcli) by extension 'ignore_ament_install'
[0.708s] Level 1:colcon.colcon_core.package_identification:_identify(cpp_srvcli) by extensions ['colcon_pkg']
[0.708s] Level 1:colcon.colcon_core.package_identification:_identify(cpp_srvcli) by extension 'colcon_pkg'
[0.708s] Level 1:colcon.colcon_core.package_identification:_identify(cpp_srvcli) by extensions ['colcon_meta']
[0.708s] Level 1:colcon.colcon_core.package_identification:_identify(cpp_srvcli) by extension 'colcon_meta'
[0.708s] Level 1:colcon.colcon_core.package_identification:_identify(cpp_srvcli) by extensions ['ros']
[0.709s] Level 1:colcon.colcon_core.package_identification:_identify(cpp_srvcli) by extension 'ros'
[0.736s] DEBUG:colcon.colcon_core.package_identification:Package 'cpp_srvcli' with type 'ros.ament_cmake' and name 'cpp_srvcli'
[0.737s] Level 1:colcon.colcon_core.package_identification:_identify(install) by extensions ['ignore', 'ignore_ament_install']
[0.737s] Level 1:colcon.colcon_core.package_identification:_identify(install) by extension 'ignore'
[0.737s] Level 1:colcon.colcon_core.package_identification:_identify(install) ignored
[0.738s] Level 1:colcon.colcon_core.package_identification:_identify(log) by extensions ['ignore', 'ignore_ament_install']
[0.738s] Level 1:colcon.colcon_core.package_identification:_identify(log) by extension 'ignore'
[0.738s] Level 1:colcon.colcon_core.package_identification:_identify(log) ignored
[0.738s] Level 1:colcon.colcon_core.package_identification:_identify(more_interfaces) by extensions ['ignore', 'ignore_ament_install']
[0.739s] Level 1:colcon.colcon_core.package_identification:_identify(more_interfaces) by extension 'ignore'
[0.739s] Level 1:colcon.colcon_core.package_identification:_identify(more_interfaces) by extension 'ignore_ament_install'
[0.739s] Level 1:colcon.colcon_core.package_identification:_identify(more_interfaces) by extensions ['colcon_pkg']
[0.739s] Level 1:colcon.colcon_core.package_identification:_identify(more_interfaces) by extension 'colcon_pkg'
[0.739s] Level 1:colcon.colcon_core.package_identification:_identify(more_interfaces) by extensions ['colcon_meta']
[0.740s] Level 1:colcon.colcon_core.package_identification:_identify(more_interfaces) by extension 'colcon_meta'
[0.740s] Level 1:colcon.colcon_core.package_identification:_identify(more_interfaces) by extensions ['ros']
[0.740s] Level 1:colcon.colcon_core.package_identification:_identify(more_interfaces) by extension 'ros'
[0.750s] DEBUG:colcon.colcon_core.package_identification:Package 'more_interfaces' with type 'ros.ament_cmake' and name 'more_interfaces'
[0.751s] Level 1:colcon.colcon_core.package_identification:_identify(my_package) by extensions ['ignore', 'ignore_ament_install']
[0.751s] Level 1:colcon.colcon_core.package_identification:_identify(my_package) by extension 'ignore'
[0.751s] Level 1:colcon.colcon_core.package_identification:_identify(my_package) by extension 'ignore_ament_install'
[0.752s] Level 1:colcon.colcon_core.package_identification:_identify(my_package) by extensions ['colcon_pkg']
[0.752s] Level 1:colcon.colcon_core.package_identification:_identify(my_package) by extension 'colcon_pkg'
[0.752s] Level 1:colcon.colcon_core.package_identification:_identify(my_package) by extensions ['colcon_meta']
[0.752s] Level 1:colcon.colcon_core.package_identification:_identify(my_package) by extension 'colcon_meta'
[0.752s] Level 1:colcon.colcon_core.package_identification:_identify(my_package) by extensions ['ros']
[0.752s] Level 1:colcon.colcon_core.package_identification:_identify(my_package) by extension 'ros'
[0.772s] DEBUG:colcon.colcon_core.package_identification:Package 'my_package' with type 'ros.ament_python' and name 'my_package'
[0.772s] Level 1:colcon.colcon_core.package_identification:_identify(polygon_base) by extensions ['ignore', 'ignore_ament_install']
[0.773s] Level 1:colcon.colcon_core.package_identification:_identify(polygon_base) by extension 'ignore'
[0.773s] Level 1:colcon.colcon_core.package_identification:_identify(polygon_base) by extension 'ignore_ament_install'
[0.773s] Level 1:colcon.colcon_core.package_identification:_identify(polygon_base) by extensions ['colcon_pkg']
[0.773s] Level 1:colcon.colcon_core.package_identification:_identify(polygon_base) by extension 'colcon_pkg'
[0.774s] Level 1:colcon.colcon_core.package_identification:_identify(polygon_base) by extensions ['colcon_meta']
[0.774s] Level 1:colcon.colcon_core.package_identification:_identify(polygon_base) by extension 'colcon_meta'
[0.774s] Level 1:colcon.colcon_core.package_identification:_identify(polygon_base) by extensions ['ros']
[0.774s] Level 1:colcon.colcon_core.package_identification:_identify(polygon_base) by extension 'ros'
[0.776s] DEBUG:colcon.colcon_core.package_identification:Package 'polygon_base' with type 'ros.ament_cmake' and name 'polygon_base'
[0.776s] Level 1:colcon.colcon_core.package_identification:_identify(polygon_plugins) by extensions ['ignore', 'ignore_ament_install']
[0.777s] Level 1:colcon.colcon_core.package_identification:_identify(polygon_plugins) by extension 'ignore'
[0.777s] Level 1:colcon.colcon_core.package_identification:_identify(polygon_plugins) by extension 'ignore_ament_install'
[0.777s] Level 1:colcon.colcon_core.package_identification:_identify(polygon_plugins) by extensions ['colcon_pkg']
[0.777s] Level 1:colcon.colcon_core.package_identification:_identify(polygon_plugins) by extension 'colcon_pkg'
[0.777s] Level 1:colcon.colcon_core.package_identification:_identify(polygon_plugins) by extensions ['colcon_meta']
[0.778s] Level 1:colcon.colcon_core.package_identification:_identify(polygon_plugins) by extension 'colcon_meta'
[0.778s] Level 1:colcon.colcon_core.package_identification:_identify(polygon_plugins) by extensions ['ros']
[0.778s] Level 1:colcon.colcon_core.package_identification:_identify(polygon_plugins) by extension 'ros'
[0.780s] DEBUG:colcon.colcon_core.package_identification:Package 'polygon_plugins' with type 'ros.ament_cmake' and name 'polygon_plugins'
[0.780s] Level 1:colcon.colcon_core.package_identification:_identify(py_pubsub) by extensions ['ignore', 'ignore_ament_install']
[0.781s] Level 1:colcon.colcon_core.package_identification:_identify(py_pubsub) by extension 'ignore'
[0.781s] Level 1:colcon.colcon_core.package_identification:_identify(py_pubsub) by extension 'ignore_ament_install'
[0.781s] Level 1:colcon.colcon_core.package_identification:_identify(py_pubsub) by extensions ['colcon_pkg']
[0.781s] Level 1:colcon.colcon_core.package_identification:_identify(py_pubsub) by extension 'colcon_pkg'
[0.781s] Level 1:colcon.colcon_core.package_identification:_identify(py_pubsub) by extensions ['colcon_meta']
[0.781s] Level 1:colcon.colcon_core.package_identification:_identify(py_pubsub) by extension 'colcon_meta'
[0.782s] Level 1:colcon.colcon_core.package_identification:_identify(py_pubsub) by extensions ['ros']
[0.782s] Level 1:colcon.colcon_core.package_identification:_identify(py_pubsub) by extension 'ros'
[0.799s] DEBUG:colcon.colcon_core.package_identification:Package 'py_pubsub' with type 'ros.ament_python' and name 'py_pubsub'
[0.800s] Level 1:colcon.colcon_core.package_identification:_identify(py_srvcli) by extensions ['ignore', 'ignore_ament_install']
[0.800s] Level 1:colcon.colcon_core.package_identification:_identify(py_srvcli) by extension 'ignore'
[0.800s] Level 1:colcon.colcon_core.package_identification:_identify(py_srvcli) by extension 'ignore_ament_install'
[0.800s] Level 1:colcon.colcon_core.package_identification:_identify(py_srvcli) by extensions ['colcon_pkg']
[0.800s] Level 1:colcon.colcon_core.package_identification:_identify(py_srvcli) by extension 'colcon_pkg'
[0.801s] Level 1:colcon.colcon_core.package_identification:_identify(py_srvcli) by extensions ['colcon_meta']
[0.801s] Level 1:colcon.colcon_core.package_identification:_identify(py_srvcli) by extension 'colcon_meta'
[0.801s] Level 1:colcon.colcon_core.package_identification:_identify(py_srvcli) by extensions ['ros']
[0.801s] Level 1:colcon.colcon_core.package_identification:_identify(py_srvcli) by extension 'ros'
[0.813s] DEBUG:colcon.colcon_core.package_identification:Package 'py_srvcli' with type 'ros.ament_python' and name 'py_srvcli'
[0.813s] Level 1:colcon.colcon_core.package_identification:_identify(python_parameters) by extensions ['ignore', 'ignore_ament_install']
[0.814s] Level 1:colcon.colcon_core.package_identification:_identify(python_parameters) by extension 'ignore'
[0.814s] Level 1:colcon.colcon_core.package_identification:_identify(python_parameters) by extension 'ignore_ament_install'
[0.814s] Level 1:colcon.colcon_core.package_identification:_identify(python_parameters) by extensions ['colcon_pkg']
[0.814s] Level 1:colcon.colcon_core.package_identification:_identify(python_parameters) by extension 'colcon_pkg'
[0.814s] Level 1:colcon.colcon_core.package_identification:_identify(python_parameters) by extensions ['colcon_meta']
[0.814s] Level 1:colcon.colcon_core.package_identification:_identify(python_parameters) by extension 'colcon_meta'
[0.815s] Level 1:colcon.colcon_core.package_identification:_identify(python_parameters) by extensions ['ros']
[0.815s] Level 1:colcon.colcon_core.package_identification:_identify(python_parameters) by extension 'ros'
[0.840s] DEBUG:colcon.colcon_core.package_identification:Package 'python_parameters' with type 'ros.ament_python' and name 'python_parameters'
[0.841s] Level 1:colcon.colcon_core.package_identification:_identify(ros_test_package) by extensions ['ignore', 'ignore_ament_install']
[0.841s] Level 1:colcon.colcon_core.package_identification:_identify(ros_test_package) by extension 'ignore'
[0.841s] Level 1:colcon.colcon_core.package_identification:_identify(ros_test_package) by extension 'ignore_ament_install'
[0.842s] Level 1:colcon.colcon_core.package_identification:_identify(ros_test_package) by extensions ['colcon_pkg']
[0.842s] Level 1:colcon.colcon_core.package_identification:_identify(ros_test_package) by extension 'colcon_pkg'
[0.842s] Level 1:colcon.colcon_core.package_identification:_identify(ros_test_package) by extensions ['colcon_meta']
[0.842s] Level 1:colcon.colcon_core.package_identification:_identify(ros_test_package) by extension 'colcon_meta'
[0.842s] Level 1:colcon.colcon_core.package_identification:_identify(ros_test_package) by extensions ['ros']
[0.842s] Level 1:colcon.colcon_core.package_identification:_identify(ros_test_package) by extension 'ros'
[0.859s] DEBUG:colcon.colcon_core.package_identification:Package 'ros_test_package' with type 'ros.ament_python' and name 'ros_test_package'
[0.859s] Level 1:colcon.colcon_core.package_identification:_identify(tutorial_interfaces) by extensions ['ignore', 'ignore_ament_install']
[0.860s] Level 1:colcon.colcon_core.package_identification:_identify(tutorial_interfaces) by extension 'ignore'
[0.860s] Level 1:colcon.colcon_core.package_identification:_identify(tutorial_interfaces) by extension 'ignore_ament_install'
[0.860s] Level 1:colcon.colcon_core.package_identification:_identify(tutorial_interfaces) by extensions ['colcon_pkg']
[0.860s] Level 1:colcon.colcon_core.package_identification:_identify(tutorial_interfaces) by extension 'colcon_pkg'
[0.861s] Level 1:colcon.colcon_core.package_identification:_identify(tutorial_interfaces) by extensions ['colcon_meta']
[0.861s] Level 1:colcon.colcon_core.package_identification:_identify(tutorial_interfaces) by extension 'colcon_meta'
[0.861s] Level 1:colcon.colcon_core.package_identification:_identify(tutorial_interfaces) by extensions ['ros']
[0.861s] Level 1:colcon.colcon_core.package_identification:_identify(tutorial_interfaces) by extension 'ros'
[0.870s] DEBUG:colcon.colcon_core.package_identification:Package 'tutorial_interfaces' with type 'ros.ament_cmake' and name 'tutorial_interfaces'
[0.871s] Level 1:colcon.colcon_core.package_discovery:discover_packages(recursive) using defaults
[0.871s] Level 1:colcon.colcon_core.package_discovery:discover_packages(ignore) discover
[0.871s] Level 1:colcon.colcon_core.package_discovery:discover_packages(ignore) using defaults
[0.871s] Level 1:colcon.colcon_core.package_discovery:discover_packages(path) discover
[0.871s] Level 1:colcon.colcon_core.package_discovery:discover_packages(path) using defaults
[1.045s] INFO:colcon.colcon_core.package_selection:Skipping not selected package 'action_tutorials_interfaces' in 'action_tutorials_interfaces'
[1.045s] INFO:colcon.colcon_core.package_selection:Skipping not selected package 'cpp_parameters' in 'cpp_parameters'
[1.045s] INFO:colcon.colcon_core.package_selection:Skipping not selected package 'cpp_pubsub' in 'cpp_pubsub'
[1.045s] INFO:colcon.colcon_core.package_selection:Skipping not selected package 'cpp_srvcli' in 'cpp_srvcli'
[1.045s] INFO:colcon.colcon_core.package_selection:Skipping not selected package 'more_interfaces' in 'more_interfaces'
[1.045s] INFO:colcon.colcon_core.package_selection:Skipping not selected package 'my_package' in 'my_package'
[1.045s] INFO:colcon.colcon_core.package_selection:Skipping not selected package 'py_srvcli' in 'py_srvcli'
[1.045s] INFO:colcon.colcon_core.package_selection:Skipping not selected package 'python_parameters' in 'python_parameters'
[1.045s] INFO:colcon.colcon_core.package_selection:Skipping not selected package 'ros_test_package' in 'ros_test_package'
[1.045s] INFO:colcon.colcon_core.package_selection:Skipping not selected package 'tutorial_interfaces' in 'tutorial_interfaces'
[1.045s] INFO:colcon.colcon_core.package_selection:Skipping not selected package 'py_pubsub' in 'py_pubsub'
[1.046s] Level 1:colcon.colcon_core.package_discovery:discover_packages(prefix_path) check parameters
[1.046s] Level 1:colcon.colcon_core.package_discovery:discover_packages(prefix_path) discover
[1.896s] DEBUG:colcon.colcon_installed_package_information.package_discovery:Found 63 installed packages in /home/jishnu/project/moveit-projects/ws_moveit2/install
[1.898s] DEBUG:colcon.colcon_installed_package_information.package_discovery:Found 53 installed packages in /home/jishnu/ws_moveit2/install
[1.903s] DEBUG:colcon.colcon_installed_package_information.package_discovery:Found 331 installed packages in /opt/ros/humble
[1.906s] Level 1:colcon.colcon_core.package_discovery:discover_packages(prefix_path) using defaults
[4.051s] Level 5:colcon.colcon_core.verb:set package 'polygon_base' build argument 'cmake_args' from command line to 'None'
[4.051s] Level 5:colcon.colcon_core.verb:set package 'polygon_base' build argument 'cmake_target' from command line to 'None'
[4.051s] Level 5:colcon.colcon_core.verb:set package 'polygon_base' build argument 'cmake_target_skip_unavailable' from command line to 'False'
[4.051s] Level 5:colcon.colcon_core.verb:set package 'polygon_base' build argument 'cmake_clean_cache' from command line to 'False'
[4.051s] Level 5:colcon.colcon_core.verb:set package 'polygon_base' build argument 'cmake_clean_first' from command line to 'False'
[4.051s] Level 5:colcon.colcon_core.verb:set package 'polygon_base' build argument 'cmake_force_configure' from command line to 'False'
[4.051s] Level 5:colcon.colcon_core.verb:set package 'polygon_base' build argument 'ament_cmake_args' from command line to 'None'
[4.051s] Level 5:colcon.colcon_core.verb:set package 'polygon_base' build argument 'catkin_cmake_args' from command line to 'None'
[4.051s] Level 5:colcon.colcon_core.verb:set package 'polygon_base' build argument 'catkin_skip_building_tests' from command line to 'False'
[4.051s] DEBUG:colcon.colcon_core.verb:Building package 'polygon_base' with the following arguments: {'ament_cmake_args': None, 'build_base': '/home/jishnu/project/ros2-project/projects/workspace/src/build/polygon_base', 'catkin_cmake_args': None, 'catkin_skip_building_tests': False, 'cmake_args': None, 'cmake_clean_cache': False, 'cmake_clean_first': False, 'cmake_force_configure': False, 'cmake_target': None, 'cmake_target_skip_unavailable': False, 'install_base': '/home/jishnu/project/ros2-project/projects/workspace/src/install/polygon_base', 'merge_install': False, 'path': '/home/jishnu/project/ros2-project/projects/workspace/src/polygon_base', 'symlink_install': False, 'test_result_base': None}
[4.053s] Level 5:colcon.colcon_core.verb:set package 'polygon_plugins' build argument 'cmake_args' from command line to 'None'
[4.053s] Level 5:colcon.colcon_core.verb:set package 'polygon_plugins' build argument 'cmake_target' from command line to 'None'
[4.053s] Level 5:colcon.colcon_core.verb:set package 'polygon_plugins' build argument 'cmake_target_skip_unavailable' from command line to 'False'
[4.053s] Level 5:colcon.colcon_core.verb:set package 'polygon_plugins' build argument 'cmake_clean_cache' from command line to 'False'
[4.053s] Level 5:colcon.colcon_core.verb:set package 'polygon_plugins' build argument 'cmake_clean_first' from command line to 'False'
[4.053s] Level 5:colcon.colcon_core.verb:set package 'polygon_plugins' build argument 'cmake_force_configure' from command line to 'False'
[4.053s] Level 5:colcon.colcon_core.verb:set package 'polygon_plugins' build argument 'ament_cmake_args' from command line to 'None'
[4.053s] Level 5:colcon.colcon_core.verb:set package 'polygon_plugins' build argument 'catkin_cmake_args' from command line to 'None'
[4.053s] Level 5:colcon.colcon_core.verb:set package 'polygon_plugins' build argument 'catkin_skip_building_tests' from command line to 'False'
[4.053s] DEBUG:colcon.colcon_core.verb:Building package 'polygon_plugins' with the following arguments: {'ament_cmake_args': None, 'build_base': '/home/jishnu/project/ros2-project/projects/workspace/src/build/polygon_plugins', 'catkin_cmake_args': None, 'catkin_skip_building_tests': False, 'cmake_args': None, 'cmake_clean_cache': False, 'cmake_clean_first': False, 'cmake_force_configure': False, 'cmake_target': None, 'cmake_target_skip_unavailable': False, 'install_base': '/home/jishnu/project/ros2-project/projects/workspace/src/install/polygon_plugins', 'merge_install': False, 'path': '/home/jishnu/project/ros2-project/projects/workspace/src/polygon_plugins', 'symlink_install': False, 'test_result_base': None}
[4.054s] INFO:colcon.colcon_core.executor:Executing jobs using 'parallel' executor
[4.061s] DEBUG:colcon.colcon_parallel_executor.executor.parallel:run_until_complete
[4.061s] INFO:colcon.colcon_ros.task.ament_cmake.build:Building ROS package in '/home/jishnu/project/ros2-project/projects/workspace/src/polygon_base' with build type 'ament_cmake'
[4.061s] INFO:colcon.colcon_cmake.task.cmake.build:Building CMake package in '/home/jishnu/project/ros2-project/projects/workspace/src/polygon_base'
[4.081s] INFO:colcon.colcon_core.plugin_system:Skipping extension 'colcon_core.shell.bat': Not used on non-Windows systems
[4.081s] INFO:colcon.colcon_core.shell:Skip shell extension 'powershell' for command environment: Not usable outside of PowerShell
[4.081s] DEBUG:colcon.colcon_core.shell:Skip shell extension 'dsv' for command environment
[4.109s] DEBUG:colcon.colcon_core.event_handler.log_command:Invoking command in '/home/jishnu/project/ros2-project/projects/workspace/src/build/polygon_base': CMAKE_PREFIX_PATH=${CMAKE_PREFIX_PATH}:/home/jishnu/project/moveit-projects/ws_moveit2/install/ros2controlcli:/home/jishnu/project/moveit-projects/ws_moveit2/install/moveit_configs_utils:/home/jishnu/ws_moveit2/install/ros2controlcli:/home/jishnu/ws_moveit2/install/moveit_configs_utils:/opt/ros/humble /usr/bin/cmake /home/jishnu/project/ros2-project/projects/workspace/src/polygon_base -DCMAKE_INSTALL_PREFIX=/home/jishnu/project/ros2-project/projects/workspace/src/install/polygon_base
[5.877s] DEBUG:colcon.colcon_core.event_handler.log_command:Invoked command in '/home/jishnu/project/ros2-project/projects/workspace/src/build/polygon_base' returned '0': CMAKE_PREFIX_PATH=${CMAKE_PREFIX_PATH}:/home/jishnu/project/moveit-projects/ws_moveit2/install/ros2controlcli:/home/jishnu/project/moveit-projects/ws_moveit2/install/moveit_configs_utils:/home/jishnu/ws_moveit2/install/ros2controlcli:/home/jishnu/ws_moveit2/install/moveit_configs_utils:/opt/ros/humble /usr/bin/cmake /home/jishnu/project/ros2-project/projects/workspace/src/polygon_base -DCMAKE_INSTALL_PREFIX=/home/jishnu/project/ros2-project/projects/workspace/src/install/polygon_base
[5.877s] DEBUG:colcon.colcon_core.event_handler.log_command:Invoking command in '/home/jishnu/project/ros2-project/projects/workspace/src/build/polygon_base': CMAKE_PREFIX_PATH=${CMAKE_PREFIX_PATH}:/home/jishnu/project/moveit-projects/ws_moveit2/install/ros2controlcli:/home/jishnu/project/moveit-projects/ws_moveit2/install/moveit_configs_utils:/home/jishnu/ws_moveit2/install/ros2controlcli:/home/jishnu/ws_moveit2/install/moveit_configs_utils:/opt/ros/humble /usr/bin/cmake --build /home/jishnu/project/ros2-project/projects/workspace/src/build/polygon_base -- -j8 -l8
[8.500s] DEBUG:colcon.colcon_core.event_handler.log_command:Invoked command in '/home/jishnu/project/ros2-project/projects/workspace/src/build/polygon_base' returned '0': CMAKE_PREFIX_PATH=${CMAKE_PREFIX_PATH}:/home/jishnu/project/moveit-projects/ws_moveit2/install/ros2controlcli:/home/jishnu/project/moveit-projects/ws_moveit2/install/moveit_configs_utils:/home/jishnu/ws_moveit2/install/ros2controlcli:/home/jishnu/ws_moveit2/install/moveit_configs_utils:/opt/ros/humble /usr/bin/cmake --build /home/jishnu/project/ros2-project/projects/workspace/src/build/polygon_base -- -j8 -l8
[8.548s] DEBUG:colcon.colcon_core.event_handler.log_command:Invoking command in '/home/jishnu/project/ros2-project/projects/workspace/src/build/polygon_base': CMAKE_PREFIX_PATH=${CMAKE_PREFIX_PATH}:/home/jishnu/project/moveit-projects/ws_moveit2/install/ros2controlcli:/home/jishnu/project/moveit-projects/ws_moveit2/install/moveit_configs_utils:/home/jishnu/ws_moveit2/install/ros2controlcli:/home/jishnu/ws_moveit2/install/moveit_configs_utils:/opt/ros/humble /usr/bin/cmake --install /home/jishnu/project/ros2-project/projects/workspace/src/build/polygon_base
[8.666s] Level 1:colcon.colcon_core.environment:create_environment_scripts_only(polygon_base)
[8.667s] DEBUG:colcon.colcon_core.event_handler.log_command:Invoked command in '/home/jishnu/project/ros2-project/projects/workspace/src/build/polygon_base' returned '0': CMAKE_PREFIX_PATH=${CMAKE_PREFIX_PATH}:/home/jishnu/project/moveit-projects/ws_moveit2/install/ros2controlcli:/home/jishnu/project/moveit-projects/ws_moveit2/install/moveit_configs_utils:/home/jishnu/ws_moveit2/install/ros2controlcli:/home/jishnu/ws_moveit2/install/moveit_configs_utils:/opt/ros/humble /usr/bin/cmake --install /home/jishnu/project/ros2-project/projects/workspace/src/build/polygon_base
[8.685s] Level 1:colcon.colcon_core.environment:checking '/home/jishnu/project/ros2-project/projects/workspace/src/install/polygon_base' for CMake module files
[8.686s] Level 1:colcon.colcon_core.environment:checking '/home/jishnu/project/ros2-project/projects/workspace/src/install/polygon_base' for CMake config files
[8.686s] Level 1:colcon.colcon_core.shell:create_environment_hook('polygon_base', 'cmake_prefix_path')
[8.690s] INFO:colcon.colcon_core.shell:Creating environment hook '/home/jishnu/project/ros2-project/projects/workspace/src/install/polygon_base/share/polygon_base/hook/cmake_prefix_path.ps1'
[8.691s] INFO:colcon.colcon_core.shell:Creating environment descriptor '/home/jishnu/project/ros2-project/projects/workspace/src/install/polygon_base/share/polygon_base/hook/cmake_prefix_path.dsv'
[8.692s] INFO:colcon.colcon_core.shell:Creating environment hook '/home/jishnu/project/ros2-project/projects/workspace/src/install/polygon_base/share/polygon_base/hook/cmake_prefix_path.sh'
[8.692s] Level 1:colcon.colcon_core.environment:checking '/home/jishnu/project/ros2-project/projects/workspace/src/install/polygon_base/lib'
[8.693s] Level 1:colcon.colcon_core.environment:checking '/home/jishnu/project/ros2-project/projects/workspace/src/install/polygon_base/bin'
[8.693s] Level 1:colcon.colcon_core.environment:checking '/home/jishnu/project/ros2-project/projects/workspace/src/install/polygon_base/lib/pkgconfig/polygon_base.pc'
[8.693s] Level 1:colcon.colcon_core.environment:checking '/home/jishnu/project/ros2-project/projects/workspace/src/install/polygon_base/lib/python3.10/site-packages'
[8.693s] Level 1:colcon.colcon_core.environment:checking '/home/jishnu/project/ros2-project/projects/workspace/src/install/polygon_base/bin'
[8.696s] INFO:colcon.colcon_core.shell:Creating package script '/home/jishnu/project/ros2-project/projects/workspace/src/install/polygon_base/share/polygon_base/package.ps1'
[8.696s] INFO:colcon.colcon_core.shell:Creating package descriptor '/home/jishnu/project/ros2-project/projects/workspace/src/install/polygon_base/share/polygon_base/package.dsv'
[8.697s] INFO:colcon.colcon_core.shell:Creating package script '/home/jishnu/project/ros2-project/projects/workspace/src/install/polygon_base/share/polygon_base/package.sh'
[8.698s] INFO:colcon.colcon_core.shell:Creating package script '/home/jishnu/project/ros2-project/projects/workspace/src/install/polygon_base/share/polygon_base/package.bash'
[8.698s] INFO:colcon.colcon_core.shell:Creating package script '/home/jishnu/project/ros2-project/projects/workspace/src/install/polygon_base/share/polygon_base/package.zsh'
[8.699s] Level 1:colcon.colcon_core.environment:create_file_with_runtime_dependencies(/home/jishnu/project/ros2-project/projects/workspace/src/install/polygon_base/share/colcon-core/packages/polygon_base)
[8.737s] Level 1:colcon.colcon_core.environment:create_environment_scripts_only(polygon_base)
[8.740s] Level 1:colcon.colcon_core.environment:checking '/home/jishnu/project/ros2-project/projects/workspace/src/install/polygon_base' for CMake module files
[8.741s] Level 1:colcon.colcon_core.environment:checking '/home/jishnu/project/ros2-project/projects/workspace/src/install/polygon_base' for CMake config files
[8.741s] Level 1:colcon.colcon_core.shell:create_environment_hook('polygon_base', 'cmake_prefix_path')
[8.743s] INFO:colcon.colcon_core.shell:Creating environment hook '/home/jishnu/project/ros2-project/projects/workspace/src/install/polygon_base/share/polygon_base/hook/cmake_prefix_path.ps1'
[8.743s] INFO:colcon.colcon_core.shell:Creating environment descriptor '/home/jishnu/project/ros2-project/projects/workspace/src/install/polygon_base/share/polygon_base/hook/cmake_prefix_path.dsv'
[8.744s] INFO:colcon.colcon_core.shell:Creating environment hook '/home/jishnu/project/ros2-project/projects/workspace/src/install/polygon_base/share/polygon_base/hook/cmake_prefix_path.sh'
[8.744s] Level 1:colcon.colcon_core.environment:checking '/home/jishnu/project/ros2-project/projects/workspace/src/install/polygon_base/lib'
[8.744s] Level 1:colcon.colcon_core.environment:checking '/home/jishnu/project/ros2-project/projects/workspace/src/install/polygon_base/bin'
[8.744s] Level 1:colcon.colcon_core.environment:checking '/home/jishnu/project/ros2-project/projects/workspace/src/install/polygon_base/lib/pkgconfig/polygon_base.pc'
[8.744s] Level 1:colcon.colcon_core.environment:checking '/home/jishnu/project/ros2-project/projects/workspace/src/install/polygon_base/lib/python3.10/site-packages'
[8.744s] Level 1:colcon.colcon_core.environment:checking '/home/jishnu/project/ros2-project/projects/workspace/src/install/polygon_base/bin'
[8.747s] INFO:colcon.colcon_core.shell:Creating package script '/home/jishnu/project/ros2-project/projects/workspace/src/install/polygon_base/share/polygon_base/package.ps1'
[8.747s] INFO:colcon.colcon_core.shell:Creating package descriptor '/home/jishnu/project/ros2-project/projects/workspace/src/install/polygon_base/share/polygon_base/package.dsv'
[8.747s] INFO:colcon.colcon_core.shell:Creating package script '/home/jishnu/project/ros2-project/projects/workspace/src/install/polygon_base/share/polygon_base/package.sh'
[8.747s] INFO:colcon.colcon_core.shell:Creating package script '/home/jishnu/project/ros2-project/projects/workspace/src/install/polygon_base/share/polygon_base/package.bash'
[8.748s] INFO:colcon.colcon_core.shell:Creating package script '/home/jishnu/project/ros2-project/projects/workspace/src/install/polygon_base/share/polygon_base/package.zsh'
[8.748s] Level 1:colcon.colcon_core.environment:create_file_with_runtime_dependencies(/home/jishnu/project/ros2-project/projects/workspace/src/install/polygon_base/share/colcon-core/packages/polygon_base)
[8.748s] INFO:colcon.colcon_ros.task.ament_cmake.build:Building ROS package in '/home/jishnu/project/ros2-project/projects/workspace/src/polygon_plugins' with build type 'ament_cmake'
[8.748s] INFO:colcon.colcon_cmake.task.cmake.build:Building CMake package in '/home/jishnu/project/ros2-project/projects/workspace/src/polygon_plugins'
[8.750s] INFO:colcon.colcon_core.shell:Skip shell extension 'powershell' for command environment: Not usable outside of PowerShell
[8.751s] DEBUG:colcon.colcon_core.shell:Skip shell extension 'dsv' for command environment
[8.776s] DEBUG:colcon.colcon_core.event_handler.log_command:Invoking command in '/home/jishnu/project/ros2-project/projects/workspace/src/build/polygon_plugins': AMENT_PREFIX_PATH=/home/jishnu/project/ros2-project/projects/workspace/src/install/polygon_base:${AMENT_PREFIX_PATH} CMAKE_PREFIX_PATH=/home/jishnu/project/ros2-project/projects/workspace/src/install/polygon_base:/home/jishnu/project/moveit-projects/ws_moveit2/install/moveit2_tutorials:/home/jishnu/project/moveit-projects/ws_moveit2/install/ros2_control:/home/jishnu/project/moveit-projects/ws_moveit2/install/transmission_interface:/home/jishnu/project/moveit-projects/ws_moveit2/install/moveit_visual_tools:/home/jishnu/project/moveit-projects/ws_moveit2/install/rviz_visual_tools:/home/jishnu/project/moveit-projects/ws_moveit2/install/moveit_task_constructor_visualization:/home/jishnu/project/moveit-projects/ws_moveit2/install/moveit_task_constructor_demo:/home/jishnu/project/moveit-projects/ws_moveit2/install/moveit_task_constructor_capabilities:/home/jishnu/project/moveit-projects/ws_moveit2/install/moveit_task_constructor_core:/home/jishnu/project/moveit-projects/ws_moveit2/install/rviz_marker_tools:/home/jishnu/project/moveit-projects/ws_moveit2/install/rosparam_shortcuts:/home/jishnu/project/moveit-projects/ws_moveit2/install/moveit_hybrid_planning:/home/jishnu/project/moveit-projects/ws_moveit2/install/controller_manager:/home/jishnu/project/moveit-projects/ws_moveit2/install/ros2_control_test_assets:/home/jishnu/project/moveit-projects/ws_moveit2/install/pilz_industrial_motion_planner_testutils:/home/jishnu/project/moveit-projects/ws_moveit2/install/moveit_runtime:/home/jishnu/project/moveit-projects/ws_moveit2/install/moveit:/home/jishnu/project/moveit-projects/ws_moveit2/install/moveit_planners:/home/jishnu/project/moveit-projects/ws_moveit2/install/pilz_industrial_motion_planner:/home/jishnu/project/moveit-projects/ws_moveit2/install/moveit_task_constructor_msgs:/home/jishnu/project/moveit-projects/ws_moveit2/install/moveit_ros_control_interface:/home/jishnu/project/moveit-projects/ws_moveit2/install/moveit_plugins:/home/jishnu/project/moveit-projects/ws_moveit2/install/moveit_simple_controller_manager:/home/jishnu/project/moveit-projects/ws_moveit2/install/moveit_setup_assistant:/home/jishnu/project/moveit-projects/ws_moveit2/install/moveit_setup_srdf_plugins:/home/jishnu/project/moveit-projects/ws_moveit2/install/moveit_setup_core_plugins:/home/jishnu/project/moveit-projects/ws_moveit2/install/moveit_setup_controllers:/home/jishnu/project/moveit-projects/ws_moveit2/install/moveit_setup_app_plugins:/home/jishnu/project/moveit-projects/ws_moveit2/install/moveit_setup_framework:/home/jishnu/project/moveit-projects/ws_moveit2/install/moveit_servo:/home/jishnu/project/moveit-projects/ws_moveit2/install/moveit_ros:/home/jishnu/project/moveit-projects/ws_moveit2/install/moveit_ros_visualization:/home/jishnu/project/moveit-projects/ws_moveit2/install/moveit_ros_planning_interface:/home/jishnu/project/moveit-projects/ws_moveit2/install/moveit_ros_benchmarks:/home/jishnu/project/moveit-projects/ws_moveit2/install/moveit_ros_warehouse:/home/jishnu/project/moveit-projects/ws_moveit2/install/moveit_ros_robot_interaction:/home/jishnu/project/moveit-projects/ws_moveit2/install/moveit_ros_perception:/home/jishnu/project/moveit-projects/ws_moveit2/install/moveit_resources_prbt_pg70_support:/home/jishnu/project/moveit-projects/ws_moveit2/install/moveit_resources_prbt_moveit_config:/home/jishnu/project/moveit-projects/ws_moveit2/install/moveit_ros_move_group:/home/jishnu/project/moveit-projects/ws_moveit2/install/moveit_planners_ompl:/home/jishnu/project/moveit-projects/ws_moveit2/install/moveit_ros_planning:/home/jishnu/project/moveit-projects/ws_moveit2/install/moveit_ros_occupancy_map_monitor:/home/jishnu/project/moveit-projects/ws_moveit2/install/moveit_resources_prbt_support:/home/jishnu/project/moveit-projects/ws_moveit2/install/moveit_resources_prbt_ikfast_manipulator_plugin:/home/jishnu/project/moveit-projects/ws_moveit2/install/moveit_resources:/home/jishnu/project/moveit-projects/ws_moveit2/install/moveit_resources_pr2_description:/home/jishnu/project/moveit-projects/ws_moveit2/install/moveit_resources_panda_moveit_config:/home/jishnu/project/moveit-projects/ws_moveit2/install/moveit_resources_panda_description:/home/jishnu/project/moveit-projects/ws_moveit2/install/moveit_resources_fanuc_moveit_config:/home/jishnu/project/moveit-projects/ws_moveit2/install/moveit_resources_fanuc_description:/home/jishnu/project/moveit-projects/ws_moveit2/install/moveit_planners_chomp:/home/jishnu/project/moveit-projects/ws_moveit2/install/moveit_kinematics:/home/jishnu/project/moveit-projects/ws_moveit2/install/moveit_chomp_optimizer_adapter:/home/jishnu/project/moveit-projects/ws_moveit2/install/chomp_motion_planner:/home/jishnu/project/moveit-projects/ws_moveit2/install/moveit_core:/home/jishnu/project/moveit-projects/ws_moveit2/install/moveit_common:/home/jishnu/project/moveit-projects/ws_moveit2/install/joint_limits:/home/jishnu/project/moveit-projects/ws_moveit2/install/controller_interface:/home/jishnu/project/moveit-projects/ws_moveit2/install/hardware_interface:/home/jishnu/project/moveit-projects/ws_moveit2/install/controller_manager_msgs:/home/jishnu/ws_moveit2/install/ros2_control:/home/jishnu/ws_moveit2/install/transmission_interface:/home/jishnu/ws_moveit2/install/moveit_hybrid_planning:/home/jishnu/ws_moveit2/install/controller_manager:/home/jishnu/ws_moveit2/install/ros2_control_test_assets:/home/jishnu/ws_moveit2/install/pilz_industrial_motion_planner_testutils:/home/jishnu/ws_moveit2/install/moveit_runtime:/home/jishnu/ws_moveit2/install/moveit:/home/jishnu/ws_moveit2/install/moveit_planners:/home/jishnu/ws_moveit2/install/pilz_industrial_motion_planner:/home/jishnu/ws_moveit2/install/moveit_ros_control_interface:/home/jishnu/ws_moveit2/install/moveit_plugins:/home/jishnu/ws_moveit2/install/moveit_simple_controller_manager:/home/jishnu/ws_moveit2/install/moveit_setup_assistant:/home/jishnu/ws_moveit2/install/moveit_setup_srdf_plugins:/home/jishnu/ws_moveit2/install/moveit_setup_core_plugins:/home/jishnu/ws_moveit2/install/moveit_setup_controllers:/home/jishnu/ws_moveit2/install/moveit_setup_app_plugins:/home/jishnu/ws_moveit2/install/moveit_setup_framework:/home/jishnu/ws_moveit2/install/moveit_servo:/home/jishnu/ws_moveit2/install/moveit_ros:/home/jishnu/ws_moveit2/install/moveit_ros_visualization:/home/jishnu/ws_moveit2/install/moveit_ros_planning_interface:/home/jishnu/ws_moveit2/install/moveit_ros_benchmarks:/home/jishnu/ws_moveit2/install/moveit_ros_warehouse:/home/jishnu/ws_moveit2/install/moveit_ros_robot_interaction:/home/jishnu/ws_moveit2/install/moveit_ros_perception:/home/jishnu/ws_moveit2/install/moveit_resources_prbt_pg70_support:/home/jishnu/ws_moveit2/install/moveit_resources_prbt_moveit_config:/home/jishnu/ws_moveit2/install/moveit_ros_move_group:/home/jishnu/ws_moveit2/install/moveit_planners_ompl:/home/jishnu/ws_moveit2/install/moveit_ros_planning:/home/jishnu/ws_moveit2/install/moveit_ros_occupancy_map_monitor:/home/jishnu/ws_moveit2/install/moveit_resources_prbt_support:/home/jishnu/ws_moveit2/install/moveit_resources_prbt_ikfast_manipulator_plugin:/home/jishnu/ws_moveit2/install/moveit_resources:/home/jishnu/ws_moveit2/install/moveit_resources_pr2_description:/home/jishnu/ws_moveit2/install/moveit_resources_panda_moveit_config:/home/jishnu/ws_moveit2/install/moveit_resources_panda_description:/home/jishnu/ws_moveit2/install/moveit_resources_fanuc_moveit_config:/home/jishnu/ws_moveit2/install/moveit_resources_fanuc_description:/home/jishnu/ws_moveit2/install/moveit_planners_chomp:/home/jishnu/ws_moveit2/install/moveit_kinematics:/home/jishnu/ws_moveit2/install/moveit_chomp_optimizer_adapter:/home/jishnu/ws_moveit2/install/chomp_motion_planner:/home/jishnu/ws_moveit2/install/moveit_core:/home/jishnu/ws_moveit2/install/moveit_common:/home/jishnu/ws_moveit2/install/joint_limits:/home/jishnu/ws_moveit2/install/controller_interface:/home/jishnu/ws_moveit2/install/hardware_interface:/home/jishnu/ws_moveit2/install/controller_manager_msgs:/home/jishnu/project/moveit-projects/ws_moveit2/install/ros2controlcli:/home/jishnu/project/moveit-projects/ws_moveit2/install/moveit_configs_utils:/home/jishnu/ws_moveit2/install/ros2controlcli:/home/jishnu/ws_moveit2/install/moveit_configs_utils:/opt/ros/humble /usr/bin/cmake /home/jishnu/project/ros2-project/projects/workspace/src/polygon_plugins -DCMAKE_INSTALL_PREFIX=/home/jishnu/project/ros2-project/projects/workspace/src/install/polygon_plugins
[9.795s] DEBUG:colcon.colcon_core.event_handler.log_command:Invoked command in '/home/jishnu/project/ros2-project/projects/workspace/src/build/polygon_plugins' returned '1': AMENT_PREFIX_PATH=/home/jishnu/project/ros2-project/projects/workspace/src/install/polygon_base:${AMENT_PREFIX_PATH} CMAKE_PREFIX_PATH=/home/jishnu/project/ros2-project/projects/workspace/src/install/polygon_base:/home/jishnu/project/moveit-projects/ws_moveit2/install/moveit2_tutorials:/home/jishnu/project/moveit-projects/ws_moveit2/install/ros2_control:/home/jishnu/project/moveit-projects/ws_moveit2/install/transmission_interface:/home/jishnu/project/moveit-projects/ws_moveit2/install/moveit_visual_tools:/home/jishnu/project/moveit-projects/ws_moveit2/install/rviz_visual_tools:/home/jishnu/project/moveit-projects/ws_moveit2/install/moveit_task_constructor_visualization:/home/jishnu/project/moveit-projects/ws_moveit2/install/moveit_task_constructor_demo:/home/jishnu/project/moveit-projects/ws_moveit2/install/moveit_task_constructor_capabilities:/home/jishnu/project/moveit-projects/ws_moveit2/install/moveit_task_constructor_core:/home/jishnu/project/moveit-projects/ws_moveit2/install/rviz_marker_tools:/home/jishnu/project/moveit-projects/ws_moveit2/install/rosparam_shortcuts:/home/jishnu/project/moveit-projects/ws_moveit2/install/moveit_hybrid_planning:/home/jishnu/project/moveit-projects/ws_moveit2/install/controller_manager:/home/jishnu/project/moveit-projects/ws_moveit2/install/ros2_control_test_assets:/home/jishnu/project/moveit-projects/ws_moveit2/install/pilz_industrial_motion_planner_testutils:/home/jishnu/project/moveit-projects/ws_moveit2/install/moveit_runtime:/home/jishnu/project/moveit-projects/ws_moveit2/install/moveit:/home/jishnu/project/moveit-projects/ws_moveit2/install/moveit_planners:/home/jishnu/project/moveit-projects/ws_moveit2/install/pilz_industrial_motion_planner:/home/jishnu/project/moveit-projects/ws_moveit2/install/moveit_task_constructor_msgs:/home/jishnu/project/moveit-projects/ws_moveit2/install/moveit_ros_control_interface:/home/jishnu/project/moveit-projects/ws_moveit2/install/moveit_plugins:/home/jishnu/project/moveit-projects/ws_moveit2/install/moveit_simple_controller_manager:/home/jishnu/project/moveit-projects/ws_moveit2/install/moveit_setup_assistant:/home/jishnu/project/moveit-projects/ws_moveit2/install/moveit_setup_srdf_plugins:/home/jishnu/project/moveit-projects/ws_moveit2/install/moveit_setup_core_plugins:/home/jishnu/project/moveit-projects/ws_moveit2/install/moveit_setup_controllers:/home/jishnu/project/moveit-projects/ws_moveit2/install/moveit_setup_app_plugins:/home/jishnu/project/moveit-projects/ws_moveit2/install/moveit_setup_framework:/home/jishnu/project/moveit-projects/ws_moveit2/install/moveit_servo:/home/jishnu/project/moveit-projects/ws_moveit2/install/moveit_ros:/home/jishnu/project/moveit-projects/ws_moveit2/install/moveit_ros_visualization:/home/jishnu/project/moveit-projects/ws_moveit2/install/moveit_ros_planning_interface:/home/jishnu/project/moveit-projects/ws_moveit2/install/moveit_ros_benchmarks:/home/jishnu/project/moveit-projects/ws_moveit2/install/moveit_ros_warehouse:/home/jishnu/project/moveit-projects/ws_moveit2/install/moveit_ros_robot_interaction:/home/jishnu/project/moveit-projects/ws_moveit2/install/moveit_ros_perception:/home/jishnu/project/moveit-projects/ws_moveit2/install/moveit_resources_prbt_pg70_support:/home/jishnu/project/moveit-projects/ws_moveit2/install/moveit_resources_prbt_moveit_config:/home/jishnu/project/moveit-projects/ws_moveit2/install/moveit_ros_move_group:/home/jishnu/project/moveit-projects/ws_moveit2/install/moveit_planners_ompl:/home/jishnu/project/moveit-projects/ws_moveit2/install/moveit_ros_planning:/home/jishnu/project/moveit-projects/ws_moveit2/install/moveit_ros_occupancy_map_monitor:/home/jishnu/project/moveit-projects/ws_moveit2/install/moveit_resources_prbt_support:/home/jishnu/project/moveit-projects/ws_moveit2/install/moveit_resources_prbt_ikfast_manipulator_plugin:/home/jishnu/project/moveit-projects/ws_moveit2/install/moveit_resources:/home/jishnu/project/moveit-projects/ws_moveit2/install/moveit_resources_pr2_description:/home/jishnu/project/moveit-projects/ws_moveit2/install/moveit_resources_panda_moveit_config:/home/jishnu/project/moveit-projects/ws_moveit2/install/moveit_resources_panda_description:/home/jishnu/project/moveit-projects/ws_moveit2/install/moveit_resources_fanuc_moveit_config:/home/jishnu/project/moveit-projects/ws_moveit2/install/moveit_resources_fanuc_description:/home/jishnu/project/moveit-projects/ws_moveit2/install/moveit_planners_chomp:/home/jishnu/project/moveit-projects/ws_moveit2/install/moveit_kinematics:/home/jishnu/project/moveit-projects/ws_moveit2/install/moveit_chomp_optimizer_adapter:/home/jishnu/project/moveit-projects/ws_moveit2/install/chomp_motion_planner:/home/jishnu/project/moveit-projects/ws_moveit2/install/moveit_core:/home/jishnu/project/moveit-projects/ws_moveit2/install/moveit_common:/home/jishnu/project/moveit-projects/ws_moveit2/install/joint_limits:/home/jishnu/project/moveit-projects/ws_moveit2/install/controller_interface:/home/jishnu/project/moveit-projects/ws_moveit2/install/hardware_interface:/home/jishnu/project/moveit-projects/ws_moveit2/install/controller_manager_msgs:/home/jishnu/ws_moveit2/install/ros2_control:/home/jishnu/ws_moveit2/install/transmission_interface:/home/jishnu/ws_moveit2/install/moveit_hybrid_planning:/home/jishnu/ws_moveit2/install/controller_manager:/home/jishnu/ws_moveit2/install/ros2_control_test_assets:/home/jishnu/ws_moveit2/install/pilz_industrial_motion_planner_testutils:/home/jishnu/ws_moveit2/install/moveit_runtime:/home/jishnu/ws_moveit2/install/moveit:/home/jishnu/ws_moveit2/install/moveit_planners:/home/jishnu/ws_moveit2/install/pilz_industrial_motion_planner:/home/jishnu/ws_moveit2/install/moveit_ros_control_interface:/home/jishnu/ws_moveit2/install/moveit_plugins:/home/jishnu/ws_moveit2/install/moveit_simple_controller_manager:/home/jishnu/ws_moveit2/install/moveit_setup_assistant:/home/jishnu/ws_moveit2/install/moveit_setup_srdf_plugins:/home/jishnu/ws_moveit2/install/moveit_setup_core_plugins:/home/jishnu/ws_moveit2/install/moveit_setup_controllers:/home/jishnu/ws_moveit2/install/moveit_setup_app_plugins:/home/jishnu/ws_moveit2/install/moveit_setup_framework:/home/jishnu/ws_moveit2/install/moveit_servo:/home/jishnu/ws_moveit2/install/moveit_ros:/home/jishnu/ws_moveit2/install/moveit_ros_visualization:/home/jishnu/ws_moveit2/install/moveit_ros_planning_interface:/home/jishnu/ws_moveit2/install/moveit_ros_benchmarks:/home/jishnu/ws_moveit2/install/moveit_ros_warehouse:/home/jishnu/ws_moveit2/install/moveit_ros_robot_interaction:/home/jishnu/ws_moveit2/install/moveit_ros_perception:/home/jishnu/ws_moveit2/install/moveit_resources_prbt_pg70_support:/home/jishnu/ws_moveit2/install/moveit_resources_prbt_moveit_config:/home/jishnu/ws_moveit2/install/moveit_ros_move_group:/home/jishnu/ws_moveit2/install/moveit_planners_ompl:/home/jishnu/ws_moveit2/install/moveit_ros_planning:/home/jishnu/ws_moveit2/install/moveit_ros_occupancy_map_monitor:/home/jishnu/ws_moveit2/install/moveit_resources_prbt_support:/home/jishnu/ws_moveit2/install/moveit_resources_prbt_ikfast_manipulator_plugin:/home/jishnu/ws_moveit2/install/moveit_resources:/home/jishnu/ws_moveit2/install/moveit_resources_pr2_description:/home/jishnu/ws_moveit2/install/moveit_resources_panda_moveit_config:/home/jishnu/ws_moveit2/install/moveit_resources_panda_description:/home/jishnu/ws_moveit2/install/moveit_resources_fanuc_moveit_config:/home/jishnu/ws_moveit2/install/moveit_resources_fanuc_description:/home/jishnu/ws_moveit2/install/moveit_planners_chomp:/home/jishnu/ws_moveit2/install/moveit_kinematics:/home/jishnu/ws_moveit2/install/moveit_chomp_optimizer_adapter:/home/jishnu/ws_moveit2/install/chomp_motion_planner:/home/jishnu/ws_moveit2/install/moveit_core:/home/jishnu/ws_moveit2/install/moveit_common:/home/jishnu/ws_moveit2/install/joint_limits:/home/jishnu/ws_moveit2/install/controller_interface:/home/jishnu/ws_moveit2/install/hardware_interface:/home/jishnu/ws_moveit2/install/controller_manager_msgs:/home/jishnu/project/moveit-projects/ws_moveit2/install/ros2controlcli:/home/jishnu/project/moveit-projects/ws_moveit2/install/moveit_configs_utils:/home/jishnu/ws_moveit2/install/ros2controlcli:/home/jishnu/ws_moveit2/install/moveit_configs_utils:/opt/ros/humble /usr/bin/cmake /home/jishnu/project/ros2-project/projects/workspace/src/polygon_plugins -DCMAKE_INSTALL_PREFIX=/home/jishnu/project/ros2-project/projects/workspace/src/install/polygon_plugins
[9.811s] Level 1:colcon.colcon_core.environment:create_environment_scripts_only(polygon_plugins)
[9.814s] Level 1:colcon.colcon_core.environment:checking '/home/jishnu/project/ros2-project/projects/workspace/src/install/polygon_plugins' for CMake module files
[9.814s] Level 1:colcon.colcon_core.environment:checking '/home/jishnu/project/ros2-project/projects/workspace/src/install/polygon_plugins' for CMake config files
[9.815s] Level 1:colcon.colcon_core.environment:checking '/home/jishnu/project/ros2-project/projects/workspace/src/install/polygon_plugins/bin'
[9.815s] Level 1:colcon.colcon_core.environment:checking '/home/jishnu/project/ros2-project/projects/workspace/src/install/polygon_plugins/lib/pkgconfig/polygon_plugins.pc'
[9.815s] Level 1:colcon.colcon_core.environment:checking '/home/jishnu/project/ros2-project/projects/workspace/src/install/polygon_plugins/lib/python3.10/site-packages'
[9.815s] Level 1:colcon.colcon_core.environment:checking '/home/jishnu/project/ros2-project/projects/workspace/src/install/polygon_plugins/bin'
[9.817s] INFO:colcon.colcon_core.shell:Creating package script '/home/jishnu/project/ros2-project/projects/workspace/src/install/polygon_plugins/share/polygon_plugins/package.ps1'
[9.818s] INFO:colcon.colcon_core.shell:Creating package descriptor '/home/jishnu/project/ros2-project/projects/workspace/src/install/polygon_plugins/share/polygon_plugins/package.dsv'
[9.818s] INFO:colcon.colcon_core.shell:Creating package script '/home/jishnu/project/ros2-project/projects/workspace/src/install/polygon_plugins/share/polygon_plugins/package.sh'
[9.818s] INFO:colcon.colcon_core.shell:Creating package script '/home/jishnu/project/ros2-project/projects/workspace/src/install/polygon_plugins/share/polygon_plugins/package.bash'
[9.818s] INFO:colcon.colcon_core.shell:Creating package script '/home/jishnu/project/ros2-project/projects/workspace/src/install/polygon_plugins/share/polygon_plugins/package.zsh'
[9.819s] Level 1:colcon.colcon_core.environment:create_file_with_runtime_dependencies(/home/jishnu/project/ros2-project/projects/workspace/src/install/polygon_plugins/share/colcon-core/packages/polygon_plugins)
[9.829s] DEBUG:colcon.colcon_parallel_executor.executor.parallel:closing loop
[9.829s] DEBUG:colcon.colcon_parallel_executor.executor.parallel:loop closed
[9.829s] DEBUG:colcon.colcon_parallel_executor.executor.parallel:run_until_complete finished with '1'
[9.829s] DEBUG:colcon.colcon_core.event_reactor:joining thread
[9.842s] INFO:colcon.colcon_core.plugin_system:Skipping extension 'colcon_notification.desktop_notification.terminal_notifier': Not used on non-Darwin systems
[9.842s] INFO:colcon.colcon_core.plugin_system:Skipping extension 'colcon_notification.desktop_notification.win32': Not used on non-Windows systems
[9.842s] INFO:colcon.colcon_notification.desktop_notification:Sending desktop notification using 'notify2'
[9.852s] DEBUG:colcon.colcon_core.event_reactor:joined thread
[9.856s] INFO:colcon.colcon_core.shell:Creating prefix script '/home/jishnu/project/ros2-project/projects/workspace/src/install/local_setup.ps1'
[9.857s] INFO:colcon.colcon_core.shell:Creating prefix util module '/home/jishnu/project/ros2-project/projects/workspace/src/install/_local_setup_util_ps1.py'
[9.859s] INFO:colcon.colcon_core.shell:Creating prefix chain script '/home/jishnu/project/ros2-project/projects/workspace/src/install/setup.ps1'
[9.874s] INFO:colcon.colcon_core.shell:Creating prefix script '/home/jishnu/project/ros2-project/projects/workspace/src/install/local_setup.sh'
[9.876s] INFO:colcon.colcon_core.shell:Creating prefix util module '/home/jishnu/project/ros2-project/projects/workspace/src/install/_local_setup_util_sh.py'
[9.876s] INFO:colcon.colcon_core.shell:Creating prefix chain script '/home/jishnu/project/ros2-project/projects/workspace/src/install/setup.sh'
[9.907s] INFO:colcon.colcon_core.shell:Creating prefix script '/home/jishnu/project/ros2-project/projects/workspace/src/install/local_setup.bash'
[9.908s] INFO:colcon.colcon_core.shell:Creating prefix chain script '/home/jishnu/project/ros2-project/projects/workspace/src/install/setup.bash'
[9.915s] INFO:colcon.colcon_core.shell:Creating prefix script '/home/jishnu/project/ros2-project/projects/workspace/src/install/local_setup.zsh'
[9.916s] INFO:colcon.colcon_core.shell:Creating prefix chain script '/home/jishnu/project/ros2-project/projects/workspace/src/install/setup.zsh'
