running egg_info
writing ../build/py_pubsub/py_pubsub.egg-info/PKG-INFO
writing dependency_links to ../build/py_pubsub/py_pubsub.egg-info/dependency_links.txt
writing entry points to ../build/py_pubsub/py_pubsub.egg-info/entry_points.txt
writing requirements to ../build/py_pubsub/py_pubsub.egg-info/requires.txt
writing top-level names to ../build/py_pubsub/py_pubsub.egg-info/top_level.txt
reading manifest file '../build/py_pubsub/py_pubsub.egg-info/SOURCES.txt'
writing manifest file '../build/py_pubsub/py_pubsub.egg-info/SOURCES.txt'
running build
running build_py
copying py_pubsub/publisher_member_function.py -> /home/jishnu/project/ros2-project/projects/workspace/src/build/py_pubsub/build/lib/py_pubsub
copying py_pubsub/subscriber_member_function.py -> /home/jishnu/project/ros2-project/projects/workspace/src/build/py_pubsub/build/lib/py_pubsub
running install
/usr/lib/python3/dist-packages/setuptools/command/install.py:34: SetuptoolsDeprecationWarning: setup.py install is deprecated. Use build and pip and other standards-based tools.
  warnings.warn(
running install_lib
copying /home/jishnu/project/ros2-project/projects/workspace/src/build/py_pubsub/build/lib/py_pubsub/publisher_member_function.py -> /home/jishnu/project/ros2-project/projects/workspace/src/install/py_pubsub/lib/python3.10/site-packages/py_pubsub
copying /home/jishnu/project/ros2-project/projects/workspace/src/build/py_pubsub/build/lib/py_pubsub/subscriber_member_function.py -> /home/jishnu/project/ros2-project/projects/workspace/src/install/py_pubsub/lib/python3.10/site-packages/py_pubsub
byte-compiling /home/jishnu/project/ros2-project/projects/workspace/src/install/py_pubsub/lib/python3.10/site-packages/py_pubsub/publisher_member_function.py to publisher_member_function.cpython-310.pyc
byte-compiling /home/jishnu/project/ros2-project/projects/workspace/src/install/py_pubsub/lib/python3.10/site-packages/py_pubsub/subscriber_member_function.py to subscriber_member_function.cpython-310.pyc
running install_data
copying package.xml -> /home/jishnu/project/ros2-project/projects/workspace/src/install/py_pubsub/share/py_pubsub
running install_egg_info
removing '/home/jishnu/project/ros2-project/projects/workspace/src/install/py_pubsub/lib/python3.10/site-packages/py_pubsub-0.0.0-py3.10.egg-info' (and everything under it)
Copying ../build/py_pubsub/py_pubsub.egg-info to /home/jishnu/project/ros2-project/projects/workspace/src/install/py_pubsub/lib/python3.10/site-packages/py_pubsub-0.0.0-py3.10.egg-info
running install_scripts
Installing listener_py script to /home/jishnu/project/ros2-project/projects/workspace/src/install/py_pubsub/lib/py_pubsub
Installing talker_py script to /home/jishnu/project/ros2-project/projects/workspace/src/install/py_pubsub/lib/py_pubsub
writing list of installed files to '/home/jishnu/project/ros2-project/projects/workspace/src/build/py_pubsub/install.log'
