[1.004s] Invoking command in '/home/jishnu/project/ros2-project/projects/workspace/src/py_pubsub': AMENT_PREFIX_PATH=/home/jishnu/project/ros2-project/projects/workspace/src/install/tutorial_interfaces:${AMENT_PREFIX_PATH} CMAKE_PREFIX_PATH=/home/jishnu/project/ros2-project/projects/workspace/src/install/tutorial_interfaces:${CMAKE_PREFIX_PATH} LD_LIBRARY_PATH=/home/jishnu/project/ros2-project/projects/workspace/src/install/tutorial_interfaces/lib:${LD_LIBRARY_PATH} PYTHONPATH=/home/jishnu/project/ros2-project/projects/workspace/src/build/py_pubsub/prefix_override:/home/jishnu/project/ros2-project/projects/workspace/src/install/py_pubsub/lib/python3.10/site-packages:/home/jishnu/project/ros2-project/projects/workspace/src/install/tutorial_interfaces/local/lib/python3.10/dist-packages:${PYTHONPATH} /usr/bin/python3 setup.py egg_info --egg-base ../build/py_pubsub build --build-base /home/jishnu/project/ros2-project/projects/workspace/src/build/py_pubsub/build install --record /home/jishnu/project/ros2-project/projects/workspace/src/build/py_pubsub/install.log --single-version-externally-managed
[1.259s] running egg_info
[1.260s] writing ../build/py_pubsub/py_pubsub.egg-info/PKG-INFO
[1.290s] writing dependency_links to ../build/py_pubsub/py_pubsub.egg-info/dependency_links.txt
[1.290s] writing entry points to ../build/py_pubsub/py_pubsub.egg-info/entry_points.txt
[1.290s] writing requirements to ../build/py_pubsub/py_pubsub.egg-info/requires.txt
[1.290s] writing top-level names to ../build/py_pubsub/py_pubsub.egg-info/top_level.txt
[1.306s] reading manifest file '../build/py_pubsub/py_pubsub.egg-info/SOURCES.txt'
[1.321s] writing manifest file '../build/py_pubsub/py_pubsub.egg-info/SOURCES.txt'
[1.322s] running build
[1.322s] running build_py
[1.322s] copying py_pubsub/publisher_member_function.py -> /home/jishnu/project/ros2-project/projects/workspace/src/build/py_pubsub/build/lib/py_pubsub
[1.465s] copying py_pubsub/subscriber_member_function.py -> /home/jishnu/project/ros2-project/projects/workspace/src/build/py_pubsub/build/lib/py_pubsub
[1.484s] running install
[1.484s] /usr/lib/python3/dist-packages/setuptools/command/install.py:34: SetuptoolsDeprecationWarning: setup.py install is deprecated. Use build and pip and other standards-based tools.
[1.484s]   warnings.warn(
[1.484s] running install_lib
[1.485s] copying /home/jishnu/project/ros2-project/projects/workspace/src/build/py_pubsub/build/lib/py_pubsub/publisher_member_function.py -> /home/jishnu/project/ros2-project/projects/workspace/src/install/py_pubsub/lib/python3.10/site-packages/py_pubsub
[1.485s] copying /home/jishnu/project/ros2-project/projects/workspace/src/build/py_pubsub/build/lib/py_pubsub/subscriber_member_function.py -> /home/jishnu/project/ros2-project/projects/workspace/src/install/py_pubsub/lib/python3.10/site-packages/py_pubsub
[1.485s] byte-compiling /home/jishnu/project/ros2-project/projects/workspace/src/install/py_pubsub/lib/python3.10/site-packages/py_pubsub/publisher_member_function.py to publisher_member_function.cpython-310.pyc
[1.486s] byte-compiling /home/jishnu/project/ros2-project/projects/workspace/src/install/py_pubsub/lib/python3.10/site-packages/py_pubsub/subscriber_member_function.py to subscriber_member_function.cpython-310.pyc
[1.486s] running install_data
[1.487s] copying package.xml -> /home/jishnu/project/ros2-project/projects/workspace/src/install/py_pubsub/share/py_pubsub
[1.487s] running install_egg_info
[1.488s] removing '/home/jishnu/project/ros2-project/projects/workspace/src/install/py_pubsub/lib/python3.10/site-packages/py_pubsub-0.0.0-py3.10.egg-info' (and everything under it)
[1.513s] Copying ../build/py_pubsub/py_pubsub.egg-info to /home/jishnu/project/ros2-project/projects/workspace/src/install/py_pubsub/lib/python3.10/site-packages/py_pubsub-0.0.0-py3.10.egg-info
[1.527s] running install_scripts
[1.556s] Installing listener_py script to /home/jishnu/project/ros2-project/projects/workspace/src/install/py_pubsub/lib/py_pubsub
[1.556s] Installing talker_py script to /home/jishnu/project/ros2-project/projects/workspace/src/install/py_pubsub/lib/py_pubsub
[1.557s] writing list of installed files to '/home/jishnu/project/ros2-project/projects/workspace/src/build/py_pubsub/install.log'
[1.590s] Invoked command in '/home/jishnu/project/ros2-project/projects/workspace/src/py_pubsub' returned '0': AMENT_PREFIX_PATH=/home/jishnu/project/ros2-project/projects/workspace/src/install/tutorial_interfaces:${AMENT_PREFIX_PATH} CMAKE_PREFIX_PATH=/home/jishnu/project/ros2-project/projects/workspace/src/install/tutorial_interfaces:${CMAKE_PREFIX_PATH} LD_LIBRARY_PATH=/home/jishnu/project/ros2-project/projects/workspace/src/install/tutorial_interfaces/lib:${LD_LIBRARY_PATH} PYTHONPATH=/home/jishnu/project/ros2-project/projects/workspace/src/build/py_pubsub/prefix_override:/home/jishnu/project/ros2-project/projects/workspace/src/install/py_pubsub/lib/python3.10/site-packages:/home/jishnu/project/ros2-project/projects/workspace/src/install/tutorial_interfaces/local/lib/python3.10/dist-packages:${PYTHONPATH} /usr/bin/python3 setup.py egg_info --egg-base ../build/py_pubsub build --build-base /home/jishnu/project/ros2-project/projects/workspace/src/build/py_pubsub/build install --record /home/jishnu/project/ros2-project/projects/workspace/src/build/py_pubsub/install.log --single-version-externally-managed
