[0.517s] Invoking command in '/home/jishnu/project/ros2-project/projects/workspace/src/py_srvcli': PYTHONPATH=/home/jishnu/project/ros2-project/projects/workspace/install/py_srvcli/lib/python3.10/site-packages:${PYTHONPATH} /usr/bin/python3 setup.py egg_info --egg-base ../../build/py_srvcli build --build-base /home/jishnu/project/ros2-project/projects/workspace/build/py_srvcli/build install --prefix /home/jishnu/project/ros2-project/projects/workspace/install/py_srvcli --record /home/jishnu/project/ros2-project/projects/workspace/build/py_srvcli/install.log --single-version-externally-managed
[0.711s] running egg_info
[0.712s] creating ../../build/py_srvcli/py_srvcli.egg-info
[0.712s] writing ../../build/py_srvcli/py_srvcli.egg-info/PKG-INFO
[0.712s] writing dependency_links to ../../build/py_srvcli/py_srvcli.egg-info/dependency_links.txt
[0.712s] writing entry points to ../../build/py_srvcli/py_srvcli.egg-info/entry_points.txt
[0.713s] writing requirements to ../../build/py_srvcli/py_srvcli.egg-info/requires.txt
[0.713s] writing top-level names to ../../build/py_srvcli/py_srvcli.egg-info/top_level.txt
[0.713s] writing manifest file '../../build/py_srvcli/py_srvcli.egg-info/SOURCES.txt'
[0.715s] reading manifest file '../../build/py_srvcli/py_srvcli.egg-info/SOURCES.txt'
[0.716s] writing manifest file '../../build/py_srvcli/py_srvcli.egg-info/SOURCES.txt'
[0.716s] running build
[0.716s] running build_py
[0.716s] creating /home/jishnu/project/ros2-project/projects/workspace/build/py_srvcli/build
[0.716s] creating /home/jishnu/project/ros2-project/projects/workspace/build/py_srvcli/build/lib
[0.716s] creating /home/jishnu/project/ros2-project/projects/workspace/build/py_srvcli/build/lib/py_srvcli
[0.716s] copying py_srvcli/client_member_function.py -> /home/jishnu/project/ros2-project/projects/workspace/build/py_srvcli/build/lib/py_srvcli
[0.716s] copying py_srvcli/__init__.py -> /home/jishnu/project/ros2-project/projects/workspace/build/py_srvcli/build/lib/py_srvcli
[0.716s] copying py_srvcli/service_member_function.py -> /home/jishnu/project/ros2-project/projects/workspace/build/py_srvcli/build/lib/py_srvcli
[0.717s] running install
[0.717s] /usr/lib/python3/dist-packages/setuptools/command/install.py:34: SetuptoolsDeprecationWarning: setup.py install is deprecated. Use build and pip and other standards-based tools.
[0.717s]   warnings.warn(
[0.717s] running install_lib
[0.718s] creating /home/jishnu/project/ros2-project/projects/workspace/install/py_srvcli/lib/python3.10/site-packages/py_srvcli
[0.718s] copying /home/jishnu/project/ros2-project/projects/workspace/build/py_srvcli/build/lib/py_srvcli/client_member_function.py -> /home/jishnu/project/ros2-project/projects/workspace/install/py_srvcli/lib/python3.10/site-packages/py_srvcli
[0.718s] copying /home/jishnu/project/ros2-project/projects/workspace/build/py_srvcli/build/lib/py_srvcli/__init__.py -> /home/jishnu/project/ros2-project/projects/workspace/install/py_srvcli/lib/python3.10/site-packages/py_srvcli
[0.718s] copying /home/jishnu/project/ros2-project/projects/workspace/build/py_srvcli/build/lib/py_srvcli/service_member_function.py -> /home/jishnu/project/ros2-project/projects/workspace/install/py_srvcli/lib/python3.10/site-packages/py_srvcli
[0.718s] byte-compiling /home/jishnu/project/ros2-project/projects/workspace/install/py_srvcli/lib/python3.10/site-packages/py_srvcli/client_member_function.py to client_member_function.cpython-310.pyc
[0.719s] byte-compiling /home/jishnu/project/ros2-project/projects/workspace/install/py_srvcli/lib/python3.10/site-packages/py_srvcli/__init__.py to __init__.cpython-310.pyc
[0.719s] byte-compiling /home/jishnu/project/ros2-project/projects/workspace/install/py_srvcli/lib/python3.10/site-packages/py_srvcli/service_member_function.py to service_member_function.cpython-310.pyc
[0.719s] running install_data
[0.720s] creating /home/jishnu/project/ros2-project/projects/workspace/install/py_srvcli/share/ament_index
[0.720s] creating /home/jishnu/project/ros2-project/projects/workspace/install/py_srvcli/share/ament_index/resource_index
[0.720s] creating /home/jishnu/project/ros2-project/projects/workspace/install/py_srvcli/share/ament_index/resource_index/packages
[0.720s] copying resource/py_srvcli -> /home/jishnu/project/ros2-project/projects/workspace/install/py_srvcli/share/ament_index/resource_index/packages
[0.720s] copying package.xml -> /home/jishnu/project/ros2-project/projects/workspace/install/py_srvcli/share/py_srvcli
[0.720s] running install_egg_info
[0.721s] Copying ../../build/py_srvcli/py_srvcli.egg-info to /home/jishnu/project/ros2-project/projects/workspace/install/py_srvcli/lib/python3.10/site-packages/py_srvcli-0.0.0-py3.10.egg-info
[0.722s] running install_scripts
[0.741s] Installing client script to /home/jishnu/project/ros2-project/projects/workspace/install/py_srvcli/lib/py_srvcli
[0.741s] Installing server script to /home/jishnu/project/ros2-project/projects/workspace/install/py_srvcli/lib/py_srvcli
[0.741s] writing list of installed files to '/home/jishnu/project/ros2-project/projects/workspace/build/py_srvcli/install.log'
[0.759s] Invoked command in '/home/jishnu/project/ros2-project/projects/workspace/src/py_srvcli' returned '0': PYTHONPATH=/home/jishnu/project/ros2-project/projects/workspace/install/py_srvcli/lib/python3.10/site-packages:${PYTHONPATH} /usr/bin/python3 setup.py egg_info --egg-base ../../build/py_srvcli build --build-base /home/jishnu/project/ros2-project/projects/workspace/build/py_srvcli/build install --prefix /home/jishnu/project/ros2-project/projects/workspace/install/py_srvcli --record /home/jishnu/project/ros2-project/projects/workspace/build/py_srvcli/install.log --single-version-externally-managed
