running egg_info
creating ../../build/py_launch_example/py_launch_example.egg-info
writing ../../build/py_launch_example/py_launch_example.egg-info/PKG-INFO
writing dependency_links to ../../build/py_launch_example/py_launch_example.egg-info/dependency_links.txt
writing entry points to ../../build/py_launch_example/py_launch_example.egg-info/entry_points.txt
writing requirements to ../../build/py_launch_example/py_launch_example.egg-info/requires.txt
writing top-level names to ../../build/py_launch_example/py_launch_example.egg-info/top_level.txt
writing manifest file '../../build/py_launch_example/py_launch_example.egg-info/SOURCES.txt'
reading manifest file '../../build/py_launch_example/py_launch_example.egg-info/SOURCES.txt'
writing manifest file '../../build/py_launch_example/py_launch_example.egg-info/SOURCES.txt'
running build
running build_py
creating /home/jishnu/project/ros2-project/projects/ws_launch/build/py_launch_example/build
creating /home/jishnu/project/ros2-project/projects/ws_launch/build/py_launch_example/build/lib
creating /home/jishnu/project/ros2-project/projects/ws_launch/build/py_launch_example/build/lib/py_launch_example
copying py_launch_example/__init__.py -> /home/jishnu/project/ros2-project/projects/ws_launch/build/py_launch_example/build/lib/py_launch_example
running install
/usr/lib/python3/dist-packages/setuptools/command/install.py:34: SetuptoolsDeprecationWarning: setup.py install is deprecated. Use build and pip and other standards-based tools.
  warnings.warn(
running install_lib
creating /home/jishnu/project/ros2-project/projects/ws_launch/install/py_launch_example/lib/python3.10/site-packages/py_launch_example
copying /home/jishnu/project/ros2-project/projects/ws_launch/build/py_launch_example/build/lib/py_launch_example/__init__.py -> /home/jishnu/project/ros2-project/projects/ws_launch/install/py_launch_example/lib/python3.10/site-packages/py_launch_example
byte-compiling /home/jishnu/project/ros2-project/projects/ws_launch/install/py_launch_example/lib/python3.10/site-packages/py_launch_example/__init__.py to __init__.cpython-310.pyc
running install_data
running install_egg_info
Copying ../../build/py_launch_example/py_launch_example.egg-info to /home/jishnu/project/ros2-project/projects/ws_launch/install/py_launch_example/lib/python3.10/site-packages/py_launch_example-0.0.0-py3.10.egg-info
running install_scripts
writing list of installed files to '/home/jishnu/project/ros2-project/projects/ws_launch/build/py_launch_example/install.log'
