[0.011s] Invoking command in '/home/jishnu/project/ros2-project/projects/workspace/build/tutorial_interfaces': CMAKE_PREFIX_PATH=${CMAKE_PREFIX_PATH}:/home/jishnu/project/ros2-project/projects/workspace/install/ros_test_package:/home/jishnu/project/ros2-project/projects/workspace/install/py_srvcli:/home/jishnu/project/ros2-project/projects/workspace/install/my_package:/opt/ros/humble /usr/bin/cmake /home/jishnu/project/ros2-project/projects/workspace/src/tutorial_interfaces -DCMAKE_INSTALL_PREFIX=/home/jishnu/project/ros2-project/projects/workspace/install/tutorial_interfaces
[0.053s] -- The C compiler identification is GNU 11.2.0
[0.090s] -- The CXX compiler identification is GNU 11.2.0
[0.095s] -- Detecting C compiler ABI info
[0.140s] -- Detecting C compiler ABI info - done
[0.146s] -- Check for working C compiler: /usr/bin/cc - skipped
[0.146s] -- Detecting C compile features
[0.146s] -- Detecting C compile features - done
[0.148s] -- Detecting CXX compiler ABI info
[0.198s] -- Detecting CXX compiler ABI info - done
[0.207s] -- Check for working CXX compiler: /usr/bin/c++ - skipped
[0.207s] -- Detecting CXX compile features
[0.208s] -- Detecting CXX compile features - done
[0.210s] -- Found ament_cmake: 1.3.2 (/opt/ros/humble/share/ament_cmake/cmake)
[0.348s] -- Found Python3: /usr/bin/python3.10 (found version "3.10.4") found components: Interpreter 
[0.417s] -- Found geometry_msgs: 4.2.2 (/opt/ros/humble/share/geometry_msgs/cmake)
[0.446s] -- Found rosidl_generator_c: 3.1.3 (/opt/ros/humble/share/rosidl_generator_c/cmake)
[0.450s] -- Found rosidl_adapter: 3.1.3 (/opt/ros/humble/share/rosidl_adapter/cmake)
[0.456s] -- Found rosidl_generator_cpp: 3.1.3 (/opt/ros/humble/share/rosidl_generator_cpp/cmake)
[0.467s] -- Using all available rosidl_typesupport_c: rosidl_typesupport_fastrtps_c;rosidl_typesupport_introspection_c
[0.482s] -- Using all available rosidl_typesupport_cpp: rosidl_typesupport_fastrtps_cpp;rosidl_typesupport_introspection_cpp
[0.590s] -- Found rosidl_default_generators: 1.2.0 (/opt/ros/humble/share/rosidl_default_generators/cmake)
[0.826s] -- Found ament_cmake_ros: 0.10.0 (/opt/ros/humble/share/ament_cmake_ros/cmake)
[1.171s] -- Using all available rosidl_typesupport_c: rosidl_typesupport_fastrtps_c;rosidl_typesupport_introspection_c
[1.325s] -- Using all available rosidl_typesupport_cpp: rosidl_typesupport_fastrtps_cpp;rosidl_typesupport_introspection_cpp
[1.354s] -- Found PythonInterp: /usr/bin/python3 (found suitable version "3.10.4", minimum required is "3.6") 
[1.356s] -- Found python_cmake_module: 0.10.0 (/opt/ros/humble/share/python_cmake_module/cmake)
[1.376s] -- Found PythonLibs: /usr/lib/x86_64-linux-gnu/libpython3.10.so (found suitable version "3.10.4", minimum required is "3.5") 
[1.377s] -- Using PYTHON_EXECUTABLE: /usr/bin/python3
[1.377s] -- Using PYTHON_INCLUDE_DIRS: /usr/include/python3.10
[1.377s] -- Using PYTHON_LIBRARIES: /usr/lib/x86_64-linux-gnu/libpython3.10.so
[1.392s] -- Found PythonExtra: .so  
[1.443s] -- Found ament_lint_auto: 0.12.4 (/opt/ros/humble/share/ament_lint_auto/cmake)
[1.457s] -- Added test 'lint_cmake' to check CMake code style
[1.458s] -- Added test 'xmllint' to check XML markup files
[1.461s] -- Configuring done
[1.492s] -- Generating done
[1.494s] -- Build files have been written to: /home/jishnu/project/ros2-project/projects/workspace/build/tutorial_interfaces
[1.501s] Invoked command in '/home/jishnu/project/ros2-project/projects/workspace/build/tutorial_interfaces' returned '0': CMAKE_PREFIX_PATH=${CMAKE_PREFIX_PATH}:/home/jishnu/project/ros2-project/projects/workspace/install/ros_test_package:/home/jishnu/project/ros2-project/projects/workspace/install/py_srvcli:/home/jishnu/project/ros2-project/projects/workspace/install/my_package:/opt/ros/humble /usr/bin/cmake /home/jishnu/project/ros2-project/projects/workspace/src/tutorial_interfaces -DCMAKE_INSTALL_PREFIX=/home/jishnu/project/ros2-project/projects/workspace/install/tutorial_interfaces
[1.502s] Invoking command in '/home/jishnu/project/ros2-project/projects/workspace/build/tutorial_interfaces': CMAKE_PREFIX_PATH=${CMAKE_PREFIX_PATH}:/home/jishnu/project/ros2-project/projects/workspace/install/ros_test_package:/home/jishnu/project/ros2-project/projects/workspace/install/py_srvcli:/home/jishnu/project/ros2-project/projects/workspace/install/my_package:/opt/ros/humble /usr/bin/cmake --build /home/jishnu/project/ros2-project/projects/workspace/build/tutorial_interfaces -- -j8 -l8
[1.530s] [  2%] [34m[1mGenerating C code for ROS interfaces[0m
[1.537s] [  4%] [34m[1mGenerating C++ code for ROS interfaces[0m
[1.542s] [  4%] Built target ament_cmake_python_copy_tutorial_interfaces
[1.769s] running egg_info
[1.770s] creating tutorial_interfaces.egg-info
[1.770s] writing tutorial_interfaces.egg-info/PKG-INFO
[1.770s] writing dependency_links to tutorial_interfaces.egg-info/dependency_links.txt
[1.770s] writing top-level names to tutorial_interfaces.egg-info/top_level.txt
[1.770s] writing manifest file 'tutorial_interfaces.egg-info/SOURCES.txt'
[1.772s] reading manifest file 'tutorial_interfaces.egg-info/SOURCES.txt'
[1.772s] writing manifest file 'tutorial_interfaces.egg-info/SOURCES.txt'
[1.792s] [  4%] Built target ament_cmake_python_build_tutorial_interfaces_egg
[1.862s] [  4%] Built target tutorial_interfaces__cpp
[1.869s] [ 10%] [34m[1mGenerating C++ type support dispatch for ROS interfaces[0m
[1.869s] [ 10%] [34m[1mGenerating C++ type support for eProsima Fast-RTPS[0m
[1.870s] [ 10%] [34m[1mGenerating C++ introspection for ROS interfaces[0m
[1.915s] [ 12%] [32mBuilding C object CMakeFiles/tutorial_interfaces__rosidl_generator_c.dir/rosidl_generator_c/tutorial_interfaces/msg/detail/sphere__functions.c.o[0m
[1.917s] [ 14%] [32mBuilding C object CMakeFiles/tutorial_interfaces__rosidl_generator_c.dir/rosidl_generator_c/tutorial_interfaces/srv/detail/add_three_ints__functions.c.o[0m
[1.921s] [ 17%] [32mBuilding C object CMakeFiles/tutorial_interfaces__rosidl_generator_c.dir/rosidl_generator_c/tutorial_interfaces/msg/detail/num__functions.c.o[0m
[2.012s] [ 19%] [32m[1mLinking C shared library libtutorial_interfaces__rosidl_generator_c.so[0m
[2.057s] [ 19%] Built target tutorial_interfaces__rosidl_generator_c
[2.068s] [ 25%] [34m[1mGenerating C introspection for ROS interfaces[0m
[2.068s] [ 25%] [34m[1mGenerating C type support dispatch for ROS interfaces[0m
[2.068s] [ 25%] [34m[1mGenerating C type support for eProsima Fast-RTPS[0m
[2.240s] [ 29%] [32mBuilding CXX object CMakeFiles/tutorial_interfaces__rosidl_typesupport_cpp.dir/rosidl_typesupport_cpp/tutorial_interfaces/msg/num__type_support.cpp.o[0m
[2.241s] [ 29%] [32mBuilding CXX object CMakeFiles/tutorial_interfaces__rosidl_typesupport_cpp.dir/rosidl_typesupport_cpp/tutorial_interfaces/msg/sphere__type_support.cpp.o[0m
[2.244s] [ 31%] [32mBuilding CXX object CMakeFiles/tutorial_interfaces__rosidl_typesupport_cpp.dir/rosidl_typesupport_cpp/tutorial_interfaces/srv/add_three_ints__type_support.cpp.o[0m
[2.249s] [ 34%] [32mBuilding CXX object CMakeFiles/tutorial_interfaces__rosidl_typesupport_introspection_cpp.dir/rosidl_typesupport_introspection_cpp/tutorial_interfaces/msg/detail/num__type_support.cpp.o[0m
[2.399s] [ 36%] [32mBuilding CXX object CMakeFiles/tutorial_interfaces__rosidl_typesupport_fastrtps_cpp.dir/rosidl_typesupport_fastrtps_cpp/tutorial_interfaces/msg/detail/dds_fastrtps/num__type_support.cpp.o[0m
[2.455s] [ 38%] [32mBuilding CXX object CMakeFiles/tutorial_interfaces__rosidl_typesupport_c.dir/rosidl_typesupport_c/tutorial_interfaces/msg/num__type_support.cpp.o[0m
[2.492s] [ 40%] [32mBuilding CXX object CMakeFiles/tutorial_interfaces__rosidl_typesupport_c.dir/rosidl_typesupport_c/tutorial_interfaces/msg/sphere__type_support.cpp.o[0m
[2.539s] [ 42%] [32mBuilding CXX object CMakeFiles/tutorial_interfaces__rosidl_typesupport_c.dir/rosidl_typesupport_c/tutorial_interfaces/srv/add_three_ints__type_support.cpp.o[0m
[2.585s] [ 44%] [32m[1mLinking CXX shared library libtutorial_interfaces__rosidl_typesupport_c.so[0m
[2.622s] [ 46%] [32mBuilding CXX object CMakeFiles/tutorial_interfaces__rosidl_typesupport_fastrtps_cpp.dir/rosidl_typesupport_fastrtps_cpp/tutorial_interfaces/msg/detail/dds_fastrtps/sphere__type_support.cpp.o[0m
[2.633s] [ 48%] [32mBuilding CXX object CMakeFiles/tutorial_interfaces__rosidl_typesupport_fastrtps_c.dir/rosidl_typesupport_fastrtps_c/tutorial_interfaces/msg/detail/num__type_support_c.cpp.o[0m
[2.638s] [ 48%] Built target tutorial_interfaces__rosidl_typesupport_c
[2.644s] [ 51%] [32mBuilding C object CMakeFiles/tutorial_interfaces__rosidl_typesupport_introspection_c.dir/rosidl_typesupport_introspection_c/tutorial_interfaces/msg/detail/num__type_support.c.o[0m
[2.648s] [ 53%] [32mBuilding CXX object CMakeFiles/tutorial_interfaces__rosidl_typesupport_fastrtps_c.dir/rosidl_typesupport_fastrtps_c/tutorial_interfaces/msg/detail/sphere__type_support_c.cpp.o[0m
[2.676s] [ 55%] [32mBuilding CXX object CMakeFiles/tutorial_interfaces__rosidl_typesupport_fastrtps_cpp.dir/rosidl_typesupport_fastrtps_cpp/tutorial_interfaces/srv/detail/dds_fastrtps/add_three_ints__type_support.cpp.o[0m
[2.733s] [ 57%] [32m[1mLinking CXX shared library libtutorial_interfaces__rosidl_typesupport_cpp.so[0m
[2.751s] [ 59%] [32mBuilding C object CMakeFiles/tutorial_interfaces__rosidl_typesupport_introspection_c.dir/rosidl_typesupport_introspection_c/tutorial_interfaces/msg/detail/sphere__type_support.c.o[0m
[2.793s] [ 61%] [32mBuilding CXX object CMakeFiles/tutorial_interfaces__rosidl_typesupport_introspection_cpp.dir/rosidl_typesupport_introspection_cpp/tutorial_interfaces/msg/detail/sphere__type_support.cpp.o[0m
[2.835s] [ 61%] Built target tutorial_interfaces__rosidl_typesupport_cpp
[2.843s] [ 63%] [32mBuilding C object CMakeFiles/tutorial_interfaces__rosidl_typesupport_introspection_c.dir/rosidl_typesupport_introspection_c/tutorial_interfaces/srv/detail/add_three_ints__type_support.c.o[0m
[2.853s] [ 65%] [32mBuilding CXX object CMakeFiles/tutorial_interfaces__rosidl_typesupport_introspection_cpp.dir/rosidl_typesupport_introspection_cpp/tutorial_interfaces/srv/detail/add_three_ints__type_support.cpp.o[0m
[2.900s] [ 68%] [32m[1mLinking C shared library libtutorial_interfaces__rosidl_typesupport_introspection_c.so[0m
[2.946s] [ 70%] [32mBuilding CXX object CMakeFiles/tutorial_interfaces__rosidl_typesupport_fastrtps_c.dir/rosidl_typesupport_fastrtps_c/tutorial_interfaces/srv/detail/add_three_ints__type_support_c.cpp.o[0m
[2.958s] [ 70%] Built target tutorial_interfaces__rosidl_typesupport_introspection_c
[3.220s] [ 72%] [32m[1mLinking CXX shared library libtutorial_interfaces__rosidl_typesupport_fastrtps_cpp.so[0m
[3.287s] [ 72%] Built target tutorial_interfaces__rosidl_typesupport_fastrtps_cpp
[3.338s] [ 74%] [32m[1mLinking CXX shared library libtutorial_interfaces__rosidl_typesupport_introspection_cpp.so[0m
[3.382s] [ 74%] Built target tutorial_interfaces__rosidl_typesupport_introspection_cpp
[3.397s] [ 76%] [32m[1mLinking CXX shared library libtutorial_interfaces__rosidl_typesupport_fastrtps_c.so[0m
[3.455s] [ 76%] Built target tutorial_interfaces__rosidl_typesupport_fastrtps_c
[3.468s] [ 76%] Built target tutorial_interfaces
[3.481s] [ 78%] [34m[1mGenerating Python code for ROS interfaces[0m
[3.996s] [ 78%] Built target tutorial_interfaces__py
[4.008s] [ 82%] [32mBuilding C object CMakeFiles/tutorial_interfaces__rosidl_generator_py.dir/rosidl_generator_py/tutorial_interfaces/msg/_sphere_s.c.o[0m
[4.008s] [ 82%] [32mBuilding C object CMakeFiles/tutorial_interfaces__rosidl_generator_py.dir/rosidl_generator_py/tutorial_interfaces/msg/_num_s.c.o[0m
[4.008s] [ 85%] [32mBuilding C object CMakeFiles/tutorial_interfaces__rosidl_generator_py.dir/rosidl_generator_py/tutorial_interfaces/srv/_add_three_ints_s.c.o[0m
[4.094s] [ 87%] [32m[1mLinking C shared library rosidl_generator_py/tutorial_interfaces/libtutorial_interfaces__rosidl_generator_py.so[0m
[4.123s] [ 87%] Built target tutorial_interfaces__rosidl_generator_py
[4.136s] [ 89%] [32mBuilding C object CMakeFiles/tutorial_interfaces__rosidl_typesupport_c__pyext.dir/rosidl_generator_py/tutorial_interfaces/_tutorial_interfaces_s.ep.rosidl_typesupport_c.c.o[0m
[4.136s] [ 91%] [32mBuilding C object CMakeFiles/tutorial_interfaces__rosidl_typesupport_introspection_c__pyext.dir/rosidl_generator_py/tutorial_interfaces/_tutorial_interfaces_s.ep.rosidl_typesupport_introspection_c.c.o[0m
[4.137s] [ 93%] [32mBuilding C object CMakeFiles/tutorial_interfaces__rosidl_typesupport_fastrtps_c__pyext.dir/rosidl_generator_py/tutorial_interfaces/_tutorial_interfaces_s.ep.rosidl_typesupport_fastrtps_c.c.o[0m
[4.219s] [ 95%] [32m[1mLinking C shared library rosidl_generator_py/tutorial_interfaces/tutorial_interfaces_s__rosidl_typesupport_fastrtps_c.cpython-310-x86_64-linux-gnu.so[0m
[4.225s] [ 97%] [32m[1mLinking C shared library rosidl_generator_py/tutorial_interfaces/tutorial_interfaces_s__rosidl_typesupport_introspection_c.cpython-310-x86_64-linux-gnu.so[0m
[4.236s] [100%] [32m[1mLinking C shared library rosidl_generator_py/tutorial_interfaces/tutorial_interfaces_s__rosidl_typesupport_c.cpython-310-x86_64-linux-gnu.so[0m
[4.250s] [100%] Built target tutorial_interfaces__rosidl_typesupport_fastrtps_c__pyext
[4.257s] [100%] Built target tutorial_interfaces__rosidl_typesupport_introspection_c__pyext
[4.264s] [100%] Built target tutorial_interfaces__rosidl_typesupport_c__pyext
[4.271s] Invoked command in '/home/jishnu/project/ros2-project/projects/workspace/build/tutorial_interfaces' returned '0': CMAKE_PREFIX_PATH=${CMAKE_PREFIX_PATH}:/home/jishnu/project/ros2-project/projects/workspace/install/ros_test_package:/home/jishnu/project/ros2-project/projects/workspace/install/py_srvcli:/home/jishnu/project/ros2-project/projects/workspace/install/my_package:/opt/ros/humble /usr/bin/cmake --build /home/jishnu/project/ros2-project/projects/workspace/build/tutorial_interfaces -- -j8 -l8
[4.327s] Invoking command in '/home/jishnu/project/ros2-project/projects/workspace/build/tutorial_interfaces': CMAKE_PREFIX_PATH=${CMAKE_PREFIX_PATH}:/home/jishnu/project/ros2-project/projects/workspace/install/ros_test_package:/home/jishnu/project/ros2-project/projects/workspace/install/py_srvcli:/home/jishnu/project/ros2-project/projects/workspace/install/my_package:/opt/ros/humble /usr/bin/cmake --install /home/jishnu/project/ros2-project/projects/workspace/build/tutorial_interfaces
[4.331s] -- Install configuration: ""
[4.331s] -- Installing: /home/jishnu/project/ros2-project/projects/workspace/install/tutorial_interfaces/share/ament_index/resource_index/rosidl_interfaces/tutorial_interfaces
[4.331s] -- Installing: /home/jishnu/project/ros2-project/projects/workspace/install/tutorial_interfaces/include/tutorial_interfaces/tutorial_interfaces
[4.332s] -- Installing: /home/jishnu/project/ros2-project/projects/workspace/install/tutorial_interfaces/include/tutorial_interfaces/tutorial_interfaces/srv
[4.332s] -- Installing: /home/jishnu/project/ros2-project/projects/workspace/install/tutorial_interfaces/include/tutorial_interfaces/tutorial_interfaces/srv/detail
[4.332s] -- Installing: /home/jishnu/project/ros2-project/projects/workspace/install/tutorial_interfaces/include/tutorial_interfaces/tutorial_interfaces/srv/detail/add_three_ints__functions.h
[4.332s] -- Installing: /home/jishnu/project/ros2-project/projects/workspace/install/tutorial_interfaces/include/tutorial_interfaces/tutorial_interfaces/srv/detail/add_three_ints__type_support.h
[4.332s] -- Installing: /home/jishnu/project/ros2-project/projects/workspace/install/tutorial_interfaces/include/tutorial_interfaces/tutorial_interfaces/srv/detail/add_three_ints__functions.c
[4.332s] -- Installing: /home/jishnu/project/ros2-project/projects/workspace/install/tutorial_interfaces/include/tutorial_interfaces/tutorial_interfaces/srv/detail/add_three_ints__struct.h
[4.332s] -- Installing: /home/jishnu/project/ros2-project/projects/workspace/install/tutorial_interfaces/include/tutorial_interfaces/tutorial_interfaces/srv/add_three_ints.h
[4.332s] -- Installing: /home/jishnu/project/ros2-project/projects/workspace/install/tutorial_interfaces/include/tutorial_interfaces/tutorial_interfaces/msg
[4.333s] -- Installing: /home/jishnu/project/ros2-project/projects/workspace/install/tutorial_interfaces/include/tutorial_interfaces/tutorial_interfaces/msg/rosidl_generator_c__visibility_control.h
[4.333s] -- Installing: /home/jishnu/project/ros2-project/projects/workspace/install/tutorial_interfaces/include/tutorial_interfaces/tutorial_interfaces/msg/num.h
[4.333s] -- Installing: /home/jishnu/project/ros2-project/projects/workspace/install/tutorial_interfaces/include/tutorial_interfaces/tutorial_interfaces/msg/detail
[4.333s] -- Installing: /home/jishnu/project/ros2-project/projects/workspace/install/tutorial_interfaces/include/tutorial_interfaces/tutorial_interfaces/msg/detail/num__functions.h
[4.333s] -- Installing: /home/jishnu/project/ros2-project/projects/workspace/install/tutorial_interfaces/include/tutorial_interfaces/tutorial_interfaces/msg/detail/sphere__struct.h
[4.333s] -- Installing: /home/jishnu/project/ros2-project/projects/workspace/install/tutorial_interfaces/include/tutorial_interfaces/tutorial_interfaces/msg/detail/sphere__functions.c
[4.333s] -- Installing: /home/jishnu/project/ros2-project/projects/workspace/install/tutorial_interfaces/include/tutorial_interfaces/tutorial_interfaces/msg/detail/num__struct.h
[4.333s] -- Installing: /home/jishnu/project/ros2-project/projects/workspace/install/tutorial_interfaces/include/tutorial_interfaces/tutorial_interfaces/msg/detail/num__type_support.h
[4.333s] -- Installing: /home/jishnu/project/ros2-project/projects/workspace/install/tutorial_interfaces/include/tutorial_interfaces/tutorial_interfaces/msg/detail/sphere__functions.h
[4.333s] -- Installing: /home/jishnu/project/ros2-project/projects/workspace/install/tutorial_interfaces/include/tutorial_interfaces/tutorial_interfaces/msg/detail/sphere__type_support.h
[4.334s] -- Installing: /home/jishnu/project/ros2-project/projects/workspace/install/tutorial_interfaces/include/tutorial_interfaces/tutorial_interfaces/msg/detail/num__functions.c
[4.334s] -- Installing: /home/jishnu/project/ros2-project/projects/workspace/install/tutorial_interfaces/include/tutorial_interfaces/tutorial_interfaces/msg/sphere.h
[4.334s] -- Installing: /home/jishnu/project/ros2-project/projects/workspace/install/tutorial_interfaces/share/tutorial_interfaces/environment/library_path.sh
[4.334s] -- Installing: /home/jishnu/project/ros2-project/projects/workspace/install/tutorial_interfaces/share/tutorial_interfaces/environment/library_path.dsv
[4.334s] -- Installing: /home/jishnu/project/ros2-project/projects/workspace/install/tutorial_interfaces/lib/libtutorial_interfaces__rosidl_generator_c.so
[4.335s] -- Set runtime path of "/home/jishnu/project/ros2-project/projects/workspace/install/tutorial_interfaces/lib/libtutorial_interfaces__rosidl_generator_c.so" to ""
[4.335s] -- Up-to-date: /home/jishnu/project/ros2-project/projects/workspace/install/tutorial_interfaces/include/tutorial_interfaces/tutorial_interfaces
[4.335s] -- Up-to-date: /home/jishnu/project/ros2-project/projects/workspace/install/tutorial_interfaces/include/tutorial_interfaces/tutorial_interfaces/srv
[4.335s] -- Up-to-date: /home/jishnu/project/ros2-project/projects/workspace/install/tutorial_interfaces/include/tutorial_interfaces/tutorial_interfaces/srv/detail
[4.335s] -- Installing: /home/jishnu/project/ros2-project/projects/workspace/install/tutorial_interfaces/include/tutorial_interfaces/tutorial_interfaces/srv/detail/add_three_ints__rosidl_typesupport_fastrtps_c.h
[4.335s] -- Up-to-date: /home/jishnu/project/ros2-project/projects/workspace/install/tutorial_interfaces/include/tutorial_interfaces/tutorial_interfaces/msg
[4.335s] -- Installing: /home/jishnu/project/ros2-project/projects/workspace/install/tutorial_interfaces/include/tutorial_interfaces/tutorial_interfaces/msg/rosidl_typesupport_fastrtps_c__visibility_control.h
[4.335s] -- Up-to-date: /home/jishnu/project/ros2-project/projects/workspace/install/tutorial_interfaces/include/tutorial_interfaces/tutorial_interfaces/msg/detail
[4.336s] -- Installing: /home/jishnu/project/ros2-project/projects/workspace/install/tutorial_interfaces/include/tutorial_interfaces/tutorial_interfaces/msg/detail/sphere__rosidl_typesupport_fastrtps_c.h
[4.336s] -- Installing: /home/jishnu/project/ros2-project/projects/workspace/install/tutorial_interfaces/include/tutorial_interfaces/tutorial_interfaces/msg/detail/num__rosidl_typesupport_fastrtps_c.h
[4.336s] -- Installing: /home/jishnu/project/ros2-project/projects/workspace/install/tutorial_interfaces/lib/libtutorial_interfaces__rosidl_typesupport_fastrtps_c.so
[4.336s] -- Set runtime path of "/home/jishnu/project/ros2-project/projects/workspace/install/tutorial_interfaces/lib/libtutorial_interfaces__rosidl_typesupport_fastrtps_c.so" to ""
[4.336s] -- Up-to-date: /home/jishnu/project/ros2-project/projects/workspace/install/tutorial_interfaces/include/tutorial_interfaces/tutorial_interfaces
[4.336s] -- Up-to-date: /home/jishnu/project/ros2-project/projects/workspace/install/tutorial_interfaces/include/tutorial_interfaces/tutorial_interfaces/srv
[4.336s] -- Installing: /home/jishnu/project/ros2-project/projects/workspace/install/tutorial_interfaces/include/tutorial_interfaces/tutorial_interfaces/srv/add_three_ints.hpp
[4.336s] -- Up-to-date: /home/jishnu/project/ros2-project/projects/workspace/install/tutorial_interfaces/include/tutorial_interfaces/tutorial_interfaces/srv/detail
[4.336s] -- Installing: /home/jishnu/project/ros2-project/projects/workspace/install/tutorial_interfaces/include/tutorial_interfaces/tutorial_interfaces/srv/detail/add_three_ints__traits.hpp
[4.336s] -- Installing: /home/jishnu/project/ros2-project/projects/workspace/install/tutorial_interfaces/include/tutorial_interfaces/tutorial_interfaces/srv/detail/add_three_ints__builder.hpp
[4.337s] -- Installing: /home/jishnu/project/ros2-project/projects/workspace/install/tutorial_interfaces/include/tutorial_interfaces/tutorial_interfaces/srv/detail/add_three_ints__struct.hpp
[4.337s] -- Up-to-date: /home/jishnu/project/ros2-project/projects/workspace/install/tutorial_interfaces/include/tutorial_interfaces/tutorial_interfaces/msg
[4.337s] -- Installing: /home/jishnu/project/ros2-project/projects/workspace/install/tutorial_interfaces/include/tutorial_interfaces/tutorial_interfaces/msg/num.hpp
[4.337s] -- Installing: /home/jishnu/project/ros2-project/projects/workspace/install/tutorial_interfaces/include/tutorial_interfaces/tutorial_interfaces/msg/sphere.hpp
[4.337s] -- Up-to-date: /home/jishnu/project/ros2-project/projects/workspace/install/tutorial_interfaces/include/tutorial_interfaces/tutorial_interfaces/msg/detail
[4.337s] -- Installing: /home/jishnu/project/ros2-project/projects/workspace/install/tutorial_interfaces/include/tutorial_interfaces/tutorial_interfaces/msg/detail/sphere__builder.hpp
[4.337s] -- Installing: /home/jishnu/project/ros2-project/projects/workspace/install/tutorial_interfaces/include/tutorial_interfaces/tutorial_interfaces/msg/detail/num__traits.hpp
[4.337s] -- Installing: /home/jishnu/project/ros2-project/projects/workspace/install/tutorial_interfaces/include/tutorial_interfaces/tutorial_interfaces/msg/detail/sphere__traits.hpp
[4.337s] -- Installing: /home/jishnu/project/ros2-project/projects/workspace/install/tutorial_interfaces/include/tutorial_interfaces/tutorial_interfaces/msg/detail/sphere__struct.hpp
[4.338s] -- Installing: /home/jishnu/project/ros2-project/projects/workspace/install/tutorial_interfaces/include/tutorial_interfaces/tutorial_interfaces/msg/detail/num__builder.hpp
[4.338s] -- Installing: /home/jishnu/project/ros2-project/projects/workspace/install/tutorial_interfaces/include/tutorial_interfaces/tutorial_interfaces/msg/detail/num__struct.hpp
[4.338s] -- Up-to-date: /home/jishnu/project/ros2-project/projects/workspace/install/tutorial_interfaces/include/tutorial_interfaces/tutorial_interfaces
[4.338s] -- Up-to-date: /home/jishnu/project/ros2-project/projects/workspace/install/tutorial_interfaces/include/tutorial_interfaces/tutorial_interfaces/srv
[4.338s] -- Up-to-date: /home/jishnu/project/ros2-project/projects/workspace/install/tutorial_interfaces/include/tutorial_interfaces/tutorial_interfaces/srv/detail
[4.338s] -- Installing: /home/jishnu/project/ros2-project/projects/workspace/install/tutorial_interfaces/include/tutorial_interfaces/tutorial_interfaces/srv/detail/add_three_ints__rosidl_typesupport_fastrtps_cpp.hpp
[4.338s] -- Installing: /home/jishnu/project/ros2-project/projects/workspace/install/tutorial_interfaces/include/tutorial_interfaces/tutorial_interfaces/srv/detail/dds_fastrtps
[4.338s] -- Up-to-date: /home/jishnu/project/ros2-project/projects/workspace/install/tutorial_interfaces/include/tutorial_interfaces/tutorial_interfaces/msg
[4.338s] -- Installing: /home/jishnu/project/ros2-project/projects/workspace/install/tutorial_interfaces/include/tutorial_interfaces/tutorial_interfaces/msg/rosidl_typesupport_fastrtps_cpp__visibility_control.h
[4.338s] -- Up-to-date: /home/jishnu/project/ros2-project/projects/workspace/install/tutorial_interfaces/include/tutorial_interfaces/tutorial_interfaces/msg/detail
[4.338s] -- Installing: /home/jishnu/project/ros2-project/projects/workspace/install/tutorial_interfaces/include/tutorial_interfaces/tutorial_interfaces/msg/detail/num__rosidl_typesupport_fastrtps_cpp.hpp
[4.339s] -- Installing: /home/jishnu/project/ros2-project/projects/workspace/install/tutorial_interfaces/include/tutorial_interfaces/tutorial_interfaces/msg/detail/sphere__rosidl_typesupport_fastrtps_cpp.hpp
[4.339s] -- Installing: /home/jishnu/project/ros2-project/projects/workspace/install/tutorial_interfaces/include/tutorial_interfaces/tutorial_interfaces/msg/detail/dds_fastrtps
[4.339s] -- Installing: /home/jishnu/project/ros2-project/projects/workspace/install/tutorial_interfaces/lib/libtutorial_interfaces__rosidl_typesupport_fastrtps_cpp.so
[4.339s] -- Set runtime path of "/home/jishnu/project/ros2-project/projects/workspace/install/tutorial_interfaces/lib/libtutorial_interfaces__rosidl_typesupport_fastrtps_cpp.so" to ""
[4.339s] -- Up-to-date: /home/jishnu/project/ros2-project/projects/workspace/install/tutorial_interfaces/include/tutorial_interfaces/tutorial_interfaces
[4.339s] -- Up-to-date: /home/jishnu/project/ros2-project/projects/workspace/install/tutorial_interfaces/include/tutorial_interfaces/tutorial_interfaces/srv
[4.339s] -- Up-to-date: /home/jishnu/project/ros2-project/projects/workspace/install/tutorial_interfaces/include/tutorial_interfaces/tutorial_interfaces/srv/detail
[4.339s] -- Installing: /home/jishnu/project/ros2-project/projects/workspace/install/tutorial_interfaces/include/tutorial_interfaces/tutorial_interfaces/srv/detail/add_three_ints__type_support.c
[4.339s] -- Installing: /home/jishnu/project/ros2-project/projects/workspace/install/tutorial_interfaces/include/tutorial_interfaces/tutorial_interfaces/srv/detail/add_three_ints__rosidl_typesupport_introspection_c.h
[4.340s] -- Up-to-date: /home/jishnu/project/ros2-project/projects/workspace/install/tutorial_interfaces/include/tutorial_interfaces/tutorial_interfaces/msg
[4.340s] -- Up-to-date: /home/jishnu/project/ros2-project/projects/workspace/install/tutorial_interfaces/include/tutorial_interfaces/tutorial_interfaces/msg/detail
[4.340s] -- Installing: /home/jishnu/project/ros2-project/projects/workspace/install/tutorial_interfaces/include/tutorial_interfaces/tutorial_interfaces/msg/detail/num__type_support.c
[4.340s] -- Installing: /home/jishnu/project/ros2-project/projects/workspace/install/tutorial_interfaces/include/tutorial_interfaces/tutorial_interfaces/msg/detail/num__rosidl_typesupport_introspection_c.h
[4.340s] -- Installing: /home/jishnu/project/ros2-project/projects/workspace/install/tutorial_interfaces/include/tutorial_interfaces/tutorial_interfaces/msg/detail/sphere__rosidl_typesupport_introspection_c.h
[4.340s] -- Installing: /home/jishnu/project/ros2-project/projects/workspace/install/tutorial_interfaces/include/tutorial_interfaces/tutorial_interfaces/msg/detail/sphere__type_support.c
[4.340s] -- Installing: /home/jishnu/project/ros2-project/projects/workspace/install/tutorial_interfaces/include/tutorial_interfaces/tutorial_interfaces/msg/rosidl_typesupport_introspection_c__visibility_control.h
[4.340s] -- Installing: /home/jishnu/project/ros2-project/projects/workspace/install/tutorial_interfaces/lib/libtutorial_interfaces__rosidl_typesupport_introspection_c.so
[4.341s] -- Set runtime path of "/home/jishnu/project/ros2-project/projects/workspace/install/tutorial_interfaces/lib/libtutorial_interfaces__rosidl_typesupport_introspection_c.so" to ""
[4.341s] -- Installing: /home/jishnu/project/ros2-project/projects/workspace/install/tutorial_interfaces/lib/libtutorial_interfaces__rosidl_typesupport_c.so
[4.341s] -- Set runtime path of "/home/jishnu/project/ros2-project/projects/workspace/install/tutorial_interfaces/lib/libtutorial_interfaces__rosidl_typesupport_c.so" to ""
[4.341s] -- Up-to-date: /home/jishnu/project/ros2-project/projects/workspace/install/tutorial_interfaces/include/tutorial_interfaces/tutorial_interfaces
[4.341s] -- Up-to-date: /home/jishnu/project/ros2-project/projects/workspace/install/tutorial_interfaces/include/tutorial_interfaces/tutorial_interfaces/srv
[4.341s] -- Up-to-date: /home/jishnu/project/ros2-project/projects/workspace/install/tutorial_interfaces/include/tutorial_interfaces/tutorial_interfaces/srv/detail
[4.341s] -- Installing: /home/jishnu/project/ros2-project/projects/workspace/install/tutorial_interfaces/include/tutorial_interfaces/tutorial_interfaces/srv/detail/add_three_ints__type_support.cpp
[4.341s] -- Installing: /home/jishnu/project/ros2-project/projects/workspace/install/tutorial_interfaces/include/tutorial_interfaces/tutorial_interfaces/srv/detail/add_three_ints__rosidl_typesupport_introspection_cpp.hpp
[4.341s] -- Up-to-date: /home/jishnu/project/ros2-project/projects/workspace/install/tutorial_interfaces/include/tutorial_interfaces/tutorial_interfaces/msg
[4.341s] -- Up-to-date: /home/jishnu/project/ros2-project/projects/workspace/install/tutorial_interfaces/include/tutorial_interfaces/tutorial_interfaces/msg/detail
[4.342s] -- Installing: /home/jishnu/project/ros2-project/projects/workspace/install/tutorial_interfaces/include/tutorial_interfaces/tutorial_interfaces/msg/detail/sphere__type_support.cpp
[4.342s] -- Installing: /home/jishnu/project/ros2-project/projects/workspace/install/tutorial_interfaces/include/tutorial_interfaces/tutorial_interfaces/msg/detail/num__type_support.cpp
[4.342s] -- Installing: /home/jishnu/project/ros2-project/projects/workspace/install/tutorial_interfaces/include/tutorial_interfaces/tutorial_interfaces/msg/detail/num__rosidl_typesupport_introspection_cpp.hpp
[4.342s] -- Installing: /home/jishnu/project/ros2-project/projects/workspace/install/tutorial_interfaces/include/tutorial_interfaces/tutorial_interfaces/msg/detail/sphere__rosidl_typesupport_introspection_cpp.hpp
[4.342s] -- Installing: /home/jishnu/project/ros2-project/projects/workspace/install/tutorial_interfaces/lib/libtutorial_interfaces__rosidl_typesupport_introspection_cpp.so
[4.342s] -- Set runtime path of "/home/jishnu/project/ros2-project/projects/workspace/install/tutorial_interfaces/lib/libtutorial_interfaces__rosidl_typesupport_introspection_cpp.so" to ""
[4.342s] -- Installing: /home/jishnu/project/ros2-project/projects/workspace/install/tutorial_interfaces/lib/libtutorial_interfaces__rosidl_typesupport_cpp.so
[4.343s] -- Set runtime path of "/home/jishnu/project/ros2-project/projects/workspace/install/tutorial_interfaces/lib/libtutorial_interfaces__rosidl_typesupport_cpp.so" to ""
[4.343s] -- Installing: /home/jishnu/project/ros2-project/projects/workspace/install/tutorial_interfaces/share/tutorial_interfaces/environment/pythonpath.sh
[4.343s] -- Installing: /home/jishnu/project/ros2-project/projects/workspace/install/tutorial_interfaces/share/tutorial_interfaces/environment/pythonpath.dsv
[4.343s] -- Installing: /home/jishnu/project/ros2-project/projects/workspace/install/tutorial_interfaces/local/lib/python3.10/dist-packages/tutorial_interfaces-0.0.0-py3.10.egg-info
[4.343s] -- Installing: /home/jishnu/project/ros2-project/projects/workspace/install/tutorial_interfaces/local/lib/python3.10/dist-packages/tutorial_interfaces-0.0.0-py3.10.egg-info/top_level.txt
[4.343s] -- Installing: /home/jishnu/project/ros2-project/projects/workspace/install/tutorial_interfaces/local/lib/python3.10/dist-packages/tutorial_interfaces-0.0.0-py3.10.egg-info/dependency_links.txt
[4.343s] -- Installing: /home/jishnu/project/ros2-project/projects/workspace/install/tutorial_interfaces/local/lib/python3.10/dist-packages/tutorial_interfaces-0.0.0-py3.10.egg-info/SOURCES.txt
[4.343s] -- Installing: /home/jishnu/project/ros2-project/projects/workspace/install/tutorial_interfaces/local/lib/python3.10/dist-packages/tutorial_interfaces-0.0.0-py3.10.egg-info/PKG-INFO
[4.344s] -- Installing: /home/jishnu/project/ros2-project/projects/workspace/install/tutorial_interfaces/local/lib/python3.10/dist-packages/tutorial_interfaces
[4.344s] -- Installing: /home/jishnu/project/ros2-project/projects/workspace/install/tutorial_interfaces/local/lib/python3.10/dist-packages/tutorial_interfaces/srv
[4.344s] -- Installing: /home/jishnu/project/ros2-project/projects/workspace/install/tutorial_interfaces/local/lib/python3.10/dist-packages/tutorial_interfaces/srv/__init__.py
[4.344s] -- Installing: /home/jishnu/project/ros2-project/projects/workspace/install/tutorial_interfaces/local/lib/python3.10/dist-packages/tutorial_interfaces/srv/_add_three_ints.py
[4.344s] -- Installing: /home/jishnu/project/ros2-project/projects/workspace/install/tutorial_interfaces/local/lib/python3.10/dist-packages/tutorial_interfaces/srv/_add_three_ints_s.c
[4.344s] -- Installing: /home/jishnu/project/ros2-project/projects/workspace/install/tutorial_interfaces/local/lib/python3.10/dist-packages/tutorial_interfaces/msg
[4.344s] -- Installing: /home/jishnu/project/ros2-project/projects/workspace/install/tutorial_interfaces/local/lib/python3.10/dist-packages/tutorial_interfaces/msg/_sphere.py
[4.344s] -- Installing: /home/jishnu/project/ros2-project/projects/workspace/install/tutorial_interfaces/local/lib/python3.10/dist-packages/tutorial_interfaces/msg/_num.py
[4.344s] -- Installing: /home/jishnu/project/ros2-project/projects/workspace/install/tutorial_interfaces/local/lib/python3.10/dist-packages/tutorial_interfaces/msg/__init__.py
[4.344s] -- Installing: /home/jishnu/project/ros2-project/projects/workspace/install/tutorial_interfaces/local/lib/python3.10/dist-packages/tutorial_interfaces/msg/_num_s.c
[4.345s] -- Installing: /home/jishnu/project/ros2-project/projects/workspace/install/tutorial_interfaces/local/lib/python3.10/dist-packages/tutorial_interfaces/msg/_sphere_s.c
[4.345s] -- Installing: /home/jishnu/project/ros2-project/projects/workspace/install/tutorial_interfaces/local/lib/python3.10/dist-packages/tutorial_interfaces/tutorial_interfaces_s__rosidl_typesupport_introspection_c.cpython-310-x86_64-linux-gnu.so
[4.345s] -- Installing: /home/jishnu/project/ros2-project/projects/workspace/install/tutorial_interfaces/local/lib/python3.10/dist-packages/tutorial_interfaces/__init__.py
[4.345s] -- Installing: /home/jishnu/project/ros2-project/projects/workspace/install/tutorial_interfaces/local/lib/python3.10/dist-packages/tutorial_interfaces/libtutorial_interfaces__rosidl_generator_py.so
[4.345s] -- Installing: /home/jishnu/project/ros2-project/projects/workspace/install/tutorial_interfaces/local/lib/python3.10/dist-packages/tutorial_interfaces/tutorial_interfaces_s__rosidl_typesupport_c.cpython-310-x86_64-linux-gnu.so
[4.345s] -- Installing: /home/jishnu/project/ros2-project/projects/workspace/install/tutorial_interfaces/local/lib/python3.10/dist-packages/tutorial_interfaces/_tutorial_interfaces_s.ep.rosidl_typesupport_introspection_c.c
[4.345s] -- Installing: /home/jishnu/project/ros2-project/projects/workspace/install/tutorial_interfaces/local/lib/python3.10/dist-packages/tutorial_interfaces/tutorial_interfaces_s__rosidl_typesupport_fastrtps_c.cpython-310-x86_64-linux-gnu.so
[4.345s] -- Installing: /home/jishnu/project/ros2-project/projects/workspace/install/tutorial_interfaces/local/lib/python3.10/dist-packages/tutorial_interfaces/_tutorial_interfaces_s.ep.rosidl_typesupport_fastrtps_c.c
[4.345s] -- Installing: /home/jishnu/project/ros2-project/projects/workspace/install/tutorial_interfaces/local/lib/python3.10/dist-packages/tutorial_interfaces/_tutorial_interfaces_s.ep.rosidl_typesupport_c.c
[4.376s] Listing '/home/jishnu/project/ros2-project/projects/workspace/install/tutorial_interfaces/local/lib/python3.10/dist-packages/tutorial_interfaces'...
[4.376s] Compiling '/home/jishnu/project/ros2-project/projects/workspace/install/tutorial_interfaces/local/lib/python3.10/dist-packages/tutorial_interfaces/__init__.py'...
[4.376s] Listing '/home/jishnu/project/ros2-project/projects/workspace/install/tutorial_interfaces/local/lib/python3.10/dist-packages/tutorial_interfaces/msg'...
[4.376s] Compiling '/home/jishnu/project/ros2-project/projects/workspace/install/tutorial_interfaces/local/lib/python3.10/dist-packages/tutorial_interfaces/msg/__init__.py'...
[4.376s] Compiling '/home/jishnu/project/ros2-project/projects/workspace/install/tutorial_interfaces/local/lib/python3.10/dist-packages/tutorial_interfaces/msg/_num.py'...
[4.376s] Compiling '/home/jishnu/project/ros2-project/projects/workspace/install/tutorial_interfaces/local/lib/python3.10/dist-packages/tutorial_interfaces/msg/_sphere.py'...
[4.376s] Listing '/home/jishnu/project/ros2-project/projects/workspace/install/tutorial_interfaces/local/lib/python3.10/dist-packages/tutorial_interfaces/srv'...
[4.376s] Compiling '/home/jishnu/project/ros2-project/projects/workspace/install/tutorial_interfaces/local/lib/python3.10/dist-packages/tutorial_interfaces/srv/__init__.py'...
[4.376s] Compiling '/home/jishnu/project/ros2-project/projects/workspace/install/tutorial_interfaces/local/lib/python3.10/dist-packages/tutorial_interfaces/srv/_add_three_ints.py'...
[4.380s] -- Installing: /home/jishnu/project/ros2-project/projects/workspace/install/tutorial_interfaces/local/lib/python3.10/dist-packages/tutorial_interfaces/tutorial_interfaces_s__rosidl_typesupport_fastrtps_c.cpython-310-x86_64-linux-gnu.so
[4.380s] -- Set runtime path of "/home/jishnu/project/ros2-project/projects/workspace/install/tutorial_interfaces/local/lib/python3.10/dist-packages/tutorial_interfaces/tutorial_interfaces_s__rosidl_typesupport_fastrtps_c.cpython-310-x86_64-linux-gnu.so" to ""
[4.380s] -- Installing: /home/jishnu/project/ros2-project/projects/workspace/install/tutorial_interfaces/local/lib/python3.10/dist-packages/tutorial_interfaces/tutorial_interfaces_s__rosidl_typesupport_introspection_c.cpython-310-x86_64-linux-gnu.so
[4.380s] -- Set runtime path of "/home/jishnu/project/ros2-project/projects/workspace/install/tutorial_interfaces/local/lib/python3.10/dist-packages/tutorial_interfaces/tutorial_interfaces_s__rosidl_typesupport_introspection_c.cpython-310-x86_64-linux-gnu.so" to ""
[4.380s] -- Installing: /home/jishnu/project/ros2-project/projects/workspace/install/tutorial_interfaces/local/lib/python3.10/dist-packages/tutorial_interfaces/tutorial_interfaces_s__rosidl_typesupport_c.cpython-310-x86_64-linux-gnu.so
[4.381s] -- Set runtime path of "/home/jishnu/project/ros2-project/projects/workspace/install/tutorial_interfaces/local/lib/python3.10/dist-packages/tutorial_interfaces/tutorial_interfaces_s__rosidl_typesupport_c.cpython-310-x86_64-linux-gnu.so" to ""
[4.381s] -- Installing: /home/jishnu/project/ros2-project/projects/workspace/install/tutorial_interfaces/lib/libtutorial_interfaces__rosidl_generator_py.so
[4.381s] -- Set runtime path of "/home/jishnu/project/ros2-project/projects/workspace/install/tutorial_interfaces/lib/libtutorial_interfaces__rosidl_generator_py.so" to ""
[4.381s] -- Installing: /home/jishnu/project/ros2-project/projects/workspace/install/tutorial_interfaces/share/tutorial_interfaces/msg/Num.idl
[4.381s] -- Installing: /home/jishnu/project/ros2-project/projects/workspace/install/tutorial_interfaces/share/tutorial_interfaces/msg/Sphere.idl
[4.381s] -- Installing: /home/jishnu/project/ros2-project/projects/workspace/install/tutorial_interfaces/share/tutorial_interfaces/srv/AddThreeInts.idl
[4.382s] -- Installing: /home/jishnu/project/ros2-project/projects/workspace/install/tutorial_interfaces/share/tutorial_interfaces/msg/Num.msg
[4.382s] -- Installing: /home/jishnu/project/ros2-project/projects/workspace/install/tutorial_interfaces/share/tutorial_interfaces/msg/Sphere.msg
[4.382s] -- Installing: /home/jishnu/project/ros2-project/projects/workspace/install/tutorial_interfaces/share/tutorial_interfaces/srv/AddThreeInts.srv
[4.382s] -- Installing: /home/jishnu/project/ros2-project/projects/workspace/install/tutorial_interfaces/share/tutorial_interfaces/srv/AddThreeInts_Request.msg
[4.382s] -- Installing: /home/jishnu/project/ros2-project/projects/workspace/install/tutorial_interfaces/share/tutorial_interfaces/srv/AddThreeInts_Response.msg
[4.382s] -- Installing: /home/jishnu/project/ros2-project/projects/workspace/install/tutorial_interfaces/share/ament_index/resource_index/package_run_dependencies/tutorial_interfaces
[4.383s] -- Installing: /home/jishnu/project/ros2-project/projects/workspace/install/tutorial_interfaces/share/ament_index/resource_index/parent_prefix_path/tutorial_interfaces
[4.383s] -- Installing: /home/jishnu/project/ros2-project/projects/workspace/install/tutorial_interfaces/share/tutorial_interfaces/environment/ament_prefix_path.sh
[4.383s] -- Installing: /home/jishnu/project/ros2-project/projects/workspace/install/tutorial_interfaces/share/tutorial_interfaces/environment/ament_prefix_path.dsv
[4.383s] -- Installing: /home/jishnu/project/ros2-project/projects/workspace/install/tutorial_interfaces/share/tutorial_interfaces/environment/path.sh
[4.383s] -- Installing: /home/jishnu/project/ros2-project/projects/workspace/install/tutorial_interfaces/share/tutorial_interfaces/environment/path.dsv
[4.383s] -- Installing: /home/jishnu/project/ros2-project/projects/workspace/install/tutorial_interfaces/share/tutorial_interfaces/local_setup.bash
[4.383s] -- Installing: /home/jishnu/project/ros2-project/projects/workspace/install/tutorial_interfaces/share/tutorial_interfaces/local_setup.sh
[4.384s] -- Installing: /home/jishnu/project/ros2-project/projects/workspace/install/tutorial_interfaces/share/tutorial_interfaces/local_setup.zsh
[4.384s] -- Installing: /home/jishnu/project/ros2-project/projects/workspace/install/tutorial_interfaces/share/tutorial_interfaces/local_setup.dsv
[4.384s] -- Installing: /home/jishnu/project/ros2-project/projects/workspace/install/tutorial_interfaces/share/tutorial_interfaces/package.dsv
[4.384s] -- Installing: /home/jishnu/project/ros2-project/projects/workspace/install/tutorial_interfaces/share/ament_index/resource_index/packages/tutorial_interfaces
[4.384s] -- Installing: /home/jishnu/project/ros2-project/projects/workspace/install/tutorial_interfaces/share/tutorial_interfaces/cmake/export_tutorial_interfaces__rosidl_generator_cExport.cmake
[4.384s] -- Installing: /home/jishnu/project/ros2-project/projects/workspace/install/tutorial_interfaces/share/tutorial_interfaces/cmake/export_tutorial_interfaces__rosidl_generator_cExport-noconfig.cmake
[4.384s] -- Installing: /home/jishnu/project/ros2-project/projects/workspace/install/tutorial_interfaces/share/tutorial_interfaces/cmake/export_tutorial_interfaces__rosidl_typesupport_fastrtps_cExport.cmake
[4.385s] -- Installing: /home/jishnu/project/ros2-project/projects/workspace/install/tutorial_interfaces/share/tutorial_interfaces/cmake/export_tutorial_interfaces__rosidl_typesupport_fastrtps_cExport-noconfig.cmake
[4.385s] -- Installing: /home/jishnu/project/ros2-project/projects/workspace/install/tutorial_interfaces/share/tutorial_interfaces/cmake/export_tutorial_interfaces__rosidl_generator_cppExport.cmake
[4.385s] -- Installing: /home/jishnu/project/ros2-project/projects/workspace/install/tutorial_interfaces/share/tutorial_interfaces/cmake/export_tutorial_interfaces__rosidl_typesupport_fastrtps_cppExport.cmake
[4.385s] -- Installing: /home/jishnu/project/ros2-project/projects/workspace/install/tutorial_interfaces/share/tutorial_interfaces/cmake/export_tutorial_interfaces__rosidl_typesupport_fastrtps_cppExport-noconfig.cmake
[4.385s] -- Installing: /home/jishnu/project/ros2-project/projects/workspace/install/tutorial_interfaces/share/tutorial_interfaces/cmake/tutorial_interfaces__rosidl_typesupport_introspection_cExport.cmake
[4.385s] -- Installing: /home/jishnu/project/ros2-project/projects/workspace/install/tutorial_interfaces/share/tutorial_interfaces/cmake/tutorial_interfaces__rosidl_typesupport_introspection_cExport-noconfig.cmake
[4.386s] -- Installing: /home/jishnu/project/ros2-project/projects/workspace/install/tutorial_interfaces/share/tutorial_interfaces/cmake/tutorial_interfaces__rosidl_typesupport_cExport.cmake
[4.386s] -- Installing: /home/jishnu/project/ros2-project/projects/workspace/install/tutorial_interfaces/share/tutorial_interfaces/cmake/tutorial_interfaces__rosidl_typesupport_cExport-noconfig.cmake
[4.386s] -- Installing: /home/jishnu/project/ros2-project/projects/workspace/install/tutorial_interfaces/share/tutorial_interfaces/cmake/tutorial_interfaces__rosidl_typesupport_introspection_cppExport.cmake
[4.386s] -- Installing: /home/jishnu/project/ros2-project/projects/workspace/install/tutorial_interfaces/share/tutorial_interfaces/cmake/tutorial_interfaces__rosidl_typesupport_introspection_cppExport-noconfig.cmake
[4.386s] -- Installing: /home/jishnu/project/ros2-project/projects/workspace/install/tutorial_interfaces/share/tutorial_interfaces/cmake/tutorial_interfaces__rosidl_typesupport_cppExport.cmake
[4.386s] -- Installing: /home/jishnu/project/ros2-project/projects/workspace/install/tutorial_interfaces/share/tutorial_interfaces/cmake/tutorial_interfaces__rosidl_typesupport_cppExport-noconfig.cmake
[4.386s] -- Installing: /home/jishnu/project/ros2-project/projects/workspace/install/tutorial_interfaces/share/tutorial_interfaces/cmake/export_tutorial_interfaces__rosidl_generator_pyExport.cmake
[4.387s] -- Installing: /home/jishnu/project/ros2-project/projects/workspace/install/tutorial_interfaces/share/tutorial_interfaces/cmake/export_tutorial_interfaces__rosidl_generator_pyExport-noconfig.cmake
[4.387s] -- Installing: /home/jishnu/project/ros2-project/projects/workspace/install/tutorial_interfaces/share/tutorial_interfaces/cmake/rosidl_cmake-extras.cmake
[4.387s] -- Installing: /home/jishnu/project/ros2-project/projects/workspace/install/tutorial_interfaces/share/tutorial_interfaces/cmake/ament_cmake_export_dependencies-extras.cmake
[4.387s] -- Installing: /home/jishnu/project/ros2-project/projects/workspace/install/tutorial_interfaces/share/tutorial_interfaces/cmake/ament_cmake_export_include_directories-extras.cmake
[4.387s] -- Installing: /home/jishnu/project/ros2-project/projects/workspace/install/tutorial_interfaces/share/tutorial_interfaces/cmake/ament_cmake_export_libraries-extras.cmake
[4.387s] -- Installing: /home/jishnu/project/ros2-project/projects/workspace/install/tutorial_interfaces/share/tutorial_interfaces/cmake/ament_cmake_export_targets-extras.cmake
[4.388s] -- Installing: /home/jishnu/project/ros2-project/projects/workspace/install/tutorial_interfaces/share/tutorial_interfaces/cmake/rosidl_cmake_export_typesupport_targets-extras.cmake
[4.388s] -- Installing: /home/jishnu/project/ros2-project/projects/workspace/install/tutorial_interfaces/share/tutorial_interfaces/cmake/rosidl_cmake_export_typesupport_libraries-extras.cmake
[4.388s] -- Installing: /home/jishnu/project/ros2-project/projects/workspace/install/tutorial_interfaces/share/tutorial_interfaces/cmake/tutorial_interfacesConfig.cmake
[4.388s] -- Installing: /home/jishnu/project/ros2-project/projects/workspace/install/tutorial_interfaces/share/tutorial_interfaces/cmake/tutorial_interfacesConfig-version.cmake
[4.388s] -- Installing: /home/jishnu/project/ros2-project/projects/workspace/install/tutorial_interfaces/share/tutorial_interfaces/package.xml
[4.390s] Invoked command in '/home/jishnu/project/ros2-project/projects/workspace/build/tutorial_interfaces' returned '0': CMAKE_PREFIX_PATH=${CMAKE_PREFIX_PATH}:/home/jishnu/project/ros2-project/projects/workspace/install/ros_test_package:/home/jishnu/project/ros2-project/projects/workspace/install/py_srvcli:/home/jishnu/project/ros2-project/projects/workspace/install/my_package:/opt/ros/humble /usr/bin/cmake --install /home/jishnu/project/ros2-project/projects/workspace/build/tutorial_interfaces
