[0.026s] Invoking command in '/home/jishnu/project/ros2-project/projects/workspace/src/build/cpp_parameter_event_handler': CMAKE_PREFIX_PATH=${CMAKE_PREFIX_PATH}:/home/jishnu/project/moveit-projects/ws_moveit2/install/ros2controlcli:/home/jishnu/project/moveit-projects/ws_moveit2/install/moveit_configs_utils:/home/jishnu/ws_moveit2/install/ros2controlcli:/home/jishnu/ws_moveit2/install/moveit_configs_utils:/opt/ros/humble /usr/bin/cmake --build /home/jishnu/project/ros2-project/projects/workspace/src/build/cpp_parameter_event_handler -- -j8 -l8
[0.079s] [35m[1mConsolidate compiler generated dependencies of target parameter_event_handler[0m
[0.096s] [ 50%] [32mBuilding CXX object CMakeFiles/parameter_event_handler.dir/src/parameter_event_handler.cpp.o[0m
[6.534s] [100%] [32m[1mLinking CXX executable parameter_event_handler[0m
[6.832s] [100%] Built target parameter_event_handler
[6.844s] Invoked command in '/home/jishnu/project/ros2-project/projects/workspace/src/build/cpp_parameter_event_handler' returned '0': CMAKE_PREFIX_PATH=${CMAKE_PREFIX_PATH}:/home/jishnu/project/moveit-projects/ws_moveit2/install/ros2controlcli:/home/jishnu/project/moveit-projects/ws_moveit2/install/moveit_configs_utils:/home/jishnu/ws_moveit2/install/ros2controlcli:/home/jishnu/ws_moveit2/install/moveit_configs_utils:/opt/ros/humble /usr/bin/cmake --build /home/jishnu/project/ros2-project/projects/workspace/src/build/cpp_parameter_event_handler -- -j8 -l8
[6.889s] Invoking command in '/home/jishnu/project/ros2-project/projects/workspace/src/build/cpp_parameter_event_handler': CMAKE_PREFIX_PATH=${CMAKE_PREFIX_PATH}:/home/jishnu/project/moveit-projects/ws_moveit2/install/ros2controlcli:/home/jishnu/project/moveit-projects/ws_moveit2/install/moveit_configs_utils:/home/jishnu/ws_moveit2/install/ros2controlcli:/home/jishnu/ws_moveit2/install/moveit_configs_utils:/opt/ros/humble /usr/bin/cmake --install /home/jishnu/project/ros2-project/projects/workspace/src/build/cpp_parameter_event_handler
[6.898s] -- Install configuration: ""
[6.898s] -- Installing: /home/jishnu/project/ros2-project/projects/workspace/src/install/cpp_parameter_event_handler/lib/cpp_parameter_event_handler/parameter_event_handler
[6.900s] -- Set runtime path of "/home/jishnu/project/ros2-project/projects/workspace/src/install/cpp_parameter_event_handler/lib/cpp_parameter_event_handler/parameter_event_handler" to ""
[6.900s] -- Up-to-date: /home/jishnu/project/ros2-project/projects/workspace/src/install/cpp_parameter_event_handler/share/ament_index/resource_index/package_run_dependencies/cpp_parameter_event_handler
[6.900s] -- Up-to-date: /home/jishnu/project/ros2-project/projects/workspace/src/install/cpp_parameter_event_handler/share/ament_index/resource_index/parent_prefix_path/cpp_parameter_event_handler
[6.900s] -- Up-to-date: /home/jishnu/project/ros2-project/projects/workspace/src/install/cpp_parameter_event_handler/share/cpp_parameter_event_handler/environment/ament_prefix_path.sh
[6.900s] -- Up-to-date: /home/jishnu/project/ros2-project/projects/workspace/src/install/cpp_parameter_event_handler/share/cpp_parameter_event_handler/environment/ament_prefix_path.dsv
[6.901s] -- Up-to-date: /home/jishnu/project/ros2-project/projects/workspace/src/install/cpp_parameter_event_handler/share/cpp_parameter_event_handler/environment/path.sh
[6.901s] -- Up-to-date: /home/jishnu/project/ros2-project/projects/workspace/src/install/cpp_parameter_event_handler/share/cpp_parameter_event_handler/environment/path.dsv
[6.901s] -- Up-to-date: /home/jishnu/project/ros2-project/projects/workspace/src/install/cpp_parameter_event_handler/share/cpp_parameter_event_handler/local_setup.bash
[6.901s] -- Up-to-date: /home/jishnu/project/ros2-project/projects/workspace/src/install/cpp_parameter_event_handler/share/cpp_parameter_event_handler/local_setup.sh
[6.901s] -- Up-to-date: /home/jishnu/project/ros2-project/projects/workspace/src/install/cpp_parameter_event_handler/share/cpp_parameter_event_handler/local_setup.zsh
[6.901s] -- Up-to-date: /home/jishnu/project/ros2-project/projects/workspace/src/install/cpp_parameter_event_handler/share/cpp_parameter_event_handler/local_setup.dsv
[6.901s] -- Installing: /home/jishnu/project/ros2-project/projects/workspace/src/install/cpp_parameter_event_handler/share/cpp_parameter_event_handler/package.dsv
[6.901s] -- Up-to-date: /home/jishnu/project/ros2-project/projects/workspace/src/install/cpp_parameter_event_handler/share/ament_index/resource_index/packages/cpp_parameter_event_handler
[6.901s] -- Up-to-date: /home/jishnu/project/ros2-project/projects/workspace/src/install/cpp_parameter_event_handler/share/cpp_parameter_event_handler/cmake/cpp_parameter_event_handlerConfig.cmake
[6.901s] -- Up-to-date: /home/jishnu/project/ros2-project/projects/workspace/src/install/cpp_parameter_event_handler/share/cpp_parameter_event_handler/cmake/cpp_parameter_event_handlerConfig-version.cmake
[6.901s] -- Up-to-date: /home/jishnu/project/ros2-project/projects/workspace/src/install/cpp_parameter_event_handler/share/cpp_parameter_event_handler/package.xml
[6.903s] Invoked command in '/home/jishnu/project/ros2-project/projects/workspace/src/build/cpp_parameter_event_handler' returned '0': CMAKE_PREFIX_PATH=${CMAKE_PREFIX_PATH}:/home/jishnu/project/moveit-projects/ws_moveit2/install/ros2controlcli:/home/jishnu/project/moveit-projects/ws_moveit2/install/moveit_configs_utils:/home/jishnu/ws_moveit2/install/ros2controlcli:/home/jishnu/ws_moveit2/install/moveit_configs_utils:/opt/ros/humble /usr/bin/cmake --install /home/jishnu/project/ros2-project/projects/workspace/src/build/cpp_parameter_event_handler
