[0.156s] Invoking command in '/home/jishnu/project/ros2-project/projects/workspace/build/more_interfaces': CMAKE_PREFIX_PATH=${CMAKE_PREFIX_PATH}:/home/jishnu/project/moveit-projects/ws_moveit2/install/ros2controlcli:/home/jishnu/project/moveit-projects/ws_moveit2/install/moveit_configs_utils:/home/jishnu/ws_moveit2/install/ros2controlcli:/home/jishnu/ws_moveit2/install/moveit_configs_utils:/opt/ros/humble /usr/bin/cmake --build /home/jishnu/project/ros2-project/projects/workspace/build/more_interfaces -- -j8 -l8
[0.777s] [  9%] Built target more_interfaces__rosidl_generator_c
[0.777s] [ 12%] Built target more_interfaces__cpp
[0.777s] [ 12%] Built target ament_cmake_python_copy_more_interfaces
[0.778s] [35m[1mConsolidate compiler generated dependencies of target more_interfaces__rosidl_typesupport_introspection_cpp[0m
[0.778s] [35m[1mConsolidate compiler generated dependencies of target more_interfaces__rosidl_typesupport_fastrtps_cpp[0m
[0.779s] [35m[1mConsolidate compiler generated dependencies of target more_interfaces__rosidl_typesupport_fastrtps_c[0m
[0.779s] [ 21%] Built target more_interfaces__rosidl_typesupport_c
[0.779s] [ 30%] Built target more_interfaces__rosidl_typesupport_introspection_c
[0.779s] [ 39%] Built target more_interfaces__rosidl_typesupport_fastrtps_cpp
[0.779s] [ 48%] Built target more_interfaces__rosidl_typesupport_introspection_cpp
[0.780s] [ 57%] Built target more_interfaces__rosidl_typesupport_fastrtps_c
[0.780s] [35m[1mConsolidate compiler generated dependencies of target more_interfaces__rosidl_typesupport_cpp[0m
[0.780s] [ 66%] Built target more_interfaces__rosidl_typesupport_cpp
[0.780s] [35m[1mConsolidate compiler generated dependencies of target publish_motor_driver[0m
[0.780s] [ 66%] Built target more_interfaces
[0.780s] [ 72%] Built target publish_motor_driver
[0.781s] [ 75%] Built target more_interfaces__py
[0.842s] [35m[1mConsolidate compiler generated dependencies of target more_interfaces__rosidl_generator_py[0m
[0.901s] [ 81%] Built target more_interfaces__rosidl_generator_py
[0.948s] [35m[1mConsolidate compiler generated dependencies of target more_interfaces__rosidl_typesupport_introspection_c__pyext[0m
[0.964s] [35m[1mConsolidate compiler generated dependencies of target more_interfaces__rosidl_typesupport_fastrtps_c__pyext[0m
[0.992s] [35m[1mConsolidate compiler generated dependencies of target more_interfaces__rosidl_typesupport_c__pyext[0m
[1.007s] [ 87%] Built target more_interfaces__rosidl_typesupport_introspection_c__pyext
[1.010s] [ 93%] Built target more_interfaces__rosidl_typesupport_fastrtps_c__pyext
[1.014s] running egg_info
[1.015s] writing more_interfaces.egg-info/PKG-INFO
[1.015s] writing dependency_links to more_interfaces.egg-info/dependency_links.txt
[1.016s] writing top-level names to more_interfaces.egg-info/top_level.txt
[1.019s] reading manifest file 'more_interfaces.egg-info/SOURCES.txt'
[1.019s] writing manifest file 'more_interfaces.egg-info/SOURCES.txt'
[1.039s] [100%] Built target more_interfaces__rosidl_typesupport_c__pyext
[1.082s] [100%] Built target ament_cmake_python_build_more_interfaces_egg
[1.280s] Invoked command in '/home/jishnu/project/ros2-project/projects/workspace/build/more_interfaces' returned '0': CMAKE_PREFIX_PATH=${CMAKE_PREFIX_PATH}:/home/jishnu/project/moveit-projects/ws_moveit2/install/ros2controlcli:/home/jishnu/project/moveit-projects/ws_moveit2/install/moveit_configs_utils:/home/jishnu/ws_moveit2/install/ros2controlcli:/home/jishnu/ws_moveit2/install/moveit_configs_utils:/opt/ros/humble /usr/bin/cmake --build /home/jishnu/project/ros2-project/projects/workspace/build/more_interfaces -- -j8 -l8
