[0.043s] Invoking command in '/home/jishnu/robotics/ros-git/ros2-for-beginners-udemy-course/ros2_ws/src/build/my_cpp_pkg': CMAKE_PREFIX_PATH=${CMAKE_PREFIX_PATH}:/home/jishnu/robotics/ros-git/ros2-for-beginners-udemy-course/ros2_ws/src/install/test_py_pkg:/home/jishnu/robotics/ros-git/ros2-for-beginners-udemy-course/ros2_ws/src/install/my_py_pkg:/home/jishnu/project/moveit-projects/ws_moveit2/install/ros2controlcli:/home/jishnu/project/moveit-projects/ws_moveit2/install/moveit_configs_utils:/home/jishnu/ws_moveit2/install/ros2controlcli:/home/jishnu/ws_moveit2/install/moveit_configs_utils:/opt/ros/humble /usr/bin/cmake --build /home/jishnu/robotics/ros-git/ros2-for-beginners-udemy-course/ros2_ws/src/build/my_cpp_pkg -- -j8 -l8
[0.086s] -- Found ament_cmake: 1.3.3 (/opt/ros/humble/share/ament_cmake/cmake)
[0.301s] -- Found rclcpp: 16.0.2 (/opt/ros/humble/share/rclcpp/cmake)
[0.353s] -- Found rosidl_generator_c: 3.1.4 (/opt/ros/humble/share/rosidl_generator_c/cmake)
[0.358s] -- Found rosidl_adapter: 3.1.4 (/opt/ros/humble/share/rosidl_adapter/cmake)
[0.366s] -- Found rosidl_generator_cpp: 3.1.4 (/opt/ros/humble/share/rosidl_generator_cpp/cmake)
[0.390s] -- Using all available rosidl_typesupport_c: rosidl_typesupport_fastrtps_c;rosidl_typesupport_introspection_c
[0.426s] -- Using all available rosidl_typesupport_cpp: rosidl_typesupport_fastrtps_cpp;rosidl_typesupport_introspection_cpp
[0.544s] -- Found rmw_implementation_cmake: 6.1.1 (/opt/ros/humble/share/rmw_implementation_cmake/cmake)
[0.558s] -- Found rmw_fastrtps_cpp: 6.2.2 (/opt/ros/humble/share/rmw_fastrtps_cpp/cmake)
[0.804s] -- Using RMW implementation 'rmw_fastrtps_cpp' as default
[1.101s] [31mCMake Error at CMakeLists.txt:29 (install):
[1.101s]   install does not recognize sub-command TARGET
[1.101s] 
[1.101s] [0m
[1.102s] -- Found ament_lint_auto: 0.12.4 (/opt/ros/humble/share/ament_lint_auto/cmake)
[1.204s] -- Added test 'cppcheck' to perform static code analysis on C / C++ code
[1.204s] -- Configured cppcheck include dirs: 
[1.204s] -- Configured cppcheck exclude dirs and/or files: 
[1.205s] -- Added test 'lint_cmake' to check CMake code style
[1.206s] -- Added test 'uncrustify' to check C / C++ code style
[1.206s] -- Configured uncrustify additional arguments: 
[1.206s] -- Added test 'xmllint' to check XML markup files
[1.207s] -- Configuring incomplete, errors occurred!
[1.207s] See also "/home/jishnu/robotics/ros-git/ros2-for-beginners-udemy-course/ros2_ws/src/build/my_cpp_pkg/CMakeFiles/CMakeOutput.log".
[1.217s] gmake: *** [Makefile:267: cmake_check_build_system] Error 1
[1.220s] Invoked command in '/home/jishnu/robotics/ros-git/ros2-for-beginners-udemy-course/ros2_ws/src/build/my_cpp_pkg' returned '2': CMAKE_PREFIX_PATH=${CMAKE_PREFIX_PATH}:/home/jishnu/robotics/ros-git/ros2-for-beginners-udemy-course/ros2_ws/src/install/test_py_pkg:/home/jishnu/robotics/ros-git/ros2-for-beginners-udemy-course/ros2_ws/src/install/my_py_pkg:/home/jishnu/project/moveit-projects/ws_moveit2/install/ros2controlcli:/home/jishnu/project/moveit-projects/ws_moveit2/install/moveit_configs_utils:/home/jishnu/ws_moveit2/install/ros2controlcli:/home/jishnu/ws_moveit2/install/moveit_configs_utils:/opt/ros/humble /usr/bin/cmake --build /home/jishnu/robotics/ros-git/ros2-for-beginners-udemy-course/ros2_ws/src/build/my_cpp_pkg -- -j8 -l8
