[1.542s] DEBUG:colcon:Command line arguments: ['/usr/bin/colcon', 'build']
[1.542s] DEBUG:colcon:Parsed command line arguments: Namespace(log_base=None, log_level=None, verb_name='build', build_base='build', install_base='install', merge_install=False, symlink_install=False, test_result_base=None, continue_on_error=False, executor='parallel', parallel_workers=8, event_handlers=None, ignore_user_meta=False, metas=['./colcon.meta'], base_paths=['.'], packages_ignore=None, packages_ignore_regex=None, paths=None, packages_up_to=None, packages_up_to_regex=None, packages_above=None, packages_above_and_dependencies=None, packages_above_depth=None, packages_select_by_dep=None, packages_skip_by_dep=None, packages_skip_up_to=None, packages_select_build_failed=False, packages_skip_build_finished=False, packages_select_test_failures=False, packages_skip_test_passed=False, packages_select=None, packages_skip=None, packages_select_regex=None, packages_skip_regex=None, packages_start=None, packages_end=None, allow_overriding=[], cmake_args=None, cmake_target=None, cmake_target_skip_unavailable=False, cmake_clean_cache=False, cmake_clean_first=False, cmake_force_configure=False, ament_cmake_args=None, catkin_cmake_args=None, catkin_skip_building_tests=False, mixin_files=None, mixin=None, verb_parser=<colcon_mixin.mixin.mixin_argument.MixinArgumentDecorator object at 0x7ffa8d149bd0>, verb_extension=<colcon_core.verb.build.BuildVerb object at 0x7ffa8daa8df0>, main=<bound method BuildVerb.main of <colcon_core.verb.build.BuildVerb object at 0x7ffa8daa8df0>>, mixin_verb=('build',))
[1.621s] Level 1:colcon.colcon_core.package_discovery:discover_packages(colcon_meta) check parameters
[1.621s] Level 1:colcon.colcon_core.package_discovery:discover_packages(recursive) check parameters
[1.621s] Level 1:colcon.colcon_core.package_discovery:discover_packages(ignore) check parameters
[1.621s] Level 1:colcon.colcon_core.package_discovery:discover_packages(path) check parameters
[1.621s] Level 1:colcon.colcon_core.package_discovery:discover_packages(colcon_meta) discover
[1.621s] Level 1:colcon.colcon_core.package_discovery:discover_packages(recursive) discover
[1.621s] INFO:colcon.colcon_core.package_discovery:Crawling recursively for packages in '/home/jishnu/project/ros2-project/projects/workspace'
[1.621s] Level 1:colcon.colcon_core.package_identification:_identify(.) by extensions ['ignore', 'ignore_ament_install']
[1.621s] Level 1:colcon.colcon_core.package_identification:_identify(.) by extension 'ignore'
[1.621s] Level 1:colcon.colcon_core.package_identification:_identify(.) by extension 'ignore_ament_install'
[1.621s] Level 1:colcon.colcon_core.package_identification:_identify(.) by extensions ['colcon_pkg']
[1.622s] Level 1:colcon.colcon_core.package_identification:_identify(.) by extension 'colcon_pkg'
[1.622s] Level 1:colcon.colcon_core.package_identification:_identify(.) by extensions ['colcon_meta']
[1.622s] Level 1:colcon.colcon_core.package_identification:_identify(.) by extension 'colcon_meta'
[1.622s] Level 1:colcon.colcon_core.package_identification:_identify(.) by extensions ['ros']
[1.622s] Level 1:colcon.colcon_core.package_identification:_identify(.) by extension 'ros'
[1.637s] Level 1:colcon.colcon_core.package_identification:_identify(.) by extensions ['cmake', 'python']
[1.637s] Level 1:colcon.colcon_core.package_identification:_identify(.) by extension 'cmake'
[1.637s] Level 1:colcon.colcon_core.package_identification:_identify(.) by extension 'python'
[1.637s] Level 1:colcon.colcon_core.package_identification:_identify(.) by extensions ['python_setup_py']
[1.637s] Level 1:colcon.colcon_core.package_identification:_identify(.) by extension 'python_setup_py'
[1.637s] Level 1:colcon.colcon_core.package_identification:_identify(build) by extensions ['ignore', 'ignore_ament_install']
[1.638s] Level 1:colcon.colcon_core.package_identification:_identify(build) by extension 'ignore'
[1.638s] Level 1:colcon.colcon_core.package_identification:_identify(build) ignored
[1.638s] Level 1:colcon.colcon_core.package_identification:_identify(install) by extensions ['ignore', 'ignore_ament_install']
[1.638s] Level 1:colcon.colcon_core.package_identification:_identify(install) by extension 'ignore'
[1.638s] Level 1:colcon.colcon_core.package_identification:_identify(install) ignored
[1.638s] Level 1:colcon.colcon_core.package_identification:_identify(log) by extensions ['ignore', 'ignore_ament_install']
[1.638s] Level 1:colcon.colcon_core.package_identification:_identify(log) by extension 'ignore'
[1.638s] Level 1:colcon.colcon_core.package_identification:_identify(log) ignored
[1.638s] Level 1:colcon.colcon_core.package_identification:_identify(src) by extensions ['ignore', 'ignore_ament_install']
[1.639s] Level 1:colcon.colcon_core.package_identification:_identify(src) by extension 'ignore'
[1.639s] Level 1:colcon.colcon_core.package_identification:_identify(src) by extension 'ignore_ament_install'
[1.639s] Level 1:colcon.colcon_core.package_identification:_identify(src) by extensions ['colcon_pkg']
[1.639s] Level 1:colcon.colcon_core.package_identification:_identify(src) by extension 'colcon_pkg'
[1.639s] Level 1:colcon.colcon_core.package_identification:_identify(src) by extensions ['colcon_meta']
[1.639s] Level 1:colcon.colcon_core.package_identification:_identify(src) by extension 'colcon_meta'
[1.639s] Level 1:colcon.colcon_core.package_identification:_identify(src) by extensions ['ros']
[1.639s] Level 1:colcon.colcon_core.package_identification:_identify(src) by extension 'ros'
[1.639s] Level 1:colcon.colcon_core.package_identification:_identify(src) by extensions ['cmake', 'python']
[1.639s] Level 1:colcon.colcon_core.package_identification:_identify(src) by extension 'cmake'
[1.639s] Level 1:colcon.colcon_core.package_identification:_identify(src) by extension 'python'
[1.639s] Level 1:colcon.colcon_core.package_identification:_identify(src) by extensions ['python_setup_py']
[1.639s] Level 1:colcon.colcon_core.package_identification:_identify(src) by extension 'python_setup_py'
[1.639s] Level 1:colcon.colcon_core.package_identification:_identify(src/build) by extensions ['ignore', 'ignore_ament_install']
[1.640s] Level 1:colcon.colcon_core.package_identification:_identify(src/build) by extension 'ignore'
[1.640s] Level 1:colcon.colcon_core.package_identification:_identify(src/build) ignored
[1.640s] Level 1:colcon.colcon_core.package_identification:_identify(src/cpp_parameters) by extensions ['ignore', 'ignore_ament_install']
[1.640s] Level 1:colcon.colcon_core.package_identification:_identify(src/cpp_parameters) by extension 'ignore'
[1.640s] Level 1:colcon.colcon_core.package_identification:_identify(src/cpp_parameters) by extension 'ignore_ament_install'
[1.640s] Level 1:colcon.colcon_core.package_identification:_identify(src/cpp_parameters) by extensions ['colcon_pkg']
[1.640s] Level 1:colcon.colcon_core.package_identification:_identify(src/cpp_parameters) by extension 'colcon_pkg'
[1.640s] Level 1:colcon.colcon_core.package_identification:_identify(src/cpp_parameters) by extensions ['colcon_meta']
[1.640s] Level 1:colcon.colcon_core.package_identification:_identify(src/cpp_parameters) by extension 'colcon_meta'
[1.640s] Level 1:colcon.colcon_core.package_identification:_identify(src/cpp_parameters) by extensions ['ros']
[1.640s] Level 1:colcon.colcon_core.package_identification:_identify(src/cpp_parameters) by extension 'ros'
[1.661s] DEBUG:colcon.colcon_core.package_identification:Package 'src/cpp_parameters' with type 'ros.ament_cmake' and name 'cpp_parameters'
[1.662s] Level 1:colcon.colcon_core.package_identification:_identify(src/cpp_pubsub) by extensions ['ignore', 'ignore_ament_install']
[1.662s] Level 1:colcon.colcon_core.package_identification:_identify(src/cpp_pubsub) by extension 'ignore'
[1.662s] Level 1:colcon.colcon_core.package_identification:_identify(src/cpp_pubsub) by extension 'ignore_ament_install'
[1.662s] Level 1:colcon.colcon_core.package_identification:_identify(src/cpp_pubsub) by extensions ['colcon_pkg']
[1.663s] Level 1:colcon.colcon_core.package_identification:_identify(src/cpp_pubsub) by extension 'colcon_pkg'
[1.663s] Level 1:colcon.colcon_core.package_identification:_identify(src/cpp_pubsub) by extensions ['colcon_meta']
[1.663s] Level 1:colcon.colcon_core.package_identification:_identify(src/cpp_pubsub) by extension 'colcon_meta'
[1.663s] Level 1:colcon.colcon_core.package_identification:_identify(src/cpp_pubsub) by extensions ['ros']
[1.663s] Level 1:colcon.colcon_core.package_identification:_identify(src/cpp_pubsub) by extension 'ros'
[1.679s] DEBUG:colcon.colcon_core.package_identification:Package 'src/cpp_pubsub' with type 'ros.ament_cmake' and name 'cpp_pubsub'
[1.680s] Level 1:colcon.colcon_core.package_identification:_identify(src/cpp_srvcli) by extensions ['ignore', 'ignore_ament_install']
[1.680s] Level 1:colcon.colcon_core.package_identification:_identify(src/cpp_srvcli) by extension 'ignore'
[1.680s] Level 1:colcon.colcon_core.package_identification:_identify(src/cpp_srvcli) by extension 'ignore_ament_install'
[1.680s] Level 1:colcon.colcon_core.package_identification:_identify(src/cpp_srvcli) by extensions ['colcon_pkg']
[1.680s] Level 1:colcon.colcon_core.package_identification:_identify(src/cpp_srvcli) by extension 'colcon_pkg'
[1.680s] Level 1:colcon.colcon_core.package_identification:_identify(src/cpp_srvcli) by extensions ['colcon_meta']
[1.680s] Level 1:colcon.colcon_core.package_identification:_identify(src/cpp_srvcli) by extension 'colcon_meta'
[1.681s] Level 1:colcon.colcon_core.package_identification:_identify(src/cpp_srvcli) by extensions ['ros']
[1.681s] Level 1:colcon.colcon_core.package_identification:_identify(src/cpp_srvcli) by extension 'ros'
[1.698s] DEBUG:colcon.colcon_core.package_identification:Package 'src/cpp_srvcli' with type 'ros.ament_cmake' and name 'cpp_srvcli'
[1.699s] Level 1:colcon.colcon_core.package_identification:_identify(src/install) by extensions ['ignore', 'ignore_ament_install']
[1.699s] Level 1:colcon.colcon_core.package_identification:_identify(src/install) by extension 'ignore'
[1.699s] Level 1:colcon.colcon_core.package_identification:_identify(src/install) ignored
[1.700s] Level 1:colcon.colcon_core.package_identification:_identify(src/log) by extensions ['ignore', 'ignore_ament_install']
[1.700s] Level 1:colcon.colcon_core.package_identification:_identify(src/log) by extension 'ignore'
[1.700s] Level 1:colcon.colcon_core.package_identification:_identify(src/log) ignored
[1.701s] Level 1:colcon.colcon_core.package_identification:_identify(src/more_interfaces) by extensions ['ignore', 'ignore_ament_install']
[1.701s] Level 1:colcon.colcon_core.package_identification:_identify(src/more_interfaces) by extension 'ignore'
[1.701s] Level 1:colcon.colcon_core.package_identification:_identify(src/more_interfaces) by extension 'ignore_ament_install'
[1.701s] Level 1:colcon.colcon_core.package_identification:_identify(src/more_interfaces) by extensions ['colcon_pkg']
[1.702s] Level 1:colcon.colcon_core.package_identification:_identify(src/more_interfaces) by extension 'colcon_pkg'
[1.702s] Level 1:colcon.colcon_core.package_identification:_identify(src/more_interfaces) by extensions ['colcon_meta']
[1.702s] Level 1:colcon.colcon_core.package_identification:_identify(src/more_interfaces) by extension 'colcon_meta'
[1.702s] Level 1:colcon.colcon_core.package_identification:_identify(src/more_interfaces) by extensions ['ros']
[1.702s] Level 1:colcon.colcon_core.package_identification:_identify(src/more_interfaces) by extension 'ros'
[1.713s] DEBUG:colcon.colcon_core.package_identification:Package 'src/more_interfaces' with type 'ros.ament_cmake' and name 'more_interfaces'
[1.713s] Level 1:colcon.colcon_core.package_identification:_identify(src/my_package) by extensions ['ignore', 'ignore_ament_install']
[1.713s] Level 1:colcon.colcon_core.package_identification:_identify(src/my_package) by extension 'ignore'
[1.714s] Level 1:colcon.colcon_core.package_identification:_identify(src/my_package) by extension 'ignore_ament_install'
[1.714s] Level 1:colcon.colcon_core.package_identification:_identify(src/my_package) by extensions ['colcon_pkg']
[1.714s] Level 1:colcon.colcon_core.package_identification:_identify(src/my_package) by extension 'colcon_pkg'
[1.714s] Level 1:colcon.colcon_core.package_identification:_identify(src/my_package) by extensions ['colcon_meta']
[1.715s] Level 1:colcon.colcon_core.package_identification:_identify(src/my_package) by extension 'colcon_meta'
[1.715s] Level 1:colcon.colcon_core.package_identification:_identify(src/my_package) by extensions ['ros']
[1.715s] Level 1:colcon.colcon_core.package_identification:_identify(src/my_package) by extension 'ros'
[1.734s] DEBUG:colcon.colcon_core.package_identification:Package 'src/my_package' with type 'ros.ament_python' and name 'my_package'
[1.734s] Level 1:colcon.colcon_core.package_identification:_identify(src/polygon_base) by extensions ['ignore', 'ignore_ament_install']
[1.735s] Level 1:colcon.colcon_core.package_identification:_identify(src/polygon_base) by extension 'ignore'
[1.735s] Level 1:colcon.colcon_core.package_identification:_identify(src/polygon_base) by extension 'ignore_ament_install'
[1.735s] Level 1:colcon.colcon_core.package_identification:_identify(src/polygon_base) by extensions ['colcon_pkg']
[1.735s] Level 1:colcon.colcon_core.package_identification:_identify(src/polygon_base) by extension 'colcon_pkg'
[1.736s] Level 1:colcon.colcon_core.package_identification:_identify(src/polygon_base) by extensions ['colcon_meta']
[1.736s] Level 1:colcon.colcon_core.package_identification:_identify(src/polygon_base) by extension 'colcon_meta'
[1.736s] Level 1:colcon.colcon_core.package_identification:_identify(src/polygon_base) by extensions ['ros']
[1.736s] Level 1:colcon.colcon_core.package_identification:_identify(src/polygon_base) by extension 'ros'
[1.749s] DEBUG:colcon.colcon_core.package_identification:Package 'src/polygon_base' with type 'ros.ament_cmake' and name 'polygon_base'
[1.749s] Level 1:colcon.colcon_core.package_identification:_identify(src/polygon_plugins) by extensions ['ignore', 'ignore_ament_install']
[1.750s] Level 1:colcon.colcon_core.package_identification:_identify(src/polygon_plugins) by extension 'ignore'
[1.750s] Level 1:colcon.colcon_core.package_identification:_identify(src/polygon_plugins) by extension 'ignore_ament_install'
[1.750s] Level 1:colcon.colcon_core.package_identification:_identify(src/polygon_plugins) by extensions ['colcon_pkg']
[1.750s] Level 1:colcon.colcon_core.package_identification:_identify(src/polygon_plugins) by extension 'colcon_pkg'
[1.751s] Level 1:colcon.colcon_core.package_identification:_identify(src/polygon_plugins) by extensions ['colcon_meta']
[1.751s] Level 1:colcon.colcon_core.package_identification:_identify(src/polygon_plugins) by extension 'colcon_meta'
[1.751s] Level 1:colcon.colcon_core.package_identification:_identify(src/polygon_plugins) by extensions ['ros']
[1.751s] Level 1:colcon.colcon_core.package_identification:_identify(src/polygon_plugins) by extension 'ros'
[1.766s] DEBUG:colcon.colcon_core.package_identification:Package 'src/polygon_plugins' with type 'ros.ament_cmake' and name 'polygon_plugins'
[1.767s] Level 1:colcon.colcon_core.package_identification:_identify(src/py_pubsub) by extensions ['ignore', 'ignore_ament_install']
[1.767s] Level 1:colcon.colcon_core.package_identification:_identify(src/py_pubsub) by extension 'ignore'
[1.767s] Level 1:colcon.colcon_core.package_identification:_identify(src/py_pubsub) by extension 'ignore_ament_install'
[1.767s] Level 1:colcon.colcon_core.package_identification:_identify(src/py_pubsub) by extensions ['colcon_pkg']
[1.768s] Level 1:colcon.colcon_core.package_identification:_identify(src/py_pubsub) by extension 'colcon_pkg'
[1.768s] Level 1:colcon.colcon_core.package_identification:_identify(src/py_pubsub) by extensions ['colcon_meta']
[1.768s] Level 1:colcon.colcon_core.package_identification:_identify(src/py_pubsub) by extension 'colcon_meta'
[1.768s] Level 1:colcon.colcon_core.package_identification:_identify(src/py_pubsub) by extensions ['ros']
[1.768s] Level 1:colcon.colcon_core.package_identification:_identify(src/py_pubsub) by extension 'ros'
[1.783s] DEBUG:colcon.colcon_core.package_identification:Package 'src/py_pubsub' with type 'ros.ament_python' and name 'py_pubsub'
[1.784s] Level 1:colcon.colcon_core.package_identification:_identify(src/py_srvcli) by extensions ['ignore', 'ignore_ament_install']
[1.784s] Level 1:colcon.colcon_core.package_identification:_identify(src/py_srvcli) by extension 'ignore'
[1.785s] Level 1:colcon.colcon_core.package_identification:_identify(src/py_srvcli) by extension 'ignore_ament_install'
[1.785s] Level 1:colcon.colcon_core.package_identification:_identify(src/py_srvcli) by extensions ['colcon_pkg']
[1.785s] Level 1:colcon.colcon_core.package_identification:_identify(src/py_srvcli) by extension 'colcon_pkg'
[1.785s] Level 1:colcon.colcon_core.package_identification:_identify(src/py_srvcli) by extensions ['colcon_meta']
[1.785s] Level 1:colcon.colcon_core.package_identification:_identify(src/py_srvcli) by extension 'colcon_meta'
[1.785s] Level 1:colcon.colcon_core.package_identification:_identify(src/py_srvcli) by extensions ['ros']
[1.786s] Level 1:colcon.colcon_core.package_identification:_identify(src/py_srvcli) by extension 'ros'
[1.798s] DEBUG:colcon.colcon_core.package_identification:Package 'src/py_srvcli' with type 'ros.ament_python' and name 'py_srvcli'
[1.798s] Level 1:colcon.colcon_core.package_identification:_identify(src/python_parameters) by extensions ['ignore', 'ignore_ament_install']
[1.798s] Level 1:colcon.colcon_core.package_identification:_identify(src/python_parameters) by extension 'ignore'
[1.799s] Level 1:colcon.colcon_core.package_identification:_identify(src/python_parameters) by extension 'ignore_ament_install'
[1.799s] Level 1:colcon.colcon_core.package_identification:_identify(src/python_parameters) by extensions ['colcon_pkg']
[1.799s] Level 1:colcon.colcon_core.package_identification:_identify(src/python_parameters) by extension 'colcon_pkg'
[1.799s] Level 1:colcon.colcon_core.package_identification:_identify(src/python_parameters) by extensions ['colcon_meta']
[1.799s] Level 1:colcon.colcon_core.package_identification:_identify(src/python_parameters) by extension 'colcon_meta'
[1.800s] Level 1:colcon.colcon_core.package_identification:_identify(src/python_parameters) by extensions ['ros']
[1.800s] Level 1:colcon.colcon_core.package_identification:_identify(src/python_parameters) by extension 'ros'
[1.825s] DEBUG:colcon.colcon_core.package_identification:Package 'src/python_parameters' with type 'ros.ament_python' and name 'python_parameters'
[1.825s] Level 1:colcon.colcon_core.package_identification:_identify(src/ros_test_package) by extensions ['ignore', 'ignore_ament_install']
[1.826s] Level 1:colcon.colcon_core.package_identification:_identify(src/ros_test_package) by extension 'ignore'
[1.826s] Level 1:colcon.colcon_core.package_identification:_identify(src/ros_test_package) by extension 'ignore_ament_install'
[1.826s] Level 1:colcon.colcon_core.package_identification:_identify(src/ros_test_package) by extensions ['colcon_pkg']
[1.826s] Level 1:colcon.colcon_core.package_identification:_identify(src/ros_test_package) by extension 'colcon_pkg'
[1.826s] Level 1:colcon.colcon_core.package_identification:_identify(src/ros_test_package) by extensions ['colcon_meta']
[1.827s] Level 1:colcon.colcon_core.package_identification:_identify(src/ros_test_package) by extension 'colcon_meta'
[1.827s] Level 1:colcon.colcon_core.package_identification:_identify(src/ros_test_package) by extensions ['ros']
[1.827s] Level 1:colcon.colcon_core.package_identification:_identify(src/ros_test_package) by extension 'ros'
[1.843s] DEBUG:colcon.colcon_core.package_identification:Package 'src/ros_test_package' with type 'ros.ament_python' and name 'ros_test_package'
[1.844s] Level 1:colcon.colcon_core.package_identification:_identify(src/tutorial_interfaces) by extensions ['ignore', 'ignore_ament_install']
[1.844s] Level 1:colcon.colcon_core.package_identification:_identify(src/tutorial_interfaces) by extension 'ignore'
[1.844s] Level 1:colcon.colcon_core.package_identification:_identify(src/tutorial_interfaces) by extension 'ignore_ament_install'
[1.844s] Level 1:colcon.colcon_core.package_identification:_identify(src/tutorial_interfaces) by extensions ['colcon_pkg']
[1.845s] Level 1:colcon.colcon_core.package_identification:_identify(src/tutorial_interfaces) by extension 'colcon_pkg'
[1.845s] Level 1:colcon.colcon_core.package_identification:_identify(src/tutorial_interfaces) by extensions ['colcon_meta']
[1.845s] Level 1:colcon.colcon_core.package_identification:_identify(src/tutorial_interfaces) by extension 'colcon_meta'
[1.845s] Level 1:colcon.colcon_core.package_identification:_identify(src/tutorial_interfaces) by extensions ['ros']
[1.845s] Level 1:colcon.colcon_core.package_identification:_identify(src/tutorial_interfaces) by extension 'ros'
[1.855s] DEBUG:colcon.colcon_core.package_identification:Package 'src/tutorial_interfaces' with type 'ros.ament_cmake' and name 'tutorial_interfaces'
[1.855s] Level 1:colcon.colcon_core.package_discovery:discover_packages(recursive) using defaults
[1.855s] Level 1:colcon.colcon_core.package_discovery:discover_packages(ignore) discover
[1.856s] Level 1:colcon.colcon_core.package_discovery:discover_packages(ignore) using defaults
[1.856s] Level 1:colcon.colcon_core.package_discovery:discover_packages(path) discover
[1.856s] Level 1:colcon.colcon_core.package_discovery:discover_packages(path) using defaults
[2.150s] Level 1:colcon.colcon_core.package_discovery:discover_packages(prefix_path) check parameters
[2.150s] Level 1:colcon.colcon_core.package_discovery:discover_packages(prefix_path) discover
[3.515s] DEBUG:colcon.colcon_installed_package_information.package_discovery:Found 63 installed packages in /home/jishnu/project/moveit-projects/ws_moveit2/install
[3.519s] DEBUG:colcon.colcon_installed_package_information.package_discovery:Found 53 installed packages in /home/jishnu/ws_moveit2/install
[3.529s] DEBUG:colcon.colcon_installed_package_information.package_discovery:Found 325 installed packages in /opt/ros/humble
[3.537s] Level 1:colcon.colcon_core.package_discovery:discover_packages(prefix_path) using defaults
[6.237s] Level 5:colcon.colcon_core.verb:set package 'cpp_parameters' build argument 'cmake_args' from command line to 'None'
[6.237s] Level 5:colcon.colcon_core.verb:set package 'cpp_parameters' build argument 'cmake_target' from command line to 'None'
[6.237s] Level 5:colcon.colcon_core.verb:set package 'cpp_parameters' build argument 'cmake_target_skip_unavailable' from command line to 'False'
[6.237s] Level 5:colcon.colcon_core.verb:set package 'cpp_parameters' build argument 'cmake_clean_cache' from command line to 'False'
[6.237s] Level 5:colcon.colcon_core.verb:set package 'cpp_parameters' build argument 'cmake_clean_first' from command line to 'False'
[6.237s] Level 5:colcon.colcon_core.verb:set package 'cpp_parameters' build argument 'cmake_force_configure' from command line to 'False'
[6.238s] Level 5:colcon.colcon_core.verb:set package 'cpp_parameters' build argument 'ament_cmake_args' from command line to 'None'
[6.238s] Level 5:colcon.colcon_core.verb:set package 'cpp_parameters' build argument 'catkin_cmake_args' from command line to 'None'
[6.238s] Level 5:colcon.colcon_core.verb:set package 'cpp_parameters' build argument 'catkin_skip_building_tests' from command line to 'False'
[6.238s] DEBUG:colcon.colcon_core.verb:Building package 'cpp_parameters' with the following arguments: {'ament_cmake_args': None, 'build_base': '/home/jishnu/project/ros2-project/projects/workspace/build/cpp_parameters', 'catkin_cmake_args': None, 'catkin_skip_building_tests': False, 'cmake_args': None, 'cmake_clean_cache': False, 'cmake_clean_first': False, 'cmake_force_configure': False, 'cmake_target': None, 'cmake_target_skip_unavailable': False, 'install_base': '/home/jishnu/project/ros2-project/projects/workspace/install/cpp_parameters', 'merge_install': False, 'path': '/home/jishnu/project/ros2-project/projects/workspace/src/cpp_parameters', 'symlink_install': False, 'test_result_base': None}
[6.240s] Level 5:colcon.colcon_core.verb:set package 'cpp_pubsub' build argument 'cmake_args' from command line to 'None'
[6.240s] Level 5:colcon.colcon_core.verb:set package 'cpp_pubsub' build argument 'cmake_target' from command line to 'None'
[6.240s] Level 5:colcon.colcon_core.verb:set package 'cpp_pubsub' build argument 'cmake_target_skip_unavailable' from command line to 'False'
[6.240s] Level 5:colcon.colcon_core.verb:set package 'cpp_pubsub' build argument 'cmake_clean_cache' from command line to 'False'
[6.240s] Level 5:colcon.colcon_core.verb:set package 'cpp_pubsub' build argument 'cmake_clean_first' from command line to 'False'
[6.240s] Level 5:colcon.colcon_core.verb:set package 'cpp_pubsub' build argument 'cmake_force_configure' from command line to 'False'
[6.240s] Level 5:colcon.colcon_core.verb:set package 'cpp_pubsub' build argument 'ament_cmake_args' from command line to 'None'
[6.240s] Level 5:colcon.colcon_core.verb:set package 'cpp_pubsub' build argument 'catkin_cmake_args' from command line to 'None'
[6.240s] Level 5:colcon.colcon_core.verb:set package 'cpp_pubsub' build argument 'catkin_skip_building_tests' from command line to 'False'
[6.240s] DEBUG:colcon.colcon_core.verb:Building package 'cpp_pubsub' with the following arguments: {'ament_cmake_args': None, 'build_base': '/home/jishnu/project/ros2-project/projects/workspace/build/cpp_pubsub', 'catkin_cmake_args': None, 'catkin_skip_building_tests': False, 'cmake_args': None, 'cmake_clean_cache': False, 'cmake_clean_first': False, 'cmake_force_configure': False, 'cmake_target': None, 'cmake_target_skip_unavailable': False, 'install_base': '/home/jishnu/project/ros2-project/projects/workspace/install/cpp_pubsub', 'merge_install': False, 'path': '/home/jishnu/project/ros2-project/projects/workspace/src/cpp_pubsub', 'symlink_install': False, 'test_result_base': None}
[6.242s] Level 5:colcon.colcon_core.verb:set package 'cpp_srvcli' build argument 'cmake_args' from command line to 'None'
[6.242s] Level 5:colcon.colcon_core.verb:set package 'cpp_srvcli' build argument 'cmake_target' from command line to 'None'
[6.242s] Level 5:colcon.colcon_core.verb:set package 'cpp_srvcli' build argument 'cmake_target_skip_unavailable' from command line to 'False'
[6.242s] Level 5:colcon.colcon_core.verb:set package 'cpp_srvcli' build argument 'cmake_clean_cache' from command line to 'False'
[6.242s] Level 5:colcon.colcon_core.verb:set package 'cpp_srvcli' build argument 'cmake_clean_first' from command line to 'False'
[6.242s] Level 5:colcon.colcon_core.verb:set package 'cpp_srvcli' build argument 'cmake_force_configure' from command line to 'False'
[6.242s] Level 5:colcon.colcon_core.verb:set package 'cpp_srvcli' build argument 'ament_cmake_args' from command line to 'None'
[6.242s] Level 5:colcon.colcon_core.verb:set package 'cpp_srvcli' build argument 'catkin_cmake_args' from command line to 'None'
[6.242s] Level 5:colcon.colcon_core.verb:set package 'cpp_srvcli' build argument 'catkin_skip_building_tests' from command line to 'False'
[6.243s] DEBUG:colcon.colcon_core.verb:Building package 'cpp_srvcli' with the following arguments: {'ament_cmake_args': None, 'build_base': '/home/jishnu/project/ros2-project/projects/workspace/build/cpp_srvcli', 'catkin_cmake_args': None, 'catkin_skip_building_tests': False, 'cmake_args': None, 'cmake_clean_cache': False, 'cmake_clean_first': False, 'cmake_force_configure': False, 'cmake_target': None, 'cmake_target_skip_unavailable': False, 'install_base': '/home/jishnu/project/ros2-project/projects/workspace/install/cpp_srvcli', 'merge_install': False, 'path': '/home/jishnu/project/ros2-project/projects/workspace/src/cpp_srvcli', 'symlink_install': False, 'test_result_base': None}
[6.245s] Level 5:colcon.colcon_core.verb:set package 'more_interfaces' build argument 'cmake_args' from command line to 'None'
[6.245s] Level 5:colcon.colcon_core.verb:set package 'more_interfaces' build argument 'cmake_target' from command line to 'None'
[6.245s] Level 5:colcon.colcon_core.verb:set package 'more_interfaces' build argument 'cmake_target_skip_unavailable' from command line to 'False'
[6.245s] Level 5:colcon.colcon_core.verb:set package 'more_interfaces' build argument 'cmake_clean_cache' from command line to 'False'
[6.245s] Level 5:colcon.colcon_core.verb:set package 'more_interfaces' build argument 'cmake_clean_first' from command line to 'False'
[6.245s] Level 5:colcon.colcon_core.verb:set package 'more_interfaces' build argument 'cmake_force_configure' from command line to 'False'
[6.245s] Level 5:colcon.colcon_core.verb:set package 'more_interfaces' build argument 'ament_cmake_args' from command line to 'None'
[6.245s] Level 5:colcon.colcon_core.verb:set package 'more_interfaces' build argument 'catkin_cmake_args' from command line to 'None'
[6.245s] Level 5:colcon.colcon_core.verb:set package 'more_interfaces' build argument 'catkin_skip_building_tests' from command line to 'False'
[6.245s] DEBUG:colcon.colcon_core.verb:Building package 'more_interfaces' with the following arguments: {'ament_cmake_args': None, 'build_base': '/home/jishnu/project/ros2-project/projects/workspace/build/more_interfaces', 'catkin_cmake_args': None, 'catkin_skip_building_tests': False, 'cmake_args': None, 'cmake_clean_cache': False, 'cmake_clean_first': False, 'cmake_force_configure': False, 'cmake_target': None, 'cmake_target_skip_unavailable': False, 'install_base': '/home/jishnu/project/ros2-project/projects/workspace/install/more_interfaces', 'merge_install': False, 'path': '/home/jishnu/project/ros2-project/projects/workspace/src/more_interfaces', 'symlink_install': False, 'test_result_base': None}
[6.247s] Level 5:colcon.colcon_core.verb:set package 'my_package' build argument 'cmake_args' from command line to 'None'
[6.247s] Level 5:colcon.colcon_core.verb:set package 'my_package' build argument 'cmake_target' from command line to 'None'
[6.247s] Level 5:colcon.colcon_core.verb:set package 'my_package' build argument 'cmake_target_skip_unavailable' from command line to 'False'
[6.247s] Level 5:colcon.colcon_core.verb:set package 'my_package' build argument 'cmake_clean_cache' from command line to 'False'
[6.247s] Level 5:colcon.colcon_core.verb:set package 'my_package' build argument 'cmake_clean_first' from command line to 'False'
[6.247s] Level 5:colcon.colcon_core.verb:set package 'my_package' build argument 'cmake_force_configure' from command line to 'False'
[6.247s] Level 5:colcon.colcon_core.verb:set package 'my_package' build argument 'ament_cmake_args' from command line to 'None'
[6.247s] Level 5:colcon.colcon_core.verb:set package 'my_package' build argument 'catkin_cmake_args' from command line to 'None'
[6.247s] Level 5:colcon.colcon_core.verb:set package 'my_package' build argument 'catkin_skip_building_tests' from command line to 'False'
[6.247s] DEBUG:colcon.colcon_core.verb:Building package 'my_package' with the following arguments: {'ament_cmake_args': None, 'build_base': '/home/jishnu/project/ros2-project/projects/workspace/build/my_package', 'catkin_cmake_args': None, 'catkin_skip_building_tests': False, 'cmake_args': None, 'cmake_clean_cache': False, 'cmake_clean_first': False, 'cmake_force_configure': False, 'cmake_target': None, 'cmake_target_skip_unavailable': False, 'install_base': '/home/jishnu/project/ros2-project/projects/workspace/install/my_package', 'merge_install': False, 'path': '/home/jishnu/project/ros2-project/projects/workspace/src/my_package', 'symlink_install': False, 'test_result_base': None}
[6.250s] Level 5:colcon.colcon_core.verb:set package 'polygon_base' build argument 'cmake_args' from command line to 'None'
[6.250s] Level 5:colcon.colcon_core.verb:set package 'polygon_base' build argument 'cmake_target' from command line to 'None'
[6.250s] Level 5:colcon.colcon_core.verb:set package 'polygon_base' build argument 'cmake_target_skip_unavailable' from command line to 'False'
[6.250s] Level 5:colcon.colcon_core.verb:set package 'polygon_base' build argument 'cmake_clean_cache' from command line to 'False'
[6.250s] Level 5:colcon.colcon_core.verb:set package 'polygon_base' build argument 'cmake_clean_first' from command line to 'False'
[6.250s] Level 5:colcon.colcon_core.verb:set package 'polygon_base' build argument 'cmake_force_configure' from command line to 'False'
[6.250s] Level 5:colcon.colcon_core.verb:set package 'polygon_base' build argument 'ament_cmake_args' from command line to 'None'
[6.250s] Level 5:colcon.colcon_core.verb:set package 'polygon_base' build argument 'catkin_cmake_args' from command line to 'None'
[6.250s] Level 5:colcon.colcon_core.verb:set package 'polygon_base' build argument 'catkin_skip_building_tests' from command line to 'False'
[6.251s] DEBUG:colcon.colcon_core.verb:Building package 'polygon_base' with the following arguments: {'ament_cmake_args': None, 'build_base': '/home/jishnu/project/ros2-project/projects/workspace/build/polygon_base', 'catkin_cmake_args': None, 'catkin_skip_building_tests': False, 'cmake_args': None, 'cmake_clean_cache': False, 'cmake_clean_first': False, 'cmake_force_configure': False, 'cmake_target': None, 'cmake_target_skip_unavailable': False, 'install_base': '/home/jishnu/project/ros2-project/projects/workspace/install/polygon_base', 'merge_install': False, 'path': '/home/jishnu/project/ros2-project/projects/workspace/src/polygon_base', 'symlink_install': False, 'test_result_base': None}
[6.253s] Level 5:colcon.colcon_core.verb:set package 'py_srvcli' build argument 'cmake_args' from command line to 'None'
[6.253s] Level 5:colcon.colcon_core.verb:set package 'py_srvcli' build argument 'cmake_target' from command line to 'None'
[6.253s] Level 5:colcon.colcon_core.verb:set package 'py_srvcli' build argument 'cmake_target_skip_unavailable' from command line to 'False'
[6.253s] Level 5:colcon.colcon_core.verb:set package 'py_srvcli' build argument 'cmake_clean_cache' from command line to 'False'
[6.253s] Level 5:colcon.colcon_core.verb:set package 'py_srvcli' build argument 'cmake_clean_first' from command line to 'False'
[6.253s] Level 5:colcon.colcon_core.verb:set package 'py_srvcli' build argument 'cmake_force_configure' from command line to 'False'
[6.253s] Level 5:colcon.colcon_core.verb:set package 'py_srvcli' build argument 'ament_cmake_args' from command line to 'None'
[6.253s] Level 5:colcon.colcon_core.verb:set package 'py_srvcli' build argument 'catkin_cmake_args' from command line to 'None'
[6.253s] Level 5:colcon.colcon_core.verb:set package 'py_srvcli' build argument 'catkin_skip_building_tests' from command line to 'False'
[6.253s] DEBUG:colcon.colcon_core.verb:Building package 'py_srvcli' with the following arguments: {'ament_cmake_args': None, 'build_base': '/home/jishnu/project/ros2-project/projects/workspace/build/py_srvcli', 'catkin_cmake_args': None, 'catkin_skip_building_tests': False, 'cmake_args': None, 'cmake_clean_cache': False, 'cmake_clean_first': False, 'cmake_force_configure': False, 'cmake_target': None, 'cmake_target_skip_unavailable': False, 'install_base': '/home/jishnu/project/ros2-project/projects/workspace/install/py_srvcli', 'merge_install': False, 'path': '/home/jishnu/project/ros2-project/projects/workspace/src/py_srvcli', 'symlink_install': False, 'test_result_base': None}
[6.255s] Level 5:colcon.colcon_core.verb:set package 'python_parameters' build argument 'cmake_args' from command line to 'None'
[6.255s] Level 5:colcon.colcon_core.verb:set package 'python_parameters' build argument 'cmake_target' from command line to 'None'
[6.255s] Level 5:colcon.colcon_core.verb:set package 'python_parameters' build argument 'cmake_target_skip_unavailable' from command line to 'False'
[6.255s] Level 5:colcon.colcon_core.verb:set package 'python_parameters' build argument 'cmake_clean_cache' from command line to 'False'
[6.255s] Level 5:colcon.colcon_core.verb:set package 'python_parameters' build argument 'cmake_clean_first' from command line to 'False'
[6.256s] Level 5:colcon.colcon_core.verb:set package 'python_parameters' build argument 'cmake_force_configure' from command line to 'False'
[6.256s] Level 5:colcon.colcon_core.verb:set package 'python_parameters' build argument 'ament_cmake_args' from command line to 'None'
[6.256s] Level 5:colcon.colcon_core.verb:set package 'python_parameters' build argument 'catkin_cmake_args' from command line to 'None'
[6.256s] Level 5:colcon.colcon_core.verb:set package 'python_parameters' build argument 'catkin_skip_building_tests' from command line to 'False'
[6.256s] DEBUG:colcon.colcon_core.verb:Building package 'python_parameters' with the following arguments: {'ament_cmake_args': None, 'build_base': '/home/jishnu/project/ros2-project/projects/workspace/build/python_parameters', 'catkin_cmake_args': None, 'catkin_skip_building_tests': False, 'cmake_args': None, 'cmake_clean_cache': False, 'cmake_clean_first': False, 'cmake_force_configure': False, 'cmake_target': None, 'cmake_target_skip_unavailable': False, 'install_base': '/home/jishnu/project/ros2-project/projects/workspace/install/python_parameters', 'merge_install': False, 'path': '/home/jishnu/project/ros2-project/projects/workspace/src/python_parameters', 'symlink_install': False, 'test_result_base': None}
[6.258s] Level 5:colcon.colcon_core.verb:set package 'ros_test_package' build argument 'cmake_args' from command line to 'None'
[6.258s] Level 5:colcon.colcon_core.verb:set package 'ros_test_package' build argument 'cmake_target' from command line to 'None'
[6.258s] Level 5:colcon.colcon_core.verb:set package 'ros_test_package' build argument 'cmake_target_skip_unavailable' from command line to 'False'
[6.258s] Level 5:colcon.colcon_core.verb:set package 'ros_test_package' build argument 'cmake_clean_cache' from command line to 'False'
[6.258s] Level 5:colcon.colcon_core.verb:set package 'ros_test_package' build argument 'cmake_clean_first' from command line to 'False'
[6.258s] Level 5:colcon.colcon_core.verb:set package 'ros_test_package' build argument 'cmake_force_configure' from command line to 'False'
[6.258s] Level 5:colcon.colcon_core.verb:set package 'ros_test_package' build argument 'ament_cmake_args' from command line to 'None'
[6.258s] Level 5:colcon.colcon_core.verb:set package 'ros_test_package' build argument 'catkin_cmake_args' from command line to 'None'
[6.258s] Level 5:colcon.colcon_core.verb:set package 'ros_test_package' build argument 'catkin_skip_building_tests' from command line to 'False'
[6.258s] DEBUG:colcon.colcon_core.verb:Building package 'ros_test_package' with the following arguments: {'ament_cmake_args': None, 'build_base': '/home/jishnu/project/ros2-project/projects/workspace/build/ros_test_package', 'catkin_cmake_args': None, 'catkin_skip_building_tests': False, 'cmake_args': None, 'cmake_clean_cache': False, 'cmake_clean_first': False, 'cmake_force_configure': False, 'cmake_target': None, 'cmake_target_skip_unavailable': False, 'install_base': '/home/jishnu/project/ros2-project/projects/workspace/install/ros_test_package', 'merge_install': False, 'path': '/home/jishnu/project/ros2-project/projects/workspace/src/ros_test_package', 'symlink_install': False, 'test_result_base': None}
[6.261s] Level 5:colcon.colcon_core.verb:set package 'tutorial_interfaces' build argument 'cmake_args' from command line to 'None'
[6.261s] Level 5:colcon.colcon_core.verb:set package 'tutorial_interfaces' build argument 'cmake_target' from command line to 'None'
[6.261s] Level 5:colcon.colcon_core.verb:set package 'tutorial_interfaces' build argument 'cmake_target_skip_unavailable' from command line to 'False'
[6.261s] Level 5:colcon.colcon_core.verb:set package 'tutorial_interfaces' build argument 'cmake_clean_cache' from command line to 'False'
[6.261s] Level 5:colcon.colcon_core.verb:set package 'tutorial_interfaces' build argument 'cmake_clean_first' from command line to 'False'
[6.261s] Level 5:colcon.colcon_core.verb:set package 'tutorial_interfaces' build argument 'cmake_force_configure' from command line to 'False'
[6.261s] Level 5:colcon.colcon_core.verb:set package 'tutorial_interfaces' build argument 'ament_cmake_args' from command line to 'None'
[6.261s] Level 5:colcon.colcon_core.verb:set package 'tutorial_interfaces' build argument 'catkin_cmake_args' from command line to 'None'
[6.261s] Level 5:colcon.colcon_core.verb:set package 'tutorial_interfaces' build argument 'catkin_skip_building_tests' from command line to 'False'
[6.261s] DEBUG:colcon.colcon_core.verb:Building package 'tutorial_interfaces' with the following arguments: {'ament_cmake_args': None, 'build_base': '/home/jishnu/project/ros2-project/projects/workspace/build/tutorial_interfaces', 'catkin_cmake_args': None, 'catkin_skip_building_tests': False, 'cmake_args': None, 'cmake_clean_cache': False, 'cmake_clean_first': False, 'cmake_force_configure': False, 'cmake_target': None, 'cmake_target_skip_unavailable': False, 'install_base': '/home/jishnu/project/ros2-project/projects/workspace/install/tutorial_interfaces', 'merge_install': False, 'path': '/home/jishnu/project/ros2-project/projects/workspace/src/tutorial_interfaces', 'symlink_install': False, 'test_result_base': None}
[6.263s] Level 5:colcon.colcon_core.verb:set package 'polygon_plugins' build argument 'cmake_args' from command line to 'None'
[6.263s] Level 5:colcon.colcon_core.verb:set package 'polygon_plugins' build argument 'cmake_target' from command line to 'None'
[6.263s] Level 5:colcon.colcon_core.verb:set package 'polygon_plugins' build argument 'cmake_target_skip_unavailable' from command line to 'False'
[6.263s] Level 5:colcon.colcon_core.verb:set package 'polygon_plugins' build argument 'cmake_clean_cache' from command line to 'False'
[6.263s] Level 5:colcon.colcon_core.verb:set package 'polygon_plugins' build argument 'cmake_clean_first' from command line to 'False'
[6.263s] Level 5:colcon.colcon_core.verb:set package 'polygon_plugins' build argument 'cmake_force_configure' from command line to 'False'
[6.263s] Level 5:colcon.colcon_core.verb:set package 'polygon_plugins' build argument 'ament_cmake_args' from command line to 'None'
[6.263s] Level 5:colcon.colcon_core.verb:set package 'polygon_plugins' build argument 'catkin_cmake_args' from command line to 'None'
[6.263s] Level 5:colcon.colcon_core.verb:set package 'polygon_plugins' build argument 'catkin_skip_building_tests' from command line to 'False'
[6.263s] DEBUG:colcon.colcon_core.verb:Building package 'polygon_plugins' with the following arguments: {'ament_cmake_args': None, 'build_base': '/home/jishnu/project/ros2-project/projects/workspace/build/polygon_plugins', 'catkin_cmake_args': None, 'catkin_skip_building_tests': False, 'cmake_args': None, 'cmake_clean_cache': False, 'cmake_clean_first': False, 'cmake_force_configure': False, 'cmake_target': None, 'cmake_target_skip_unavailable': False, 'install_base': '/home/jishnu/project/ros2-project/projects/workspace/install/polygon_plugins', 'merge_install': False, 'path': '/home/jishnu/project/ros2-project/projects/workspace/src/polygon_plugins', 'symlink_install': False, 'test_result_base': None}
[6.266s] Level 5:colcon.colcon_core.verb:set package 'py_pubsub' build argument 'cmake_args' from command line to 'None'
[6.266s] Level 5:colcon.colcon_core.verb:set package 'py_pubsub' build argument 'cmake_target' from command line to 'None'
[6.266s] Level 5:colcon.colcon_core.verb:set package 'py_pubsub' build argument 'cmake_target_skip_unavailable' from command line to 'False'
[6.266s] Level 5:colcon.colcon_core.verb:set package 'py_pubsub' build argument 'cmake_clean_cache' from command line to 'False'
[6.266s] Level 5:colcon.colcon_core.verb:set package 'py_pubsub' build argument 'cmake_clean_first' from command line to 'False'
[6.266s] Level 5:colcon.colcon_core.verb:set package 'py_pubsub' build argument 'cmake_force_configure' from command line to 'False'
[6.266s] Level 5:colcon.colcon_core.verb:set package 'py_pubsub' build argument 'ament_cmake_args' from command line to 'None'
[6.266s] Level 5:colcon.colcon_core.verb:set package 'py_pubsub' build argument 'catkin_cmake_args' from command line to 'None'
[6.266s] Level 5:colcon.colcon_core.verb:set package 'py_pubsub' build argument 'catkin_skip_building_tests' from command line to 'False'
[6.266s] DEBUG:colcon.colcon_core.verb:Building package 'py_pubsub' with the following arguments: {'ament_cmake_args': None, 'build_base': '/home/jishnu/project/ros2-project/projects/workspace/build/py_pubsub', 'catkin_cmake_args': None, 'catkin_skip_building_tests': False, 'cmake_args': None, 'cmake_clean_cache': False, 'cmake_clean_first': False, 'cmake_force_configure': False, 'cmake_target': None, 'cmake_target_skip_unavailable': False, 'install_base': '/home/jishnu/project/ros2-project/projects/workspace/install/py_pubsub', 'merge_install': False, 'path': '/home/jishnu/project/ros2-project/projects/workspace/src/py_pubsub', 'symlink_install': False, 'test_result_base': None}
[6.268s] INFO:colcon.colcon_core.executor:Executing jobs using 'parallel' executor
[6.279s] DEBUG:colcon.colcon_parallel_executor.executor.parallel:run_until_complete
[6.280s] INFO:colcon.colcon_ros.task.ament_cmake.build:Building ROS package in '/home/jishnu/project/ros2-project/projects/workspace/src/polygon_base' with build type 'ament_cmake'
[6.280s] INFO:colcon.colcon_cmake.task.cmake.build:Building CMake package in '/home/jishnu/project/ros2-project/projects/workspace/src/polygon_base'
[6.297s] INFO:colcon.colcon_core.plugin_system:Skipping extension 'colcon_core.shell.bat': Not used on non-Windows systems
[6.297s] INFO:colcon.colcon_core.shell:Skip shell extension 'powershell' for command environment: Not usable outside of PowerShell
[6.297s] DEBUG:colcon.colcon_core.shell:Skip shell extension 'dsv' for command environment
[6.323s] INFO:colcon.colcon_ros.task.ament_cmake.build:Building ROS package in '/home/jishnu/project/ros2-project/projects/workspace/src/tutorial_interfaces' with build type 'ament_cmake'
[6.323s] INFO:colcon.colcon_cmake.task.cmake.build:Building CMake package in '/home/jishnu/project/ros2-project/projects/workspace/src/tutorial_interfaces'
[6.328s] INFO:colcon.colcon_core.shell:Skip shell extension 'powershell' for command environment: Not usable outside of PowerShell
[6.328s] DEBUG:colcon.colcon_core.shell:Skip shell extension 'dsv' for command environment
[6.351s] INFO:colcon.colcon_ros.task.ament_cmake.build:Building ROS package in '/home/jishnu/project/ros2-project/projects/workspace/src/cpp_parameters' with build type 'ament_cmake'
[6.351s] INFO:colcon.colcon_cmake.task.cmake.build:Building CMake package in '/home/jishnu/project/ros2-project/projects/workspace/src/cpp_parameters'
[6.357s] INFO:colcon.colcon_core.shell:Skip shell extension 'powershell' for command environment: Not usable outside of PowerShell
[6.357s] DEBUG:colcon.colcon_core.shell:Skip shell extension 'dsv' for command environment
[6.379s] INFO:colcon.colcon_ros.task.ament_cmake.build:Building ROS package in '/home/jishnu/project/ros2-project/projects/workspace/src/cpp_pubsub' with build type 'ament_cmake'
[6.379s] INFO:colcon.colcon_cmake.task.cmake.build:Building CMake package in '/home/jishnu/project/ros2-project/projects/workspace/src/cpp_pubsub'
[6.383s] INFO:colcon.colcon_core.shell:Skip shell extension 'powershell' for command environment: Not usable outside of PowerShell
[6.383s] DEBUG:colcon.colcon_core.shell:Skip shell extension 'dsv' for command environment
[6.404s] INFO:colcon.colcon_ros.task.ament_cmake.build:Building ROS package in '/home/jishnu/project/ros2-project/projects/workspace/src/cpp_srvcli' with build type 'ament_cmake'
[6.405s] INFO:colcon.colcon_cmake.task.cmake.build:Building CMake package in '/home/jishnu/project/ros2-project/projects/workspace/src/cpp_srvcli'
[6.412s] INFO:colcon.colcon_core.shell:Skip shell extension 'powershell' for command environment: Not usable outside of PowerShell
[6.412s] DEBUG:colcon.colcon_core.shell:Skip shell extension 'dsv' for command environment
[6.432s] INFO:colcon.colcon_ros.task.ament_cmake.build:Building ROS package in '/home/jishnu/project/ros2-project/projects/workspace/src/more_interfaces' with build type 'ament_cmake'
[6.432s] INFO:colcon.colcon_cmake.task.cmake.build:Building CMake package in '/home/jishnu/project/ros2-project/projects/workspace/src/more_interfaces'
[6.436s] INFO:colcon.colcon_core.shell:Skip shell extension 'powershell' for command environment: Not usable outside of PowerShell
[6.436s] DEBUG:colcon.colcon_core.shell:Skip shell extension 'dsv' for command environment
[6.459s] INFO:colcon.colcon_ros.task.ament_python.build:Building ROS package in '/home/jishnu/project/ros2-project/projects/workspace/src/my_package' with build type 'ament_python'
[6.459s] Level 1:colcon.colcon_core.shell:create_environment_hook('my_package', 'ament_prefix_path')
[6.465s] INFO:colcon.colcon_core.shell:Creating environment hook '/home/jishnu/project/ros2-project/projects/workspace/install/my_package/share/my_package/hook/ament_prefix_path.ps1'
[6.473s] INFO:colcon.colcon_core.shell:Creating environment descriptor '/home/jishnu/project/ros2-project/projects/workspace/install/my_package/share/my_package/hook/ament_prefix_path.dsv'
[6.474s] INFO:colcon.colcon_core.shell:Creating environment hook '/home/jishnu/project/ros2-project/projects/workspace/install/my_package/share/my_package/hook/ament_prefix_path.sh'
[6.479s] INFO:colcon.colcon_core.shell:Skip shell extension 'powershell' for command environment: Not usable outside of PowerShell
[6.479s] DEBUG:colcon.colcon_core.shell:Skip shell extension 'dsv' for command environment
[6.502s] INFO:colcon.colcon_ros.task.ament_python.build:Building ROS package in '/home/jishnu/project/ros2-project/projects/workspace/src/py_srvcli' with build type 'ament_python'
[6.503s] Level 1:colcon.colcon_core.shell:create_environment_hook('py_srvcli', 'ament_prefix_path')
[6.507s] INFO:colcon.colcon_core.shell:Creating environment hook '/home/jishnu/project/ros2-project/projects/workspace/install/py_srvcli/share/py_srvcli/hook/ament_prefix_path.ps1'
[6.508s] INFO:colcon.colcon_core.shell:Creating environment descriptor '/home/jishnu/project/ros2-project/projects/workspace/install/py_srvcli/share/py_srvcli/hook/ament_prefix_path.dsv'
[6.508s] INFO:colcon.colcon_core.shell:Creating environment hook '/home/jishnu/project/ros2-project/projects/workspace/install/py_srvcli/share/py_srvcli/hook/ament_prefix_path.sh'
[6.513s] INFO:colcon.colcon_core.shell:Skip shell extension 'powershell' for command environment: Not usable outside of PowerShell
[6.513s] DEBUG:colcon.colcon_core.shell:Skip shell extension 'dsv' for command environment
[6.572s] DEBUG:colcon.colcon_core.event_handler.log_command:Invoking command in '/home/jishnu/project/ros2-project/projects/workspace/build/polygon_base': CMAKE_PREFIX_PATH=${CMAKE_PREFIX_PATH}:/home/jishnu/project/moveit-projects/ws_moveit2/install/ros2controlcli:/home/jishnu/project/moveit-projects/ws_moveit2/install/moveit_configs_utils:/home/jishnu/ws_moveit2/install/ros2controlcli:/home/jishnu/ws_moveit2/install/moveit_configs_utils:/opt/ros/humble /usr/bin/cmake /home/jishnu/project/ros2-project/projects/workspace/src/polygon_base -DCMAKE_INSTALL_PREFIX=/home/jishnu/project/ros2-project/projects/workspace/install/polygon_base
[6.625s] DEBUG:colcon.colcon_core.event_handler.log_command:Invoking command in '/home/jishnu/project/ros2-project/projects/workspace/build/tutorial_interfaces': CMAKE_PREFIX_PATH=${CMAKE_PREFIX_PATH}:/home/jishnu/project/moveit-projects/ws_moveit2/install/ros2controlcli:/home/jishnu/project/moveit-projects/ws_moveit2/install/moveit_configs_utils:/home/jishnu/ws_moveit2/install/ros2controlcli:/home/jishnu/ws_moveit2/install/moveit_configs_utils:/opt/ros/humble /usr/bin/cmake --build /home/jishnu/project/ros2-project/projects/workspace/build/tutorial_interfaces -- -j8 -l8
[6.646s] DEBUG:colcon.colcon_core.event_handler.log_command:Invoking command in '/home/jishnu/project/ros2-project/projects/workspace/build/cpp_parameters': CMAKE_PREFIX_PATH=${CMAKE_PREFIX_PATH}:/home/jishnu/project/moveit-projects/ws_moveit2/install/ros2controlcli:/home/jishnu/project/moveit-projects/ws_moveit2/install/moveit_configs_utils:/home/jishnu/ws_moveit2/install/ros2controlcli:/home/jishnu/ws_moveit2/install/moveit_configs_utils:/opt/ros/humble /usr/bin/cmake --build /home/jishnu/project/ros2-project/projects/workspace/build/cpp_parameters -- -j8 -l8
[6.676s] DEBUG:colcon.colcon_core.event_handler.log_command:Invoking command in '/home/jishnu/project/ros2-project/projects/workspace/build/cpp_pubsub': CMAKE_PREFIX_PATH=${CMAKE_PREFIX_PATH}:/home/jishnu/project/moveit-projects/ws_moveit2/install/ros2controlcli:/home/jishnu/project/moveit-projects/ws_moveit2/install/moveit_configs_utils:/home/jishnu/ws_moveit2/install/ros2controlcli:/home/jishnu/ws_moveit2/install/moveit_configs_utils:/opt/ros/humble /usr/bin/cmake --build /home/jishnu/project/ros2-project/projects/workspace/build/cpp_pubsub -- -j8 -l8
[6.817s] DEBUG:colcon.colcon_core.event_handler.log_command:Invoking command in '/home/jishnu/project/ros2-project/projects/workspace/build/cpp_srvcli': CMAKE_PREFIX_PATH=${CMAKE_PREFIX_PATH}:/home/jishnu/project/moveit-projects/ws_moveit2/install/ros2controlcli:/home/jishnu/project/moveit-projects/ws_moveit2/install/moveit_configs_utils:/home/jishnu/ws_moveit2/install/ros2controlcli:/home/jishnu/ws_moveit2/install/moveit_configs_utils:/opt/ros/humble /usr/bin/cmake --build /home/jishnu/project/ros2-project/projects/workspace/build/cpp_srvcli -- -j8 -l8
[6.842s] DEBUG:colcon.colcon_core.event_handler.log_command:Invoking command in '/home/jishnu/project/ros2-project/projects/workspace/build/more_interfaces': CMAKE_PREFIX_PATH=${CMAKE_PREFIX_PATH}:/home/jishnu/project/moveit-projects/ws_moveit2/install/ros2controlcli:/home/jishnu/project/moveit-projects/ws_moveit2/install/moveit_configs_utils:/home/jishnu/ws_moveit2/install/ros2controlcli:/home/jishnu/ws_moveit2/install/moveit_configs_utils:/opt/ros/humble /usr/bin/cmake --build /home/jishnu/project/ros2-project/projects/workspace/build/more_interfaces -- -j8 -l8
[7.350s] INFO:colcon.colcon_core.task.python.build:Building Python package in '/home/jishnu/project/ros2-project/projects/workspace/src/my_package'
[7.354s] INFO:colcon.colcon_core.shell:Skip shell extension 'powershell' for command environment: Not usable outside of PowerShell
[7.355s] DEBUG:colcon.colcon_core.shell:Skip shell extension 'dsv' for command environment
[8.233s] INFO:colcon.colcon_core.task.python.build:Building Python package in '/home/jishnu/project/ros2-project/projects/workspace/src/py_srvcli'
[8.240s] INFO:colcon.colcon_core.shell:Skip shell extension 'powershell' for command environment: Not usable outside of PowerShell
[8.240s] DEBUG:colcon.colcon_core.shell:Skip shell extension 'dsv' for command environment
[8.275s] DEBUG:colcon.colcon_core.event_handler.log_command:Invoked command in '/home/jishnu/project/ros2-project/projects/workspace/build/cpp_parameters' returned '0': CMAKE_PREFIX_PATH=${CMAKE_PREFIX_PATH}:/home/jishnu/project/moveit-projects/ws_moveit2/install/ros2controlcli:/home/jishnu/project/moveit-projects/ws_moveit2/install/moveit_configs_utils:/home/jishnu/ws_moveit2/install/ros2controlcli:/home/jishnu/ws_moveit2/install/moveit_configs_utils:/opt/ros/humble /usr/bin/cmake --build /home/jishnu/project/ros2-project/projects/workspace/build/cpp_parameters -- -j8 -l8
[8.277s] DEBUG:colcon.colcon_core.event_handler.log_command:Invoked command in '/home/jishnu/project/ros2-project/projects/workspace/build/cpp_srvcli' returned '0': CMAKE_PREFIX_PATH=${CMAKE_PREFIX_PATH}:/home/jishnu/project/moveit-projects/ws_moveit2/install/ros2controlcli:/home/jishnu/project/moveit-projects/ws_moveit2/install/moveit_configs_utils:/home/jishnu/ws_moveit2/install/ros2controlcli:/home/jishnu/ws_moveit2/install/moveit_configs_utils:/opt/ros/humble /usr/bin/cmake --build /home/jishnu/project/ros2-project/projects/workspace/build/cpp_srvcli -- -j8 -l8
[8.373s] DEBUG:colcon.colcon_core.event_handler.log_command:Invoked command in '/home/jishnu/project/ros2-project/projects/workspace/build/more_interfaces' returned '0': CMAKE_PREFIX_PATH=${CMAKE_PREFIX_PATH}:/home/jishnu/project/moveit-projects/ws_moveit2/install/ros2controlcli:/home/jishnu/project/moveit-projects/ws_moveit2/install/moveit_configs_utils:/home/jishnu/ws_moveit2/install/ros2controlcli:/home/jishnu/ws_moveit2/install/moveit_configs_utils:/opt/ros/humble /usr/bin/cmake --build /home/jishnu/project/ros2-project/projects/workspace/build/more_interfaces -- -j8 -l8
[8.384s] DEBUG:colcon.colcon_core.event_handler.log_command:Invoked command in '/home/jishnu/project/ros2-project/projects/workspace/build/tutorial_interfaces' returned '0': CMAKE_PREFIX_PATH=${CMAKE_PREFIX_PATH}:/home/jishnu/project/moveit-projects/ws_moveit2/install/ros2controlcli:/home/jishnu/project/moveit-projects/ws_moveit2/install/moveit_configs_utils:/home/jishnu/ws_moveit2/install/ros2controlcli:/home/jishnu/ws_moveit2/install/moveit_configs_utils:/opt/ros/humble /usr/bin/cmake --build /home/jishnu/project/ros2-project/projects/workspace/build/tutorial_interfaces -- -j8 -l8
[8.496s] DEBUG:colcon.colcon_core.event_handler.log_command:Invoking command in '/home/jishnu/project/ros2-project/projects/workspace/build/cpp_parameters': CMAKE_PREFIX_PATH=${CMAKE_PREFIX_PATH}:/home/jishnu/project/moveit-projects/ws_moveit2/install/ros2controlcli:/home/jishnu/project/moveit-projects/ws_moveit2/install/moveit_configs_utils:/home/jishnu/ws_moveit2/install/ros2controlcli:/home/jishnu/ws_moveit2/install/moveit_configs_utils:/opt/ros/humble /usr/bin/cmake --install /home/jishnu/project/ros2-project/projects/workspace/build/cpp_parameters
[8.562s] DEBUG:colcon.colcon_core.event_handler.log_command:Invoking command in '/home/jishnu/project/ros2-project/projects/workspace/build/cpp_srvcli': CMAKE_PREFIX_PATH=${CMAKE_PREFIX_PATH}:/home/jishnu/project/moveit-projects/ws_moveit2/install/ros2controlcli:/home/jishnu/project/moveit-projects/ws_moveit2/install/moveit_configs_utils:/home/jishnu/ws_moveit2/install/ros2controlcli:/home/jishnu/ws_moveit2/install/moveit_configs_utils:/opt/ros/humble /usr/bin/cmake --install /home/jishnu/project/ros2-project/projects/workspace/build/cpp_srvcli
[8.655s] DEBUG:colcon.colcon_core.event_handler.log_command:Invoked command in '/home/jishnu/project/ros2-project/projects/workspace/build/polygon_base' returned '1': CMAKE_PREFIX_PATH=${CMAKE_PREFIX_PATH}:/home/jishnu/project/moveit-projects/ws_moveit2/install/ros2controlcli:/home/jishnu/project/moveit-projects/ws_moveit2/install/moveit_configs_utils:/home/jishnu/ws_moveit2/install/ros2controlcli:/home/jishnu/ws_moveit2/install/moveit_configs_utils:/opt/ros/humble /usr/bin/cmake /home/jishnu/project/ros2-project/projects/workspace/src/polygon_base -DCMAKE_INSTALL_PREFIX=/home/jishnu/project/ros2-project/projects/workspace/install/polygon_base
[8.688s] Level 1:colcon.colcon_core.environment:create_environment_scripts_only(polygon_base)
[8.714s] Level 1:colcon.colcon_core.environment:checking '/home/jishnu/project/ros2-project/projects/workspace/install/polygon_base' for CMake module files
[8.715s] Level 1:colcon.colcon_core.environment:checking '/home/jishnu/project/ros2-project/projects/workspace/install/polygon_base' for CMake config files
[8.716s] Level 1:colcon.colcon_core.environment:checking '/home/jishnu/project/ros2-project/projects/workspace/install/polygon_base/bin'
[8.716s] Level 1:colcon.colcon_core.environment:checking '/home/jishnu/project/ros2-project/projects/workspace/install/polygon_base/lib/pkgconfig/polygon_base.pc'
[8.717s] Level 1:colcon.colcon_core.environment:checking '/home/jishnu/project/ros2-project/projects/workspace/install/polygon_base/lib/python3.10/site-packages'
[8.717s] Level 1:colcon.colcon_core.environment:checking '/home/jishnu/project/ros2-project/projects/workspace/install/polygon_base/bin'
[8.730s] INFO:colcon.colcon_core.shell:Creating package script '/home/jishnu/project/ros2-project/projects/workspace/install/polygon_base/share/polygon_base/package.ps1'
[8.739s] INFO:colcon.colcon_core.shell:Creating package descriptor '/home/jishnu/project/ros2-project/projects/workspace/install/polygon_base/share/polygon_base/package.dsv'
[8.740s] INFO:colcon.colcon_core.shell:Creating package script '/home/jishnu/project/ros2-project/projects/workspace/install/polygon_base/share/polygon_base/package.sh'
[8.741s] INFO:colcon.colcon_core.shell:Creating package script '/home/jishnu/project/ros2-project/projects/workspace/install/polygon_base/share/polygon_base/package.bash'
[8.743s] INFO:colcon.colcon_core.shell:Creating package script '/home/jishnu/project/ros2-project/projects/workspace/install/polygon_base/share/polygon_base/package.zsh'
[8.748s] Level 1:colcon.colcon_core.environment:create_file_with_runtime_dependencies(/home/jishnu/project/ros2-project/projects/workspace/install/polygon_base/share/colcon-core/packages/polygon_base)
[19.866s] DEBUG:colcon.colcon_parallel_executor.executor.parallel:closing loop
[19.867s] DEBUG:colcon.colcon_parallel_executor.executor.parallel:loop closed
[19.867s] DEBUG:colcon.colcon_parallel_executor.executor.parallel:run_until_complete finished with '1'
[19.867s] DEBUG:colcon.colcon_core.event_reactor:joining thread
[19.891s] INFO:colcon.colcon_core.plugin_system:Skipping extension 'colcon_notification.desktop_notification.terminal_notifier': Not used on non-Darwin systems
[19.891s] INFO:colcon.colcon_core.plugin_system:Skipping extension 'colcon_notification.desktop_notification.win32': Not used on non-Windows systems
[19.891s] INFO:colcon.colcon_notification.desktop_notification:Sending desktop notification using 'notify2'
[19.911s] DEBUG:colcon.colcon_core.event_reactor:joined thread
[19.915s] INFO:colcon.colcon_core.shell:Creating prefix script '/home/jishnu/project/ros2-project/projects/workspace/install/local_setup.ps1'
[19.916s] INFO:colcon.colcon_core.shell:Creating prefix util module '/home/jishnu/project/ros2-project/projects/workspace/install/_local_setup_util_ps1.py'
[19.918s] INFO:colcon.colcon_core.shell:Creating prefix chain script '/home/jishnu/project/ros2-project/projects/workspace/install/setup.ps1'
[19.928s] INFO:colcon.colcon_core.shell:Creating prefix script '/home/jishnu/project/ros2-project/projects/workspace/install/local_setup.sh'
[19.930s] INFO:colcon.colcon_core.shell:Creating prefix util module '/home/jishnu/project/ros2-project/projects/workspace/install/_local_setup_util_sh.py'
[19.930s] INFO:colcon.colcon_core.shell:Creating prefix chain script '/home/jishnu/project/ros2-project/projects/workspace/install/setup.sh'
[19.945s] INFO:colcon.colcon_core.shell:Creating prefix script '/home/jishnu/project/ros2-project/projects/workspace/install/local_setup.bash'
[19.946s] INFO:colcon.colcon_core.shell:Creating prefix chain script '/home/jishnu/project/ros2-project/projects/workspace/install/setup.bash'
[19.959s] INFO:colcon.colcon_core.shell:Creating prefix script '/home/jishnu/project/ros2-project/projects/workspace/install/local_setup.zsh'
[19.960s] INFO:colcon.colcon_core.shell:Creating prefix chain script '/home/jishnu/project/ros2-project/projects/workspace/install/setup.zsh'
