[0.029s] Invoking command in '/home/jishnu/project/ros2-project/projects/workspace/src/build/cpp_parameter_event_handler': CMAKE_PREFIX_PATH=${CMAKE_PREFIX_PATH}:/home/jishnu/project/moveit-projects/ws_moveit2/install/ros2controlcli:/home/jishnu/project/moveit-projects/ws_moveit2/install/moveit_configs_utils:/home/jishnu/ws_moveit2/install/ros2controlcli:/home/jishnu/ws_moveit2/install/moveit_configs_utils:/opt/ros/humble /usr/bin/cmake --build /home/jishnu/project/ros2-project/projects/workspace/src/build/cpp_parameter_event_handler -- -j8 -l8
[0.076s] [35m[1mConsolidate compiler generated dependencies of target parameter_event_handler[0m
[0.093s] [ 50%] [32mBuilding CXX object CMakeFiles/parameter_event_handler.dir/src/parameter_event_handler.cpp.o[0m
[6.746s] [100%] [32m[1mLinking CXX executable parameter_event_handler[0m
[7.072s] [100%] Built target parameter_event_handler
[7.083s] Invoked command in '/home/jishnu/project/ros2-project/projects/workspace/src/build/cpp_parameter_event_handler' returned '0': CMAKE_PREFIX_PATH=${CMAKE_PREFIX_PATH}:/home/jishnu/project/moveit-projects/ws_moveit2/install/ros2controlcli:/home/jishnu/project/moveit-projects/ws_moveit2/install/moveit_configs_utils:/home/jishnu/ws_moveit2/install/ros2controlcli:/home/jishnu/ws_moveit2/install/moveit_configs_utils:/opt/ros/humble /usr/bin/cmake --build /home/jishnu/project/ros2-project/projects/workspace/src/build/cpp_parameter_event_handler -- -j8 -l8
[7.137s] Invoking command in '/home/jishnu/project/ros2-project/projects/workspace/src/build/cpp_parameter_event_handler': CMAKE_PREFIX_PATH=${CMAKE_PREFIX_PATH}:/home/jishnu/project/moveit-projects/ws_moveit2/install/ros2controlcli:/home/jishnu/project/moveit-projects/ws_moveit2/install/moveit_configs_utils:/home/jishnu/ws_moveit2/install/ros2controlcli:/home/jishnu/ws_moveit2/install/moveit_configs_utils:/opt/ros/humble /usr/bin/cmake --install /home/jishnu/project/ros2-project/projects/workspace/src/build/cpp_parameter_event_handler
[7.146s] -- Install configuration: ""
[7.146s] -- Installing: /home/jishnu/project/ros2-project/projects/workspace/src/install/cpp_parameter_event_handler/lib/cpp_parameter_event_handler/parameter_event_handler
[7.149s] -- Set runtime path of "/home/jishnu/project/ros2-project/projects/workspace/src/install/cpp_parameter_event_handler/lib/cpp_parameter_event_handler/parameter_event_handler" to ""
[7.149s] -- Up-to-date: /home/jishnu/project/ros2-project/projects/workspace/src/install/cpp_parameter_event_handler/share/ament_index/resource_index/package_run_dependencies/cpp_parameter_event_handler
[7.149s] -- Up-to-date: /home/jishnu/project/ros2-project/projects/workspace/src/install/cpp_parameter_event_handler/share/ament_index/resource_index/parent_prefix_path/cpp_parameter_event_handler
[7.149s] -- Up-to-date: /home/jishnu/project/ros2-project/projects/workspace/src/install/cpp_parameter_event_handler/share/cpp_parameter_event_handler/environment/ament_prefix_path.sh
[7.149s] -- Up-to-date: /home/jishnu/project/ros2-project/projects/workspace/src/install/cpp_parameter_event_handler/share/cpp_parameter_event_handler/environment/ament_prefix_path.dsv
[7.149s] -- Up-to-date: /home/jishnu/project/ros2-project/projects/workspace/src/install/cpp_parameter_event_handler/share/cpp_parameter_event_handler/environment/path.sh
[7.150s] -- Up-to-date: /home/jishnu/project/ros2-project/projects/workspace/src/install/cpp_parameter_event_handler/share/cpp_parameter_event_handler/environment/path.dsv
[7.150s] -- Up-to-date: /home/jishnu/project/ros2-project/projects/workspace/src/install/cpp_parameter_event_handler/share/cpp_parameter_event_handler/local_setup.bash
[7.150s] -- Up-to-date: /home/jishnu/project/ros2-project/projects/workspace/src/install/cpp_parameter_event_handler/share/cpp_parameter_event_handler/local_setup.sh
[7.150s] -- Up-to-date: /home/jishnu/project/ros2-project/projects/workspace/src/install/cpp_parameter_event_handler/share/cpp_parameter_event_handler/local_setup.zsh
[7.150s] -- Up-to-date: /home/jishnu/project/ros2-project/projects/workspace/src/install/cpp_parameter_event_handler/share/cpp_parameter_event_handler/local_setup.dsv
[7.150s] -- Installing: /home/jishnu/project/ros2-project/projects/workspace/src/install/cpp_parameter_event_handler/share/cpp_parameter_event_handler/package.dsv
[7.150s] -- Up-to-date: /home/jishnu/project/ros2-project/projects/workspace/src/install/cpp_parameter_event_handler/share/ament_index/resource_index/packages/cpp_parameter_event_handler
[7.150s] -- Up-to-date: /home/jishnu/project/ros2-project/projects/workspace/src/install/cpp_parameter_event_handler/share/cpp_parameter_event_handler/cmake/cpp_parameter_event_handlerConfig.cmake
[7.150s] -- Up-to-date: /home/jishnu/project/ros2-project/projects/workspace/src/install/cpp_parameter_event_handler/share/cpp_parameter_event_handler/cmake/cpp_parameter_event_handlerConfig-version.cmake
[7.150s] -- Up-to-date: /home/jishnu/project/ros2-project/projects/workspace/src/install/cpp_parameter_event_handler/share/cpp_parameter_event_handler/package.xml
[7.152s] Invoked command in '/home/jishnu/project/ros2-project/projects/workspace/src/build/cpp_parameter_event_handler' returned '0': CMAKE_PREFIX_PATH=${CMAKE_PREFIX_PATH}:/home/jishnu/project/moveit-projects/ws_moveit2/install/ros2controlcli:/home/jishnu/project/moveit-projects/ws_moveit2/install/moveit_configs_utils:/home/jishnu/ws_moveit2/install/ros2controlcli:/home/jishnu/ws_moveit2/install/moveit_configs_utils:/opt/ros/humble /usr/bin/cmake --install /home/jishnu/project/ros2-project/projects/workspace/src/build/cpp_parameter_event_handler
