[1.574s] Invoking command in '/home/jishnu/project/ros2-project/projects/ros2_ws/build/examples_rclpy_minimal_action_server': PYTHONPATH=/home/jishnu/project/ros2-project/projects/ros2_ws/install/examples_rclpy_minimal_action_server/lib/python3.10/site-packages:${PYTHONPATH} /usr/bin/python3 setup.py develop --prefix /home/jishnu/project/ros2-project/projects/ros2_ws/install/examples_rclpy_minimal_action_server --editable --build-directory /home/jishnu/project/ros2-project/projects/ros2_ws/build/examples_rclpy_minimal_action_server/build --no-deps install_data --install-dir /home/jishnu/project/ros2-project/projects/ros2_ws/install/examples_rclpy_minimal_action_server
[2.010s] running develop
[2.011s] /usr/lib/python3/dist-packages/setuptools/command/easy_install.py:158: EasyInstallDeprecationWarning: easy_install command is deprecated. Use build and pip and other standards-based tools.
[2.011s]   warnings.warn(
[2.014s] /usr/lib/python3/dist-packages/setuptools/command/install.py:34: SetuptoolsDeprecationWarning: setup.py install is deprecated. Use build and pip and other standards-based tools.
[2.014s]   warnings.warn(
[2.114s] /usr/lib/python3/dist-packages/pkg_resources/__init__.py:116: PkgResourcesDeprecationWarning: 0.1.43ubuntu1 is an invalid version and will not be supported in a future release
[2.114s]   warnings.warn(
[2.115s] /usr/lib/python3/dist-packages/pkg_resources/__init__.py:116: PkgResourcesDeprecationWarning: 1.1build1 is an invalid version and will not be supported in a future release
[2.115s]   warnings.warn(
[2.298s] running egg_info
[2.298s] creating examples_rclpy_minimal_action_server.egg-info
[2.299s] writing examples_rclpy_minimal_action_server.egg-info/PKG-INFO
[2.299s] writing dependency_links to examples_rclpy_minimal_action_server.egg-info/dependency_links.txt
[2.300s] writing entry points to examples_rclpy_minimal_action_server.egg-info/entry_points.txt
[2.300s] writing requirements to examples_rclpy_minimal_action_server.egg-info/requires.txt
[2.300s] writing top-level names to examples_rclpy_minimal_action_server.egg-info/top_level.txt
[2.301s] writing manifest file 'examples_rclpy_minimal_action_server.egg-info/SOURCES.txt'
[2.304s] reading manifest file 'examples_rclpy_minimal_action_server.egg-info/SOURCES.txt'
[2.305s] writing manifest file 'examples_rclpy_minimal_action_server.egg-info/SOURCES.txt'
[2.308s] running build_ext
[2.309s] Creating /home/jishnu/project/ros2-project/projects/ros2_ws/install/examples_rclpy_minimal_action_server/lib/python3.10/site-packages/examples-rclpy-minimal-action-server.egg-link (link to .)
[2.310s] Installing server script to /home/jishnu/project/ros2-project/projects/ros2_ws/install/examples_rclpy_minimal_action_server/lib/examples_rclpy_minimal_action_server
[2.311s] Installing server_defer script to /home/jishnu/project/ros2-project/projects/ros2_ws/install/examples_rclpy_minimal_action_server/lib/examples_rclpy_minimal_action_server
[2.311s] Installing server_not_composable script to /home/jishnu/project/ros2-project/projects/ros2_ws/install/examples_rclpy_minimal_action_server/lib/examples_rclpy_minimal_action_server
[2.312s] Installing server_queue_goals script to /home/jishnu/project/ros2-project/projects/ros2_ws/install/examples_rclpy_minimal_action_server/lib/examples_rclpy_minimal_action_server
[2.312s] Installing server_single_goal script to /home/jishnu/project/ros2-project/projects/ros2_ws/install/examples_rclpy_minimal_action_server/lib/examples_rclpy_minimal_action_server
[2.312s] 
[2.313s] Installed /home/jishnu/project/ros2-project/projects/ros2_ws/build/examples_rclpy_minimal_action_server
[2.313s] running install_data
[2.313s] creating /home/jishnu/project/ros2-project/projects/ros2_ws/install/examples_rclpy_minimal_action_server/share/ament_index
[2.314s] creating /home/jishnu/project/ros2-project/projects/ros2_ws/install/examples_rclpy_minimal_action_server/share/ament_index/resource_index
[2.340s] creating /home/jishnu/project/ros2-project/projects/ros2_ws/install/examples_rclpy_minimal_action_server/share/ament_index/resource_index/packages
[2.340s] copying resource/examples_rclpy_minimal_action_server -> /home/jishnu/project/ros2-project/projects/ros2_ws/install/examples_rclpy_minimal_action_server/share/ament_index/resource_index/packages
[2.340s] copying package.xml -> /home/jishnu/project/ros2-project/projects/ros2_ws/install/examples_rclpy_minimal_action_server/share/examples_rclpy_minimal_action_server
[2.396s] Invoked command in '/home/jishnu/project/ros2-project/projects/ros2_ws/build/examples_rclpy_minimal_action_server' returned '0': PYTHONPATH=/home/jishnu/project/ros2-project/projects/ros2_ws/install/examples_rclpy_minimal_action_server/lib/python3.10/site-packages:${PYTHONPATH} /usr/bin/python3 setup.py develop --prefix /home/jishnu/project/ros2-project/projects/ros2_ws/install/examples_rclpy_minimal_action_server --editable --build-directory /home/jishnu/project/ros2-project/projects/ros2_ws/build/examples_rclpy_minimal_action_server/build --no-deps install_data --install-dir /home/jishnu/project/ros2-project/projects/ros2_ws/install/examples_rclpy_minimal_action_server
