/usr/lib/python3/dist-packages/setuptools/command/easy_install.py:158: EasyInstallDeprecationWarning: easy_install command is deprecated. Use build and pip and other standards-based tools.
  warnings.warn(
/usr/lib/python3/dist-packages/setuptools/command/install.py:34: SetuptoolsDeprecationWarning: setup.py install is deprecated. Use build and pip and other standards-based tools.
  warnings.warn(
running develop
/usr/lib/python3/dist-packages/pkg_resources/__init__.py:116: PkgResourcesDeprecationWarning: 0.1.43ubuntu1 is an invalid version and will not be supported in a future release
  warnings.warn(
/usr/lib/python3/dist-packages/pkg_resources/__init__.py:116: PkgResourcesDeprecationWarning: 1.1build1 is an invalid version and will not be supported in a future release
  warnings.warn(
running egg_info
creating examples_rclpy_pointcloud_publisher.egg-info
writing examples_rclpy_pointcloud_publisher.egg-info/PKG-INFO
writing dependency_links to examples_rclpy_pointcloud_publisher.egg-info/dependency_links.txt
writing entry points to examples_rclpy_pointcloud_publisher.egg-info/entry_points.txt
writing requirements to examples_rclpy_pointcloud_publisher.egg-info/requires.txt
writing top-level names to examples_rclpy_pointcloud_publisher.egg-info/top_level.txt
writing manifest file 'examples_rclpy_pointcloud_publisher.egg-info/SOURCES.txt'
reading manifest file 'examples_rclpy_pointcloud_publisher.egg-info/SOURCES.txt'
writing manifest file 'examples_rclpy_pointcloud_publisher.egg-info/SOURCES.txt'
running build_ext
Creating /home/jishnu/project/ros2-project/projects/ros2_ws/install/examples_rclpy_pointcloud_publisher/lib/python3.10/site-packages/examples-rclpy-pointcloud-publisher.egg-link (link to .)
Installing pointcloud_publisher script to /home/jishnu/project/ros2-project/projects/ros2_ws/install/examples_rclpy_pointcloud_publisher/lib/examples_rclpy_pointcloud_publisher

Installed /home/jishnu/project/ros2-project/projects/ros2_ws/build/examples_rclpy_pointcloud_publisher
running install_data
creating /home/jishnu/project/ros2-project/projects/ros2_ws/install/examples_rclpy_pointcloud_publisher/share/ament_index
creating /home/jishnu/project/ros2-project/projects/ros2_ws/install/examples_rclpy_pointcloud_publisher/share/ament_index/resource_index
creating /home/jishnu/project/ros2-project/projects/ros2_ws/install/examples_rclpy_pointcloud_publisher/share/ament_index/resource_index/packages
copying resource/examples_rclpy_pointcloud_publisher -> /home/jishnu/project/ros2-project/projects/ros2_ws/install/examples_rclpy_pointcloud_publisher/share/ament_index/resource_index/packages
copying package.xml -> /home/jishnu/project/ros2-project/projects/ros2_ws/install/examples_rclpy_pointcloud_publisher/share/examples_rclpy_pointcloud_publisher
