[0.235s] DEBUG:colcon:Command line arguments: ['/usr/bin/colcon', 'build', '--packages-select', 'py_pubsub']
[0.236s] DEBUG:colcon:Parsed command line arguments: Namespace(log_base=None, log_level=None, verb_name='build', build_base='build', install_base='install', merge_install=False, symlink_install=False, test_result_base=None, continue_on_error=False, executor='parallel', parallel_workers=8, event_handlers=None, ignore_user_meta=False, metas=['./colcon.meta'], base_paths=['.'], packages_ignore=None, packages_ignore_regex=None, paths=None, packages_up_to=None, packages_up_to_regex=None, packages_above=None, packages_above_and_dependencies=None, packages_above_depth=None, packages_select_by_dep=None, packages_skip_by_dep=None, packages_skip_up_to=None, packages_select_build_failed=False, packages_skip_build_finished=False, packages_select_test_failures=False, packages_skip_test_passed=False, packages_select=['py_pubsub'], packages_skip=None, packages_select_regex=None, packages_skip_regex=None, packages_start=None, packages_end=None, allow_overriding=[], cmake_args=None, cmake_target=None, cmake_target_skip_unavailable=False, cmake_clean_cache=False, cmake_clean_first=False, cmake_force_configure=False, ament_cmake_args=None, catkin_cmake_args=None, catkin_skip_building_tests=False, verb_parser=<colcon_defaults.argument_parser.defaults.DefaultArgumentsDecorator object at 0x7f5d8af5e6e0>, verb_extension=<colcon_core.verb.build.BuildVerb object at 0x7f5d8b9120b0>, main=<bound method BuildVerb.main of <colcon_core.verb.build.BuildVerb object at 0x7f5d8b9120b0>>)
[0.252s] Level 1:colcon.colcon_core.package_discovery:discover_packages(colcon_meta) check parameters
[0.252s] Level 1:colcon.colcon_core.package_discovery:discover_packages(recursive) check parameters
[0.252s] Level 1:colcon.colcon_core.package_discovery:discover_packages(ignore) check parameters
[0.253s] Level 1:colcon.colcon_core.package_discovery:discover_packages(path) check parameters
[0.253s] Level 1:colcon.colcon_core.package_discovery:discover_packages(colcon_meta) discover
[0.253s] Level 1:colcon.colcon_core.package_discovery:discover_packages(recursive) discover
[0.253s] INFO:colcon.colcon_core.package_discovery:Crawling recursively for packages in '/home/jishnu/project/ros2-project/projects/workspace/src'
[0.253s] Level 1:colcon.colcon_core.package_identification:_identify(.) by extensions ['ignore', 'ignore_ament_install']
[0.253s] Level 1:colcon.colcon_core.package_identification:_identify(.) by extension 'ignore'
[0.253s] Level 1:colcon.colcon_core.package_identification:_identify(.) by extension 'ignore_ament_install'
[0.253s] Level 1:colcon.colcon_core.package_identification:_identify(.) by extensions ['colcon_pkg']
[0.253s] Level 1:colcon.colcon_core.package_identification:_identify(.) by extension 'colcon_pkg'
[0.253s] Level 1:colcon.colcon_core.package_identification:_identify(.) by extensions ['colcon_meta']
[0.253s] Level 1:colcon.colcon_core.package_identification:_identify(.) by extension 'colcon_meta'
[0.253s] Level 1:colcon.colcon_core.package_identification:_identify(.) by extensions ['ros']
[0.253s] Level 1:colcon.colcon_core.package_identification:_identify(.) by extension 'ros'
[0.267s] Level 1:colcon.colcon_core.package_identification:_identify(.) by extensions ['cmake', 'python']
[0.267s] Level 1:colcon.colcon_core.package_identification:_identify(.) by extension 'cmake'
[0.267s] Level 1:colcon.colcon_core.package_identification:_identify(.) by extension 'python'
[0.268s] Level 1:colcon.colcon_core.package_identification:_identify(.) by extensions ['python_setup_py']
[0.268s] Level 1:colcon.colcon_core.package_identification:_identify(.) by extension 'python_setup_py'
[0.268s] Level 1:colcon.colcon_core.package_identification:_identify(build) by extensions ['ignore', 'ignore_ament_install']
[0.268s] Level 1:colcon.colcon_core.package_identification:_identify(build) by extension 'ignore'
[0.268s] Level 1:colcon.colcon_core.package_identification:_identify(build) ignored
[0.268s] Level 1:colcon.colcon_core.package_identification:_identify(cpp_pubsub) by extensions ['ignore', 'ignore_ament_install']
[0.268s] Level 1:colcon.colcon_core.package_identification:_identify(cpp_pubsub) by extension 'ignore'
[0.268s] Level 1:colcon.colcon_core.package_identification:_identify(cpp_pubsub) by extension 'ignore_ament_install'
[0.268s] Level 1:colcon.colcon_core.package_identification:_identify(cpp_pubsub) by extensions ['colcon_pkg']
[0.268s] Level 1:colcon.colcon_core.package_identification:_identify(cpp_pubsub) by extension 'colcon_pkg'
[0.268s] Level 1:colcon.colcon_core.package_identification:_identify(cpp_pubsub) by extensions ['colcon_meta']
[0.268s] Level 1:colcon.colcon_core.package_identification:_identify(cpp_pubsub) by extension 'colcon_meta'
[0.268s] Level 1:colcon.colcon_core.package_identification:_identify(cpp_pubsub) by extensions ['ros']
[0.268s] Level 1:colcon.colcon_core.package_identification:_identify(cpp_pubsub) by extension 'ros'
[0.270s] DEBUG:colcon.colcon_core.package_identification:Package 'cpp_pubsub' with type 'ros.ament_cmake' and name 'cpp_pubsub'
[0.270s] Level 1:colcon.colcon_core.package_identification:_identify(install) by extensions ['ignore', 'ignore_ament_install']
[0.270s] Level 1:colcon.colcon_core.package_identification:_identify(install) by extension 'ignore'
[0.270s] Level 1:colcon.colcon_core.package_identification:_identify(install) ignored
[0.270s] Level 1:colcon.colcon_core.package_identification:_identify(log) by extensions ['ignore', 'ignore_ament_install']
[0.270s] Level 1:colcon.colcon_core.package_identification:_identify(log) by extension 'ignore'
[0.270s] Level 1:colcon.colcon_core.package_identification:_identify(log) ignored
[0.270s] Level 1:colcon.colcon_core.package_identification:_identify(my_package) by extensions ['ignore', 'ignore_ament_install']
[0.271s] Level 1:colcon.colcon_core.package_identification:_identify(my_package) by extension 'ignore'
[0.271s] Level 1:colcon.colcon_core.package_identification:_identify(my_package) by extension 'ignore_ament_install'
[0.271s] Level 1:colcon.colcon_core.package_identification:_identify(my_package) by extensions ['colcon_pkg']
[0.271s] Level 1:colcon.colcon_core.package_identification:_identify(my_package) by extension 'colcon_pkg'
[0.271s] Level 1:colcon.colcon_core.package_identification:_identify(my_package) by extensions ['colcon_meta']
[0.271s] Level 1:colcon.colcon_core.package_identification:_identify(my_package) by extension 'colcon_meta'
[0.271s] Level 1:colcon.colcon_core.package_identification:_identify(my_package) by extensions ['ros']
[0.271s] Level 1:colcon.colcon_core.package_identification:_identify(my_package) by extension 'ros'
[0.271s] DEBUG:colcon.colcon_core.package_identification:Package 'my_package' with type 'ros.ament_python' and name 'my_package'
[0.271s] Level 1:colcon.colcon_core.package_identification:_identify(py_pubsub) by extensions ['ignore', 'ignore_ament_install']
[0.271s] Level 1:colcon.colcon_core.package_identification:_identify(py_pubsub) by extension 'ignore'
[0.271s] Level 1:colcon.colcon_core.package_identification:_identify(py_pubsub) by extension 'ignore_ament_install'
[0.271s] Level 1:colcon.colcon_core.package_identification:_identify(py_pubsub) by extensions ['colcon_pkg']
[0.271s] Level 1:colcon.colcon_core.package_identification:_identify(py_pubsub) by extension 'colcon_pkg'
[0.271s] Level 1:colcon.colcon_core.package_identification:_identify(py_pubsub) by extensions ['colcon_meta']
[0.271s] Level 1:colcon.colcon_core.package_identification:_identify(py_pubsub) by extension 'colcon_meta'
[0.271s] Level 1:colcon.colcon_core.package_identification:_identify(py_pubsub) by extensions ['ros']
[0.271s] Level 1:colcon.colcon_core.package_identification:_identify(py_pubsub) by extension 'ros'
[0.272s] DEBUG:colcon.colcon_core.package_identification:Package 'py_pubsub' with type 'ros.ament_python' and name 'py_pubsub'
[0.272s] Level 1:colcon.colcon_core.package_identification:_identify(ros_test_package) by extensions ['ignore', 'ignore_ament_install']
[0.272s] Level 1:colcon.colcon_core.package_identification:_identify(ros_test_package) by extension 'ignore'
[0.272s] Level 1:colcon.colcon_core.package_identification:_identify(ros_test_package) by extension 'ignore_ament_install'
[0.272s] Level 1:colcon.colcon_core.package_identification:_identify(ros_test_package) by extensions ['colcon_pkg']
[0.272s] Level 1:colcon.colcon_core.package_identification:_identify(ros_test_package) by extension 'colcon_pkg'
[0.272s] Level 1:colcon.colcon_core.package_identification:_identify(ros_test_package) by extensions ['colcon_meta']
[0.272s] Level 1:colcon.colcon_core.package_identification:_identify(ros_test_package) by extension 'colcon_meta'
[0.272s] Level 1:colcon.colcon_core.package_identification:_identify(ros_test_package) by extensions ['ros']
[0.272s] Level 1:colcon.colcon_core.package_identification:_identify(ros_test_package) by extension 'ros'
[0.272s] DEBUG:colcon.colcon_core.package_identification:Package 'ros_test_package' with type 'ros.ament_python' and name 'ros_test_package'
[0.273s] Level 1:colcon.colcon_core.package_discovery:discover_packages(recursive) using defaults
[0.273s] Level 1:colcon.colcon_core.package_discovery:discover_packages(ignore) discover
[0.273s] Level 1:colcon.colcon_core.package_discovery:discover_packages(ignore) using defaults
[0.273s] Level 1:colcon.colcon_core.package_discovery:discover_packages(path) discover
[0.273s] Level 1:colcon.colcon_core.package_discovery:discover_packages(path) using defaults
[0.290s] INFO:colcon.colcon_core.package_selection:Skipping not selected package 'cpp_pubsub' in 'cpp_pubsub'
[0.290s] INFO:colcon.colcon_core.package_selection:Skipping not selected package 'my_package' in 'my_package'
[0.290s] INFO:colcon.colcon_core.package_selection:Skipping not selected package 'ros_test_package' in 'ros_test_package'
[0.291s] Level 1:colcon.colcon_core.package_discovery:discover_packages(prefix_path) check parameters
[0.291s] Level 1:colcon.colcon_core.package_discovery:discover_packages(prefix_path) discover
[0.293s] DEBUG:colcon.colcon_installed_package_information.package_discovery:Found 270 installed packages in /opt/ros/humble
[0.294s] Level 1:colcon.colcon_core.package_discovery:discover_packages(prefix_path) using defaults
[0.339s] Level 5:colcon.colcon_core.verb:set package 'py_pubsub' build argument 'cmake_args' from command line to 'None'
[0.339s] Level 5:colcon.colcon_core.verb:set package 'py_pubsub' build argument 'cmake_target' from command line to 'None'
[0.340s] Level 5:colcon.colcon_core.verb:set package 'py_pubsub' build argument 'cmake_target_skip_unavailable' from command line to 'False'
[0.340s] Level 5:colcon.colcon_core.verb:set package 'py_pubsub' build argument 'cmake_clean_cache' from command line to 'False'
[0.340s] Level 5:colcon.colcon_core.verb:set package 'py_pubsub' build argument 'cmake_clean_first' from command line to 'False'
[0.340s] Level 5:colcon.colcon_core.verb:set package 'py_pubsub' build argument 'cmake_force_configure' from command line to 'False'
[0.340s] Level 5:colcon.colcon_core.verb:set package 'py_pubsub' build argument 'ament_cmake_args' from command line to 'None'
[0.340s] Level 5:colcon.colcon_core.verb:set package 'py_pubsub' build argument 'catkin_cmake_args' from command line to 'None'
[0.340s] Level 5:colcon.colcon_core.verb:set package 'py_pubsub' build argument 'catkin_skip_building_tests' from command line to 'False'
[0.340s] DEBUG:colcon.colcon_core.verb:Building package 'py_pubsub' with the following arguments: {'ament_cmake_args': None, 'build_base': '/home/jishnu/project/ros2-project/projects/workspace/src/build/py_pubsub', 'catkin_cmake_args': None, 'catkin_skip_building_tests': False, 'cmake_args': None, 'cmake_clean_cache': False, 'cmake_clean_first': False, 'cmake_force_configure': False, 'cmake_target': None, 'cmake_target_skip_unavailable': False, 'install_base': '/home/jishnu/project/ros2-project/projects/workspace/src/install/py_pubsub', 'merge_install': False, 'path': '/home/jishnu/project/ros2-project/projects/workspace/src/py_pubsub', 'symlink_install': False, 'test_result_base': None}
[0.340s] INFO:colcon.colcon_core.executor:Executing jobs using 'parallel' executor
[0.344s] DEBUG:colcon.colcon_parallel_executor.executor.parallel:run_until_complete
[0.344s] INFO:colcon.colcon_ros.task.ament_python.build:Building ROS package in '/home/jishnu/project/ros2-project/projects/workspace/src/py_pubsub' with build type 'ament_python'
[0.344s] Level 1:colcon.colcon_core.shell:create_environment_hook('py_pubsub', 'ament_prefix_path')
[0.349s] INFO:colcon.colcon_core.plugin_system:Skipping extension 'colcon_core.shell.bat': Not used on non-Windows systems
[0.349s] INFO:colcon.colcon_core.shell:Creating environment hook '/home/jishnu/project/ros2-project/projects/workspace/src/install/py_pubsub/share/py_pubsub/hook/ament_prefix_path.ps1'
[0.350s] INFO:colcon.colcon_core.shell:Creating environment descriptor '/home/jishnu/project/ros2-project/projects/workspace/src/install/py_pubsub/share/py_pubsub/hook/ament_prefix_path.dsv'
[0.350s] INFO:colcon.colcon_core.shell:Creating environment hook '/home/jishnu/project/ros2-project/projects/workspace/src/install/py_pubsub/share/py_pubsub/hook/ament_prefix_path.sh'
[0.352s] INFO:colcon.colcon_core.shell:Skip shell extension 'powershell' for command environment: Not usable outside of PowerShell
[0.353s] DEBUG:colcon.colcon_core.shell:Skip shell extension 'dsv' for command environment
[0.540s] INFO:colcon.colcon_core.task.python.build:Building Python package in '/home/jishnu/project/ros2-project/projects/workspace/src/py_pubsub'
[0.541s] INFO:colcon.colcon_core.shell:Skip shell extension 'powershell' for command environment: Not usable outside of PowerShell
[0.541s] DEBUG:colcon.colcon_core.shell:Skip shell extension 'dsv' for command environment
[0.803s] DEBUG:colcon.colcon_core.event_handler.log_command:Invoking command in '/home/jishnu/project/ros2-project/projects/workspace/src/py_pubsub': PYTHONPATH=/home/jishnu/project/ros2-project/projects/workspace/src/install/py_pubsub/lib/python3.10/site-packages:${PYTHONPATH} /usr/bin/python3 setup.py egg_info --egg-base ../build/py_pubsub build --build-base /home/jishnu/project/ros2-project/projects/workspace/src/build/py_pubsub/build install --prefix /home/jishnu/project/ros2-project/projects/workspace/src/install/py_pubsub --record /home/jishnu/project/ros2-project/projects/workspace/src/build/py_pubsub/install.log --single-version-externally-managed
[1.086s] DEBUG:colcon.colcon_core.event_handler.log_command:Invoked command in '/home/jishnu/project/ros2-project/projects/workspace/src/py_pubsub' returned '0': PYTHONPATH=/home/jishnu/project/ros2-project/projects/workspace/src/install/py_pubsub/lib/python3.10/site-packages:${PYTHONPATH} /usr/bin/python3 setup.py egg_info --egg-base ../build/py_pubsub build --build-base /home/jishnu/project/ros2-project/projects/workspace/src/build/py_pubsub/build install --prefix /home/jishnu/project/ros2-project/projects/workspace/src/install/py_pubsub --record /home/jishnu/project/ros2-project/projects/workspace/src/build/py_pubsub/install.log --single-version-externally-managed
[1.091s] Level 1:colcon.colcon_core.environment:checking '/home/jishnu/project/ros2-project/projects/workspace/src/install/py_pubsub' for CMake module files
[1.091s] Level 1:colcon.colcon_core.environment:checking '/home/jishnu/project/ros2-project/projects/workspace/src/install/py_pubsub' for CMake config files
[1.092s] Level 1:colcon.colcon_core.environment:checking '/home/jishnu/project/ros2-project/projects/workspace/src/install/py_pubsub/lib'
[1.093s] Level 1:colcon.colcon_core.environment:checking '/home/jishnu/project/ros2-project/projects/workspace/src/install/py_pubsub/bin'
[1.093s] Level 1:colcon.colcon_core.environment:checking '/home/jishnu/project/ros2-project/projects/workspace/src/install/py_pubsub/lib/pkgconfig/py_pubsub.pc'
[1.093s] Level 1:colcon.colcon_core.environment:checking '/home/jishnu/project/ros2-project/projects/workspace/src/install/py_pubsub/lib/python3.10/site-packages'
[1.093s] Level 1:colcon.colcon_core.shell:create_environment_hook('py_pubsub', 'pythonpath')
[1.094s] INFO:colcon.colcon_core.shell:Creating environment hook '/home/jishnu/project/ros2-project/projects/workspace/src/install/py_pubsub/share/py_pubsub/hook/pythonpath.ps1'
[1.095s] INFO:colcon.colcon_core.shell:Creating environment descriptor '/home/jishnu/project/ros2-project/projects/workspace/src/install/py_pubsub/share/py_pubsub/hook/pythonpath.dsv'
[1.095s] INFO:colcon.colcon_core.shell:Creating environment hook '/home/jishnu/project/ros2-project/projects/workspace/src/install/py_pubsub/share/py_pubsub/hook/pythonpath.sh'
[1.095s] Level 1:colcon.colcon_core.environment:checking '/home/jishnu/project/ros2-project/projects/workspace/src/install/py_pubsub/bin'
[1.095s] Level 1:colcon.colcon_core.environment:create_environment_scripts_only(py_pubsub)
[1.096s] INFO:colcon.colcon_core.shell:Creating package script '/home/jishnu/project/ros2-project/projects/workspace/src/install/py_pubsub/share/py_pubsub/package.ps1'
[1.097s] INFO:colcon.colcon_core.shell:Creating package descriptor '/home/jishnu/project/ros2-project/projects/workspace/src/install/py_pubsub/share/py_pubsub/package.dsv'
[1.098s] INFO:colcon.colcon_core.shell:Creating package script '/home/jishnu/project/ros2-project/projects/workspace/src/install/py_pubsub/share/py_pubsub/package.sh'
[1.098s] INFO:colcon.colcon_core.shell:Creating package script '/home/jishnu/project/ros2-project/projects/workspace/src/install/py_pubsub/share/py_pubsub/package.bash'
[1.099s] INFO:colcon.colcon_core.shell:Creating package script '/home/jishnu/project/ros2-project/projects/workspace/src/install/py_pubsub/share/py_pubsub/package.zsh'
[1.100s] Level 1:colcon.colcon_core.environment:create_file_with_runtime_dependencies(/home/jishnu/project/ros2-project/projects/workspace/src/install/py_pubsub/share/colcon-core/packages/py_pubsub)
[1.100s] DEBUG:colcon.colcon_parallel_executor.executor.parallel:closing loop
[1.100s] DEBUG:colcon.colcon_parallel_executor.executor.parallel:loop closed
[1.100s] DEBUG:colcon.colcon_parallel_executor.executor.parallel:run_until_complete finished with '0'
[1.100s] DEBUG:colcon.colcon_core.event_reactor:joining thread
[1.110s] INFO:colcon.colcon_core.plugin_system:Skipping extension 'colcon_notification.desktop_notification.terminal_notifier': Not used on non-Darwin systems
[1.110s] INFO:colcon.colcon_core.plugin_system:Skipping extension 'colcon_notification.desktop_notification.win32': Not used on non-Windows systems
[1.110s] INFO:colcon.colcon_notification.desktop_notification:Sending desktop notification using 'notify2'
[1.122s] DEBUG:colcon.colcon_core.event_reactor:joined thread
[1.124s] INFO:colcon.colcon_core.shell:Creating prefix script '/home/jishnu/project/ros2-project/projects/workspace/src/install/local_setup.ps1'
[1.124s] INFO:colcon.colcon_core.shell:Creating prefix util module '/home/jishnu/project/ros2-project/projects/workspace/src/install/_local_setup_util_ps1.py'
[1.126s] INFO:colcon.colcon_core.shell:Creating prefix chain script '/home/jishnu/project/ros2-project/projects/workspace/src/install/setup.ps1'
[1.127s] INFO:colcon.colcon_core.shell:Creating prefix script '/home/jishnu/project/ros2-project/projects/workspace/src/install/local_setup.sh'
[1.127s] INFO:colcon.colcon_core.shell:Creating prefix util module '/home/jishnu/project/ros2-project/projects/workspace/src/install/_local_setup_util_sh.py'
[1.129s] INFO:colcon.colcon_core.shell:Creating prefix chain script '/home/jishnu/project/ros2-project/projects/workspace/src/install/setup.sh'
[1.131s] INFO:colcon.colcon_core.shell:Creating prefix script '/home/jishnu/project/ros2-project/projects/workspace/src/install/local_setup.bash'
[1.132s] INFO:colcon.colcon_core.shell:Creating prefix chain script '/home/jishnu/project/ros2-project/projects/workspace/src/install/setup.bash'
[1.134s] INFO:colcon.colcon_core.shell:Creating prefix script '/home/jishnu/project/ros2-project/projects/workspace/src/install/local_setup.zsh'
[1.134s] INFO:colcon.colcon_core.shell:Creating prefix chain script '/home/jishnu/project/ros2-project/projects/workspace/src/install/setup.zsh'
