[0.018s] Invoking command in '/home/jishnu/project/ros2-project/projects/workspace/build/more_interfaces': CMAKE_PREFIX_PATH=/opt/ros/humble /usr/bin/cmake --build /home/jishnu/project/ros2-project/projects/workspace/build/more_interfaces -- -j8 -l8
[0.085s] [  9%] Built target more_interfaces__rosidl_generator_c
[0.085s] [ 12%] Built target more_interfaces__cpp
[0.121s] [ 24%] Built target more_interfaces__rosidl_typesupport_fastrtps_cpp
[0.121s] [ 27%] Built target ament_cmake_python_copy_more_interfaces
[0.121s] [ 30%] Built target more_interfaces__rosidl_typesupport_introspection_c
[0.129s] [ 45%] Built target more_interfaces__rosidl_typesupport_fastrtps_c
[0.129s] [ 48%] Built target more_interfaces__rosidl_typesupport_c
[0.133s] [ 57%] Built target more_interfaces__rosidl_typesupport_introspection_cpp
[0.154s] [ 66%] Built target more_interfaces__rosidl_typesupport_cpp
[0.175s] [35m[1mConsolidate compiler generated dependencies of target publish_motor_driver[0m
[0.188s] [ 66%] Built target more_interfaces
[0.209s] [ 69%] [32mBuilding CXX object CMakeFiles/publish_motor_driver.dir/src/publish_motor_driver.cpp.o[0m
[0.224s] [ 72%] Built target more_interfaces__py
[0.260s] [ 78%] Built target more_interfaces__rosidl_generator_py
[0.285s] [ 84%] Built target more_interfaces__rosidl_typesupport_c__pyext
[0.288s] [ 90%] Built target more_interfaces__rosidl_typesupport_introspection_c__pyext
[0.288s] [ 96%] Built target more_interfaces__rosidl_typesupport_fastrtps_c__pyext
[0.515s] running egg_info
[0.516s] writing more_interfaces.egg-info/PKG-INFO
[0.516s] writing dependency_links to more_interfaces.egg-info/dependency_links.txt
[0.517s] writing top-level names to more_interfaces.egg-info/top_level.txt
[0.521s] reading manifest file 'more_interfaces.egg-info/SOURCES.txt'
[0.522s] writing manifest file 'more_interfaces.egg-info/SOURCES.txt'
[0.562s] [ 96%] Built target ament_cmake_python_build_more_interfaces_egg
[5.980s] [100%] [32m[1mLinking CXX executable publish_motor_driver[0m
[6.208s] [100%] Built target publish_motor_driver
[6.218s] Invoked command in '/home/jishnu/project/ros2-project/projects/workspace/build/more_interfaces' returned '0': CMAKE_PREFIX_PATH=/opt/ros/humble /usr/bin/cmake --build /home/jishnu/project/ros2-project/projects/workspace/build/more_interfaces -- -j8 -l8
[6.284s] Invoking command in '/home/jishnu/project/ros2-project/projects/workspace/build/more_interfaces': CMAKE_PREFIX_PATH=/opt/ros/humble /usr/bin/cmake --install /home/jishnu/project/ros2-project/projects/workspace/build/more_interfaces
[6.292s] -- Install configuration: ""
[6.292s] -- Installing: /home/jishnu/project/ros2-project/projects/workspace/install/more_interfaces/share/ament_index/resource_index/rosidl_interfaces/more_interfaces
[6.292s] -- Up-to-date: /home/jishnu/project/ros2-project/projects/workspace/install/more_interfaces/include/more_interfaces/more_interfaces
[6.292s] -- Up-to-date: /home/jishnu/project/ros2-project/projects/workspace/install/more_interfaces/include/more_interfaces/more_interfaces/msg
[6.293s] -- Up-to-date: /home/jishnu/project/ros2-project/projects/workspace/install/more_interfaces/include/more_interfaces/more_interfaces/msg/rosidl_generator_c__visibility_control.h
[6.293s] -- Up-to-date: /home/jishnu/project/ros2-project/projects/workspace/install/more_interfaces/include/more_interfaces/more_interfaces/msg/address_book.h
[6.293s] -- Installing: /home/jishnu/project/ros2-project/projects/workspace/install/more_interfaces/include/more_interfaces/more_interfaces/msg/motor_driver.h
[6.293s] -- Up-to-date: /home/jishnu/project/ros2-project/projects/workspace/install/more_interfaces/include/more_interfaces/more_interfaces/msg/detail
[6.293s] -- Installing: /home/jishnu/project/ros2-project/projects/workspace/install/more_interfaces/include/more_interfaces/more_interfaces/msg/detail/motor_driver__type_support.h
[6.293s] -- Installing: /home/jishnu/project/ros2-project/projects/workspace/install/more_interfaces/include/more_interfaces/more_interfaces/msg/detail/motor_driver__functions.h
[6.293s] -- Up-to-date: /home/jishnu/project/ros2-project/projects/workspace/install/more_interfaces/include/more_interfaces/more_interfaces/msg/detail/address_book__functions.c
[6.293s] -- Installing: /home/jishnu/project/ros2-project/projects/workspace/install/more_interfaces/include/more_interfaces/more_interfaces/msg/detail/motor_driver__struct.h
[6.293s] -- Installing: /home/jishnu/project/ros2-project/projects/workspace/install/more_interfaces/include/more_interfaces/more_interfaces/msg/detail/motor_driver__functions.c
[6.294s] -- Up-to-date: /home/jishnu/project/ros2-project/projects/workspace/install/more_interfaces/include/more_interfaces/more_interfaces/msg/detail/address_book__functions.h
[6.294s] -- Up-to-date: /home/jishnu/project/ros2-project/projects/workspace/install/more_interfaces/include/more_interfaces/more_interfaces/msg/detail/address_book__type_support.h
[6.294s] -- Up-to-date: /home/jishnu/project/ros2-project/projects/workspace/install/more_interfaces/include/more_interfaces/more_interfaces/msg/detail/address_book__struct.h
[6.294s] -- Up-to-date: /home/jishnu/project/ros2-project/projects/workspace/install/more_interfaces/share/more_interfaces/environment/library_path.sh
[6.294s] -- Installing: /home/jishnu/project/ros2-project/projects/workspace/install/more_interfaces/share/more_interfaces/environment/library_path.dsv
[6.326s] -- Installing: /home/jishnu/project/ros2-project/projects/workspace/install/more_interfaces/lib/libmore_interfaces__rosidl_generator_c.so
[6.327s] -- Set runtime path of "/home/jishnu/project/ros2-project/projects/workspace/install/more_interfaces/lib/libmore_interfaces__rosidl_generator_c.so" to ""
[6.328s] -- Up-to-date: /home/jishnu/project/ros2-project/projects/workspace/install/more_interfaces/include/more_interfaces/more_interfaces
[6.328s] -- Up-to-date: /home/jishnu/project/ros2-project/projects/workspace/install/more_interfaces/include/more_interfaces/more_interfaces/msg
[6.329s] -- Up-to-date: /home/jishnu/project/ros2-project/projects/workspace/install/more_interfaces/include/more_interfaces/more_interfaces/msg/rosidl_typesupport_fastrtps_c__visibility_control.h
[6.329s] -- Up-to-date: /home/jishnu/project/ros2-project/projects/workspace/install/more_interfaces/include/more_interfaces/more_interfaces/msg/detail
[6.329s] -- Up-to-date: /home/jishnu/project/ros2-project/projects/workspace/install/more_interfaces/include/more_interfaces/more_interfaces/msg/detail/address_book__rosidl_typesupport_fastrtps_c.h
[6.330s] -- Installing: /home/jishnu/project/ros2-project/projects/workspace/install/more_interfaces/include/more_interfaces/more_interfaces/msg/detail/motor_driver__rosidl_typesupport_fastrtps_c.h
[6.330s] -- Installing: /home/jishnu/project/ros2-project/projects/workspace/install/more_interfaces/lib/libmore_interfaces__rosidl_typesupport_fastrtps_c.so
[6.331s] -- Set runtime path of "/home/jishnu/project/ros2-project/projects/workspace/install/more_interfaces/lib/libmore_interfaces__rosidl_typesupport_fastrtps_c.so" to ""
[6.332s] -- Up-to-date: /home/jishnu/project/ros2-project/projects/workspace/install/more_interfaces/include/more_interfaces/more_interfaces
[6.332s] -- Up-to-date: /home/jishnu/project/ros2-project/projects/workspace/install/more_interfaces/include/more_interfaces/more_interfaces/msg
[6.333s] -- Up-to-date: /home/jishnu/project/ros2-project/projects/workspace/install/more_interfaces/include/more_interfaces/more_interfaces/msg/detail
[6.333s] -- Installing: /home/jishnu/project/ros2-project/projects/workspace/install/more_interfaces/include/more_interfaces/more_interfaces/msg/detail/motor_driver__rosidl_typesupport_introspection_c.h
[6.334s] -- Up-to-date: /home/jishnu/project/ros2-project/projects/workspace/install/more_interfaces/include/more_interfaces/more_interfaces/msg/detail/address_book__type_support.c
[6.334s] -- Up-to-date: /home/jishnu/project/ros2-project/projects/workspace/install/more_interfaces/include/more_interfaces/more_interfaces/msg/detail/address_book__rosidl_typesupport_introspection_c.h
[6.334s] -- Installing: /home/jishnu/project/ros2-project/projects/workspace/install/more_interfaces/include/more_interfaces/more_interfaces/msg/detail/motor_driver__type_support.c
[6.335s] -- Up-to-date: /home/jishnu/project/ros2-project/projects/workspace/install/more_interfaces/include/more_interfaces/more_interfaces/msg/rosidl_typesupport_introspection_c__visibility_control.h
[6.344s] -- Installing: /home/jishnu/project/ros2-project/projects/workspace/install/more_interfaces/lib/libmore_interfaces__rosidl_typesupport_introspection_c.so
[6.345s] -- Set runtime path of "/home/jishnu/project/ros2-project/projects/workspace/install/more_interfaces/lib/libmore_interfaces__rosidl_typesupport_introspection_c.so" to ""
[6.346s] -- Installing: /home/jishnu/project/ros2-project/projects/workspace/install/more_interfaces/lib/libmore_interfaces__rosidl_typesupport_c.so
[6.349s] -- Set runtime path of "/home/jishnu/project/ros2-project/projects/workspace/install/more_interfaces/lib/libmore_interfaces__rosidl_typesupport_c.so" to ""
[6.351s] -- Up-to-date: /home/jishnu/project/ros2-project/projects/workspace/install/more_interfaces/include/more_interfaces/more_interfaces
[6.352s] -- Up-to-date: /home/jishnu/project/ros2-project/projects/workspace/install/more_interfaces/include/more_interfaces/more_interfaces/msg
[6.353s] -- Up-to-date: /home/jishnu/project/ros2-project/projects/workspace/install/more_interfaces/include/more_interfaces/more_interfaces/msg/address_book.hpp
[6.354s] -- Installing: /home/jishnu/project/ros2-project/projects/workspace/install/more_interfaces/include/more_interfaces/more_interfaces/msg/motor_driver.hpp
[6.354s] -- Up-to-date: /home/jishnu/project/ros2-project/projects/workspace/install/more_interfaces/include/more_interfaces/more_interfaces/msg/detail
[6.354s] -- Up-to-date: /home/jishnu/project/ros2-project/projects/workspace/install/more_interfaces/include/more_interfaces/more_interfaces/msg/detail/address_book__builder.hpp
[6.355s] -- Up-to-date: /home/jishnu/project/ros2-project/projects/workspace/install/more_interfaces/include/more_interfaces/more_interfaces/msg/detail/address_book__traits.hpp
[6.356s] -- Installing: /home/jishnu/project/ros2-project/projects/workspace/install/more_interfaces/include/more_interfaces/more_interfaces/msg/detail/motor_driver__traits.hpp
[6.356s] -- Up-to-date: /home/jishnu/project/ros2-project/projects/workspace/install/more_interfaces/include/more_interfaces/more_interfaces/msg/detail/address_book__struct.hpp
[6.357s] -- Installing: /home/jishnu/project/ros2-project/projects/workspace/install/more_interfaces/include/more_interfaces/more_interfaces/msg/detail/motor_driver__builder.hpp
[6.358s] -- Installing: /home/jishnu/project/ros2-project/projects/workspace/install/more_interfaces/include/more_interfaces/more_interfaces/msg/detail/motor_driver__struct.hpp
[6.358s] -- Up-to-date: /home/jishnu/project/ros2-project/projects/workspace/install/more_interfaces/include/more_interfaces/more_interfaces
[6.358s] -- Up-to-date: /home/jishnu/project/ros2-project/projects/workspace/install/more_interfaces/include/more_interfaces/more_interfaces/msg
[6.359s] -- Up-to-date: /home/jishnu/project/ros2-project/projects/workspace/install/more_interfaces/include/more_interfaces/more_interfaces/msg/rosidl_typesupport_fastrtps_cpp__visibility_control.h
[6.360s] -- Up-to-date: /home/jishnu/project/ros2-project/projects/workspace/install/more_interfaces/include/more_interfaces/more_interfaces/msg/detail
[6.360s] -- Up-to-date: /home/jishnu/project/ros2-project/projects/workspace/install/more_interfaces/include/more_interfaces/more_interfaces/msg/detail/address_book__rosidl_typesupport_fastrtps_cpp.hpp
[6.361s] -- Up-to-date: /home/jishnu/project/ros2-project/projects/workspace/install/more_interfaces/include/more_interfaces/more_interfaces/msg/detail/dds_fastrtps
[6.361s] -- Installing: /home/jishnu/project/ros2-project/projects/workspace/install/more_interfaces/include/more_interfaces/more_interfaces/msg/detail/motor_driver__rosidl_typesupport_fastrtps_cpp.hpp
[6.362s] -- Installing: /home/jishnu/project/ros2-project/projects/workspace/install/more_interfaces/lib/libmore_interfaces__rosidl_typesupport_fastrtps_cpp.so
[6.363s] -- Set runtime path of "/home/jishnu/project/ros2-project/projects/workspace/install/more_interfaces/lib/libmore_interfaces__rosidl_typesupport_fastrtps_cpp.so" to ""
[6.364s] -- Up-to-date: /home/jishnu/project/ros2-project/projects/workspace/install/more_interfaces/include/more_interfaces/more_interfaces
[6.364s] -- Up-to-date: /home/jishnu/project/ros2-project/projects/workspace/install/more_interfaces/include/more_interfaces/more_interfaces/msg
[6.366s] -- Up-to-date: /home/jishnu/project/ros2-project/projects/workspace/install/more_interfaces/include/more_interfaces/more_interfaces/msg/detail
[6.367s] -- Up-to-date: /home/jishnu/project/ros2-project/projects/workspace/install/more_interfaces/include/more_interfaces/more_interfaces/msg/detail/address_book__type_support.cpp
[6.367s] -- Up-to-date: /home/jishnu/project/ros2-project/projects/workspace/install/more_interfaces/include/more_interfaces/more_interfaces/msg/detail/address_book__rosidl_typesupport_introspection_cpp.hpp
[6.368s] -- Installing: /home/jishnu/project/ros2-project/projects/workspace/install/more_interfaces/include/more_interfaces/more_interfaces/msg/detail/motor_driver__type_support.cpp
[6.369s] -- Installing: /home/jishnu/project/ros2-project/projects/workspace/install/more_interfaces/include/more_interfaces/more_interfaces/msg/detail/motor_driver__rosidl_typesupport_introspection_cpp.hpp
[6.369s] -- Installing: /home/jishnu/project/ros2-project/projects/workspace/install/more_interfaces/lib/libmore_interfaces__rosidl_typesupport_introspection_cpp.so
[6.371s] -- Set runtime path of "/home/jishnu/project/ros2-project/projects/workspace/install/more_interfaces/lib/libmore_interfaces__rosidl_typesupport_introspection_cpp.so" to ""
[6.372s] -- Installing: /home/jishnu/project/ros2-project/projects/workspace/install/more_interfaces/lib/libmore_interfaces__rosidl_typesupport_cpp.so
[6.373s] -- Set runtime path of "/home/jishnu/project/ros2-project/projects/workspace/install/more_interfaces/lib/libmore_interfaces__rosidl_typesupport_cpp.so" to ""
[6.373s] -- Up-to-date: /home/jishnu/project/ros2-project/projects/workspace/install/more_interfaces/share/more_interfaces/environment/pythonpath.sh
[6.373s] -- Installing: /home/jishnu/project/ros2-project/projects/workspace/install/more_interfaces/share/more_interfaces/environment/pythonpath.dsv
[6.374s] -- Up-to-date: /home/jishnu/project/ros2-project/projects/workspace/install/more_interfaces/local/lib/python3.10/dist-packages/more_interfaces-0.0.0-py3.10.egg-info
[6.374s] -- Installing: /home/jishnu/project/ros2-project/projects/workspace/install/more_interfaces/local/lib/python3.10/dist-packages/more_interfaces-0.0.0-py3.10.egg-info/top_level.txt
[6.374s] -- Installing: /home/jishnu/project/ros2-project/projects/workspace/install/more_interfaces/local/lib/python3.10/dist-packages/more_interfaces-0.0.0-py3.10.egg-info/dependency_links.txt
[6.375s] -- Installing: /home/jishnu/project/ros2-project/projects/workspace/install/more_interfaces/local/lib/python3.10/dist-packages/more_interfaces-0.0.0-py3.10.egg-info/SOURCES.txt
[6.375s] -- Installing: /home/jishnu/project/ros2-project/projects/workspace/install/more_interfaces/local/lib/python3.10/dist-packages/more_interfaces-0.0.0-py3.10.egg-info/PKG-INFO
[6.375s] -- Up-to-date: /home/jishnu/project/ros2-project/projects/workspace/install/more_interfaces/local/lib/python3.10/dist-packages/more_interfaces
[6.376s] -- Installing: /home/jishnu/project/ros2-project/projects/workspace/install/more_interfaces/local/lib/python3.10/dist-packages/more_interfaces/libmore_interfaces__rosidl_generator_py.so
[6.376s] -- Installing: /home/jishnu/project/ros2-project/projects/workspace/install/more_interfaces/local/lib/python3.10/dist-packages/more_interfaces/more_interfaces_s__rosidl_typesupport_fastrtps_c.cpython-310-x86_64-linux-gnu.so
[6.376s] -- Installing: /home/jishnu/project/ros2-project/projects/workspace/install/more_interfaces/local/lib/python3.10/dist-packages/more_interfaces/_more_interfaces_s.ep.rosidl_typesupport_introspection_c.c
[6.377s] -- Installing: /home/jishnu/project/ros2-project/projects/workspace/install/more_interfaces/local/lib/python3.10/dist-packages/more_interfaces/more_interfaces_s__rosidl_typesupport_introspection_c.cpython-310-x86_64-linux-gnu.so
[6.377s] -- Up-to-date: /home/jishnu/project/ros2-project/projects/workspace/install/more_interfaces/local/lib/python3.10/dist-packages/more_interfaces/msg
[6.377s] -- Up-to-date: /home/jishnu/project/ros2-project/projects/workspace/install/more_interfaces/local/lib/python3.10/dist-packages/more_interfaces/msg/_address_book_s.c
[6.378s] -- Installing: /home/jishnu/project/ros2-project/projects/workspace/install/more_interfaces/local/lib/python3.10/dist-packages/more_interfaces/msg/_motor_driver.py
[6.378s] -- Installing: /home/jishnu/project/ros2-project/projects/workspace/install/more_interfaces/local/lib/python3.10/dist-packages/more_interfaces/msg/__init__.py
[6.378s] -- Up-to-date: /home/jishnu/project/ros2-project/projects/workspace/install/more_interfaces/local/lib/python3.10/dist-packages/more_interfaces/msg/_address_book.py
[6.381s] -- Installing: /home/jishnu/project/ros2-project/projects/workspace/install/more_interfaces/local/lib/python3.10/dist-packages/more_interfaces/msg/_motor_driver_s.c
[6.381s] -- Installing: /home/jishnu/project/ros2-project/projects/workspace/install/more_interfaces/local/lib/python3.10/dist-packages/more_interfaces/__init__.py
[6.381s] -- Installing: /home/jishnu/project/ros2-project/projects/workspace/install/more_interfaces/local/lib/python3.10/dist-packages/more_interfaces/_more_interfaces_s.ep.rosidl_typesupport_c.c
[6.382s] -- Installing: /home/jishnu/project/ros2-project/projects/workspace/install/more_interfaces/local/lib/python3.10/dist-packages/more_interfaces/_more_interfaces_s.ep.rosidl_typesupport_fastrtps_c.c
[6.382s] -- Installing: /home/jishnu/project/ros2-project/projects/workspace/install/more_interfaces/local/lib/python3.10/dist-packages/more_interfaces/more_interfaces_s__rosidl_typesupport_c.cpython-310-x86_64-linux-gnu.so
[6.465s] Listing '/home/jishnu/project/ros2-project/projects/workspace/install/more_interfaces/local/lib/python3.10/dist-packages/more_interfaces'...
[6.465s] Compiling '/home/jishnu/project/ros2-project/projects/workspace/install/more_interfaces/local/lib/python3.10/dist-packages/more_interfaces/__init__.py'...
[6.465s] Listing '/home/jishnu/project/ros2-project/projects/workspace/install/more_interfaces/local/lib/python3.10/dist-packages/more_interfaces/msg'...
[6.465s] Compiling '/home/jishnu/project/ros2-project/projects/workspace/install/more_interfaces/local/lib/python3.10/dist-packages/more_interfaces/msg/__init__.py'...
[6.465s] Compiling '/home/jishnu/project/ros2-project/projects/workspace/install/more_interfaces/local/lib/python3.10/dist-packages/more_interfaces/msg/_motor_driver.py'...
[6.472s] -- Installing: /home/jishnu/project/ros2-project/projects/workspace/install/more_interfaces/local/lib/python3.10/dist-packages/more_interfaces/more_interfaces_s__rosidl_typesupport_fastrtps_c.cpython-310-x86_64-linux-gnu.so
[6.472s] -- Set runtime path of "/home/jishnu/project/ros2-project/projects/workspace/install/more_interfaces/local/lib/python3.10/dist-packages/more_interfaces/more_interfaces_s__rosidl_typesupport_fastrtps_c.cpython-310-x86_64-linux-gnu.so" to ""
[6.472s] -- Installing: /home/jishnu/project/ros2-project/projects/workspace/install/more_interfaces/local/lib/python3.10/dist-packages/more_interfaces/more_interfaces_s__rosidl_typesupport_introspection_c.cpython-310-x86_64-linux-gnu.so
[6.473s] -- Set runtime path of "/home/jishnu/project/ros2-project/projects/workspace/install/more_interfaces/local/lib/python3.10/dist-packages/more_interfaces/more_interfaces_s__rosidl_typesupport_introspection_c.cpython-310-x86_64-linux-gnu.so" to ""
[6.473s] -- Installing: /home/jishnu/project/ros2-project/projects/workspace/install/more_interfaces/local/lib/python3.10/dist-packages/more_interfaces/more_interfaces_s__rosidl_typesupport_c.cpython-310-x86_64-linux-gnu.so
[6.474s] -- Set runtime path of "/home/jishnu/project/ros2-project/projects/workspace/install/more_interfaces/local/lib/python3.10/dist-packages/more_interfaces/more_interfaces_s__rosidl_typesupport_c.cpython-310-x86_64-linux-gnu.so" to ""
[6.474s] -- Installing: /home/jishnu/project/ros2-project/projects/workspace/install/more_interfaces/lib/libmore_interfaces__rosidl_generator_py.so
[6.474s] -- Set runtime path of "/home/jishnu/project/ros2-project/projects/workspace/install/more_interfaces/lib/libmore_interfaces__rosidl_generator_py.so" to ""
[6.475s] -- Installing: /home/jishnu/project/ros2-project/projects/workspace/install/more_interfaces/share/more_interfaces/msg/MotorDriver.idl
[6.475s] -- Installing: /home/jishnu/project/ros2-project/projects/workspace/install/more_interfaces/share/more_interfaces/msg/MotorDriver.msg
[6.475s] -- Installing: /home/jishnu/project/ros2-project/projects/workspace/install/more_interfaces/lib/more_interfaces/publish_motor_driver
[6.477s] -- Set runtime path of "/home/jishnu/project/ros2-project/projects/workspace/install/more_interfaces/lib/more_interfaces/publish_motor_driver" to ""
[6.477s] -- Up-to-date: /home/jishnu/project/ros2-project/projects/workspace/install/more_interfaces/share/ament_index/resource_index/package_run_dependencies/more_interfaces
[6.477s] -- Installing: /home/jishnu/project/ros2-project/projects/workspace/install/more_interfaces/share/ament_index/resource_index/parent_prefix_path/more_interfaces
[6.477s] -- Up-to-date: /home/jishnu/project/ros2-project/projects/workspace/install/more_interfaces/share/more_interfaces/environment/ament_prefix_path.sh
[6.477s] -- Installing: /home/jishnu/project/ros2-project/projects/workspace/install/more_interfaces/share/more_interfaces/environment/ament_prefix_path.dsv
[6.478s] -- Up-to-date: /home/jishnu/project/ros2-project/projects/workspace/install/more_interfaces/share/more_interfaces/environment/path.sh
[6.478s] -- Installing: /home/jishnu/project/ros2-project/projects/workspace/install/more_interfaces/share/more_interfaces/environment/path.dsv
[6.478s] -- Up-to-date: /home/jishnu/project/ros2-project/projects/workspace/install/more_interfaces/share/more_interfaces/local_setup.bash
[6.478s] -- Up-to-date: /home/jishnu/project/ros2-project/projects/workspace/install/more_interfaces/share/more_interfaces/local_setup.sh
[6.478s] -- Up-to-date: /home/jishnu/project/ros2-project/projects/workspace/install/more_interfaces/share/more_interfaces/local_setup.zsh
[6.478s] -- Installing: /home/jishnu/project/ros2-project/projects/workspace/install/more_interfaces/share/more_interfaces/local_setup.dsv
[6.478s] -- Installing: /home/jishnu/project/ros2-project/projects/workspace/install/more_interfaces/share/more_interfaces/package.dsv
[6.479s] -- Up-to-date: /home/jishnu/project/ros2-project/projects/workspace/install/more_interfaces/share/ament_index/resource_index/packages/more_interfaces
[6.488s] -- Up-to-date: /home/jishnu/project/ros2-project/projects/workspace/install/more_interfaces/share/more_interfaces/cmake/export_more_interfaces__rosidl_generator_cExport.cmake
[6.489s] -- Up-to-date: /home/jishnu/project/ros2-project/projects/workspace/install/more_interfaces/share/more_interfaces/cmake/export_more_interfaces__rosidl_generator_cExport-noconfig.cmake
[6.489s] -- Up-to-date: /home/jishnu/project/ros2-project/projects/workspace/install/more_interfaces/share/more_interfaces/cmake/export_more_interfaces__rosidl_typesupport_fastrtps_cExport.cmake
[6.489s] -- Up-to-date: /home/jishnu/project/ros2-project/projects/workspace/install/more_interfaces/share/more_interfaces/cmake/export_more_interfaces__rosidl_typesupport_fastrtps_cExport-noconfig.cmake
[6.489s] -- Up-to-date: /home/jishnu/project/ros2-project/projects/workspace/install/more_interfaces/share/more_interfaces/cmake/more_interfaces__rosidl_typesupport_introspection_cExport.cmake
[6.490s] -- Up-to-date: /home/jishnu/project/ros2-project/projects/workspace/install/more_interfaces/share/more_interfaces/cmake/more_interfaces__rosidl_typesupport_introspection_cExport-noconfig.cmake
[6.490s] -- Up-to-date: /home/jishnu/project/ros2-project/projects/workspace/install/more_interfaces/share/more_interfaces/cmake/more_interfaces__rosidl_typesupport_cExport.cmake
[6.490s] -- Up-to-date: /home/jishnu/project/ros2-project/projects/workspace/install/more_interfaces/share/more_interfaces/cmake/more_interfaces__rosidl_typesupport_cExport-noconfig.cmake
[6.490s] -- Up-to-date: /home/jishnu/project/ros2-project/projects/workspace/install/more_interfaces/share/more_interfaces/cmake/export_more_interfaces__rosidl_generator_cppExport.cmake
[6.490s] -- Up-to-date: /home/jishnu/project/ros2-project/projects/workspace/install/more_interfaces/share/more_interfaces/cmake/export_more_interfaces__rosidl_typesupport_fastrtps_cppExport.cmake
[6.491s] -- Up-to-date: /home/jishnu/project/ros2-project/projects/workspace/install/more_interfaces/share/more_interfaces/cmake/export_more_interfaces__rosidl_typesupport_fastrtps_cppExport-noconfig.cmake
[6.491s] -- Up-to-date: /home/jishnu/project/ros2-project/projects/workspace/install/more_interfaces/share/more_interfaces/cmake/more_interfaces__rosidl_typesupport_introspection_cppExport.cmake
[6.491s] -- Up-to-date: /home/jishnu/project/ros2-project/projects/workspace/install/more_interfaces/share/more_interfaces/cmake/more_interfaces__rosidl_typesupport_introspection_cppExport-noconfig.cmake
[6.491s] -- Up-to-date: /home/jishnu/project/ros2-project/projects/workspace/install/more_interfaces/share/more_interfaces/cmake/more_interfaces__rosidl_typesupport_cppExport.cmake
[6.491s] -- Up-to-date: /home/jishnu/project/ros2-project/projects/workspace/install/more_interfaces/share/more_interfaces/cmake/more_interfaces__rosidl_typesupport_cppExport-noconfig.cmake
[6.492s] -- Up-to-date: /home/jishnu/project/ros2-project/projects/workspace/install/more_interfaces/share/more_interfaces/cmake/export_more_interfaces__rosidl_generator_pyExport.cmake
[6.492s] -- Up-to-date: /home/jishnu/project/ros2-project/projects/workspace/install/more_interfaces/share/more_interfaces/cmake/export_more_interfaces__rosidl_generator_pyExport-noconfig.cmake
[6.492s] -- Up-to-date: /home/jishnu/project/ros2-project/projects/workspace/install/more_interfaces/share/more_interfaces/cmake/ament_cmake_export_dependencies-extras.cmake
[6.493s] -- Installing: /home/jishnu/project/ros2-project/projects/workspace/install/more_interfaces/share/more_interfaces/cmake/rosidl_cmake-extras.cmake
[6.493s] -- Up-to-date: /home/jishnu/project/ros2-project/projects/workspace/install/more_interfaces/share/more_interfaces/cmake/ament_cmake_export_include_directories-extras.cmake
[6.493s] -- Up-to-date: /home/jishnu/project/ros2-project/projects/workspace/install/more_interfaces/share/more_interfaces/cmake/ament_cmake_export_libraries-extras.cmake
[6.493s] -- Up-to-date: /home/jishnu/project/ros2-project/projects/workspace/install/more_interfaces/share/more_interfaces/cmake/ament_cmake_export_targets-extras.cmake
[6.493s] -- Up-to-date: /home/jishnu/project/ros2-project/projects/workspace/install/more_interfaces/share/more_interfaces/cmake/rosidl_cmake_export_typesupport_targets-extras.cmake
[6.493s] -- Up-to-date: /home/jishnu/project/ros2-project/projects/workspace/install/more_interfaces/share/more_interfaces/cmake/rosidl_cmake_export_typesupport_libraries-extras.cmake
[6.493s] -- Up-to-date: /home/jishnu/project/ros2-project/projects/workspace/install/more_interfaces/share/more_interfaces/cmake/more_interfacesConfig.cmake
[6.493s] -- Up-to-date: /home/jishnu/project/ros2-project/projects/workspace/install/more_interfaces/share/more_interfaces/cmake/more_interfacesConfig-version.cmake
[6.493s] -- Up-to-date: /home/jishnu/project/ros2-project/projects/workspace/install/more_interfaces/share/more_interfaces/package.xml
[6.496s] Invoked command in '/home/jishnu/project/ros2-project/projects/workspace/build/more_interfaces' returned '0': CMAKE_PREFIX_PATH=/opt/ros/humble /usr/bin/cmake --install /home/jishnu/project/ros2-project/projects/workspace/build/more_interfaces
