[0.665s] Invoking command in '/home/jishnu/project/ros2-project/projects/workspace/src/my_package': PYTHONPATH=/home/jishnu/project/ros2-project/projects/workspace/install/my_package/lib/python3.10/site-packages:${PYTHONPATH} /usr/bin/python3 setup.py egg_info --egg-base ../../build/my_package build --build-base /home/jishnu/project/ros2-project/projects/workspace/build/my_package/build install --prefix /home/jishnu/project/ros2-project/projects/workspace/install/my_package --record /home/jishnu/project/ros2-project/projects/workspace/build/my_package/install.log --single-version-externally-managed
[0.853s] running egg_info
[0.853s] creating ../../build/my_package/my_package.egg-info
[0.853s] writing ../../build/my_package/my_package.egg-info/PKG-INFO
[0.854s] writing dependency_links to ../../build/my_package/my_package.egg-info/dependency_links.txt
[0.854s] writing entry points to ../../build/my_package/my_package.egg-info/entry_points.txt
[0.854s] writing requirements to ../../build/my_package/my_package.egg-info/requires.txt
[0.854s] writing top-level names to ../../build/my_package/my_package.egg-info/top_level.txt
[0.854s] writing manifest file '../../build/my_package/my_package.egg-info/SOURCES.txt'
[0.856s] reading manifest file '../../build/my_package/my_package.egg-info/SOURCES.txt'
[0.856s] writing manifest file '../../build/my_package/my_package.egg-info/SOURCES.txt'
[0.857s] running build
[0.857s] running build_py
[0.857s] creating /home/jishnu/project/ros2-project/projects/workspace/build/my_package/build
[0.857s] creating /home/jishnu/project/ros2-project/projects/workspace/build/my_package/build/lib
[0.857s] creating /home/jishnu/project/ros2-project/projects/workspace/build/my_package/build/lib/my_package
[0.857s] copying my_package/__init__.py -> /home/jishnu/project/ros2-project/projects/workspace/build/my_package/build/lib/my_package
[0.857s] copying my_package/my_node.py -> /home/jishnu/project/ros2-project/projects/workspace/build/my_package/build/lib/my_package
[0.857s] running install
[0.857s] /usr/lib/python3/dist-packages/setuptools/command/install.py:34: SetuptoolsDeprecationWarning: setup.py install is deprecated. Use build and pip and other standards-based tools.
[0.857s]   warnings.warn(
[0.857s] running install_lib
[0.858s] creating /home/jishnu/project/ros2-project/projects/workspace/install/my_package/lib/python3.10/site-packages/my_package
[0.858s] copying /home/jishnu/project/ros2-project/projects/workspace/build/my_package/build/lib/my_package/__init__.py -> /home/jishnu/project/ros2-project/projects/workspace/install/my_package/lib/python3.10/site-packages/my_package
[0.858s] copying /home/jishnu/project/ros2-project/projects/workspace/build/my_package/build/lib/my_package/my_node.py -> /home/jishnu/project/ros2-project/projects/workspace/install/my_package/lib/python3.10/site-packages/my_package
[0.858s] byte-compiling /home/jishnu/project/ros2-project/projects/workspace/install/my_package/lib/python3.10/site-packages/my_package/__init__.py to __init__.cpython-310.pyc
[0.858s] byte-compiling /home/jishnu/project/ros2-project/projects/workspace/install/my_package/lib/python3.10/site-packages/my_package/my_node.py to my_node.cpython-310.pyc
[0.859s] running install_data
[0.859s] creating /home/jishnu/project/ros2-project/projects/workspace/install/my_package/share/ament_index
[0.859s] creating /home/jishnu/project/ros2-project/projects/workspace/install/my_package/share/ament_index/resource_index
[0.859s] creating /home/jishnu/project/ros2-project/projects/workspace/install/my_package/share/ament_index/resource_index/packages
[0.859s] copying resource/my_package -> /home/jishnu/project/ros2-project/projects/workspace/install/my_package/share/ament_index/resource_index/packages
[0.859s] copying package.xml -> /home/jishnu/project/ros2-project/projects/workspace/install/my_package/share/my_package
[0.859s] running install_egg_info
[0.860s] Copying ../../build/my_package/my_package.egg-info to /home/jishnu/project/ros2-project/projects/workspace/install/my_package/lib/python3.10/site-packages/my_package-0.0.0-py3.10.egg-info
[0.861s] running install_scripts
[0.878s] Installing my_node script to /home/jishnu/project/ros2-project/projects/workspace/install/my_package/lib/my_package
[0.878s] writing list of installed files to '/home/jishnu/project/ros2-project/projects/workspace/build/my_package/install.log'
[0.902s] Invoked command in '/home/jishnu/project/ros2-project/projects/workspace/src/my_package' returned '0': PYTHONPATH=/home/jishnu/project/ros2-project/projects/workspace/install/my_package/lib/python3.10/site-packages:${PYTHONPATH} /usr/bin/python3 setup.py egg_info --egg-base ../../build/my_package build --build-base /home/jishnu/project/ros2-project/projects/workspace/build/my_package/build install --prefix /home/jishnu/project/ros2-project/projects/workspace/install/my_package --record /home/jishnu/project/ros2-project/projects/workspace/build/my_package/install.log --single-version-externally-managed
