[0.173s] Invoking command in '/home/jishnu/project/ros2-project/projects/workspace/src/build/action_tutorials_interfaces': CMAKE_PREFIX_PATH=${CMAKE_PREFIX_PATH}:/home/jishnu/project/ros2-project/projects/workspace/src/install/py_pubsub:/home/jishnu/project/moveit-projects/ws_moveit2/install/ros2controlcli:/home/jishnu/project/moveit-projects/ws_moveit2/install/moveit_configs_utils:/home/jishnu/ws_moveit2/install/ros2controlcli:/home/jishnu/ws_moveit2/install/moveit_configs_utils:/opt/ros/humble /usr/bin/cmake /home/jishnu/project/ros2-project/projects/workspace/src/action_tutorials_interfaces -DCMAKE_INSTALL_PREFIX=/home/jishnu/project/ros2-project/projects/workspace/src/install/action_tutorials_interfaces
[0.253s] -- The C compiler identification is GNU 11.3.0
[0.323s] -- The CXX compiler identification is GNU 11.3.0
[0.335s] -- Detecting C compiler ABI info
[0.583s] -- Detecting C compiler ABI info - done
[0.595s] -- Check for working C compiler: /usr/bin/cc - skipped
[0.595s] -- Detecting C compile features
[0.596s] -- Detecting C compile features - done
[0.599s] -- Detecting CXX compiler ABI info
[0.874s] -- Detecting CXX compiler ABI info - done
[0.897s] -- Check for working CXX compiler: /usr/bin/c++ - skipped
[0.897s] -- Detecting CXX compile features
[0.898s] -- Detecting CXX compile features - done
[0.980s] -- Found ament_cmake: 1.3.3 (/opt/ros/humble/share/ament_cmake/cmake)
[1.468s] -- Found Python3: /usr/bin/python3.10 (found version "3.10.6") found components: Interpreter 
[1.881s] -- Found ament_lint_auto: 0.12.4 (/opt/ros/humble/share/ament_lint_auto/cmake)
[2.158s] -- Added test 'lint_cmake' to check CMake code style
[2.173s] -- Added test 'xmllint' to check XML markup files
[2.179s] -- Configuring done
[2.182s] -- Generating done
[2.196s] -- Build files have been written to: /home/jishnu/project/ros2-project/projects/workspace/src/build/action_tutorials_interfaces
[2.206s] Invoked command in '/home/jishnu/project/ros2-project/projects/workspace/src/build/action_tutorials_interfaces' returned '0': CMAKE_PREFIX_PATH=${CMAKE_PREFIX_PATH}:/home/jishnu/project/ros2-project/projects/workspace/src/install/py_pubsub:/home/jishnu/project/moveit-projects/ws_moveit2/install/ros2controlcli:/home/jishnu/project/moveit-projects/ws_moveit2/install/moveit_configs_utils:/home/jishnu/ws_moveit2/install/ros2controlcli:/home/jishnu/ws_moveit2/install/moveit_configs_utils:/opt/ros/humble /usr/bin/cmake /home/jishnu/project/ros2-project/projects/workspace/src/action_tutorials_interfaces -DCMAKE_INSTALL_PREFIX=/home/jishnu/project/ros2-project/projects/workspace/src/install/action_tutorials_interfaces
[2.207s] Invoking command in '/home/jishnu/project/ros2-project/projects/workspace/src/build/action_tutorials_interfaces': CMAKE_PREFIX_PATH=${CMAKE_PREFIX_PATH}:/home/jishnu/project/ros2-project/projects/workspace/src/install/py_pubsub:/home/jishnu/project/moveit-projects/ws_moveit2/install/ros2controlcli:/home/jishnu/project/moveit-projects/ws_moveit2/install/moveit_configs_utils:/home/jishnu/ws_moveit2/install/ros2controlcli:/home/jishnu/ws_moveit2/install/moveit_configs_utils:/opt/ros/humble /usr/bin/cmake --build /home/jishnu/project/ros2-project/projects/workspace/src/build/action_tutorials_interfaces -- -j8 -l8
[4.708s] Invoked command in '/home/jishnu/project/ros2-project/projects/workspace/src/build/action_tutorials_interfaces' returned '0': CMAKE_PREFIX_PATH=${CMAKE_PREFIX_PATH}:/home/jishnu/project/ros2-project/projects/workspace/src/install/py_pubsub:/home/jishnu/project/moveit-projects/ws_moveit2/install/ros2controlcli:/home/jishnu/project/moveit-projects/ws_moveit2/install/moveit_configs_utils:/home/jishnu/ws_moveit2/install/ros2controlcli:/home/jishnu/ws_moveit2/install/moveit_configs_utils:/opt/ros/humble /usr/bin/cmake --build /home/jishnu/project/ros2-project/projects/workspace/src/build/action_tutorials_interfaces -- -j8 -l8
[5.267s] Invoking command in '/home/jishnu/project/ros2-project/projects/workspace/src/build/action_tutorials_interfaces': CMAKE_PREFIX_PATH=${CMAKE_PREFIX_PATH}:/home/jishnu/project/ros2-project/projects/workspace/src/install/py_pubsub:/home/jishnu/project/moveit-projects/ws_moveit2/install/ros2controlcli:/home/jishnu/project/moveit-projects/ws_moveit2/install/moveit_configs_utils:/home/jishnu/ws_moveit2/install/ros2controlcli:/home/jishnu/ws_moveit2/install/moveit_configs_utils:/opt/ros/humble /usr/bin/cmake --install /home/jishnu/project/ros2-project/projects/workspace/src/build/action_tutorials_interfaces
[5.300s] -- Install configuration: ""
[5.300s] -- Installing: /home/jishnu/project/ros2-project/projects/workspace/src/install/action_tutorials_interfaces/share/ament_index/resource_index/package_run_dependencies/action_tutorials_interfaces
[5.300s] -- Installing: /home/jishnu/project/ros2-project/projects/workspace/src/install/action_tutorials_interfaces/share/ament_index/resource_index/parent_prefix_path/action_tutorials_interfaces
[5.300s] -- Installing: /home/jishnu/project/ros2-project/projects/workspace/src/install/action_tutorials_interfaces/share/action_tutorials_interfaces/environment/ament_prefix_path.sh
[5.300s] -- Installing: /home/jishnu/project/ros2-project/projects/workspace/src/install/action_tutorials_interfaces/share/action_tutorials_interfaces/environment/ament_prefix_path.dsv
[5.300s] -- Installing: /home/jishnu/project/ros2-project/projects/workspace/src/install/action_tutorials_interfaces/share/action_tutorials_interfaces/environment/path.sh
[5.300s] -- Installing: /home/jishnu/project/ros2-project/projects/workspace/src/install/action_tutorials_interfaces/share/action_tutorials_interfaces/environment/path.dsv
[5.300s] -- Installing: /home/jishnu/project/ros2-project/projects/workspace/src/install/action_tutorials_interfaces/share/action_tutorials_interfaces/local_setup.bash
[5.301s] -- Installing: /home/jishnu/project/ros2-project/projects/workspace/src/install/action_tutorials_interfaces/share/action_tutorials_interfaces/local_setup.sh
[5.301s] -- Installing: /home/jishnu/project/ros2-project/projects/workspace/src/install/action_tutorials_interfaces/share/action_tutorials_interfaces/local_setup.zsh
[5.301s] -- Installing: /home/jishnu/project/ros2-project/projects/workspace/src/install/action_tutorials_interfaces/share/action_tutorials_interfaces/local_setup.dsv
[5.301s] -- Installing: /home/jishnu/project/ros2-project/projects/workspace/src/install/action_tutorials_interfaces/share/action_tutorials_interfaces/package.dsv
[5.301s] -- Installing: /home/jishnu/project/ros2-project/projects/workspace/src/install/action_tutorials_interfaces/share/ament_index/resource_index/packages/action_tutorials_interfaces
[5.301s] -- Installing: /home/jishnu/project/ros2-project/projects/workspace/src/install/action_tutorials_interfaces/share/action_tutorials_interfaces/cmake/action_tutorials_interfacesConfig.cmake
[5.301s] -- Installing: /home/jishnu/project/ros2-project/projects/workspace/src/install/action_tutorials_interfaces/share/action_tutorials_interfaces/cmake/action_tutorials_interfacesConfig-version.cmake
[5.301s] -- Installing: /home/jishnu/project/ros2-project/projects/workspace/src/install/action_tutorials_interfaces/share/action_tutorials_interfaces/package.xml
[5.334s] Invoked command in '/home/jishnu/project/ros2-project/projects/workspace/src/build/action_tutorials_interfaces' returned '0': CMAKE_PREFIX_PATH=${CMAKE_PREFIX_PATH}:/home/jishnu/project/ros2-project/projects/workspace/src/install/py_pubsub:/home/jishnu/project/moveit-projects/ws_moveit2/install/ros2controlcli:/home/jishnu/project/moveit-projects/ws_moveit2/install/moveit_configs_utils:/home/jishnu/ws_moveit2/install/ros2controlcli:/home/jishnu/ws_moveit2/install/moveit_configs_utils:/opt/ros/humble /usr/bin/cmake --install /home/jishnu/project/ros2-project/projects/workspace/src/build/action_tutorials_interfaces
