[1.524s] Invoking command in '/home/jishnu/project/ros2-project/projects/workspace/src/my_package': PYTHONPATH=/home/jishnu/project/ros2-project/projects/workspace/src/build/my_package/prefix_override:/home/jishnu/project/ros2-project/projects/workspace/src/install/my_package/lib/python3.10/site-packages:${PYTHONPATH} /usr/bin/python3 setup.py egg_info --egg-base ../build/my_package build --build-base /home/jishnu/project/ros2-project/projects/workspace/src/build/my_package/build install --record /home/jishnu/project/ros2-project/projects/workspace/src/build/my_package/install.log --single-version-externally-managed
[2.135s] running egg_info
[2.136s] writing ../build/my_package/my_package.egg-info/PKG-INFO
[2.136s] writing dependency_links to ../build/my_package/my_package.egg-info/dependency_links.txt
[2.136s] writing entry points to ../build/my_package/my_package.egg-info/entry_points.txt
[2.136s] writing requirements to ../build/my_package/my_package.egg-info/requires.txt
[2.136s] writing top-level names to ../build/my_package/my_package.egg-info/top_level.txt
[2.136s] reading manifest file '../build/my_package/my_package.egg-info/SOURCES.txt'
[2.136s] writing manifest file '../build/my_package/my_package.egg-info/SOURCES.txt'
[2.136s] running build
[2.137s] running build_py
[2.137s] running install
[2.137s] running install_lib
[2.137s] running install_data
[2.137s] running install_egg_info
[2.137s] removing '/home/jishnu/project/ros2-project/projects/workspace/src/install/my_package/lib/python3.10/site-packages/my_package-0.0.0-py3.10.egg-info' (and everything under it)
[2.137s] Copying ../build/my_package/my_package.egg-info to /home/jishnu/project/ros2-project/projects/workspace/src/install/my_package/lib/python3.10/site-packages/my_package-0.0.0-py3.10.egg-info
[2.137s] running install_scripts
[2.137s] Installing my_node script to /home/jishnu/project/ros2-project/projects/workspace/src/install/my_package/lib/my_package
[2.137s] writing list of installed files to '/home/jishnu/project/ros2-project/projects/workspace/src/build/my_package/install.log'
[2.137s] /usr/lib/python3/dist-packages/setuptools/command/install.py:34: SetuptoolsDeprecationWarning: setup.py install is deprecated. Use build and pip and other standards-based tools.
[2.138s]   warnings.warn(
[2.189s] Invoked command in '/home/jishnu/project/ros2-project/projects/workspace/src/my_package' returned '0': PYTHONPATH=/home/jishnu/project/ros2-project/projects/workspace/src/build/my_package/prefix_override:/home/jishnu/project/ros2-project/projects/workspace/src/install/my_package/lib/python3.10/site-packages:${PYTHONPATH} /usr/bin/python3 setup.py egg_info --egg-base ../build/my_package build --build-base /home/jishnu/project/ros2-project/projects/workspace/src/build/my_package/build install --record /home/jishnu/project/ros2-project/projects/workspace/src/build/my_package/install.log --single-version-externally-managed
