running egg_info
writing ../build/python_parameters/python_parameters.egg-info/PKG-INFO
writing dependency_links to ../build/python_parameters/python_parameters.egg-info/dependency_links.txt
writing entry points to ../build/python_parameters/python_parameters.egg-info/entry_points.txt
writing requirements to ../build/python_parameters/python_parameters.egg-info/requires.txt
writing top-level names to ../build/python_parameters/python_parameters.egg-info/top_level.txt
reading manifest file '../build/python_parameters/python_parameters.egg-info/SOURCES.txt'
writing manifest file '../build/python_parameters/python_parameters.egg-info/SOURCES.txt'
running build
running build_py
running install
/usr/lib/python3/dist-packages/setuptools/command/install.py:34: SetuptoolsDeprecationWarning: setup.py install is deprecated. Use build and pip and other standards-based tools.
  warnings.warn(
running install_lib
running install_data
running install_egg_info
removing '/home/jishnu/project/ros2-project/projects/workspace/src/install/python_parameters/lib/python3.10/site-packages/python_parameters-0.0.0-py3.10.egg-info' (and everything under it)
Copying ../build/python_parameters/python_parameters.egg-info to /home/jishnu/project/ros2-project/projects/workspace/src/install/python_parameters/lib/python3.10/site-packages/python_parameters-0.0.0-py3.10.egg-info
running install_scripts
Installing param_talker script to /home/jishnu/project/ros2-project/projects/workspace/src/install/python_parameters/lib/python_parameters
writing list of installed files to '/home/jishnu/project/ros2-project/projects/workspace/src/build/python_parameters/install.log'
