[0.135s] Invoking command in '/home/jishnu/robotics/ros-git/ros2-for-beginners-udemy-course/ros2_ws/src/build/my_cpp_pkg': CMAKE_PREFIX_PATH=${CMAKE_PREFIX_PATH}:/home/jishnu/robotics/ros-git/ros2-for-beginners-udemy-course/ros2_ws/src/install/test_py_pkg:/home/jishnu/robotics/ros-git/ros2-for-beginners-udemy-course/ros2_ws/src/install/my_py_pkg:/home/jishnu/project/moveit-projects/ws_moveit2/install/ros2controlcli:/home/jishnu/project/moveit-projects/ws_moveit2/install/moveit_configs_utils:/home/jishnu/ws_moveit2/install/ros2controlcli:/home/jishnu/ws_moveit2/install/moveit_configs_utils:/opt/ros/humble /usr/bin/cmake /home/jishnu/robotics/ros-git/ros2-for-beginners-udemy-course/ros2_ws/src/my_cpp_pkg -DCMAKE_INSTALL_PREFIX=/home/jishnu/robotics/ros-git/ros2-for-beginners-udemy-course/ros2_ws/src/install/my_cpp_pkg
[0.640s] -- The C compiler identification is GNU 11.3.0
[0.640s] -- The CXX compiler identification is GNU 11.3.0
[0.640s] -- Detecting C compiler ABI info
[0.640s] -- Detecting C compiler ABI info - done
[0.640s] -- Check for working C compiler: /usr/bin/cc - skipped
[0.640s] -- Detecting C compile features
[0.641s] -- Detecting C compile features - done
[0.641s] -- Detecting CXX compiler ABI info
[0.709s] -- Detecting CXX compiler ABI info - done
[0.727s] -- Check for working CXX compiler: /usr/bin/c++ - skipped
[0.727s] -- Detecting CXX compile features
[0.728s] -- Detecting CXX compile features - done
[0.747s] -- Found ament_cmake: 1.3.3 (/opt/ros/humble/share/ament_cmake/cmake)
[1.173s] -- Found Python3: /usr/bin/python3.10 (found version "3.10.6") found components: Interpreter 
[1.592s] -- Found rclcpp: 16.0.2 (/opt/ros/humble/share/rclcpp/cmake)
[1.907s] -- Found rosidl_generator_c: 3.1.4 (/opt/ros/humble/share/rosidl_generator_c/cmake)
[1.951s] -- Found rosidl_adapter: 3.1.4 (/opt/ros/humble/share/rosidl_adapter/cmake)
[1.993s] -- Found rosidl_generator_cpp: 3.1.4 (/opt/ros/humble/share/rosidl_generator_cpp/cmake)
[2.071s] -- Using all available rosidl_typesupport_c: rosidl_typesupport_fastrtps_c;rosidl_typesupport_introspection_c
[2.165s] -- Using all available rosidl_typesupport_cpp: rosidl_typesupport_fastrtps_cpp;rosidl_typesupport_introspection_cpp
[2.430s] -- Found rmw_implementation_cmake: 6.1.1 (/opt/ros/humble/share/rmw_implementation_cmake/cmake)
[2.471s] -- Found rmw_fastrtps_cpp: 6.2.2 (/opt/ros/humble/share/rmw_fastrtps_cpp/cmake)
[2.805s] -- Found OpenSSL: /usr/lib/x86_64-linux-gnu/libcrypto.so (found version "3.0.2")  
[2.879s] -- Found FastRTPS: /opt/ros/humble/include  
[3.019s] -- Using RMW implementation 'rmw_fastrtps_cpp' as default
[3.105s] -- Looking for pthread.h
[3.327s] -- Looking for pthread.h - found
[3.328s] -- Performing Test CMAKE_HAVE_LIBC_PTHREAD
[3.486s] -- Performing Test CMAKE_HAVE_LIBC_PTHREAD - Success
[3.488s] -- Found Threads: TRUE  
[3.871s] -- Found ament_lint_auto: 0.12.4 (/opt/ros/humble/share/ament_lint_auto/cmake)
[4.107s] -- Added test 'cppcheck' to perform static code analysis on C / C++ code
[4.107s] -- Configured cppcheck include dirs: 
[4.107s] -- Configured cppcheck exclude dirs and/or files: 
[4.111s] -- Added test 'lint_cmake' to check CMake code style
[4.114s] -- Added test 'uncrustify' to check C / C++ code style
[4.114s] -- Configured uncrustify additional arguments: 
[4.117s] -- Added test 'xmllint' to check XML markup files
[4.126s] -- Configuring done
[4.146s] -- Generating done
[4.149s] -- Build files have been written to: /home/jishnu/robotics/ros-git/ros2-for-beginners-udemy-course/ros2_ws/src/build/my_cpp_pkg
[4.163s] Invoked command in '/home/jishnu/robotics/ros-git/ros2-for-beginners-udemy-course/ros2_ws/src/build/my_cpp_pkg' returned '0': CMAKE_PREFIX_PATH=${CMAKE_PREFIX_PATH}:/home/jishnu/robotics/ros-git/ros2-for-beginners-udemy-course/ros2_ws/src/install/test_py_pkg:/home/jishnu/robotics/ros-git/ros2-for-beginners-udemy-course/ros2_ws/src/install/my_py_pkg:/home/jishnu/project/moveit-projects/ws_moveit2/install/ros2controlcli:/home/jishnu/project/moveit-projects/ws_moveit2/install/moveit_configs_utils:/home/jishnu/ws_moveit2/install/ros2controlcli:/home/jishnu/ws_moveit2/install/moveit_configs_utils:/opt/ros/humble /usr/bin/cmake /home/jishnu/robotics/ros-git/ros2-for-beginners-udemy-course/ros2_ws/src/my_cpp_pkg -DCMAKE_INSTALL_PREFIX=/home/jishnu/robotics/ros-git/ros2-for-beginners-udemy-course/ros2_ws/src/install/my_cpp_pkg
[4.166s] Invoking command in '/home/jishnu/robotics/ros-git/ros2-for-beginners-udemy-course/ros2_ws/src/build/my_cpp_pkg': CMAKE_PREFIX_PATH=${CMAKE_PREFIX_PATH}:/home/jishnu/robotics/ros-git/ros2-for-beginners-udemy-course/ros2_ws/src/install/test_py_pkg:/home/jishnu/robotics/ros-git/ros2-for-beginners-udemy-course/ros2_ws/src/install/my_py_pkg:/home/jishnu/project/moveit-projects/ws_moveit2/install/ros2controlcli:/home/jishnu/project/moveit-projects/ws_moveit2/install/moveit_configs_utils:/home/jishnu/ws_moveit2/install/ros2controlcli:/home/jishnu/ws_moveit2/install/moveit_configs_utils:/opt/ros/humble /usr/bin/cmake --build /home/jishnu/robotics/ros-git/ros2-for-beginners-udemy-course/ros2_ws/src/build/my_cpp_pkg -- -j8 -l8
[4.280s] [ 50%] [32mBuilding CXX object CMakeFiles/cpp_node.dir/src/my_first_node.cpp.o[0m
[4.280s] [ 50%] [32mBuilding CXX object CMakeFiles/cpp_oops_node.dir/src/cpp_oops_node.cpp.o[0m
[8.671s] [ 75%] [32m[1mLinking CXX executable cpp_oops_node[0m
[8.690s] [100%] [32m[1mLinking CXX executable cpp_node[0m
[8.872s] [100%] Built target cpp_oops_node
[8.882s] [100%] Built target cpp_node
[8.902s] Invoked command in '/home/jishnu/robotics/ros-git/ros2-for-beginners-udemy-course/ros2_ws/src/build/my_cpp_pkg' returned '0': CMAKE_PREFIX_PATH=${CMAKE_PREFIX_PATH}:/home/jishnu/robotics/ros-git/ros2-for-beginners-udemy-course/ros2_ws/src/install/test_py_pkg:/home/jishnu/robotics/ros-git/ros2-for-beginners-udemy-course/ros2_ws/src/install/my_py_pkg:/home/jishnu/project/moveit-projects/ws_moveit2/install/ros2controlcli:/home/jishnu/project/moveit-projects/ws_moveit2/install/moveit_configs_utils:/home/jishnu/ws_moveit2/install/ros2controlcli:/home/jishnu/ws_moveit2/install/moveit_configs_utils:/opt/ros/humble /usr/bin/cmake --build /home/jishnu/robotics/ros-git/ros2-for-beginners-udemy-course/ros2_ws/src/build/my_cpp_pkg -- -j8 -l8
[9.008s] Invoking command in '/home/jishnu/robotics/ros-git/ros2-for-beginners-udemy-course/ros2_ws/src/build/my_cpp_pkg': CMAKE_PREFIX_PATH=${CMAKE_PREFIX_PATH}:/home/jishnu/robotics/ros-git/ros2-for-beginners-udemy-course/ros2_ws/src/install/test_py_pkg:/home/jishnu/robotics/ros-git/ros2-for-beginners-udemy-course/ros2_ws/src/install/my_py_pkg:/home/jishnu/project/moveit-projects/ws_moveit2/install/ros2controlcli:/home/jishnu/project/moveit-projects/ws_moveit2/install/moveit_configs_utils:/home/jishnu/ws_moveit2/install/ros2controlcli:/home/jishnu/ws_moveit2/install/moveit_configs_utils:/opt/ros/humble /usr/bin/cmake --install /home/jishnu/robotics/ros-git/ros2-for-beginners-udemy-course/ros2_ws/src/build/my_cpp_pkg
[9.022s] -- Install configuration: ""
[9.023s] -- Installing: /home/jishnu/robotics/ros-git/ros2-for-beginners-udemy-course/ros2_ws/src/install/my_cpp_pkg/lib/my_cpp_pkg/cpp_node
[9.023s] -- Set runtime path of "/home/jishnu/robotics/ros-git/ros2-for-beginners-udemy-course/ros2_ws/src/install/my_cpp_pkg/lib/my_cpp_pkg/cpp_node" to ""
[9.023s] -- Installing: /home/jishnu/robotics/ros-git/ros2-for-beginners-udemy-course/ros2_ws/src/install/my_cpp_pkg/lib/my_cpp_pkg/cpp_oops_node
[9.024s] -- Set runtime path of "/home/jishnu/robotics/ros-git/ros2-for-beginners-udemy-course/ros2_ws/src/install/my_cpp_pkg/lib/my_cpp_pkg/cpp_oops_node" to ""
[9.024s] -- Installing: /home/jishnu/robotics/ros-git/ros2-for-beginners-udemy-course/ros2_ws/src/install/my_cpp_pkg/share/ament_index/resource_index/package_run_dependencies/my_cpp_pkg
[9.025s] -- Installing: /home/jishnu/robotics/ros-git/ros2-for-beginners-udemy-course/ros2_ws/src/install/my_cpp_pkg/share/ament_index/resource_index/parent_prefix_path/my_cpp_pkg
[9.025s] -- Installing: /home/jishnu/robotics/ros-git/ros2-for-beginners-udemy-course/ros2_ws/src/install/my_cpp_pkg/share/my_cpp_pkg/environment/ament_prefix_path.sh
[9.026s] -- Installing: /home/jishnu/robotics/ros-git/ros2-for-beginners-udemy-course/ros2_ws/src/install/my_cpp_pkg/share/my_cpp_pkg/environment/ament_prefix_path.dsv
[9.026s] -- Installing: /home/jishnu/robotics/ros-git/ros2-for-beginners-udemy-course/ros2_ws/src/install/my_cpp_pkg/share/my_cpp_pkg/environment/path.sh
[9.026s] -- Installing: /home/jishnu/robotics/ros-git/ros2-for-beginners-udemy-course/ros2_ws/src/install/my_cpp_pkg/share/my_cpp_pkg/environment/path.dsv
[9.026s] -- Installing: /home/jishnu/robotics/ros-git/ros2-for-beginners-udemy-course/ros2_ws/src/install/my_cpp_pkg/share/my_cpp_pkg/local_setup.bash
[9.026s] -- Installing: /home/jishnu/robotics/ros-git/ros2-for-beginners-udemy-course/ros2_ws/src/install/my_cpp_pkg/share/my_cpp_pkg/local_setup.sh
[9.026s] -- Installing: /home/jishnu/robotics/ros-git/ros2-for-beginners-udemy-course/ros2_ws/src/install/my_cpp_pkg/share/my_cpp_pkg/local_setup.zsh
[9.027s] -- Installing: /home/jishnu/robotics/ros-git/ros2-for-beginners-udemy-course/ros2_ws/src/install/my_cpp_pkg/share/my_cpp_pkg/local_setup.dsv
[9.027s] -- Installing: /home/jishnu/robotics/ros-git/ros2-for-beginners-udemy-course/ros2_ws/src/install/my_cpp_pkg/share/my_cpp_pkg/package.dsv
[9.027s] -- Installing: /home/jishnu/robotics/ros-git/ros2-for-beginners-udemy-course/ros2_ws/src/install/my_cpp_pkg/share/ament_index/resource_index/packages/my_cpp_pkg
[9.027s] -- Installing: /home/jishnu/robotics/ros-git/ros2-for-beginners-udemy-course/ros2_ws/src/install/my_cpp_pkg/share/my_cpp_pkg/cmake/my_cpp_pkgConfig.cmake
[9.027s] -- Installing: /home/jishnu/robotics/ros-git/ros2-for-beginners-udemy-course/ros2_ws/src/install/my_cpp_pkg/share/my_cpp_pkg/cmake/my_cpp_pkgConfig-version.cmake
[9.027s] -- Installing: /home/jishnu/robotics/ros-git/ros2-for-beginners-udemy-course/ros2_ws/src/install/my_cpp_pkg/share/my_cpp_pkg/package.xml
[9.035s] Invoked command in '/home/jishnu/robotics/ros-git/ros2-for-beginners-udemy-course/ros2_ws/src/build/my_cpp_pkg' returned '0': CMAKE_PREFIX_PATH=${CMAKE_PREFIX_PATH}:/home/jishnu/robotics/ros-git/ros2-for-beginners-udemy-course/ros2_ws/src/install/test_py_pkg:/home/jishnu/robotics/ros-git/ros2-for-beginners-udemy-course/ros2_ws/src/install/my_py_pkg:/home/jishnu/project/moveit-projects/ws_moveit2/install/ros2controlcli:/home/jishnu/project/moveit-projects/ws_moveit2/install/moveit_configs_utils:/home/jishnu/ws_moveit2/install/ros2controlcli:/home/jishnu/ws_moveit2/install/moveit_configs_utils:/opt/ros/humble /usr/bin/cmake --install /home/jishnu/robotics/ros-git/ros2-for-beginners-udemy-course/ros2_ws/src/build/my_cpp_pkg
