[1.731s] Invoking command in '/home/jishnu/project/ros2-project/projects/ros2_ws/build/examples_rclpy_executors': PYTHONPATH=/home/jishnu/project/ros2-project/projects/ros2_ws/install/examples_rclpy_executors/lib/python3.10/site-packages:${PYTHONPATH} /usr/bin/python3 setup.py develop --prefix /home/jishnu/project/ros2-project/projects/ros2_ws/install/examples_rclpy_executors --editable --build-directory /home/jishnu/project/ros2-project/projects/ros2_ws/build/examples_rclpy_executors/build --no-deps install_data --install-dir /home/jishnu/project/ros2-project/projects/ros2_ws/install/examples_rclpy_executors
[2.100s] running develop
[2.103s] /usr/lib/python3/dist-packages/setuptools/command/easy_install.py:158: EasyInstallDeprecationWarning: easy_install command is deprecated. Use build and pip and other standards-based tools.
[2.104s]   warnings.warn(
[2.106s] /usr/lib/python3/dist-packages/setuptools/command/install.py:34: SetuptoolsDeprecationWarning: setup.py install is deprecated. Use build and pip and other standards-based tools.
[2.107s]   warnings.warn(
[2.204s] /usr/lib/python3/dist-packages/pkg_resources/__init__.py:116: PkgResourcesDeprecationWarning: 0.1.43ubuntu1 is an invalid version and will not be supported in a future release
[2.204s]   warnings.warn(
[2.204s] /usr/lib/python3/dist-packages/pkg_resources/__init__.py:116: PkgResourcesDeprecationWarning: 1.1build1 is an invalid version and will not be supported in a future release
[2.204s]   warnings.warn(
[2.419s] running egg_info
[2.420s] creating examples_rclpy_executors.egg-info
[2.420s] writing examples_rclpy_executors.egg-info/PKG-INFO
[2.421s] writing dependency_links to examples_rclpy_executors.egg-info/dependency_links.txt
[2.421s] writing entry points to examples_rclpy_executors.egg-info/entry_points.txt
[2.421s] writing requirements to examples_rclpy_executors.egg-info/requires.txt
[2.421s] writing top-level names to examples_rclpy_executors.egg-info/top_level.txt
[2.421s] writing manifest file 'examples_rclpy_executors.egg-info/SOURCES.txt'
[2.457s] reading manifest file 'examples_rclpy_executors.egg-info/SOURCES.txt'
[2.459s] writing manifest file 'examples_rclpy_executors.egg-info/SOURCES.txt'
[2.461s] running build_ext
[2.461s] Creating /home/jishnu/project/ros2-project/projects/ros2_ws/install/examples_rclpy_executors/lib/python3.10/site-packages/examples-rclpy-executors.egg-link (link to .)
[2.463s] Installing callback_group script to /home/jishnu/project/ros2-project/projects/ros2_ws/install/examples_rclpy_executors/lib/examples_rclpy_executors
[2.463s] Installing composed script to /home/jishnu/project/ros2-project/projects/ros2_ws/install/examples_rclpy_executors/lib/examples_rclpy_executors
[2.463s] Installing custom_callback_group script to /home/jishnu/project/ros2-project/projects/ros2_ws/install/examples_rclpy_executors/lib/examples_rclpy_executors
[2.463s] Installing custom_executor script to /home/jishnu/project/ros2-project/projects/ros2_ws/install/examples_rclpy_executors/lib/examples_rclpy_executors
[2.463s] Installing listener script to /home/jishnu/project/ros2-project/projects/ros2_ws/install/examples_rclpy_executors/lib/examples_rclpy_executors
[2.464s] Installing talker script to /home/jishnu/project/ros2-project/projects/ros2_ws/install/examples_rclpy_executors/lib/examples_rclpy_executors
[2.464s] 
[2.464s] Installed /home/jishnu/project/ros2-project/projects/ros2_ws/build/examples_rclpy_executors
[2.464s] running install_data
[2.464s] creating /home/jishnu/project/ros2-project/projects/ros2_ws/install/examples_rclpy_executors/share/ament_index
[2.537s] creating /home/jishnu/project/ros2-project/projects/ros2_ws/install/examples_rclpy_executors/share/ament_index/resource_index
[2.537s] creating /home/jishnu/project/ros2-project/projects/ros2_ws/install/examples_rclpy_executors/share/ament_index/resource_index/packages
[2.537s] copying resource/examples_rclpy_executors -> /home/jishnu/project/ros2-project/projects/ros2_ws/install/examples_rclpy_executors/share/ament_index/resource_index/packages
[2.537s] copying package.xml -> /home/jishnu/project/ros2-project/projects/ros2_ws/install/examples_rclpy_executors/share/examples_rclpy_executors
[3.157s] Invoked command in '/home/jishnu/project/ros2-project/projects/ros2_ws/build/examples_rclpy_executors' returned '0': PYTHONPATH=/home/jishnu/project/ros2-project/projects/ros2_ws/install/examples_rclpy_executors/lib/python3.10/site-packages:${PYTHONPATH} /usr/bin/python3 setup.py develop --prefix /home/jishnu/project/ros2-project/projects/ros2_ws/install/examples_rclpy_executors --editable --build-directory /home/jishnu/project/ros2-project/projects/ros2_ws/build/examples_rclpy_executors/build --no-deps install_data --install-dir /home/jishnu/project/ros2-project/projects/ros2_ws/install/examples_rclpy_executors
