[0.206s] Invoking command in '/home/jishnu/project/ros2-project/projects/workspace/src/build/tutorial_interfaces': CMAKE_PREFIX_PATH=${CMAKE_PREFIX_PATH}:/home/jishnu/project/ros2-project/projects/workspace/src/install/py_pubsub:/home/jishnu/project/moveit-projects/ws_moveit2/install/ros2controlcli:/home/jishnu/project/moveit-projects/ws_moveit2/install/moveit_configs_utils:/home/jishnu/ws_moveit2/install/ros2controlcli:/home/jishnu/ws_moveit2/install/moveit_configs_utils:/opt/ros/humble /usr/bin/cmake --build /home/jishnu/project/ros2-project/projects/workspace/src/build/tutorial_interfaces -- -j8 -l8
[0.415s] [ 10%] Built target tutorial_interfaces__rosidl_generator_c
[0.432s] [ 12%] Built target tutorial_interfaces__cpp
[0.443s] [ 12%] Built target ament_cmake_python_copy_tutorial_interfaces
[0.516s] [ 23%] Built target tutorial_interfaces__rosidl_typesupport_fastrtps_c
[0.537s] [ 34%] Built target tutorial_interfaces__rosidl_typesupport_introspection_c
[0.566s] [ 44%] Built target tutorial_interfaces__rosidl_typesupport_introspection_cpp
[0.602s] [ 55%] Built target tutorial_interfaces__rosidl_typesupport_c
[0.643s] [ 65%] Built target tutorial_interfaces__rosidl_typesupport_fastrtps_cpp
[0.682s] [ 76%] Built target tutorial_interfaces__rosidl_typesupport_cpp
[0.758s] [ 76%] Built target tutorial_interfaces
[0.822s] [ 78%] Built target tutorial_interfaces__py
[0.874s] [ 87%] Built target tutorial_interfaces__rosidl_generator_py
[0.955s] [ 91%] Built target tutorial_interfaces__rosidl_typesupport_introspection_c__pyext
[1.045s] [ 95%] Built target tutorial_interfaces__rosidl_typesupport_fastrtps_c__pyext
[1.052s] running egg_info
[1.053s] writing tutorial_interfaces.egg-info/PKG-INFO
[1.053s] writing dependency_links to tutorial_interfaces.egg-info/dependency_links.txt
[1.053s] writing top-level names to tutorial_interfaces.egg-info/top_level.txt
[1.057s] reading manifest file 'tutorial_interfaces.egg-info/SOURCES.txt'
[1.058s] writing manifest file 'tutorial_interfaces.egg-info/SOURCES.txt'
[1.066s] [100%] Built target tutorial_interfaces__rosidl_typesupport_c__pyext
[1.128s] [100%] Built target ament_cmake_python_build_tutorial_interfaces_egg
[1.155s] Invoked command in '/home/jishnu/project/ros2-project/projects/workspace/src/build/tutorial_interfaces' returned '0': CMAKE_PREFIX_PATH=${CMAKE_PREFIX_PATH}:/home/jishnu/project/ros2-project/projects/workspace/src/install/py_pubsub:/home/jishnu/project/moveit-projects/ws_moveit2/install/ros2controlcli:/home/jishnu/project/moveit-projects/ws_moveit2/install/moveit_configs_utils:/home/jishnu/ws_moveit2/install/ros2controlcli:/home/jishnu/ws_moveit2/install/moveit_configs_utils:/opt/ros/humble /usr/bin/cmake --build /home/jishnu/project/ros2-project/projects/workspace/src/build/tutorial_interfaces -- -j8 -l8
[2.100s] Invoking command in '/home/jishnu/project/ros2-project/projects/workspace/src/build/tutorial_interfaces': CMAKE_PREFIX_PATH=${CMAKE_PREFIX_PATH}:/home/jishnu/project/ros2-project/projects/workspace/src/install/py_pubsub:/home/jishnu/project/moveit-projects/ws_moveit2/install/ros2controlcli:/home/jishnu/project/moveit-projects/ws_moveit2/install/moveit_configs_utils:/home/jishnu/ws_moveit2/install/ros2controlcli:/home/jishnu/ws_moveit2/install/moveit_configs_utils:/opt/ros/humble /usr/bin/cmake --install /home/jishnu/project/ros2-project/projects/workspace/src/build/tutorial_interfaces
[2.151s] -- Install configuration: ""
[2.152s] -- Up-to-date: /home/jishnu/project/ros2-project/projects/workspace/src/install/tutorial_interfaces/share/ament_index/resource_index/rosidl_interfaces/tutorial_interfaces
[2.153s] -- Up-to-date: /home/jishnu/project/ros2-project/projects/workspace/src/install/tutorial_interfaces/include/tutorial_interfaces/tutorial_interfaces
[2.154s] -- Up-to-date: /home/jishnu/project/ros2-project/projects/workspace/src/install/tutorial_interfaces/include/tutorial_interfaces/tutorial_interfaces/srv
[2.154s] -- Up-to-date: /home/jishnu/project/ros2-project/projects/workspace/src/install/tutorial_interfaces/include/tutorial_interfaces/tutorial_interfaces/srv/detail
[2.154s] -- Up-to-date: /home/jishnu/project/ros2-project/projects/workspace/src/install/tutorial_interfaces/include/tutorial_interfaces/tutorial_interfaces/srv/detail/add_three_ints__functions.h
[2.155s] -- Up-to-date: /home/jishnu/project/ros2-project/projects/workspace/src/install/tutorial_interfaces/include/tutorial_interfaces/tutorial_interfaces/srv/detail/add_three_ints__type_support.h
[2.155s] -- Up-to-date: /home/jishnu/project/ros2-project/projects/workspace/src/install/tutorial_interfaces/include/tutorial_interfaces/tutorial_interfaces/srv/detail/add_three_ints__functions.c
[2.158s] -- Up-to-date: /home/jishnu/project/ros2-project/projects/workspace/src/install/tutorial_interfaces/include/tutorial_interfaces/tutorial_interfaces/srv/detail/add_three_ints__struct.h
[2.158s] -- Up-to-date: /home/jishnu/project/ros2-project/projects/workspace/src/install/tutorial_interfaces/include/tutorial_interfaces/tutorial_interfaces/srv/add_three_ints.h
[2.158s] -- Up-to-date: /home/jishnu/project/ros2-project/projects/workspace/src/install/tutorial_interfaces/include/tutorial_interfaces/tutorial_interfaces/msg
[2.158s] -- Up-to-date: /home/jishnu/project/ros2-project/projects/workspace/src/install/tutorial_interfaces/include/tutorial_interfaces/tutorial_interfaces/msg/rosidl_generator_c__visibility_control.h
[2.158s] -- Up-to-date: /home/jishnu/project/ros2-project/projects/workspace/src/install/tutorial_interfaces/include/tutorial_interfaces/tutorial_interfaces/msg/num.h
[2.158s] -- Up-to-date: /home/jishnu/project/ros2-project/projects/workspace/src/install/tutorial_interfaces/include/tutorial_interfaces/tutorial_interfaces/msg/detail
[2.159s] -- Up-to-date: /home/jishnu/project/ros2-project/projects/workspace/src/install/tutorial_interfaces/include/tutorial_interfaces/tutorial_interfaces/msg/detail/num__functions.h
[2.159s] -- Up-to-date: /home/jishnu/project/ros2-project/projects/workspace/src/install/tutorial_interfaces/include/tutorial_interfaces/tutorial_interfaces/msg/detail/sphere__struct.h
[2.159s] -- Up-to-date: /home/jishnu/project/ros2-project/projects/workspace/src/install/tutorial_interfaces/include/tutorial_interfaces/tutorial_interfaces/msg/detail/sphere__functions.c
[2.160s] -- Up-to-date: /home/jishnu/project/ros2-project/projects/workspace/src/install/tutorial_interfaces/include/tutorial_interfaces/tutorial_interfaces/msg/detail/num__struct.h
[2.160s] -- Up-to-date: /home/jishnu/project/ros2-project/projects/workspace/src/install/tutorial_interfaces/include/tutorial_interfaces/tutorial_interfaces/msg/detail/num__type_support.h
[2.161s] -- Up-to-date: /home/jishnu/project/ros2-project/projects/workspace/src/install/tutorial_interfaces/include/tutorial_interfaces/tutorial_interfaces/msg/detail/sphere__functions.h
[2.161s] -- Up-to-date: /home/jishnu/project/ros2-project/projects/workspace/src/install/tutorial_interfaces/include/tutorial_interfaces/tutorial_interfaces/msg/detail/sphere__type_support.h
[2.161s] -- Up-to-date: /home/jishnu/project/ros2-project/projects/workspace/src/install/tutorial_interfaces/include/tutorial_interfaces/tutorial_interfaces/msg/detail/num__functions.c
[2.161s] -- Up-to-date: /home/jishnu/project/ros2-project/projects/workspace/src/install/tutorial_interfaces/include/tutorial_interfaces/tutorial_interfaces/msg/sphere.h
[2.161s] -- Up-to-date: /home/jishnu/project/ros2-project/projects/workspace/src/install/tutorial_interfaces/share/tutorial_interfaces/environment/library_path.sh
[2.161s] -- Up-to-date: /home/jishnu/project/ros2-project/projects/workspace/src/install/tutorial_interfaces/share/tutorial_interfaces/environment/library_path.dsv
[2.162s] -- Up-to-date: /home/jishnu/project/ros2-project/projects/workspace/src/install/tutorial_interfaces/lib/libtutorial_interfaces__rosidl_generator_c.so
[2.162s] -- Up-to-date: /home/jishnu/project/ros2-project/projects/workspace/src/install/tutorial_interfaces/include/tutorial_interfaces/tutorial_interfaces
[2.162s] -- Up-to-date: /home/jishnu/project/ros2-project/projects/workspace/src/install/tutorial_interfaces/include/tutorial_interfaces/tutorial_interfaces/srv
[2.162s] -- Up-to-date: /home/jishnu/project/ros2-project/projects/workspace/src/install/tutorial_interfaces/include/tutorial_interfaces/tutorial_interfaces/srv/detail
[2.162s] -- Up-to-date: /home/jishnu/project/ros2-project/projects/workspace/src/install/tutorial_interfaces/include/tutorial_interfaces/tutorial_interfaces/srv/detail/add_three_ints__rosidl_typesupport_fastrtps_c.h
[2.162s] -- Up-to-date: /home/jishnu/project/ros2-project/projects/workspace/src/install/tutorial_interfaces/include/tutorial_interfaces/tutorial_interfaces/msg
[2.163s] -- Up-to-date: /home/jishnu/project/ros2-project/projects/workspace/src/install/tutorial_interfaces/include/tutorial_interfaces/tutorial_interfaces/msg/rosidl_typesupport_fastrtps_c__visibility_control.h
[2.163s] -- Up-to-date: /home/jishnu/project/ros2-project/projects/workspace/src/install/tutorial_interfaces/include/tutorial_interfaces/tutorial_interfaces/msg/detail
[2.163s] -- Up-to-date: /home/jishnu/project/ros2-project/projects/workspace/src/install/tutorial_interfaces/include/tutorial_interfaces/tutorial_interfaces/msg/detail/sphere__rosidl_typesupport_fastrtps_c.h
[2.163s] -- Up-to-date: /home/jishnu/project/ros2-project/projects/workspace/src/install/tutorial_interfaces/include/tutorial_interfaces/tutorial_interfaces/msg/detail/num__rosidl_typesupport_fastrtps_c.h
[2.163s] -- Up-to-date: /home/jishnu/project/ros2-project/projects/workspace/src/install/tutorial_interfaces/lib/libtutorial_interfaces__rosidl_typesupport_fastrtps_c.so
[2.164s] -- Up-to-date: /home/jishnu/project/ros2-project/projects/workspace/src/install/tutorial_interfaces/include/tutorial_interfaces/tutorial_interfaces
[2.164s] -- Up-to-date: /home/jishnu/project/ros2-project/projects/workspace/src/install/tutorial_interfaces/include/tutorial_interfaces/tutorial_interfaces/srv
[2.164s] -- Up-to-date: /home/jishnu/project/ros2-project/projects/workspace/src/install/tutorial_interfaces/include/tutorial_interfaces/tutorial_interfaces/srv/add_three_ints.hpp
[2.164s] -- Up-to-date: /home/jishnu/project/ros2-project/projects/workspace/src/install/tutorial_interfaces/include/tutorial_interfaces/tutorial_interfaces/srv/detail
[2.164s] -- Up-to-date: /home/jishnu/project/ros2-project/projects/workspace/src/install/tutorial_interfaces/include/tutorial_interfaces/tutorial_interfaces/srv/detail/add_three_ints__traits.hpp
[2.164s] -- Up-to-date: /home/jishnu/project/ros2-project/projects/workspace/src/install/tutorial_interfaces/include/tutorial_interfaces/tutorial_interfaces/srv/detail/add_three_ints__builder.hpp
[2.165s] -- Up-to-date: /home/jishnu/project/ros2-project/projects/workspace/src/install/tutorial_interfaces/include/tutorial_interfaces/tutorial_interfaces/srv/detail/add_three_ints__struct.hpp
[2.165s] -- Up-to-date: /home/jishnu/project/ros2-project/projects/workspace/src/install/tutorial_interfaces/include/tutorial_interfaces/tutorial_interfaces/msg
[2.165s] -- Up-to-date: /home/jishnu/project/ros2-project/projects/workspace/src/install/tutorial_interfaces/include/tutorial_interfaces/tutorial_interfaces/msg/num.hpp
[2.165s] -- Up-to-date: /home/jishnu/project/ros2-project/projects/workspace/src/install/tutorial_interfaces/include/tutorial_interfaces/tutorial_interfaces/msg/sphere.hpp
[2.165s] -- Up-to-date: /home/jishnu/project/ros2-project/projects/workspace/src/install/tutorial_interfaces/include/tutorial_interfaces/tutorial_interfaces/msg/detail
[2.166s] -- Up-to-date: /home/jishnu/project/ros2-project/projects/workspace/src/install/tutorial_interfaces/include/tutorial_interfaces/tutorial_interfaces/msg/detail/sphere__builder.hpp
[2.166s] -- Up-to-date: /home/jishnu/project/ros2-project/projects/workspace/src/install/tutorial_interfaces/include/tutorial_interfaces/tutorial_interfaces/msg/detail/num__traits.hpp
[2.166s] -- Up-to-date: /home/jishnu/project/ros2-project/projects/workspace/src/install/tutorial_interfaces/include/tutorial_interfaces/tutorial_interfaces/msg/detail/sphere__traits.hpp
[2.167s] -- Up-to-date: /home/jishnu/project/ros2-project/projects/workspace/src/install/tutorial_interfaces/include/tutorial_interfaces/tutorial_interfaces/msg/detail/sphere__struct.hpp
[2.167s] -- Up-to-date: /home/jishnu/project/ros2-project/projects/workspace/src/install/tutorial_interfaces/include/tutorial_interfaces/tutorial_interfaces/msg/detail/num__builder.hpp
[2.167s] -- Up-to-date: /home/jishnu/project/ros2-project/projects/workspace/src/install/tutorial_interfaces/include/tutorial_interfaces/tutorial_interfaces/msg/detail/num__struct.hpp
[2.167s] -- Up-to-date: /home/jishnu/project/ros2-project/projects/workspace/src/install/tutorial_interfaces/include/tutorial_interfaces/tutorial_interfaces
[2.167s] -- Up-to-date: /home/jishnu/project/ros2-project/projects/workspace/src/install/tutorial_interfaces/include/tutorial_interfaces/tutorial_interfaces/srv
[2.167s] -- Up-to-date: /home/jishnu/project/ros2-project/projects/workspace/src/install/tutorial_interfaces/include/tutorial_interfaces/tutorial_interfaces/srv/detail
[2.167s] -- Up-to-date: /home/jishnu/project/ros2-project/projects/workspace/src/install/tutorial_interfaces/include/tutorial_interfaces/tutorial_interfaces/srv/detail/add_three_ints__rosidl_typesupport_fastrtps_cpp.hpp
[2.168s] -- Up-to-date: /home/jishnu/project/ros2-project/projects/workspace/src/install/tutorial_interfaces/include/tutorial_interfaces/tutorial_interfaces/srv/detail/dds_fastrtps
[2.168s] -- Up-to-date: /home/jishnu/project/ros2-project/projects/workspace/src/install/tutorial_interfaces/include/tutorial_interfaces/tutorial_interfaces/msg
[2.168s] -- Up-to-date: /home/jishnu/project/ros2-project/projects/workspace/src/install/tutorial_interfaces/include/tutorial_interfaces/tutorial_interfaces/msg/rosidl_typesupport_fastrtps_cpp__visibility_control.h
[2.168s] -- Up-to-date: /home/jishnu/project/ros2-project/projects/workspace/src/install/tutorial_interfaces/include/tutorial_interfaces/tutorial_interfaces/msg/detail
[2.168s] -- Up-to-date: /home/jishnu/project/ros2-project/projects/workspace/src/install/tutorial_interfaces/include/tutorial_interfaces/tutorial_interfaces/msg/detail/num__rosidl_typesupport_fastrtps_cpp.hpp
[2.168s] -- Up-to-date: /home/jishnu/project/ros2-project/projects/workspace/src/install/tutorial_interfaces/include/tutorial_interfaces/tutorial_interfaces/msg/detail/sphere__rosidl_typesupport_fastrtps_cpp.hpp
[2.168s] -- Up-to-date: /home/jishnu/project/ros2-project/projects/workspace/src/install/tutorial_interfaces/include/tutorial_interfaces/tutorial_interfaces/msg/detail/dds_fastrtps
[2.169s] -- Up-to-date: /home/jishnu/project/ros2-project/projects/workspace/src/install/tutorial_interfaces/lib/libtutorial_interfaces__rosidl_typesupport_fastrtps_cpp.so
[2.169s] -- Up-to-date: /home/jishnu/project/ros2-project/projects/workspace/src/install/tutorial_interfaces/include/tutorial_interfaces/tutorial_interfaces
[2.169s] -- Up-to-date: /home/jishnu/project/ros2-project/projects/workspace/src/install/tutorial_interfaces/include/tutorial_interfaces/tutorial_interfaces/srv
[2.169s] -- Up-to-date: /home/jishnu/project/ros2-project/projects/workspace/src/install/tutorial_interfaces/include/tutorial_interfaces/tutorial_interfaces/srv/detail
[2.169s] -- Up-to-date: /home/jishnu/project/ros2-project/projects/workspace/src/install/tutorial_interfaces/include/tutorial_interfaces/tutorial_interfaces/srv/detail/add_three_ints__type_support.c
[2.169s] -- Up-to-date: /home/jishnu/project/ros2-project/projects/workspace/src/install/tutorial_interfaces/include/tutorial_interfaces/tutorial_interfaces/srv/detail/add_three_ints__rosidl_typesupport_introspection_c.h
[2.169s] -- Up-to-date: /home/jishnu/project/ros2-project/projects/workspace/src/install/tutorial_interfaces/include/tutorial_interfaces/tutorial_interfaces/msg
[2.169s] -- Up-to-date: /home/jishnu/project/ros2-project/projects/workspace/src/install/tutorial_interfaces/include/tutorial_interfaces/tutorial_interfaces/msg/detail
[2.169s] -- Up-to-date: /home/jishnu/project/ros2-project/projects/workspace/src/install/tutorial_interfaces/include/tutorial_interfaces/tutorial_interfaces/msg/detail/num__type_support.c
[2.170s] -- Up-to-date: /home/jishnu/project/ros2-project/projects/workspace/src/install/tutorial_interfaces/include/tutorial_interfaces/tutorial_interfaces/msg/detail/num__rosidl_typesupport_introspection_c.h
[2.170s] -- Up-to-date: /home/jishnu/project/ros2-project/projects/workspace/src/install/tutorial_interfaces/include/tutorial_interfaces/tutorial_interfaces/msg/detail/sphere__rosidl_typesupport_introspection_c.h
[2.170s] -- Up-to-date: /home/jishnu/project/ros2-project/projects/workspace/src/install/tutorial_interfaces/include/tutorial_interfaces/tutorial_interfaces/msg/detail/sphere__type_support.c
[2.170s] -- Up-to-date: /home/jishnu/project/ros2-project/projects/workspace/src/install/tutorial_interfaces/include/tutorial_interfaces/tutorial_interfaces/msg/rosidl_typesupport_introspection_c__visibility_control.h
[2.170s] -- Up-to-date: /home/jishnu/project/ros2-project/projects/workspace/src/install/tutorial_interfaces/lib/libtutorial_interfaces__rosidl_typesupport_introspection_c.so
[2.170s] -- Up-to-date: /home/jishnu/project/ros2-project/projects/workspace/src/install/tutorial_interfaces/lib/libtutorial_interfaces__rosidl_typesupport_c.so
[2.170s] -- Up-to-date: /home/jishnu/project/ros2-project/projects/workspace/src/install/tutorial_interfaces/include/tutorial_interfaces/tutorial_interfaces
[2.170s] -- Up-to-date: /home/jishnu/project/ros2-project/projects/workspace/src/install/tutorial_interfaces/include/tutorial_interfaces/tutorial_interfaces/srv
[2.170s] -- Up-to-date: /home/jishnu/project/ros2-project/projects/workspace/src/install/tutorial_interfaces/include/tutorial_interfaces/tutorial_interfaces/srv/detail
[2.170s] -- Up-to-date: /home/jishnu/project/ros2-project/projects/workspace/src/install/tutorial_interfaces/include/tutorial_interfaces/tutorial_interfaces/srv/detail/add_three_ints__type_support.cpp
[2.171s] -- Up-to-date: /home/jishnu/project/ros2-project/projects/workspace/src/install/tutorial_interfaces/include/tutorial_interfaces/tutorial_interfaces/srv/detail/add_three_ints__rosidl_typesupport_introspection_cpp.hpp
[2.171s] -- Up-to-date: /home/jishnu/project/ros2-project/projects/workspace/src/install/tutorial_interfaces/include/tutorial_interfaces/tutorial_interfaces/msg
[2.171s] -- Up-to-date: /home/jishnu/project/ros2-project/projects/workspace/src/install/tutorial_interfaces/include/tutorial_interfaces/tutorial_interfaces/msg/detail
[2.171s] -- Up-to-date: /home/jishnu/project/ros2-project/projects/workspace/src/install/tutorial_interfaces/include/tutorial_interfaces/tutorial_interfaces/msg/detail/sphere__type_support.cpp
[2.171s] -- Up-to-date: /home/jishnu/project/ros2-project/projects/workspace/src/install/tutorial_interfaces/include/tutorial_interfaces/tutorial_interfaces/msg/detail/num__type_support.cpp
[2.171s] -- Up-to-date: /home/jishnu/project/ros2-project/projects/workspace/src/install/tutorial_interfaces/include/tutorial_interfaces/tutorial_interfaces/msg/detail/num__rosidl_typesupport_introspection_cpp.hpp
[2.171s] -- Up-to-date: /home/jishnu/project/ros2-project/projects/workspace/src/install/tutorial_interfaces/include/tutorial_interfaces/tutorial_interfaces/msg/detail/sphere__rosidl_typesupport_introspection_cpp.hpp
[2.172s] -- Up-to-date: /home/jishnu/project/ros2-project/projects/workspace/src/install/tutorial_interfaces/lib/libtutorial_interfaces__rosidl_typesupport_introspection_cpp.so
[2.172s] -- Up-to-date: /home/jishnu/project/ros2-project/projects/workspace/src/install/tutorial_interfaces/lib/libtutorial_interfaces__rosidl_typesupport_cpp.so
[2.172s] -- Up-to-date: /home/jishnu/project/ros2-project/projects/workspace/src/install/tutorial_interfaces/share/tutorial_interfaces/environment/pythonpath.sh
[2.172s] -- Up-to-date: /home/jishnu/project/ros2-project/projects/workspace/src/install/tutorial_interfaces/share/tutorial_interfaces/environment/pythonpath.dsv
[2.172s] -- Up-to-date: /home/jishnu/project/ros2-project/projects/workspace/src/install/tutorial_interfaces/local/lib/python3.10/dist-packages/tutorial_interfaces-0.0.0-py3.10.egg-info
[2.173s] -- Installing: /home/jishnu/project/ros2-project/projects/workspace/src/install/tutorial_interfaces/local/lib/python3.10/dist-packages/tutorial_interfaces-0.0.0-py3.10.egg-info/top_level.txt
[2.173s] -- Installing: /home/jishnu/project/ros2-project/projects/workspace/src/install/tutorial_interfaces/local/lib/python3.10/dist-packages/tutorial_interfaces-0.0.0-py3.10.egg-info/dependency_links.txt
[2.173s] -- Installing: /home/jishnu/project/ros2-project/projects/workspace/src/install/tutorial_interfaces/local/lib/python3.10/dist-packages/tutorial_interfaces-0.0.0-py3.10.egg-info/SOURCES.txt
[2.173s] -- Installing: /home/jishnu/project/ros2-project/projects/workspace/src/install/tutorial_interfaces/local/lib/python3.10/dist-packages/tutorial_interfaces-0.0.0-py3.10.egg-info/PKG-INFO
[2.173s] -- Up-to-date: /home/jishnu/project/ros2-project/projects/workspace/src/install/tutorial_interfaces/local/lib/python3.10/dist-packages/tutorial_interfaces
[2.174s] -- Up-to-date: /home/jishnu/project/ros2-project/projects/workspace/src/install/tutorial_interfaces/local/lib/python3.10/dist-packages/tutorial_interfaces/srv
[2.174s] -- Up-to-date: /home/jishnu/project/ros2-project/projects/workspace/src/install/tutorial_interfaces/local/lib/python3.10/dist-packages/tutorial_interfaces/srv/__init__.py
[2.174s] -- Up-to-date: /home/jishnu/project/ros2-project/projects/workspace/src/install/tutorial_interfaces/local/lib/python3.10/dist-packages/tutorial_interfaces/srv/_add_three_ints.py
[2.175s] -- Up-to-date: /home/jishnu/project/ros2-project/projects/workspace/src/install/tutorial_interfaces/local/lib/python3.10/dist-packages/tutorial_interfaces/srv/_add_three_ints_s.c
[2.175s] -- Up-to-date: /home/jishnu/project/ros2-project/projects/workspace/src/install/tutorial_interfaces/local/lib/python3.10/dist-packages/tutorial_interfaces/msg
[2.175s] -- Up-to-date: /home/jishnu/project/ros2-project/projects/workspace/src/install/tutorial_interfaces/local/lib/python3.10/dist-packages/tutorial_interfaces/msg/_sphere.py
[2.175s] -- Up-to-date: /home/jishnu/project/ros2-project/projects/workspace/src/install/tutorial_interfaces/local/lib/python3.10/dist-packages/tutorial_interfaces/msg/_num.py
[2.175s] -- Up-to-date: /home/jishnu/project/ros2-project/projects/workspace/src/install/tutorial_interfaces/local/lib/python3.10/dist-packages/tutorial_interfaces/msg/__init__.py
[2.175s] -- Up-to-date: /home/jishnu/project/ros2-project/projects/workspace/src/install/tutorial_interfaces/local/lib/python3.10/dist-packages/tutorial_interfaces/msg/_num_s.c
[2.176s] -- Up-to-date: /home/jishnu/project/ros2-project/projects/workspace/src/install/tutorial_interfaces/local/lib/python3.10/dist-packages/tutorial_interfaces/msg/_sphere_s.c
[2.176s] -- Up-to-date: /home/jishnu/project/ros2-project/projects/workspace/src/install/tutorial_interfaces/local/lib/python3.10/dist-packages/tutorial_interfaces/tutorial_interfaces_s__rosidl_typesupport_introspection_c.cpython-310-x86_64-linux-gnu.so
[2.176s] -- Up-to-date: /home/jishnu/project/ros2-project/projects/workspace/src/install/tutorial_interfaces/local/lib/python3.10/dist-packages/tutorial_interfaces/__init__.py
[2.176s] -- Up-to-date: /home/jishnu/project/ros2-project/projects/workspace/src/install/tutorial_interfaces/local/lib/python3.10/dist-packages/tutorial_interfaces/libtutorial_interfaces__rosidl_generator_py.so
[2.176s] -- Up-to-date: /home/jishnu/project/ros2-project/projects/workspace/src/install/tutorial_interfaces/local/lib/python3.10/dist-packages/tutorial_interfaces/tutorial_interfaces_s__rosidl_typesupport_c.cpython-310-x86_64-linux-gnu.so
[2.176s] -- Up-to-date: /home/jishnu/project/ros2-project/projects/workspace/src/install/tutorial_interfaces/local/lib/python3.10/dist-packages/tutorial_interfaces/_tutorial_interfaces_s.ep.rosidl_typesupport_introspection_c.c
[2.177s] -- Up-to-date: /home/jishnu/project/ros2-project/projects/workspace/src/install/tutorial_interfaces/local/lib/python3.10/dist-packages/tutorial_interfaces/tutorial_interfaces_s__rosidl_typesupport_fastrtps_c.cpython-310-x86_64-linux-gnu.so
[2.177s] -- Up-to-date: /home/jishnu/project/ros2-project/projects/workspace/src/install/tutorial_interfaces/local/lib/python3.10/dist-packages/tutorial_interfaces/_tutorial_interfaces_s.ep.rosidl_typesupport_fastrtps_c.c
[2.177s] -- Up-to-date: /home/jishnu/project/ros2-project/projects/workspace/src/install/tutorial_interfaces/local/lib/python3.10/dist-packages/tutorial_interfaces/_tutorial_interfaces_s.ep.rosidl_typesupport_c.c
[2.235s] Listing '/home/jishnu/project/ros2-project/projects/workspace/src/install/tutorial_interfaces/local/lib/python3.10/dist-packages/tutorial_interfaces'...
[2.236s] Listing '/home/jishnu/project/ros2-project/projects/workspace/src/install/tutorial_interfaces/local/lib/python3.10/dist-packages/tutorial_interfaces/msg'...
[2.236s] Listing '/home/jishnu/project/ros2-project/projects/workspace/src/install/tutorial_interfaces/local/lib/python3.10/dist-packages/tutorial_interfaces/srv'...
[2.240s] -- Up-to-date: /home/jishnu/project/ros2-project/projects/workspace/src/install/tutorial_interfaces/local/lib/python3.10/dist-packages/tutorial_interfaces/tutorial_interfaces_s__rosidl_typesupport_fastrtps_c.cpython-310-x86_64-linux-gnu.so
[2.241s] -- Up-to-date: /home/jishnu/project/ros2-project/projects/workspace/src/install/tutorial_interfaces/local/lib/python3.10/dist-packages/tutorial_interfaces/tutorial_interfaces_s__rosidl_typesupport_introspection_c.cpython-310-x86_64-linux-gnu.so
[2.241s] -- Up-to-date: /home/jishnu/project/ros2-project/projects/workspace/src/install/tutorial_interfaces/local/lib/python3.10/dist-packages/tutorial_interfaces/tutorial_interfaces_s__rosidl_typesupport_c.cpython-310-x86_64-linux-gnu.so
[2.241s] -- Up-to-date: /home/jishnu/project/ros2-project/projects/workspace/src/install/tutorial_interfaces/lib/libtutorial_interfaces__rosidl_generator_py.so
[2.242s] -- Up-to-date: /home/jishnu/project/ros2-project/projects/workspace/src/install/tutorial_interfaces/share/tutorial_interfaces/msg/Num.idl
[2.242s] -- Up-to-date: /home/jishnu/project/ros2-project/projects/workspace/src/install/tutorial_interfaces/share/tutorial_interfaces/msg/Sphere.idl
[2.242s] -- Up-to-date: /home/jishnu/project/ros2-project/projects/workspace/src/install/tutorial_interfaces/share/tutorial_interfaces/srv/AddThreeInts.idl
[2.242s] -- Up-to-date: /home/jishnu/project/ros2-project/projects/workspace/src/install/tutorial_interfaces/share/tutorial_interfaces/msg/Num.msg
[2.242s] -- Up-to-date: /home/jishnu/project/ros2-project/projects/workspace/src/install/tutorial_interfaces/share/tutorial_interfaces/msg/Sphere.msg
[2.242s] -- Up-to-date: /home/jishnu/project/ros2-project/projects/workspace/src/install/tutorial_interfaces/share/tutorial_interfaces/srv/AddThreeInts.srv
[2.243s] -- Up-to-date: /home/jishnu/project/ros2-project/projects/workspace/src/install/tutorial_interfaces/share/tutorial_interfaces/srv/AddThreeInts_Request.msg
[2.243s] -- Up-to-date: /home/jishnu/project/ros2-project/projects/workspace/src/install/tutorial_interfaces/share/tutorial_interfaces/srv/AddThreeInts_Response.msg
[2.243s] -- Up-to-date: /home/jishnu/project/ros2-project/projects/workspace/src/install/tutorial_interfaces/share/ament_index/resource_index/package_run_dependencies/tutorial_interfaces
[2.243s] -- Up-to-date: /home/jishnu/project/ros2-project/projects/workspace/src/install/tutorial_interfaces/share/ament_index/resource_index/parent_prefix_path/tutorial_interfaces
[2.243s] -- Up-to-date: /home/jishnu/project/ros2-project/projects/workspace/src/install/tutorial_interfaces/share/tutorial_interfaces/environment/ament_prefix_path.sh
[2.243s] -- Up-to-date: /home/jishnu/project/ros2-project/projects/workspace/src/install/tutorial_interfaces/share/tutorial_interfaces/environment/ament_prefix_path.dsv
[2.243s] -- Up-to-date: /home/jishnu/project/ros2-project/projects/workspace/src/install/tutorial_interfaces/share/tutorial_interfaces/environment/path.sh
[2.243s] -- Up-to-date: /home/jishnu/project/ros2-project/projects/workspace/src/install/tutorial_interfaces/share/tutorial_interfaces/environment/path.dsv
[2.243s] -- Up-to-date: /home/jishnu/project/ros2-project/projects/workspace/src/install/tutorial_interfaces/share/tutorial_interfaces/local_setup.bash
[2.244s] -- Up-to-date: /home/jishnu/project/ros2-project/projects/workspace/src/install/tutorial_interfaces/share/tutorial_interfaces/local_setup.sh
[2.244s] -- Up-to-date: /home/jishnu/project/ros2-project/projects/workspace/src/install/tutorial_interfaces/share/tutorial_interfaces/local_setup.zsh
[2.244s] -- Up-to-date: /home/jishnu/project/ros2-project/projects/workspace/src/install/tutorial_interfaces/share/tutorial_interfaces/local_setup.dsv
[2.244s] -- Installing: /home/jishnu/project/ros2-project/projects/workspace/src/install/tutorial_interfaces/share/tutorial_interfaces/package.dsv
[2.268s] -- Up-to-date: /home/jishnu/project/ros2-project/projects/workspace/src/install/tutorial_interfaces/share/ament_index/resource_index/packages/tutorial_interfaces
[2.304s] -- Up-to-date: /home/jishnu/project/ros2-project/projects/workspace/src/install/tutorial_interfaces/share/tutorial_interfaces/cmake/export_tutorial_interfaces__rosidl_generator_cExport.cmake
[2.304s] -- Up-to-date: /home/jishnu/project/ros2-project/projects/workspace/src/install/tutorial_interfaces/share/tutorial_interfaces/cmake/export_tutorial_interfaces__rosidl_generator_cExport-noconfig.cmake
[2.314s] -- Up-to-date: /home/jishnu/project/ros2-project/projects/workspace/src/install/tutorial_interfaces/share/tutorial_interfaces/cmake/export_tutorial_interfaces__rosidl_typesupport_fastrtps_cExport.cmake
[2.314s] -- Up-to-date: /home/jishnu/project/ros2-project/projects/workspace/src/install/tutorial_interfaces/share/tutorial_interfaces/cmake/export_tutorial_interfaces__rosidl_typesupport_fastrtps_cExport-noconfig.cmake
[2.336s] -- Up-to-date: /home/jishnu/project/ros2-project/projects/workspace/src/install/tutorial_interfaces/share/tutorial_interfaces/cmake/export_tutorial_interfaces__rosidl_generator_cppExport.cmake
[2.349s] -- Up-to-date: /home/jishnu/project/ros2-project/projects/workspace/src/install/tutorial_interfaces/share/tutorial_interfaces/cmake/export_tutorial_interfaces__rosidl_typesupport_fastrtps_cppExport.cmake
[2.349s] -- Up-to-date: /home/jishnu/project/ros2-project/projects/workspace/src/install/tutorial_interfaces/share/tutorial_interfaces/cmake/export_tutorial_interfaces__rosidl_typesupport_fastrtps_cppExport-noconfig.cmake
[2.360s] -- Up-to-date: /home/jishnu/project/ros2-project/projects/workspace/src/install/tutorial_interfaces/share/tutorial_interfaces/cmake/tutorial_interfaces__rosidl_typesupport_introspection_cExport.cmake
[2.360s] -- Up-to-date: /home/jishnu/project/ros2-project/projects/workspace/src/install/tutorial_interfaces/share/tutorial_interfaces/cmake/tutorial_interfaces__rosidl_typesupport_introspection_cExport-noconfig.cmake
[2.372s] -- Up-to-date: /home/jishnu/project/ros2-project/projects/workspace/src/install/tutorial_interfaces/share/tutorial_interfaces/cmake/tutorial_interfaces__rosidl_typesupport_cExport.cmake
[2.372s] -- Up-to-date: /home/jishnu/project/ros2-project/projects/workspace/src/install/tutorial_interfaces/share/tutorial_interfaces/cmake/tutorial_interfaces__rosidl_typesupport_cExport-noconfig.cmake
[2.395s] -- Up-to-date: /home/jishnu/project/ros2-project/projects/workspace/src/install/tutorial_interfaces/share/tutorial_interfaces/cmake/tutorial_interfaces__rosidl_typesupport_introspection_cppExport.cmake
[2.395s] -- Up-to-date: /home/jishnu/project/ros2-project/projects/workspace/src/install/tutorial_interfaces/share/tutorial_interfaces/cmake/tutorial_interfaces__rosidl_typesupport_introspection_cppExport-noconfig.cmake
[2.411s] -- Up-to-date: /home/jishnu/project/ros2-project/projects/workspace/src/install/tutorial_interfaces/share/tutorial_interfaces/cmake/tutorial_interfaces__rosidl_typesupport_cppExport.cmake
[2.412s] -- Up-to-date: /home/jishnu/project/ros2-project/projects/workspace/src/install/tutorial_interfaces/share/tutorial_interfaces/cmake/tutorial_interfaces__rosidl_typesupport_cppExport-noconfig.cmake
[2.429s] -- Up-to-date: /home/jishnu/project/ros2-project/projects/workspace/src/install/tutorial_interfaces/share/tutorial_interfaces/cmake/export_tutorial_interfaces__rosidl_generator_pyExport.cmake
[2.429s] -- Up-to-date: /home/jishnu/project/ros2-project/projects/workspace/src/install/tutorial_interfaces/share/tutorial_interfaces/cmake/export_tutorial_interfaces__rosidl_generator_pyExport-noconfig.cmake
[2.429s] -- Up-to-date: /home/jishnu/project/ros2-project/projects/workspace/src/install/tutorial_interfaces/share/tutorial_interfaces/cmake/rosidl_cmake-extras.cmake
[2.429s] -- Up-to-date: /home/jishnu/project/ros2-project/projects/workspace/src/install/tutorial_interfaces/share/tutorial_interfaces/cmake/ament_cmake_export_dependencies-extras.cmake
[2.429s] -- Up-to-date: /home/jishnu/project/ros2-project/projects/workspace/src/install/tutorial_interfaces/share/tutorial_interfaces/cmake/ament_cmake_export_include_directories-extras.cmake
[2.429s] -- Up-to-date: /home/jishnu/project/ros2-project/projects/workspace/src/install/tutorial_interfaces/share/tutorial_interfaces/cmake/ament_cmake_export_libraries-extras.cmake
[2.429s] -- Up-to-date: /home/jishnu/project/ros2-project/projects/workspace/src/install/tutorial_interfaces/share/tutorial_interfaces/cmake/ament_cmake_export_targets-extras.cmake
[2.429s] -- Up-to-date: /home/jishnu/project/ros2-project/projects/workspace/src/install/tutorial_interfaces/share/tutorial_interfaces/cmake/rosidl_cmake_export_typesupport_targets-extras.cmake
[2.430s] -- Up-to-date: /home/jishnu/project/ros2-project/projects/workspace/src/install/tutorial_interfaces/share/tutorial_interfaces/cmake/rosidl_cmake_export_typesupport_libraries-extras.cmake
[2.430s] -- Up-to-date: /home/jishnu/project/ros2-project/projects/workspace/src/install/tutorial_interfaces/share/tutorial_interfaces/cmake/tutorial_interfacesConfig.cmake
[2.430s] -- Up-to-date: /home/jishnu/project/ros2-project/projects/workspace/src/install/tutorial_interfaces/share/tutorial_interfaces/cmake/tutorial_interfacesConfig-version.cmake
[2.430s] -- Up-to-date: /home/jishnu/project/ros2-project/projects/workspace/src/install/tutorial_interfaces/share/tutorial_interfaces/package.xml
[2.513s] Invoked command in '/home/jishnu/project/ros2-project/projects/workspace/src/build/tutorial_interfaces' returned '0': CMAKE_PREFIX_PATH=${CMAKE_PREFIX_PATH}:/home/jishnu/project/ros2-project/projects/workspace/src/install/py_pubsub:/home/jishnu/project/moveit-projects/ws_moveit2/install/ros2controlcli:/home/jishnu/project/moveit-projects/ws_moveit2/install/moveit_configs_utils:/home/jishnu/ws_moveit2/install/ros2controlcli:/home/jishnu/ws_moveit2/install/moveit_configs_utils:/opt/ros/humble /usr/bin/cmake --install /home/jishnu/project/ros2-project/projects/workspace/src/build/tutorial_interfaces
