-- The C compiler identification is GNU 11.2.0
-- The CXX compiler identification is GNU 11.2.0
-- Detecting C compiler ABI info
-- Detecting C compiler ABI info - done
-- Check for working C compiler: /usr/bin/cc - skipped
-- Detecting C compile features
-- Detecting C compile features - done
-- Detecting CXX compiler ABI info
-- Detecting CXX compiler ABI info - done
-- Check for working CXX compiler: /usr/bin/c++ - skipped
-- Detecting CXX compile features
-- Detecting CXX compile features - done
-- Found ament_cmake: 1.3.2 (/opt/ros/humble/share/ament_cmake/cmake)
-- Found Python3: /usr/bin/python3.10 (found version "3.10.4") found components: Interpreter 
-- Found rclcpp: 16.0.1 (/opt/ros/humble/share/rclcpp/cmake)
-- Found rosidl_generator_c: 3.1.3 (/opt/ros/humble/share/rosidl_generator_c/cmake)
-- Found rosidl_adapter: 3.1.3 (/opt/ros/humble/share/rosidl_adapter/cmake)
-- Found rosidl_generator_cpp: 3.1.3 (/opt/ros/humble/share/rosidl_generator_cpp/cmake)
-- Using all available rosidl_typesupport_c: rosidl_typesupport_fastrtps_c;rosidl_typesupport_introspection_c
-- Using all available rosidl_typesupport_cpp: rosidl_typesupport_fastrtps_cpp;rosidl_typesupport_introspection_cpp
-- Found rmw_implementation_cmake: 6.1.0 (/opt/ros/humble/share/rmw_implementation_cmake/cmake)
-- Found rmw_fastrtps_cpp: 6.2.1 (/opt/ros/humble/share/rmw_fastrtps_cpp/cmake)
-- Found OpenSSL: /usr/lib/x86_64-linux-gnu/libcrypto.so (found version "3.0.2")  
-- Found FastRTPS: /opt/ros/humble/include  
-- Using RMW implementation 'rmw_fastrtps_cpp' as default
-- Found example_interfaces: 0.9.3 (/opt/ros/humble/share/example_interfaces/cmake)
-- Found ament_lint_auto: 0.12.4 (/opt/ros/humble/share/ament_lint_auto/cmake)
-- Added test 'cppcheck' to perform static code analysis on C / C++ code
-- Configured cppcheck include dirs: 
-- Configured cppcheck exclude dirs and/or files: 
-- Added test 'lint_cmake' to check CMake code style
-- Added test 'uncrustify' to check C / C++ code style
-- Configured uncrustify additional arguments: 
-- Added test 'xmllint' to check XML markup files
-- Configuring done
-- Generating done
-- Build files have been written to: /home/jishnu/project/ros2-project/projects/workspace/src/cpp_srvcli/build/cpp_srvcli
[ 50%] [32mBuilding CXX object CMakeFiles/server.dir/src/add_two_ints_server.cpp.o[0m
[100%] [32m[1mLinking CXX executable server[0m
[100%] Built target server
-- Install configuration: ""
-- Installing: /home/jishnu/project/ros2-project/projects/workspace/src/cpp_srvcli/install/cpp_srvcli/lib/cpp_srvcli/server
-- Set runtime path of "/home/jishnu/project/ros2-project/projects/workspace/src/cpp_srvcli/install/cpp_srvcli/lib/cpp_srvcli/server" to ""
-- Installing: /home/jishnu/project/ros2-project/projects/workspace/src/cpp_srvcli/install/cpp_srvcli/share/ament_index/resource_index/package_run_dependencies/cpp_srvcli
-- Installing: /home/jishnu/project/ros2-project/projects/workspace/src/cpp_srvcli/install/cpp_srvcli/share/ament_index/resource_index/parent_prefix_path/cpp_srvcli
-- Installing: /home/jishnu/project/ros2-project/projects/workspace/src/cpp_srvcli/install/cpp_srvcli/share/cpp_srvcli/environment/ament_prefix_path.sh
-- Installing: /home/jishnu/project/ros2-project/projects/workspace/src/cpp_srvcli/install/cpp_srvcli/share/cpp_srvcli/environment/ament_prefix_path.dsv
-- Installing: /home/jishnu/project/ros2-project/projects/workspace/src/cpp_srvcli/install/cpp_srvcli/share/cpp_srvcli/environment/path.sh
-- Installing: /home/jishnu/project/ros2-project/projects/workspace/src/cpp_srvcli/install/cpp_srvcli/share/cpp_srvcli/environment/path.dsv
-- Installing: /home/jishnu/project/ros2-project/projects/workspace/src/cpp_srvcli/install/cpp_srvcli/share/cpp_srvcli/local_setup.bash
-- Installing: /home/jishnu/project/ros2-project/projects/workspace/src/cpp_srvcli/install/cpp_srvcli/share/cpp_srvcli/local_setup.sh
-- Installing: /home/jishnu/project/ros2-project/projects/workspace/src/cpp_srvcli/install/cpp_srvcli/share/cpp_srvcli/local_setup.zsh
-- Installing: /home/jishnu/project/ros2-project/projects/workspace/src/cpp_srvcli/install/cpp_srvcli/share/cpp_srvcli/local_setup.dsv
-- Installing: /home/jishnu/project/ros2-project/projects/workspace/src/cpp_srvcli/install/cpp_srvcli/share/cpp_srvcli/package.dsv
-- Installing: /home/jishnu/project/ros2-project/projects/workspace/src/cpp_srvcli/install/cpp_srvcli/share/ament_index/resource_index/packages/cpp_srvcli
-- Installing: /home/jishnu/project/ros2-project/projects/workspace/src/cpp_srvcli/install/cpp_srvcli/share/cpp_srvcli/cmake/cpp_srvcliConfig.cmake
-- Installing: /home/jishnu/project/ros2-project/projects/workspace/src/cpp_srvcli/install/cpp_srvcli/share/cpp_srvcli/cmake/cpp_srvcliConfig-version.cmake
-- Installing: /home/jishnu/project/ros2-project/projects/workspace/src/cpp_srvcli/install/cpp_srvcli/share/cpp_srvcli/package.xml
