[0.013s] Invoking command in '/home/jishnu/project/ros2-project/projects/workspace/src/cpp_srvcli/build/cpp_srvcli': CMAKE_PREFIX_PATH=/home/jishnu/project/ros2-project/projects/workspace/src/py_pubsub/install/py_pubsub:/opt/ros/humble /usr/bin/cmake /home/jishnu/project/ros2-project/projects/workspace/src/cpp_srvcli -DCMAKE_INSTALL_PREFIX=/home/jishnu/project/ros2-project/projects/workspace/src/cpp_srvcli/install/cpp_srvcli
[0.048s] -- The C compiler identification is GNU 11.2.0
[0.084s] -- The CXX compiler identification is GNU 11.2.0
[0.089s] -- Detecting C compiler ABI info
[0.134s] -- Detecting C compiler ABI info - done
[0.140s] -- Check for working C compiler: /usr/bin/cc - skipped
[0.140s] -- Detecting C compile features
[0.140s] -- Detecting C compile features - done
[0.143s] -- Detecting CXX compiler ABI info
[0.192s] -- Detecting CXX compiler ABI info - done
[0.198s] -- Check for working CXX compiler: /usr/bin/c++ - skipped
[0.199s] -- Detecting CXX compile features
[0.199s] -- Detecting CXX compile features - done
[0.200s] -- Found ament_cmake: 1.3.2 (/opt/ros/humble/share/ament_cmake/cmake)
[0.343s] -- Found Python3: /usr/bin/python3.10 (found version "3.10.4") found components: Interpreter 
[0.403s] -- Found rclcpp: 16.0.1 (/opt/ros/humble/share/rclcpp/cmake)
[0.450s] -- Found rosidl_generator_c: 3.1.3 (/opt/ros/humble/share/rosidl_generator_c/cmake)
[0.454s] -- Found rosidl_adapter: 3.1.3 (/opt/ros/humble/share/rosidl_adapter/cmake)
[0.460s] -- Found rosidl_generator_cpp: 3.1.3 (/opt/ros/humble/share/rosidl_generator_cpp/cmake)
[0.471s] -- Using all available rosidl_typesupport_c: rosidl_typesupport_fastrtps_c;rosidl_typesupport_introspection_c
[0.487s] -- Using all available rosidl_typesupport_cpp: rosidl_typesupport_fastrtps_cpp;rosidl_typesupport_introspection_cpp
[0.548s] -- Found rmw_implementation_cmake: 6.1.0 (/opt/ros/humble/share/rmw_implementation_cmake/cmake)
[0.550s] -- Found rmw_fastrtps_cpp: 6.2.1 (/opt/ros/humble/share/rmw_fastrtps_cpp/cmake)
[0.618s] -- Found OpenSSL: /usr/lib/x86_64-linux-gnu/libcrypto.so (found version "3.0.2")  
[0.638s] -- Found FastRTPS: /opt/ros/humble/include  
[0.674s] -- Using RMW implementation 'rmw_fastrtps_cpp' as default
[0.826s] -- Found example_interfaces: 0.9.3 (/opt/ros/humble/share/example_interfaces/cmake)
[0.966s] -- Found ament_lint_auto: 0.12.4 (/opt/ros/humble/share/ament_lint_auto/cmake)
[1.039s] -- Added test 'cppcheck' to perform static code analysis on C / C++ code
[1.039s] -- Configured cppcheck include dirs: 
[1.039s] -- Configured cppcheck exclude dirs and/or files: 
[1.040s] -- Added test 'lint_cmake' to check CMake code style
[1.045s] -- Added test 'uncrustify' to check C / C++ code style
[1.046s] -- Configured uncrustify additional arguments: 
[1.046s] -- Added test 'xmllint' to check XML markup files
[1.047s] -- Configuring done
[1.055s] -- Generating done
[1.057s] -- Build files have been written to: /home/jishnu/project/ros2-project/projects/workspace/src/cpp_srvcli/build/cpp_srvcli
[1.063s] Invoked command in '/home/jishnu/project/ros2-project/projects/workspace/src/cpp_srvcli/build/cpp_srvcli' returned '0': CMAKE_PREFIX_PATH=/home/jishnu/project/ros2-project/projects/workspace/src/py_pubsub/install/py_pubsub:/opt/ros/humble /usr/bin/cmake /home/jishnu/project/ros2-project/projects/workspace/src/cpp_srvcli -DCMAKE_INSTALL_PREFIX=/home/jishnu/project/ros2-project/projects/workspace/src/cpp_srvcli/install/cpp_srvcli
[1.065s] Invoking command in '/home/jishnu/project/ros2-project/projects/workspace/src/cpp_srvcli/build/cpp_srvcli': CMAKE_PREFIX_PATH=/home/jishnu/project/ros2-project/projects/workspace/src/py_pubsub/install/py_pubsub:/opt/ros/humble /usr/bin/cmake --build /home/jishnu/project/ros2-project/projects/workspace/src/cpp_srvcli/build/cpp_srvcli -- -j8 -l8
[1.096s] [ 50%] [32mBuilding CXX object CMakeFiles/server.dir/src/add_two_ints_server.cpp.o[0m
[3.750s] [100%] [32m[1mLinking CXX executable server[0m
[3.876s] [100%] Built target server
[3.883s] Invoked command in '/home/jishnu/project/ros2-project/projects/workspace/src/cpp_srvcli/build/cpp_srvcli' returned '0': CMAKE_PREFIX_PATH=/home/jishnu/project/ros2-project/projects/workspace/src/py_pubsub/install/py_pubsub:/opt/ros/humble /usr/bin/cmake --build /home/jishnu/project/ros2-project/projects/workspace/src/cpp_srvcli/build/cpp_srvcli -- -j8 -l8
[3.900s] Invoking command in '/home/jishnu/project/ros2-project/projects/workspace/src/cpp_srvcli/build/cpp_srvcli': CMAKE_PREFIX_PATH=/home/jishnu/project/ros2-project/projects/workspace/src/py_pubsub/install/py_pubsub:/opt/ros/humble /usr/bin/cmake --install /home/jishnu/project/ros2-project/projects/workspace/src/cpp_srvcli/build/cpp_srvcli
[3.905s] -- Install configuration: ""
[3.905s] -- Installing: /home/jishnu/project/ros2-project/projects/workspace/src/cpp_srvcli/install/cpp_srvcli/lib/cpp_srvcli/server
[3.905s] -- Set runtime path of "/home/jishnu/project/ros2-project/projects/workspace/src/cpp_srvcli/install/cpp_srvcli/lib/cpp_srvcli/server" to ""
[3.905s] -- Installing: /home/jishnu/project/ros2-project/projects/workspace/src/cpp_srvcli/install/cpp_srvcli/share/ament_index/resource_index/package_run_dependencies/cpp_srvcli
[3.906s] -- Installing: /home/jishnu/project/ros2-project/projects/workspace/src/cpp_srvcli/install/cpp_srvcli/share/ament_index/resource_index/parent_prefix_path/cpp_srvcli
[3.906s] -- Installing: /home/jishnu/project/ros2-project/projects/workspace/src/cpp_srvcli/install/cpp_srvcli/share/cpp_srvcli/environment/ament_prefix_path.sh
[3.906s] -- Installing: /home/jishnu/project/ros2-project/projects/workspace/src/cpp_srvcli/install/cpp_srvcli/share/cpp_srvcli/environment/ament_prefix_path.dsv
[3.906s] -- Installing: /home/jishnu/project/ros2-project/projects/workspace/src/cpp_srvcli/install/cpp_srvcli/share/cpp_srvcli/environment/path.sh
[3.906s] -- Installing: /home/jishnu/project/ros2-project/projects/workspace/src/cpp_srvcli/install/cpp_srvcli/share/cpp_srvcli/environment/path.dsv
[3.906s] -- Installing: /home/jishnu/project/ros2-project/projects/workspace/src/cpp_srvcli/install/cpp_srvcli/share/cpp_srvcli/local_setup.bash
[3.906s] -- Installing: /home/jishnu/project/ros2-project/projects/workspace/src/cpp_srvcli/install/cpp_srvcli/share/cpp_srvcli/local_setup.sh
[3.907s] -- Installing: /home/jishnu/project/ros2-project/projects/workspace/src/cpp_srvcli/install/cpp_srvcli/share/cpp_srvcli/local_setup.zsh
[3.907s] -- Installing: /home/jishnu/project/ros2-project/projects/workspace/src/cpp_srvcli/install/cpp_srvcli/share/cpp_srvcli/local_setup.dsv
[3.907s] -- Installing: /home/jishnu/project/ros2-project/projects/workspace/src/cpp_srvcli/install/cpp_srvcli/share/cpp_srvcli/package.dsv
[3.907s] -- Installing: /home/jishnu/project/ros2-project/projects/workspace/src/cpp_srvcli/install/cpp_srvcli/share/ament_index/resource_index/packages/cpp_srvcli
[3.907s] -- Installing: /home/jishnu/project/ros2-project/projects/workspace/src/cpp_srvcli/install/cpp_srvcli/share/cpp_srvcli/cmake/cpp_srvcliConfig.cmake
[3.907s] -- Installing: /home/jishnu/project/ros2-project/projects/workspace/src/cpp_srvcli/install/cpp_srvcli/share/cpp_srvcli/cmake/cpp_srvcliConfig-version.cmake
[3.907s] -- Installing: /home/jishnu/project/ros2-project/projects/workspace/src/cpp_srvcli/install/cpp_srvcli/share/cpp_srvcli/package.xml
[3.909s] Invoked command in '/home/jishnu/project/ros2-project/projects/workspace/src/cpp_srvcli/build/cpp_srvcli' returned '0': CMAKE_PREFIX_PATH=/home/jishnu/project/ros2-project/projects/workspace/src/py_pubsub/install/py_pubsub:/opt/ros/humble /usr/bin/cmake --install /home/jishnu/project/ros2-project/projects/workspace/src/cpp_srvcli/build/cpp_srvcli
