[0.030s] Invoking command in '/home/jishnu/project/ros2-project/projects/ros2_ws/build/examples_rclcpp_cbg_executor': CMAKE_PREFIX_PATH=/opt/ros/humble /usr/bin/cmake /home/jishnu/project/ros2-project/projects/ros2_ws/src/examples/rclcpp/executors/cbg_executor -DAMENT_CMAKE_SYMLINK_INSTALL=1 -DCMAKE_INSTALL_PREFIX=/home/jishnu/project/ros2-project/projects/ros2_ws/install/examples_rclcpp_cbg_executor
[0.115s] -- The C compiler identification is GNU 11.2.0
[0.230s] -- The CXX compiler identification is GNU 11.2.0
[0.242s] -- Detecting C compiler ABI info
[0.340s] -- Detecting C compiler ABI info - done
[0.351s] -- Check for working C compiler: /usr/bin/cc - skipped
[0.351s] -- Detecting C compile features
[0.352s] -- Detecting C compile features - done
[0.356s] -- Detecting CXX compiler ABI info
[0.473s] -- Detecting CXX compiler ABI info - done
[0.487s] -- Check for working CXX compiler: /usr/bin/c++ - skipped
[0.488s] -- Detecting CXX compile features
[0.489s] -- Detecting CXX compile features - done
[0.492s] -- Found ament_cmake: 1.3.2 (/opt/ros/humble/share/ament_cmake/cmake)
[0.744s] -- Found Python3: /usr/bin/python3.10 (found version "3.10.4") found components: Interpreter 
[0.830s] -- Override CMake install command with custom implementation using symlinks instead of copying resources
[0.854s] -- Found rclcpp: 16.0.1 (/opt/ros/humble/share/rclcpp/cmake)
[0.912s] -- Found rosidl_generator_c: 3.1.3 (/opt/ros/humble/share/rosidl_generator_c/cmake)
[0.918s] -- Found rosidl_adapter: 3.1.3 (/opt/ros/humble/share/rosidl_adapter/cmake)
[0.929s] -- Found rosidl_generator_cpp: 3.1.3 (/opt/ros/humble/share/rosidl_generator_cpp/cmake)
[0.949s] -- Using all available rosidl_typesupport_c: rosidl_typesupport_fastrtps_c;rosidl_typesupport_introspection_c
[0.978s] -- Using all available rosidl_typesupport_cpp: rosidl_typesupport_fastrtps_cpp;rosidl_typesupport_introspection_cpp
[1.084s] -- Found rmw_implementation_cmake: 6.1.0 (/opt/ros/humble/share/rmw_implementation_cmake/cmake)
[1.088s] -- Found rmw_fastrtps_cpp: 6.2.1 (/opt/ros/humble/share/rmw_fastrtps_cpp/cmake)
[1.253s] -- Found OpenSSL: /usr/lib/x86_64-linux-gnu/libcrypto.so (found version "3.0.2")  
[1.291s] -- Found FastRTPS: /opt/ros/humble/include  
[1.357s] -- Using RMW implementation 'rmw_fastrtps_cpp' as default
[1.634s] -- Found ament_lint_auto: 0.12.4 (/opt/ros/humble/share/ament_lint_auto/cmake)
[1.756s] -- Added test 'copyright' to check source files copyright and LICENSE
[1.758s] -- Added test 'cppcheck' to perform static code analysis on C / C++ code
[1.758s] -- Configured cppcheck include dirs: /home/jishnu/project/ros2-project/projects/ros2_ws/src/examples/rclcpp/executors/cbg_executor/include
[1.760s] -- Configured cppcheck exclude dirs and/or files: 
[1.762s] -- Added test 'cpplint' to check C / C++ code against the Google style
[1.762s] -- Configured cpplint exclude dirs and/or files: 
[1.763s] -- Added test 'lint_cmake' to check CMake code style
[1.764s] -- Added test 'uncrustify' to check C / C++ code style
[1.765s] -- Configured uncrustify additional arguments: 
[1.765s] -- Added test 'xmllint' to check XML markup files
[1.768s] -- Configuring done
[1.788s] -- Generating done
[1.791s] -- Build files have been written to: /home/jishnu/project/ros2-project/projects/ros2_ws/build/examples_rclcpp_cbg_executor
[1.808s] Invoked command in '/home/jishnu/project/ros2-project/projects/ros2_ws/build/examples_rclcpp_cbg_executor' returned '0': CMAKE_PREFIX_PATH=/opt/ros/humble /usr/bin/cmake /home/jishnu/project/ros2-project/projects/ros2_ws/src/examples/rclcpp/executors/cbg_executor -DAMENT_CMAKE_SYMLINK_INSTALL=1 -DCMAKE_INSTALL_PREFIX=/home/jishnu/project/ros2-project/projects/ros2_ws/install/examples_rclcpp_cbg_executor
[1.813s] Invoking command in '/home/jishnu/project/ros2-project/projects/ros2_ws/build/examples_rclcpp_cbg_executor': CMAKE_PREFIX_PATH=/opt/ros/humble /usr/bin/cmake --build /home/jishnu/project/ros2-project/projects/ros2_ws/build/examples_rclcpp_cbg_executor -- -j8 -l8
[1.937s] [ 10%] [32mBuilding CXX object CMakeFiles/ping.dir/src/examples_rclcpp_cbg_executor/ping_node.cpp.o[0m
[1.938s] [ 20%] [32mBuilding CXX object CMakeFiles/ping.dir/src/ping.cpp.o[0m
[1.938s] [ 30%] [32mBuilding CXX object CMakeFiles/pong.dir/src/pong.cpp.o[0m
[1.944s] [ 40%] [32mBuilding CXX object CMakeFiles/pong.dir/src/examples_rclcpp_cbg_executor/pong_node.cpp.o[0m
[1.991s] [ 50%] [32mBuilding CXX object CMakeFiles/ping_pong.dir/src/ping_pong.cpp.o[0m
[1.998s] [ 60%] [32mBuilding CXX object CMakeFiles/ping_pong.dir/src/examples_rclcpp_cbg_executor/ping_node.cpp.o[0m
[2.018s] [ 70%] [32mBuilding CXX object CMakeFiles/ping_pong.dir/src/examples_rclcpp_cbg_executor/pong_node.cpp.o[0m
[29.484s] [ 80%] [32m[1mLinking CXX executable ping[0m
[29.486s] [ 90%] [32m[1mLinking CXX executable pong[0m
[29.625s] [100%] [32m[1mLinking CXX executable ping_pong[0m
[30.446s] [100%] Built target ping
[30.447s] [100%] Built target pong
[30.484s] [100%] Built target ping_pong
[30.495s] Invoked command in '/home/jishnu/project/ros2-project/projects/ros2_ws/build/examples_rclcpp_cbg_executor' returned '0': CMAKE_PREFIX_PATH=/opt/ros/humble /usr/bin/cmake --build /home/jishnu/project/ros2-project/projects/ros2_ws/build/examples_rclcpp_cbg_executor -- -j8 -l8
[31.111s] Invoking command in '/home/jishnu/project/ros2-project/projects/ros2_ws/build/examples_rclcpp_cbg_executor': CMAKE_PREFIX_PATH=/opt/ros/humble /usr/bin/cmake --install /home/jishnu/project/ros2-project/projects/ros2_ws/build/examples_rclcpp_cbg_executor
[31.146s] -- Install configuration: ""
[31.147s] -- Execute custom install script
[31.148s] -- Symlinking: /home/jishnu/project/ros2-project/projects/ros2_ws/install/examples_rclcpp_cbg_executor/lib/examples_rclcpp_cbg_executor/ping
[31.158s] -- Symlinking: /home/jishnu/project/ros2-project/projects/ros2_ws/install/examples_rclcpp_cbg_executor/lib/examples_rclcpp_cbg_executor/pong
[31.169s] -- Symlinking: /home/jishnu/project/ros2-project/projects/ros2_ws/install/examples_rclcpp_cbg_executor/lib/examples_rclcpp_cbg_executor/ping_pong
[31.180s] -- Symlinking: /home/jishnu/project/ros2-project/projects/ros2_ws/install/examples_rclcpp_cbg_executor/include/examples_rclcpp_cbg_executor/ping_node.hpp
[31.190s] -- Symlinking: /home/jishnu/project/ros2-project/projects/ros2_ws/install/examples_rclcpp_cbg_executor/include/examples_rclcpp_cbg_executor/pong_node.hpp
[31.200s] -- Symlinking: /home/jishnu/project/ros2-project/projects/ros2_ws/install/examples_rclcpp_cbg_executor/share/ament_index/resource_index/package_run_dependencies/examples_rclcpp_cbg_executor
[31.237s] -- Symlinking: /home/jishnu/project/ros2-project/projects/ros2_ws/install/examples_rclcpp_cbg_executor/share/ament_index/resource_index/parent_prefix_path/examples_rclcpp_cbg_executor
[31.246s] -- Symlinking: /home/jishnu/project/ros2-project/projects/ros2_ws/install/examples_rclcpp_cbg_executor/share/examples_rclcpp_cbg_executor/environment/ament_prefix_path.sh
[31.256s] -- Symlinking: /home/jishnu/project/ros2-project/projects/ros2_ws/install/examples_rclcpp_cbg_executor/share/examples_rclcpp_cbg_executor/environment/ament_prefix_path.dsv
[31.266s] -- Symlinking: /home/jishnu/project/ros2-project/projects/ros2_ws/install/examples_rclcpp_cbg_executor/share/examples_rclcpp_cbg_executor/environment/path.sh
[31.277s] -- Symlinking: /home/jishnu/project/ros2-project/projects/ros2_ws/install/examples_rclcpp_cbg_executor/share/examples_rclcpp_cbg_executor/environment/path.dsv
[31.286s] -- Symlinking: /home/jishnu/project/ros2-project/projects/ros2_ws/install/examples_rclcpp_cbg_executor/share/examples_rclcpp_cbg_executor/local_setup.bash
[31.296s] -- Symlinking: /home/jishnu/project/ros2-project/projects/ros2_ws/install/examples_rclcpp_cbg_executor/share/examples_rclcpp_cbg_executor/local_setup.sh
[31.305s] -- Symlinking: /home/jishnu/project/ros2-project/projects/ros2_ws/install/examples_rclcpp_cbg_executor/share/examples_rclcpp_cbg_executor/local_setup.zsh
[31.312s] -- Symlinking: /home/jishnu/project/ros2-project/projects/ros2_ws/install/examples_rclcpp_cbg_executor/share/examples_rclcpp_cbg_executor/local_setup.dsv
[31.320s] -- Symlinking: /home/jishnu/project/ros2-project/projects/ros2_ws/install/examples_rclcpp_cbg_executor/share/examples_rclcpp_cbg_executor/package.dsv
[31.328s] -- Symlinking: /home/jishnu/project/ros2-project/projects/ros2_ws/install/examples_rclcpp_cbg_executor/share/ament_index/resource_index/packages/examples_rclcpp_cbg_executor
[31.335s] -- Symlinking: /home/jishnu/project/ros2-project/projects/ros2_ws/install/examples_rclcpp_cbg_executor/share/examples_rclcpp_cbg_executor/cmake/ament_cmake_export_dependencies-extras.cmake
[31.342s] -- Symlinking: /home/jishnu/project/ros2-project/projects/ros2_ws/install/examples_rclcpp_cbg_executor/share/examples_rclcpp_cbg_executor/cmake/examples_rclcpp_cbg_executorConfig.cmake
[31.349s] -- Symlinking: /home/jishnu/project/ros2-project/projects/ros2_ws/install/examples_rclcpp_cbg_executor/share/examples_rclcpp_cbg_executor/cmake/examples_rclcpp_cbg_executorConfig-version.cmake
[31.357s] -- Symlinking: /home/jishnu/project/ros2-project/projects/ros2_ws/install/examples_rclcpp_cbg_executor/share/examples_rclcpp_cbg_executor/package.xml
[31.962s] Invoked command in '/home/jishnu/project/ros2-project/projects/ros2_ws/build/examples_rclcpp_cbg_executor' returned '0': CMAKE_PREFIX_PATH=/opt/ros/humble /usr/bin/cmake --install /home/jishnu/project/ros2-project/projects/ros2_ws/build/examples_rclcpp_cbg_executor
