[0.092s] Invoking command in '/home/jishnu/project/ros2-project/projects/workspace/src/build/more_interfaces': CMAKE_PREFIX_PATH=${CMAKE_PREFIX_PATH}:/home/jishnu/project/ros2-project/projects/workspace/src/install/py_pubsub:/home/jishnu/project/moveit-projects/ws_moveit2/install/ros2controlcli:/home/jishnu/project/moveit-projects/ws_moveit2/install/moveit_configs_utils:/home/jishnu/ws_moveit2/install/ros2controlcli:/home/jishnu/ws_moveit2/install/moveit_configs_utils:/opt/ros/humble /usr/bin/cmake /home/jishnu/project/ros2-project/projects/workspace/src/more_interfaces -DCMAKE_INSTALL_PREFIX=/home/jishnu/project/ros2-project/projects/workspace/src/install/more_interfaces
[2.096s] -- The C compiler identification is GNU 11.3.0
[2.096s] -- The CXX compiler identification is GNU 11.3.0
[2.096s] -- Detecting C compiler ABI info
[2.097s] -- Detecting C compiler ABI info - done
[2.097s] -- Check for working C compiler: /usr/bin/cc - skipped
[2.097s] -- Detecting C compile features
[2.097s] -- Detecting C compile features - done
[2.097s] -- Detecting CXX compiler ABI info
[2.097s] -- Detecting CXX compiler ABI info - done
[2.097s] -- Check for working CXX compiler: /usr/bin/c++ - skipped
[2.097s] -- Detecting CXX compile features
[2.097s] -- Detecting CXX compile features - done
[2.098s] -- Found ament_cmake: 1.3.3 (/opt/ros/humble/share/ament_cmake/cmake)
[2.098s] -- Found Python3: /usr/bin/python3.10 (found version "3.10.6") found components: Interpreter 
[2.098s] -- Found rosidl_default_generators: 1.2.0 (/opt/ros/humble/share/rosidl_default_generators/cmake)
[2.098s] -- Using all available rosidl_typesupport_c: rosidl_typesupport_fastrtps_c;rosidl_typesupport_introspection_c
[2.143s] -- Found rosidl_adapter: 3.1.4 (/opt/ros/humble/share/rosidl_adapter/cmake)
[2.442s] -- Using all available rosidl_typesupport_cpp: rosidl_typesupport_fastrtps_cpp;rosidl_typesupport_introspection_cpp
[2.642s] -- Found rclcpp: 16.0.2 (/opt/ros/humble/share/rclcpp/cmake)
[2.969s] -- Found rmw_implementation_cmake: 6.1.1 (/opt/ros/humble/share/rmw_implementation_cmake/cmake)
[3.000s] -- Found rmw_fastrtps_cpp: 6.2.2 (/opt/ros/humble/share/rmw_fastrtps_cpp/cmake)
[3.409s] -- Found OpenSSL: /usr/lib/x86_64-linux-gnu/libcrypto.so (found version "3.0.2")  
[3.474s] -- Found FastRTPS: /opt/ros/humble/include  
[3.593s] -- Using RMW implementation 'rmw_fastrtps_cpp' as default
[3.639s] -- Looking for pthread.h
[3.817s] -- Looking for pthread.h - found
[3.817s] -- Performing Test CMAKE_HAVE_LIBC_PTHREAD
[3.973s] -- Performing Test CMAKE_HAVE_LIBC_PTHREAD - Success
[3.974s] -- Found Threads: TRUE  
[4.365s] -- Found ament_lint_auto: 0.12.4 (/opt/ros/humble/share/ament_lint_auto/cmake)
[4.974s] -- Found ament_cmake_ros: 0.10.0 (/opt/ros/humble/share/ament_cmake_ros/cmake)
[5.469s] -- Using all available rosidl_typesupport_c: rosidl_typesupport_fastrtps_c;rosidl_typesupport_introspection_c
[6.251s] -- Using all available rosidl_typesupport_cpp: rosidl_typesupport_fastrtps_cpp;rosidl_typesupport_introspection_cpp
[6.405s] -- Found PythonInterp: /usr/bin/python3 (found suitable version "3.10.6", minimum required is "3.6") 
[6.407s] -- Found python_cmake_module: 0.10.0 (/opt/ros/humble/share/python_cmake_module/cmake)
[6.512s] -- Found PythonLibs: /usr/lib/x86_64-linux-gnu/libpython3.10.so (found suitable version "3.10.6", minimum required is "3.5") 
[6.512s] -- Using PYTHON_EXECUTABLE: /usr/bin/python3
[6.512s] -- Using PYTHON_INCLUDE_DIRS: /usr/include/python3.10
[6.513s] -- Using PYTHON_LIBRARIES: /usr/lib/x86_64-linux-gnu/libpython3.10.so
[6.575s] -- Found PythonExtra: .so  
[6.867s] -- Added test 'cppcheck' to perform static code analysis on C / C++ code
[6.868s] -- Configured cppcheck include dirs: 
[6.868s] -- Configured cppcheck exclude dirs and/or files: 
[6.872s] -- Added test 'lint_cmake' to check CMake code style
[6.877s] -- Added test 'uncrustify' to check C / C++ code style
[6.877s] -- Configured uncrustify additional arguments: 
[6.882s] -- Added test 'xmllint' to check XML markup files
[6.893s] -- Configuring done
[7.068s] -- Generating done
[7.076s] -- Build files have been written to: /home/jishnu/project/ros2-project/projects/workspace/src/build/more_interfaces
[7.733s] Invoked command in '/home/jishnu/project/ros2-project/projects/workspace/src/build/more_interfaces' returned '0': CMAKE_PREFIX_PATH=${CMAKE_PREFIX_PATH}:/home/jishnu/project/ros2-project/projects/workspace/src/install/py_pubsub:/home/jishnu/project/moveit-projects/ws_moveit2/install/ros2controlcli:/home/jishnu/project/moveit-projects/ws_moveit2/install/moveit_configs_utils:/home/jishnu/ws_moveit2/install/ros2controlcli:/home/jishnu/ws_moveit2/install/moveit_configs_utils:/opt/ros/humble /usr/bin/cmake /home/jishnu/project/ros2-project/projects/workspace/src/more_interfaces -DCMAKE_INSTALL_PREFIX=/home/jishnu/project/ros2-project/projects/workspace/src/install/more_interfaces
[7.734s] Invoking command in '/home/jishnu/project/ros2-project/projects/workspace/src/build/more_interfaces': CMAKE_PREFIX_PATH=${CMAKE_PREFIX_PATH}:/home/jishnu/project/ros2-project/projects/workspace/src/install/py_pubsub:/home/jishnu/project/moveit-projects/ws_moveit2/install/ros2controlcli:/home/jishnu/project/moveit-projects/ws_moveit2/install/moveit_configs_utils:/home/jishnu/ws_moveit2/install/ros2controlcli:/home/jishnu/ws_moveit2/install/moveit_configs_utils:/opt/ros/humble /usr/bin/cmake --build /home/jishnu/project/ros2-project/projects/workspace/src/build/more_interfaces -- -j8 -l8
[7.996s] [  3%] [34m[1mGenerating C code for ROS interfaces[0m
[8.117s] [  6%] [34m[1mGenerating C++ code for ROS interfaces[0m
[8.224s] [  6%] Built target ament_cmake_python_copy_more_interfaces
[9.488s] [  6%] Built target more_interfaces__cpp
[9.523s] [  9%] [32mBuilding C object CMakeFiles/more_interfaces__rosidl_generator_c.dir/rosidl_generator_c/more_interfaces/msg/detail/motor_driver__functions.c.o[0m
[9.548s] [ 12%] [34m[1mGenerating C++ type support dispatch for ROS interfaces[0m
[9.582s] [ 15%] [34m[1mGenerating C++ introspection for ROS interfaces[0m
[9.598s] [ 18%] [34m[1mGenerating C++ type support for eProsima Fast-RTPS[0m
[9.722s] running egg_info
[9.724s] creating more_interfaces.egg-info
[9.724s] writing more_interfaces.egg-info/PKG-INFO
[9.725s] writing dependency_links to more_interfaces.egg-info/dependency_links.txt
[9.726s] writing top-level names to more_interfaces.egg-info/top_level.txt
[9.726s] writing manifest file 'more_interfaces.egg-info/SOURCES.txt'
[9.730s] reading manifest file 'more_interfaces.egg-info/SOURCES.txt'
[9.731s] writing manifest file 'more_interfaces.egg-info/SOURCES.txt'
[9.752s] [ 21%] [32m[1mLinking C shared library libmore_interfaces__rosidl_generator_c.so[0m
[10.062s] [ 21%] Built target ament_cmake_python_build_more_interfaces_egg
[10.109s] [ 21%] Built target more_interfaces__rosidl_generator_c
[10.211s] [ 24%] [34m[1mGenerating C type support for eProsima Fast-RTPS[0m
[10.231s] [ 27%] [34m[1mGenerating C type support dispatch for ROS interfaces[0m
[10.241s] [ 30%] [34m[1mGenerating C introspection for ROS interfaces[0m
[10.646s] [ 33%] [32mBuilding CXX object CMakeFiles/more_interfaces__rosidl_typesupport_cpp.dir/rosidl_typesupport_cpp/more_interfaces/msg/motor_driver__type_support.cpp.o[0m
[10.697s] [ 36%] [32mBuilding CXX object CMakeFiles/more_interfaces__rosidl_typesupport_introspection_cpp.dir/rosidl_typesupport_introspection_cpp/more_interfaces/msg/detail/motor_driver__type_support.cpp.o[0m
[11.020s] [ 39%] [32mBuilding CXX object CMakeFiles/more_interfaces__rosidl_typesupport_fastrtps_cpp.dir/rosidl_typesupport_fastrtps_cpp/more_interfaces/msg/detail/dds_fastrtps/motor_driver__type_support.cpp.o[0m
[11.454s] [ 42%] [32mBuilding C object CMakeFiles/more_interfaces__rosidl_typesupport_introspection_c.dir/rosidl_typesupport_introspection_c/more_interfaces/msg/detail/motor_driver__type_support.c.o[0m
[11.687s] [ 45%] [32m[1mLinking C shared library libmore_interfaces__rosidl_typesupport_introspection_c.so[0m
[11.771s] [ 48%] [32mBuilding CXX object CMakeFiles/more_interfaces__rosidl_typesupport_fastrtps_c.dir/rosidl_typesupport_fastrtps_c/more_interfaces/msg/detail/motor_driver__type_support_c.cpp.o[0m
[11.836s] [ 51%] [32m[1mLinking CXX shared library libmore_interfaces__rosidl_typesupport_introspection_cpp.so[0m
[11.875s] [ 54%] [32mBuilding CXX object CMakeFiles/more_interfaces__rosidl_typesupport_c.dir/rosidl_typesupport_c/more_interfaces/msg/motor_driver__type_support.cpp.o[0m
[11.988s] [ 54%] Built target more_interfaces__rosidl_typesupport_introspection_c
[12.028s] [ 57%] [32m[1mLinking CXX shared library libmore_interfaces__rosidl_typesupport_cpp.so[0m
[12.158s] [ 60%] [32m[1mLinking CXX shared library libmore_interfaces__rosidl_typesupport_c.so[0m
[12.356s] [ 60%] Built target more_interfaces__rosidl_typesupport_introspection_cpp
[12.395s] [ 60%] Built target more_interfaces__rosidl_typesupport_c
[12.396s] [ 60%] Built target more_interfaces__rosidl_typesupport_cpp
[12.635s] [ 63%] [32mBuilding CXX object CMakeFiles/publish_motor_driver.dir/src/publish_motor_driver.cpp.o[0m
[13.050s] [ 66%] [32m[1mLinking CXX shared library libmore_interfaces__rosidl_typesupport_fastrtps_cpp.so[0m
[13.235s] [ 69%] [32m[1mLinking CXX shared library libmore_interfaces__rosidl_typesupport_fastrtps_c.so[0m
[13.523s] [ 69%] Built target more_interfaces__rosidl_typesupport_fastrtps_cpp
[13.713s] [ 69%] Built target more_interfaces__rosidl_typesupport_fastrtps_c
[13.823s] [ 69%] Built target more_interfaces
[13.943s] [ 72%] [34m[1mGenerating Python code for ROS interfaces[0m
[14.901s] [ 72%] Built target more_interfaces__py
[14.992s] [ 75%] [32mBuilding C object CMakeFiles/more_interfaces__rosidl_generator_py.dir/rosidl_generator_py/more_interfaces/msg/_motor_driver_s.c.o[0m
[15.353s] [ 78%] [32m[1mLinking C shared library rosidl_generator_py/more_interfaces/libmore_interfaces__rosidl_generator_py.so[0m
[15.576s] [ 78%] Built target more_interfaces__rosidl_generator_py
[15.681s] [ 81%] [32mBuilding C object CMakeFiles/more_interfaces__rosidl_typesupport_c__pyext.dir/rosidl_generator_py/more_interfaces/_more_interfaces_s.ep.rosidl_typesupport_c.c.o[0m
[15.706s] [ 84%] [32mBuilding C object CMakeFiles/more_interfaces__rosidl_typesupport_introspection_c__pyext.dir/rosidl_generator_py/more_interfaces/_more_interfaces_s.ep.rosidl_typesupport_introspection_c.c.o[0m
[15.717s] [ 87%] [32mBuilding C object CMakeFiles/more_interfaces__rosidl_typesupport_fastrtps_c__pyext.dir/rosidl_generator_py/more_interfaces/_more_interfaces_s.ep.rosidl_typesupport_fastrtps_c.c.o[0m
[15.954s] [ 90%] [32m[1mLinking C shared library rosidl_generator_py/more_interfaces/more_interfaces_s__rosidl_typesupport_introspection_c.cpython-310-x86_64-linux-gnu.so[0m
[15.957s] [ 93%] [32m[1mLinking C shared library rosidl_generator_py/more_interfaces/more_interfaces_s__rosidl_typesupport_c.cpython-310-x86_64-linux-gnu.so[0m
[15.981s] [ 96%] [32m[1mLinking C shared library rosidl_generator_py/more_interfaces/more_interfaces_s__rosidl_typesupport_fastrtps_c.cpython-310-x86_64-linux-gnu.so[0m
[16.057s] [ 96%] Built target more_interfaces__rosidl_typesupport_introspection_c__pyext
[16.094s] [ 96%] Built target more_interfaces__rosidl_typesupport_c__pyext
[16.111s] [ 96%] Built target more_interfaces__rosidl_typesupport_fastrtps_c__pyext
[19.061s] [100%] [32m[1mLinking CXX executable publish_motor_driver[0m
[19.294s] [100%] Built target publish_motor_driver
[19.313s] Invoked command in '/home/jishnu/project/ros2-project/projects/workspace/src/build/more_interfaces' returned '0': CMAKE_PREFIX_PATH=${CMAKE_PREFIX_PATH}:/home/jishnu/project/ros2-project/projects/workspace/src/install/py_pubsub:/home/jishnu/project/moveit-projects/ws_moveit2/install/ros2controlcli:/home/jishnu/project/moveit-projects/ws_moveit2/install/moveit_configs_utils:/home/jishnu/ws_moveit2/install/ros2controlcli:/home/jishnu/ws_moveit2/install/moveit_configs_utils:/opt/ros/humble /usr/bin/cmake --build /home/jishnu/project/ros2-project/projects/workspace/src/build/more_interfaces -- -j8 -l8
[19.444s] Invoking command in '/home/jishnu/project/ros2-project/projects/workspace/src/build/more_interfaces': CMAKE_PREFIX_PATH=${CMAKE_PREFIX_PATH}:/home/jishnu/project/ros2-project/projects/workspace/src/install/py_pubsub:/home/jishnu/project/moveit-projects/ws_moveit2/install/ros2controlcli:/home/jishnu/project/moveit-projects/ws_moveit2/install/moveit_configs_utils:/home/jishnu/ws_moveit2/install/ros2controlcli:/home/jishnu/ws_moveit2/install/moveit_configs_utils:/opt/ros/humble /usr/bin/cmake --install /home/jishnu/project/ros2-project/projects/workspace/src/build/more_interfaces
[19.454s] -- Install configuration: ""
[19.454s] -- Installing: /home/jishnu/project/ros2-project/projects/workspace/src/install/more_interfaces/share/ament_index/resource_index/rosidl_interfaces/more_interfaces
[19.454s] -- Installing: /home/jishnu/project/ros2-project/projects/workspace/src/install/more_interfaces/include/more_interfaces/more_interfaces
[19.454s] -- Installing: /home/jishnu/project/ros2-project/projects/workspace/src/install/more_interfaces/include/more_interfaces/more_interfaces/msg
[19.454s] -- Installing: /home/jishnu/project/ros2-project/projects/workspace/src/install/more_interfaces/include/more_interfaces/more_interfaces/msg/rosidl_generator_c__visibility_control.h
[19.454s] -- Installing: /home/jishnu/project/ros2-project/projects/workspace/src/install/more_interfaces/include/more_interfaces/more_interfaces/msg/motor_driver.h
[19.454s] -- Installing: /home/jishnu/project/ros2-project/projects/workspace/src/install/more_interfaces/include/more_interfaces/more_interfaces/msg/detail
[19.455s] -- Installing: /home/jishnu/project/ros2-project/projects/workspace/src/install/more_interfaces/include/more_interfaces/more_interfaces/msg/detail/motor_driver__type_support.h
[19.455s] -- Installing: /home/jishnu/project/ros2-project/projects/workspace/src/install/more_interfaces/include/more_interfaces/more_interfaces/msg/detail/motor_driver__functions.h
[19.455s] -- Installing: /home/jishnu/project/ros2-project/projects/workspace/src/install/more_interfaces/include/more_interfaces/more_interfaces/msg/detail/motor_driver__struct.h
[19.455s] -- Installing: /home/jishnu/project/ros2-project/projects/workspace/src/install/more_interfaces/include/more_interfaces/more_interfaces/msg/detail/motor_driver__functions.c
[19.455s] -- Installing: /home/jishnu/project/ros2-project/projects/workspace/src/install/more_interfaces/share/more_interfaces/environment/library_path.sh
[19.455s] -- Installing: /home/jishnu/project/ros2-project/projects/workspace/src/install/more_interfaces/share/more_interfaces/environment/library_path.dsv
[19.455s] -- Installing: /home/jishnu/project/ros2-project/projects/workspace/src/install/more_interfaces/lib/libmore_interfaces__rosidl_generator_c.so
[19.456s] -- Set runtime path of "/home/jishnu/project/ros2-project/projects/workspace/src/install/more_interfaces/lib/libmore_interfaces__rosidl_generator_c.so" to ""
[19.456s] -- Up-to-date: /home/jishnu/project/ros2-project/projects/workspace/src/install/more_interfaces/include/more_interfaces/more_interfaces
[19.456s] -- Up-to-date: /home/jishnu/project/ros2-project/projects/workspace/src/install/more_interfaces/include/more_interfaces/more_interfaces/msg
[19.456s] -- Installing: /home/jishnu/project/ros2-project/projects/workspace/src/install/more_interfaces/include/more_interfaces/more_interfaces/msg/rosidl_typesupport_fastrtps_c__visibility_control.h
[19.456s] -- Up-to-date: /home/jishnu/project/ros2-project/projects/workspace/src/install/more_interfaces/include/more_interfaces/more_interfaces/msg/detail
[19.456s] -- Installing: /home/jishnu/project/ros2-project/projects/workspace/src/install/more_interfaces/include/more_interfaces/more_interfaces/msg/detail/motor_driver__rosidl_typesupport_fastrtps_c.h
[19.456s] -- Installing: /home/jishnu/project/ros2-project/projects/workspace/src/install/more_interfaces/lib/libmore_interfaces__rosidl_typesupport_fastrtps_c.so
[19.456s] -- Set runtime path of "/home/jishnu/project/ros2-project/projects/workspace/src/install/more_interfaces/lib/libmore_interfaces__rosidl_typesupport_fastrtps_c.so" to ""
[19.456s] -- Up-to-date: /home/jishnu/project/ros2-project/projects/workspace/src/install/more_interfaces/include/more_interfaces/more_interfaces
[19.457s] -- Up-to-date: /home/jishnu/project/ros2-project/projects/workspace/src/install/more_interfaces/include/more_interfaces/more_interfaces/msg
[19.457s] -- Up-to-date: /home/jishnu/project/ros2-project/projects/workspace/src/install/more_interfaces/include/more_interfaces/more_interfaces/msg/detail
[19.457s] -- Installing: /home/jishnu/project/ros2-project/projects/workspace/src/install/more_interfaces/include/more_interfaces/more_interfaces/msg/detail/motor_driver__rosidl_typesupport_introspection_c.h
[19.457s] -- Installing: /home/jishnu/project/ros2-project/projects/workspace/src/install/more_interfaces/include/more_interfaces/more_interfaces/msg/detail/motor_driver__type_support.c
[19.457s] -- Installing: /home/jishnu/project/ros2-project/projects/workspace/src/install/more_interfaces/include/more_interfaces/more_interfaces/msg/rosidl_typesupport_introspection_c__visibility_control.h
[19.457s] -- Installing: /home/jishnu/project/ros2-project/projects/workspace/src/install/more_interfaces/lib/libmore_interfaces__rosidl_typesupport_introspection_c.so
[19.457s] -- Set runtime path of "/home/jishnu/project/ros2-project/projects/workspace/src/install/more_interfaces/lib/libmore_interfaces__rosidl_typesupport_introspection_c.so" to ""
[19.457s] -- Installing: /home/jishnu/project/ros2-project/projects/workspace/src/install/more_interfaces/lib/libmore_interfaces__rosidl_typesupport_c.so
[19.458s] -- Set runtime path of "/home/jishnu/project/ros2-project/projects/workspace/src/install/more_interfaces/lib/libmore_interfaces__rosidl_typesupport_c.so" to ""
[19.458s] -- Up-to-date: /home/jishnu/project/ros2-project/projects/workspace/src/install/more_interfaces/include/more_interfaces/more_interfaces
[19.458s] -- Up-to-date: /home/jishnu/project/ros2-project/projects/workspace/src/install/more_interfaces/include/more_interfaces/more_interfaces/msg
[19.458s] -- Installing: /home/jishnu/project/ros2-project/projects/workspace/src/install/more_interfaces/include/more_interfaces/more_interfaces/msg/motor_driver.hpp
[19.458s] -- Up-to-date: /home/jishnu/project/ros2-project/projects/workspace/src/install/more_interfaces/include/more_interfaces/more_interfaces/msg/detail
[19.458s] -- Installing: /home/jishnu/project/ros2-project/projects/workspace/src/install/more_interfaces/include/more_interfaces/more_interfaces/msg/detail/motor_driver__traits.hpp
[19.458s] -- Installing: /home/jishnu/project/ros2-project/projects/workspace/src/install/more_interfaces/include/more_interfaces/more_interfaces/msg/detail/motor_driver__builder.hpp
[19.458s] -- Installing: /home/jishnu/project/ros2-project/projects/workspace/src/install/more_interfaces/include/more_interfaces/more_interfaces/msg/detail/motor_driver__struct.hpp
[19.458s] -- Up-to-date: /home/jishnu/project/ros2-project/projects/workspace/src/install/more_interfaces/include/more_interfaces/more_interfaces
[19.458s] -- Up-to-date: /home/jishnu/project/ros2-project/projects/workspace/src/install/more_interfaces/include/more_interfaces/more_interfaces/msg
[19.458s] -- Installing: /home/jishnu/project/ros2-project/projects/workspace/src/install/more_interfaces/include/more_interfaces/more_interfaces/msg/rosidl_typesupport_fastrtps_cpp__visibility_control.h
[19.458s] -- Up-to-date: /home/jishnu/project/ros2-project/projects/workspace/src/install/more_interfaces/include/more_interfaces/more_interfaces/msg/detail
[19.458s] -- Installing: /home/jishnu/project/ros2-project/projects/workspace/src/install/more_interfaces/include/more_interfaces/more_interfaces/msg/detail/dds_fastrtps
[19.458s] -- Installing: /home/jishnu/project/ros2-project/projects/workspace/src/install/more_interfaces/include/more_interfaces/more_interfaces/msg/detail/motor_driver__rosidl_typesupport_fastrtps_cpp.hpp
[19.459s] -- Installing: /home/jishnu/project/ros2-project/projects/workspace/src/install/more_interfaces/lib/libmore_interfaces__rosidl_typesupport_fastrtps_cpp.so
[19.459s] -- Set runtime path of "/home/jishnu/project/ros2-project/projects/workspace/src/install/more_interfaces/lib/libmore_interfaces__rosidl_typesupport_fastrtps_cpp.so" to ""
[19.459s] -- Up-to-date: /home/jishnu/project/ros2-project/projects/workspace/src/install/more_interfaces/include/more_interfaces/more_interfaces
[19.459s] -- Up-to-date: /home/jishnu/project/ros2-project/projects/workspace/src/install/more_interfaces/include/more_interfaces/more_interfaces/msg
[19.459s] -- Up-to-date: /home/jishnu/project/ros2-project/projects/workspace/src/install/more_interfaces/include/more_interfaces/more_interfaces/msg/detail
[19.459s] -- Installing: /home/jishnu/project/ros2-project/projects/workspace/src/install/more_interfaces/include/more_interfaces/more_interfaces/msg/detail/motor_driver__type_support.cpp
[19.459s] -- Installing: /home/jishnu/project/ros2-project/projects/workspace/src/install/more_interfaces/include/more_interfaces/more_interfaces/msg/detail/motor_driver__rosidl_typesupport_introspection_cpp.hpp
[19.459s] -- Installing: /home/jishnu/project/ros2-project/projects/workspace/src/install/more_interfaces/lib/libmore_interfaces__rosidl_typesupport_introspection_cpp.so
[19.459s] -- Set runtime path of "/home/jishnu/project/ros2-project/projects/workspace/src/install/more_interfaces/lib/libmore_interfaces__rosidl_typesupport_introspection_cpp.so" to ""
[19.460s] -- Installing: /home/jishnu/project/ros2-project/projects/workspace/src/install/more_interfaces/lib/libmore_interfaces__rosidl_typesupport_cpp.so
[19.460s] -- Set runtime path of "/home/jishnu/project/ros2-project/projects/workspace/src/install/more_interfaces/lib/libmore_interfaces__rosidl_typesupport_cpp.so" to ""
[19.460s] -- Installing: /home/jishnu/project/ros2-project/projects/workspace/src/install/more_interfaces/share/more_interfaces/environment/pythonpath.sh
[19.460s] -- Installing: /home/jishnu/project/ros2-project/projects/workspace/src/install/more_interfaces/share/more_interfaces/environment/pythonpath.dsv
[19.460s] -- Installing: /home/jishnu/project/ros2-project/projects/workspace/src/install/more_interfaces/local/lib/python3.10/dist-packages/more_interfaces-0.0.0-py3.10.egg-info
[19.460s] -- Installing: /home/jishnu/project/ros2-project/projects/workspace/src/install/more_interfaces/local/lib/python3.10/dist-packages/more_interfaces-0.0.0-py3.10.egg-info/top_level.txt
[19.460s] -- Installing: /home/jishnu/project/ros2-project/projects/workspace/src/install/more_interfaces/local/lib/python3.10/dist-packages/more_interfaces-0.0.0-py3.10.egg-info/dependency_links.txt
[19.460s] -- Installing: /home/jishnu/project/ros2-project/projects/workspace/src/install/more_interfaces/local/lib/python3.10/dist-packages/more_interfaces-0.0.0-py3.10.egg-info/SOURCES.txt
[19.460s] -- Installing: /home/jishnu/project/ros2-project/projects/workspace/src/install/more_interfaces/local/lib/python3.10/dist-packages/more_interfaces-0.0.0-py3.10.egg-info/PKG-INFO
[19.461s] -- Installing: /home/jishnu/project/ros2-project/projects/workspace/src/install/more_interfaces/local/lib/python3.10/dist-packages/more_interfaces
[19.461s] -- Installing: /home/jishnu/project/ros2-project/projects/workspace/src/install/more_interfaces/local/lib/python3.10/dist-packages/more_interfaces/libmore_interfaces__rosidl_generator_py.so
[19.461s] -- Installing: /home/jishnu/project/ros2-project/projects/workspace/src/install/more_interfaces/local/lib/python3.10/dist-packages/more_interfaces/more_interfaces_s__rosidl_typesupport_fastrtps_c.cpython-310-x86_64-linux-gnu.so
[19.461s] -- Installing: /home/jishnu/project/ros2-project/projects/workspace/src/install/more_interfaces/local/lib/python3.10/dist-packages/more_interfaces/_more_interfaces_s.ep.rosidl_typesupport_introspection_c.c
[19.461s] -- Installing: /home/jishnu/project/ros2-project/projects/workspace/src/install/more_interfaces/local/lib/python3.10/dist-packages/more_interfaces/more_interfaces_s__rosidl_typesupport_introspection_c.cpython-310-x86_64-linux-gnu.so
[19.461s] -- Installing: /home/jishnu/project/ros2-project/projects/workspace/src/install/more_interfaces/local/lib/python3.10/dist-packages/more_interfaces/msg
[19.461s] -- Installing: /home/jishnu/project/ros2-project/projects/workspace/src/install/more_interfaces/local/lib/python3.10/dist-packages/more_interfaces/msg/_motor_driver.py
[19.461s] -- Installing: /home/jishnu/project/ros2-project/projects/workspace/src/install/more_interfaces/local/lib/python3.10/dist-packages/more_interfaces/msg/__init__.py
[19.461s] -- Installing: /home/jishnu/project/ros2-project/projects/workspace/src/install/more_interfaces/local/lib/python3.10/dist-packages/more_interfaces/msg/_motor_driver_s.c
[19.461s] -- Installing: /home/jishnu/project/ros2-project/projects/workspace/src/install/more_interfaces/local/lib/python3.10/dist-packages/more_interfaces/__init__.py
[19.462s] -- Installing: /home/jishnu/project/ros2-project/projects/workspace/src/install/more_interfaces/local/lib/python3.10/dist-packages/more_interfaces/_more_interfaces_s.ep.rosidl_typesupport_c.c
[19.462s] -- Installing: /home/jishnu/project/ros2-project/projects/workspace/src/install/more_interfaces/local/lib/python3.10/dist-packages/more_interfaces/_more_interfaces_s.ep.rosidl_typesupport_fastrtps_c.c
[19.462s] -- Installing: /home/jishnu/project/ros2-project/projects/workspace/src/install/more_interfaces/local/lib/python3.10/dist-packages/more_interfaces/more_interfaces_s__rosidl_typesupport_c.cpython-310-x86_64-linux-gnu.so
[19.509s] Listing '/home/jishnu/project/ros2-project/projects/workspace/src/install/more_interfaces/local/lib/python3.10/dist-packages/more_interfaces'...
[19.509s] Compiling '/home/jishnu/project/ros2-project/projects/workspace/src/install/more_interfaces/local/lib/python3.10/dist-packages/more_interfaces/__init__.py'...
[19.509s] Listing '/home/jishnu/project/ros2-project/projects/workspace/src/install/more_interfaces/local/lib/python3.10/dist-packages/more_interfaces/msg'...
[19.509s] Compiling '/home/jishnu/project/ros2-project/projects/workspace/src/install/more_interfaces/local/lib/python3.10/dist-packages/more_interfaces/msg/__init__.py'...
[19.509s] Compiling '/home/jishnu/project/ros2-project/projects/workspace/src/install/more_interfaces/local/lib/python3.10/dist-packages/more_interfaces/msg/_motor_driver.py'...
[19.514s] -- Installing: /home/jishnu/project/ros2-project/projects/workspace/src/install/more_interfaces/local/lib/python3.10/dist-packages/more_interfaces/more_interfaces_s__rosidl_typesupport_fastrtps_c.cpython-310-x86_64-linux-gnu.so
[19.514s] -- Set runtime path of "/home/jishnu/project/ros2-project/projects/workspace/src/install/more_interfaces/local/lib/python3.10/dist-packages/more_interfaces/more_interfaces_s__rosidl_typesupport_fastrtps_c.cpython-310-x86_64-linux-gnu.so" to ""
[19.515s] -- Installing: /home/jishnu/project/ros2-project/projects/workspace/src/install/more_interfaces/local/lib/python3.10/dist-packages/more_interfaces/more_interfaces_s__rosidl_typesupport_introspection_c.cpython-310-x86_64-linux-gnu.so
[19.515s] -- Set runtime path of "/home/jishnu/project/ros2-project/projects/workspace/src/install/more_interfaces/local/lib/python3.10/dist-packages/more_interfaces/more_interfaces_s__rosidl_typesupport_introspection_c.cpython-310-x86_64-linux-gnu.so" to ""
[19.515s] -- Installing: /home/jishnu/project/ros2-project/projects/workspace/src/install/more_interfaces/local/lib/python3.10/dist-packages/more_interfaces/more_interfaces_s__rosidl_typesupport_c.cpython-310-x86_64-linux-gnu.so
[19.515s] -- Set runtime path of "/home/jishnu/project/ros2-project/projects/workspace/src/install/more_interfaces/local/lib/python3.10/dist-packages/more_interfaces/more_interfaces_s__rosidl_typesupport_c.cpython-310-x86_64-linux-gnu.so" to ""
[19.515s] -- Installing: /home/jishnu/project/ros2-project/projects/workspace/src/install/more_interfaces/lib/libmore_interfaces__rosidl_generator_py.so
[19.515s] -- Set runtime path of "/home/jishnu/project/ros2-project/projects/workspace/src/install/more_interfaces/lib/libmore_interfaces__rosidl_generator_py.so" to ""
[19.515s] -- Installing: /home/jishnu/project/ros2-project/projects/workspace/src/install/more_interfaces/share/more_interfaces/msg/MotorDriver.idl
[19.516s] -- Installing: /home/jishnu/project/ros2-project/projects/workspace/src/install/more_interfaces/share/more_interfaces/msg/MotorDriver.msg
[19.516s] -- Installing: /home/jishnu/project/ros2-project/projects/workspace/src/install/more_interfaces/lib/more_interfaces/publish_motor_driver
[19.517s] -- Set runtime path of "/home/jishnu/project/ros2-project/projects/workspace/src/install/more_interfaces/lib/more_interfaces/publish_motor_driver" to ""
[19.517s] -- Installing: /home/jishnu/project/ros2-project/projects/workspace/src/install/more_interfaces/share/ament_index/resource_index/package_run_dependencies/more_interfaces
[19.517s] -- Installing: /home/jishnu/project/ros2-project/projects/workspace/src/install/more_interfaces/share/ament_index/resource_index/parent_prefix_path/more_interfaces
[19.517s] -- Installing: /home/jishnu/project/ros2-project/projects/workspace/src/install/more_interfaces/share/more_interfaces/environment/ament_prefix_path.sh
[19.517s] -- Installing: /home/jishnu/project/ros2-project/projects/workspace/src/install/more_interfaces/share/more_interfaces/environment/ament_prefix_path.dsv
[19.517s] -- Installing: /home/jishnu/project/ros2-project/projects/workspace/src/install/more_interfaces/share/more_interfaces/environment/path.sh
[19.517s] -- Installing: /home/jishnu/project/ros2-project/projects/workspace/src/install/more_interfaces/share/more_interfaces/environment/path.dsv
[19.518s] -- Installing: /home/jishnu/project/ros2-project/projects/workspace/src/install/more_interfaces/share/more_interfaces/local_setup.bash
[19.518s] -- Installing: /home/jishnu/project/ros2-project/projects/workspace/src/install/more_interfaces/share/more_interfaces/local_setup.sh
[19.518s] -- Installing: /home/jishnu/project/ros2-project/projects/workspace/src/install/more_interfaces/share/more_interfaces/local_setup.zsh
[19.518s] -- Installing: /home/jishnu/project/ros2-project/projects/workspace/src/install/more_interfaces/share/more_interfaces/local_setup.dsv
[19.518s] -- Installing: /home/jishnu/project/ros2-project/projects/workspace/src/install/more_interfaces/share/more_interfaces/package.dsv
[19.518s] -- Installing: /home/jishnu/project/ros2-project/projects/workspace/src/install/more_interfaces/share/ament_index/resource_index/packages/more_interfaces
[19.518s] -- Installing: /home/jishnu/project/ros2-project/projects/workspace/src/install/more_interfaces/share/more_interfaces/cmake/export_more_interfaces__rosidl_generator_cExport.cmake
[19.518s] -- Installing: /home/jishnu/project/ros2-project/projects/workspace/src/install/more_interfaces/share/more_interfaces/cmake/export_more_interfaces__rosidl_generator_cExport-noconfig.cmake
[19.518s] -- Installing: /home/jishnu/project/ros2-project/projects/workspace/src/install/more_interfaces/share/more_interfaces/cmake/export_more_interfaces__rosidl_typesupport_fastrtps_cExport.cmake
[19.519s] -- Installing: /home/jishnu/project/ros2-project/projects/workspace/src/install/more_interfaces/share/more_interfaces/cmake/export_more_interfaces__rosidl_typesupport_fastrtps_cExport-noconfig.cmake
[19.519s] -- Installing: /home/jishnu/project/ros2-project/projects/workspace/src/install/more_interfaces/share/more_interfaces/cmake/more_interfaces__rosidl_typesupport_introspection_cExport.cmake
[19.519s] -- Installing: /home/jishnu/project/ros2-project/projects/workspace/src/install/more_interfaces/share/more_interfaces/cmake/more_interfaces__rosidl_typesupport_introspection_cExport-noconfig.cmake
[19.519s] -- Installing: /home/jishnu/project/ros2-project/projects/workspace/src/install/more_interfaces/share/more_interfaces/cmake/more_interfaces__rosidl_typesupport_cExport.cmake
[19.519s] -- Installing: /home/jishnu/project/ros2-project/projects/workspace/src/install/more_interfaces/share/more_interfaces/cmake/more_interfaces__rosidl_typesupport_cExport-noconfig.cmake
[19.519s] -- Installing: /home/jishnu/project/ros2-project/projects/workspace/src/install/more_interfaces/share/more_interfaces/cmake/export_more_interfaces__rosidl_generator_cppExport.cmake
[19.519s] -- Installing: /home/jishnu/project/ros2-project/projects/workspace/src/install/more_interfaces/share/more_interfaces/cmake/export_more_interfaces__rosidl_typesupport_fastrtps_cppExport.cmake
[19.519s] -- Installing: /home/jishnu/project/ros2-project/projects/workspace/src/install/more_interfaces/share/more_interfaces/cmake/export_more_interfaces__rosidl_typesupport_fastrtps_cppExport-noconfig.cmake
[19.519s] -- Installing: /home/jishnu/project/ros2-project/projects/workspace/src/install/more_interfaces/share/more_interfaces/cmake/more_interfaces__rosidl_typesupport_introspection_cppExport.cmake
[19.520s] -- Installing: /home/jishnu/project/ros2-project/projects/workspace/src/install/more_interfaces/share/more_interfaces/cmake/more_interfaces__rosidl_typesupport_introspection_cppExport-noconfig.cmake
[19.520s] -- Installing: /home/jishnu/project/ros2-project/projects/workspace/src/install/more_interfaces/share/more_interfaces/cmake/more_interfaces__rosidl_typesupport_cppExport.cmake
[19.520s] -- Installing: /home/jishnu/project/ros2-project/projects/workspace/src/install/more_interfaces/share/more_interfaces/cmake/more_interfaces__rosidl_typesupport_cppExport-noconfig.cmake
[19.520s] -- Installing: /home/jishnu/project/ros2-project/projects/workspace/src/install/more_interfaces/share/more_interfaces/cmake/export_more_interfaces__rosidl_generator_pyExport.cmake
[19.520s] -- Installing: /home/jishnu/project/ros2-project/projects/workspace/src/install/more_interfaces/share/more_interfaces/cmake/export_more_interfaces__rosidl_generator_pyExport-noconfig.cmake
[19.520s] -- Installing: /home/jishnu/project/ros2-project/projects/workspace/src/install/more_interfaces/share/more_interfaces/cmake/ament_cmake_export_dependencies-extras.cmake
[19.520s] -- Installing: /home/jishnu/project/ros2-project/projects/workspace/src/install/more_interfaces/share/more_interfaces/cmake/rosidl_cmake-extras.cmake
[19.520s] -- Installing: /home/jishnu/project/ros2-project/projects/workspace/src/install/more_interfaces/share/more_interfaces/cmake/ament_cmake_export_include_directories-extras.cmake
[19.520s] -- Installing: /home/jishnu/project/ros2-project/projects/workspace/src/install/more_interfaces/share/more_interfaces/cmake/ament_cmake_export_libraries-extras.cmake
[19.521s] -- Installing: /home/jishnu/project/ros2-project/projects/workspace/src/install/more_interfaces/share/more_interfaces/cmake/ament_cmake_export_targets-extras.cmake
[19.521s] -- Installing: /home/jishnu/project/ros2-project/projects/workspace/src/install/more_interfaces/share/more_interfaces/cmake/rosidl_cmake_export_typesupport_targets-extras.cmake
[19.521s] -- Installing: /home/jishnu/project/ros2-project/projects/workspace/src/install/more_interfaces/share/more_interfaces/cmake/rosidl_cmake_export_typesupport_libraries-extras.cmake
[19.521s] -- Installing: /home/jishnu/project/ros2-project/projects/workspace/src/install/more_interfaces/share/more_interfaces/cmake/more_interfacesConfig.cmake
[19.521s] -- Installing: /home/jishnu/project/ros2-project/projects/workspace/src/install/more_interfaces/share/more_interfaces/cmake/more_interfacesConfig-version.cmake
[19.521s] -- Installing: /home/jishnu/project/ros2-project/projects/workspace/src/install/more_interfaces/share/more_interfaces/package.xml
[19.526s] Invoked command in '/home/jishnu/project/ros2-project/projects/workspace/src/build/more_interfaces' returned '0': CMAKE_PREFIX_PATH=${CMAKE_PREFIX_PATH}:/home/jishnu/project/ros2-project/projects/workspace/src/install/py_pubsub:/home/jishnu/project/moveit-projects/ws_moveit2/install/ros2controlcli:/home/jishnu/project/moveit-projects/ws_moveit2/install/moveit_configs_utils:/home/jishnu/ws_moveit2/install/ros2controlcli:/home/jishnu/ws_moveit2/install/moveit_configs_utils:/opt/ros/humble /usr/bin/cmake --install /home/jishnu/project/ros2-project/projects/workspace/src/build/more_interfaces
