[0.266s] Invoking command in '/home/jishnu/project/ros2-project/projects/workspace/build/more_interfaces': CMAKE_PREFIX_PATH=${CMAKE_PREFIX_PATH}:/home/jishnu/project/moveit-projects/ws_moveit2/install/ros2controlcli:/home/jishnu/project/moveit-projects/ws_moveit2/install/moveit_configs_utils:/home/jishnu/ws_moveit2/install/ros2controlcli:/home/jishnu/ws_moveit2/install/moveit_configs_utils:/opt/ros/humble /usr/bin/cmake --build /home/jishnu/project/ros2-project/projects/workspace/build/more_interfaces -- -j8 -l8
[0.879s] [  3%] Built target more_interfaces__cpp
[0.879s] [ 12%] Built target more_interfaces__rosidl_generator_c
[0.879s] [ 21%] Built target more_interfaces__rosidl_typesupport_c
[0.880s] [ 30%] Built target more_interfaces__rosidl_typesupport_introspection_c
[0.882s] [ 39%] Built target more_interfaces__rosidl_typesupport_cpp
[0.892s] [ 48%] Built target more_interfaces__rosidl_typesupport_fastrtps_cpp
[0.906s] [ 57%] Built target more_interfaces__rosidl_typesupport_fastrtps_c
[0.924s] [ 66%] Built target more_interfaces__rosidl_typesupport_introspection_cpp
[1.006s] [ 66%] Built target more_interfaces
[1.029s] [ 69%] Built target ament_cmake_python_copy_more_interfaces
[1.031s] [ 72%] Built target publish_motor_driver
[1.072s] [ 75%] Built target more_interfaces__py
[1.203s] [ 81%] Built target more_interfaces__rosidl_generator_py
[1.305s] [ 87%] Built target more_interfaces__rosidl_typesupport_c__pyext
[1.318s] [ 93%] Built target more_interfaces__rosidl_typesupport_fastrtps_c__pyext
[1.328s] [100%] Built target more_interfaces__rosidl_typesupport_introspection_c__pyext
[1.575s] running egg_info
[1.576s] writing more_interfaces.egg-info/PKG-INFO
[1.577s] writing dependency_links to more_interfaces.egg-info/dependency_links.txt
[1.577s] writing top-level names to more_interfaces.egg-info/top_level.txt
[1.582s] reading manifest file 'more_interfaces.egg-info/SOURCES.txt'
[1.583s] writing manifest file 'more_interfaces.egg-info/SOURCES.txt'
[1.632s] [100%] Built target ament_cmake_python_build_more_interfaces_egg
