[ 10%] Built target tutorial_interfaces__rosidl_generator_c
[ 12%] Built target tutorial_interfaces__cpp
[ 23%] Built target tutorial_interfaces__rosidl_typesupport_c
[ 34%] Built target tutorial_interfaces__rosidl_typesupport_introspection_cpp
[ 44%] Built target tutorial_interfaces__rosidl_typesupport_introspection_c
[ 55%] Built target tutorial_interfaces__rosidl_typesupport_fastrtps_cpp
[ 65%] Built target tutorial_interfaces__rosidl_typesupport_fastrtps_c
[ 76%] Built target tutorial_interfaces__rosidl_typesupport_cpp
[ 76%] Built target ament_cmake_python_copy_tutorial_interfaces
[ 76%] Built target tutorial_interfaces
[ 78%] Built target tutorial_interfaces__py
[ 87%] Built target tutorial_interfaces__rosidl_generator_py
[ 95%] Built target tutorial_interfaces__rosidl_typesupport_fastrtps_c__pyext
[ 95%] Built target tutorial_interfaces__rosidl_typesupport_introspection_c__pyext
[100%] Built target tutorial_interfaces__rosidl_typesupport_c__pyext
running egg_info
writing tutorial_interfaces.egg-info/PKG-INFO
writing dependency_links to tutorial_interfaces.egg-info/dependency_links.txt
writing top-level names to tutorial_interfaces.egg-info/top_level.txt
reading manifest file 'tutorial_interfaces.egg-info/SOURCES.txt'
writing manifest file 'tutorial_interfaces.egg-info/SOURCES.txt'
[100%] Built target ament_cmake_python_build_tutorial_interfaces_egg
