[0.285s] Invoking command in '/home/jishnu/project/ros2-project/projects/workspace/build/tutorial_interfaces': CMAKE_PREFIX_PATH=${CMAKE_PREFIX_PATH}:/home/jishnu/project/moveit-projects/ws_moveit2/install/ros2controlcli:/home/jishnu/project/moveit-projects/ws_moveit2/install/moveit_configs_utils:/home/jishnu/ws_moveit2/install/ros2controlcli:/home/jishnu/ws_moveit2/install/moveit_configs_utils:/opt/ros/humble /usr/bin/cmake --build /home/jishnu/project/ros2-project/projects/workspace/build/tutorial_interfaces -- -j8 -l8
[0.957s] [ 10%] Built target tutorial_interfaces__rosidl_generator_c
[0.958s] [ 12%] Built target tutorial_interfaces__cpp
[0.958s] [ 23%] Built target tutorial_interfaces__rosidl_typesupport_c
[0.958s] [ 34%] Built target tutorial_interfaces__rosidl_typesupport_introspection_cpp
[0.958s] [ 44%] Built target tutorial_interfaces__rosidl_typesupport_introspection_c
[0.958s] [ 55%] Built target tutorial_interfaces__rosidl_typesupport_fastrtps_cpp
[0.958s] [ 65%] Built target tutorial_interfaces__rosidl_typesupport_fastrtps_c
[0.959s] [ 76%] Built target tutorial_interfaces__rosidl_typesupport_cpp
[0.959s] [ 76%] Built target ament_cmake_python_copy_tutorial_interfaces
[0.959s] [ 76%] Built target tutorial_interfaces
[0.960s] [ 78%] Built target tutorial_interfaces__py
[1.180s] [ 87%] Built target tutorial_interfaces__rosidl_generator_py
[1.298s] [ 95%] Built target tutorial_interfaces__rosidl_typesupport_fastrtps_c__pyext
[1.302s] [ 95%] Built target tutorial_interfaces__rosidl_typesupport_introspection_c__pyext
[1.321s] [100%] Built target tutorial_interfaces__rosidl_typesupport_c__pyext
[1.326s] running egg_info
[1.328s] writing tutorial_interfaces.egg-info/PKG-INFO
[1.328s] writing dependency_links to tutorial_interfaces.egg-info/dependency_links.txt
[1.329s] writing top-level names to tutorial_interfaces.egg-info/top_level.txt
[1.334s] reading manifest file 'tutorial_interfaces.egg-info/SOURCES.txt'
[1.336s] writing manifest file 'tutorial_interfaces.egg-info/SOURCES.txt'
[1.398s] [100%] Built target ament_cmake_python_build_tutorial_interfaces_egg
[1.557s] Invoked command in '/home/jishnu/project/ros2-project/projects/workspace/build/tutorial_interfaces' returned '0': CMAKE_PREFIX_PATH=${CMAKE_PREFIX_PATH}:/home/jishnu/project/moveit-projects/ws_moveit2/install/ros2controlcli:/home/jishnu/project/moveit-projects/ws_moveit2/install/moveit_configs_utils:/home/jishnu/ws_moveit2/install/ros2controlcli:/home/jishnu/ws_moveit2/install/moveit_configs_utils:/opt/ros/humble /usr/bin/cmake --build /home/jishnu/project/ros2-project/projects/workspace/build/tutorial_interfaces -- -j8 -l8
